#
# A fatal error has been detected by the Java Runtime Environment:
#
#  EXCEPTION_ACCESS_VIOLATION (0xc0000005) at pc=0x000000005b2eb641, pid=6812, tid=0x0000000000001a80
#
# JRE version: OpenJDK Runtime Environment (8.0_202-b03) (build 1.8.0_202-release-1483-b03)
# Java VM: OpenJDK 64-Bit Server VM (25.202-b03 mixed mode windows-amd64 compressed oops)
# Problematic frame:
# V  [jvm.dll+0x48b641]
#
# Failed to write core dump. Minidumps are not enabled by default on client versions of Windows
#
# If you would like to submit a bug report, please visit:
#   http://bugreport.java.com/bugreport/crash.jsp
#

---------------  T H R E A D  ---------------

Current thread (0x0000000016818800):  JavaThread "C2 CompilerThread0" daemon [_thread_in_native, id=6784, stack(0x0000000017e70000,0x0000000017f70000)]

siginfo: ExceptionCode=0xc0000005, reading address 0x0000000000000000

Registers:
RAX=0x0000000000000000, RBX=0x000000001bc24490, RCX=0x0000000017f6c100, RDX=0x0000000000004000
RSP=0x0000000017f6bb40, RBP=0x0000000017f6c100, RSI=0x0000000000000b2b, RDI=0x0000000017f6c120
R8 =0x000000001e7a51e0, R9 =0x0000000000000037, R10=0x0000000000400000, R11=0x0000000000000006
R12=0x000000001e7a51e0, R13=0x0000000000000000, R14=0x000000001e7a2620, R15=0x000000001e2f54a0
RIP=0x000000005b2eb641, EFLAGS=0x0000000000010206

Top of Stack: (sp=0x0000000017f6bb40)
0x0000000017f6bb40:   0000000017f6c100 000000001cfa59b0
0x0000000017f6bb50:   0000000017f6c100 000000005b2f8d2b
0x0000000017f6bb60:   0000000017f6c100 000000005b2f3cfb
0x0000000017f6bb70:   000000001e7a2620 00000000000000c9
0x0000000017f6bb80:   0000000017f6c100 0000000000000160
0x0000000017f6bb90:   0000000017f6c100 000000001e2f54a0
0x0000000017f6bba0:   0000000017f6c100 0000000000000160
0x0000000017f6bbb0:   0000000017f6bcc8 0000000017f6c100
0x0000000017f6bbc0:   00000000000000c9 000000001e7a2620
0x0000000017f6bbd0:   00000000000001ff 0000000017f6c100
0x0000000017f6bbe0:   000000001e7a2620 000000005b2f9004
0x0000000017f6bbf0:   000000001e7a2620 00000000000000c9
0x0000000017f6bc00:   0000000017f6c100 0000000017f6bcc8
0x0000000017f6bc10:   000000001e2f54a0 0000000000000004
0x0000000017f6bc20:   0000000017f6bd18 000000005b2f9a9d
0x0000000017f6bc30:   0000000017f6bd18 00000000000000c9 

Instructions: (pc=0x000000005b2eb641)
0x000000005b2eb621:   28 8b 51 28 48 8d 79 20 3b f2 73 0a 48 8b 47 10
0x000000005b2eb631:   48 8b 1c f0 eb 02 33 db 48 83 e3 fe 48 8b 43 08
0x000000005b2eb641:   48 83 38 00 75 34 8b 43 28 3b c2 73 0c 8b c8 48
0x000000005b2eb651:   8b 47 10 48 8b 1c c8 eb 02 33 db 48 83 e3 fe 48 


Register to memory mapping:

RAX=0x0000000000000000 is an unknown value
RBX=0x000000001bc24490 is an unknown value
RCX=0x0000000017f6c100 is pointing into the stack for thread: 0x0000000016818800
RDX=0x0000000000004000 is an unknown value
RSP=0x0000000017f6bb40 is pointing into the stack for thread: 0x0000000016818800
RBP=0x0000000017f6c100 is pointing into the stack for thread: 0x0000000016818800
RSI=0x0000000000000b2b is an unknown value
RDI=0x0000000017f6c120 is pointing into the stack for thread: 0x0000000016818800
R8 =0x000000001e7a51e0 is an unknown value
R9 =0x0000000000000037 is an unknown value
R10=0x0000000000400000 is an unknown value
R11=0x0000000000000006 is an unknown value
R12=0x000000001e7a51e0 is an unknown value
R13=0x0000000000000000 is an unknown value
R14=0x000000001e7a2620 is an unknown value
R15=0x000000001e2f54a0 is an unknown value


Stack: [0x0000000017e70000,0x0000000017f70000],  sp=0x0000000017f6bb40,  free space=1006k
Native frames: (J=compiled Java code, j=interpreted, Vv=VM code, C=native code)
V  [jvm.dll+0x48b641]
V  [jvm.dll+0x493cfb]
V  [jvm.dll+0x499004]
V  [jvm.dll+0x499a9d]
V  [jvm.dll+0x492d7b]
V  [jvm.dll+0x443400]
V  [jvm.dll+0x444224]
V  [jvm.dll+0x4273d2]
V  [jvm.dll+0x8215f]
V  [jvm.dll+0x82abf]
V  [jvm.dll+0x21db7f]
V  [jvm.dll+0x26f5ba]
C  [msvcr100.dll+0x21d9f]
C  [msvcr100.dll+0x21e3b]
C  [KERNEL32.DLL+0x16fd4]
C  [ntdll.dll+0x4cf31]


Current CompileTask:
C2:   9616 3268       4       groovy.lang.MetaClassImpl$1MOPIter::methodNameAction (325 bytes)


---------------  P R O C E S S  ---------------

Java Threads: ( => current thread )
  0x0000000019b69000 JavaThread "Build operations Thread 4" [_thread_blocked, id=2020, stack(0x0000000021470000,0x0000000021570000)]
  0x0000000019b6b800 JavaThread "Build operations Thread 3" [_thread_blocked, id=9044, stack(0x0000000021370000,0x0000000021470000)]
  0x0000000019b68800 JavaThread "Build operations Thread 2" [_thread_blocked, id=964, stack(0x0000000021270000,0x0000000021370000)]
  0x0000000019b67800 JavaThread "Build operations" [_thread_blocked, id=6760, stack(0x0000000021170000,0x0000000021270000)]
  0x0000000019b6d000 JavaThread "Cache worker for execution history cache (C:\Users\HP\.gradle\wrapper\dists\gradle-2.14.1-all\caches\5.4.1\executionHistory)" [_thread_blocked, id=8336, stack(0x000000001ecd0000,0x000000001edd0000)]
  0x0000000019b61000 JavaThread "Cache worker for cache directory md-rule (C:\Users\HP\.gradle\wrapper\dists\gradle-2.14.1-all\caches\5.4.1\md-rule)" [_thread_blocked, id=1492, stack(0x000000001f2a0000,0x000000001f3a0000)]
  0x0000000019b65800 JavaThread "Cache worker for cache directory md-supplier (C:\Users\HP\.gradle\wrapper\dists\gradle-2.14.1-all\caches\5.4.1\md-supplier)" [_thread_blocked, id=6508, stack(0x000000001ea30000,0x000000001eb30000)]
  0x0000000019b63000 JavaThread "Cache worker for file hash cache (C:\Users\HP\AndroidStudioProjects\Quizzer\.gradle\5.4.1\fileHashes)" [_thread_blocked, id=7180, stack(0x000000001ebd0000,0x000000001ecd0000)]
  0x0000000019b5f800 JavaThread "Cache worker for journal cache (C:\Users\HP\.gradle\wrapper\dists\gradle-2.14.1-all\caches\journal-1)" [_thread_blocked, id=6676, stack(0x000000001b3c0000,0x000000001b4c0000)]
  0x0000000018e18800 JavaThread "File lock request listener" [_thread_in_native, id=6164, stack(0x000000001b2c0000,0x000000001b3c0000)]
  0x0000000018e17000 JavaThread "Cache worker for file hash cache (C:\Users\HP\.gradle\wrapper\dists\gradle-2.14.1-all\caches\5.4.1\fileHashes)" [_thread_blocked, id=1436, stack(0x000000001b1c0000,0x000000001b2c0000)]
  0x0000000018e13000 JavaThread "Thread-9" [_thread_blocked, id=9024, stack(0x000000001b0c0000,0x000000001b1c0000)]
  0x0000000018e16000 JavaThread "Stdin handler" [_thread_blocked, id=8900, stack(0x000000001afc0000,0x000000001b0c0000)]
  0x0000000018e15800 JavaThread "Asynchronous log dispatcher for DefaultDaemonConnection: socket connection from /127.0.0.1:49856 to /127.0.0.1:49857" [_thread_blocked, id=8984, stack(0x000000001aec0000,0x000000001afc0000)]
  0x0000000018e12800 JavaThread "Daemon worker" [_thread_in_vm, id=6488, stack(0x000000001adc0000,0x000000001aec0000)]
  0x0000000018e14800 JavaThread "Cancel handler" [_thread_blocked, id=9016, stack(0x000000001acc0000,0x000000001adc0000)]
  0x0000000018e14000 JavaThread "Handler for socket connection from /127.0.0.1:49856 to /127.0.0.1:49857" [_thread_in_native, id=9012, stack(0x000000001a9c0000,0x000000001aac0000)]
  0x0000000018e19000 JavaThread "Daemon" [_thread_blocked, id=8996, stack(0x000000001a8c0000,0x000000001a9c0000)]
  0x0000000018227000 JavaThread "Daemon periodic checks" [_thread_blocked, id=8992, stack(0x000000001a7c0000,0x000000001a8c0000)]
  0x000000001891d800 JavaThread "Incoming local TCP Connector on port 49856" [_thread_in_native, id=8980, stack(0x000000001a580000,0x000000001a680000)]
  0x0000000018362000 JavaThread "Daemon health stats" [_thread_blocked, id=8976, stack(0x0000000019f40000,0x000000001a040000)]
  0x0000000018190800 JavaThread "Service Thread" daemon [_thread_blocked, id=8956, stack(0x0000000018570000,0x0000000018670000)]
  0x000000001681b000 JavaThread "C1 CompilerThread2" daemon [_thread_blocked, id=8948, stack(0x0000000018070000,0x0000000018170000)]
  0x000000001680d000 JavaThread "C2 CompilerThread1" daemon [_thread_in_native, id=8944, stack(0x0000000017f70000,0x0000000018070000)]
=>0x0000000016818800 JavaThread "C2 CompilerThread0" daemon [_thread_in_native, id=6784, stack(0x0000000017e70000,0x0000000017f70000)]
  0x0000000016817800 JavaThread "Attach Listener" daemon [_thread_blocked, id=6736, stack(0x0000000017d70000,0x0000000017e70000)]
  0x0000000016816000 JavaThread "Signal Dispatcher" daemon [_thread_blocked, id=6252, stack(0x0000000017c70000,0x0000000017d70000)]
  0x0000000002e1d800 JavaThread "Finalizer" daemon [_thread_blocked, id=6944, stack(0x0000000017a70000,0x0000000017b70000)]
  0x00000000167f9000 JavaThread "Reference Handler" daemon [_thread_blocked, id=8936, stack(0x0000000017970000,0x0000000017a70000)]
  0x0000000002e9d800 JavaThread "main" [_thread_blocked, id=8912, stack(0x0000000002c00000,0x0000000002d00000)]

Other Threads:
  0x00000000167d7000 VMThread [stack: 0x0000000017870000,0x0000000017970000] [id=8932]
  0x000000001686d000 WatcherThread [stack: 0x0000000018670000,0x0000000018770000] [id=8952]

VM state:not at safepoint (normal execution)

VM Mutex/Monitor currently owned by a thread: None

heap address: 0x00000000a0000000, size: 1536 MB, Compressed Oops mode: 32-bit
Narrow klass base: 0x0000000000000000, Narrow klass shift: 3
Compressed class space size: 1073741824 Address: 0x0000000100000000

Heap:
 PSYoungGen      total 114176K, used 16231K [0x00000000e0000000, 0x00000000ea100000, 0x0000000100000000)
  eden space 102912K, 15% used [0x00000000e0000000,0x00000000e0fd9e68,0x00000000e6480000)
  from space 11264K, 0% used [0x00000000e6480000,0x00000000e6480000,0x00000000e6f80000)
  to   space 12288K, 0% used [0x00000000e9500000,0x00000000e9500000,0x00000000ea100000)
 ParOldGen       total 94720K, used 17979K [0x00000000a0000000, 0x00000000a5c80000, 0x00000000e0000000)
  object space 94720K, 18% used [0x00000000a0000000,0x00000000a118ec90,0x00000000a5c80000)
 Metaspace       used 37590K, capacity 38356K, committed 38528K, reserved 1083392K
  class space    used 5159K, capacity 5380K, committed 5504K, reserved 1048576K

Card table byte_map: [0x0000000012260000,0x0000000012570000] byte_map_base: 0x0000000011d60000

Marking Bits: (ParMarkBitMap*) 0x000000005b629f30
 Begin Bits: [0x0000000012b70000, 0x0000000014370000)
 End Bits:   [0x0000000014370000, 0x0000000015b70000)

Polling page: 0x0000000000e70000

CodeCache: size=245760Kb used=11407Kb max_used=11419Kb free=234352Kb
 bounds [0x0000000002ea0000, 0x00000000039d0000, 0x0000000011ea0000]
 total_blobs=4014 nmethods=3289 adapters=638
 compilation: enabled

Compilation events (10 events):
Event: 9.519 Thread 0x000000001681b000 3458  s!   3       sun.net.www.protocol.file.Handler::openConnection (269 bytes)
Event: 9.523 Thread 0x000000001681b000 nmethod 3458 0x00000000039bbbd0 code [0x00000000039bc060, 0x00000000039bef88]
Event: 9.523 Thread 0x000000001681b000 3459       3       sun.net.www.protocol.file.Handler::createFileURLConnection (10 bytes)
Event: 9.523 Thread 0x000000001681b000 nmethod 3459 0x00000000039c0c50 code [0x00000000039c0dc0, 0x00000000039c0fa8]
Event: 9.524 Thread 0x000000001680d000 3460       4       jdk.internal.org.objectweb.asm.Item::<init> (66 bytes)
Event: 9.525 Thread 0x000000001680d000 nmethod 3460 0x00000000039c3d10 code [0x00000000039c3e40, 0x00000000039c3ef8]
Event: 9.525 Thread 0x000000001681b000 3461       1       java.util.Formatter::access$000 (5 bytes)
Event: 9.525 Thread 0x000000001681b000 nmethod 3461 0x00000000039c3a50 code [0x00000000039c3ba0, 0x00000000039c3c90]
Event: 9.526 Thread 0x000000001681b000 3462       3       java.util.regex.Pattern$CharProperty$1::isSatisfiedBy (17 bytes)
Event: 9.527 Thread 0x000000001681b000 nmethod 3462 0x00000000039c35d0 code [0x00000000039c3740, 0x00000000039c39a8]

GC Heap History (10 events):
Event: 5.136 GC heap before
{Heap before GC invocations=7 (full 1):
 PSYoungGen      total 77312K, used 7565K [0x00000000e0000000, 0x00000000e5600000, 0x0000000100000000)
  eden space 66560K, 0% used [0x00000000e0000000,0x00000000e0000000,0x00000000e4100000)
  from space 10752K, 70% used [0x00000000e4b80000,0x00000000e52e3758,0x00000000e5600000)
  to   space 10752K, 0% used [0x00000000e4100000,0x00000000e4100000,0x00000000e4b80000)
 ParOldGen       total 87552K, used 8573K [0x00000000a0000000, 0x00000000a5580000, 0x00000000e0000000)
  object space 87552K, 9% used [0x00000000a0000000,0x00000000a085f5e0,0x00000000a5580000)
 Metaspace       used 20675K, capacity 21138K, committed 21296K, reserved 1067008K
  class space    used 2954K, capacity 3119K, committed 3200K, reserved 1048576K
Event: 5.209 GC heap after
Heap after GC invocations=7 (full 1):
 PSYoungGen      total 77312K, used 0K [0x00000000e0000000, 0x00000000e5600000, 0x0000000100000000)
  eden space 66560K, 0% used [0x00000000e0000000,0x00000000e0000000,0x00000000e4100000)
  from space 10752K, 0% used [0x00000000e4b80000,0x00000000e4b80000,0x00000000e5600000)
  to   space 10752K, 0% used [0x00000000e4100000,0x00000000e4100000,0x00000000e4b80000)
 ParOldGen       total 61440K, used 8732K [0x00000000a0000000, 0x00000000a3c00000, 0x00000000e0000000)
  object space 61440K, 14% used [0x00000000a0000000,0x00000000a08871e8,0x00000000a3c00000)
 Metaspace       used 20675K, capacity 21138K, committed 21296K, reserved 1067008K
  class space    used 2954K, capacity 3119K, committed 3200K, reserved 1048576K
}
Event: 6.422 GC heap before
{Heap before GC invocations=8 (full 1):
 PSYoungGen      total 77312K, used 66560K [0x00000000e0000000, 0x00000000e5600000, 0x0000000100000000)
  eden space 66560K, 100% used [0x00000000e0000000,0x00000000e4100000,0x00000000e4100000)
  from space 10752K, 0% used [0x00000000e4b80000,0x00000000e4b80000,0x00000000e5600000)
  to   space 10752K, 0% used [0x00000000e4100000,0x00000000e4100000,0x00000000e4b80000)
 ParOldGen       total 61440K, used 8732K [0x00000000a0000000, 0x00000000a3c00000, 0x00000000e0000000)
  object space 61440K, 14% used [0x00000000a0000000,0x00000000a08871e8,0x00000000a3c00000)
 Metaspace       used 29014K, capacity 29542K, committed 29696K, reserved 1075200K
  class space    used 3918K, capacity 4096K, committed 4096K, reserved 1048576K
Event: 6.436 GC heap after
Heap after GC invocations=8 (full 1):
 PSYoungGen      total 77312K, used 8042K [0x00000000e0000000, 0x00000000e7a00000, 0x0000000100000000)
  eden space 66560K, 0% used [0x00000000e0000000,0x00000000e0000000,0x00000000e4100000)
  from space 10752K, 74% used [0x00000000e4100000,0x00000000e48da8b8,0x00000000e4b80000)
  to   space 10752K, 0% used [0x00000000e6f80000,0x00000000e6f80000,0x00000000e7a00000)
 ParOldGen       total 61440K, used 8740K [0x00000000a0000000, 0x00000000a3c00000, 0x00000000e0000000)
  object space 61440K, 14% used [0x00000000a0000000,0x00000000a08891e8,0x00000000a3c00000)
 Metaspace       used 29014K, capacity 29542K, committed 29696K, reserved 1075200K
  class space    used 3918K, capacity 4096K, committed 4096K, reserved 1048576K
}
Event: 7.557 GC heap before
{Heap before GC invocations=9 (full 1):
 PSYoungGen      total 77312K, used 74602K [0x00000000e0000000, 0x00000000e7a00000, 0x0000000100000000)
  eden space 66560K, 100% used [0x00000000e0000000,0x00000000e4100000,0x00000000e4100000)
  from space 10752K, 74% used [0x00000000e4100000,0x00000000e48da8b8,0x00000000e4b80000)
  to   space 10752K, 0% used [0x00000000e6f80000,0x00000000e6f80000,0x00000000e7a00000)
 ParOldGen       total 61440K, used 8740K [0x00000000a0000000, 0x00000000a3c00000, 0x00000000e0000000)
  object space 61440K, 14% used [0x00000000a0000000,0x00000000a08891e8,0x00000000a3c00000)
 Metaspace       used 32300K, capacity 32778K, committed 33152K, reserved 1077248K
  class space    used 4454K, capacity 4620K, committed 4736K, reserved 1048576K
Event: 7.598 GC heap after
Heap after GC invocations=9 (full 1):
 PSYoungGen      total 113664K, used 8615K [0x00000000e0000000, 0x00000000e7f00000, 0x0000000100000000)
  eden space 102912K, 0% used [0x00000000e0000000,0x00000000e0000000,0x00000000e6480000)
  from space 10752K, 80% used [0x00000000e6f80000,0x00000000e77e9f50,0x00000000e7a00000)
  to   space 11264K, 0% used [0x00000000e6480000,0x00000000e6480000,0x00000000e6f80000)
 ParOldGen       total 61440K, used 8740K [0x00000000a0000000, 0x00000000a3c00000, 0x00000000e0000000)
  object space 61440K, 14% used [0x00000000a0000000,0x00000000a08891e8,0x00000000a3c00000)
 Metaspace       used 32300K, capacity 32778K, committed 33152K, reserved 1077248K
  class space    used 4454K, capacity 4620K, committed 4736K, reserved 1048576K
}
Event: 9.062 GC heap before
{Heap before GC invocations=10 (full 1):
 PSYoungGen      total 113664K, used 60654K [0x00000000e0000000, 0x00000000e7f00000, 0x0000000100000000)
  eden space 102912K, 50% used [0x00000000e0000000,0x00000000e32d1c98,0x00000000e6480000)
  from space 10752K, 80% used [0x00000000e6f80000,0x00000000e77e9f50,0x00000000e7a00000)
  to   space 11264K, 0% used [0x00000000e6480000,0x00000000e6480000,0x00000000e6f80000)
 ParOldGen       total 61440K, used 8740K [0x00000000a0000000, 0x00000000a3c00000, 0x00000000e0000000)
  object space 61440K, 14% used [0x00000000a0000000,0x00000000a08891e8,0x00000000a3c00000)
 Metaspace       used 34690K, capacity 35360K, committed 35456K, reserved 1079296K
  class space    used 4773K, capacity 4956K, committed 4992K, reserved 1048576K
Event: 9.088 GC heap after
Heap after GC invocations=10 (full 1):
 PSYoungGen      total 114176K, used 10960K [0x00000000e0000000, 0x00000000ea100000, 0x0000000100000000)
  eden space 102912K, 0% used [0x00000000e0000000,0x00000000e0000000,0x00000000e6480000)
  from space 11264K, 97% used [0x00000000e6480000,0x00000000e6f342c8,0x00000000e6f80000)
  to   space 12288K, 0% used [0x00000000e9500000,0x00000000e9500000,0x00000000ea100000)
 ParOldGen       total 61440K, used 8748K [0x00000000a0000000, 0x00000000a3c00000, 0x00000000e0000000)
  object space 61440K, 14% used [0x00000000a0000000,0x00000000a088b1e8,0x00000000a3c00000)
 Metaspace       used 34690K, capacity 35360K, committed 35456K, reserved 1079296K
  class space    used 4773K, capacity 4956K, committed 4992K, reserved 1048576K
}
Event: 9.088 GC heap before
{Heap before GC invocations=11 (full 2):
 PSYoungGen      total 114176K, used 10960K [0x00000000e0000000, 0x00000000ea100000, 0x0000000100000000)
  eden space 102912K, 0% used [0x00000000e0000000,0x00000000e0000000,0x00000000e6480000)
  from space 11264K, 97% used [0x00000000e6480000,0x00000000e6f342c8,0x00000000e6f80000)
  to   space 12288K, 0% used [0x00000000e9500000,0x00000000e9500000,0x00000000ea100000)
 ParOldGen       total 61440K, used 8748K [0x00000000a0000000, 0x00000000a3c00000, 0x00000000e0000000)
  object space 61440K, 14% used [0x00000000a0000000,0x00000000a088b1e8,0x00000000a3c00000)
 Metaspace       used 34690K, capacity 35360K, committed 35456K, reserved 1079296K
  class space    used 4773K, capacity 4956K, committed 4992K, reserved 1048576K
Event: 9.201 GC heap after
Heap after GC invocations=11 (full 2):
 PSYoungGen      total 114176K, used 0K [0x00000000e0000000, 0x00000000ea100000, 0x0000000100000000)
  eden space 102912K, 0% used [0x00000000e0000000,0x00000000e0000000,0x00000000e6480000)
  from space 11264K, 0% used [0x00000000e6480000,0x00000000e6480000,0x00000000e6f80000)
  to   space 12288K, 0% used [0x00000000e9500000,0x00000000e9500000,0x00000000ea100000)
 ParOldGen       total 94720K, used 17979K [0x00000000a0000000, 0x00000000a5c80000, 0x00000000e0000000)
  object space 94720K, 18% used [0x00000000a0000000,0x00000000a118ec90,0x00000000a5c80000)
 Metaspace       used 34690K, capacity 35360K, committed 35456K, reserved 1079296K
  class space    used 4773K, capacity 4956K, committed 4992K, reserved 1048576K
}

Deoptimization events (10 events):
Event: 8.326 Thread 0x0000000018e12800 Uncommon trap: reason=speculate_class_check action=maybe_recompile pc=0x00000000038bdee8 method=com.google.common.collect.AbstractIndexedListIterator.next()Ljava/lang/Object; @ 27
Event: 8.326 Thread 0x0000000018e12800 Uncommon trap: reason=speculate_class_check action=maybe_recompile pc=0x00000000038bdee8 method=com.google.common.collect.AbstractIndexedListIterator.next()Ljava/lang/Object; @ 27
Event: 8.327 Thread 0x0000000018e12800 Uncommon trap: reason=speculate_class_check action=maybe_recompile pc=0x00000000038bdee8 method=com.google.common.collect.AbstractIndexedListIterator.next()Ljava/lang/Object; @ 27
Event: 8.475 Thread 0x0000000018e12800 Uncommon trap: reason=speculate_class_check action=maybe_recompile pc=0x00000000038bdee8 method=com.google.common.collect.AbstractIndexedListIterator.next()Ljava/lang/Object; @ 27
Event: 9.351 Thread 0x0000000018e12800 Uncommon trap: reason=unstable_if action=reinterpret pc=0x000000000343fdf8 method=java.io.BufferedInputStream.read([BII)I @ 56
Event: 9.353 Thread 0x0000000018e12800 Uncommon trap: reason=unstable_if action=reinterpret pc=0x000000000335f710 method=java.util.regex.Pattern.has(I)Z @ 6
Event: 9.462 Thread 0x0000000018e12800 Uncommon trap: reason=predicate action=maybe_recompile pc=0x0000000003746808 method=java.util.Arrays.binarySearch0([Ljava/lang/Object;IILjava/lang/Object;Ljava/util/Comparator;)I @ 28
Event: 9.462 Thread 0x0000000018e12800 Uncommon trap: reason=predicate action=maybe_recompile pc=0x0000000003193888 method=java.util.Arrays.binarySearch0([Ljava/lang/Object;IILjava/lang/Object;Ljava/util/Comparator;)I @ 28
Event: 9.518 Thread 0x0000000018e12800 Uncommon trap: reason=unstable_if action=reinterpret pc=0x0000000003532138 method=sun.misc.MetaIndex.mayContain(Ljava/lang/String;)Z @ 38
Event: 9.520 Thread 0x0000000018e12800 Uncommon trap: reason=unstable_if action=reinterpret pc=0x00000000038fffec method=java.security.CodeSource.hashCode()I @ 4

Classes redefined (0 events):
No events

Internal exceptions (10 events):
Event: 8.986 Thread 0x0000000018e12800 Exception <a 'java/lang/ClassNotFoundException': org/gradle/api/internal/AbstractTaskCustomizer> (0x00000000e2d64ac8) thrown at [D:\src\AOSP-openjdk-cygwin\jdk8u\hotspot\src\share\vm\classfile\systemDictionary.cpp, line 210]
Event: 8.992 Thread 0x0000000018e12800 Exception <a 'java/lang/ClassNotFoundException': org/gradle/api/DefaultTaskCustomizer> (0x00000000e2ded300) thrown at [D:\src\AOSP-openjdk-cygwin\jdk8u\hotspot\src\share\vm\classfile\systemDictionary.cpp, line 210]
Event: 8.993 Thread 0x0000000018e12800 Exception <a 'java/lang/ClassNotFoundException': org/gradle/api/internal/ConventionTaskCustomizer> (0x00000000e2e2baa8) thrown at [D:\src\AOSP-openjdk-cygwin\jdk8u\hotspot\src\share\vm\classfile\systemDictionary.cpp, line 210]
Event: 8.996 Thread 0x0000000018e12800 Exception <a 'java/lang/ClassNotFoundException': org/gradle/api/tasks/DeleteCustomizer> (0x00000000e2e676e0) thrown at [D:\src\AOSP-openjdk-cygwin\jdk8u\hotspot\src\share\vm\classfile\systemDictionary.cpp, line 210]
Event: 9.000 Thread 0x0000000018e12800 Exception <a 'java/lang/ClassNotFoundException': org/gradle/api/tasks/Delete_DecoratedCustomizer> (0x00000000e2eb0508) thrown at [D:\src\AOSP-openjdk-cygwin\jdk8u\hotspot\src\share\vm\classfile\systemDictionary.cpp, line 210]
Event: 9.034 Thread 0x0000000018e12800 Exception <a 'java/lang/ClassNotFoundException': build_9uj89hn41czflsfy2w6du0dy8BeanInfo> (0x00000000e2fc12d0) thrown at [D:\src\AOSP-openjdk-cygwin\jdk8u\hotspot\src\share\vm\classfile\systemDictionary.cpp, line 210]
Event: 9.035 Thread 0x0000000018e12800 Exception <a 'java/lang/ClassNotFoundException': build_9uj89hn41czflsfy2w6du0dy8Customizer> (0x00000000e2fcd130) thrown at [D:\src\AOSP-openjdk-cygwin\jdk8u\hotspot\src\share\vm\classfile\systemDictionary.cpp, line 210]
Event: 9.042 Thread 0x0000000018e12800 Exception <a 'java/lang/ClassNotFoundException': org/gradle/api/internal/plugins/DefaultObjectConfigurationActionBeanInfo> (0x00000000e303c468) thrown at [D:\src\AOSP-openjdk-cygwin\jdk8u\hotspot\src\share\vm\classfile\systemDictionary.cpp, line 210]
Event: 9.043 Thread 0x0000000018e12800 Exception <a 'java/lang/ClassNotFoundException': org/gradle/api/internal/plugins/DefaultObjectConfigurationActionCustomizer> (0x00000000e3079a28) thrown at [D:\src\AOSP-openjdk-cygwin\jdk8u\hotspot\src\share\vm\classfile\systemDictionary.cpp, line 210]
Event: 9.519 Thread 0x0000000018e12800 Implicit null exception at 0x00000000038fb522 to 0x00000000038fff9d

Events (10 events):
Event: 9.522 loading class com/google/common/base/VerifyException
Event: 9.522 loading class com/google/common/base/VerifyException done
Event: 9.525 loading class com/android/build/gradle/internal/BuildSessionImpl
Event: 9.525 loading class com/android/build/gradle/internal/BuildSessionImpl done
Event: 9.525 loading class com/android/build/gradle/internal/BuildSession
Event: 9.525 loading class com/android/build/gradle/internal/BuildSession done
Event: 9.527 loading class com/android/build/gradle/internal/BuildSessionImpl$BuildState
Event: 9.527 loading class com/android/build/gradle/internal/BuildSessionImpl$BuildState done
Event: 9.528 loading class com/android/build/gradle/internal/BuildSessionImpl$1
Event: 9.528 loading class com/android/build/gradle/internal/BuildSessionImpl$1 done


Dynamic libraries:
0x00007ff6ddf90000 - 0x00007ff6ddfc1000 	C:\Program Files\Android\Android Studio\jre\bin\java.exe
0x00007ffd86610000 - 0x00007ffd86804000 	C:\WINDOWS\SYSTEM32\ntdll.dll
0x00007ffd84a60000 - 0x00007ffd84b1d000 	C:\WINDOWS\System32\KERNEL32.DLL
0x00007ffd84210000 - 0x00007ffd844d7000 	C:\WINDOWS\System32\KERNELBASE.dll
0x00007ffd84810000 - 0x00007ffd848ba000 	C:\WINDOWS\System32\ADVAPI32.dll
0x00007ffd850e0000 - 0x00007ffd8517e000 	C:\WINDOWS\System32\msvcrt.dll
0x00007ffd84770000 - 0x00007ffd8480b000 	C:\WINDOWS\System32\sechost.dll
0x00007ffd86390000 - 0x00007ffd864b3000 	C:\WINDOWS\System32\RPCRT4.dll
0x00007ffd848c0000 - 0x00007ffd84a60000 	C:\WINDOWS\System32\USER32.dll
0x00007ffd84640000 - 0x00007ffd84662000 	C:\WINDOWS\System32\win32u.dll
0x00007ffd84b20000 - 0x00007ffd84b4a000 	C:\WINDOWS\System32\GDI32.dll
0x00007ffd84530000 - 0x00007ffd8463a000 	C:\WINDOWS\System32\gdi32full.dll
0x00007ffd83d50000 - 0x00007ffd83ded000 	C:\WINDOWS\System32\msvcp_win.dll
0x00007ffd83fe0000 - 0x00007ffd840e0000 	C:\WINDOWS\System32\ucrtbase.dll
0x00007ffd6e3e0000 - 0x00007ffd6e67a000 	C:\WINDOWS\WinSxS\amd64_microsoft.windows.common-controls_6595b64144ccf1df_6.0.19041.1_none_b555e41d4684ddec\COMCTL32.dll
0x00007ffd86140000 - 0x00007ffd86170000 	C:\WINDOWS\System32\IMM32.DLL
0x000000005ad80000 - 0x000000005ae52000 	C:\Program Files\Android\Android Studio\jre\jre\bin\msvcr100.dll
0x000000005ae60000 - 0x000000005b6a6000 	C:\Program Files\Android\Android Studio\jre\jre\bin\server\jvm.dll
0x00007ffd86130000 - 0x00007ffd86138000 	C:\WINDOWS\System32\PSAPI.DLL
0x00007ffd6de80000 - 0x00007ffd6de89000 	C:\WINDOWS\SYSTEM32\WSOCK32.dll
0x00007ffd694f0000 - 0x00007ffd69517000 	C:\WINDOWS\SYSTEM32\WINMM.dll
0x00007ffd85d40000 - 0x00007ffd85dab000 	C:\WINDOWS\System32\WS2_32.dll
0x00007ffd7bc70000 - 0x00007ffd7bc7a000 	C:\WINDOWS\SYSTEM32\VERSION.dll
0x00007ffd6de70000 - 0x00007ffd6de7f000 	C:\Program Files\Android\Android Studio\jre\jre\bin\verify.dll
0x00007ffd6de40000 - 0x00007ffd6de69000 	C:\Program Files\Android\Android Studio\jre\jre\bin\java.dll
0x00007ffd54100000 - 0x00007ffd54116000 	C:\Program Files\Android\Android Studio\jre\jre\bin\zip.dll
0x00007ffd855f0000 - 0x00007ffd85d21000 	C:\WINDOWS\System32\SHELL32.dll
0x00007ffd81cb0000 - 0x00007ffd8243a000 	C:\WINDOWS\SYSTEM32\windows.storage.dll
0x00007ffd851e0000 - 0x00007ffd85534000 	C:\WINDOWS\System32\combase.dll
0x00007ffd837d0000 - 0x00007ffd837fb000 	C:\WINDOWS\SYSTEM32\Wldp.dll
0x00007ffd864c0000 - 0x00007ffd8656e000 	C:\WINDOWS\System32\SHCORE.dll
0x00007ffd86570000 - 0x00007ffd865c5000 	C:\WINDOWS\System32\shlwapi.dll
0x00007ffd83c90000 - 0x00007ffd83caf000 	C:\WINDOWS\SYSTEM32\profapi.dll
0x00007ffd540e0000 - 0x00007ffd540fa000 	C:\Program Files\Android\Android Studio\jre\jre\bin\net.dll
0x00007ffd83550000 - 0x00007ffd835ba000 	C:\WINDOWS\system32\mswsock.dll
0x00007ffd53f00000 - 0x00007ffd53f11000 	C:\Program Files\Android\Android Studio\jre\jre\bin\nio.dll
0x00007ffd52970000 - 0x00007ffd52996000 	C:\Users\HP\.gradle\wrapper\dists\gradle-2.14.1-all\native\29\windows-amd64\native-platform.dll
0x00007ffd6de30000 - 0x00007ffd6de3d000 	C:\Program Files\Android\Android Studio\jre\jre\bin\management.dll
0x00007ffd83720000 - 0x00007ffd83738000 	C:\WINDOWS\SYSTEM32\CRYPTSP.dll
0x00007ffd82e10000 - 0x00007ffd82e44000 	C:\WINDOWS\system32\rsaenh.dll
0x00007ffd83df0000 - 0x00007ffd83e17000 	C:\WINDOWS\System32\bcrypt.dll
0x00007ffd83c10000 - 0x00007ffd83c3e000 	C:\WINDOWS\SYSTEM32\USERENV.dll
0x00007ffd84190000 - 0x00007ffd8420f000 	C:\WINDOWS\System32\bcryptprimitives.dll
0x00007ffd83740000 - 0x00007ffd8374c000 	C:\WINDOWS\SYSTEM32\CRYPTBASE.dll
0x00007ffd831f0000 - 0x00007ffd8322b000 	C:\WINDOWS\SYSTEM32\IPHLPAPI.DLL
0x00007ffd86120000 - 0x00007ffd86129000 	C:\WINDOWS\System32\NSI.dll
0x00007ffd81a80000 - 0x00007ffd81a97000 	C:\WINDOWS\SYSTEM32\dhcpcsvc6.DLL
0x00007ffd81a60000 - 0x00007ffd81a7d000 	C:\WINDOWS\SYSTEM32\dhcpcsvc.DLL
0x00007ffd83240000 - 0x00007ffd8330a000 	C:\WINDOWS\SYSTEM32\DNSAPI.dll
0x00007ffd82440000 - 0x00007ffd82624000 	C:\WINDOWS\SYSTEM32\dbghelp.dll

VM Arguments:
jvm_args: -Xmx1536m -Dfile.encoding=windows-1252 -Duser.country=US -Duser.language=en -Duser.variant 
java_command: org.gradle.launcher.daemon.bootstrap.GradleDaemon 5.4.1
java_class_path (initial): C:\Users\HP\.gradle\wrapper\dists\gradle-2.14.1-all\wrapper\dists\gradle-5.4.1-all\3221gyojl5jsh0helicew7rwx\gradle-5.4.1\lib\gradle-launcher-5.4.1.jar
Launcher Type: SUN_STANDARD

Environment Variables:
PATH=C:\WINDOWS\system32;C:\WINDOWS;C:\WINDOWS\System32\Wbem;C:\WINDOWS\System32\WindowsPowerShell\v1.0\;C:\WINDOWS\System32\OpenSSH\;C:\Users\HP\AppData\Local\Microsoft\WindowsApps;E:\VS Code\Microsoft VS Code\bin;
USERNAME=HP
OS=Windows_NT
PROCESSOR_IDENTIFIER=Intel64 Family 6 Model 142 Stepping 9, GenuineIntel



---------------  S Y S T E M  ---------------

OS: Windows 10.0 , 64 bit Build 19041 (10.0.19041.1)

CPU:total 4 (initial active 4) (2 cores per cpu, 2 threads per core) family 6 model 142 stepping 9, cmov, cx8, fxsr, mmx, sse, sse2, sse3, ssse3, sse4.1, sse4.2, popcnt, avx, avx2, aes, clmul, erms, 3dnowpref, lzcnt, ht, tsc, tscinvbit, bmi1, bmi2, adx

Memory: 4k page, physical 8269220k(4098236k free), swap 16657828k(12443320k free)

vm_info: OpenJDK 64-Bit Server VM (25.202-b03) for windows-amd64 JRE (1.8.0_202-release-1483-b03), built by "builder" with MS VC++ 10.0 (VS2010)

time: Thu Jun 03 21:09:43 2021
timezone: India Standard Time
elapsed time: 9 seconds (0d 0h 0m 9s)

