#
# A fatal error has been detected by the Java Runtime Environment:
#
#  EXCEPTION_ACCESS_VIOLATION (0xc0000005) at pc=0x00007ffadb822958, pid=9388, tid=8432
#
# JRE version: OpenJDK Runtime Environment (11.0.10) (build 11.0.10+0-b96-7249189)
# Java VM: OpenJDK 64-Bit Server VM (11.0.10+0-b96-7249189, mixed mode, tiered, compressed oops, g1 gc, windows-amd64)
# Problematic frame:
# V  [jvm.dll+0x8d2958]
#
# No core dump will be written. Minidumps are not enabled by default on client versions of Windows
#
# If you would like to submit a bug report, please visit:
#   https://bugreport.java.com/bugreport/crash.jsp
#

---------------  S U M M A R Y ------------

Command Line: --add-opens=java.base/java.util=ALL-UNNAMED --add-opens=java.base/java.lang=ALL-UNNAMED --add-opens=java.base/java.lang.invoke=ALL-UNNAMED --add-opens=java.base/java.util=ALL-UNNAMED --add-opens=java.prefs/java.util.prefs=ALL-UNNAMED --add-opens=java.prefs/java.util.prefs=ALL-UNNAMED --add-opens=java.base/java.nio.charset=ALL-UNNAMED --add-opens=java.base/java.net=ALL-UNNAMED --add-opens=java.base/java.util.concurrent.atomic=ALL-UNNAMED -Xmx1536m -Dfile.encoding=windows-1252 -Duser.country=US -Duser.language=en -Duser.variant org.gradle.launcher.daemon.bootstrap.GradleDaemon 7.0.2

Host: Intel(R) Core(TM) i3-7020U CPU @ 2.30GHz, 4 cores, 7G,  Windows 10 , 64 bit Build 19041 (10.0.19041.1)
Time: Tue Oct  5 10:00:17 2021 India Standard Time elapsed time: 427.330954 seconds (0d 0h 7m 7s)

---------------  T H R E A D  ---------------

Current thread (0x000001cfb9b27800):  JavaThread "C2 CompilerThread1" daemon [_thread_in_native, id=8432, stack(0x000000a105d00000,0x000000a105e00000)]


Current CompileTask:
C2: 427331 14226       4       com.android.ide.common.resources.NodeUtils::updateNamespace (161 bytes)

Stack: [0x000000a105d00000,0x000000a105e00000],  sp=0x000000a105dfba68,  free space=1006k
Native frames: (J=compiled Java code, j=interpreted, Vv=VM code, C=native code)
V  [jvm.dll+0x8d2958]


siginfo: EXCEPTION_ACCESS_VIOLATION (0xc0000005), data execution prevention violation at address 0x00007ffadb822958


Register to memory mapping:

RIP=0x00007ffadb822958 jvm.dll
RAX=0x00007ffadb72ddc0 jvm.dll
RBX=0x000001cfba71d9a8 points into unknown readable memory: 0x00007ffadb72ddc8 | c8 dd 72 db fa 7f 00 00
RCX=0x000001cfba71d9a8 points into unknown readable memory: 0x00007ffadb72ddc8 | c8 dd 72 db fa 7f 00 00
RDX=0x000001cfba71d9a8 points into unknown readable memory: 0x00007ffadb72ddc8 | c8 dd 72 db fa 7f 00 00
RSP=0x000000a105dfba68 is pointing into the stack for thread: 0x000001cfb9b27800
RBP=0x000000a105dfbbb0 is pointing into the stack for thread: 0x000001cfb9b27800
RSI=0x000001cfbc43c9d8 points into unknown readable memory: 0x00007ffadb777cd0 | d0 7c 77 db fa 7f 00 00
RDI=0x000001cfba81ba40 points into unknown readable memory: 0x0000231700002317 | 17 23 00 00 17 23 00 00
R8 =0x0000000000001aa0 is an unknown value
R9 =0x0 is NULL
R10=0x0 is NULL
R11=0x000000a105dfb9b0 is pointing into the stack for thread: 0x000001cfb9b27800
R12=0x000001cfb815fa38 points into unknown readable memory: 0x00007ffadb7627e0 | e0 27 76 db fa 7f 00 00
R13=0x0 is NULL
R14=0x000001cfbe236850 points into unknown readable memory: 0x0000000200000000 | 00 00 00 00 02 00 00 00
R15=0x000000a105dfeab0 is pointing into the stack for thread: 0x000001cfb9b27800


Registers:
RAX=0x00007ffadb72ddc0, RBX=0x000001cfba71d9a8, RCX=0x000001cfba71d9a8, RDX=0x000001cfba71d9a8
RSP=0x000000a105dfba68, RBP=0x000000a105dfbbb0, RSI=0x000001cfbc43c9d8, RDI=0x000001cfba81ba40
R8 =0x0000000000001aa0, R9 =0x0000000000000000, R10=0x0000000000000000, R11=0x000000a105dfb9b0
R12=0x000001cfb815fa38, R13=0x0000000000000000, R14=0x000001cfbe236850, R15=0x000000a105dfeab0
RIP=0x00007ffadb822958, EFLAGS=0x0000000000010297

Top of Stack: (sp=0x000000a105dfba68)
0x000000a105dfba68:   00007ffadb2093b4 000001cfb8fe5398
0x000000a105dfba78:   0000000000000017 0000000000000000
0x000000a105dfba88:   000001cfb815fa38 000001cfba81ba40
0x000000a105dfba98:   000001cfba71d9a8 0000000000000042
0x000000a105dfbaa8:   00007ffadb20b4c7 000000a105dfbbb0
0x000000a105dfbab8:   000001cfbc43c9d8 000001cfc2cf1ef8
0x000000a105dfbac8:   000001cfba81bad8 0000000000000003
0x000000a105dfbad8:   000001cfbce60ef8 000000400000002e
0x000000a105dfbae8:   0000000000000000 0000000000000014
0x000000a105dfbaf8:   000001cfbe2cfc80 0000080000000485
0x000000a105dfbb08:   0000000000000000 000001cf00000014
0x000000a105dfbb18:   000001cfc3286010 0000001000000010
0x000000a105dfbb28:   0000000000000000 0000000000000014
0x000000a105dfbb38:   000001cfbe2d6a90 000001000000008b
0x000000a105dfbb48:   0000000000000000 0000000000000014
0x000000a105dfbb58:   000001cfb982f0c0 0000000400000004 

Instructions: (pc=0x00007ffadb822958)
0x00007ffadb822858:   00 00 00 00 00 00 00 00 70 65 9d 00 00 00 00 00
0x00007ffadb822868:   08 00 00 00 ff ff ff ff 00 00 00 00 40 00 00 00
0x00007ffadb822878:   88 28 8d 00 00 00 00 00 00 00 00 00 00 00 00 00
0x00007ffadb822888:   00 00 00 00 00 00 00 00 01 00 00 00 a0 28 8d 00
0x00007ffadb822898:   00 00 00 00 00 00 00 00 b0 28 8d 00 00 00 00 00
0x00007ffadb8228a8:   00 00 00 00 00 00 00 00 70 65 9d 00 00 00 00 00
0x00007ffadb8228b8:   00 00 00 00 ff ff ff ff 00 00 00 00 40 00 00 00
0x00007ffadb8228c8:   88 28 8d 00 00 00 00 00 00 00 00 00 00 00 00 00
0x00007ffadb8228d8:   01 00 00 00 00 00 00 00 00 00 00 00 98 65 9d 00
0x00007ffadb8228e8:   00 29 8d 00 d8 28 8d 00 00 00 00 00 00 00 00 00
0x00007ffadb8228f8:   00 00 00 00 00 00 00 00 00 00 00 00 00 00 00 00
0x00007ffadb822908:   02 00 00 00 18 29 8d 00 00 00 00 00 00 00 00 00
0x00007ffadb822918:   30 29 8d 00 60 28 8d 00 00 00 00 00 00 00 00 00
0x00007ffadb822928:   00 00 00 00 00 00 00 00 98 65 9d 00 01 00 00 00
0x00007ffadb822938:   00 00 00 00 ff ff ff ff 00 00 00 00 40 00 00 00
0x00007ffadb822948:   00 29 8d 00 00 00 00 00 00 00 00 00 00 00 00 00
0x00007ffadb822958:   01 00 00 00 00 00 00 00 00 00 00 00 c8 65 9d 00
0x00007ffadb822968:   80 29 8d 00 58 29 8d 00 00 00 00 00 00 00 00 00
0x00007ffadb822978:   00 00 00 00 00 00 00 00 00 00 00 00 00 00 00 00
0x00007ffadb822988:   02 00 00 00 98 29 8d 00 00 00 00 00 00 00 00 00
0x00007ffadb822998:   b0 29 8d 00 c8 f6 89 00 00 00 00 00 00 00 00 00
0x00007ffadb8229a8:   00 00 00 00 00 00 00 00 c8 65 9d 00 01 00 00 00
0x00007ffadb8229b8:   00 00 00 00 ff ff ff ff 00 00 00 00 40 00 00 00
0x00007ffadb8229c8:   80 29 8d 00 00 00 00 00 00 00 00 00 00 00 00 00
0x00007ffadb8229d8:   01 00 00 00 00 00 00 00 00 00 00 00 e8 65 9d 00
0x00007ffadb8229e8:   00 2a 8d 00 d8 29 8d 00 00 00 00 00 00 00 00 00
0x00007ffadb8229f8:   00 00 00 00 00 00 00 00 00 00 00 00 00 00 00 00
0x00007ffadb822a08:   02 00 00 00 18 2a 8d 00 00 00 00 00 00 00 00 00
0x00007ffadb822a18:   30 2a 8d 00 c8 f6 89 00 00 00 00 00 00 00 00 00
0x00007ffadb822a28:   00 00 00 00 00 00 00 00 e8 65 9d 00 01 00 00 00
0x00007ffadb822a38:   00 00 00 00 ff ff ff ff 00 00 00 00 40 00 00 00
0x00007ffadb822a48:   00 2a 8d 00 00 00 00 00 00 00 00 00 00 00 00 00 


Stack slot to memory mapping:
stack at sp + 0 slots: 0x00007ffadb2093b4 jvm.dll
stack at sp + 1 slots: 0x000001cfb8fe5398 points into unknown readable memory: 0x00007ffadb72ddc8 | c8 dd 72 db fa 7f 00 00
stack at sp + 2 slots: 0x0000000000000017 is an unknown value
stack at sp + 3 slots: 0x0 is NULL
stack at sp + 4 slots: 0x000001cfb815fa38 points into unknown readable memory: 0x00007ffadb7627e0 | e0 27 76 db fa 7f 00 00
stack at sp + 5 slots: 0x000001cfba81ba40 points into unknown readable memory: 0x0000231700002317 | 17 23 00 00 17 23 00 00
stack at sp + 6 slots: 0x000001cfba71d9a8 points into unknown readable memory: 0x00007ffadb72ddc8 | c8 dd 72 db fa 7f 00 00
stack at sp + 7 slots: 0x0000000000000042 is an unknown value


---------------  P R O C E S S  ---------------

Threads class SMR info:
_java_thread_list=0x000001cfbe6c7a40, length=49, elements={
0x000001cf9d767000, 0x000001cfb6769800, 0x000001cfb676a800, 0x000001cfb6783000,
0x000001cfb6786000, 0x000001cfb6786800, 0x000001cfb678b800, 0x000001cfb6791000,
0x000001cfb714b000, 0x000001cfb7245800, 0x000001cfb7f8d800, 0x000001cfb8a09000,
0x000001cfba97b800, 0x000001cfb8f36000, 0x000001cfb8f36800, 0x000001cfb8f37800,
0x000001cfbc861800, 0x000001cfbc862800, 0x000001cfbc863800, 0x000001cfbc864000,
0x000001cfbc85f800, 0x000001cfbc866000, 0x000001cfbc86a800, 0x000001cfbc867800,
0x000001cfbc579000, 0x000001cfbc573800, 0x000001cfbc575000, 0x000001cfbc577800,
0x000001cfbc57a000, 0x000001cfbc578000, 0x000001cfbc574000, 0x000001cfbc575800,
0x000001cfbc860000, 0x000001cfbc865000, 0x000001cfbc866800, 0x000001cfbc861000,
0x000001cfbc86e000, 0x000001cfbc86c800, 0x000001cfbc86d000, 0x000001cfbc869000,
0x000001cfbc868000, 0x000001cfb8f38000, 0x000001cfb77aa800, 0x000001cfb77a9000,
0x000001cfb77ab800, 0x000001cfb77aa000, 0x000001cfb77ac800, 0x000001cfb9b27800,
0x000001cfb77a8000
}

Java Threads: ( => current thread )
  0x000001cf9d767000 JavaThread "main" [_thread_blocked, id=9024, stack(0x000000a104100000,0x000000a104200000)]
  0x000001cfb6769800 JavaThread "Reference Handler" daemon [_thread_blocked, id=7564, stack(0x000000a104800000,0x000000a104900000)]
  0x000001cfb676a800 JavaThread "Finalizer" daemon [_thread_blocked, id=1864, stack(0x000000a104900000,0x000000a104a00000)]
  0x000001cfb6783000 JavaThread "Signal Dispatcher" daemon [_thread_blocked, id=9496, stack(0x000000a104a00000,0x000000a104b00000)]
  0x000001cfb6786000 JavaThread "Attach Listener" daemon [_thread_blocked, id=7560, stack(0x000000a104b00000,0x000000a104c00000)]
  0x000001cfb6786800 JavaThread "Service Thread" daemon [_thread_blocked, id=7532, stack(0x000000a104c00000,0x000000a104d00000)]
  0x000001cfb678b800 JavaThread "C2 CompilerThread0" daemon [_thread_blocked, id=3896, stack(0x000000a104d00000,0x000000a104e00000)]
  0x000001cfb6791000 JavaThread "C1 CompilerThread0" daemon [_thread_blocked, id=9688, stack(0x000000a104e00000,0x000000a104f00000)]
  0x000001cfb714b000 JavaThread "Sweeper thread" daemon [_thread_blocked, id=3372, stack(0x000000a104f00000,0x000000a105000000)]
  0x000001cfb7245800 JavaThread "Common-Cleaner" daemon [_thread_blocked, id=9116, stack(0x000000a105000000,0x000000a105100000)]
  0x000001cfb7f8d800 JavaThread "Daemon health stats" [_thread_blocked, id=9600, stack(0x000000a105500000,0x000000a105600000)]
  0x000001cfb8a09000 JavaThread "Incoming local TCP Connector on port 53454" [_thread_in_native, id=5728, stack(0x000000a105200000,0x000000a105300000)]
  0x000001cfba97b800 JavaThread "Daemon periodic checks" [_thread_blocked, id=9220, stack(0x000000a105600000,0x000000a105700000)]
  0x000001cfb8f36000 JavaThread "Cache worker for file hash cache (C:\Users\HP\.gradle\wrapper\dists\gradle-2.14.1-all\caches\7.0.2\fileHashes)" [_thread_blocked, id=10204, stack(0x000000a106000000,0x000000a106100000)]
  0x000001cfb8f36800 JavaThread "File lock request listener" [_thread_in_native, id=10064, stack(0x000000a106100000,0x000000a106200000)]
  0x000001cfb8f37800 JavaThread "Cache worker for journal cache (C:\Users\HP\.gradle\wrapper\dists\gradle-2.14.1-all\caches\journal-1)" [_thread_blocked, id=10008, stack(0x000000a106200000,0x000000a106300000)]
  0x000001cfbc861800 JavaThread "File watcher server" daemon [_thread_in_native, id=8608, stack(0x000000a106400000,0x000000a106500000)]
  0x000001cfbc862800 JavaThread "File watcher consumer" daemon [_thread_blocked, id=6036, stack(0x000000a106500000,0x000000a106600000)]
  0x000001cfbc863800 JavaThread "jar transforms" [_thread_blocked, id=2976, stack(0x000000a106600000,0x000000a106700000)]
  0x000001cfbc864000 JavaThread "jar transforms Thread 2" [_thread_blocked, id=8568, stack(0x000000a106700000,0x000000a106800000)]
  0x000001cfbc85f800 JavaThread "jar transforms Thread 3" [_thread_blocked, id=6924, stack(0x000000a106800000,0x000000a106900000)]
  0x000001cfbc866000 JavaThread "jar transforms Thread 4" [_thread_blocked, id=8044, stack(0x000000a106900000,0x000000a106a00000)]
  0x000001cfbc86a800 JavaThread "Cache worker for execution history cache (C:\Users\HP\.gradle\wrapper\dists\gradle-2.14.1-all\caches\7.0.2\executionHistory)" [_thread_blocked, id=4088, stack(0x000000a106d00000,0x000000a106e00000)]
  0x000001cfbc867800 JavaThread "Cache worker for file content cache (C:\Users\HP\.gradle\wrapper\dists\gradle-2.14.1-all\caches\7.0.2\fileContent)" [_thread_blocked, id=9924, stack(0x000000a106e00000,0x000000a106f00000)]
  0x000001cfbc579000 JavaThread "Memory manager" [_thread_blocked, id=1896, stack(0x000000a107500000,0x000000a107600000)]
  0x000001cfbc573800 JavaThread "Daemon Thread 2" [_thread_blocked, id=10092, stack(0x000000a103e00000,0x000000a103f00000)]
  0x000001cfbc575000 JavaThread "Handler for socket connection from /127.0.0.1:53454 to /127.0.0.1:56499" [_thread_in_native, id=8396, stack(0x000000a103f00000,0x000000a104000000)]
  0x000001cfbc577800 JavaThread "Cancel handler" [_thread_blocked, id=10028, stack(0x000000a104000000,0x000000a104100000)]
  0x000001cfbc57a000 JavaThread "Daemon worker Thread 2" [_thread_blocked, id=4768, stack(0x000000a105700000,0x000000a105800000)]
  0x000001cfbc578000 JavaThread "Asynchronous log dispatcher for DefaultDaemonConnection: socket connection from /127.0.0.1:53454 to /127.0.0.1:56499" [_thread_blocked, id=1792, stack(0x000000a105800000,0x000000a105900000)]
  0x000001cfbc574000 JavaThread "Stdin handler" [_thread_blocked, id=6652, stack(0x000000a105900000,0x000000a105a00000)]
  0x000001cfbc575800 JavaThread "Daemon client event forwarder" [_thread_blocked, id=6804, stack(0x000000a105a00000,0x000000a105b00000)]
  0x000001cfbc860000 JavaThread "Cache worker for file hash cache (C:\Users\HP\AndroidStudioProjects\QuizzerExtended\QuizzerClass\.gradle\7.0.2\fileHashes)" [_thread_blocked, id=8280, stack(0x000000a105b00000,0x000000a105c00000)]
  0x000001cfbc865000 JavaThread "Cache worker for checksums cache (C:\Users\HP\AndroidStudioProjects\QuizzerExtended\QuizzerClass\.gradle\checksums)" [_thread_blocked, id=5592, stack(0x000000a105c00000,0x000000a105d00000)]
  0x000001cfbc866800 JavaThread "Cache worker for cache directory md-supplier (C:\Users\HP\.gradle\wrapper\dists\gradle-2.14.1-all\caches\7.0.2\md-supplier)" [_thread_blocked, id=2616, stack(0x000000a105e00000,0x000000a105f00000)]
  0x000001cfbc861000 JavaThread "Cache worker for cache directory md-rule (C:\Users\HP\.gradle\wrapper\dists\gradle-2.14.1-all\caches\7.0.2\md-rule)" [_thread_blocked, id=5324, stack(0x000000a106300000,0x000000a106400000)]
  0x000001cfbc86e000 JavaThread "Cache worker for dependencies-accessors (C:\Users\HP\AndroidStudioProjects\QuizzerExtended\QuizzerClass\.gradle\7.0.2\dependencies-accessors)" [_thread_blocked, id=6564, stack(0x000000a106a00000,0x000000a106b00000)]
  0x000001cfbc86c800 JavaThread "Cache worker for Build Output Cleanup Cache (C:\Users\HP\AndroidStudioProjects\QuizzerExtended\QuizzerClass\.gradle\buildOutputCleanup)" [_thread_blocked, id=4456, stack(0x000000a106b00000,0x000000a106c00000)]
  0x000001cfbc86d000 JavaThread "Build operations" [_thread_blocked, id=8904, stack(0x000000a106c00000,0x000000a106d00000)]
  0x000001cfbc869000 JavaThread "Build operations Thread 2" [_thread_blocked, id=9160, stack(0x000000a106f00000,0x000000a107000000)]
  0x000001cfbc868000 JavaThread "Build operations Thread 3" [_thread_blocked, id=6524, stack(0x000000a107000000,0x000000a107100000)]
  0x000001cfb8f38000 JavaThread "Build operations Thread 4" [_thread_blocked, id=10052, stack(0x000000a107100000,0x000000a107200000)]
  0x000001cfb77aa800 JavaThread "build event listener" [_thread_blocked, id=7932, stack(0x000000a107200000,0x000000a107300000)]
  0x000001cfb77a9000 JavaThread "Execution worker for ':'" [_thread_blocked, id=3548, stack(0x000000a107300000,0x000000a107400000)]
  0x000001cfb77ab800 JavaThread "Execution worker for ':' Thread 2" [_thread_blocked, id=356, stack(0x000000a107400000,0x000000a107500000)]
  0x000001cfb77aa000 JavaThread "Execution worker for ':' Thread 3" [_thread_in_native, id=2360, stack(0x000000a107600000,0x000000a107700000)]
  0x000001cfb77ac800 JavaThread "Cache worker for execution history cache (C:\Users\HP\AndroidStudioProjects\QuizzerExtended\QuizzerClass\.gradle\7.0.2\executionHistory)" [_thread_blocked, id=8548, stack(0x000000a107700000,0x000000a107800000)]
=>0x000001cfb9b27800 JavaThread "C2 CompilerThread1" daemon [_thread_in_native, id=8432, stack(0x000000a105d00000,0x000000a105e00000)]
  0x000001cfb77a8000 JavaThread "WorkerExecutor Queue" [_thread_blocked, id=8536, stack(0x000000a107800000,0x000000a107900000)]

Other Threads:
  0x000001cfb6742000 VMThread "VM Thread" [stack: 0x000000a104700000,0x000000a104800000] [id=9612]
  0x000001cfb7281000 WatcherThread [stack: 0x000000a105100000,0x000000a105200000] [id=8788]
  0x000001cf9d781000 GCTaskThread "GC Thread#0" [stack: 0x000000a104200000,0x000000a104300000] [id=10036]
  0x000001cfb759e800 GCTaskThread "GC Thread#1" [stack: 0x000000a105300000,0x000000a105400000] [id=8760]
  0x000001cfb7af2000 GCTaskThread "GC Thread#2" [stack: 0x000000a105400000,0x000000a105500000] [id=5368]
  0x000001cfb9d26000 GCTaskThread "GC Thread#3" [stack: 0x000000a105f00000,0x000000a106000000] [id=4668]
  0x000001cf9d7a7000 ConcurrentGCThread "G1 Main Marker" [stack: 0x000000a104300000,0x000000a104400000] [id=7432]
  0x000001cf9d7a9800 ConcurrentGCThread "G1 Conc#0" [stack: 0x000000a104400000,0x000000a104500000] [id=8080]
  0x000001cf9d83c800 ConcurrentGCThread "G1 Refine#0" [stack: 0x000000a104500000,0x000000a104600000] [id=3848]
  0x000001cf9d83d800 ConcurrentGCThread "G1 Young RemSet Sampling" [stack: 0x000000a104600000,0x000000a104700000] [id=2424]

Threads with active compile tasks:
C2 CompilerThread1 427469 14226       4       com.android.ide.common.resources.NodeUtils::updateNamespace (161 bytes)

VM state:not at safepoint (normal execution)

VM Mutex/Monitor currently owned by a thread: None

Heap address: 0x00000000a0000000, size: 1536 MB, Compressed Oops mode: 32-bit
Narrow klass base: 0x0000000000000000, Narrow klass shift: 3
Compressed class space size: 1073741824 Address: 0x0000000100000000

Heap:
 garbage-first heap   total 189440K, used 163317K [0x00000000a0000000, 0x0000000100000000)
  region size 1024K, 35 young (35840K), 3 survivors (3072K)
 Metaspace       used 107181K, capacity 110350K, committed 110424K, reserved 1144832K
  class space    used 13733K, capacity 14904K, committed 14976K, reserved 1048576K
Heap Regions: E=young(eden), S=young(survivor), O=old, HS=humongous(starts), HC=humongous(continues), CS=collection set, F=free, A=archive, TAMS=top-at-mark-start (previous, next)
|   0|0x00000000a0000000, 0x00000000a0100000, 0x00000000a0100000|100%|HS|  |TAMS 0x00000000a0100000, 0x00000000a0000000| Complete 
|   1|0x00000000a0100000, 0x00000000a0200000, 0x00000000a0200000|100%|HC|  |TAMS 0x00000000a0200000, 0x00000000a0100000| Complete 
|   2|0x00000000a0200000, 0x00000000a0300000, 0x00000000a0300000|100%|HC|  |TAMS 0x00000000a0300000, 0x00000000a0200000| Complete 
|   3|0x00000000a0300000, 0x00000000a0400000, 0x00000000a0400000|100%| O|  |TAMS 0x00000000a0400000, 0x00000000a0300000| Untracked 
|   4|0x00000000a0400000, 0x00000000a0500000, 0x00000000a0500000|100%| O|  |TAMS 0x00000000a0500000, 0x00000000a0400000| Untracked 
|   5|0x00000000a0500000, 0x00000000a0600000, 0x00000000a0600000|100%| O|  |TAMS 0x00000000a0600000, 0x00000000a0500000| Untracked 
|   6|0x00000000a0600000, 0x00000000a0700000, 0x00000000a0700000|100%| O|  |TAMS 0x00000000a0700000, 0x00000000a0600000| Untracked 
|   7|0x00000000a0700000, 0x00000000a0800000, 0x00000000a0800000|100%| O|  |TAMS 0x00000000a0800000, 0x00000000a0700000| Untracked 
|   8|0x00000000a0800000, 0x00000000a0900000, 0x00000000a0900000|100%| O|  |TAMS 0x00000000a0900000, 0x00000000a0800000| Untracked 
|   9|0x00000000a0900000, 0x00000000a0a00000, 0x00000000a0a00000|100%| O|  |TAMS 0x00000000a0a00000, 0x00000000a0900000| Untracked 
|  10|0x00000000a0a00000, 0x00000000a0b00000, 0x00000000a0b00000|100%| O|  |TAMS 0x00000000a0b00000, 0x00000000a0a00000| Untracked 
|  11|0x00000000a0b00000, 0x00000000a0c00000, 0x00000000a0c00000|100%| O|  |TAMS 0x00000000a0c00000, 0x00000000a0b00000| Untracked 
|  12|0x00000000a0c00000, 0x00000000a0d00000, 0x00000000a0d00000|100%| O|  |TAMS 0x00000000a0d00000, 0x00000000a0c00000| Untracked 
|  13|0x00000000a0d00000, 0x00000000a0e00000, 0x00000000a0e00000|100%| O|  |TAMS 0x00000000a0e00000, 0x00000000a0d00000| Untracked 
|  14|0x00000000a0e00000, 0x00000000a0f00000, 0x00000000a0f00000|100%| O|  |TAMS 0x00000000a0f00000, 0x00000000a0e00000| Untracked 
|  15|0x00000000a0f00000, 0x00000000a1000000, 0x00000000a1000000|100%| O|  |TAMS 0x00000000a1000000, 0x00000000a0f00000| Complete 
|  16|0x00000000a1000000, 0x00000000a1100000, 0x00000000a1100000|100%|HS|  |TAMS 0x00000000a1100000, 0x00000000a1000000| Complete 
|  17|0x00000000a1100000, 0x00000000a1200000, 0x00000000a1200000|100%|HC|  |TAMS 0x00000000a1200000, 0x00000000a1100000| Complete 
|  18|0x00000000a1200000, 0x00000000a1300000, 0x00000000a1300000|100%|HS|  |TAMS 0x00000000a1300000, 0x00000000a1200000| Complete 
|  19|0x00000000a1300000, 0x00000000a1400000, 0x00000000a1400000|100%|HC|  |TAMS 0x00000000a1400000, 0x00000000a1300000| Complete 
|  20|0x00000000a1400000, 0x00000000a1500000, 0x00000000a1500000|100%|HC|  |TAMS 0x00000000a1500000, 0x00000000a1400000| Complete 
|  21|0x00000000a1500000, 0x00000000a1600000, 0x00000000a1600000|100%|HS|  |TAMS 0x00000000a1600000, 0x00000000a1500000| Complete 
|  22|0x00000000a1600000, 0x00000000a1700000, 0x00000000a1700000|100%|HC|  |TAMS 0x00000000a1700000, 0x00000000a1600000| Complete 
|  23|0x00000000a1700000, 0x00000000a1800000, 0x00000000a1800000|100%|HC|  |TAMS 0x00000000a1800000, 0x00000000a1700000| Complete 
|  24|0x00000000a1800000, 0x00000000a1900000, 0x00000000a1900000|100%|HC|  |TAMS 0x00000000a1900000, 0x00000000a1800000| Complete 
|  25|0x00000000a1900000, 0x00000000a1a00000, 0x00000000a1a00000|100%|HC|  |TAMS 0x00000000a1a00000, 0x00000000a1900000| Complete 
|  26|0x00000000a1a00000, 0x00000000a1b00000, 0x00000000a1b00000|100%|HS|  |TAMS 0x00000000a1b00000, 0x00000000a1a00000| Complete 
|  27|0x00000000a1b00000, 0x00000000a1c00000, 0x00000000a1c00000|100%|HC|  |TAMS 0x00000000a1c00000, 0x00000000a1b00000| Complete 
|  28|0x00000000a1c00000, 0x00000000a1d00000, 0x00000000a1d00000|100%|HC|  |TAMS 0x00000000a1d00000, 0x00000000a1c00000| Complete 
|  29|0x00000000a1d00000, 0x00000000a1e00000, 0x00000000a1e00000|100%| O|  |TAMS 0x00000000a1e00000, 0x00000000a1d00000| Complete 
|  30|0x00000000a1e00000, 0x00000000a1f00000, 0x00000000a1f00000|100%| O|  |TAMS 0x00000000a1f00000, 0x00000000a1e00000| Untracked 
|  31|0x00000000a1f00000, 0x00000000a2000000, 0x00000000a2000000|100%| O|  |TAMS 0x00000000a2000000, 0x00000000a1f00000| Untracked 
|  32|0x00000000a2000000, 0x00000000a2100000, 0x00000000a2100000|100%| O|  |TAMS 0x00000000a2100000, 0x00000000a2000000| Untracked 
|  33|0x00000000a2100000, 0x00000000a2200000, 0x00000000a2200000|100%| O|  |TAMS 0x00000000a2200000, 0x00000000a2100000| Complete 
|  34|0x00000000a2200000, 0x00000000a2300000, 0x00000000a2300000|100%| O|  |TAMS 0x00000000a2300000, 0x00000000a2200000| Untracked 
|  35|0x00000000a2300000, 0x00000000a2400000, 0x00000000a2400000|100%| O|  |TAMS 0x00000000a2400000, 0x00000000a2300000| Untracked 
|  36|0x00000000a2400000, 0x00000000a2500000, 0x00000000a2500000|100%| O|  |TAMS 0x00000000a2500000, 0x00000000a2400000| Untracked 
|  37|0x00000000a2500000, 0x00000000a2600000, 0x00000000a2600000|100%|HS|  |TAMS 0x00000000a2600000, 0x00000000a2500000| Complete 
|  38|0x00000000a2600000, 0x00000000a2700000, 0x00000000a2700000|100%|HC|  |TAMS 0x00000000a2700000, 0x00000000a2600000| Complete 
|  39|0x00000000a2700000, 0x00000000a2800000, 0x00000000a2800000|100%|HC|  |TAMS 0x00000000a2800000, 0x00000000a2700000| Complete 
|  40|0x00000000a2800000, 0x00000000a2900000, 0x00000000a2900000|100%|HC|  |TAMS 0x00000000a2900000, 0x00000000a2800000| Complete 
|  41|0x00000000a2900000, 0x00000000a2a00000, 0x00000000a2a00000|100%|HC|  |TAMS 0x00000000a2a00000, 0x00000000a2900000| Complete 
|  42|0x00000000a2a00000, 0x00000000a2b00000, 0x00000000a2b00000|100%| O|  |TAMS 0x00000000a2b00000, 0x00000000a2a00000| Untracked 
|  43|0x00000000a2b00000, 0x00000000a2c00000, 0x00000000a2c00000|100%| O|  |TAMS 0x00000000a2c00000, 0x00000000a2b00000| Untracked 
|  44|0x00000000a2c00000, 0x00000000a2d00000, 0x00000000a2d00000|100%| O|  |TAMS 0x00000000a2d00000, 0x00000000a2c00000| Untracked 
|  45|0x00000000a2d00000, 0x00000000a2e00000, 0x00000000a2e00000|100%| O|  |TAMS 0x00000000a2e00000, 0x00000000a2d00000| Complete 
|  46|0x00000000a2e00000, 0x00000000a2f00000, 0x00000000a2f00000|100%| O|  |TAMS 0x00000000a2f00000, 0x00000000a2e00000| Complete 
|  47|0x00000000a2f00000, 0x00000000a3000000, 0x00000000a3000000|100%| O|  |TAMS 0x00000000a3000000, 0x00000000a2f00000| Untracked 
|  48|0x00000000a3000000, 0x00000000a3100000, 0x00000000a3100000|100%| O|  |TAMS 0x00000000a3100000, 0x00000000a3000000| Untracked 
|  49|0x00000000a3100000, 0x00000000a3200000, 0x00000000a3200000|100%| O|  |TAMS 0x00000000a3200000, 0x00000000a3100000| Complete 
|  50|0x00000000a3200000, 0x00000000a3300000, 0x00000000a3300000|100%| O|  |TAMS 0x00000000a3300000, 0x00000000a3200000| Untracked 
|  51|0x00000000a3300000, 0x00000000a3400000, 0x00000000a3400000|100%| O|  |TAMS 0x00000000a3400000, 0x00000000a3300000| Untracked 
|  52|0x00000000a3400000, 0x00000000a3500000, 0x00000000a3500000|100%| O|  |TAMS 0x00000000a3500000, 0x00000000a3400000| Complete 
|  53|0x00000000a3500000, 0x00000000a3600000, 0x00000000a3600000|100%|HS|  |TAMS 0x00000000a3600000, 0x00000000a3500000| Complete 
|  54|0x00000000a3600000, 0x00000000a3700000, 0x00000000a3700000|100%|HS|  |TAMS 0x00000000a3700000, 0x00000000a3600000| Complete 
|  55|0x00000000a3700000, 0x00000000a3800000, 0x00000000a3800000|100%|HS|  |TAMS 0x00000000a3800000, 0x00000000a3700000| Complete 
|  56|0x00000000a3800000, 0x00000000a3900000, 0x00000000a3900000|100%|HC|  |TAMS 0x00000000a3900000, 0x00000000a3800000| Complete 
|  57|0x00000000a3900000, 0x00000000a3a00000, 0x00000000a3a00000|100%| O|  |TAMS 0x00000000a3a00000, 0x00000000a3900000| Untracked 
|  58|0x00000000a3a00000, 0x00000000a3b00000, 0x00000000a3b00000|100%| O|  |TAMS 0x00000000a3b00000, 0x00000000a3a00000| Complete 
|  59|0x00000000a3b00000, 0x00000000a3c00000, 0x00000000a3c00000|100%| O|  |TAMS 0x00000000a3c00000, 0x00000000a3b00000| Untracked 
|  60|0x00000000a3c00000, 0x00000000a3d00000, 0x00000000a3d00000|100%| O|  |TAMS 0x00000000a3d00000, 0x00000000a3c00000| Complete 
|  61|0x00000000a3d00000, 0x00000000a3e00000, 0x00000000a3e00000|100%| O|  |TAMS 0x00000000a3e00000, 0x00000000a3d00000| Untracked 
|  62|0x00000000a3e00000, 0x00000000a3f00000, 0x00000000a3f00000|100%| O|  |TAMS 0x00000000a3f00000, 0x00000000a3e00000| Untracked 
|  63|0x00000000a3f00000, 0x00000000a4000000, 0x00000000a4000000|100%| O|  |TAMS 0x00000000a4000000, 0x00000000a3f00000| Complete 
|  64|0x00000000a4000000, 0x00000000a4100000, 0x00000000a4100000|100%| O|  |TAMS 0x00000000a4100000, 0x00000000a4000000| Untracked 
|  65|0x00000000a4100000, 0x00000000a4200000, 0x00000000a4200000|100%| O|  |TAMS 0x00000000a4200000, 0x00000000a4100000| Untracked 
|  66|0x00000000a4200000, 0x00000000a4300000, 0x00000000a4300000|100%| O|  |TAMS 0x00000000a4300000, 0x00000000a4200000| Untracked 
|  67|0x00000000a4300000, 0x00000000a4400000, 0x00000000a4400000|100%| O|  |TAMS 0x00000000a4400000, 0x00000000a4300000| Complete 
|  68|0x00000000a4400000, 0x00000000a4500000, 0x00000000a4500000|100%| O|  |TAMS 0x00000000a4500000, 0x00000000a4400000| Complete 
|  69|0x00000000a4500000, 0x00000000a4600000, 0x00000000a4600000|100%| O|  |TAMS 0x00000000a4600000, 0x00000000a4500000| Complete 
|  70|0x00000000a4600000, 0x00000000a4700000, 0x00000000a4700000|100%| O|  |TAMS 0x00000000a4700000, 0x00000000a4600000| Complete 
|  71|0x00000000a4700000, 0x00000000a4800000, 0x00000000a4800000|100%| O|  |TAMS 0x00000000a4800000, 0x00000000a4700000| Untracked 
|  72|0x00000000a4800000, 0x00000000a4900000, 0x00000000a4900000|100%| O|  |TAMS 0x00000000a4900000, 0x00000000a4800000| Untracked 
|  73|0x00000000a4900000, 0x00000000a4a00000, 0x00000000a4a00000|100%| O|  |TAMS 0x00000000a4a00000, 0x00000000a4900000| Complete 
|  74|0x00000000a4a00000, 0x00000000a4b00000, 0x00000000a4b00000|100%| O|  |TAMS 0x00000000a4b00000, 0x00000000a4a00000| Complete 
|  75|0x00000000a4b00000, 0x00000000a4c00000, 0x00000000a4c00000|100%| O|  |TAMS 0x00000000a4c00000, 0x00000000a4b00000| Untracked 
|  76|0x00000000a4c00000, 0x00000000a4d00000, 0x00000000a4d00000|100%| O|  |TAMS 0x00000000a4d00000, 0x00000000a4c00000| Untracked 
|  77|0x00000000a4d00000, 0x00000000a4e00000, 0x00000000a4e00000|100%| O|  |TAMS 0x00000000a4e00000, 0x00000000a4d00000| Untracked 
|  78|0x00000000a4e00000, 0x00000000a4f00000, 0x00000000a4f00000|100%| O|  |TAMS 0x00000000a4f00000, 0x00000000a4e00000| Untracked 
|  79|0x00000000a4f00000, 0x00000000a5000000, 0x00000000a5000000|100%| O|  |TAMS 0x00000000a5000000, 0x00000000a4f00000| Untracked 
|  80|0x00000000a5000000, 0x00000000a5100000, 0x00000000a5100000|100%| O|  |TAMS 0x00000000a5100000, 0x00000000a5000000| Complete 
|  81|0x00000000a5100000, 0x00000000a5200000, 0x00000000a5200000|100%| O|  |TAMS 0x00000000a5200000, 0x00000000a5100000| Complete 
|  82|0x00000000a5200000, 0x00000000a5300000, 0x00000000a5300000|100%| O|  |TAMS 0x00000000a5300000, 0x00000000a5200000| Untracked 
|  83|0x00000000a5300000, 0x00000000a5400000, 0x00000000a5400000|100%| O|  |TAMS 0x00000000a5400000, 0x00000000a5300000| Untracked 
|  84|0x00000000a5400000, 0x00000000a5500000, 0x00000000a5500000|100%| O|  |TAMS 0x00000000a5500000, 0x00000000a5400000| Complete 
|  85|0x00000000a5500000, 0x00000000a5600000, 0x00000000a5600000|100%| O|  |TAMS 0x00000000a5600000, 0x00000000a5500000| Complete 
|  86|0x00000000a5600000, 0x00000000a5700000, 0x00000000a5700000|100%| O|  |TAMS 0x00000000a5700000, 0x00000000a5600000| Complete 
|  87|0x00000000a5700000, 0x00000000a5800000, 0x00000000a5800000|100%| O|  |TAMS 0x00000000a5800000, 0x00000000a5700000| Complete 
|  88|0x00000000a5800000, 0x00000000a5900000, 0x00000000a5900000|100%| O|  |TAMS 0x00000000a5900000, 0x00000000a5800000| Complete 
|  89|0x00000000a5900000, 0x00000000a5a00000, 0x00000000a5a00000|100%| O|  |TAMS 0x00000000a5a00000, 0x00000000a5900000| Untracked 
|  90|0x00000000a5a00000, 0x00000000a5b00000, 0x00000000a5b00000|100%| O|  |TAMS 0x00000000a5b00000, 0x00000000a5a00000| Complete 
|  91|0x00000000a5b00000, 0x00000000a5c00000, 0x00000000a5c00000|100%| O|  |TAMS 0x00000000a5c00000, 0x00000000a5b00000| Complete 
|  92|0x00000000a5c00000, 0x00000000a5d00000, 0x00000000a5d00000|100%| O|  |TAMS 0x00000000a5d00000, 0x00000000a5c00000| Complete 
|  93|0x00000000a5d00000, 0x00000000a5e00000, 0x00000000a5e00000|100%| O|  |TAMS 0x00000000a5e00000, 0x00000000a5d00000| Untracked 
|  94|0x00000000a5e00000, 0x00000000a5f00000, 0x00000000a5f00000|100%| O|  |TAMS 0x00000000a5f00000, 0x00000000a5e00000| Untracked 
|  95|0x00000000a5f00000, 0x00000000a6000000, 0x00000000a6000000|100%| O|  |TAMS 0x00000000a6000000, 0x00000000a5f00000| Complete 
|  96|0x00000000a6000000, 0x00000000a6100000, 0x00000000a6100000|100%| O|  |TAMS 0x00000000a6100000, 0x00000000a6000000| Complete 
|  97|0x00000000a6100000, 0x00000000a6200000, 0x00000000a6200000|100%| O|  |TAMS 0x00000000a6200000, 0x00000000a6100000| Complete 
|  98|0x00000000a6200000, 0x00000000a6300000, 0x00000000a6300000|100%| O|  |TAMS 0x00000000a6300000, 0x00000000a6200000| Complete 
|  99|0x00000000a6300000, 0x00000000a6400000, 0x00000000a6400000|100%| O|  |TAMS 0x00000000a6400000, 0x00000000a6300000| Complete 
| 100|0x00000000a6400000, 0x00000000a6500000, 0x00000000a6500000|100%| O|  |TAMS 0x00000000a6500000, 0x00000000a6400000| Complete 
| 101|0x00000000a6500000, 0x00000000a6600000, 0x00000000a6600000|100%| O|  |TAMS 0x00000000a6600000, 0x00000000a6500000| Untracked 
| 102|0x00000000a6600000, 0x00000000a6700000, 0x00000000a6700000|100%| O|  |TAMS 0x00000000a6700000, 0x00000000a6600000| Untracked 
| 103|0x00000000a6700000, 0x00000000a6800000, 0x00000000a6800000|100%| O|  |TAMS 0x00000000a6800000, 0x00000000a6700000| Complete 
| 104|0x00000000a6800000, 0x00000000a6900000, 0x00000000a6900000|100%| O|  |TAMS 0x00000000a6900000, 0x00000000a6800000| Complete 
| 105|0x00000000a6900000, 0x00000000a6a00000, 0x00000000a6a00000|100%| O|  |TAMS 0x00000000a6a00000, 0x00000000a6900000| Complete 
| 106|0x00000000a6a00000, 0x00000000a6b00000, 0x00000000a6b00000|100%| O|  |TAMS 0x00000000a6b00000, 0x00000000a6a00000| Complete 
| 107|0x00000000a6b00000, 0x00000000a6c00000, 0x00000000a6c00000|100%| O|  |TAMS 0x00000000a6c00000, 0x00000000a6b00000| Complete 
| 108|0x00000000a6c00000, 0x00000000a6d00000, 0x00000000a6d00000|100%| O|  |TAMS 0x00000000a6d00000, 0x00000000a6c00000| Complete 
| 109|0x00000000a6d00000, 0x00000000a6e00000, 0x00000000a6e00000|100%| O|  |TAMS 0x00000000a6e00000, 0x00000000a6d00000| Complete 
| 110|0x00000000a6e00000, 0x00000000a6f00000, 0x00000000a6f00000|100%| O|  |TAMS 0x00000000a6f00000, 0x00000000a6e00000| Complete 
| 111|0x00000000a6f00000, 0x00000000a7000000, 0x00000000a7000000|100%| O|  |TAMS 0x00000000a7000000, 0x00000000a6f00000| Untracked 
| 112|0x00000000a7000000, 0x00000000a7100000, 0x00000000a7100000|100%| O|  |TAMS 0x00000000a7100000, 0x00000000a7000000| Untracked 
| 113|0x00000000a7100000, 0x00000000a7200000, 0x00000000a7200000|100%| O|  |TAMS 0x00000000a7200000, 0x00000000a7100000| Untracked 
| 114|0x00000000a7200000, 0x00000000a7300000, 0x00000000a7300000|100%| O|  |TAMS 0x00000000a7300000, 0x00000000a7200000| Untracked 
| 115|0x00000000a7300000, 0x00000000a7400000, 0x00000000a7400000|100%| O|  |TAMS 0x00000000a7400000, 0x00000000a7300000| Complete 
| 116|0x00000000a7400000, 0x00000000a74a9600, 0x00000000a7500000| 66%| O|  |TAMS 0x00000000a74a9600, 0x00000000a7400000| Untracked 
| 117|0x00000000a7500000, 0x00000000a7600000, 0x00000000a7600000|100%|HS|  |TAMS 0x00000000a7500000, 0x00000000a7500000| Complete 
| 118|0x00000000a7600000, 0x00000000a7700000, 0x00000000a7700000|100%|HC|  |TAMS 0x00000000a7600000, 0x00000000a7600000| Complete 
| 119|0x00000000a7700000, 0x00000000a7800000, 0x00000000a7800000|100%|HS|  |TAMS 0x00000000a7700000, 0x00000000a7700000| Complete 
| 120|0x00000000a7800000, 0x00000000a7900000, 0x00000000a7900000|100%|HS|  |TAMS 0x00000000a7800000, 0x00000000a7800000| Complete 
| 121|0x00000000a7900000, 0x00000000a7a00000, 0x00000000a7a00000|100%|HC|  |TAMS 0x00000000a7900000, 0x00000000a7900000| Complete 
| 122|0x00000000a7a00000, 0x00000000a7b00000, 0x00000000a7b00000|100%|HS|  |TAMS 0x00000000a7a00000, 0x00000000a7a00000| Complete 
| 123|0x00000000a7b00000, 0x00000000a7c00000, 0x00000000a7c00000|100%|HS|  |TAMS 0x00000000a7b00000, 0x00000000a7b00000| Complete 
| 124|0x00000000a7c00000, 0x00000000a7d00000, 0x00000000a7d00000|100%|HC|  |TAMS 0x00000000a7c00000, 0x00000000a7c00000| Complete 
| 125|0x00000000a7d00000, 0x00000000a7e00000, 0x00000000a7e00000|100%|HS|  |TAMS 0x00000000a7d00000, 0x00000000a7d00000| Complete 
| 126|0x00000000a7e00000, 0x00000000a7f00000, 0x00000000a7f00000|100%|HC|  |TAMS 0x00000000a7e00000, 0x00000000a7e00000| Complete 
| 127|0x00000000a7f00000, 0x00000000a7f00000, 0x00000000a8000000|  0%| F|  |TAMS 0x00000000a7f00000, 0x00000000a7f00000| Untracked 
| 128|0x00000000a8000000, 0x00000000a8000000, 0x00000000a8100000|  0%| F|  |TAMS 0x00000000a8000000, 0x00000000a8000000| Untracked 
| 129|0x00000000a8100000, 0x00000000a8100000, 0x00000000a8200000|  0%| F|  |TAMS 0x00000000a8100000, 0x00000000a8100000| Untracked 
| 130|0x00000000a8200000, 0x00000000a8200000, 0x00000000a8300000|  0%| F|  |TAMS 0x00000000a8200000, 0x00000000a8200000| Untracked 
| 131|0x00000000a8300000, 0x00000000a8300000, 0x00000000a8400000|  0%| F|  |TAMS 0x00000000a8300000, 0x00000000a8300000| Untracked 
| 132|0x00000000a8400000, 0x00000000a8400000, 0x00000000a8500000|  0%| F|  |TAMS 0x00000000a8400000, 0x00000000a8400000| Untracked 
| 133|0x00000000a8500000, 0x00000000a8500000, 0x00000000a8600000|  0%| F|  |TAMS 0x00000000a8500000, 0x00000000a8500000| Untracked 
| 134|0x00000000a8600000, 0x00000000a8600000, 0x00000000a8700000|  0%| F|  |TAMS 0x00000000a8600000, 0x00000000a8600000| Untracked 
| 135|0x00000000a8700000, 0x00000000a8700000, 0x00000000a8800000|  0%| F|  |TAMS 0x00000000a8700000, 0x00000000a8700000| Untracked 
| 136|0x00000000a8800000, 0x00000000a8800000, 0x00000000a8900000|  0%| F|  |TAMS 0x00000000a8800000, 0x00000000a8800000| Untracked 
| 137|0x00000000a8900000, 0x00000000a8900000, 0x00000000a8a00000|  0%| F|  |TAMS 0x00000000a8900000, 0x00000000a8900000| Untracked 
| 138|0x00000000a8a00000, 0x00000000a8a00000, 0x00000000a8b00000|  0%| F|  |TAMS 0x00000000a8a00000, 0x00000000a8a00000| Untracked 
| 139|0x00000000a8b00000, 0x00000000a8b00000, 0x00000000a8c00000|  0%| F|  |TAMS 0x00000000a8b00000, 0x00000000a8b00000| Untracked 
| 140|0x00000000a8c00000, 0x00000000a8c00000, 0x00000000a8d00000|  0%| F|  |TAMS 0x00000000a8c00000, 0x00000000a8c00000| Untracked 
| 141|0x00000000a8d00000, 0x00000000a8d00000, 0x00000000a8e00000|  0%| F|  |TAMS 0x00000000a8d00000, 0x00000000a8d00000| Untracked 
| 142|0x00000000a8e00000, 0x00000000a8e00000, 0x00000000a8f00000|  0%| F|  |TAMS 0x00000000a8e00000, 0x00000000a8e00000| Untracked 
| 143|0x00000000a8f00000, 0x00000000a8f00000, 0x00000000a9000000|  0%| F|  |TAMS 0x00000000a8f00000, 0x00000000a8f00000| Untracked 
| 144|0x00000000a9000000, 0x00000000a90d3f98, 0x00000000a9100000| 82%| S|CS|TAMS 0x00000000a9000000, 0x00000000a9000000| Complete 
| 145|0x00000000a9100000, 0x00000000a9200000, 0x00000000a9200000|100%| S|CS|TAMS 0x00000000a9100000, 0x00000000a9100000| Complete 
| 146|0x00000000a9200000, 0x00000000a9300000, 0x00000000a9300000|100%| S|CS|TAMS 0x00000000a9200000, 0x00000000a9200000| Complete 
| 147|0x00000000a9300000, 0x00000000a9300000, 0x00000000a9400000|  0%| F|  |TAMS 0x00000000a9300000, 0x00000000a9300000| Untracked 
| 148|0x00000000a9400000, 0x00000000a9400000, 0x00000000a9500000|  0%| F|  |TAMS 0x00000000a9400000, 0x00000000a9400000| Untracked 
| 149|0x00000000a9500000, 0x00000000a9500000, 0x00000000a9600000|  0%| F|  |TAMS 0x00000000a9500000, 0x00000000a9500000| Untracked 
| 150|0x00000000a9600000, 0x00000000a9600000, 0x00000000a9700000|  0%| F|  |TAMS 0x00000000a9600000, 0x00000000a9600000| Untracked 
| 151|0x00000000a9700000, 0x00000000a9700000, 0x00000000a9800000|  0%| F|  |TAMS 0x00000000a9700000, 0x00000000a9700000| Untracked 
| 152|0x00000000a9800000, 0x00000000a9800000, 0x00000000a9900000|  0%| F|  |TAMS 0x00000000a9800000, 0x00000000a9800000| Untracked 
| 153|0x00000000a9900000, 0x00000000a99a0988, 0x00000000a9a00000| 62%| E|  |TAMS 0x00000000a9900000, 0x00000000a9900000| Complete 
| 154|0x00000000a9a00000, 0x00000000a9b00000, 0x00000000a9b00000|100%| E|CS|TAMS 0x00000000a9a00000, 0x00000000a9a00000| Complete 
| 155|0x00000000a9b00000, 0x00000000a9c00000, 0x00000000a9c00000|100%| E|CS|TAMS 0x00000000a9b00000, 0x00000000a9b00000| Complete 
| 156|0x00000000a9c00000, 0x00000000a9d00000, 0x00000000a9d00000|100%| E|CS|TAMS 0x00000000a9c00000, 0x00000000a9c00000| Complete 
| 157|0x00000000a9d00000, 0x00000000a9e00000, 0x00000000a9e00000|100%| E|  |TAMS 0x00000000a9d00000, 0x00000000a9d00000| Complete 
| 158|0x00000000a9e00000, 0x00000000a9f00000, 0x00000000a9f00000|100%| E|CS|TAMS 0x00000000a9e00000, 0x00000000a9e00000| Complete 
| 159|0x00000000a9f00000, 0x00000000aa000000, 0x00000000aa000000|100%| E|CS|TAMS 0x00000000a9f00000, 0x00000000a9f00000| Complete 
| 160|0x00000000aa000000, 0x00000000aa100000, 0x00000000aa100000|100%| E|CS|TAMS 0x00000000aa000000, 0x00000000aa000000| Complete 
| 161|0x00000000aa100000, 0x00000000aa200000, 0x00000000aa200000|100%| E|CS|TAMS 0x00000000aa100000, 0x00000000aa100000| Complete 
| 162|0x00000000aa200000, 0x00000000aa300000, 0x00000000aa300000|100%| E|CS|TAMS 0x00000000aa200000, 0x00000000aa200000| Complete 
| 163|0x00000000aa300000, 0x00000000aa400000, 0x00000000aa400000|100%| E|CS|TAMS 0x00000000aa300000, 0x00000000aa300000| Complete 
| 164|0x00000000aa400000, 0x00000000aa500000, 0x00000000aa500000|100%| E|CS|TAMS 0x00000000aa400000, 0x00000000aa400000| Complete 
| 165|0x00000000aa500000, 0x00000000aa600000, 0x00000000aa600000|100%| E|CS|TAMS 0x00000000aa500000, 0x00000000aa500000| Complete 
| 166|0x00000000aa600000, 0x00000000aa700000, 0x00000000aa700000|100%| E|CS|TAMS 0x00000000aa600000, 0x00000000aa600000| Complete 
| 167|0x00000000aa700000, 0x00000000aa800000, 0x00000000aa800000|100%| E|CS|TAMS 0x00000000aa700000, 0x00000000aa700000| Complete 
| 168|0x00000000aa800000, 0x00000000aa900000, 0x00000000aa900000|100%| E|CS|TAMS 0x00000000aa800000, 0x00000000aa800000| Complete 
| 169|0x00000000aa900000, 0x00000000aaa00000, 0x00000000aaa00000|100%| E|CS|TAMS 0x00000000aa900000, 0x00000000aa900000| Complete 
| 170|0x00000000aaa00000, 0x00000000aab00000, 0x00000000aab00000|100%| E|CS|TAMS 0x00000000aaa00000, 0x00000000aaa00000| Complete 
| 171|0x00000000aab00000, 0x00000000aac00000, 0x00000000aac00000|100%| E|CS|TAMS 0x00000000aab00000, 0x00000000aab00000| Complete 
| 172|0x00000000aac00000, 0x00000000aad00000, 0x00000000aad00000|100%| E|CS|TAMS 0x00000000aac00000, 0x00000000aac00000| Complete 
| 173|0x00000000aad00000, 0x00000000aae00000, 0x00000000aae00000|100%| E|CS|TAMS 0x00000000aad00000, 0x00000000aad00000| Complete 
| 174|0x00000000aae00000, 0x00000000aaf00000, 0x00000000aaf00000|100%| E|CS|TAMS 0x00000000aae00000, 0x00000000aae00000| Complete 
| 175|0x00000000aaf00000, 0x00000000ab000000, 0x00000000ab000000|100%| E|CS|TAMS 0x00000000aaf00000, 0x00000000aaf00000| Complete 
| 176|0x00000000ab000000, 0x00000000ab100000, 0x00000000ab100000|100%| E|CS|TAMS 0x00000000ab000000, 0x00000000ab000000| Complete 
| 177|0x00000000ab100000, 0x00000000ab200000, 0x00000000ab200000|100%| E|CS|TAMS 0x00000000ab100000, 0x00000000ab100000| Complete 
| 178|0x00000000ab200000, 0x00000000ab300000, 0x00000000ab300000|100%| E|CS|TAMS 0x00000000ab200000, 0x00000000ab200000| Complete 
| 179|0x00000000ab300000, 0x00000000ab400000, 0x00000000ab400000|100%| E|CS|TAMS 0x00000000ab300000, 0x00000000ab300000| Complete 
| 180|0x00000000ab400000, 0x00000000ab500000, 0x00000000ab500000|100%| E|CS|TAMS 0x00000000ab400000, 0x00000000ab400000| Complete 
| 181|0x00000000ab500000, 0x00000000ab600000, 0x00000000ab600000|100%| E|CS|TAMS 0x00000000ab500000, 0x00000000ab500000| Complete 
| 182|0x00000000ab600000, 0x00000000ab700000, 0x00000000ab700000|100%| E|CS|TAMS 0x00000000ab600000, 0x00000000ab600000| Complete 
| 183|0x00000000ab700000, 0x00000000ab800000, 0x00000000ab800000|100%| E|CS|TAMS 0x00000000ab700000, 0x00000000ab700000| Complete 
| 184|0x00000000ab800000, 0x00000000ab900000, 0x00000000ab900000|100%| E|CS|TAMS 0x00000000ab800000, 0x00000000ab800000| Complete 

Card table byte_map: [0x000001cfb0b80000,0x000001cfb0e80000] _byte_map_base: 0x000001cfb0680000

Marking Bits (Prev, Next): (CMBitMap*) 0x000001cf9d7a0460, (CMBitMap*) 0x000001cf9d7a0428
 Prev Bits: [0x000001cfb2980000, 0x000001cfb4180000)
 Next Bits: [0x000001cfb1180000, 0x000001cfb2980000)

Polling page: 0x000001cf9bec0000

Metaspace:

Usage:
  Non-class:     93.27 MB capacity,    91.30 MB ( 98%) used,     1.65 MB (  2%) free+waste,   329.50 KB ( <1%) overhead. 
      Class:     14.56 MB capacity,    13.42 MB ( 92%) used,  1012.24 KB (  7%) free+waste,   151.38 KB (  1%) overhead. 
       Both:    107.83 MB capacity,   104.72 MB ( 97%) used,     2.64 MB (  2%) free+waste,   480.88 KB ( <1%) overhead. 

Virtual space:
  Non-class space:       94.00 MB reserved,      93.46 MB (>99%) committed 
      Class space:        1.00 GB reserved,      14.63 MB (  1%) committed 
             Both:        1.09 GB reserved,     108.09 MB ( 10%) committed 

Chunk freelists:
   Non-Class:  0 bytes
       Class:  7.00 KB
        Both:  7.00 KB

MaxMetaspaceSize: 17179869184.00 GB
CompressedClassSpaceSize: 1.00 GB

CodeHeap 'non-profiled nmethods': size=120064Kb used=8876Kb max_used=8876Kb free=111187Kb
 bounds [0x000001cfa8d20000, 0x000001cfa95d0000, 0x000001cfb0260000]
CodeHeap 'profiled nmethods': size=120000Kb used=31160Kb max_used=31160Kb free=88839Kb
 bounds [0x000001cfa17f0000, 0x000001cfa3660000, 0x000001cfa8d20000]
CodeHeap 'non-nmethods': size=5696Kb used=2326Kb max_used=2370Kb free=3369Kb
 bounds [0x000001cfa1260000, 0x000001cfa14d0000, 0x000001cfa17f0000]
 total_blobs=15005 nmethods=14072 adapters=843
 compilation: enabled
              stopped_count=0, restarted_count=0
 full_count=0

Compilation events (20 events):
Event: 427.254 Thread 0x000001cfb6791000 nmethod 14265 0x000001cfa365bc10 code [0x000001cfa365be60, 0x000001cfa365c558]
Event: 427.278 Thread 0x000001cfb678b800 nmethod 14264% 0x000001cfa95c7110 code [0x000001cfa95c7320, 0x000001cfa95c7e68]
Event: 427.278 Thread 0x000001cfb678b800 14260 %     4       java.lang.StringUTF16::getChars @ 16 (42 bytes)
Event: 427.284 Thread 0x000001cfb678b800 nmethod 14260% 0x000001cfa95c8510 code [0x000001cfa95c86a0, 0x000001cfa95c89f8]
Event: 427.284 Thread 0x000001cfb678b800 14136       4       org.apache.xerces.dom.NodeImpl::needsSyncChildren (15 bytes)
Event: 427.285 Thread 0x000001cfb678b800 nmethod 14136 0x000001cfa95c8b10 code [0x000001cfa95c8ca0, 0x000001cfa95c8d18]
Event: 427.285 Thread 0x000001cfb678b800 14262       4       java.lang.Character::isSurrogate (18 bytes)
Event: 427.285 Thread 0x000001cfb678b800 nmethod 14262 0x000001cfa95c8d90 code [0x000001cfa95c8f20, 0x000001cfa95c8f78]
Event: 427.285 Thread 0x000001cfb678b800 14154       4       org.apache.xerces.dom.NodeImpl::ownerDocument (23 bytes)
Event: 427.286 Thread 0x000001cfb678b800 nmethod 14154 0x000001cfa95c9010 code [0x000001cfa95c91a0, 0x000001cfa95c9278]
Event: 427.286 Thread 0x000001cfb678b800 14202       4       org.apache.xerces.dom.ChildNode::parentNode (16 bytes)
Event: 427.286 Thread 0x000001cfb678b800 nmethod 14202 0x000001cfa95c9390 code [0x000001cfa95c9520, 0x000001cfa95c9598]
Event: 427.286 Thread 0x000001cfb678b800 14190       4       org.apache.xerces.dom.ParentNode::item (6 bytes)
Event: 427.299 Thread 0x000001cfb678b800 nmethod 14190 0x000001cfa95c9610 code [0x000001cfa95c97c0, 0x000001cfa95c9d78]
Event: 427.299 Thread 0x000001cfb678b800 14153       4       org.apache.xerces.dom.NodeImpl::isOwned (28 bytes)
Event: 427.300 Thread 0x000001cfb678b800 nmethod 14153 0x000001cfa95ca010 code [0x000001cfa95ca1a0, 0x000001cfa95ca238]
Event: 427.300 Thread 0x000001cfb678b800 14215       4       org.apache.xerces.dom.NamedNodeMapImpl::item (38 bytes)
Event: 427.302 Thread 0x000001cfb678b800 nmethod 14215 0x000001cfa95ca310 code [0x000001cfa95ca4c0, 0x000001cfa95ca678]
Event: 427.302 Thread 0x000001cfb678b800 14213       4       org.apache.xerces.dom.ParentNode::getLength (5 bytes)
Event: 427.314 Thread 0x000001cfb678b800 nmethod 14213 0x000001cfa95ca890 code [0x000001cfa95caa40, 0x000001cfa95cafd8]

GC Heap History (20 events):
Event: 28.525 GC heap before
{Heap before GC invocations=30 (full 0):
 garbage-first heap   total 157696K, used 131424K [0x00000000a0000000, 0x0000000100000000)
  region size 1024K, 42 young (43008K), 5 survivors (5120K)
 Metaspace       used 86007K, capacity 88432K, committed 88664K, reserved 1126400K
  class space    used 11277K, capacity 12112K, committed 12160K, reserved 1048576K
}
Event: 28.547 GC heap after
{Heap after GC invocations=31 (full 0):
 garbage-first heap   total 157696K, used 95875K [0x00000000a0000000, 0x0000000100000000)
  region size 1024K, 5 young (5120K), 5 survivors (5120K)
 Metaspace       used 86007K, capacity 88432K, committed 88664K, reserved 1126400K
  class space    used 11277K, capacity 12112K, committed 12160K, reserved 1048576K
}
Event: 29.644 GC heap before
{Heap before GC invocations=31 (full 0):
 garbage-first heap   total 157696K, used 120451K [0x00000000a0000000, 0x0000000100000000)
  region size 1024K, 31 young (31744K), 5 survivors (5120K)
 Metaspace       used 88630K, capacity 91064K, committed 91224K, reserved 1128448K
  class space    used 11575K, capacity 12410K, committed 12416K, reserved 1048576K
}
Event: 29.664 GC heap after
{Heap after GC invocations=32 (full 0):
 garbage-first heap   total 157696K, used 99703K [0x00000000a0000000, 0x0000000100000000)
  region size 1024K, 5 young (5120K), 5 survivors (5120K)
 Metaspace       used 88630K, capacity 91064K, committed 91224K, reserved 1128448K
  class space    used 11575K, capacity 12410K, committed 12416K, reserved 1048576K
}
Event: 31.072 GC heap before
{Heap before GC invocations=33 (full 0):
 garbage-first heap   total 157696K, used 133495K [0x00000000a0000000, 0x0000000100000000)
  region size 1024K, 37 young (37888K), 5 survivors (5120K)
 Metaspace       used 93667K, capacity 96180K, committed 96472K, reserved 1132544K
  class space    used 12177K, capacity 13018K, committed 13056K, reserved 1048576K
}
Event: 31.092 GC heap after
{Heap after GC invocations=34 (full 0):
 garbage-first heap   total 189440K, used 100789K [0x00000000a0000000, 0x0000000100000000)
  region size 1024K, 2 young (2048K), 2 survivors (2048K)
 Metaspace       used 93667K, capacity 96180K, committed 96472K, reserved 1132544K
  class space    used 12177K, capacity 13018K, committed 13056K, reserved 1048576K
}
Event: 33.093 GC heap before
{Heap before GC invocations=34 (full 0):
 garbage-first heap   total 189440K, used 143797K [0x00000000a0000000, 0x0000000100000000)
  region size 1024K, 45 young (46080K), 2 survivors (2048K)
 Metaspace       used 97008K, capacity 99731K, committed 99800K, reserved 1136640K
  class space    used 12595K, capacity 13526K, committed 13568K, reserved 1048576K
}
Event: 33.111 GC heap after
{Heap after GC invocations=35 (full 0):
 garbage-first heap   total 189440K, used 103797K [0x00000000a0000000, 0x0000000100000000)
  region size 1024K, 5 young (5120K), 5 survivors (5120K)
 Metaspace       used 97008K, capacity 99731K, committed 99800K, reserved 1136640K
  class space    used 12595K, capacity 13526K, committed 13568K, reserved 1048576K
}
Event: 34.709 GC heap before
{Heap before GC invocations=36 (full 0):
 garbage-first heap   total 189440K, used 146805K [0x00000000a0000000, 0x0000000100000000)
  region size 1024K, 48 young (49152K), 5 survivors (5120K)
 Metaspace       used 97362K, capacity 100038K, committed 100312K, reserved 1136640K
  class space    used 12600K, capacity 13531K, committed 13568K, reserved 1048576K
}
Event: 34.731 GC heap after
{Heap after GC invocations=37 (full 0):
 garbage-first heap   total 189440K, used 106474K [0x00000000a0000000, 0x0000000100000000)
  region size 1024K, 6 young (6144K), 6 survivors (6144K)
 Metaspace       used 97362K, capacity 100038K, committed 100312K, reserved 1136640K
  class space    used 12600K, capacity 13531K, committed 13568K, reserved 1048576K
}
Event: 36.875 GC heap before
{Heap before GC invocations=37 (full 0):
 garbage-first heap   total 189440K, used 149482K [0x00000000a0000000, 0x0000000100000000)
  region size 1024K, 49 young (50176K), 6 survivors (6144K)
 Metaspace       used 98182K, capacity 100841K, committed 100952K, reserved 1136640K
  class space    used 12664K, capacity 13616K, committed 13696K, reserved 1048576K
}
Event: 36.897 GC heap after
{Heap after GC invocations=38 (full 0):
 garbage-first heap   total 189440K, used 109106K [0x00000000a0000000, 0x0000000100000000)
  region size 1024K, 6 young (6144K), 6 survivors (6144K)
 Metaspace       used 98182K, capacity 100841K, committed 100952K, reserved 1136640K
  class space    used 12664K, capacity 13616K, committed 13696K, reserved 1048576K
}
Event: 39.226 GC heap before
{Heap before GC invocations=39 (full 0):
 garbage-first heap   total 189440K, used 152114K [0x00000000a0000000, 0x0000000100000000)
  region size 1024K, 49 young (50176K), 6 survivors (6144K)
 Metaspace       used 101815K, capacity 104763K, committed 104920K, reserved 1140736K
  class space    used 13159K, capacity 14245K, committed 14336K, reserved 1048576K
}
Event: 39.247 GC heap after
{Heap after GC invocations=40 (full 0):
 garbage-first heap   total 189440K, used 111944K [0x00000000a0000000, 0x0000000100000000)
  region size 1024K, 6 young (6144K), 6 survivors (6144K)
 Metaspace       used 101815K, capacity 104763K, committed 104920K, reserved 1140736K
  class space    used 13159K, capacity 14245K, committed 14336K, reserved 1048576K
}
Event: 421.855 GC heap before
{Heap before GC invocations=40 (full 0):
 garbage-first heap   total 189440K, used 155976K [0x00000000a0000000, 0x0000000100000000)
  region size 1024K, 49 young (50176K), 6 survivors (6144K)
 Metaspace       used 103471K, capacity 106601K, committed 106712K, reserved 1140736K
  class space    used 13341K, capacity 14509K, committed 14592K, reserved 1048576K
}
Event: 421.868 GC heap after
{Heap after GC invocations=41 (full 0):
 garbage-first heap   total 189440K, used 113882K [0x00000000a0000000, 0x0000000100000000)
  region size 1024K, 5 young (5120K), 5 survivors (5120K)
 Metaspace       used 103471K, capacity 106601K, committed 106712K, reserved 1140736K
  class space    used 13341K, capacity 14509K, committed 14592K, reserved 1048576K
}
Event: 423.771 GC heap before
{Heap before GC invocations=42 (full 0):
 garbage-first heap   total 189440K, used 157914K [0x00000000a0000000, 0x0000000100000000)
  region size 1024K, 48 young (49152K), 5 survivors (5120K)
 Metaspace       used 104823K, capacity 108030K, committed 108120K, reserved 1142784K
  class space    used 13508K, capacity 14699K, committed 14720K, reserved 1048576K
}
Event: 423.791 GC heap after
{Heap after GC invocations=43 (full 0):
 garbage-first heap   total 189440K, used 119310K [0x00000000a0000000, 0x0000000100000000)
  region size 1024K, 6 young (6144K), 6 survivors (6144K)
 Metaspace       used 104823K, capacity 108030K, committed 108120K, reserved 1142784K
  class space    used 13508K, capacity 14699K, committed 14720K, reserved 1048576K
}
Event: 424.879 GC heap before
{Heap before GC invocations=43 (full 0):
 garbage-first heap   total 189440K, used 156174K [0x00000000a0000000, 0x0000000100000000)
  region size 1024K, 44 young (45056K), 6 survivors (6144K)
 Metaspace       used 105880K, capacity 109162K, committed 109272K, reserved 1144832K
  class space    used 13603K, capacity 14792K, committed 14848K, reserved 1048576K
}
Event: 424.911 GC heap after
{Heap after GC invocations=44 (full 0):
 garbage-first heap   total 189440K, used 122357K [0x00000000a0000000, 0x0000000100000000)
  region size 1024K, 3 young (3072K), 3 survivors (3072K)
 Metaspace       used 105880K, capacity 109162K, committed 109272K, reserved 1144832K
  class space    used 13603K, capacity 14792K, committed 14848K, reserved 1048576K
}

Deoptimization events (20 events):
Event: 427.169 Thread 0x000001cfb77aa000 DEOPT PACKING pc=0x000001cfa3636a78 sp=0x000000a1076fa1e0
Event: 427.169 Thread 0x000001cfb77aa000 DEOPT UNPACKING pc=0x000001cfa12876ce sp=0x000000a1076f9710 mode 0
Event: 427.170 Thread 0x000001cfb77aa000 DEOPT PACKING pc=0x000001cfa3636a78 sp=0x000000a1076fa1e0
Event: 427.170 Thread 0x000001cfb77aa000 DEOPT UNPACKING pc=0x000001cfa12876ce sp=0x000000a1076f9710 mode 0
Event: 427.172 Thread 0x000001cfb77aa000 DEOPT PACKING pc=0x000001cfa363cd50 sp=0x000000a1076fa030
Event: 427.172 Thread 0x000001cfb77aa000 DEOPT UNPACKING pc=0x000001cfa12876ce sp=0x000000a1076f9560 mode 0
Event: 427.191 Thread 0x000001cfb77aa000 DEOPT PACKING pc=0x000001cfa363d5de sp=0x000000a1076f9e50
Event: 427.191 Thread 0x000001cfb77aa000 DEOPT UNPACKING pc=0x000001cfa12876ce sp=0x000000a1076f92e8 mode 0
Event: 427.220 Thread 0x000001cfb77aa000 Uncommon trap: trap_request=0xffffff4d fr.pc=0x000001cfa8de0c48 relative=0x0000000000000388
Event: 427.220 Thread 0x000001cfb77aa000 Uncommon trap: reason=unstable_if action=reinterpret pc=0x000001cfa8de0c48 method=java.lang.StringBuilder.toString()Ljava/lang/String; @ 4 c2
Event: 427.220 Thread 0x000001cfb77aa000 DEOPT PACKING pc=0x000001cfa8de0c48 sp=0x000000a1076fa8b0
Event: 427.220 Thread 0x000001cfb77aa000 DEOPT UNPACKING pc=0x000001cfa12878af sp=0x000000a1076fa890 mode 2
Event: 427.224 Thread 0x000001cfbc862800 Uncommon trap: trap_request=0xffffff4d fr.pc=0x000001cfa95a1e88 relative=0x0000000000000548
Event: 427.224 Thread 0x000001cfbc862800 Uncommon trap: reason=unstable_if action=reinterpret pc=0x000001cfa95a1e88 method=org.gradle.internal.file.DefaultFileHierarchySet$Node.isChildOfOrThis(Ljava/lang/String;I)Z @ 35 c2
Event: 427.224 Thread 0x000001cfbc862800 DEOPT PACKING pc=0x000001cfa95a1e88 sp=0x000000a1065feff0
Event: 427.224 Thread 0x000001cfbc862800 DEOPT UNPACKING pc=0x000001cfa12878af sp=0x000000a1065fef58 mode 2
Event: 427.225 Thread 0x000001cfb77aa000 Uncommon trap: trap_request=0xffffff4d fr.pc=0x000001cfa8d34518 relative=0x0000000000000258
Event: 427.225 Thread 0x000001cfb77aa000 Uncommon trap: reason=unstable_if action=reinterpret pc=0x000001cfa8d34518 method=java.lang.String.getChars(II[CI)V @ 23 c2
Event: 427.225 Thread 0x000001cfb77aa000 DEOPT PACKING pc=0x000001cfa8d34518 sp=0x000000a1076fa7f0
Event: 427.225 Thread 0x000001cfb77aa000 DEOPT UNPACKING pc=0x000001cfa12878af sp=0x000000a1076fa7b0 mode 2

Classes redefined (0 events):
No events

Internal exceptions (20 events):
Event: 422.787 Thread 0x000001cfbc57a000 Exception <a 'sun/nio/fs/WindowsException'{0x00000000aa1a44d8}> (0x00000000aa1a44d8) thrown at [./src/hotspot/share/prims/jni.cpp, line 615]
Event: 422.987 Thread 0x000001cfbc57a000 Exception <a 'sun/nio/fs/WindowsException'{0x00000000aa063440}> (0x00000000aa063440) thrown at [./src/hotspot/share/prims/jni.cpp, line 615]
Event: 422.987 Thread 0x000001cfbc57a000 Exception <a 'sun/nio/fs/WindowsException'{0x00000000aa064508}> (0x00000000aa064508) thrown at [./src/hotspot/share/prims/jni.cpp, line 615]
Event: 422.988 Thread 0x000001cfbc57a000 Exception <a 'sun/nio/fs/WindowsException'{0x00000000aa065620}> (0x00000000aa065620) thrown at [./src/hotspot/share/prims/jni.cpp, line 615]
Event: 422.988 Thread 0x000001cfbc57a000 Exception <a 'sun/nio/fs/WindowsException'{0x00000000aa066738}> (0x00000000aa066738) thrown at [./src/hotspot/share/prims/jni.cpp, line 615]
Event: 423.442 Thread 0x000001cfbc575800 Exception <a 'java/lang/NoSuchMethodError'{0x00000000aa8f3228}: <clinit>> (0x00000000aa8f3228) thrown at [./src/hotspot/share/prims/jni.cpp, line 1362]
Event: 423.443 Thread 0x000001cfbc575800 Exception <a 'java/lang/NoSuchMethodError'{0x00000000a972b028}: <clinit>> (0x00000000a972b028) thrown at [./src/hotspot/share/prims/jni.cpp, line 1362]
Event: 423.455 Thread 0x000001cfbc575800 Exception <a 'java/lang/NoSuchMethodError'{0x00000000a9735398}: <clinit>> (0x00000000a9735398) thrown at [./src/hotspot/share/prims/jni.cpp, line 1362]
Event: 423.457 Thread 0x000001cfbc575800 Exception <a 'java/lang/NoSuchMethodError'{0x00000000a976b480}: <clinit>> (0x00000000a976b480) thrown at [./src/hotspot/share/prims/jni.cpp, line 1362]
Event: 423.457 Thread 0x000001cfbc575800 Exception <a 'java/lang/NoSuchMethodError'{0x00000000a976c758}: <clinit>> (0x00000000a976c758) thrown at [./src/hotspot/share/prims/jni.cpp, line 1362]
Event: 423.484 Thread 0x000001cfbc86c800 Implicit null exception at 0x000001cfa94d0694 to 0x000001cfa94d1f48
Event: 423.485 Thread 0x000001cfbc86c800 Implicit null exception at 0x000001cfa94cbf04 to 0x000001cfa94cd700
Event: 423.488 Thread 0x000001cfb77aa800 Exception <a 'java/lang/NoSuchMethodError'{0x00000000a95c3880}: <clinit>> (0x00000000a95c3880) thrown at [./src/hotspot/share/prims/jni.cpp, line 1362]
Event: 423.490 Thread 0x000001cfb77aa800 Exception <a 'java/lang/NoSuchMethodError'{0x00000000a95f04f0}: <clinit>> (0x00000000a95f04f0) thrown at [./src/hotspot/share/prims/jni.cpp, line 1362]
Event: 423.493 Thread 0x000001cfb77aa800 Exception <a 'java/lang/NoSuchMethodError'{0x00000000a941d358}: <clinit>> (0x00000000a941d358) thrown at [./src/hotspot/share/prims/jni.cpp, line 1362]
Event: 423.506 Thread 0x000001cfbc575800 Exception <a 'java/lang/NoSuchMethodError'{0x00000000a9530810}: <clinit>> (0x00000000a9530810) thrown at [./src/hotspot/share/prims/jni.cpp, line 1362]
Event: 426.279 Thread 0x000001cfb77aa000 Implicit null exception at 0x000001cfa957f695 to 0x000001cfa9580056
Event: 427.008 Thread 0x000001cfb77aa000 Implicit null exception at 0x000001cfa95813e7 to 0x000001cfa9581f74
Event: 427.063 Thread 0x000001cfb77aa000 Implicit null exception at 0x000001cfa957a1a8 to 0x000001cfa957a3c4
Event: 427.069 Thread 0x000001cfb77aa000 Implicit null exception at 0x000001cfa9576504 to 0x000001cfa95766fc

Events (20 events):
Event: 427.222 loading class com/google/common/io/CharSink
Event: 427.222 loading class com/google/common/io/CharSink done
Event: 427.222 loading class com/google/common/io/ByteSink$AsCharSink
Event: 427.222 loading class com/google/common/io/ByteSink$AsCharSink done
Event: 427.254 loading class com/android/aaptcompiler/ResourceCompiler
Event: 427.254 loading class com/android/aaptcompiler/ResourceCompiler done
Event: 427.254 Executing VM operation: RevokeBias
Event: 427.255 Executing VM operation: RevokeBias done
Event: 427.255 Executing VM operation: BulkRevokeBias
Event: 427.255 Executing VM operation: BulkRevokeBias done
Event: 427.303 loading class com/android/aaptcompiler/ResourceCompilationException
Event: 427.303 loading class com/android/aaptcompiler/ResourceCompilationException done
Event: 427.304 loading class com/android/aaptcompiler/ResourcePathDataKt
Event: 427.304 loading class com/android/aaptcompiler/ResourcePathDataKt done
Event: 427.306 loading class com/android/aaptcompiler/Source
Event: 427.306 loading class com/android/aaptcompiler/Source done
Event: 427.307 loading class com/android/aaptcompiler/Source$Companion
Event: 427.307 loading class com/android/aaptcompiler/Source$Companion done
Event: 427.316 loading class com/android/aaptcompiler/ConfigDescriptionKt
Event: 427.316 loading class com/android/aaptcompiler/ConfigDescriptionKt done


Dynamic libraries:
0x00007ff6ce940000 - 0x00007ff6ce94a000 	C:\Program Files\Android\Android Studio\jre\bin\java.exe
0x00007ffb12110000 - 0x00007ffb12304000 	C:\WINDOWS\SYSTEM32\ntdll.dll
0x00007ffb11040000 - 0x00007ffb110fd000 	C:\WINDOWS\System32\KERNEL32.DLL
0x00007ffb0f8e0000 - 0x00007ffb0fba7000 	C:\WINDOWS\System32\KERNELBASE.dll
0x00007ffb0fff0000 - 0x00007ffb100f0000 	C:\WINDOWS\System32\ucrtbase.dll
0x00007ffb06310000 - 0x00007ffb06329000 	C:\Program Files\Android\Android Studio\jre\bin\jli.dll
0x00007ffafc180000 - 0x00007ffafc197000 	C:\Program Files\Android\Android Studio\jre\bin\VCRUNTIME140.dll
0x00007ffb11a00000 - 0x00007ffb11ba0000 	C:\WINDOWS\System32\USER32.dll
0x00007ffb0f8b0000 - 0x00007ffb0f8d2000 	C:\WINDOWS\System32\win32u.dll
0x00007ffaf8510000 - 0x00007ffaf87aa000 	C:\WINDOWS\WinSxS\amd64_microsoft.windows.common-controls_6595b64144ccf1df_6.0.19041.1_none_b555e41d4684ddec\COMCTL32.dll
0x00007ffb10410000 - 0x00007ffb1043a000 	C:\WINDOWS\System32\GDI32.dll
0x00007ffb11640000 - 0x00007ffb116de000 	C:\WINDOWS\System32\msvcrt.dll
0x00007ffb0fce0000 - 0x00007ffb0fdea000 	C:\WINDOWS\System32\gdi32full.dll
0x00007ffb0fdf0000 - 0x00007ffb0fe8d000 	C:\WINDOWS\System32\msvcp_win.dll
0x00007ffb11590000 - 0x00007ffb115c0000 	C:\WINDOWS\System32\IMM32.DLL
0x00007ffaef790000 - 0x00007ffaef82d000 	C:\Program Files\Android\Android Studio\jre\bin\msvcp140.dll
0x00007ffadaf50000 - 0x00007ffadba1f000 	C:\Program Files\Android\Android Studio\jre\bin\server\jvm.dll
0x00007ffb10d40000 - 0x00007ffb10dea000 	C:\WINDOWS\System32\ADVAPI32.dll
0x00007ffb116e0000 - 0x00007ffb1177b000 	C:\WINDOWS\System32\sechost.dll
0x00007ffb10f10000 - 0x00007ffb11033000 	C:\WINDOWS\System32\RPCRT4.dll
0x00007ffb11ba0000 - 0x00007ffb11ba8000 	C:\WINDOWS\System32\PSAPI.DLL
0x00007ffafd030000 - 0x00007ffafd039000 	C:\WINDOWS\SYSTEM32\WSOCK32.dll
0x00007ffb118b0000 - 0x00007ffb1191b000 	C:\WINDOWS\System32\WS2_32.dll
0x00007ffaf6910000 - 0x00007ffaf6937000 	C:\WINDOWS\SYSTEM32\WINMM.dll
0x00007ffb06c60000 - 0x00007ffb06c6a000 	C:\WINDOWS\SYSTEM32\VERSION.dll
0x00007ffb0e160000 - 0x00007ffb0e173000 	C:\WINDOWS\SYSTEM32\kernel.appcore.dll
0x00007ffaf8e50000 - 0x00007ffaf8e61000 	C:\Program Files\Android\Android Studio\jre\bin\verify.dll
0x00007ffb0df40000 - 0x00007ffb0e124000 	C:\WINDOWS\SYSTEM32\DBGHELP.DLL
0x00007ffaf57b0000 - 0x00007ffaf57dc000 	C:\WINDOWS\SYSTEM32\dbgcore.DLL
0x00007ffb100f0000 - 0x00007ffb1016f000 	C:\WINDOWS\System32\bcryptPrimitives.dll
0x00007ffaf8d50000 - 0x00007ffaf8d79000 	C:\Program Files\Android\Android Studio\jre\bin\java.dll
0x00007ffafd020000 - 0x00007ffafd02b000 	C:\Program Files\Android\Android Studio\jre\bin\jimage.dll
0x00007ffaf8e30000 - 0x00007ffaf8e48000 	C:\Program Files\Android\Android Studio\jre\bin\zip.dll
0x00007ffb10440000 - 0x00007ffb10b71000 	C:\WINDOWS\System32\SHELL32.dll
0x00007ffb0d7b0000 - 0x00007ffb0df3a000 	C:\WINDOWS\SYSTEM32\windows.storage.dll
0x00007ffb11c10000 - 0x00007ffb11f64000 	C:\WINDOWS\System32\combase.dll
0x00007ffb0f2d0000 - 0x00007ffb0f2fb000 	C:\WINDOWS\SYSTEM32\Wldp.dll
0x00007ffb12020000 - 0x00007ffb120ce000 	C:\WINDOWS\System32\SHCORE.dll
0x00007ffb10170000 - 0x00007ffb101c5000 	C:\WINDOWS\System32\shlwapi.dll
0x00007ffb0f790000 - 0x00007ffb0f7af000 	C:\WINDOWS\SYSTEM32\profapi.dll
0x00007ffaf8d30000 - 0x00007ffaf8d4a000 	C:\Program Files\Android\Android Studio\jre\bin\net.dll
0x00007ffaf8210000 - 0x00007ffaf8312000 	C:\WINDOWS\SYSTEM32\WINHTTP.dll
0x00007ffb0f050000 - 0x00007ffb0f0ba000 	C:\WINDOWS\system32\mswsock.dll
0x00007ffaf8d10000 - 0x00007ffaf8d24000 	C:\Program Files\Android\Android Studio\jre\bin\nio.dll
0x00007ffaef730000 - 0x00007ffaef757000 	C:\Users\HP\.gradle\wrapper\dists\gradle-2.14.1-all\native\8bec1ad78214c89d9ad589b4d07fe93259594b29d510b10fafb7a158f7737e5d\windows-amd64\native-platform.dll
0x00007ffabaa40000 - 0x00007ffabab7d000 	C:\Users\HP\.gradle\wrapper\dists\gradle-2.14.1-all\native\53dbd7edfb1c66fb8903c78663c9afc45aea4f116125fa6feffd364cf09443e8\windows-amd64\native-platform-file-events.dll
0x00007ffafc2e0000 - 0x00007ffafc2ea000 	C:\Program Files\Android\Android Studio\jre\bin\management.dll
0x00007ffaf8d00000 - 0x00007ffaf8d0c000 	C:\Program Files\Android\Android Studio\jre\bin\management_ext.dll
0x00007ffb0f220000 - 0x00007ffb0f238000 	C:\WINDOWS\SYSTEM32\CRYPTSP.dll
0x00007ffb0e970000 - 0x00007ffb0e9a4000 	C:\WINDOWS\system32\rsaenh.dll
0x00007ffb0fcb0000 - 0x00007ffb0fcd7000 	C:\WINDOWS\System32\bcrypt.dll
0x00007ffb0f710000 - 0x00007ffb0f73e000 	C:\WINDOWS\SYSTEM32\USERENV.dll
0x00007ffb0f240000 - 0x00007ffb0f24c000 	C:\WINDOWS\SYSTEM32\CRYPTBASE.dll
0x00007ffb0ecf0000 - 0x00007ffb0ed2b000 	C:\WINDOWS\SYSTEM32\IPHLPAPI.DLL
0x00007ffb11630000 - 0x00007ffb11639000 	C:\WINDOWS\System32\NSI.dll
0x00007ffb0d580000 - 0x00007ffb0d597000 	C:\WINDOWS\SYSTEM32\dhcpcsvc6.DLL
0x00007ffb0d560000 - 0x00007ffb0d57d000 	C:\WINDOWS\SYSTEM32\dhcpcsvc.DLL
0x00007ffb0ed30000 - 0x00007ffb0edfa000 	C:\WINDOWS\SYSTEM32\DNSAPI.dll

dbghelp: loaded successfully - version: 4.0.5 - missing functions: none
symbol engine: initialized successfully - sym options: 0x614 - pdb path: .;C:\Program Files\Android\Android Studio\jre\bin;C:\WINDOWS\SYSTEM32;C:\WINDOWS\WinSxS\amd64_microsoft.windows.common-controls_6595b64144ccf1df_6.0.19041.1_none_b555e41d4684ddec;C:\Program Files\Android\Android Studio\jre\bin\server;C:\Users\HP\.gradle\wrapper\dists\gradle-2.14.1-all\native\8bec1ad78214c89d9ad589b4d07fe93259594b29d510b10fafb7a158f7737e5d\windows-amd64;C:\Users\HP\.gradle\wrapper\dists\gradle-2.14.1-all\native\53dbd7edfb1c66fb8903c78663c9afc45aea4f116125fa6feffd364cf09443e8\windows-amd64

VM Arguments:
jvm_args: --add-opens=java.base/java.util=ALL-UNNAMED --add-opens=java.base/java.lang=ALL-UNNAMED --add-opens=java.base/java.lang.invoke=ALL-UNNAMED --add-opens=java.base/java.util=ALL-UNNAMED --add-opens=java.prefs/java.util.prefs=ALL-UNNAMED --add-opens=java.prefs/java.util.prefs=ALL-UNNAMED --add-opens=java.base/java.nio.charset=ALL-UNNAMED --add-opens=java.base/java.net=ALL-UNNAMED --add-opens=java.base/java.util.concurrent.atomic=ALL-UNNAMED -Xmx1536m -Dfile.encoding=windows-1252 -Duser.country=US -Duser.language=en -Duser.variant 
java_command: org.gradle.launcher.daemon.bootstrap.GradleDaemon 7.0.2
java_class_path (initial): C:\Users\HP\.gradle\wrapper\dists\gradle-2.14.1-all\wrapper\dists\gradle-7.0.2-all\7era6s5ay7zsbhuvl0oc9g94s\gradle-7.0.2\lib\gradle-launcher-7.0.2.jar
Launcher Type: SUN_STANDARD

[Global flags]
     intx CICompilerCount                          = 3                                         {product} {ergonomic}
     uint ConcGCThreads                            = 1                                         {product} {ergonomic}
     uint G1ConcRefinementThreads                  = 4                                         {product} {ergonomic}
   size_t G1HeapRegionSize                         = 1048576                                   {product} {ergonomic}
    uintx GCDrainStackTargetSize                   = 64                                        {product} {ergonomic}
   size_t InitialHeapSize                          = 134217728                                 {product} {ergonomic}
   size_t MarkStackSize                            = 4194304                                   {product} {ergonomic}
   size_t MaxHeapSize                              = 1610612736                                {product} {command line}
   size_t MaxNewSize                               = 965738496                                 {product} {ergonomic}
   size_t MinHeapDeltaBytes                        = 1048576                                   {product} {ergonomic}
    uintx NonNMethodCodeHeapSize                   = 5830732                                {pd product} {ergonomic}
    uintx NonProfiledCodeHeapSize                  = 122913754                              {pd product} {ergonomic}
    uintx ProfiledCodeHeapSize                     = 122913754                              {pd product} {ergonomic}
    uintx ReservedCodeCacheSize                    = 251658240                              {pd product} {ergonomic}
     bool SegmentedCodeCache                       = true                                      {product} {ergonomic}
     bool UseCompressedClassPointers               = true                                 {lp64_product} {ergonomic}
     bool UseCompressedOops                        = true                                 {lp64_product} {ergonomic}
     bool UseG1GC                                  = true                                      {product} {ergonomic}
     bool UseLargePagesIndividualAllocation        = false                                  {pd product} {ergonomic}

Logging:
Log output configuration:
 #0: stdout all=warning uptime,level,tags
 #1: stderr all=off uptime,level,tags

Environment Variables:
PATH=C:\WINDOWS\system32;C:\WINDOWS;C:\WINDOWS\System32\Wbem;C:\WINDOWS\System32\WindowsPowerShell\v1.0\;C:\WINDOWS\System32\OpenSSH\;E:\New folder\;C:\Users\HP\AppData\Local\Microsoft\WindowsApps;E:\VS Code\Microsoft VS Code\bin;C:\Users\HP\AppData\Roaming\npm;C:\Users\HP\AppData\Local\GitHubDesktop\bin;C:\Users\HP\Flutter\flutter\bin;
USERNAME=HP
OS=Windows_NT
PROCESSOR_IDENTIFIER=Intel64 Family 6 Model 142 Stepping 9, GenuineIntel



---------------  S Y S T E M  ---------------

OS: Windows 10 , 64 bit Build 19041 (10.0.19041.1)
OS uptime: 0 days 1:14 hours

CPU:total 4 (initial active 4) (2 cores per cpu, 2 threads per core) family 6 model 142 stepping 9 microcode 0xb4, cmov, cx8, fxsr, mmx, sse, sse2, sse3, ssse3, sse4.1, sse4.2, popcnt, avx, avx2, aes, clmul, erms, 3dnowpref, lzcnt, ht, tsc, tscinvbit, bmi1, bmi2, adx, fma

Memory: 4k page, system-wide physical 8075M (1701M free)
TotalPageFile size 16267M (AvailPageFile size 9530M)
current process WorkingSet (physical memory assigned to process): 474M, peak: 476M
current process commit charge ("private bytes"): 504M, peak: 506M

vm_info: OpenJDK 64-Bit Server VM (11.0.10+0-b96-7249189) for windows-amd64 JRE (11.0.10+0-b96-7249189), built on Mar 31 2021 21:44:00 by "builder" with MS VC++ 14.0 (VS2015)

END.
