#
# A fatal error has been detected by the Java Runtime Environment:
#
#  EXCEPTION_ACCESS_VIOLATION (0xc0000005) at pc=0x00007ffdaf84a469, pid=4696, tid=8632
#
# JRE version: OpenJDK Runtime Environment (11.0.10) (build 11.0.10+0-b96-7249189)
# Java VM: OpenJDK 64-Bit Server VM (11.0.10+0-b96-7249189, mixed mode, tiered, compressed oops, g1 gc, windows-amd64)
# Problematic frame:
# V  [jvm.dll+0x2da469]
#
# No core dump will be written. Minidumps are not enabled by default on client versions of Windows
#
# If you would like to submit a bug report, please visit:
#   https://bugreport.java.com/bugreport/crash.jsp
#

---------------  S U M M A R Y ------------

Command Line: --add-opens=java.base/java.util=ALL-UNNAMED --add-opens=java.base/java.lang=ALL-UNNAMED --add-opens=java.base/java.lang.invoke=ALL-UNNAMED --add-opens=java.base/java.util=ALL-UNNAMED --add-opens=java.prefs/java.util.prefs=ALL-UNNAMED --add-opens=java.prefs/java.util.prefs=ALL-UNNAMED --add-opens=java.base/java.nio.charset=ALL-UNNAMED --add-opens=java.base/java.net=ALL-UNNAMED --add-opens=java.base/java.util.concurrent.atomic=ALL-UNNAMED -Xmx1536m -Dfile.encoding=windows-1252 -Duser.country=US -Duser.language=en -Duser.variant org.gradle.launcher.daemon.bootstrap.GradleDaemon 7.0.2

Host: Intel(R) Core(TM) i3-7020U CPU @ 2.30GHz, 4 cores, 7G,  Windows 10 , 64 bit Build 19041 (10.0.19041.1)
Time: Thu Oct 14 20:17:40 2021 India Standard Time elapsed time: 26.935496 seconds (0d 0h 0m 26s)

---------------  T H R E A D  ---------------

Current thread (0x0000016c4a9b8800):  ConcurrentGCThread "G1 Conc#0" [stack: 0x0000003124400000,0x0000003124500000] [id=8632]

Stack: [0x0000003124400000,0x0000003124500000],  sp=0x00000031244ff290,  free space=1020k
Native frames: (J=compiled Java code, j=interpreted, Vv=VM code, C=native code)
V  [jvm.dll+0x2da469]
V  [jvm.dll+0x2da396]
V  [jvm.dll+0x2d21ed]
V  [jvm.dll+0x2d1aa1]
V  [jvm.dll+0x2dffcf]
V  [jvm.dll+0x2e30d7]
V  [jvm.dll+0x2e1d96]
V  [jvm.dll+0x2e395b]
V  [jvm.dll+0x2e2579]
V  [jvm.dll+0x2e6b46]
V  [jvm.dll+0x748da0]
V  [jvm.dll+0x6e3d45]
V  [jvm.dll+0x5ebe96]
C  [ucrtbase.dll+0x21542]
C  [KERNEL32.DLL+0x16fd4]
C  [ntdll.dll+0x4cf31]


siginfo: EXCEPTION_ACCESS_VIOLATION (0xc0000005), reading address 0x0000000000000160


Register to memory mapping:

RIP=0x00007ffdaf84a469 jvm.dll
RAX=0x0000016c4a99bc80 points into unknown readable memory: 0x0000000000000000 | 00 00 00 00 00 00 00 00
RBX=0x0000000000000008 is an unknown value
RCX=0x0000016c4a9b0140 points into unknown readable memory: 0x0000016c4a9b7000 | 00 70 9b 4a 6c 01 00 00
RDX=0x0 is NULL
RSP=0x00000031244ff290 points into unknown readable memory: 0x0000000000000012 | 12 00 00 00 00 00 00 00
RBP=0x0000016c4a9b0140 points into unknown readable memory: 0x0000016c4a9b7000 | 00 70 9b 4a 6c 01 00 00
RSI=0x000000010001b850 is pointing into metadata
RDI=0x0000000000000008 is an unknown value
R8 =0x0 is NULL
R9 =0x0000000000000008 is an unknown value
R10=0x0000016c4a9b0140 points into unknown readable memory: 0x0000016c4a9b7000 | 00 70 9b 4a 6c 01 00 00
R11=0x346dc5d63886594b is an unknown value
R12=0x000000000000000c is an unknown value
R13=0xaaaaaaaaaaaaaaab is an unknown value
R14=0x0 is NULL
R15=0x00000000a127a250 is an oop: java.util.concurrent.ConcurrentHashMap$Node 
{0x00000000a127a250} - klass: 'java/util/concurrent/ConcurrentHashMap$Node'


Registers:
RAX=0x0000016c4a99bc80, RBX=0x0000000000000008, RCX=0x0000016c4a9b0140, RDX=0x0000000000000000
RSP=0x00000031244ff290, RBP=0x0000016c4a9b0140, RSI=0x000000010001b850, RDI=0x0000000000000008
R8 =0x0000000000000000, R9 =0x0000000000000008, R10=0x0000016c4a9b0140, R11=0x346dc5d63886594b
R12=0x000000000000000c, R13=0xaaaaaaaaaaaaaaab, R14=0x0000000000000000, R15=0x00000000a127a250
RIP=0x00007ffdaf84a469, EFLAGS=0x0000000000010206

Top of Stack: (sp=0x00000031244ff290)
0x00000031244ff290:   0000000000000012 0000000000000001
0x00000031244ff2a0:   0000016c4a9ba980 00000000004e0000
0x00000031244ff2b0:   000000010001b858 00007ffdaf84a396
0x00000031244ff2c0:   00000000a127a270 0000016c4a9baa20
0x00000031244ff2d0:   0000016c4a9baa20 00000031244ff4c8
0x00000031244ff2e0:   0000000000000000 00007ffdaf84a396
0x00000031244ff2f0:   00000000a127a26c 00007ffdaf8421ed
0x00000031244ff300:   00000000a127a270 00000000a127a268
0x00000031244ff310:   0000016c4a9baa20 00007ffdafb5702c
0x00000031244ff320:   00000031244ff4a0 0000016c4a9b8b01
0x00000031244ff330:   000000010001b608 00007ffdaf841aa1
0x00000031244ff340:   0000000000000004 00000031244ff4c8
0x00000031244ff350:   00000000a127a250 00000031244ff4a0
0x00000031244ff360:   00000000a127a250 00007ffdaf84ffcf
0x00000031244ff370:   0000016c4a9baa20 00000000004e0000
0x00000031244ff380:   0000000000000000 0000000000000000 

Instructions: (pc=0x00007ffdaf84a469)
0x00007ffdaf84a369:   00 00 00 00 48 8b fa 4c 8b ca 49 8b 42 08 8b 53
0x00007ffdaf84a379:   10 8b 88 c0 02 00 00 48 8b 80 b0 02 00 00 49 d3
0x00007ffdaf84a389:   e8 49 8b ca 4e 8b 04 c0 e8 ba 00 00 00 84 c0 75
0x00007ffdaf84a399:   0b 48 8b 5c 24 48 48 83 c4 30 5f c3 48 8b 43 20
0x00007ffdaf84a3a9:   48 8b 88 d8 02 00 00 48 8b 83 98 00 00 00 48 85
0x00007ffdaf84a3b9:   c0 74 0e 48 3b f8 72 0e 48 3b bb a0 00 00 00 72
0x00007ffdaf84a3c9:   77 48 3b f9 73 72 80 3d c2 d1 71 00 00 74 15 8b
0x00007ffdaf84a3d9:   47 08 8b 0d 37 47 6d 00 48 d3 e0 48 03 05 25 47
0x00007ffdaf84a3e9:   6d 00 eb 04 48 8b 47 08 81 78 08 00 00 00 c0 72
0x00007ffdaf84a3f9:   35 48 8b 83 b0 00 00 00 48 39 83 a8 00 00 00 73
0x00007ffdaf84a409:   10 48 8b 83 c8 00 00 00 48 39 83 c0 00 00 00 72
0x00007ffdaf84a419:   27 48 8b cb e8 0e a4 00 00 b0 01 48 8b 5c 24 48
0x00007ffdaf84a429:   48 83 c4 30 5f c3 48 8d 54 24 40 48 89 7c 24 40
0x00007ffdaf84a439:   48 8b cb e8 ff 18 00 00 b0 01 48 8b 5c 24 48 48
0x00007ffdaf84a449:   83 c4 30 5f c3 cc cc 48 89 5c 24 18 48 89 6c 24
0x00007ffdaf84a459:   20 41 56 48 83 ec 20 49 8b d9 44 8b f2 48 8b e9
0x00007ffdaf84a469:   4d 3b 88 60 01 00 00 72 13 32 c0 48 8b 5c 24 40
0x00007ffdaf84a479:   48 8b 6c 24 48 48 83 c4 20 41 5e c3 48 8b 81 90
0x00007ffdaf84a489:   00 00 00 48 8b d3 48 89 74 24 30 48 2b 10 8b 48
0x00007ffdaf84a499:   10 48 c1 ea 03 48 d3 ea 48 8d 48 18 e8 c6 38 e3
0x00007ffdaf84a4a9:   ff 0f b6 f0 84 c0 74 6f 48 89 7c 24 38 48 8b 7c
0x00007ffdaf84a4b9:   24 50 48 85 ff 75 2d 40 38 3d d1 d0 71 00 74 15
0x00007ffdaf84a4c9:   8b 53 08 8b 0d 46 46 6d 00 48 d3 e2 48 03 15 34
0x00007ffdaf84a4d9:   46 6d 00 eb 04 48 8b 53 08 48 8b cb e8 f6 24 eb
0x00007ffdaf84a4e9:   ff 48 63 f8 48 8b 85 f0 02 00 00 8b 0d be d6 71
0x00007ffdaf84a4f9:   00 4a 8b 14 f0 48 8b 42 18 48 8b 40 10 48 2b d8
0x00007ffdaf84a509:   48 d3 eb 48 8d 4a 38 8b d3 e8 c9 e4 ff ff 48 01
0x00007ffdaf84a519:   78 08 48 8b 7c 24 38 48 8b 5c 24 40 40 0f b6 c6
0x00007ffdaf84a529:   48 8b 74 24 30 48 8b 6c 24 48 48 83 c4 20 41 5e
0x00007ffdaf84a539:   c3 cc cc cc cc cc cc 4c 8b 81 b8 02 00 00 48 8b
0x00007ffdaf84a549:   81 a8 02 00 00 8b 91 c0 02 00 00 49 03 c0 8b ca
0x00007ffdaf84a559:   48 d3 e0 49 d3 e0 49 2b c0 48 83 e0 f8 c3 cc cc 


Stack slot to memory mapping:
stack at sp + 0 slots: 0x0000000000000012 is an unknown value
stack at sp + 1 slots: 0x0000000000000001 is an unknown value
stack at sp + 2 slots: 0x0000016c4a9ba980 points into unknown readable memory: 0x0000016c000001de | de 01 00 00 6c 01 00 00
stack at sp + 3 slots: 0x00000000004e0000 is an unknown value
stack at sp + 4 slots: 0x000000010001b858 is a pointer to class: 
stack at sp + 5 slots: 0x00007ffdaf84a396 jvm.dll
stack at sp + 6 slots: 0x00000000a127a270 is an oop: java.lang.Object 
{0x00000000a127a270} - klass: 'java/lang/Object'
stack at sp + 7 slots: 0x0000016c4a9baa20 points into unknown readable memory: 0x00007ffdafd8efa0 | a0 ef d8 af fd 7f 00 00


---------------  P R O C E S S  ---------------

Threads class SMR info:
_java_thread_list=0x0000016c674e73f0, length=50, elements={
0x0000016c4a977000, 0x0000016c63985800, 0x0000016c63986800, 0x0000016c639a0800,
0x0000016c639a3800, 0x0000016c639a4800, 0x0000016c639a9800, 0x0000016c64353000,
0x0000016c64360000, 0x0000016c64455800, 0x0000016c664b8800, 0x0000016c6464a800,
0x0000016c66164800, 0x0000016c659f9000, 0x0000016c64bd6000, 0x0000016c64fe8800,
0x0000016c669df800, 0x0000016c66370800, 0x0000016c65928800, 0x0000016c66765000,
0x0000016c66764000, 0x0000016c66766800, 0x0000016c66761000, 0x0000016c66761800,
0x0000016c66762800, 0x0000016c66763000, 0x0000016c66765800, 0x0000016c66767800,
0x0000016c69e7d000, 0x0000016c69e7f800, 0x0000016c69e7e000, 0x0000016c69e7e800,
0x0000016c69e7c000, 0x0000016c69e82800, 0x0000016c69e87800, 0x0000016c69e85000,
0x0000016c69e84800, 0x0000016c69e82000, 0x0000016c69e87000, 0x0000016c69e89800,
0x0000016c69e83800, 0x0000016c69e86000, 0x0000016c69e88800, 0x0000016c69e8a000,
0x0000016c6b899000, 0x0000016c6b898000, 0x0000016c6b899800, 0x0000016c6b89c000,
0x0000016c6b89b800, 0x0000016c6a520800
}

Java Threads: ( => current thread )
  0x0000016c4a977000 JavaThread "main" [_thread_blocked, id=4612, stack(0x0000003124100000,0x0000003124200000)]
  0x0000016c63985800 JavaThread "Reference Handler" daemon [_thread_blocked, id=9596, stack(0x0000003124800000,0x0000003124900000)]
  0x0000016c63986800 JavaThread "Finalizer" daemon [_thread_blocked, id=5912, stack(0x0000003124900000,0x0000003124a00000)]
  0x0000016c639a0800 JavaThread "Signal Dispatcher" daemon [_thread_blocked, id=2104, stack(0x0000003124a00000,0x0000003124b00000)]
  0x0000016c639a3800 JavaThread "Attach Listener" daemon [_thread_blocked, id=9072, stack(0x0000003124b00000,0x0000003124c00000)]
  0x0000016c639a4800 JavaThread "Service Thread" daemon [_thread_blocked, id=8676, stack(0x0000003124c00000,0x0000003124d00000)]
  0x0000016c639a9800 JavaThread "C2 CompilerThread0" daemon [_thread_blocked, id=10116, stack(0x0000003124d00000,0x0000003124e00000)]
  0x0000016c64353000 JavaThread "C1 CompilerThread0" daemon [_thread_blocked, id=9600, stack(0x0000003124e00000,0x0000003124f00000)]
  0x0000016c64360000 JavaThread "Sweeper thread" daemon [_thread_blocked, id=9924, stack(0x0000003124f00000,0x0000003125000000)]
  0x0000016c64455800 JavaThread "Common-Cleaner" daemon [_thread_blocked, id=6812, stack(0x0000003125000000,0x0000003125100000)]
  0x0000016c664b8800 JavaThread "Daemon health stats" [_thread_blocked, id=3276, stack(0x0000003125500000,0x0000003125600000)]
  0x0000016c6464a800 JavaThread "Incoming local TCP Connector on port 63114" [_thread_in_native, id=9792, stack(0x0000003125200000,0x0000003125300000)]
  0x0000016c66164800 JavaThread "Daemon periodic checks" [_thread_blocked, id=7392, stack(0x0000003125600000,0x0000003125700000)]
  0x0000016c659f9000 JavaThread "Daemon" [_thread_blocked, id=9992, stack(0x0000003125800000,0x0000003125900000)]
  0x0000016c64bd6000 JavaThread "Handler for socket connection from /127.0.0.1:63114 to /127.0.0.1:63115" [_thread_in_native, id=10088, stack(0x0000003125900000,0x0000003125a00000)]
  0x0000016c64fe8800 JavaThread "Cancel handler" [_thread_blocked, id=6860, stack(0x0000003125a00000,0x0000003125b00000)]
  0x0000016c669df800 JavaThread "Daemon worker" [_thread_blocked, id=936, stack(0x0000003125b00000,0x0000003125c00000)]
  0x0000016c66370800 JavaThread "Asynchronous log dispatcher for DefaultDaemonConnection: socket connection from /127.0.0.1:63114 to /127.0.0.1:63115" [_thread_blocked, id=9800, stack(0x0000003125c00000,0x0000003125d00000)]
  0x0000016c65928800 JavaThread "Stdin handler" [_thread_blocked, id=1228, stack(0x0000003125d00000,0x0000003125e00000)]
  0x0000016c66765000 JavaThread "Daemon client event forwarder" [_thread_blocked, id=8784, stack(0x0000003125e00000,0x0000003125f00000)]
  0x0000016c66764000 JavaThread "Cache worker for file hash cache (C:\Users\HP\.gradle\wrapper\dists\gradle-2.14.1-all\caches\7.0.2\fileHashes)" [_thread_blocked, id=8792, stack(0x0000003125f00000,0x0000003126000000)]
  0x0000016c66766800 JavaThread "File lock request listener" [_thread_in_native, id=7380, stack(0x0000003126000000,0x0000003126100000)]
  0x0000016c66761000 JavaThread "Cache worker for journal cache (C:\Users\HP\.gradle\wrapper\dists\gradle-2.14.1-all\caches\journal-1)" [_thread_blocked, id=3244, stack(0x0000003126100000,0x0000003126200000)]
  0x0000016c66761800 JavaThread "Cache worker for file hash cache (C:\Users\HP\AndroidStudioProjects\QuizzerExtended\QuizzerClass\.gradle\7.0.2\fileHashes)" [_thread_blocked, id=6456, stack(0x0000003126300000,0x0000003126400000)]
  0x0000016c66762800 JavaThread "File watcher server" daemon [_thread_in_native, id=6568, stack(0x0000003126400000,0x0000003126500000)]
  0x0000016c66763000 JavaThread "File watcher consumer" daemon [_thread_blocked, id=6616, stack(0x0000003126500000,0x0000003126600000)]
  0x0000016c66765800 JavaThread "Cache worker for checksums cache (C:\Users\HP\AndroidStudioProjects\QuizzerExtended\QuizzerClass\.gradle\checksums)" [_thread_blocked, id=8080, stack(0x0000003126600000,0x0000003126700000)]
  0x0000016c66767800 JavaThread "Cache worker for cache directory md-supplier (C:\Users\HP\.gradle\wrapper\dists\gradle-2.14.1-all\caches\7.0.2\md-supplier)" [_thread_blocked, id=6200, stack(0x0000003126700000,0x0000003126800000)]
  0x0000016c69e7d000 JavaThread "Cache worker for cache directory md-rule (C:\Users\HP\.gradle\wrapper\dists\gradle-2.14.1-all\caches\7.0.2\md-rule)" [_thread_blocked, id=856, stack(0x0000003126800000,0x0000003126900000)]
  0x0000016c69e7f800 JavaThread "Cache worker for execution history cache (C:\Users\HP\.gradle\wrapper\dists\gradle-2.14.1-all\caches\7.0.2\executionHistory)" [_thread_blocked, id=8528, stack(0x0000003126900000,0x0000003126a00000)]
  0x0000016c69e7e000 JavaThread "jar transforms" [_thread_blocked, id=5008, stack(0x0000003126a00000,0x0000003126b00000)]
  0x0000016c69e7e800 JavaThread "jar transforms Thread 2" [_thread_blocked, id=3304, stack(0x0000003126b00000,0x0000003126c00000)]
  0x0000016c69e7c000 JavaThread "Cache worker for file content cache (C:\Users\HP\.gradle\wrapper\dists\gradle-2.14.1-all\caches\7.0.2\fileContent)" [_thread_blocked, id=10048, stack(0x0000003126c00000,0x0000003126d00000)]
  0x0000016c69e82800 JavaThread "Cache worker for dependencies-accessors (C:\Users\HP\AndroidStudioProjects\QuizzerExtended\QuizzerClass\.gradle\7.0.2\dependencies-accessors)" [_thread_blocked, id=6196, stack(0x0000003126d00000,0x0000003126e00000)]
  0x0000016c69e87800 JavaThread "jar transforms Thread 3" [_thread_blocked, id=1448, stack(0x0000003126e00000,0x0000003126f00000)]
  0x0000016c69e85000 JavaThread "Cache worker for Build Output Cleanup Cache (C:\Users\HP\AndroidStudioProjects\QuizzerExtended\QuizzerClass\.gradle\buildOutputCleanup)" [_thread_blocked, id=8172, stack(0x0000003126f00000,0x0000003127000000)]
  0x0000016c69e84800 JavaThread "Build operations" [_thread_blocked, id=7332, stack(0x0000003127000000,0x0000003127100000)]
  0x0000016c69e82000 JavaThread "Build operations Thread 2" [_thread_blocked, id=9788, stack(0x0000003127100000,0x0000003127200000)]
  0x0000016c69e87000 JavaThread "Build operations Thread 3" [_thread_blocked, id=7948, stack(0x0000003127200000,0x0000003127300000)]
  0x0000016c69e89800 JavaThread "Build operations Thread 4" [_thread_blocked, id=10156, stack(0x0000003127300000,0x0000003127400000)]
  0x0000016c69e83800 JavaThread "jar transforms Thread 4" [_thread_blocked, id=2212, stack(0x0000003127400000,0x0000003127500000)]
  0x0000016c69e86000 JavaThread "Memory manager" [_thread_blocked, id=8580, stack(0x0000003127500000,0x0000003127600000)]
  0x0000016c69e88800 JavaThread "build event listener" [_thread_blocked, id=2120, stack(0x0000003127600000,0x0000003127700000)]
  0x0000016c69e8a000 JavaThread "Execution worker for ':'" [_thread_blocked, id=8736, stack(0x0000003127700000,0x0000003127800000)]
  0x0000016c6b899000 JavaThread "Execution worker for ':' Thread 2" [_thread_blocked, id=9324, stack(0x0000003127800000,0x0000003127900000)]
  0x0000016c6b898000 JavaThread "Execution worker for ':' Thread 3" [_thread_blocked, id=6324, stack(0x0000003127900000,0x0000003127a00000)]
  0x0000016c6b899800 JavaThread "Cache worker for execution history cache (C:\Users\HP\AndroidStudioProjects\QuizzerExtended\QuizzerClass\.gradle\7.0.2\executionHistory)" [_thread_blocked, id=5172, stack(0x0000003127a00000,0x0000003127b00000)]
  0x0000016c6b89c000 JavaThread "Cache worker for Java compile cache (C:\Users\HP\.gradle\wrapper\dists\gradle-2.14.1-all\caches\7.0.2\javaCompile)" [_thread_blocked, id=7136, stack(0x0000003127b00000,0x0000003127c00000)]
  0x0000016c6b89b800 JavaThread "Cache worker for Java compile cache (C:\Users\HP\AndroidStudioProjects\QuizzerExtended\QuizzerClass\.gradle\7.0.2\javaCompile)" [_thread_blocked, id=10188, stack(0x0000003127c00000,0x0000003127d00000)]
  0x0000016c6a520800 JavaThread "C2 CompilerThread1" daemon [_thread_in_native, id=8740, stack(0x0000003126200000,0x0000003126300000)]

Other Threads:
  0x0000016c6395f800 VMThread "VM Thread" [stack: 0x0000003124700000,0x0000003124800000] [id=7180]
  0x0000016c644a3800 WatcherThread [stack: 0x0000003125100000,0x0000003125200000] [id=8932]
  0x0000016c4a990800 GCTaskThread "GC Thread#0" [stack: 0x0000003124200000,0x0000003124300000] [id=7100]
  0x0000016c64c08800 GCTaskThread "GC Thread#1" [stack: 0x0000003125300000,0x0000003125400000] [id=8612]
  0x0000016c64923800 GCTaskThread "GC Thread#2" [stack: 0x0000003125400000,0x0000003125500000] [id=9504]
  0x0000016c668e9000 GCTaskThread "GC Thread#3" [stack: 0x0000003125700000,0x0000003125800000] [id=1460]
  0x0000016c4a9b7000 ConcurrentGCThread "G1 Main Marker" [stack: 0x0000003124300000,0x0000003124400000] [id=8044]
=>0x0000016c4a9b8800 ConcurrentGCThread "G1 Conc#0" [stack: 0x0000003124400000,0x0000003124500000] [id=8632]
  0x0000016c4aa47800 ConcurrentGCThread "G1 Refine#0" [stack: 0x0000003124500000,0x0000003124600000] [id=8980]
  0x0000016c66df6000 ConcurrentGCThread "G1 Refine#1" [stack: 0x0000003127d00000,0x0000003127e00000] [id=8744]
  0x0000016c4aa48800 ConcurrentGCThread "G1 Young RemSet Sampling" [stack: 0x0000003124600000,0x0000003124700000] [id=7252]

Threads with active compile tasks:
C2 CompilerThread1  27086 12203   !   4       com.google.common.cache.LocalCache$Segment::lockedGetOrLoad (447 bytes)

VM state:not at safepoint (normal execution)

VM Mutex/Monitor currently owned by a thread: None

Heap address: 0x00000000a0000000, size: 1536 MB, Compressed Oops mode: 32-bit
Narrow klass base: 0x0000000000000000, Narrow klass shift: 3
Compressed class space size: 1073741824 Address: 0x0000000100000000

Heap:
 garbage-first heap   total 187392K, used 103732K [0x00000000a0000000, 0x0000000100000000)
  region size 1024K, 9 young (9216K), 3 survivors (3072K)
 Metaspace       used 90499K, capacity 92900K, committed 93052K, reserved 1130496K
  class space    used 11584K, capacity 12460K, committed 12544K, reserved 1048576K
Heap Regions: E=young(eden), S=young(survivor), O=old, HS=humongous(starts), HC=humongous(continues), CS=collection set, F=free, A=archive, TAMS=top-at-mark-start (previous, next)
|   0|0x00000000a0000000, 0x00000000a0100000, 0x00000000a0100000|100%|HS|  |TAMS 0x00000000a0100000, 0x00000000a0100000| Complete 
|   1|0x00000000a0100000, 0x00000000a0200000, 0x00000000a0200000|100%|HC|  |TAMS 0x00000000a0200000, 0x00000000a0200000| Complete 
|   2|0x00000000a0200000, 0x00000000a0300000, 0x00000000a0300000|100%|HC|  |TAMS 0x00000000a0300000, 0x00000000a0300000| Complete 
|   3|0x00000000a0300000, 0x00000000a0400000, 0x00000000a0400000|100%| O|  |TAMS 0x00000000a0400000, 0x00000000a0400000| Untracked 
|   4|0x00000000a0400000, 0x00000000a0500000, 0x00000000a0500000|100%| O|  |TAMS 0x00000000a0500000, 0x00000000a0500000| Untracked 
|   5|0x00000000a0500000, 0x00000000a0600000, 0x00000000a0600000|100%| O|  |TAMS 0x00000000a0600000, 0x00000000a0600000| Untracked 
|   6|0x00000000a0600000, 0x00000000a0700000, 0x00000000a0700000|100%| O|  |TAMS 0x00000000a0700000, 0x00000000a0700000| Untracked 
|   7|0x00000000a0700000, 0x00000000a0800000, 0x00000000a0800000|100%| O|  |TAMS 0x00000000a0800000, 0x00000000a0800000| Untracked 
|   8|0x00000000a0800000, 0x00000000a0900000, 0x00000000a0900000|100%| O|  |TAMS 0x00000000a0900000, 0x00000000a0900000| Untracked 
|   9|0x00000000a0900000, 0x00000000a0a00000, 0x00000000a0a00000|100%| O|  |TAMS 0x00000000a0a00000, 0x00000000a0a00000| Untracked 
|  10|0x00000000a0a00000, 0x00000000a0b00000, 0x00000000a0b00000|100%| O|  |TAMS 0x00000000a0b00000, 0x00000000a0b00000| Untracked 
|  11|0x00000000a0b00000, 0x00000000a0c00000, 0x00000000a0c00000|100%| O|  |TAMS 0x00000000a0c00000, 0x00000000a0c00000| Untracked 
|  12|0x00000000a0c00000, 0x00000000a0d00000, 0x00000000a0d00000|100%| O|  |TAMS 0x00000000a0d00000, 0x00000000a0d00000| Untracked 
|  13|0x00000000a0d00000, 0x00000000a0e00000, 0x00000000a0e00000|100%| O|  |TAMS 0x00000000a0e00000, 0x00000000a0e00000| Untracked 
|  14|0x00000000a0e00000, 0x00000000a0f00000, 0x00000000a0f00000|100%| O|  |TAMS 0x00000000a0f00000, 0x00000000a0f00000| Untracked 
|  15|0x00000000a0f00000, 0x00000000a1000000, 0x00000000a1000000|100%|HS|  |TAMS 0x00000000a1000000, 0x00000000a1000000| Complete 
|  16|0x00000000a1000000, 0x00000000a1100000, 0x00000000a1100000|100%| O|  |TAMS 0x00000000a1100000, 0x00000000a1100000| Untracked 
|  17|0x00000000a1100000, 0x00000000a1200000, 0x00000000a1200000|100%| O|  |TAMS 0x00000000a1200000, 0x00000000a1200000| Untracked 
|  18|0x00000000a1200000, 0x00000000a1300000, 0x00000000a1300000|100%| O|  |TAMS 0x00000000a1300000, 0x00000000a1300000| Untracked 
|  19|0x00000000a1300000, 0x00000000a1400000, 0x00000000a1400000|100%| O|  |TAMS 0x00000000a1400000, 0x00000000a1400000| Untracked 
|  20|0x00000000a1400000, 0x00000000a1500000, 0x00000000a1500000|100%| O|  |TAMS 0x00000000a1500000, 0x00000000a1500000| Untracked 
|  21|0x00000000a1500000, 0x00000000a1600000, 0x00000000a1600000|100%| O|  |TAMS 0x00000000a1600000, 0x00000000a1600000| Untracked 
|  22|0x00000000a1600000, 0x00000000a1700000, 0x00000000a1700000|100%|HS|  |TAMS 0x00000000a1700000, 0x00000000a1700000| Complete 
|  23|0x00000000a1700000, 0x00000000a1800000, 0x00000000a1800000|100%|HS|  |TAMS 0x00000000a1800000, 0x00000000a1800000| Complete 
|  24|0x00000000a1800000, 0x00000000a1900000, 0x00000000a1900000|100%|HC|  |TAMS 0x00000000a1900000, 0x00000000a1900000| Complete 
|  25|0x00000000a1900000, 0x00000000a1a00000, 0x00000000a1a00000|100%| O|  |TAMS 0x00000000a1a00000, 0x00000000a1a00000| Untracked 
|  26|0x00000000a1a00000, 0x00000000a1b00000, 0x00000000a1b00000|100%| O|  |TAMS 0x00000000a1b00000, 0x00000000a1b00000| Untracked 
|  27|0x00000000a1b00000, 0x00000000a1c00000, 0x00000000a1c00000|100%| O|  |TAMS 0x00000000a1c00000, 0x00000000a1c00000| Untracked 
|  28|0x00000000a1c00000, 0x00000000a1d00000, 0x00000000a1d00000|100%| O|  |TAMS 0x00000000a1d00000, 0x00000000a1d00000| Untracked 
|  29|0x00000000a1d00000, 0x00000000a1e00000, 0x00000000a1e00000|100%| O|  |TAMS 0x00000000a1e00000, 0x00000000a1e00000| Untracked 
|  30|0x00000000a1e00000, 0x00000000a1f00000, 0x00000000a1f00000|100%| O|  |TAMS 0x00000000a1f00000, 0x00000000a1f00000| Untracked 
|  31|0x00000000a1f00000, 0x00000000a2000000, 0x00000000a2000000|100%| O|  |TAMS 0x00000000a2000000, 0x00000000a2000000| Untracked 
|  32|0x00000000a2000000, 0x00000000a2100000, 0x00000000a2100000|100%| O|  |TAMS 0x00000000a2100000, 0x00000000a2100000| Untracked 
|  33|0x00000000a2100000, 0x00000000a2200000, 0x00000000a2200000|100%| O|  |TAMS 0x00000000a2200000, 0x00000000a2200000| Untracked 
|  34|0x00000000a2200000, 0x00000000a2300000, 0x00000000a2300000|100%| O|  |TAMS 0x00000000a2300000, 0x00000000a2300000| Untracked 
|  35|0x00000000a2300000, 0x00000000a2400000, 0x00000000a2400000|100%| O|  |TAMS 0x00000000a2400000, 0x00000000a2400000| Untracked 
|  36|0x00000000a2400000, 0x00000000a2500000, 0x00000000a2500000|100%| O|  |TAMS 0x00000000a2500000, 0x00000000a2500000| Untracked 
|  37|0x00000000a2500000, 0x00000000a2600000, 0x00000000a2600000|100%| O|  |TAMS 0x00000000a2600000, 0x00000000a2600000| Untracked 
|  38|0x00000000a2600000, 0x00000000a2700000, 0x00000000a2700000|100%| O|  |TAMS 0x00000000a2700000, 0x00000000a2700000| Untracked 
|  39|0x00000000a2700000, 0x00000000a2800000, 0x00000000a2800000|100%| O|  |TAMS 0x00000000a2800000, 0x00000000a2800000| Untracked 
|  40|0x00000000a2800000, 0x00000000a2900000, 0x00000000a2900000|100%| O|  |TAMS 0x00000000a2900000, 0x00000000a2900000| Untracked 
|  41|0x00000000a2900000, 0x00000000a2a00000, 0x00000000a2a00000|100%| O|  |TAMS 0x00000000a2900000, 0x00000000a2a00000| Untracked 
|  42|0x00000000a2a00000, 0x00000000a2b00000, 0x00000000a2b00000|100%| O|  |TAMS 0x00000000a2a00000, 0x00000000a2b00000| Untracked 
|  43|0x00000000a2b00000, 0x00000000a2c00000, 0x00000000a2c00000|100%| O|  |TAMS 0x00000000a2b00000, 0x00000000a2c00000| Untracked 
|  44|0x00000000a2c00000, 0x00000000a2d00000, 0x00000000a2d00000|100%| O|  |TAMS 0x00000000a2c00000, 0x00000000a2d00000| Untracked 
|  45|0x00000000a2d00000, 0x00000000a2e00000, 0x00000000a2e00000|100%| O|  |TAMS 0x00000000a2d00000, 0x00000000a2e00000| Untracked 
|  46|0x00000000a2e00000, 0x00000000a2f00000, 0x00000000a2f00000|100%| O|  |TAMS 0x00000000a2e00000, 0x00000000a2f00000| Untracked 
|  47|0x00000000a2f00000, 0x00000000a3000000, 0x00000000a3000000|100%| O|  |TAMS 0x00000000a2f00000, 0x00000000a3000000| Untracked 
|  48|0x00000000a3000000, 0x00000000a3100000, 0x00000000a3100000|100%| O|  |TAMS 0x00000000a3000000, 0x00000000a3100000| Untracked 
|  49|0x00000000a3100000, 0x00000000a3200000, 0x00000000a3200000|100%| O|  |TAMS 0x00000000a3100000, 0x00000000a3200000| Untracked 
|  50|0x00000000a3200000, 0x00000000a3300000, 0x00000000a3300000|100%| O|  |TAMS 0x00000000a3200000, 0x00000000a3300000| Untracked 
|  51|0x00000000a3300000, 0x00000000a3400000, 0x00000000a3400000|100%| O|  |TAMS 0x00000000a3300000, 0x00000000a3400000| Untracked 
|  52|0x00000000a3400000, 0x00000000a3500000, 0x00000000a3500000|100%| O|  |TAMS 0x00000000a3400000, 0x00000000a3500000| Untracked 
|  53|0x00000000a3500000, 0x00000000a3600000, 0x00000000a3600000|100%| O|  |TAMS 0x00000000a3500000, 0x00000000a3600000| Untracked 
|  54|0x00000000a3600000, 0x00000000a3700000, 0x00000000a3700000|100%| O|  |TAMS 0x00000000a3600000, 0x00000000a3700000| Untracked 
|  55|0x00000000a3700000, 0x00000000a3800000, 0x00000000a3800000|100%| O|  |TAMS 0x00000000a3700000, 0x00000000a3800000| Untracked 
|  56|0x00000000a3800000, 0x00000000a3900000, 0x00000000a3900000|100%| O|  |TAMS 0x00000000a3800000, 0x00000000a3900000| Untracked 
|  57|0x00000000a3900000, 0x00000000a3a00000, 0x00000000a3a00000|100%| O|  |TAMS 0x00000000a3900000, 0x00000000a3a00000| Untracked 
|  58|0x00000000a3a00000, 0x00000000a3b00000, 0x00000000a3b00000|100%| O|  |TAMS 0x00000000a3a00000, 0x00000000a3b00000| Untracked 
|  59|0x00000000a3b00000, 0x00000000a3c00000, 0x00000000a3c00000|100%| O|  |TAMS 0x00000000a3b00000, 0x00000000a3c00000| Untracked 
|  60|0x00000000a3c00000, 0x00000000a3d00000, 0x00000000a3d00000|100%| O|  |TAMS 0x00000000a3c00000, 0x00000000a3d00000| Untracked 
|  61|0x00000000a3d00000, 0x00000000a3e00000, 0x00000000a3e00000|100%| O|  |TAMS 0x00000000a3d00000, 0x00000000a3e00000| Untracked 
|  62|0x00000000a3e00000, 0x00000000a3f00000, 0x00000000a3f00000|100%| O|  |TAMS 0x00000000a3e00000, 0x00000000a3f00000| Untracked 
|  63|0x00000000a3f00000, 0x00000000a4000000, 0x00000000a4000000|100%| O|  |TAMS 0x00000000a3f00000, 0x00000000a4000000| Untracked 
|  64|0x00000000a4000000, 0x00000000a4100000, 0x00000000a4100000|100%| O|  |TAMS 0x00000000a4000000, 0x00000000a4100000| Untracked 
|  65|0x00000000a4100000, 0x00000000a4200000, 0x00000000a4200000|100%| O|  |TAMS 0x00000000a4100000, 0x00000000a4200000| Untracked 
|  66|0x00000000a4200000, 0x00000000a4300000, 0x00000000a4300000|100%|HS|  |TAMS 0x00000000a4200000, 0x00000000a4300000| Complete 
|  67|0x00000000a4300000, 0x00000000a4400000, 0x00000000a4400000|100%|HC|  |TAMS 0x00000000a4300000, 0x00000000a4400000| Complete 
|  68|0x00000000a4400000, 0x00000000a4500000, 0x00000000a4500000|100%| O|  |TAMS 0x00000000a4400000, 0x00000000a4500000| Untracked 
|  69|0x00000000a4500000, 0x00000000a4600000, 0x00000000a4600000|100%| O|  |TAMS 0x00000000a4500000, 0x00000000a4600000| Untracked 
|  70|0x00000000a4600000, 0x00000000a4700000, 0x00000000a4700000|100%| O|  |TAMS 0x00000000a4600000, 0x00000000a4700000| Untracked 
|  71|0x00000000a4700000, 0x00000000a4800000, 0x00000000a4800000|100%| O|  |TAMS 0x00000000a4700000, 0x00000000a4800000| Untracked 
|  72|0x00000000a4800000, 0x00000000a4900000, 0x00000000a4900000|100%| O|  |TAMS 0x00000000a4800000, 0x00000000a4900000| Untracked 
|  73|0x00000000a4900000, 0x00000000a4a00000, 0x00000000a4a00000|100%| O|  |TAMS 0x00000000a4900000, 0x00000000a4a00000| Untracked 
|  74|0x00000000a4a00000, 0x00000000a4b00000, 0x00000000a4b00000|100%| O|  |TAMS 0x00000000a4a00000, 0x00000000a4b00000| Untracked 
|  75|0x00000000a4b00000, 0x00000000a4c00000, 0x00000000a4c00000|100%| O|  |TAMS 0x00000000a4b00000, 0x00000000a4c00000| Untracked 
|  76|0x00000000a4c00000, 0x00000000a4d00000, 0x00000000a4d00000|100%| O|  |TAMS 0x00000000a4c00000, 0x00000000a4d00000| Untracked 
|  77|0x00000000a4d00000, 0x00000000a4e00000, 0x00000000a4e00000|100%| O|  |TAMS 0x00000000a4d00000, 0x00000000a4e00000| Untracked 
|  78|0x00000000a4e00000, 0x00000000a4f00000, 0x00000000a4f00000|100%| O|  |TAMS 0x00000000a4e00000, 0x00000000a4f00000| Untracked 
|  79|0x00000000a4f00000, 0x00000000a5000000, 0x00000000a5000000|100%| O|  |TAMS 0x00000000a4f00000, 0x00000000a5000000| Untracked 
|  80|0x00000000a5000000, 0x00000000a5100000, 0x00000000a5100000|100%| O|  |TAMS 0x00000000a5000000, 0x00000000a5100000| Untracked 
|  81|0x00000000a5100000, 0x00000000a5200000, 0x00000000a5200000|100%| O|  |TAMS 0x00000000a5100000, 0x00000000a5200000| Untracked 
|  82|0x00000000a5200000, 0x00000000a5300000, 0x00000000a5300000|100%| O|  |TAMS 0x00000000a5200000, 0x00000000a5300000| Untracked 
|  83|0x00000000a5300000, 0x00000000a5400000, 0x00000000a5400000|100%| O|  |TAMS 0x00000000a5300000, 0x00000000a5400000| Untracked 
|  84|0x00000000a5400000, 0x00000000a5500000, 0x00000000a5500000|100%| O|  |TAMS 0x00000000a5400000, 0x00000000a5500000| Untracked 
|  85|0x00000000a5500000, 0x00000000a5600000, 0x00000000a5600000|100%| O|  |TAMS 0x00000000a5500000, 0x00000000a5600000| Untracked 
|  86|0x00000000a5600000, 0x00000000a5700000, 0x00000000a5700000|100%| O|  |TAMS 0x00000000a5600000, 0x00000000a5700000| Untracked 
|  87|0x00000000a5700000, 0x00000000a5800000, 0x00000000a5800000|100%| O|  |TAMS 0x00000000a5700000, 0x00000000a5800000| Untracked 
|  88|0x00000000a5800000, 0x00000000a5900000, 0x00000000a5900000|100%| O|  |TAMS 0x00000000a5800000, 0x00000000a5900000| Untracked 
|  89|0x00000000a5900000, 0x00000000a5a00000, 0x00000000a5a00000|100%| O|  |TAMS 0x00000000a5900000, 0x00000000a5a00000| Untracked 
|  90|0x00000000a5a00000, 0x00000000a5b00000, 0x00000000a5b00000|100%| O|  |TAMS 0x00000000a5a00000, 0x00000000a5b00000| Untracked 
|  91|0x00000000a5b00000, 0x00000000a5c00000, 0x00000000a5c00000|100%| O|  |TAMS 0x00000000a5b00000, 0x00000000a5c00000| Untracked 
|  92|0x00000000a5c00000, 0x00000000a5d00000, 0x00000000a5d00000|100%| O|  |TAMS 0x00000000a5c00000, 0x00000000a5d00000| Untracked 
|  93|0x00000000a5d00000, 0x00000000a5d4d000, 0x00000000a5e00000| 30%| O|  |TAMS 0x00000000a5d00000, 0x00000000a5d4d000| Untracked 
|  94|0x00000000a5e00000, 0x00000000a5e00000, 0x00000000a5f00000|  0%| F|  |TAMS 0x00000000a5e00000, 0x00000000a5e00000| Untracked 
|  95|0x00000000a5f00000, 0x00000000a5f00000, 0x00000000a6000000|  0%| F|  |TAMS 0x00000000a5f00000, 0x00000000a5f00000| Untracked 
|  96|0x00000000a6000000, 0x00000000a6000000, 0x00000000a6100000|  0%| F|  |TAMS 0x00000000a6000000, 0x00000000a6000000| Untracked 
|  97|0x00000000a6100000, 0x00000000a6100000, 0x00000000a6200000|  0%| F|  |TAMS 0x00000000a6100000, 0x00000000a6100000| Untracked 
|  98|0x00000000a6200000, 0x00000000a6200000, 0x00000000a6300000|  0%| F|  |TAMS 0x00000000a6200000, 0x00000000a6200000| Untracked 
|  99|0x00000000a6300000, 0x00000000a6300000, 0x00000000a6400000|  0%| F|  |TAMS 0x00000000a6300000, 0x00000000a6300000| Untracked 
| 100|0x00000000a6400000, 0x00000000a6400000, 0x00000000a6500000|  0%| F|  |TAMS 0x00000000a6400000, 0x00000000a6400000| Untracked 
| 101|0x00000000a6500000, 0x00000000a6500000, 0x00000000a6600000|  0%| F|  |TAMS 0x00000000a6500000, 0x00000000a6500000| Untracked 
| 102|0x00000000a6600000, 0x00000000a6600000, 0x00000000a6700000|  0%| F|  |TAMS 0x00000000a6600000, 0x00000000a6600000| Untracked 
| 103|0x00000000a6700000, 0x00000000a6700000, 0x00000000a6800000|  0%| F|  |TAMS 0x00000000a6700000, 0x00000000a6700000| Untracked 
| 104|0x00000000a6800000, 0x00000000a6800000, 0x00000000a6900000|  0%| F|  |TAMS 0x00000000a6800000, 0x00000000a6800000| Untracked 
| 105|0x00000000a6900000, 0x00000000a6900000, 0x00000000a6a00000|  0%| F|  |TAMS 0x00000000a6900000, 0x00000000a6900000| Untracked 
| 106|0x00000000a6a00000, 0x00000000a6a00000, 0x00000000a6b00000|  0%| F|  |TAMS 0x00000000a6a00000, 0x00000000a6a00000| Untracked 
| 107|0x00000000a6b00000, 0x00000000a6b00000, 0x00000000a6c00000|  0%| F|  |TAMS 0x00000000a6b00000, 0x00000000a6b00000| Untracked 
| 108|0x00000000a6c00000, 0x00000000a6c00000, 0x00000000a6d00000|  0%| F|  |TAMS 0x00000000a6c00000, 0x00000000a6c00000| Untracked 
| 109|0x00000000a6d00000, 0x00000000a6d00000, 0x00000000a6e00000|  0%| F|  |TAMS 0x00000000a6d00000, 0x00000000a6d00000| Untracked 
| 110|0x00000000a6e00000, 0x00000000a6e00000, 0x00000000a6f00000|  0%| F|  |TAMS 0x00000000a6e00000, 0x00000000a6e00000| Untracked 
| 111|0x00000000a6f00000, 0x00000000a6f00000, 0x00000000a7000000|  0%| F|  |TAMS 0x00000000a6f00000, 0x00000000a6f00000| Untracked 
| 112|0x00000000a7000000, 0x00000000a7000000, 0x00000000a7100000|  0%| F|  |TAMS 0x00000000a7000000, 0x00000000a7000000| Untracked 
| 113|0x00000000a7100000, 0x00000000a7100000, 0x00000000a7200000|  0%| F|  |TAMS 0x00000000a7100000, 0x00000000a7100000| Untracked 
| 114|0x00000000a7200000, 0x00000000a7200000, 0x00000000a7300000|  0%| F|  |TAMS 0x00000000a7200000, 0x00000000a7200000| Untracked 
| 115|0x00000000a7300000, 0x00000000a7300000, 0x00000000a7400000|  0%| F|  |TAMS 0x00000000a7300000, 0x00000000a7300000| Untracked 
| 116|0x00000000a7400000, 0x00000000a7400000, 0x00000000a7500000|  0%| F|  |TAMS 0x00000000a7400000, 0x00000000a7400000| Untracked 
| 117|0x00000000a7500000, 0x00000000a7500000, 0x00000000a7600000|  0%| F|  |TAMS 0x00000000a7500000, 0x00000000a7500000| Untracked 
| 118|0x00000000a7600000, 0x00000000a7600000, 0x00000000a7700000|  0%| F|  |TAMS 0x00000000a7600000, 0x00000000a7600000| Untracked 
| 119|0x00000000a7700000, 0x00000000a7700000, 0x00000000a7800000|  0%| F|  |TAMS 0x00000000a7700000, 0x00000000a7700000| Untracked 
| 120|0x00000000a7800000, 0x00000000a7800000, 0x00000000a7900000|  0%| F|  |TAMS 0x00000000a7800000, 0x00000000a7800000| Untracked 
| 121|0x00000000a7900000, 0x00000000a7900000, 0x00000000a7a00000|  0%| F|  |TAMS 0x00000000a7900000, 0x00000000a7900000| Untracked 
| 122|0x00000000a7a00000, 0x00000000a7a00000, 0x00000000a7b00000|  0%| F|  |TAMS 0x00000000a7a00000, 0x00000000a7a00000| Untracked 
| 123|0x00000000a7b00000, 0x00000000a7b00000, 0x00000000a7c00000|  0%| F|  |TAMS 0x00000000a7b00000, 0x00000000a7b00000| Untracked 
| 124|0x00000000a7c00000, 0x00000000a7c00000, 0x00000000a7d00000|  0%| F|  |TAMS 0x00000000a7c00000, 0x00000000a7c00000| Untracked 
| 125|0x00000000a7d00000, 0x00000000a7d00000, 0x00000000a7e00000|  0%| F|  |TAMS 0x00000000a7d00000, 0x00000000a7d00000| Untracked 
| 126|0x00000000a7e00000, 0x00000000a7e00000, 0x00000000a7f00000|  0%| F|  |TAMS 0x00000000a7e00000, 0x00000000a7e00000| Untracked 
| 127|0x00000000a7f00000, 0x00000000a7f00000, 0x00000000a8000000|  0%| F|  |TAMS 0x00000000a7f00000, 0x00000000a7f00000| Untracked 
| 128|0x00000000a8000000, 0x00000000a8100000, 0x00000000a8100000|100%| S|CS|TAMS 0x00000000a8000000, 0x00000000a8000000| Complete 
| 129|0x00000000a8100000, 0x00000000a8200000, 0x00000000a8200000|100%| S|CS|TAMS 0x00000000a8100000, 0x00000000a8100000| Complete 
| 130|0x00000000a8200000, 0x00000000a8300000, 0x00000000a8300000|100%| S|CS|TAMS 0x00000000a8200000, 0x00000000a8200000| Complete 
| 131|0x00000000a8300000, 0x00000000a8300000, 0x00000000a8400000|  0%| F|  |TAMS 0x00000000a8300000, 0x00000000a8300000| Untracked 
| 132|0x00000000a8400000, 0x00000000a8400000, 0x00000000a8500000|  0%| F|  |TAMS 0x00000000a8400000, 0x00000000a8400000| Untracked 
| 133|0x00000000a8500000, 0x00000000a8500000, 0x00000000a8600000|  0%| F|  |TAMS 0x00000000a8500000, 0x00000000a8500000| Untracked 
| 134|0x00000000a8600000, 0x00000000a8600000, 0x00000000a8700000|  0%| F|  |TAMS 0x00000000a8600000, 0x00000000a8600000| Untracked 
| 135|0x00000000a8700000, 0x00000000a8700000, 0x00000000a8800000|  0%| F|  |TAMS 0x00000000a8700000, 0x00000000a8700000| Untracked 
| 136|0x00000000a8800000, 0x00000000a8800000, 0x00000000a8900000|  0%| F|  |TAMS 0x00000000a8800000, 0x00000000a8800000| Untracked 
| 137|0x00000000a8900000, 0x00000000a8900000, 0x00000000a8a00000|  0%| F|  |TAMS 0x00000000a8900000, 0x00000000a8900000| Untracked 
| 138|0x00000000a8a00000, 0x00000000a8a00000, 0x00000000a8b00000|  0%| F|  |TAMS 0x00000000a8a00000, 0x00000000a8a00000| Untracked 
| 139|0x00000000a8b00000, 0x00000000a8b00000, 0x00000000a8c00000|  0%| F|  |TAMS 0x00000000a8b00000, 0x00000000a8b00000| Untracked 
| 140|0x00000000a8c00000, 0x00000000a8c00000, 0x00000000a8d00000|  0%| F|  |TAMS 0x00000000a8c00000, 0x00000000a8c00000| Untracked 
| 141|0x00000000a8d00000, 0x00000000a8d00000, 0x00000000a8e00000|  0%| F|  |TAMS 0x00000000a8d00000, 0x00000000a8d00000| Untracked 
| 142|0x00000000a8e00000, 0x00000000a8e00000, 0x00000000a8f00000|  0%| F|  |TAMS 0x00000000a8e00000, 0x00000000a8e00000| Untracked 
| 143|0x00000000a8f00000, 0x00000000a8f00000, 0x00000000a9000000|  0%| F|  |TAMS 0x00000000a8f00000, 0x00000000a8f00000| Untracked 
| 144|0x00000000a9000000, 0x00000000a9000000, 0x00000000a9100000|  0%| F|  |TAMS 0x00000000a9000000, 0x00000000a9000000| Untracked 
| 145|0x00000000a9100000, 0x00000000a9100000, 0x00000000a9200000|  0%| F|  |TAMS 0x00000000a9100000, 0x00000000a9100000| Untracked 
| 146|0x00000000a9200000, 0x00000000a9200000, 0x00000000a9300000|  0%| F|  |TAMS 0x00000000a9200000, 0x00000000a9200000| Untracked 
| 147|0x00000000a9300000, 0x00000000a9300000, 0x00000000a9400000|  0%| F|  |TAMS 0x00000000a9300000, 0x00000000a9300000| Untracked 
| 148|0x00000000a9400000, 0x00000000a9400000, 0x00000000a9500000|  0%| F|  |TAMS 0x00000000a9400000, 0x00000000a9400000| Untracked 
| 149|0x00000000a9500000, 0x00000000a9500000, 0x00000000a9600000|  0%| F|  |TAMS 0x00000000a9500000, 0x00000000a9500000| Untracked 
| 150|0x00000000a9600000, 0x00000000a9600000, 0x00000000a9700000|  0%| F|  |TAMS 0x00000000a9600000, 0x00000000a9600000| Untracked 
| 151|0x00000000a9700000, 0x00000000a9700000, 0x00000000a9800000|  0%| F|  |TAMS 0x00000000a9700000, 0x00000000a9700000| Untracked 
| 152|0x00000000a9800000, 0x00000000a9800000, 0x00000000a9900000|  0%| F|  |TAMS 0x00000000a9800000, 0x00000000a9800000| Untracked 
| 153|0x00000000a9900000, 0x00000000a9900000, 0x00000000a9a00000|  0%| F|  |TAMS 0x00000000a9900000, 0x00000000a9900000| Untracked 
| 154|0x00000000a9a00000, 0x00000000a9a00000, 0x00000000a9b00000|  0%| F|  |TAMS 0x00000000a9a00000, 0x00000000a9a00000| Untracked 
| 155|0x00000000a9b00000, 0x00000000a9b00000, 0x00000000a9c00000|  0%| F|  |TAMS 0x00000000a9b00000, 0x00000000a9b00000| Untracked 
| 156|0x00000000a9c00000, 0x00000000a9c00000, 0x00000000a9d00000|  0%| F|  |TAMS 0x00000000a9c00000, 0x00000000a9c00000| Untracked 
| 157|0x00000000a9d00000, 0x00000000a9d00000, 0x00000000a9e00000|  0%| F|  |TAMS 0x00000000a9d00000, 0x00000000a9d00000| Untracked 
| 158|0x00000000a9e00000, 0x00000000a9e00000, 0x00000000a9f00000|  0%| F|  |TAMS 0x00000000a9e00000, 0x00000000a9e00000| Untracked 
| 159|0x00000000a9f00000, 0x00000000a9f00000, 0x00000000aa000000|  0%| F|  |TAMS 0x00000000a9f00000, 0x00000000a9f00000| Untracked 
| 160|0x00000000aa000000, 0x00000000aa000000, 0x00000000aa100000|  0%| F|  |TAMS 0x00000000aa000000, 0x00000000aa000000| Untracked 
| 161|0x00000000aa100000, 0x00000000aa100000, 0x00000000aa200000|  0%| F|  |TAMS 0x00000000aa100000, 0x00000000aa100000| Untracked 
| 162|0x00000000aa200000, 0x00000000aa200000, 0x00000000aa300000|  0%| F|  |TAMS 0x00000000aa200000, 0x00000000aa200000| Untracked 
| 163|0x00000000aa300000, 0x00000000aa300000, 0x00000000aa400000|  0%| F|  |TAMS 0x00000000aa300000, 0x00000000aa300000| Untracked 
| 164|0x00000000aa400000, 0x00000000aa400000, 0x00000000aa500000|  0%| F|  |TAMS 0x00000000aa400000, 0x00000000aa400000| Untracked 
| 165|0x00000000aa500000, 0x00000000aa500000, 0x00000000aa600000|  0%| F|  |TAMS 0x00000000aa500000, 0x00000000aa500000| Untracked 
| 166|0x00000000aa600000, 0x00000000aa600000, 0x00000000aa700000|  0%| F|  |TAMS 0x00000000aa600000, 0x00000000aa600000| Untracked 
| 167|0x00000000aa700000, 0x00000000aa700000, 0x00000000aa800000|  0%| F|  |TAMS 0x00000000aa700000, 0x00000000aa700000| Untracked 
| 168|0x00000000aa800000, 0x00000000aa800000, 0x00000000aa900000|  0%| F|  |TAMS 0x00000000aa800000, 0x00000000aa800000| Untracked 
| 169|0x00000000aa900000, 0x00000000aa900000, 0x00000000aaa00000|  0%| F|  |TAMS 0x00000000aa900000, 0x00000000aa900000| Untracked 
| 170|0x00000000aaa00000, 0x00000000aaa00000, 0x00000000aab00000|  0%| F|  |TAMS 0x00000000aaa00000, 0x00000000aaa00000| Untracked 
| 171|0x00000000aab00000, 0x00000000aab00000, 0x00000000aac00000|  0%| F|  |TAMS 0x00000000aab00000, 0x00000000aab00000| Untracked 
| 172|0x00000000aac00000, 0x00000000aac00000, 0x00000000aad00000|  0%| F|  |TAMS 0x00000000aac00000, 0x00000000aac00000| Untracked 
| 173|0x00000000aad00000, 0x00000000aad00000, 0x00000000aae00000|  0%| F|  |TAMS 0x00000000aad00000, 0x00000000aad00000| Untracked 
| 174|0x00000000aae00000, 0x00000000aae00000, 0x00000000aaf00000|  0%| F|  |TAMS 0x00000000aae00000, 0x00000000aae00000| Untracked 
| 175|0x00000000aaf00000, 0x00000000aaf00000, 0x00000000ab000000|  0%| F|  |TAMS 0x00000000aaf00000, 0x00000000aaf00000| Untracked 
| 176|0x00000000ab000000, 0x00000000ab000000, 0x00000000ab100000|  0%| F|  |TAMS 0x00000000ab000000, 0x00000000ab000000| Untracked 
| 177|0x00000000ab100000, 0x00000000ab1a8b60, 0x00000000ab200000| 65%| E|  |TAMS 0x00000000ab100000, 0x00000000ab100000| Complete 
| 178|0x00000000ab200000, 0x00000000ab300000, 0x00000000ab300000|100%| E|CS|TAMS 0x00000000ab200000, 0x00000000ab200000| Complete 
| 179|0x00000000ab300000, 0x00000000ab400000, 0x00000000ab400000|100%| E|CS|TAMS 0x00000000ab300000, 0x00000000ab300000| Complete 
| 180|0x00000000ab400000, 0x00000000ab500000, 0x00000000ab500000|100%| E|CS|TAMS 0x00000000ab400000, 0x00000000ab400000| Complete 
| 181|0x00000000ab500000, 0x00000000ab600000, 0x00000000ab600000|100%| E|CS|TAMS 0x00000000ab500000, 0x00000000ab500000| Complete 
| 182|0x00000000ab600000, 0x00000000ab700000, 0x00000000ab700000|100%| E|CS|TAMS 0x00000000ab600000, 0x00000000ab600000| Complete 

Card table byte_map: [0x0000016c5dd90000,0x0000016c5e090000] _byte_map_base: 0x0000016c5d890000

Marking Bits (Prev, Next): (CMBitMap*) 0x0000016c4a9b0158, (CMBitMap*) 0x0000016c4a9b0190
 Prev Bits: [0x0000016c5e390000, 0x0000016c5fb90000)
 Next Bits: [0x0000016c5fb90000, 0x0000016c61390000)

Polling page: 0x0000016c490e0000

Metaspace:

Usage:
  Non-class:     78.55 MB capacity,    77.07 MB ( 98%) used,     1.23 MB (  2%) free+waste,   266.31 KB ( <1%) overhead. 
      Class:     12.17 MB capacity,    11.31 MB ( 93%) used,   755.82 KB (  6%) free+waste,   119.31 KB ( <1%) overhead. 
       Both:     90.72 MB capacity,    88.38 MB ( 97%) used,     1.97 MB (  2%) free+waste,   385.63 KB ( <1%) overhead. 

Virtual space:
  Non-class space:       80.00 MB reserved,      78.62 MB ( 98%) committed 
      Class space:        1.00 GB reserved,      12.25 MB (  1%) committed 
             Both:        1.08 GB reserved,      90.87 MB (  8%) committed 

Chunk freelists:
   Non-Class:  4.00 KB
       Class:  20.00 KB
        Both:  24.00 KB

MaxMetaspaceSize: 17179869184.00 GB
CompressedClassSpaceSize: 1.00 GB

CodeHeap 'non-profiled nmethods': size=120064Kb used=6824Kb max_used=6824Kb free=113239Kb
 bounds [0x0000016c55f30000, 0x0000016c565e0000, 0x0000016c5d470000]
CodeHeap 'profiled nmethods': size=120000Kb used=25518Kb max_used=25518Kb free=94481Kb
 bounds [0x0000016c4ea00000, 0x0000016c502f0000, 0x0000016c55f30000]
CodeHeap 'non-nmethods': size=5696Kb used=2282Kb max_used=2329Kb free=3413Kb
 bounds [0x0000016c4e470000, 0x0000016c4e6e0000, 0x0000016c4ea00000]
 total_blobs=12890 nmethods=12001 adapters=800
 compilation: enabled
              stopped_count=0, restarted_count=0
 full_count=0

Compilation events (20 events):
Event: 26.916 Thread 0x0000016c64353000 nmethod 12185 0x0000016c502dd110 code [0x0000016c502dd380, 0x0000016c502ddd88]
Event: 26.916 Thread 0x0000016c64353000 12184       3       org.gradle.execution.plan.DefaultExecutionPlan::selectNext (245 bytes)
Event: 26.918 Thread 0x0000016c6a520800 12187       4       org.gradle.internal.serialize.kryo.KryoBackedEncoder::writeString (23 bytes)
Event: 26.919 Thread 0x0000016c639a9800 12188       4       org.gradle.internal.model.CalculatedValueContainer::getValue (35 bytes)
Event: 26.920 Thread 0x0000016c64353000 nmethod 12184 0x0000016c502de090 code [0x0000016c502de540, 0x0000016c502e0d18]
Event: 26.920 Thread 0x0000016c64353000 12186       3       org.gradle.execution.plan.LocalTaskNodeExecutor$$Lambda$876/0x0000000100ada840::<init> (26 bytes)
Event: 26.920 Thread 0x0000016c64353000 nmethod 12186 0x0000016c502e1910 code [0x0000016c502e1ae0, 0x0000016c502e1db8]
Event: 26.920 Thread 0x0000016c639a9800 nmethod 12188 0x0000016c565d4c90 code [0x0000016c565d4e20, 0x0000016c565d4e98]
Event: 26.923 Thread 0x0000016c64353000 12189       3       com.google.common.collect.FluentIterable$3$1::get (15 bytes)
Event: 26.923 Thread 0x0000016c64353000 nmethod 12189 0x0000016c502e1e90 code [0x0000016c502e2060, 0x0000016c502e2248]
Event: 26.923 Thread 0x0000016c64353000 12190       3       org.gradle.api.internal.tasks.properties.FileParameterUtils::determineNormalizerForPathSensitivity (79 bytes)
Event: 26.925 Thread 0x0000016c64353000 nmethod 12190 0x0000016c502e2390 code [0x0000016c502e2620, 0x0000016c502e3138]
Event: 26.925 Thread 0x0000016c64353000 12191       3       org.gradle.api.internal.tasks.properties.annotations.InputFilesPropertyAnnotationHandler::getFilePropertyType (4 bytes)
Event: 26.925 Thread 0x0000016c64353000 nmethod 12191 0x0000016c502e3510 code [0x0000016c502e36c0, 0x0000016c502e37d8]
Event: 26.925 Thread 0x0000016c64353000 12192   !   3       com.sun.proxy.$Proxy68::value (29 bytes)
Event: 26.925 Thread 0x0000016c639a9800 12193       4       org.gradle.internal.execution.history.impl.FileSystemSnapshotSerializer$SnapshotStack::add (36 bytes)
Event: 26.925 Thread 0x0000016c64353000 nmethod 12192 0x0000016c502e3890 code [0x0000016c502e3a80, 0x0000016c502e3e58]
Event: 26.927 Thread 0x0000016c64353000 12194       3       org.gradle.internal.instantiation.generator.DefaultInstantiatorFactory$ClassGeneratorBackedManagedFactory::fromState (30 bytes)
Event: 26.928 Thread 0x0000016c64353000 nmethod 12194 0x0000016c502e4010 code [0x0000016c502e4200, 0x0000016c502e45a8]
Event: 26.929 Thread 0x0000016c64353000 12195       3       org.gradle.api.internal.file.collections.UnpackingVisitor::<init> (12 bytes)

GC Heap History (20 events):
Event: 13.967 GC heap before
{Heap before GC invocations=12 (full 0):
 garbage-first heap   total 155648K, used 108945K [0x00000000a0000000, 0x0000000100000000)
  region size 1024K, 66 young (67584K), 4 survivors (4096K)
 Metaspace       used 63223K, capacity 64926K, committed 65148K, reserved 1105920K
  class space    used 8027K, capacity 8654K, committed 8704K, reserved 1048576K
}
Event: 13.990 GC heap after
{Heap after GC invocations=13 (full 0):
 garbage-first heap   total 155648K, used 50155K [0x00000000a0000000, 0x0000000100000000)
  region size 1024K, 8 young (8192K), 8 survivors (8192K)
 Metaspace       used 63223K, capacity 64926K, committed 65148K, reserved 1105920K
  class space    used 8027K, capacity 8654K, committed 8704K, reserved 1048576K
}
Event: 15.467 GC heap before
{Heap before GC invocations=14 (full 0):
 garbage-first heap   total 155648K, used 113643K [0x00000000a0000000, 0x0000000100000000)
  region size 1024K, 70 young (71680K), 8 survivors (8192K)
 Metaspace       used 68496K, capacity 70253K, committed 70268K, reserved 1110016K
  class space    used 8857K, capacity 9460K, committed 9472K, reserved 1048576K
}
Event: 15.488 GC heap after
{Heap after GC invocations=15 (full 0):
 garbage-first heap   total 155648K, used 54693K [0x00000000a0000000, 0x0000000100000000)
  region size 1024K, 5 young (5120K), 5 survivors (5120K)
 Metaspace       used 68496K, capacity 70253K, committed 70268K, reserved 1110016K
  class space    used 8857K, capacity 9460K, committed 9472K, reserved 1048576K
}
Event: 16.326 GC heap before
{Heap before GC invocations=15 (full 0):
 garbage-first heap   total 155648K, used 117157K [0x00000000a0000000, 0x0000000100000000)
  region size 1024K, 66 young (67584K), 5 survivors (5120K)
 Metaspace       used 71361K, capacity 73138K, committed 73340K, reserved 1112064K
  class space    used 9277K, capacity 9951K, committed 9984K, reserved 1048576K
}
Event: 16.341 GC heap after
{Heap after GC invocations=16 (full 0):
 garbage-first heap   total 155648K, used 58106K [0x00000000a0000000, 0x0000000100000000)
  region size 1024K, 8 young (8192K), 8 survivors (8192K)
 Metaspace       used 71361K, capacity 73138K, committed 73340K, reserved 1112064K
  class space    used 9277K, capacity 9951K, committed 9984K, reserved 1048576K
}
Event: 17.705 GC heap before
{Heap before GC invocations=16 (full 0):
 garbage-first heap   total 155648K, used 119546K [0x00000000a0000000, 0x0000000100000000)
  region size 1024K, 68 young (69632K), 8 survivors (8192K)
 Metaspace       used 77179K, capacity 79239K, committed 79356K, reserved 1118208K
  class space    used 10098K, capacity 10804K, committed 10880K, reserved 1048576K
}
Event: 17.726 GC heap after
{Heap after GC invocations=17 (full 0):
 garbage-first heap   total 155648K, used 62765K [0x00000000a0000000, 0x0000000100000000)
  region size 1024K, 9 young (9216K), 9 survivors (9216K)
 Metaspace       used 77179K, capacity 79239K, committed 79356K, reserved 1118208K
  class space    used 10098K, capacity 10804K, committed 10880K, reserved 1048576K
}
Event: 19.260 GC heap before
{Heap before GC invocations=17 (full 0):
 garbage-first heap   total 155648K, used 121133K [0x00000000a0000000, 0x0000000100000000)
  region size 1024K, 67 young (68608K), 9 survivors (9216K)
 Metaspace       used 79154K, capacity 81319K, committed 81404K, reserved 1120256K
  class space    used 10352K, capacity 11109K, committed 11136K, reserved 1048576K
}
Event: 19.285 GC heap after
{Heap after GC invocations=18 (full 0):
 garbage-first heap   total 187392K, used 67133K [0x00000000a0000000, 0x0000000100000000)
  region size 1024K, 9 young (9216K), 9 survivors (9216K)
 Metaspace       used 79154K, capacity 81319K, committed 81404K, reserved 1120256K
  class space    used 10352K, capacity 11109K, committed 11136K, reserved 1048576K
}
Event: 20.540 GC heap before
{Heap before GC invocations=18 (full 0):
 garbage-first heap   total 187392K, used 137789K [0x00000000a0000000, 0x0000000100000000)
  region size 1024K, 79 young (80896K), 9 survivors (9216K)
 Metaspace       used 79752K, capacity 81899K, committed 82044K, reserved 1120256K
  class space    used 10393K, capacity 11198K, committed 11264K, reserved 1048576K
}
Event: 20.561 GC heap after
{Heap after GC invocations=19 (full 0):
 garbage-first heap   total 187392K, used 72477K [0x00000000a0000000, 0x0000000100000000)
  region size 1024K, 10 young (10240K), 10 survivors (10240K)
 Metaspace       used 79752K, capacity 81899K, committed 82044K, reserved 1120256K
  class space    used 10393K, capacity 11198K, committed 11264K, reserved 1048576K
}
Event: 22.202 GC heap before
{Heap before GC invocations=19 (full 0):
 garbage-first heap   total 187392K, used 142109K [0x00000000a0000000, 0x0000000100000000)
  region size 1024K, 79 young (80896K), 10 survivors (10240K)
 Metaspace       used 85482K, capacity 87676K, committed 87932K, reserved 1126400K
  class space    used 11093K, capacity 11931K, committed 12032K, reserved 1048576K
}
Event: 22.223 GC heap after
{Heap after GC invocations=20 (full 0):
 garbage-first heap   total 187392K, used 76443K [0x00000000a0000000, 0x0000000100000000)
  region size 1024K, 9 young (9216K), 9 survivors (9216K)
 Metaspace       used 85482K, capacity 87676K, committed 87932K, reserved 1126400K
  class space    used 11093K, capacity 11931K, committed 12032K, reserved 1048576K
}
Event: 24.305 GC heap before
{Heap before GC invocations=20 (full 0):
 garbage-first heap   total 187392K, used 149147K [0x00000000a0000000, 0x0000000100000000)
  region size 1024K, 78 young (79872K), 9 survivors (9216K)
 Metaspace       used 89695K, capacity 91987K, committed 92156K, reserved 1128448K
  class space    used 11514K, capacity 12402K, committed 12416K, reserved 1048576K
}
Event: 24.344 GC heap after
{Heap after GC invocations=21 (full 0):
 garbage-first heap   total 187392K, used 90712K [0x00000000a0000000, 0x0000000100000000)
  region size 1024K, 10 young (10240K), 10 survivors (10240K)
 Metaspace       used 89695K, capacity 91987K, committed 92156K, reserved 1128448K
  class space    used 11514K, capacity 12402K, committed 12416K, reserved 1048576K
}
Event: 25.583 GC heap before
{Heap before GC invocations=21 (full 0):
 garbage-first heap   total 187392K, used 149080K [0x00000000a0000000, 0x0000000100000000)
  region size 1024K, 68 young (69632K), 10 survivors (10240K)
 Metaspace       used 90386K, capacity 92754K, committed 93052K, reserved 1130496K
  class space    used 11578K, capacity 12458K, committed 12544K, reserved 1048576K
}
Event: 25.615 GC heap after
{Heap after GC invocations=22 (full 0):
 garbage-first heap   total 187392K, used 96256K [0x00000000a0000000, 0x0000000100000000)
  region size 1024K, 9 young (9216K), 9 survivors (9216K)
 Metaspace       used 90386K, capacity 92754K, committed 93052K, reserved 1130496K
  class space    used 11578K, capacity 12458K, committed 12544K, reserved 1048576K
}
Event: 26.778 GC heap before
{Heap before GC invocations=22 (full 0):
 garbage-first heap   total 187392K, used 148480K [0x00000000a0000000, 0x0000000100000000)
  region size 1024K, 61 young (62464K), 9 survivors (9216K)
 Metaspace       used 90445K, capacity 92826K, committed 93052K, reserved 1130496K
  class space    used 11579K, capacity 12458K, committed 12544K, reserved 1048576K
}
Event: 26.800 GC heap after
{Heap after GC invocations=23 (full 0):
 garbage-first heap   total 187392K, used 98612K [0x00000000a0000000, 0x0000000100000000)
  region size 1024K, 3 young (3072K), 3 survivors (3072K)
 Metaspace       used 90445K, capacity 92826K, committed 93052K, reserved 1130496K
  class space    used 11579K, capacity 12458K, committed 12544K, reserved 1048576K
}

Deoptimization events (20 events):
Event: 26.633 Thread 0x0000016c69e87000 Uncommon trap: trap_request=0xffffff4d fr.pc=0x0000016c564579a8 relative=0x0000000000002148
Event: 26.633 Thread 0x0000016c69e87000 Uncommon trap: reason=unstable_if action=reinterpret pc=0x0000016c564579a8 method=java.util.concurrent.ConcurrentHashMap.computeIfAbsent(Ljava/lang/Object;Ljava/util/function/Function;)Ljava/lang/Object; @ 104 c2
Event: 26.633 Thread 0x0000016c69e87000 DEOPT PACKING pc=0x0000016c564579a8 sp=0x00000031272fdc20
Event: 26.633 Thread 0x0000016c69e87000 DEOPT UNPACKING pc=0x0000016c4e4978af sp=0x00000031272fdbc8 mode 2
Event: 26.658 Thread 0x0000016c69e8a000 Uncommon trap: trap_request=0xfffffff4 fr.pc=0x0000016c565bf800 relative=0x00000000000004c0
Event: 26.658 Thread 0x0000016c69e8a000 Uncommon trap: reason=null_check action=make_not_entrant pc=0x0000016c565bf800 method=org.gradle.tooling.internal.provider.runner.SubtreeFilteringBuildOperationListener.finished(Lorg/gradle/internal/operations/BuildOperationDescriptor;Lorg/gradle/internal
Event: 26.658 Thread 0x0000016c69e8a000 DEOPT PACKING pc=0x0000016c565bf800 sp=0x00000031277fb1d0
Event: 26.658 Thread 0x0000016c69e8a000 DEOPT UNPACKING pc=0x0000016c4e4978af sp=0x00000031277fb168 mode 2
Event: 26.689 Thread 0x0000016c69e87000 Uncommon trap: trap_request=0xfffffff4 fr.pc=0x0000016c565c49d4 relative=0x0000000000000ab4
Event: 26.689 Thread 0x0000016c69e87000 Uncommon trap: reason=null_check action=make_not_entrant pc=0x0000016c565c49d4 method=org.gradle.tooling.internal.provider.runner.SubtreeFilteringBuildOperationListener.started(Lorg/gradle/internal/operations/BuildOperationDescriptor;Lorg/gradle/internal/
Event: 26.689 Thread 0x0000016c69e87000 DEOPT PACKING pc=0x0000016c565c49d4 sp=0x00000031272fe300
Event: 26.689 Thread 0x0000016c69e84800 Uncommon trap: trap_request=0xfffffff4 fr.pc=0x0000016c565c49d4 relative=0x0000000000000ab4
Event: 26.689 Thread 0x0000016c69e84800 Uncommon trap: reason=null_check action=make_not_entrant pc=0x0000016c565c49d4 method=org.gradle.tooling.internal.provider.runner.SubtreeFilteringBuildOperationListener.started(Lorg/gradle/internal/operations/BuildOperationDescriptor;Lorg/gradle/internal/
Event: 26.689 Thread 0x0000016c69e87000 DEOPT UNPACKING pc=0x0000016c4e4978af sp=0x00000031272fe2b0 mode 2
Event: 26.689 Thread 0x0000016c69e84800 DEOPT PACKING pc=0x0000016c565c49d4 sp=0x00000031270fe160
Event: 26.689 Thread 0x0000016c69e84800 DEOPT UNPACKING pc=0x0000016c4e4978af sp=0x00000031270fe110 mode 2
Event: 26.689 Thread 0x0000016c69e8a000 Uncommon trap: trap_request=0xfffffff4 fr.pc=0x0000016c565c49d4 relative=0x0000000000000ab4
Event: 26.689 Thread 0x0000016c69e8a000 Uncommon trap: reason=null_check action=make_not_entrant pc=0x0000016c565c49d4 method=org.gradle.tooling.internal.provider.runner.SubtreeFilteringBuildOperationListener.started(Lorg/gradle/internal/operations/BuildOperationDescriptor;Lorg/gradle/internal/
Event: 26.689 Thread 0x0000016c69e8a000 DEOPT PACKING pc=0x0000016c565c49d4 sp=0x00000031277fb300
Event: 26.689 Thread 0x0000016c69e8a000 DEOPT UNPACKING pc=0x0000016c4e4978af sp=0x00000031277fb2b0 mode 2

Classes redefined (0 events):
No events

Internal exceptions (20 events):
Event: 24.598 Thread 0x0000016c669df800 Exception <a 'sun/nio/fs/WindowsException'{0x00000000ab320078}> (0x00000000ab320078) thrown at [./src/hotspot/share/prims/jni.cpp, line 615]
Event: 24.601 Thread 0x0000016c669df800 Exception <a 'sun/nio/fs/WindowsException'{0x00000000ab329ce0}> (0x00000000ab329ce0) thrown at [./src/hotspot/share/prims/jni.cpp, line 615]
Event: 24.603 Thread 0x0000016c669df800 Exception <a 'sun/nio/fs/WindowsException'{0x00000000ab32f218}> (0x00000000ab32f218) thrown at [./src/hotspot/share/prims/jni.cpp, line 615]
Event: 24.605 Thread 0x0000016c669df800 Exception <a 'sun/nio/fs/WindowsException'{0x00000000ab334760}> (0x00000000ab334760) thrown at [./src/hotspot/share/prims/jni.cpp, line 615]
Event: 24.611 Thread 0x0000016c669df800 Exception <a 'sun/nio/fs/WindowsException'{0x00000000ab33a038}> (0x00000000ab33a038) thrown at [./src/hotspot/share/prims/jni.cpp, line 615]
Event: 24.617 Thread 0x0000016c669df800 Exception <a 'sun/nio/fs/WindowsException'{0x00000000ab33fda8}> (0x00000000ab33fda8) thrown at [./src/hotspot/share/prims/jni.cpp, line 615]
Event: 24.633 Thread 0x0000016c669df800 Exception <a 'sun/nio/fs/WindowsException'{0x00000000ab372440}> (0x00000000ab372440) thrown at [./src/hotspot/share/prims/jni.cpp, line 615]
Event: 24.670 Thread 0x0000016c669df800 Exception <a 'sun/nio/fs/WindowsException'{0x00000000ab163898}> (0x00000000ab163898) thrown at [./src/hotspot/share/prims/jni.cpp, line 615]
Event: 24.680 Thread 0x0000016c669df800 Exception <a 'sun/nio/fs/WindowsException'{0x00000000ab16a530}> (0x00000000ab16a530) thrown at [./src/hotspot/share/prims/jni.cpp, line 615]
Event: 24.685 Thread 0x0000016c669df800 Exception <a 'sun/nio/fs/WindowsException'{0x00000000ab187c20}> (0x00000000ab187c20) thrown at [./src/hotspot/share/prims/jni.cpp, line 615]
Event: 24.701 Thread 0x0000016c669df800 Exception <a 'sun/nio/fs/WindowsException'{0x00000000aaf14430}> (0x00000000aaf14430) thrown at [./src/hotspot/share/prims/jni.cpp, line 615]
Event: 24.715 Thread 0x0000016c669df800 Exception <a 'sun/nio/fs/WindowsException'{0x00000000aae9f6f0}> (0x00000000aae9f6f0) thrown at [./src/hotspot/share/prims/jni.cpp, line 615]
Event: 24.749 Thread 0x0000016c669df800 Exception <a 'sun/nio/fs/WindowsException'{0x00000000aaeab3d0}> (0x00000000aaeab3d0) thrown at [./src/hotspot/share/prims/jni.cpp, line 615]
Event: 25.017 Thread 0x0000016c669df800 Exception <a 'java/lang/NoSuchMethodError'{0x00000000a9bf1c10}: 'void java.lang.invoke.DirectMethodHandle$Holder.invokeStatic(java.lang.Object, java.lang.Object, java.lang.Object, java.lang.Object, java.lang.Object, java.lang.Object, java.lang.Object)'> (0x00000000a9bf1c10) thrown at [./src/hotspot/share/interpreter/linkResolver.cpp, line 773]
Event: 25.031 Thread 0x0000016c66765000 Exception <a 'java/lang/NoSuchMethodError'{0x00000000a9aeecf8}: <clinit>> (0x00000000a9aeecf8) thrown at [./src/hotspot/share/prims/jni.cpp, line 1362]
Event: 25.036 Thread 0x0000016c66765000 Exception <a 'java/lang/NoSuchMethodError'{0x00000000a9923350}: <clinit>> (0x00000000a9923350) thrown at [./src/hotspot/share/prims/jni.cpp, line 1362]
Event: 26.658 Thread 0x0000016c69e8a000 Implicit null exception at 0x0000016c565bf3d2 to 0x0000016c565bf7d8
Event: 26.689 Thread 0x0000016c69e87000 Implicit null exception at 0x0000016c565c4114 to 0x0000016c565c49b4
Event: 26.689 Thread 0x0000016c69e84800 Implicit null exception at 0x0000016c565c4114 to 0x0000016c565c49b4
Event: 26.689 Thread 0x0000016c69e8a000 Implicit null exception at 0x0000016c565c4114 to 0x0000016c565c49b4

Events (20 events):
Event: 25.029 loading class org/gradle/tooling/events/task/java/JavaCompileTaskOperationResult
Event: 25.029 loading class org/gradle/tooling/events/task/java/JavaCompileTaskOperationResult done
Event: 25.034 loading class com/google/common/collect/ImmutableList$SerializedForm
Event: 25.034 loading class com/google/common/collect/ImmutableList$SerializedForm done
Event: 25.474 loading class org/gradle/cache/internal/btree/FileBackedBlockStore$1
Event: 25.474 loading class org/gradle/cache/internal/btree/FileBackedBlockStore$1 done
Event: 25.583 Executing VM operation: G1CollectForAllocation
Event: 25.615 Executing VM operation: G1CollectForAllocation done
Event: 26.502 loading class org/gradle/internal/Try$1
Event: 26.502 loading class org/gradle/internal/Try$1 done
Event: 26.778 Executing VM operation: G1CollectForAllocation
Event: 26.800 Executing VM operation: G1CollectForAllocation done
Event: 26.926 loading class com/android/build/gradle/options/IntegerOption
Event: 26.926 loading class com/android/build/gradle/options/IntegerOption done
Event: 26.926 loading class com/android/build/gradle/options/ProjectOptions
Event: 26.926 loading class com/android/build/gradle/options/ProjectOptions done
Event: 26.927 loading class org/gradle/api/provider/Provider
Event: 26.927 loading class org/gradle/api/provider/Provider done
Event: 26.927 loading class com/android/build/gradle/options/ProjectOptions$OptionValue
Event: 26.927 loading class com/android/build/gradle/options/ProjectOptions$OptionValue done


Dynamic libraries:
0x00007ff602610000 - 0x00007ff60261a000 	C:\Program Files\Android\Android Studio\jre\bin\java.exe
0x00007ffdebb50000 - 0x00007ffdebd44000 	C:\WINDOWS\SYSTEM32\ntdll.dll
0x00007ffdeacd0000 - 0x00007ffdead8d000 	C:\WINDOWS\System32\KERNEL32.DLL
0x00007ffde9330000 - 0x00007ffde95f7000 	C:\WINDOWS\System32\KERNELBASE.dll
0x00007ffde9a80000 - 0x00007ffde9b80000 	C:\WINDOWS\System32\ucrtbase.dll
0x00007ffde3a00000 - 0x00007ffde3a19000 	C:\Program Files\Android\Android Studio\jre\bin\jli.dll
0x00007ffde9c10000 - 0x00007ffde9db0000 	C:\WINDOWS\System32\USER32.dll
0x00007ffde9a50000 - 0x00007ffde9a72000 	C:\WINDOWS\System32\win32u.dll
0x00007ffdeb2d0000 - 0x00007ffdeb2fa000 	C:\WINDOWS\System32\GDI32.dll
0x00007ffde9940000 - 0x00007ffde9a4a000 	C:\WINDOWS\System32\gdi32full.dll
0x00007ffde9290000 - 0x00007ffde932d000 	C:\WINDOWS\System32\msvcp_win.dll
0x00007ffdcffd0000 - 0x00007ffdcffe7000 	C:\Program Files\Android\Android Studio\jre\bin\VCRUNTIME140.dll
0x00007ffde6e00000 - 0x00007ffde709a000 	C:\WINDOWS\WinSxS\amd64_microsoft.windows.common-controls_6595b64144ccf1df_6.0.19041.1_none_b555e41d4684ddec\COMCTL32.dll
0x00007ffdeba70000 - 0x00007ffdebb0e000 	C:\WINDOWS\System32\msvcrt.dll
0x00007ffdeb320000 - 0x00007ffdeb350000 	C:\WINDOWS\System32\IMM32.DLL
0x00007ffdb37d0000 - 0x00007ffdb386d000 	C:\Program Files\Android\Android Studio\jre\bin\msvcp140.dll
0x00007ffdaf570000 - 0x00007ffdb003f000 	C:\Program Files\Android\Android Studio\jre\bin\server\jvm.dll
0x00007ffde9fd0000 - 0x00007ffdea07a000 	C:\WINDOWS\System32\ADVAPI32.dll
0x00007ffdeb0f0000 - 0x00007ffdeb18b000 	C:\WINDOWS\System32\sechost.dll
0x00007ffdea8f0000 - 0x00007ffdeaa13000 	C:\WINDOWS\System32\RPCRT4.dll
0x00007ffde9db0000 - 0x00007ffde9db8000 	C:\WINDOWS\System32\PSAPI.DLL
0x00007ffdcfdb0000 - 0x00007ffdcfdd7000 	C:\WINDOWS\SYSTEM32\WINMM.dll
0x00007ffde6110000 - 0x00007ffde6119000 	C:\WINDOWS\SYSTEM32\WSOCK32.dll
0x00007ffdea870000 - 0x00007ffdea8db000 	C:\WINDOWS\System32\WS2_32.dll
0x00007ffdde810000 - 0x00007ffdde81a000 	C:\WINDOWS\SYSTEM32\VERSION.dll
0x00007ffde6de0000 - 0x00007ffde6df3000 	C:\WINDOWS\SYSTEM32\kernel.appcore.dll
0x00007ffddddf0000 - 0x00007ffddde01000 	C:\Program Files\Android\Android Studio\jre\bin\verify.dll
0x00007ffde8c50000 - 0x00007ffde8e34000 	C:\WINDOWS\SYSTEM32\DBGHELP.DLL
0x00007ffde81e0000 - 0x00007ffde820c000 	C:\WINDOWS\SYSTEM32\dbgcore.DLL
0x00007ffde96b0000 - 0x00007ffde972f000 	C:\WINDOWS\System32\bcryptPrimitives.dll
0x00007ffddddc0000 - 0x00007ffdddde9000 	C:\Program Files\Android\Android Studio\jre\bin\java.dll
0x00007ffde6100000 - 0x00007ffde610b000 	C:\Program Files\Android\Android Studio\jre\bin\jimage.dll
0x00007ffdddda0000 - 0x00007ffddddb8000 	C:\Program Files\Android\Android Studio\jre\bin\zip.dll
0x00007ffdea080000 - 0x00007ffdea7b1000 	C:\WINDOWS\System32\SHELL32.dll
0x00007ffde70a0000 - 0x00007ffde782a000 	C:\WINDOWS\SYSTEM32\windows.storage.dll
0x00007ffdead90000 - 0x00007ffdeb0e4000 	C:\WINDOWS\System32\combase.dll
0x00007ffde8910000 - 0x00007ffde893b000 	C:\WINDOWS\SYSTEM32\Wldp.dll
0x00007ffdeb7c0000 - 0x00007ffdeb86e000 	C:\WINDOWS\System32\SHCORE.dll
0x00007ffdeb190000 - 0x00007ffdeb1e5000 	C:\WINDOWS\System32\shlwapi.dll
0x00007ffde91d0000 - 0x00007ffde91ef000 	C:\WINDOWS\SYSTEM32\profapi.dll
0x00007ffdddd40000 - 0x00007ffdddd5a000 	C:\Program Files\Android\Android Studio\jre\bin\net.dll
0x00007ffde2030000 - 0x00007ffde2132000 	C:\WINDOWS\SYSTEM32\WINHTTP.dll
0x00007ffde8630000 - 0x00007ffde869a000 	C:\WINDOWS\system32\mswsock.dll
0x00007ffdddd20000 - 0x00007ffdddd34000 	C:\Program Files\Android\Android Studio\jre\bin\nio.dll
0x00007ffdd5b70000 - 0x00007ffdd5b97000 	C:\Users\HP\.gradle\wrapper\dists\gradle-2.14.1-all\native\8bec1ad78214c89d9ad589b4d07fe93259594b29d510b10fafb7a158f7737e5d\windows-amd64\native-platform.dll
0x00007ffdb5ce0000 - 0x00007ffdb5e1d000 	C:\Users\HP\.gradle\wrapper\dists\gradle-2.14.1-all\native\53dbd7edfb1c66fb8903c78663c9afc45aea4f116125fa6feffd364cf09443e8\windows-amd64\native-platform-file-events.dll
0x00007ffde4490000 - 0x00007ffde449a000 	C:\Program Files\Android\Android Studio\jre\bin\management.dll
0x00007ffde2880000 - 0x00007ffde288c000 	C:\Program Files\Android\Android Studio\jre\bin\management_ext.dll
0x00007ffde8e80000 - 0x00007ffde8e98000 	C:\WINDOWS\SYSTEM32\CRYPTSP.dll
0x00007ffde7f90000 - 0x00007ffde7fc4000 	C:\WINDOWS\system32\rsaenh.dll
0x00007ffde9b80000 - 0x00007ffde9ba7000 	C:\WINDOWS\System32\bcrypt.dll
0x00007ffde9150000 - 0x00007ffde917e000 	C:\WINDOWS\SYSTEM32\USERENV.dll
0x00007ffde8880000 - 0x00007ffde888c000 	C:\WINDOWS\SYSTEM32\CRYPTBASE.dll
0x00007ffde8320000 - 0x00007ffde835b000 	C:\WINDOWS\SYSTEM32\IPHLPAPI.DLL
0x00007ffdeacc0000 - 0x00007ffdeacc9000 	C:\WINDOWS\System32\NSI.dll
0x00007ffde6cb0000 - 0x00007ffde6cc7000 	C:\WINDOWS\SYSTEM32\dhcpcsvc6.DLL
0x00007ffde6c90000 - 0x00007ffde6cad000 	C:\WINDOWS\SYSTEM32\dhcpcsvc.DLL
0x00007ffde8360000 - 0x00007ffde842a000 	C:\WINDOWS\SYSTEM32\DNSAPI.dll

dbghelp: loaded successfully - version: 4.0.5 - missing functions: none
symbol engine: initialized successfully - sym options: 0x614 - pdb path: .;C:\Program Files\Android\Android Studio\jre\bin;C:\WINDOWS\SYSTEM32;C:\WINDOWS\WinSxS\amd64_microsoft.windows.common-controls_6595b64144ccf1df_6.0.19041.1_none_b555e41d4684ddec;C:\Program Files\Android\Android Studio\jre\bin\server;C:\Users\HP\.gradle\wrapper\dists\gradle-2.14.1-all\native\8bec1ad78214c89d9ad589b4d07fe93259594b29d510b10fafb7a158f7737e5d\windows-amd64;C:\Users\HP\.gradle\wrapper\dists\gradle-2.14.1-all\native\53dbd7edfb1c66fb8903c78663c9afc45aea4f116125fa6feffd364cf09443e8\windows-amd64

VM Arguments:
jvm_args: --add-opens=java.base/java.util=ALL-UNNAMED --add-opens=java.base/java.lang=ALL-UNNAMED --add-opens=java.base/java.lang.invoke=ALL-UNNAMED --add-opens=java.base/java.util=ALL-UNNAMED --add-opens=java.prefs/java.util.prefs=ALL-UNNAMED --add-opens=java.prefs/java.util.prefs=ALL-UNNAMED --add-opens=java.base/java.nio.charset=ALL-UNNAMED --add-opens=java.base/java.net=ALL-UNNAMED --add-opens=java.base/java.util.concurrent.atomic=ALL-UNNAMED -Xmx1536m -Dfile.encoding=windows-1252 -Duser.country=US -Duser.language=en -Duser.variant 
java_command: org.gradle.launcher.daemon.bootstrap.GradleDaemon 7.0.2
java_class_path (initial): C:\Users\HP\.gradle\wrapper\dists\gradle-2.14.1-all\wrapper\dists\gradle-7.0.2-all\7era6s5ay7zsbhuvl0oc9g94s\gradle-7.0.2\lib\gradle-launcher-7.0.2.jar
Launcher Type: SUN_STANDARD

[Global flags]
     intx CICompilerCount                          = 3                                         {product} {ergonomic}
     uint ConcGCThreads                            = 1                                         {product} {ergonomic}
     uint G1ConcRefinementThreads                  = 4                                         {product} {ergonomic}
   size_t G1HeapRegionSize                         = 1048576                                   {product} {ergonomic}
    uintx GCDrainStackTargetSize                   = 64                                        {product} {ergonomic}
   size_t InitialHeapSize                          = 132120576                                 {product} {ergonomic}
   size_t MarkStackSize                            = 4194304                                   {product} {ergonomic}
   size_t MaxHeapSize                              = 1610612736                                {product} {command line}
   size_t MaxNewSize                               = 965738496                                 {product} {ergonomic}
   size_t MinHeapDeltaBytes                        = 1048576                                   {product} {ergonomic}
    uintx NonNMethodCodeHeapSize                   = 5830732                                {pd product} {ergonomic}
    uintx NonProfiledCodeHeapSize                  = 122913754                              {pd product} {ergonomic}
    uintx ProfiledCodeHeapSize                     = 122913754                              {pd product} {ergonomic}
    uintx ReservedCodeCacheSize                    = 251658240                              {pd product} {ergonomic}
     bool SegmentedCodeCache                       = true                                      {product} {ergonomic}
     bool UseCompressedClassPointers               = true                                 {lp64_product} {ergonomic}
     bool UseCompressedOops                        = true                                 {lp64_product} {ergonomic}
     bool UseG1GC                                  = true                                      {product} {ergonomic}
     bool UseLargePagesIndividualAllocation        = false                                  {pd product} {ergonomic}

Logging:
Log output configuration:
 #0: stdout all=warning uptime,level,tags
 #1: stderr all=off uptime,level,tags

Environment Variables:
PATH=C:\WINDOWS\system32;C:\WINDOWS;C:\WINDOWS\System32\Wbem;C:\WINDOWS\System32\WindowsPowerShell\v1.0\;C:\WINDOWS\System32\OpenSSH\;E:\New folder\;C:\Users\HP\AppData\Local\Microsoft\WindowsApps;E:\VS Code\Microsoft VS Code\bin;C:\Users\HP\AppData\Roaming\npm;C:\Users\HP\AppData\Local\GitHubDesktop\bin;C:\Users\HP\Flutter\flutter\bin;
USERNAME=HP
OS=Windows_NT
PROCESSOR_IDENTIFIER=Intel64 Family 6 Model 142 Stepping 9, GenuineIntel



---------------  S Y S T E M  ---------------

OS: Windows 10 , 64 bit Build 19041 (10.0.19041.1)
OS uptime: 0 days 0:42 hours

CPU:total 4 (initial active 4) (2 cores per cpu, 2 threads per core) family 6 model 142 stepping 9 microcode 0xde, cmov, cx8, fxsr, mmx, sse, sse2, sse3, ssse3, sse4.1, sse4.2, popcnt, avx, avx2, aes, clmul, erms, 3dnowpref, lzcnt, ht, tsc, tscinvbit, bmi1, bmi2, adx, fma

Memory: 4k page, system-wide physical 8060M (2436M free)
TotalPageFile size 16252M (AvailPageFile size 10332M)
current process WorkingSet (physical memory assigned to process): 431M, peak: 444M
current process commit charge ("private bytes"): 457M, peak: 469M

vm_info: OpenJDK 64-Bit Server VM (11.0.10+0-b96-7249189) for windows-amd64 JRE (11.0.10+0-b96-7249189), built on Mar 31 2021 21:44:00 by "builder" with MS VC++ 14.0 (VS2015)

END.
