#
# A fatal error has been detected by the Java Runtime Environment:
#
#  EXCEPTION_ACCESS_VIOLATION (0xc0000005) at pc=0x00007ffdafdc92c8, pid=8060, tid=8092
#
# JRE version: OpenJDK Runtime Environment (11.0.10) (build 11.0.10+0-b96-7249189)
# Java VM: OpenJDK 64-Bit Server VM (11.0.10+0-b96-7249189, mixed mode, tiered, compressed oops, g1 gc, windows-amd64)
# Problematic frame:
# V  [jvm.dll+0x8592c8]
#
# No core dump will be written. Minidumps are not enabled by default on client versions of Windows
#
# If you would like to submit a bug report, please visit:
#   https://bugreport.java.com/bugreport/crash.jsp
#

---------------  S U M M A R Y ------------

Command Line: --add-opens=java.base/java.util=ALL-UNNAMED --add-opens=java.base/java.lang=ALL-UNNAMED --add-opens=java.base/java.lang.invoke=ALL-UNNAMED --add-opens=java.base/java.util=ALL-UNNAMED --add-opens=java.prefs/java.util.prefs=ALL-UNNAMED --add-opens=java.prefs/java.util.prefs=ALL-UNNAMED --add-opens=java.base/java.nio.charset=ALL-UNNAMED --add-opens=java.base/java.net=ALL-UNNAMED --add-opens=java.base/java.util.concurrent.atomic=ALL-UNNAMED -Xmx1536m -Dfile.encoding=windows-1252 -Duser.country=US -Duser.language=en -Duser.variant org.gradle.launcher.daemon.bootstrap.GradleDaemon 7.0.2

Host: Intel(R) Core(TM) i3-7020U CPU @ 2.30GHz, 4 cores, 7G,  Windows 10 , 64 bit Build 19041 (10.0.19041.1)
Time: Thu Oct 14 20:16:20 2021 India Standard Time elapsed time: 11.688106 seconds (0d 0h 0m 11s)

---------------  T H R E A D  ---------------

Current thread (0x00000210fdfee000):  JavaThread "C2 CompilerThread0" daemon [_thread_in_native, id=8092, stack(0x000000b45b000000,0x000000b45b100000)]


Current CompileTask:
C2:  11688 4923       4       org.codehaus.groovy.reflection.ParameterTypes::getParameterTypes (16 bytes)

Stack: [0x000000b45b000000,0x000000b45b100000],  sp=0x000000b45b0fdb98,  free space=1014k
Native frames: (J=compiled Java code, j=interpreted, Vv=VM code, C=native code)
V  [jvm.dll+0x8592c8]


siginfo: EXCEPTION_ACCESS_VIOLATION (0xc0000005), data execution prevention violation at address 0x00007ffdafdc92c8


Register to memory mapping:

RIP=0x00007ffdafdc92c8 jvm.dll
RAX=0x00000210fee5cea8 points into unknown readable memory: 0x00007ffdafdc92c8 | c8 92 dc af fd 7f 00 00
RBX=0x00000210fea4c450 points into unknown readable memory: 0x00000210fee5cea8 | a8 ce e5 fe 10 02 00 00
RCX=0x00000210fea4c450 points into unknown readable memory: 0x00000210fee5cea8 | a8 ce e5 fe 10 02 00 00
RDX=0x0000000000000030 is an unknown value
RSP=0x000000b45b0fdb98 is pointing into the stack for thread: 0x00000210fdfee000
RBP=0x000000b45b0fdd20 is pointing into the stack for thread: 0x00000210fdfee000
RSI=0x00000000000000a1 is an unknown value
RDI=0x00000210fea4c3b0 points into unknown readable memory: 0x00007ffdafdc92c8 | c8 92 dc af fd 7f 00 00
R8 =0x0000000000000030 is an unknown value
R9 =0x0 is NULL
R10=0x0000000000000001 is an unknown value
R11=0x0000000000000001 is an unknown value
R12=0x00000000000008b1 is an unknown value
R13=0x0000000000000008 is an unknown value
R14=0x00000210fea4c4a8 points into unknown readable memory: 0x00000210fea4c458 | 58 c4 a4 fe 10 02 00 00
R15=0x00000210fea4c4a8 points into unknown readable memory: 0x00000210fea4c458 | 58 c4 a4 fe 10 02 00 00


Registers:
RAX=0x00000210fee5cea8, RBX=0x00000210fea4c450, RCX=0x00000210fea4c450, RDX=0x0000000000000030
RSP=0x000000b45b0fdb98, RBP=0x000000b45b0fdd20, RSI=0x00000000000000a1, RDI=0x00000210fea4c3b0
R8 =0x0000000000000030, R9 =0x0000000000000000, R10=0x0000000000000001, R11=0x0000000000000001
R12=0x00000000000008b1, R13=0x0000000000000008, R14=0x00000210fea4c4a8, R15=0x00000210fea4c4a8
RIP=0x00007ffdafdc92c8, EFLAGS=0x0000000000010246

Top of Stack: (sp=0x000000b45b0fdb98)
0x000000b45b0fdb98:   00007ffdafb3c762 0000000000000083
0x000000b45b0fdba8:   00007ffdafc7cfc2 000000b45b0fde70
0x000000b45b0fdbb8:   00000000000013c4 000000b45b0fde50
0x000000b45b0fdbc8:   00007ffdaf774630 00000210fea4c3b0
0x000000b45b0fdbd8:   000000b45b0fe900 000000b45b0fde50
0x000000b45b0fdbe8:   0000000000000022 000000b45b0fe900
0x000000b45b0fdbf8:   000000b45b0fde40 00000210fdfe54d0
0x000000b45b0fdc08:   000000b45b0fdea0 00000210fdfe54d0
0x000000b45b0fdc18:   00007ffdafb875ab 000000b45b0fdd20
0x000000b45b0fdc28:   000000b45b0fdd20 00007ffdafd57918
0x000000b45b0fdc38:   00000210fdfe54d0 0000021083c54ee8
0x000000b45b0fdc48:   00007ffdaf76a6b4 0000021083c4cf00
0x000000b45b0fdc58:   000000b45b0fdd50 0000021083c51d00
0x000000b45b0fdc68:   00000210fdfe54d0 0000000000000000
0x000000b45b0fdc78:   000000b45b0ff1a8 0000021000000004
0x000000b45b0fdc88:   00000210fefeed50 000000b45b0ff358 

Instructions: (pc=0x00007ffdafdc92c8)
0x00007ffdafdc91c8:   20 20 25 64 20 20 65 6e 74 72 69 65 73 3a 20 25
0x00007ffdafdc91d8:   64 00 00 00 00 00 00 00 20 25 64 20 65 6e 74 72
0x00007ffdafdc91e8:   69 65 73 3a 20 25 64 00 20 3e 25 64 20 65 6e 74
0x00007ffdafdc91f8:   72 69 65 73 3a 20 25 64 00 00 00 00 00 00 00 00
0x00007ffdafdc9208:   6d 6f 73 74 20 65 6e 74 72 69 65 73 3a 20 25 64
0x00007ffdafdc9218:   00 00 00 00 00 00 00 00 43 61 6c 6c 20 73 74 61
0x00007ffdafdc9228:   63 6b 20 64 65 70 74 68 20 64 69 73 74 72 69 62
0x00007ffdafdc9238:   75 74 69 6f 6e 3a 00 00 09 25 64 3a 20 25 64 00
0x00007ffdafdc9248:   4e 61 74 69 76 65 20 4d 65 6d 6f 72 79 20 54 72
0x00007ffdafdc9258:   61 63 6b 69 6e 67 20 53 74 61 74 69 73 74 69 63
0x00007ffdafdc9268:   73 3a 00 00 00 00 00 00 4d 61 6c 6c 6f 63 20 61
0x00007ffdafdc9278:   6c 6c 6f 63 61 74 69 6f 6e 20 73 69 74 65 20 74
0x00007ffdafdc9288:   61 62 6c 65 20 73 69 7a 65 3a 20 25 64 00 00 00
0x00007ffdafdc9298:   20 20 20 20 20 20 20 20 20 20 20 20 20 54 72 61
0x00007ffdafdc92a8:   63 6b 69 6e 67 20 73 74 61 63 6b 20 64 65 70 74
0x00007ffdafdc92b8:   68 3a 20 25 64 00 00 00 60 2b e7 af fd 7f 00 00
0x00007ffdafdc92c8:   40 3e 74 af fd 7f 00 00 f0 a3 a8 af fd 7f 00 00
0x00007ffdafdc92d8:   e0 d5 70 af fd 7f 00 00 40 39 8a af fd 7f 00 00
0x00007ffdafdc92e8:   90 9e 6f af fd 7f 00 00 a0 ae 70 af fd 7f 00 00
0x00007ffdafdc92f8:   00 e8 af af fd 7f 00 00 b0 d7 af af fd 7f 00 00
0x00007ffdafdc9308:   80 dd af af fd 7f 00 00 80 bd af af fd 7f 00 00
0x00007ffdafdc9318:   70 db 61 af fd 7f 00 00 50 1e b0 af fd 7f 00 00
0x00007ffdafdc9328:   f0 fe af af fd 7f 00 00 60 b0 b7 af fd 7f 00 00
0x00007ffdafdc9338:   70 fc a8 af fd 7f 00 00 00 d2 b3 af fd 7f 00 00
0x00007ffdafdc9348:   30 c8 b3 af fd 7f 00 00 90 9e 6f af fd 7f 00 00
0x00007ffdafdc9358:   00 aa 69 af fd 7f 00 00 00 aa 69 af fd 7f 00 00
0x00007ffdafdc9368:   90 9e 6f af fd 7f 00 00 e0 d5 70 af fd 7f 00 00
0x00007ffdafdc9378:   80 b4 8a af fd 7f 00 00 60 18 b0 af fd 7f 00 00
0x00007ffdafdc9388:   10 4c b0 af fd 7f 00 00 10 69 b0 af fd 7f 00 00
0x00007ffdafdc9398:   30 73 8a af fd 7f 00 00 a0 96 6f af fd 7f 00 00
0x00007ffdafdc93a8:   f0 2b e7 af fd 7f 00 00 10 7c 61 af fd 7f 00 00
0x00007ffdafdc93b8:   f0 a3 a8 af fd 7f 00 00 e0 d5 70 af fd 7f 00 00 


Stack slot to memory mapping:
stack at sp + 0 slots: 0x00007ffdafb3c762 jvm.dll
stack at sp + 1 slots: 0x0000000000000083 is an unknown value
stack at sp + 2 slots: 0x00007ffdafc7cfc2 jvm.dll
stack at sp + 3 slots: 0x000000b45b0fde70 is pointing into the stack for thread: 0x00000210fdfee000
stack at sp + 4 slots: 0x00000000000013c4 is an unknown value
stack at sp + 5 slots: 0x000000b45b0fde50 is pointing into the stack for thread: 0x00000210fdfee000
stack at sp + 6 slots: 0x00007ffdaf774630 jvm.dll
stack at sp + 7 slots: 0x00000210fea4c3b0 points into unknown readable memory: 0x00007ffdafdc92c8 | c8 92 dc af fd 7f 00 00


---------------  P R O C E S S  ---------------

Threads class SMR info:
_java_thread_list=0x00000210855aeb80, length=42, elements={
0x00000210e4f58000, 0x00000210fdfc9000, 0x00000210fdfcb000, 0x00000210fdfe4800,
0x00000210fdfe7000, 0x00000210fdfea800, 0x00000210fdfee000, 0x00000210fdff5000,
0x00000210fdff6800, 0x00000210feacf000, 0x0000021081402000, 0x0000021081795000,
0x0000021080f78000, 0x00000210fed5a000, 0x0000021080d3f800, 0x0000021081459000,
0x0000021081294800, 0x0000021081a74000, 0x0000021081dc5000, 0x0000021081b05800,
0x0000021081b00800, 0x0000021081b01000, 0x0000021081b03800, 0x000002108130e000,
0x0000021081b02000, 0x0000021081aff800, 0x0000021081b03000, 0x0000021081b04800,
0x0000021081b06000, 0x00000210826ff800, 0x00000210826fe800, 0x0000021082703000,
0x0000021082701000, 0x0000021082706000, 0x0000021082704800, 0x0000021082700800,
0x0000021082707000, 0x000002108270b000, 0x000002108270a000, 0x0000021082708800,
0x0000021082705800, 0x000002108270c000
}

Java Threads: ( => current thread )
  0x00000210e4f58000 JavaThread "main" [_thread_blocked, id=4588, stack(0x000000b45a400000,0x000000b45a500000)]
  0x00000210fdfc9000 JavaThread "Reference Handler" daemon [_thread_blocked, id=9188, stack(0x000000b45ab00000,0x000000b45ac00000)]
  0x00000210fdfcb000 JavaThread "Finalizer" daemon [_thread_blocked, id=7640, stack(0x000000b45ac00000,0x000000b45ad00000)]
  0x00000210fdfe4800 JavaThread "Signal Dispatcher" daemon [_thread_blocked, id=6308, stack(0x000000b45ad00000,0x000000b45ae00000)]
  0x00000210fdfe7000 JavaThread "Attach Listener" daemon [_thread_blocked, id=9436, stack(0x000000b45ae00000,0x000000b45af00000)]
  0x00000210fdfea800 JavaThread "Service Thread" daemon [_thread_blocked, id=7452, stack(0x000000b45af00000,0x000000b45b000000)]
=>0x00000210fdfee000 JavaThread "C2 CompilerThread0" daemon [_thread_in_native, id=8092, stack(0x000000b45b000000,0x000000b45b100000)]
  0x00000210fdff5000 JavaThread "C1 CompilerThread0" daemon [_thread_in_native, id=3372, stack(0x000000b45b100000,0x000000b45b200000)]
  0x00000210fdff6800 JavaThread "Sweeper thread" daemon [_thread_blocked, id=2996, stack(0x000000b45b200000,0x000000b45b300000)]
  0x00000210feacf000 JavaThread "Common-Cleaner" daemon [_thread_blocked, id=5160, stack(0x000000b45b300000,0x000000b45b400000)]
  0x0000021081402000 JavaThread "Daemon health stats" [_thread_blocked, id=4848, stack(0x000000b45b800000,0x000000b45b900000)]
  0x0000021081795000 JavaThread "Incoming local TCP Connector on port 59048" [_thread_in_native, id=2836, stack(0x000000b45b500000,0x000000b45b600000)]
  0x0000021080f78000 JavaThread "Daemon periodic checks" [_thread_blocked, id=3840, stack(0x000000b45b900000,0x000000b45ba00000)]
  0x00000210fed5a000 JavaThread "Daemon" [_thread_blocked, id=6396, stack(0x000000b45ba00000,0x000000b45bb00000)]
  0x0000021080d3f800 JavaThread "Handler for socket connection from /127.0.0.1:59048 to /127.0.0.1:59049" [_thread_in_native, id=1796, stack(0x000000b45bb00000,0x000000b45bc00000)]
  0x0000021081459000 JavaThread "Cancel handler" [_thread_blocked, id=8488, stack(0x000000b45bc00000,0x000000b45bd00000)]
  0x0000021081294800 JavaThread "Daemon worker" [_thread_in_vm, id=1740, stack(0x000000b45bd00000,0x000000b45be00000)]
  0x0000021081a74000 JavaThread "Asynchronous log dispatcher for DefaultDaemonConnection: socket connection from /127.0.0.1:59048 to /127.0.0.1:59049" [_thread_blocked, id=5468, stack(0x000000b45be00000,0x000000b45bf00000)]
  0x0000021081dc5000 JavaThread "Stdin handler" [_thread_blocked, id=1668, stack(0x000000b45bf00000,0x000000b45c000000)]
  0x0000021081b05800 JavaThread "Daemon client event forwarder" [_thread_blocked, id=9976, stack(0x000000b45c000000,0x000000b45c100000)]
  0x0000021081b00800 JavaThread "Cache worker for file hash cache (C:\Users\HP\.gradle\wrapper\dists\gradle-2.14.1-all\caches\7.0.2\fileHashes)" [_thread_blocked, id=5580, stack(0x000000b45c200000,0x000000b45c300000)]
  0x0000021081b01000 JavaThread "File lock request listener" [_thread_in_native, id=7216, stack(0x000000b45c300000,0x000000b45c400000)]
  0x0000021081b03800 JavaThread "Cache worker for journal cache (C:\Users\HP\.gradle\wrapper\dists\gradle-2.14.1-all\caches\journal-1)" [_thread_blocked, id=5764, stack(0x000000b45c400000,0x000000b45c500000)]
  0x000002108130e000 JavaThread "C2 CompilerThread1" daemon [_thread_in_native, id=1608, stack(0x000000b45c500000,0x000000b45c600000)]
  0x0000021081b02000 JavaThread "Cache worker for file hash cache (C:\Users\HP\AndroidStudioProjects\QuizzerExtended\QuizzerClass\.gradle\7.0.2\fileHashes)" [_thread_blocked, id=1316, stack(0x000000b45c600000,0x000000b45c700000)]
  0x0000021081aff800 JavaThread "File watcher server" daemon [_thread_in_native, id=5652, stack(0x000000b45c700000,0x000000b45c800000)]
  0x0000021081b03000 JavaThread "File watcher consumer" daemon [_thread_blocked, id=9064, stack(0x000000b45c800000,0x000000b45c900000)]
  0x0000021081b04800 JavaThread "Cache worker for checksums cache (C:\Users\HP\AndroidStudioProjects\QuizzerExtended\QuizzerClass\.gradle\checksums)" [_thread_blocked, id=5280, stack(0x000000b45c900000,0x000000b45ca00000)]
  0x0000021081b06000 JavaThread "Cache worker for cache directory md-supplier (C:\Users\HP\.gradle\wrapper\dists\gradle-2.14.1-all\caches\7.0.2\md-supplier)" [_thread_blocked, id=5628, stack(0x000000b45ca00000,0x000000b45cb00000)]
  0x00000210826ff800 JavaThread "Cache worker for cache directory md-rule (C:\Users\HP\.gradle\wrapper\dists\gradle-2.14.1-all\caches\7.0.2\md-rule)" [_thread_blocked, id=3688, stack(0x000000b45cb00000,0x000000b45cc00000)]
  0x00000210826fe800 JavaThread "Cache worker for execution history cache (C:\Users\HP\.gradle\wrapper\dists\gradle-2.14.1-all\caches\7.0.2\executionHistory)" [_thread_blocked, id=1840, stack(0x000000b45cc00000,0x000000b45cd00000)]
  0x0000021082703000 JavaThread "jar transforms" [_thread_blocked, id=5028, stack(0x000000b45cd00000,0x000000b45ce00000)]
  0x0000021082701000 JavaThread "jar transforms Thread 2" [_thread_blocked, id=7636, stack(0x000000b45ce00000,0x000000b45cf00000)]
  0x0000021082706000 JavaThread "Cache worker for file content cache (C:\Users\HP\.gradle\wrapper\dists\gradle-2.14.1-all\caches\7.0.2\fileContent)" [_thread_blocked, id=9444, stack(0x000000b45cf00000,0x000000b45d000000)]
  0x0000021082704800 JavaThread "Cache worker for dependencies-accessors (C:\Users\HP\AndroidStudioProjects\QuizzerExtended\QuizzerClass\.gradle\7.0.2\dependencies-accessors)" [_thread_blocked, id=8616, stack(0x000000b45d000000,0x000000b45d100000)]
  0x0000021082700800 JavaThread "jar transforms Thread 3" [_thread_blocked, id=1532, stack(0x000000b45d100000,0x000000b45d200000)]
  0x0000021082707000 JavaThread "Cache worker for Build Output Cleanup Cache (C:\Users\HP\AndroidStudioProjects\QuizzerExtended\QuizzerClass\.gradle\buildOutputCleanup)" [_thread_blocked, id=7828, stack(0x000000b45d200000,0x000000b45d300000)]
  0x000002108270b000 JavaThread "Build operations" [_thread_blocked, id=9576, stack(0x000000b45d300000,0x000000b45d400000)]
  0x000002108270a000 JavaThread "Build operations Thread 2" [_thread_blocked, id=8508, stack(0x000000b45d400000,0x000000b45d500000)]
  0x0000021082708800 JavaThread "Build operations Thread 3" [_thread_blocked, id=6972, stack(0x000000b45d500000,0x000000b45d600000)]
  0x0000021082705800 JavaThread "Build operations Thread 4" [_thread_blocked, id=6284, stack(0x000000b45d600000,0x000000b45d700000)]
  0x000002108270c000 JavaThread "jar transforms Thread 4" [_thread_blocked, id=3340, stack(0x000000b45d700000,0x000000b45d800000)]

Other Threads:
  0x00000210fdfa1800 VMThread "VM Thread" [stack: 0x000000b45aa00000,0x000000b45ab00000] [id=10040]
  0x00000210feaed000 WatcherThread [stack: 0x000000b45b400000,0x000000b45b500000] [id=6492]
  0x00000210e4f71800 GCTaskThread "GC Thread#0" [stack: 0x000000b45a500000,0x000000b45a600000] [id=8700]
  0x00000210ff052000 GCTaskThread "GC Thread#1" [stack: 0x000000b45b600000,0x000000b45b700000] [id=9856]
  0x00000210ff497000 GCTaskThread "GC Thread#2" [stack: 0x000000b45b700000,0x000000b45b800000] [id=8756]
  0x00000210817c2800 GCTaskThread "GC Thread#3" [stack: 0x000000b45c100000,0x000000b45c200000] [id=5632]
  0x00000210e4f99800 ConcurrentGCThread "G1 Main Marker" [stack: 0x000000b45a600000,0x000000b45a700000] [id=8540]
  0x00000210e4f9b000 ConcurrentGCThread "G1 Conc#0" [stack: 0x000000b45a700000,0x000000b45a800000] [id=2892]
  0x00000210e5027800 ConcurrentGCThread "G1 Refine#0" [stack: 0x000000b45a800000,0x000000b45a900000] [id=9316]
  0x00000210e5028800 ConcurrentGCThread "G1 Young RemSet Sampling" [stack: 0x000000b45a900000,0x000000b45aa00000] [id=9952]

Threads with active compile tasks:
C2 CompilerThread0  11798 4923       4       org.codehaus.groovy.reflection.ParameterTypes::getParameterTypes (16 bytes)
C1 CompilerThread0  11798 5030       3       com.sun.beans.introspect.PropertyInfo::initialize (392 bytes)
C2 CompilerThread1  11798 4981       4       org.codehaus.groovy.util.LazyReference::get (44 bytes)

VM state:not at safepoint (normal execution)

VM Mutex/Monitor currently owned by a thread: None

Heap address: 0x00000000a0000000, size: 1536 MB, Compressed Oops mode: 32-bit
Narrow klass base: 0x0000000000000000, Narrow klass shift: 3
Compressed class space size: 1073741824 Address: 0x0000000100000000

Heap:
 garbage-first heap   total 155648K, used 94366K [0x00000000a0000000, 0x0000000100000000)
  region size 1024K, 68 young (69632K), 7 survivors (7168K)
 Metaspace       used 47367K, capacity 48663K, committed 48892K, reserved 1091584K
  class space    used 6047K, capacity 6522K, committed 6528K, reserved 1048576K
Heap Regions: E=young(eden), S=young(survivor), O=old, HS=humongous(starts), HC=humongous(continues), CS=collection set, F=free, A=archive, TAMS=top-at-mark-start (previous, next)
|   0|0x00000000a0000000, 0x00000000a0100000, 0x00000000a0100000|100%|HS|  |TAMS 0x00000000a0100000, 0x00000000a0000000| Complete 
|   1|0x00000000a0100000, 0x00000000a0200000, 0x00000000a0200000|100%|HC|  |TAMS 0x00000000a0200000, 0x00000000a0100000| Complete 
|   2|0x00000000a0200000, 0x00000000a0300000, 0x00000000a0300000|100%|HC|  |TAMS 0x00000000a0300000, 0x00000000a0200000| Complete 
|   3|0x00000000a0300000, 0x00000000a0400000, 0x00000000a0400000|100%| O|  |TAMS 0x00000000a0400000, 0x00000000a0300000| Untracked 
|   4|0x00000000a0400000, 0x00000000a0500000, 0x00000000a0500000|100%| O|  |TAMS 0x00000000a0500000, 0x00000000a0400000| Untracked 
|   5|0x00000000a0500000, 0x00000000a0600000, 0x00000000a0600000|100%| O|  |TAMS 0x00000000a0600000, 0x00000000a0500000| Untracked 
|   6|0x00000000a0600000, 0x00000000a0700000, 0x00000000a0700000|100%| O|  |TAMS 0x00000000a0700000, 0x00000000a0600000| Untracked 
|   7|0x00000000a0700000, 0x00000000a0800000, 0x00000000a0800000|100%| O|  |TAMS 0x00000000a0800000, 0x00000000a0700000| Untracked 
|   8|0x00000000a0800000, 0x00000000a0900000, 0x00000000a0900000|100%| O|  |TAMS 0x00000000a0900000, 0x00000000a0800000| Untracked 
|   9|0x00000000a0900000, 0x00000000a0a00000, 0x00000000a0a00000|100%| O|  |TAMS 0x00000000a0a00000, 0x00000000a0900000| Untracked 
|  10|0x00000000a0a00000, 0x00000000a0b00000, 0x00000000a0b00000|100%| O|  |TAMS 0x00000000a0b00000, 0x00000000a0a00000| Untracked 
|  11|0x00000000a0b00000, 0x00000000a0c00000, 0x00000000a0c00000|100%| O|  |TAMS 0x00000000a0c00000, 0x00000000a0b00000| Untracked 
|  12|0x00000000a0c00000, 0x00000000a0d00000, 0x00000000a0d00000|100%| O|  |TAMS 0x00000000a0d00000, 0x00000000a0c00000| Untracked 
|  13|0x00000000a0d00000, 0x00000000a0e00000, 0x00000000a0e00000|100%| O|  |TAMS 0x00000000a0e00000, 0x00000000a0d00000| Untracked 
|  14|0x00000000a0e00000, 0x00000000a0f00000, 0x00000000a0f00000|100%| O|  |TAMS 0x00000000a0f00000, 0x00000000a0e00000| Untracked 
|  15|0x00000000a0f00000, 0x00000000a1000000, 0x00000000a1000000|100%| O|  |TAMS 0x00000000a1000000, 0x00000000a0f00000| Untracked 
|  16|0x00000000a1000000, 0x00000000a1100000, 0x00000000a1100000|100%| O|  |TAMS 0x00000000a1053400, 0x00000000a1000000| Untracked 
|  17|0x00000000a1100000, 0x00000000a1200000, 0x00000000a1200000|100%|HS|  |TAMS 0x00000000a1100000, 0x00000000a1100000| Complete 
|  18|0x00000000a1200000, 0x00000000a1300000, 0x00000000a1300000|100%| O|  |TAMS 0x00000000a1200000, 0x00000000a1200000| Untracked 
|  19|0x00000000a1300000, 0x00000000a1400000, 0x00000000a1400000|100%| O|  |TAMS 0x00000000a1300000, 0x00000000a1300000| Untracked 
|  20|0x00000000a1400000, 0x00000000a1500000, 0x00000000a1500000|100%| O|  |TAMS 0x00000000a1400000, 0x00000000a1400000| Untracked 
|  21|0x00000000a1500000, 0x00000000a1600000, 0x00000000a1600000|100%| O|  |TAMS 0x00000000a1500000, 0x00000000a1500000| Untracked 
|  22|0x00000000a1600000, 0x00000000a1688800, 0x00000000a1700000| 53%| O|  |TAMS 0x00000000a1600000, 0x00000000a1600000| Untracked 
|  23|0x00000000a1700000, 0x00000000a1800000, 0x00000000a1800000|100%|HS|  |TAMS 0x00000000a1700000, 0x00000000a1700000| Complete 
|  24|0x00000000a1800000, 0x00000000a1900000, 0x00000000a1900000|100%|HS|  |TAMS 0x00000000a1800000, 0x00000000a1800000| Complete 
|  25|0x00000000a1900000, 0x00000000a1a00000, 0x00000000a1a00000|100%|HC|  |TAMS 0x00000000a1900000, 0x00000000a1900000| Complete 
|  26|0x00000000a1a00000, 0x00000000a1a00000, 0x00000000a1b00000|  0%| F|  |TAMS 0x00000000a1a00000, 0x00000000a1a00000| Untracked 
|  27|0x00000000a1b00000, 0x00000000a1b00000, 0x00000000a1c00000|  0%| F|  |TAMS 0x00000000a1b00000, 0x00000000a1b00000| Untracked 
|  28|0x00000000a1c00000, 0x00000000a1c00000, 0x00000000a1d00000|  0%| F|  |TAMS 0x00000000a1c00000, 0x00000000a1c00000| Untracked 
|  29|0x00000000a1d00000, 0x00000000a1d00000, 0x00000000a1e00000|  0%| F|  |TAMS 0x00000000a1d00000, 0x00000000a1d00000| Untracked 
|  30|0x00000000a1e00000, 0x00000000a1e00000, 0x00000000a1f00000|  0%| F|  |TAMS 0x00000000a1e00000, 0x00000000a1e00000| Untracked 
|  31|0x00000000a1f00000, 0x00000000a1f00000, 0x00000000a2000000|  0%| F|  |TAMS 0x00000000a1f00000, 0x00000000a1f00000| Untracked 
|  32|0x00000000a2000000, 0x00000000a2000000, 0x00000000a2100000|  0%| F|  |TAMS 0x00000000a2000000, 0x00000000a2000000| Untracked 
|  33|0x00000000a2100000, 0x00000000a2100000, 0x00000000a2200000|  0%| F|  |TAMS 0x00000000a2100000, 0x00000000a2100000| Untracked 
|  34|0x00000000a2200000, 0x00000000a2200000, 0x00000000a2300000|  0%| F|  |TAMS 0x00000000a2200000, 0x00000000a2200000| Untracked 
|  35|0x00000000a2300000, 0x00000000a2300000, 0x00000000a2400000|  0%| F|  |TAMS 0x00000000a2300000, 0x00000000a2300000| Untracked 
|  36|0x00000000a2400000, 0x00000000a2400000, 0x00000000a2500000|  0%| F|  |TAMS 0x00000000a2400000, 0x00000000a2400000| Untracked 
|  37|0x00000000a2500000, 0x00000000a2500000, 0x00000000a2600000|  0%| F|  |TAMS 0x00000000a2500000, 0x00000000a2500000| Untracked 
|  38|0x00000000a2600000, 0x00000000a2600000, 0x00000000a2700000|  0%| F|  |TAMS 0x00000000a2600000, 0x00000000a2600000| Untracked 
|  39|0x00000000a2700000, 0x00000000a2700000, 0x00000000a2800000|  0%| F|  |TAMS 0x00000000a2700000, 0x00000000a2700000| Untracked 
|  40|0x00000000a2800000, 0x00000000a2800000, 0x00000000a2900000|  0%| F|  |TAMS 0x00000000a2800000, 0x00000000a2800000| Untracked 
|  41|0x00000000a2900000, 0x00000000a2900000, 0x00000000a2a00000|  0%| F|  |TAMS 0x00000000a2900000, 0x00000000a2900000| Untracked 
|  42|0x00000000a2a00000, 0x00000000a2a00000, 0x00000000a2b00000|  0%| F|  |TAMS 0x00000000a2a00000, 0x00000000a2a00000| Untracked 
|  43|0x00000000a2b00000, 0x00000000a2b00000, 0x00000000a2c00000|  0%| F|  |TAMS 0x00000000a2b00000, 0x00000000a2b00000| Untracked 
|  44|0x00000000a2c00000, 0x00000000a2c00000, 0x00000000a2d00000|  0%| F|  |TAMS 0x00000000a2c00000, 0x00000000a2c00000| Untracked 
|  45|0x00000000a2d00000, 0x00000000a2d00000, 0x00000000a2e00000|  0%| F|  |TAMS 0x00000000a2d00000, 0x00000000a2d00000| Untracked 
|  46|0x00000000a2e00000, 0x00000000a2e00000, 0x00000000a2f00000|  0%| F|  |TAMS 0x00000000a2e00000, 0x00000000a2e00000| Untracked 
|  47|0x00000000a2f00000, 0x00000000a2f00000, 0x00000000a3000000|  0%| F|  |TAMS 0x00000000a2f00000, 0x00000000a2f00000| Untracked 
|  48|0x00000000a3000000, 0x00000000a3000000, 0x00000000a3100000|  0%| F|  |TAMS 0x00000000a3000000, 0x00000000a3000000| Untracked 
|  49|0x00000000a3100000, 0x00000000a3100000, 0x00000000a3200000|  0%| F|  |TAMS 0x00000000a3100000, 0x00000000a3100000| Untracked 
|  50|0x00000000a3200000, 0x00000000a3200000, 0x00000000a3300000|  0%| F|  |TAMS 0x00000000a3200000, 0x00000000a3200000| Untracked 
|  51|0x00000000a3300000, 0x00000000a3300000, 0x00000000a3400000|  0%| F|  |TAMS 0x00000000a3300000, 0x00000000a3300000| Untracked 
|  52|0x00000000a3400000, 0x00000000a3400000, 0x00000000a3500000|  0%| F|  |TAMS 0x00000000a3400000, 0x00000000a3400000| Untracked 
|  53|0x00000000a3500000, 0x00000000a3500000, 0x00000000a3600000|  0%| F|  |TAMS 0x00000000a3500000, 0x00000000a3500000| Untracked 
|  54|0x00000000a3600000, 0x00000000a3600000, 0x00000000a3700000|  0%| F|  |TAMS 0x00000000a3600000, 0x00000000a3600000| Untracked 
|  55|0x00000000a3700000, 0x00000000a3700000, 0x00000000a3800000|  0%| F|  |TAMS 0x00000000a3700000, 0x00000000a3700000| Untracked 
|  56|0x00000000a3800000, 0x00000000a3800000, 0x00000000a3900000|  0%| F|  |TAMS 0x00000000a3800000, 0x00000000a3800000| Untracked 
|  57|0x00000000a3900000, 0x00000000a3900000, 0x00000000a3a00000|  0%| F|  |TAMS 0x00000000a3900000, 0x00000000a3900000| Untracked 
|  58|0x00000000a3a00000, 0x00000000a3a00000, 0x00000000a3b00000|  0%| F|  |TAMS 0x00000000a3a00000, 0x00000000a3a00000| Untracked 
|  59|0x00000000a3b00000, 0x00000000a3b00000, 0x00000000a3c00000|  0%| F|  |TAMS 0x00000000a3b00000, 0x00000000a3b00000| Untracked 
|  60|0x00000000a3c00000, 0x00000000a3c00000, 0x00000000a3d00000|  0%| F|  |TAMS 0x00000000a3c00000, 0x00000000a3c00000| Untracked 
|  61|0x00000000a3d00000, 0x00000000a3d00000, 0x00000000a3e00000|  0%| F|  |TAMS 0x00000000a3d00000, 0x00000000a3d00000| Untracked 
|  62|0x00000000a3e00000, 0x00000000a3e00000, 0x00000000a3f00000|  0%| F|  |TAMS 0x00000000a3e00000, 0x00000000a3e00000| Untracked 
|  63|0x00000000a3f00000, 0x00000000a3f00000, 0x00000000a4000000|  0%| F|  |TAMS 0x00000000a3f00000, 0x00000000a3f00000| Untracked 
|  64|0x00000000a4000000, 0x00000000a4000000, 0x00000000a4100000|  0%| F|  |TAMS 0x00000000a4000000, 0x00000000a4000000| Untracked 
|  65|0x00000000a4100000, 0x00000000a4100000, 0x00000000a4200000|  0%| F|  |TAMS 0x00000000a4100000, 0x00000000a4100000| Untracked 
|  66|0x00000000a4200000, 0x00000000a4200000, 0x00000000a4300000|  0%| F|  |TAMS 0x00000000a4200000, 0x00000000a4200000| Untracked 
|  67|0x00000000a4300000, 0x00000000a4300000, 0x00000000a4400000|  0%| F|  |TAMS 0x00000000a4300000, 0x00000000a4300000| Untracked 
|  68|0x00000000a4400000, 0x00000000a4400000, 0x00000000a4500000|  0%| F|  |TAMS 0x00000000a4400000, 0x00000000a4400000| Untracked 
|  69|0x00000000a4500000, 0x00000000a4500000, 0x00000000a4600000|  0%| F|  |TAMS 0x00000000a4500000, 0x00000000a4500000| Untracked 
|  70|0x00000000a4600000, 0x00000000a4600000, 0x00000000a4700000|  0%| F|  |TAMS 0x00000000a4600000, 0x00000000a4600000| Untracked 
|  71|0x00000000a4700000, 0x00000000a4700000, 0x00000000a4800000|  0%| F|  |TAMS 0x00000000a4700000, 0x00000000a4700000| Untracked 
|  72|0x00000000a4800000, 0x00000000a4800000, 0x00000000a4900000|  0%| F|  |TAMS 0x00000000a4800000, 0x00000000a4800000| Untracked 
|  73|0x00000000a4900000, 0x00000000a4900000, 0x00000000a4a00000|  0%| F|  |TAMS 0x00000000a4900000, 0x00000000a4900000| Untracked 
|  74|0x00000000a4a00000, 0x00000000a4a00000, 0x00000000a4b00000|  0%| F|  |TAMS 0x00000000a4a00000, 0x00000000a4a00000| Untracked 
|  75|0x00000000a4b00000, 0x00000000a4b00000, 0x00000000a4c00000|  0%| F|  |TAMS 0x00000000a4b00000, 0x00000000a4b00000| Untracked 
|  76|0x00000000a4c00000, 0x00000000a4c00000, 0x00000000a4d00000|  0%| F|  |TAMS 0x00000000a4c00000, 0x00000000a4c00000| Untracked 
|  77|0x00000000a4d00000, 0x00000000a4d00000, 0x00000000a4e00000|  0%| F|  |TAMS 0x00000000a4d00000, 0x00000000a4d00000| Untracked 
|  78|0x00000000a4e00000, 0x00000000a4e00000, 0x00000000a4f00000|  0%| F|  |TAMS 0x00000000a4e00000, 0x00000000a4e00000| Untracked 
|  79|0x00000000a4f00000, 0x00000000a4f00000, 0x00000000a5000000|  0%| F|  |TAMS 0x00000000a4f00000, 0x00000000a4f00000| Untracked 
|  80|0x00000000a5000000, 0x00000000a5000000, 0x00000000a5100000|  0%| F|  |TAMS 0x00000000a5000000, 0x00000000a5000000| Untracked 
|  81|0x00000000a5100000, 0x00000000a5100000, 0x00000000a5200000|  0%| F|  |TAMS 0x00000000a5100000, 0x00000000a5100000| Untracked 
|  82|0x00000000a5200000, 0x00000000a5200000, 0x00000000a5300000|  0%| F|  |TAMS 0x00000000a5200000, 0x00000000a5200000| Untracked 
|  83|0x00000000a5300000, 0x00000000a539f0a0, 0x00000000a5400000| 62%| S|CS|TAMS 0x00000000a5300000, 0x00000000a5300000| Complete 
|  84|0x00000000a5400000, 0x00000000a5500000, 0x00000000a5500000|100%| S|CS|TAMS 0x00000000a5400000, 0x00000000a5400000| Complete 
|  85|0x00000000a5500000, 0x00000000a5600000, 0x00000000a5600000|100%| S|CS|TAMS 0x00000000a5500000, 0x00000000a5500000| Complete 
|  86|0x00000000a5600000, 0x00000000a5700000, 0x00000000a5700000|100%| S|CS|TAMS 0x00000000a5600000, 0x00000000a5600000| Complete 
|  87|0x00000000a5700000, 0x00000000a5800000, 0x00000000a5800000|100%| S|CS|TAMS 0x00000000a5700000, 0x00000000a5700000| Complete 
|  88|0x00000000a5800000, 0x00000000a5900000, 0x00000000a5900000|100%| S|CS|TAMS 0x00000000a5800000, 0x00000000a5800000| Complete 
|  89|0x00000000a5900000, 0x00000000a5a00000, 0x00000000a5a00000|100%| S|CS|TAMS 0x00000000a5900000, 0x00000000a5900000| Complete 
|  90|0x00000000a5a00000, 0x00000000a5a80800, 0x00000000a5b00000| 50%| E|  |TAMS 0x00000000a5a00000, 0x00000000a5a00000| Complete 
|  91|0x00000000a5b00000, 0x00000000a5c00000, 0x00000000a5c00000|100%| E|CS|TAMS 0x00000000a5b00000, 0x00000000a5b00000| Complete 
|  92|0x00000000a5c00000, 0x00000000a5d00000, 0x00000000a5d00000|100%| E|CS|TAMS 0x00000000a5c00000, 0x00000000a5c00000| Complete 
|  93|0x00000000a5d00000, 0x00000000a5e00000, 0x00000000a5e00000|100%| E|CS|TAMS 0x00000000a5d00000, 0x00000000a5d00000| Complete 
|  94|0x00000000a5e00000, 0x00000000a5f00000, 0x00000000a5f00000|100%| E|CS|TAMS 0x00000000a5e00000, 0x00000000a5e00000| Complete 
|  95|0x00000000a5f00000, 0x00000000a6000000, 0x00000000a6000000|100%| E|CS|TAMS 0x00000000a5f00000, 0x00000000a5f00000| Complete 
|  96|0x00000000a6000000, 0x00000000a6100000, 0x00000000a6100000|100%| E|CS|TAMS 0x00000000a6000000, 0x00000000a6000000| Complete 
|  97|0x00000000a6100000, 0x00000000a6200000, 0x00000000a6200000|100%| E|CS|TAMS 0x00000000a6100000, 0x00000000a6100000| Complete 
|  98|0x00000000a6200000, 0x00000000a6300000, 0x00000000a6300000|100%| E|CS|TAMS 0x00000000a6200000, 0x00000000a6200000| Complete 
|  99|0x00000000a6300000, 0x00000000a6400000, 0x00000000a6400000|100%| E|CS|TAMS 0x00000000a6300000, 0x00000000a6300000| Complete 
| 100|0x00000000a6400000, 0x00000000a6500000, 0x00000000a6500000|100%| E|CS|TAMS 0x00000000a6400000, 0x00000000a6400000| Complete 
| 101|0x00000000a6500000, 0x00000000a6600000, 0x00000000a6600000|100%| E|CS|TAMS 0x00000000a6500000, 0x00000000a6500000| Complete 
| 102|0x00000000a6600000, 0x00000000a6700000, 0x00000000a6700000|100%| E|CS|TAMS 0x00000000a6600000, 0x00000000a6600000| Complete 
| 103|0x00000000a6700000, 0x00000000a6800000, 0x00000000a6800000|100%| E|CS|TAMS 0x00000000a6700000, 0x00000000a6700000| Complete 
| 104|0x00000000a6800000, 0x00000000a6900000, 0x00000000a6900000|100%| E|CS|TAMS 0x00000000a6800000, 0x00000000a6800000| Complete 
| 105|0x00000000a6900000, 0x00000000a6a00000, 0x00000000a6a00000|100%| E|CS|TAMS 0x00000000a6900000, 0x00000000a6900000| Complete 
| 106|0x00000000a6a00000, 0x00000000a6b00000, 0x00000000a6b00000|100%| E|CS|TAMS 0x00000000a6a00000, 0x00000000a6a00000| Complete 
| 107|0x00000000a6b00000, 0x00000000a6c00000, 0x00000000a6c00000|100%| E|CS|TAMS 0x00000000a6b00000, 0x00000000a6b00000| Complete 
| 108|0x00000000a6c00000, 0x00000000a6d00000, 0x00000000a6d00000|100%| E|CS|TAMS 0x00000000a6c00000, 0x00000000a6c00000| Complete 
| 109|0x00000000a6d00000, 0x00000000a6e00000, 0x00000000a6e00000|100%| E|CS|TAMS 0x00000000a6d00000, 0x00000000a6d00000| Complete 
| 110|0x00000000a6e00000, 0x00000000a6f00000, 0x00000000a6f00000|100%| E|CS|TAMS 0x00000000a6e00000, 0x00000000a6e00000| Complete 
| 111|0x00000000a6f00000, 0x00000000a7000000, 0x00000000a7000000|100%| E|CS|TAMS 0x00000000a6f00000, 0x00000000a6f00000| Complete 
| 112|0x00000000a7000000, 0x00000000a7100000, 0x00000000a7100000|100%| E|CS|TAMS 0x00000000a7000000, 0x00000000a7000000| Complete 
| 113|0x00000000a7100000, 0x00000000a7200000, 0x00000000a7200000|100%| E|CS|TAMS 0x00000000a7100000, 0x00000000a7100000| Complete 
| 114|0x00000000a7200000, 0x00000000a7300000, 0x00000000a7300000|100%| E|CS|TAMS 0x00000000a7200000, 0x00000000a7200000| Complete 
| 115|0x00000000a7300000, 0x00000000a7400000, 0x00000000a7400000|100%| E|CS|TAMS 0x00000000a7300000, 0x00000000a7300000| Complete 
| 116|0x00000000a7400000, 0x00000000a7500000, 0x00000000a7500000|100%| E|CS|TAMS 0x00000000a7400000, 0x00000000a7400000| Complete 
| 117|0x00000000a7500000, 0x00000000a7600000, 0x00000000a7600000|100%| E|CS|TAMS 0x00000000a7500000, 0x00000000a7500000| Complete 
| 118|0x00000000a7600000, 0x00000000a7700000, 0x00000000a7700000|100%| E|CS|TAMS 0x00000000a7600000, 0x00000000a7600000| Complete 
| 119|0x00000000a7700000, 0x00000000a7800000, 0x00000000a7800000|100%| E|CS|TAMS 0x00000000a7700000, 0x00000000a7700000| Complete 
| 120|0x00000000a7800000, 0x00000000a7900000, 0x00000000a7900000|100%| E|CS|TAMS 0x00000000a7800000, 0x00000000a7800000| Complete 
| 121|0x00000000a7900000, 0x00000000a7a00000, 0x00000000a7a00000|100%| E|CS|TAMS 0x00000000a7900000, 0x00000000a7900000| Complete 
| 122|0x00000000a7a00000, 0x00000000a7b00000, 0x00000000a7b00000|100%| E|CS|TAMS 0x00000000a7a00000, 0x00000000a7a00000| Complete 
| 123|0x00000000a7b00000, 0x00000000a7c00000, 0x00000000a7c00000|100%| E|CS|TAMS 0x00000000a7b00000, 0x00000000a7b00000| Complete 
| 124|0x00000000a7c00000, 0x00000000a7d00000, 0x00000000a7d00000|100%| E|CS|TAMS 0x00000000a7c00000, 0x00000000a7c00000| Complete 
| 125|0x00000000a7d00000, 0x00000000a7e00000, 0x00000000a7e00000|100%| E|CS|TAMS 0x00000000a7d00000, 0x00000000a7d00000| Complete 
| 126|0x00000000a7e00000, 0x00000000a7f00000, 0x00000000a7f00000|100%| E|CS|TAMS 0x00000000a7e00000, 0x00000000a7e00000| Complete 
| 127|0x00000000a7f00000, 0x00000000a8000000, 0x00000000a8000000|100%| E|CS|TAMS 0x00000000a7f00000, 0x00000000a7f00000| Complete 
| 128|0x00000000a8000000, 0x00000000a8100000, 0x00000000a8100000|100%| E|CS|TAMS 0x00000000a8000000, 0x00000000a8000000| Complete 
| 129|0x00000000a8100000, 0x00000000a8200000, 0x00000000a8200000|100%| E|CS|TAMS 0x00000000a8100000, 0x00000000a8100000| Complete 
| 130|0x00000000a8200000, 0x00000000a8300000, 0x00000000a8300000|100%| E|CS|TAMS 0x00000000a8200000, 0x00000000a8200000| Complete 
| 131|0x00000000a8300000, 0x00000000a8400000, 0x00000000a8400000|100%| E|CS|TAMS 0x00000000a8300000, 0x00000000a8300000| Complete 
| 132|0x00000000a8400000, 0x00000000a8500000, 0x00000000a8500000|100%| E|CS|TAMS 0x00000000a8400000, 0x00000000a8400000| Complete 
| 133|0x00000000a8500000, 0x00000000a8600000, 0x00000000a8600000|100%| E|CS|TAMS 0x00000000a8500000, 0x00000000a8500000| Complete 
| 134|0x00000000a8600000, 0x00000000a8700000, 0x00000000a8700000|100%| E|CS|TAMS 0x00000000a8600000, 0x00000000a8600000| Complete 
| 135|0x00000000a8700000, 0x00000000a8800000, 0x00000000a8800000|100%| E|CS|TAMS 0x00000000a8700000, 0x00000000a8700000| Complete 
| 136|0x00000000a8800000, 0x00000000a8900000, 0x00000000a8900000|100%| E|CS|TAMS 0x00000000a8800000, 0x00000000a8800000| Complete 
| 137|0x00000000a8900000, 0x00000000a8a00000, 0x00000000a8a00000|100%| E|CS|TAMS 0x00000000a8900000, 0x00000000a8900000| Complete 
| 138|0x00000000a8a00000, 0x00000000a8b00000, 0x00000000a8b00000|100%| E|CS|TAMS 0x00000000a8a00000, 0x00000000a8a00000| Complete 
| 139|0x00000000a8b00000, 0x00000000a8c00000, 0x00000000a8c00000|100%| E|CS|TAMS 0x00000000a8b00000, 0x00000000a8b00000| Complete 
| 140|0x00000000a8c00000, 0x00000000a8d00000, 0x00000000a8d00000|100%| E|CS|TAMS 0x00000000a8c00000, 0x00000000a8c00000| Complete 
| 141|0x00000000a8d00000, 0x00000000a8e00000, 0x00000000a8e00000|100%| E|CS|TAMS 0x00000000a8d00000, 0x00000000a8d00000| Complete 
| 142|0x00000000a8e00000, 0x00000000a8f00000, 0x00000000a8f00000|100%| E|CS|TAMS 0x00000000a8e00000, 0x00000000a8e00000| Complete 
| 143|0x00000000a8f00000, 0x00000000a9000000, 0x00000000a9000000|100%| E|CS|TAMS 0x00000000a8f00000, 0x00000000a8f00000| Complete 
| 144|0x00000000a9000000, 0x00000000a9100000, 0x00000000a9100000|100%| E|CS|TAMS 0x00000000a9000000, 0x00000000a9000000| Complete 
| 145|0x00000000a9100000, 0x00000000a9200000, 0x00000000a9200000|100%| E|CS|TAMS 0x00000000a9100000, 0x00000000a9100000| Complete 
| 146|0x00000000a9200000, 0x00000000a9300000, 0x00000000a9300000|100%| E|CS|TAMS 0x00000000a9200000, 0x00000000a9200000| Complete 
| 147|0x00000000a9300000, 0x00000000a9400000, 0x00000000a9400000|100%| E|CS|TAMS 0x00000000a9300000, 0x00000000a9300000| Complete 
| 148|0x00000000a9400000, 0x00000000a9500000, 0x00000000a9500000|100%| E|CS|TAMS 0x00000000a9400000, 0x00000000a9400000| Complete 
| 149|0x00000000a9500000, 0x00000000a9600000, 0x00000000a9600000|100%| E|CS|TAMS 0x00000000a9500000, 0x00000000a9500000| Complete 
| 150|0x00000000a9600000, 0x00000000a9700000, 0x00000000a9700000|100%| E|CS|TAMS 0x00000000a9600000, 0x00000000a9600000| Complete 
| 151|0x00000000a9700000, 0x00000000a9800000, 0x00000000a9800000|100%| E|CS|TAMS 0x00000000a9700000, 0x00000000a9700000| Complete 

Card table byte_map: [0x00000210f83a0000,0x00000210f86a0000] _byte_map_base: 0x00000210f7ea0000

Marking Bits (Prev, Next): (CMBitMap*) 0x00000210e4f929f8, (CMBitMap*) 0x00000210e4f92a30
 Prev Bits: [0x00000210f89a0000, 0x00000210fa1a0000)
 Next Bits: [0x00000210fa1a0000, 0x00000210fb9a0000)

Polling page: 0x00000210e5040000

Metaspace:

Usage:
  Non-class:     41.22 MB capacity,    40.40 MB ( 98%) used,   711.66 KB (  2%) free+waste,   121.94 KB ( <1%) overhead. 
      Class:      6.37 MB capacity,     5.91 MB ( 93%) used,   415.93 KB (  6%) free+waste,    58.00 KB ( <1%) overhead. 
       Both:     47.58 MB capacity,    46.31 MB ( 97%) used,     1.10 MB (  2%) free+waste,   179.94 KB ( <1%) overhead. 

Virtual space:
  Non-class space:       42.00 MB reserved,      41.37 MB ( 99%) committed 
      Class space:        1.00 GB reserved,       6.38 MB ( <1%) committed 
             Both:        1.04 GB reserved,      47.75 MB (  4%) committed 

Chunk freelists:
   Non-Class:  31.00 KB
       Class:  6.00 KB
        Both:  37.00 KB

MaxMetaspaceSize: 17179869184.00 GB
CompressedClassSpaceSize: 1.00 GB

CodeHeap 'non-profiled nmethods': size=120064Kb used=2639Kb max_used=2639Kb free=117424Kb
 bounds [0x00000210f0530000, 0x00000210f07d0000, 0x00000210f7a70000]
CodeHeap 'profiled nmethods': size=120000Kb used=10330Kb max_used=10330Kb free=109669Kb
 bounds [0x00000210e9000000, 0x00000210e9a20000, 0x00000210f0530000]
CodeHeap 'non-nmethods': size=5696Kb used=2215Kb max_used=2257Kb free=3480Kb
 bounds [0x00000210e8a70000, 0x00000210e8ce0000, 0x00000210e9000000]
 total_blobs=5800 nmethods=5014 adapters=697
 compilation: enabled
              stopped_count=0, restarted_count=0
 full_count=0

Compilation events (20 events):
Event: 11.577 Thread 0x00000210fdff5000 4924       3       org.codehaus.groovy.reflection.CachedClass$3$$Lambda$229/0x00000001003fa440::test (8 bytes)
Event: 11.578 Thread 0x00000210fdff5000 nmethod 4924 0x00000210e99b8510 code [0x00000210e99b8700, 0x00000210e99b8b88]
Event: 11.578 Thread 0x00000210fdff5000 4925       3       org.codehaus.groovy.reflection.CachedClass$3$$Lambda$230/0x00000001003f9840::test (8 bytes)
Event: 11.578 Thread 0x00000210fdff5000 nmethod 4925 0x00000210e99b8d10 code [0x00000210e99b8ee0, 0x00000210e99b91c8]
Event: 11.578 Thread 0x00000210fdff5000 4926       3       org.codehaus.groovy.reflection.CachedClass$3$$Lambda$231/0x00000001003f9c40::apply (12 bytes)
Event: 11.578 Thread 0x00000210fdff5000 nmethod 4926 0x00000210e99b9310 code [0x00000210e99b9500, 0x00000210e99b99f8]
Event: 11.579 Thread 0x00000210fdfee000 nmethod 4911 0x00000210f07b9210 code [0x00000210f07b93e0, 0x00000210f07b97d8]
Event: 11.579 Thread 0x00000210fdfee000 4922       4       java.util.Arrays::binarySearch0 (95 bytes)
Event: 11.580 Thread 0x00000210fdff5000 4928       1       groovy.lang.MetaClassImpl$MethodIndexAction::skipClass (2 bytes)
Event: 11.580 Thread 0x00000210fdff5000 nmethod 4928 0x00000210f07b9d10 code [0x00000210f07b9ec0, 0x00000210f07b9f78]
Event: 11.583 Thread 0x00000210fdfee000 nmethod 4922 0x00000210f07ba010 code [0x00000210f07ba1e0, 0x00000210f07ba498]
Event: 11.583 Thread 0x00000210fdfee000 4927       4       groovy.lang.MetaMethod::isPrivate (15 bytes)
Event: 11.583 Thread 0x00000210fdfee000 nmethod 4927 0x00000210f07ba790 code [0x00000210f07ba920, 0x00000210f07ba9b8]
Event: 11.583 Thread 0x00000210fdfee000 4923       4       org.codehaus.groovy.reflection.ParameterTypes::getParameterTypes (16 bytes)
Event: 11.583 Thread 0x00000210fdff5000 4929       3       java.util.zip.ZipFile$Source::initCEN (658 bytes)
Event: 11.589 Thread 0x00000210fdff5000 nmethod 4929 0x00000210e99b9b90 code [0x00000210e99ba1e0, 0x00000210e99bdb48]
Event: 11.589 Thread 0x00000210fdff5000 4930       3       java.util.jar.JavaUtilJarAccessImpl::jarFileHasClassPathAttribute (5 bytes)
Event: 11.590 Thread 0x00000210fdff5000 nmethod 4930 0x00000210e99bf590 code [0x00000210e99bf760, 0x00000210e99bf988]
Event: 11.590 Thread 0x00000210fdff5000 4931       3       java.util.jar.JarFile::hasClassPathAttribute (9 bytes)
Event: 11.590 Thread 0x00000210fdff5000 nmethod 4931 0x00000210e99bfa90 code [0x00000210e99bfc40, 0x00000210e99bfd88]

GC Heap History (20 events):
Event: 0.761 GC heap before
{Heap before GC invocations=0 (full 0):
 garbage-first heap   total 129024K, used 16384K [0x00000000a0000000, 0x0000000100000000)
  region size 1024K, 14 young (14336K), 0 survivors (0K)
 Metaspace       used 6729K, capacity 6929K, committed 7168K, reserved 1056768K
  class space    used 582K, capacity 650K, committed 768K, reserved 1048576K
}
Event: 0.769 GC heap after
{Heap after GC invocations=1 (full 0):
 garbage-first heap   total 129024K, used 4433K [0x00000000a0000000, 0x0000000100000000)
  region size 1024K, 2 young (2048K), 2 survivors (2048K)
 Metaspace       used 6729K, capacity 6929K, committed 7168K, reserved 1056768K
  class space    used 582K, capacity 650K, committed 768K, reserved 1048576K
}
Event: 1.151 GC heap before
{Heap before GC invocations=1 (full 0):
 garbage-first heap   total 129024K, used 18769K [0x00000000a0000000, 0x0000000100000000)
  region size 1024K, 13 young (13312K), 2 survivors (2048K)
 Metaspace       used 9806K, capacity 9994K, committed 10112K, reserved 1058816K
  class space    used 1022K, capacity 1102K, committed 1152K, reserved 1048576K
}
Event: 1.156 GC heap after
{Heap after GC invocations=2 (full 0):
 garbage-first heap   total 129024K, used 9512K [0x00000000a0000000, 0x0000000100000000)
  region size 1024K, 2 young (2048K), 2 survivors (2048K)
 Metaspace       used 9806K, capacity 9994K, committed 10112K, reserved 1058816K
  class space    used 1022K, capacity 1102K, committed 1152K, reserved 1048576K
}
Event: 1.842 GC heap before
{Heap before GC invocations=2 (full 0):
 garbage-first heap   total 129024K, used 40232K [0x00000000a0000000, 0x0000000100000000)
  region size 1024K, 32 young (32768K), 2 survivors (2048K)
 Metaspace       used 10766K, capacity 11011K, committed 11264K, reserved 1058816K
  class space    used 1125K, capacity 1206K, committed 1280K, reserved 1048576K
}
Event: 1.847 GC heap after
{Heap after GC invocations=3 (full 0):
 garbage-first heap   total 129024K, used 12744K [0x00000000a0000000, 0x0000000100000000)
  region size 1024K, 4 young (4096K), 4 survivors (4096K)
 Metaspace       used 10766K, capacity 11011K, committed 11264K, reserved 1058816K
  class space    used 1125K, capacity 1206K, committed 1280K, reserved 1048576K
}
Event: 3.856 GC heap before
{Heap before GC invocations=3 (full 0):
 garbage-first heap   total 129024K, used 55752K [0x00000000a0000000, 0x0000000100000000)
  region size 1024K, 47 young (48128K), 4 survivors (4096K)
 Metaspace       used 17733K, capacity 18094K, committed 18176K, reserved 1064960K
  class space    used 2088K, capacity 2236K, committed 2304K, reserved 1048576K
}
Event: 3.866 GC heap after
{Heap after GC invocations=4 (full 0):
 garbage-first heap   total 129024K, used 16197K [0x00000000a0000000, 0x0000000100000000)
  region size 1024K, 6 young (6144K), 6 survivors (6144K)
 Metaspace       used 17733K, capacity 18094K, committed 18176K, reserved 1064960K
  class space    used 2088K, capacity 2236K, committed 2304K, reserved 1048576K
}
Event: 4.395 GC heap before
{Heap before GC invocations=4 (full 0):
 garbage-first heap   total 129024K, used 38725K [0x00000000a0000000, 0x0000000100000000)
  region size 1024K, 29 young (29696K), 6 survivors (6144K)
 Metaspace       used 20624K, capacity 21158K, committed 21296K, reserved 1069056K
  class space    used 2512K, capacity 2688K, committed 2688K, reserved 1048576K
}
Event: 4.407 GC heap after
{Heap after GC invocations=5 (full 0):
 garbage-first heap   total 129024K, used 16955K [0x00000000a0000000, 0x0000000100000000)
  region size 1024K, 1 young (1024K), 1 survivors (1024K)
 Metaspace       used 20624K, capacity 21158K, committed 21296K, reserved 1069056K
  class space    used 2512K, capacity 2688K, committed 2688K, reserved 1048576K
}
Event: 5.348 GC heap before
{Heap before GC invocations=6 (full 0):
 garbage-first heap   total 129024K, used 65083K [0x00000000a0000000, 0x0000000100000000)
  region size 1024K, 48 young (49152K), 1 survivors (1024K)
 Metaspace       used 25555K, capacity 26138K, committed 26288K, reserved 1073152K
  class space    used 3337K, capacity 3566K, committed 3584K, reserved 1048576K
}
Event: 5.354 GC heap after
{Heap after GC invocations=7 (full 0):
 garbage-first heap   total 129024K, used 18599K [0x00000000a0000000, 0x0000000100000000)
  region size 1024K, 3 young (3072K), 3 survivors (3072K)
 Metaspace       used 25555K, capacity 26138K, committed 26288K, reserved 1073152K
  class space    used 3337K, capacity 3566K, committed 3584K, reserved 1048576K
}
Event: 6.330 GC heap before
{Heap before GC invocations=7 (full 0):
 garbage-first heap   total 129024K, used 70823K [0x00000000a0000000, 0x0000000100000000)
  region size 1024K, 54 young (55296K), 3 survivors (3072K)
 Metaspace       used 31022K, capacity 31754K, committed 32048K, reserved 1077248K
  class space    used 4148K, capacity 4439K, committed 4480K, reserved 1048576K
}
Event: 6.339 GC heap after
{Heap after GC invocations=8 (full 0):
 garbage-first heap   total 129024K, used 20922K [0x00000000a0000000, 0x0000000100000000)
  region size 1024K, 5 young (5120K), 5 survivors (5120K)
 Metaspace       used 31022K, capacity 31754K, committed 32048K, reserved 1077248K
  class space    used 4148K, capacity 4439K, committed 4480K, reserved 1048576K
}
Event: 6.885 GC heap before
{Heap before GC invocations=8 (full 0):
 garbage-first heap   total 129024K, used 31162K [0x00000000a0000000, 0x0000000100000000)
  region size 1024K, 16 young (16384K), 5 survivors (5120K)
 Metaspace       used 34806K, capacity 35614K, committed 35708K, reserved 1081344K
  class space    used 4531K, capacity 4832K, committed 4864K, reserved 1048576K
}
Event: 6.900 GC heap after
{Heap after GC invocations=9 (full 0):
 garbage-first heap   total 129024K, used 22793K [0x00000000a0000000, 0x0000000100000000)
  region size 1024K, 6 young (6144K), 6 survivors (6144K)
 Metaspace       used 34806K, capacity 35614K, committed 35708K, reserved 1081344K
  class space    used 4531K, capacity 4832K, committed 4864K, reserved 1048576K
}
Event: 9.020 GC heap before
{Heap before GC invocations=10 (full 0):
 garbage-first heap   total 129024K, used 77065K [0x00000000a0000000, 0x0000000100000000)
  region size 1024K, 57 young (58368K), 6 survivors (6144K)
 Metaspace       used 39399K, capacity 40287K, committed 40316K, reserved 1085440K
  class space    used 5053K, capacity 5376K, committed 5376K, reserved 1048576K
}
Event: 9.041 GC heap after
{Heap after GC invocations=11 (full 0):
 garbage-first heap   total 155648K, used 26121K [0x00000000a0000000, 0x0000000100000000)
  region size 1024K, 8 young (8192K), 8 survivors (8192K)
 Metaspace       used 39399K, capacity 40287K, committed 40316K, reserved 1085440K
  class space    used 5053K, capacity 5376K, committed 5376K, reserved 1048576K
}
Event: 10.653 GC heap before
{Heap before GC invocations=11 (full 0):
 garbage-first heap   total 155648K, used 89609K [0x00000000a0000000, 0x0000000100000000)
  region size 1024K, 70 young (71680K), 8 survivors (8192K)
 Metaspace       used 44560K, capacity 45687K, committed 45948K, reserved 1089536K
  class space    used 5713K, capacity 6134K, committed 6144K, reserved 1048576K
}
Event: 10.673 GC heap after
{Heap after GC invocations=12 (full 0):
 garbage-first heap   total 155648K, used 28830K [0x00000000a0000000, 0x0000000100000000)
  region size 1024K, 7 young (7168K), 7 survivors (7168K)
 Metaspace       used 44560K, capacity 45687K, committed 45948K, reserved 1089536K
  class space    used 5713K, capacity 6134K, committed 6144K, reserved 1048576K
}

Deoptimization events (20 events):
Event: 11.275 Thread 0x0000021082708800 DEOPT PACKING pc=0x00000210f05cdd50 sp=0x000000b45d5fe800
Event: 11.275 Thread 0x0000021082708800 DEOPT UNPACKING pc=0x00000210e8a978af sp=0x000000b45d5fe740 mode 2
Event: 11.287 Thread 0x0000021082705800 DEOPT PACKING pc=0x00000210e9673b74 sp=0x000000b45d6fd970
Event: 11.287 Thread 0x0000021082705800 DEOPT UNPACKING pc=0x00000210e8a976ce sp=0x000000b45d6fcf10 mode 0
Event: 11.304 Thread 0x0000021082705800 DEOPT PACKING pc=0x00000210e9673b74 sp=0x000000b45d6fd020
Event: 11.304 Thread 0x0000021082705800 DEOPT UNPACKING pc=0x00000210e8a976ce sp=0x000000b45d6fc5c0 mode 0
Event: 11.317 Thread 0x0000021082705800 DEOPT PACKING pc=0x00000210e9673b74 sp=0x000000b45d6fd890
Event: 11.317 Thread 0x0000021082705800 DEOPT UNPACKING pc=0x00000210e8a976ce sp=0x000000b45d6fce30 mode 0
Event: 11.325 Thread 0x000002108270a000 DEOPT PACKING pc=0x00000210e9673b74 sp=0x000000b45d4fd040
Event: 11.326 Thread 0x000002108270a000 DEOPT UNPACKING pc=0x00000210e8a976ce sp=0x000000b45d4fc5e0 mode 0
Event: 11.435 Thread 0x0000021081294800 DEOPT PACKING pc=0x00000210e9673b74 sp=0x000000b45bdf9c70
Event: 11.435 Thread 0x0000021081294800 DEOPT UNPACKING pc=0x00000210e8a976ce sp=0x000000b45bdf9210 mode 0
Event: 11.438 Thread 0x0000021081294800 DEOPT PACKING pc=0x00000210e9673b74 sp=0x000000b45bdf9c70
Event: 11.438 Thread 0x0000021081294800 DEOPT UNPACKING pc=0x00000210e8a976ce sp=0x000000b45bdf9210 mode 0
Event: 11.439 Thread 0x0000021081b03800 DEOPT PACKING pc=0x00000210e933d47a sp=0x000000b45c4fe7d0
Event: 11.439 Thread 0x0000021081b03800 DEOPT UNPACKING pc=0x00000210e8a976ce sp=0x000000b45c4fdc08 mode 0
Event: 11.461 Thread 0x0000021081b00800 DEOPT PACKING pc=0x00000210e933d47a sp=0x000000b45c2fe5b0
Event: 11.461 Thread 0x0000021081b00800 DEOPT UNPACKING pc=0x00000210e8a976ce sp=0x000000b45c2fd9e8 mode 0
Event: 11.556 Thread 0x0000021081294800 DEOPT PACKING pc=0x00000210e99ab971 sp=0x000000b45bdf9900
Event: 11.556 Thread 0x0000021081294800 DEOPT UNPACKING pc=0x00000210e8a976ce sp=0x000000b45bdf8df8 mode 0

Classes redefined (0 events):
No events

Internal exceptions (20 events):
Event: 9.691 Thread 0x0000021081294800 Exception <a 'java/lang/ClassNotFoundException'{0x00000000a7a19cf0}: org/gradle/api/internal/artifacts/dsl/DefaultRepositoryHandlerCustomizer> (0x00000000a7a19cf0) thrown at [./src/hotspot/share/classfile/systemDictionary.cpp, line 231]
Event: 9.698 Thread 0x0000021081294800 Exception <a 'java/lang/ClassNotFoundException'{0x00000000a7a76d20}: org/gradle/api/internal/artifacts/dsl/DefaultRepositoryHandler_DecoratedCustomizer> (0x00000000a7a76d20) thrown at [./src/hotspot/share/classfile/systemDictionary.cpp, line 231]
Event: 10.074 Thread 0x0000021081294800 Exception <a 'java/lang/ClassNotFoundException'{0x00000000a6ea9868}: org/gradle/api/internal/artifacts/dsl/dependencies/DefaultDependencyHandler_DecoratedBeanInfo> (0x00000000a6ea9868) thrown at [./src/hotspot/share/classfile/systemDictionary.cpp, line 231]
Event: 10.076 Thread 0x0000021081294800 Exception <a 'java/lang/ClassNotFoundException'{0x00000000a6ee7928}: org/gradle/api/internal/artifacts/dsl/dependencies/DefaultDependencyHandlerBeanInfo> (0x00000000a6ee7928) thrown at [./src/hotspot/share/classfile/systemDictionary.cpp, line 231]
Event: 10.077 Thread 0x0000021081294800 Exception <a 'java/lang/ClassNotFoundException'{0x00000000a6d26620}: org/gradle/api/internal/artifacts/dsl/dependencies/DefaultDependencyHandlerCustomizer> (0x00000000a6d26620) thrown at [./src/hotspot/share/classfile/systemDictionary.cpp, line 231]
Event: 10.087 Thread 0x0000021081294800 Exception <a 'java/lang/ClassNotFoundException'{0x00000000a6d8e1c0}: org/gradle/api/internal/artifacts/dsl/dependencies/DefaultDependencyHandler_DecoratedCustomizer> (0x00000000a6d8e1c0) thrown at [./src/hotspot/share/classfile/systemDictionary.cpp, line 231]
Event: 10.120 Thread 0x0000021081294800 Exception <a 'java/lang/NoSuchMethodError'{0x00000000a6c9f240}: 'java.lang.Object java.lang.invoke.DirectMethodHandle$Holder.invokeStatic(java.lang.Object, java.lang.Object, int, java.lang.Object)'> (0x00000000a6c9f240) thrown at [./src/hotspot/share/interpreter/linkResolver.cpp, line 773]
Event: 10.121 Thread 0x0000021081294800 Exception <a 'java/lang/NoSuchMethodError'{0x00000000a6ca64d8}: 'java.lang.Object java.lang.invoke.Invokers$Holder.linkToTargetMethod(java.lang.Object, int, java.lang.Object, java.lang.Object)'> (0x00000000a6ca64d8) thrown at [./src/hotspot/share/interpreter/linkResolver.cpp, line 773]
Event: 10.629 Thread 0x0000021081294800 Exception <a 'java/lang/NoSuchMethodError'{0x00000000a5a2e360}: 'java.lang.Object java.lang.invoke.DelegatingMethodHandle$Holder.reinvoke_L(java.lang.Object, java.lang.Object, java.lang.Object, java.lang.Object, java.lang.Object, java.lang.Object, java.lang.Object, java.lang.Object, java.lang.Object, java.lang.Object, java.lang.Object, java.lang.Object, java.lang.Object, java.lang.Object, java.lang.Object, java.lang.Object, java.lang.Object, java.lang.Object, java.lang.Object, java.lang.Object, java.lang.O
Event: 10.630 Thread 0x0000021081294800 Exception <a 'java/lang/NoSuchMethodError'{0x00000000a5a39d68}: 'java.lang.Object java.lang.invoke.DirectMethodHandle$Holder.invokeSpecial(java.lang.Object, java.lang.Object, java.lang.Object, java.lang.Object, java.lang.Object, java.lang.Object, java.lang.Object, java.lang.Object, java.lang.Object, java.lang.Object, java.lang.Object, java.lang.Object, java.lang.Object, java.lang.Object, java.lang.Object, java.lang.Object, java.lang.Object, java.lang.Object, java.lang.Object, java.lang.Object, java.lang.Ob
Event: 10.631 Thread 0x0000021081294800 Exception <a 'java/lang/NoSuchMethodError'{0x00000000a5a3ff58}: 'java.lang.Object java.lang.invoke.Invokers$Holder.invoker(java.lang.Object, java.lang.Object, java.lang.Object, java.lang.Object, java.lang.Object, java.lang.Object, java.lang.Object, java.lang.Object, java.lang.Object, java.lang.Object, java.lang.Object, java.lang.Object, java.lang.Object, java.lang.Object, java.lang.Object, java.lang.Object, java.lang.Object, java.lang.Object, java.lang.Object, java.lang.Object, java.lang.Object)'> (0x00000
Event: 10.631 Thread 0x0000021081294800 Exception <a 'java/lang/NoSuchMethodError'{0x00000000a5a472c8}: 'java.lang.Object java.lang.invoke.DelegatingMethodHandle$Holder.delegate(java.lang.Object, java.lang.Object, java.lang.Object, java.lang.Object, java.lang.Object, java.lang.Object, java.lang.Object, java.lang.Object, java.lang.Object, java.lang.Object, java.lang.Object, java.lang.Object, java.lang.Object, java.lang.Object, java.lang.Object, java.lang.Object, java.lang.Object, java.lang.Object, java.lang.Object, java.lang.Object, java.lang.Obj
Event: 10.637 Thread 0x0000021081294800 Exception <a 'java/lang/NoSuchMethodError'{0x00000000a5ab7b28}: 'java.lang.Object java.lang.invoke.DirectMethodHandle$Holder.invokeStatic(java.lang.Object, java.lang.Object, java.lang.Object, java.lang.Object, java.lang.Object, java.lang.Object, java.lang.Object, java.lang.Object, java.lang.Object, java.lang.Object, java.lang.Object, java.lang.Object, java.lang.Object, java.lang.Object, java.lang.Object)'> (0x00000000a5ab7b28) thrown at [./src/hotspot/share/interpreter/linkResolver.cpp, line 773]
Event: 10.639 Thread 0x0000021081294800 Exception <a 'java/lang/NoSuchMethodError'{0x00000000a5ac8160}: 'java.lang.Object java.lang.invoke.DirectMethodHandle$Holder.invokeStatic(java.lang.Object, java.lang.Object, java.lang.Object, java.lang.Object, java.lang.Object, java.lang.Object, java.lang.Object, java.lang.Object, java.lang.Object, java.lang.Object, java.lang.Object, java.lang.Object, java.lang.Object, java.lang.Object, java.lang.Object, java.lang.Object)'> (0x00000000a5ac8160) thrown at [./src/hotspot/share/interpreter/linkResolver.cpp, l
Event: 10.640 Thread 0x0000021081294800 Exception <a 'java/lang/NoSuchMethodError'{0x00000000a5ad86a8}: 'java.lang.Object java.lang.invoke.DelegatingMethodHandle$Holder.reinvoke_L(java.lang.Object, java.lang.Object, java.lang.Object, java.lang.Object, java.lang.Object, java.lang.Object, java.lang.Object, java.lang.Object, java.lang.Object, java.lang.Object, java.lang.Object, java.lang.Object, java.lang.Object, java.lang.Object, java.lang.Object, java.lang.Object, java.lang.Object, java.lang.Object, java.lang.Object, java.lang.Object)'> (0x000000
Event: 10.727 Thread 0x0000021081294800 Exception <a 'java/lang/IncompatibleClassChangeError'{0x00000000a9455ad8}: Found class java.lang.Object, but interface was expected> (0x00000000a9455ad8) thrown at [./src/hotspot/share/interpreter/linkResolver.cpp, line 839]
Event: 10.858 Thread 0x0000021081294800 Exception <a 'java/lang/NoSuchMethodError'{0x00000000a8c78628}: 'int java.lang.invoke.DirectMethodHandle$Holder.invokeStaticInit(java.lang.Object)'> (0x00000000a8c78628) thrown at [./src/hotspot/share/interpreter/linkResolver.cpp, line 773]
Event: 11.201 Thread 0x0000021081294800 Exception <a 'java/lang/NoSuchMethodError'{0x00000000a8038ad0}: 'void java.lang.invoke.DirectMethodHandle$Holder.invokeStatic(java.lang.Object, java.lang.Object, java.lang.Object, int, java.lang.Object)'> (0x00000000a8038ad0) thrown at [./src/hotspot/share/interpreter/linkResolver.cpp, line 773]
Event: 11.571 Thread 0x0000021081294800 Exception <a 'java/lang/ClassNotFoundException'{0x00000000a6d482f8}: build_etofvmibl9umgt7zifs47bimmBeanInfo> (0x00000000a6d482f8) thrown at [./src/hotspot/share/classfile/systemDictionary.cpp, line 231]
Event: 11.571 Thread 0x0000021081294800 Exception <a 'java/lang/ClassNotFoundException'{0x00000000a6d531c0}: build_etofvmibl9umgt7zifs47bimmCustomizer> (0x00000000a6d531c0) thrown at [./src/hotspot/share/classfile/systemDictionary.cpp, line 231]

Events (20 events):
Event: 11.567 loading class groovy/runtime/metaclass/build_etofvmibl9umgt7zifs47bimmMetaClass
Event: 11.567 loading class groovy/runtime/metaclass/build_etofvmibl9umgt7zifs47bimmMetaClass done
Event: 11.571 loading class build_etofvmibl9umgt7zifs47bimmBeanInfo
Event: 11.571 loading class build_etofvmibl9umgt7zifs47bimmBeanInfo done
Event: 11.571 loading class build_etofvmibl9umgt7zifs47bimmBeanInfo
Event: 11.571 loading class build_etofvmibl9umgt7zifs47bimmBeanInfo done
Event: 11.571 loading class build_etofvmibl9umgt7zifs47bimmCustomizer
Event: 11.571 loading class build_etofvmibl9umgt7zifs47bimmCustomizer done
Event: 11.571 loading class build_etofvmibl9umgt7zifs47bimmCustomizer
Event: 11.571 loading class build_etofvmibl9umgt7zifs47bimmCustomizer done
Event: 11.574 loading class groovy/runtime/metaclass/build_etofvmibl9umgt7zifs47bimm$_run_closure1MetaClass
Event: 11.574 loading class groovy/runtime/metaclass/build_etofvmibl9umgt7zifs47bimm$_run_closure1MetaClass done
Event: 11.575 loading class groovy/runtime/metaclass/org/gradle/api/internal/project/DefaultProject_DecoratedMetaClass
Event: 11.575 loading class groovy/runtime/metaclass/org/gradle/api/internal/project/DefaultProject_DecoratedMetaClass done
Event: 11.580 loading class org/gradle/api/internal/project/DefaultProject_DecoratedBeanInfo
Event: 11.580 loading class org/gradle/api/internal/project/DefaultProject_DecoratedBeanInfo done
Event: 11.580 loading class org/gradle/api/internal/project/DefaultProject_DecoratedBeanInfo
Event: 11.580 loading class org/gradle/api/internal/project/DefaultProject_DecoratedBeanInfo done
Event: 11.581 loading class org/gradle/api/internal/project/DefaultProject_DecoratedBeanInfo
Event: 11.581 loading class org/gradle/api/internal/project/DefaultProject_DecoratedBeanInfo done


Dynamic libraries:
0x00007ff602610000 - 0x00007ff60261a000 	C:\Program Files\Android\Android Studio\jre\bin\java.exe
0x00007ffdebb50000 - 0x00007ffdebd44000 	C:\WINDOWS\SYSTEM32\ntdll.dll
0x00007ffdeacd0000 - 0x00007ffdead8d000 	C:\WINDOWS\System32\KERNEL32.DLL
0x00007ffde9330000 - 0x00007ffde95f7000 	C:\WINDOWS\System32\KERNELBASE.dll
0x00007ffde9a80000 - 0x00007ffde9b80000 	C:\WINDOWS\System32\ucrtbase.dll
0x00007ffdcffd0000 - 0x00007ffdcffe9000 	C:\Program Files\Android\Android Studio\jre\bin\jli.dll
0x00007ffdcfe70000 - 0x00007ffdcfe87000 	C:\Program Files\Android\Android Studio\jre\bin\VCRUNTIME140.dll
0x00007ffde9c10000 - 0x00007ffde9db0000 	C:\WINDOWS\System32\USER32.dll
0x00007ffde9a50000 - 0x00007ffde9a72000 	C:\WINDOWS\System32\win32u.dll
0x00007ffde6e00000 - 0x00007ffde709a000 	C:\WINDOWS\WinSxS\amd64_microsoft.windows.common-controls_6595b64144ccf1df_6.0.19041.1_none_b555e41d4684ddec\COMCTL32.dll
0x00007ffdeb2d0000 - 0x00007ffdeb2fa000 	C:\WINDOWS\System32\GDI32.dll
0x00007ffdeba70000 - 0x00007ffdebb0e000 	C:\WINDOWS\System32\msvcrt.dll
0x00007ffde9940000 - 0x00007ffde9a4a000 	C:\WINDOWS\System32\gdi32full.dll
0x00007ffde9290000 - 0x00007ffde932d000 	C:\WINDOWS\System32\msvcp_win.dll
0x00007ffdeb320000 - 0x00007ffdeb350000 	C:\WINDOWS\System32\IMM32.DLL
0x00007ffdad780000 - 0x00007ffdad81d000 	C:\Program Files\Android\Android Studio\jre\bin\msvcp140.dll
0x00007ffdaf570000 - 0x00007ffdb003f000 	C:\Program Files\Android\Android Studio\jre\bin\server\jvm.dll
0x00007ffde9fd0000 - 0x00007ffdea07a000 	C:\WINDOWS\System32\ADVAPI32.dll
0x00007ffdeb0f0000 - 0x00007ffdeb18b000 	C:\WINDOWS\System32\sechost.dll
0x00007ffdea8f0000 - 0x00007ffdeaa13000 	C:\WINDOWS\System32\RPCRT4.dll
0x00007ffde9db0000 - 0x00007ffde9db8000 	C:\WINDOWS\System32\PSAPI.DLL
0x00007ffde6110000 - 0x00007ffde6119000 	C:\WINDOWS\SYSTEM32\WSOCK32.dll
0x00007ffdcfdb0000 - 0x00007ffdcfdd7000 	C:\WINDOWS\SYSTEM32\WINMM.dll
0x00007ffdea870000 - 0x00007ffdea8db000 	C:\WINDOWS\System32\WS2_32.dll
0x00007ffdde810000 - 0x00007ffdde81a000 	C:\WINDOWS\SYSTEM32\VERSION.dll
0x00007ffde6de0000 - 0x00007ffde6df3000 	C:\WINDOWS\SYSTEM32\kernel.appcore.dll
0x00007ffddddf0000 - 0x00007ffddde01000 	C:\Program Files\Android\Android Studio\jre\bin\verify.dll
0x00007ffde8c50000 - 0x00007ffde8e34000 	C:\WINDOWS\SYSTEM32\DBGHELP.DLL
0x00007ffde81e0000 - 0x00007ffde820c000 	C:\WINDOWS\SYSTEM32\dbgcore.DLL
0x00007ffde96b0000 - 0x00007ffde972f000 	C:\WINDOWS\System32\bcryptPrimitives.dll
0x00007ffddddc0000 - 0x00007ffdddde9000 	C:\Program Files\Android\Android Studio\jre\bin\java.dll
0x00007ffde6100000 - 0x00007ffde610b000 	C:\Program Files\Android\Android Studio\jre\bin\jimage.dll
0x00007ffdddda0000 - 0x00007ffddddb8000 	C:\Program Files\Android\Android Studio\jre\bin\zip.dll
0x00007ffdea080000 - 0x00007ffdea7b1000 	C:\WINDOWS\System32\SHELL32.dll
0x00007ffde70a0000 - 0x00007ffde782a000 	C:\WINDOWS\SYSTEM32\windows.storage.dll
0x00007ffdead90000 - 0x00007ffdeb0e4000 	C:\WINDOWS\System32\combase.dll
0x00007ffde8910000 - 0x00007ffde893b000 	C:\WINDOWS\SYSTEM32\Wldp.dll
0x00007ffdeb7c0000 - 0x00007ffdeb86e000 	C:\WINDOWS\System32\SHCORE.dll
0x00007ffdeb190000 - 0x00007ffdeb1e5000 	C:\WINDOWS\System32\shlwapi.dll
0x00007ffde91d0000 - 0x00007ffde91ef000 	C:\WINDOWS\SYSTEM32\profapi.dll
0x00007ffdddd40000 - 0x00007ffdddd5a000 	C:\Program Files\Android\Android Studio\jre\bin\net.dll
0x00007ffde2030000 - 0x00007ffde2132000 	C:\WINDOWS\SYSTEM32\WINHTTP.dll
0x00007ffde8630000 - 0x00007ffde869a000 	C:\WINDOWS\system32\mswsock.dll
0x00007ffdddd20000 - 0x00007ffdddd34000 	C:\Program Files\Android\Android Studio\jre\bin\nio.dll
0x00007ffdd5b70000 - 0x00007ffdd5b97000 	C:\Users\HP\.gradle\wrapper\dists\gradle-2.14.1-all\native\8bec1ad78214c89d9ad589b4d07fe93259594b29d510b10fafb7a158f7737e5d\windows-amd64\native-platform.dll
0x00007ffdb5ce0000 - 0x00007ffdb5e1d000 	C:\Users\HP\.gradle\wrapper\dists\gradle-2.14.1-all\native\53dbd7edfb1c66fb8903c78663c9afc45aea4f116125fa6feffd364cf09443e8\windows-amd64\native-platform-file-events.dll
0x00007ffde4490000 - 0x00007ffde449a000 	C:\Program Files\Android\Android Studio\jre\bin\management.dll
0x00007ffde2880000 - 0x00007ffde288c000 	C:\Program Files\Android\Android Studio\jre\bin\management_ext.dll
0x00007ffde8e80000 - 0x00007ffde8e98000 	C:\WINDOWS\SYSTEM32\CRYPTSP.dll
0x00007ffde7f90000 - 0x00007ffde7fc4000 	C:\WINDOWS\system32\rsaenh.dll
0x00007ffde9b80000 - 0x00007ffde9ba7000 	C:\WINDOWS\System32\bcrypt.dll
0x00007ffde9150000 - 0x00007ffde917e000 	C:\WINDOWS\SYSTEM32\USERENV.dll
0x00007ffde8880000 - 0x00007ffde888c000 	C:\WINDOWS\SYSTEM32\CRYPTBASE.dll
0x00007ffde8320000 - 0x00007ffde835b000 	C:\WINDOWS\SYSTEM32\IPHLPAPI.DLL
0x00007ffdeacc0000 - 0x00007ffdeacc9000 	C:\WINDOWS\System32\NSI.dll
0x00007ffde6cb0000 - 0x00007ffde6cc7000 	C:\WINDOWS\SYSTEM32\dhcpcsvc6.DLL
0x00007ffde6c90000 - 0x00007ffde6cad000 	C:\WINDOWS\SYSTEM32\dhcpcsvc.DLL
0x00007ffde8360000 - 0x00007ffde842a000 	C:\WINDOWS\SYSTEM32\DNSAPI.dll

dbghelp: loaded successfully - version: 4.0.5 - missing functions: none
symbol engine: initialized successfully - sym options: 0x614 - pdb path: .;C:\Program Files\Android\Android Studio\jre\bin;C:\WINDOWS\SYSTEM32;C:\WINDOWS\WinSxS\amd64_microsoft.windows.common-controls_6595b64144ccf1df_6.0.19041.1_none_b555e41d4684ddec;C:\Program Files\Android\Android Studio\jre\bin\server;C:\Users\HP\.gradle\wrapper\dists\gradle-2.14.1-all\native\8bec1ad78214c89d9ad589b4d07fe93259594b29d510b10fafb7a158f7737e5d\windows-amd64;C:\Users\HP\.gradle\wrapper\dists\gradle-2.14.1-all\native\53dbd7edfb1c66fb8903c78663c9afc45aea4f116125fa6feffd364cf09443e8\windows-amd64

VM Arguments:
jvm_args: --add-opens=java.base/java.util=ALL-UNNAMED --add-opens=java.base/java.lang=ALL-UNNAMED --add-opens=java.base/java.lang.invoke=ALL-UNNAMED --add-opens=java.base/java.util=ALL-UNNAMED --add-opens=java.prefs/java.util.prefs=ALL-UNNAMED --add-opens=java.prefs/java.util.prefs=ALL-UNNAMED --add-opens=java.base/java.nio.charset=ALL-UNNAMED --add-opens=java.base/java.net=ALL-UNNAMED --add-opens=java.base/java.util.concurrent.atomic=ALL-UNNAMED -Xmx1536m -Dfile.encoding=windows-1252 -Duser.country=US -Duser.language=en -Duser.variant 
java_command: org.gradle.launcher.daemon.bootstrap.GradleDaemon 7.0.2
java_class_path (initial): C:\Users\HP\.gradle\wrapper\dists\gradle-2.14.1-all\wrapper\dists\gradle-7.0.2-all\7era6s5ay7zsbhuvl0oc9g94s\gradle-7.0.2\lib\gradle-launcher-7.0.2.jar
Launcher Type: SUN_STANDARD

[Global flags]
     intx CICompilerCount                          = 3                                         {product} {ergonomic}
     uint ConcGCThreads                            = 1                                         {product} {ergonomic}
     uint G1ConcRefinementThreads                  = 4                                         {product} {ergonomic}
   size_t G1HeapRegionSize                         = 1048576                                   {product} {ergonomic}
    uintx GCDrainStackTargetSize                   = 64                                        {product} {ergonomic}
   size_t InitialHeapSize                          = 132120576                                 {product} {ergonomic}
   size_t MarkStackSize                            = 4194304                                   {product} {ergonomic}
   size_t MaxHeapSize                              = 1610612736                                {product} {command line}
   size_t MaxNewSize                               = 965738496                                 {product} {ergonomic}
   size_t MinHeapDeltaBytes                        = 1048576                                   {product} {ergonomic}
    uintx NonNMethodCodeHeapSize                   = 5830732                                {pd product} {ergonomic}
    uintx NonProfiledCodeHeapSize                  = 122913754                              {pd product} {ergonomic}
    uintx ProfiledCodeHeapSize                     = 122913754                              {pd product} {ergonomic}
    uintx ReservedCodeCacheSize                    = 251658240                              {pd product} {ergonomic}
     bool SegmentedCodeCache                       = true                                      {product} {ergonomic}
     bool UseCompressedClassPointers               = true                                 {lp64_product} {ergonomic}
     bool UseCompressedOops                        = true                                 {lp64_product} {ergonomic}
     bool UseG1GC                                  = true                                      {product} {ergonomic}
     bool UseLargePagesIndividualAllocation        = false                                  {pd product} {ergonomic}

Logging:
Log output configuration:
 #0: stdout all=warning uptime,level,tags
 #1: stderr all=off uptime,level,tags

Environment Variables:
PATH=C:\WINDOWS\system32;C:\WINDOWS;C:\WINDOWS\System32\Wbem;C:\WINDOWS\System32\WindowsPowerShell\v1.0\;C:\WINDOWS\System32\OpenSSH\;E:\New folder\;C:\Users\HP\AppData\Local\Microsoft\WindowsApps;E:\VS Code\Microsoft VS Code\bin;C:\Users\HP\AppData\Roaming\npm;C:\Users\HP\AppData\Local\GitHubDesktop\bin;C:\Users\HP\Flutter\flutter\bin;
USERNAME=HP
OS=Windows_NT
PROCESSOR_IDENTIFIER=Intel64 Family 6 Model 142 Stepping 9, GenuineIntel



---------------  S Y S T E M  ---------------

OS: Windows 10 , 64 bit Build 19041 (10.0.19041.1)
OS uptime: 0 days 0:40 hours

CPU:total 4 (initial active 4) (2 cores per cpu, 2 threads per core) family 6 model 142 stepping 9 microcode 0xde, cmov, cx8, fxsr, mmx, sse, sse2, sse3, ssse3, sse4.1, sse4.2, popcnt, avx, avx2, aes, clmul, erms, 3dnowpref, lzcnt, ht, tsc, tscinvbit, bmi1, bmi2, adx, fma

Memory: 4k page, system-wide physical 8060M (2779M free)
TotalPageFile size 16252M (AvailPageFile size 10616M)
current process WorkingSet (physical memory assigned to process): 285M, peak: 285M
current process commit charge ("private bytes"): 349M, peak: 355M

vm_info: OpenJDK 64-Bit Server VM (11.0.10+0-b96-7249189) for windows-amd64 JRE (11.0.10+0-b96-7249189), built on Mar 31 2021 21:44:00 by "builder" with MS VC++ 14.0 (VS2015)

END.
