#
# A fatal error has been detected by the Java Runtime Environment:
#
#  EXCEPTION_ACCESS_VIOLATION (0xc0000005) at pc=0x00007ffa70c8c817, pid=9456, tid=3388
#
# JRE version: OpenJDK Runtime Environment (11.0.10) (build 11.0.10+0-b96-7249189)
# Java VM: OpenJDK 64-Bit Server VM (11.0.10+0-b96-7249189, mixed mode, tiered, compressed oops, g1 gc, windows-amd64)
# Problematic frame:
# V  [jvm.dll+0x5cc817]
#
# No core dump will be written. Minidumps are not enabled by default on client versions of Windows
#
# If you would like to submit a bug report, please visit:
#   https://bugreport.java.com/bugreport/crash.jsp
#

---------------  S U M M A R Y ------------

Command Line: --add-opens=java.base/java.util=ALL-UNNAMED --add-opens=java.base/java.lang=ALL-UNNAMED --add-opens=java.base/java.lang.invoke=ALL-UNNAMED --add-opens=java.prefs/java.util.prefs=ALL-UNNAMED -Xmx1536m -Dfile.encoding=windows-1252 -Duser.country=US -Duser.language=en -Duser.variant org.gradle.launcher.daemon.bootstrap.GradleDaemon 5.4.1

Host: Intel(R) Core(TM) i3-7020U CPU @ 2.30GHz, 4 cores, 7G,  Windows 10 , 64 bit Build 19041 (10.0.19041.1)
Time: Tue Sep 14 11:17:08 2021 India Standard Time elapsed time: 2313.866989 seconds (0d 0h 38m 33s)

---------------  T H R E A D  ---------------

Current thread (0x00000273a0c66800):  JavaThread "C2 CompilerThread1" daemon [_thread_in_native, id=3388, stack(0x000000fbf4d00000,0x000000fbf4e00000)]


Current CompileTask:
C2:2313867 14689       4       org.gradle.cache.internal.btree.StateCheckBlockStore::write (32 bytes)

Stack: [0x000000fbf4d00000,0x000000fbf4e00000],  sp=0x000000fbf4dfbad0,  free space=1006k
Native frames: (J=compiled Java code, j=interpreted, Vv=VM code, C=native code)
V  [jvm.dll+0x5cc817]
V  [jvm.dll+0x6193ae]
V  [jvm.dll+0x61908a]
V  [jvm.dll+0x619362]
V  [jvm.dll+0x61aa74]
V  [jvm.dll+0x61972d]
V  [jvm.dll+0x1fc54f]
V  [jvm.dll+0x1fa77f]
V  [jvm.dll+0x18354c]
V  [jvm.dll+0x208ee7]
V  [jvm.dll+0x207731]
V  [jvm.dll+0x6eb1cf]
V  [jvm.dll+0x6e3d45]
V  [jvm.dll+0x5ebe96]
C  [ucrtbase.dll+0x21542]
C  [KERNEL32.DLL+0x16fd4]
C  [ntdll.dll+0x4cf31]


siginfo: EXCEPTION_ACCESS_VIOLATION (0xc0000005), reading address 0x0000000000000050


Register to memory mapping:

RIP=0x00007ffa70c8c817 jvm.dll
RAX=0x0000000000000085 is an unknown value
RBX=0x000000001773fbd6 is an unknown value
RCX=0x000002739a3dee00 points into unknown readable memory: 0x0000000000000000 | 00 00 00 00 00 00 00 00
RDX=0x0 is NULL
RSP=0x000000fbf4dfbad0 is pointing into the stack for thread: 0x00000273a0c66800
RBP=0x0000000000020000 is an unknown value
RSI=0x00000273a2301130 points into unknown readable memory: 0x00007ffa70ebc678 | 78 c6 eb 70 fa 7f 00 00
RDI=0x000000001773fc5d is an unknown value
R8 =0x00000273a705cd00 points into unknown readable memory: 0x0000000000000000 | 00 00 00 00 00 00 00 00
R9 =0x00000273a2a13050 points into unknown readable memory: 0x00007ffa70e2ff98 | 98 ff e2 70 fa 7f 00 00
R10=0x00000000000019a5 is an unknown value
R11=0x0000000000003fff is an unknown value
R12=0x00000000000018f7 is an unknown value
R13=0x0000000000000017 is an unknown value
R14=0x0000000000002000 is an unknown value
R15=0x00000000000018f7 is an unknown value


Registers:
RAX=0x0000000000000085, RBX=0x000000001773fbd6, RCX=0x000002739a3dee00, RDX=0x0000000000000000
RSP=0x000000fbf4dfbad0, RBP=0x0000000000020000, RSI=0x00000273a2301130, RDI=0x000000001773fc5d
R8 =0x00000273a705cd00, R9 =0x00000273a2a13050, R10=0x00000000000019a5, R11=0x0000000000003fff
R12=0x00000000000018f7, R13=0x0000000000000017, R14=0x0000000000002000, R15=0x00000000000018f7
RIP=0x00007ffa70c8c817, EFLAGS=0x0000000000010202

Top of Stack: (sp=0x000000fbf4dfbad0)
0x000000fbf4dfbad0:   000002739f203798 0000000000000cc4
0x000000fbf4dfbae0:   0000000000000cc4 00007ffa70969e5e
0x000000fbf4dfbaf0:   00000273a2301130 00007ffa70cd93ae
0x000000fbf4dfbb00:   000000fbf4dfd198 0000000000000cb6
0x000000fbf4dfbb10:   00000273a951e388 00007ffa70c8c81a
0x000000fbf4dfbb20:   000000fbf4dfd198 00007ffa70cd908a
0x000000fbf4dfbb30:   000002739ef61998 0000000000000cb6
0x000000fbf4dfbb40:   000000fbf4dfeb28 00007ffa70db880b
0x000000fbf4dfbb50:   00000273a55d13c0 00007ffa70cd9362
0x000000fbf4dfbb60:   0000000000000000 00000000000019a6
0x000000fbf4dfbb70:   0000000000000004 000000fbf4dfd198
0x000000fbf4dfbb80:   0000000000001371 000002739cdb0738
0x000000fbf4dfbb90:   0000000000000000 000002739bb6d180
0x000000fbf4dfbba0:   00000273a55d13c0 00007ffa70cdaa74
0x000000fbf4dfbbb0:   00000273a55d13c0 00000000000000a8
0x000000fbf4dfbbc0:   000000fbf4dfc810 00000000000000a8 

Instructions: (pc=0x00007ffa70c8c817)
0x00007ffa70c8c717:   24 30 48 8b 74 24 38 48 83 c4 20 5f c3 48 8b 03
0x00007ffa70c8c727:   48 8b cb ff 10 3b c6 0f 85 29 ff ff ff 48 8b 43
0x00007ffa70c8c737:   08 48 39 78 10 0f 85 1b ff ff ff b9 01 00 00 00
0x00007ffa70c8c747:   0f b6 c1 48 8b 5c 24 30 48 8b 74 24 38 48 83 c4
0x00007ffa70c8c757:   20 5f c3 48 8b 03 48 8b cb ff 10 48 8b 5c 24 30
0x00007ffa70c8c767:   3d ba 00 00 00 48 8b 74 24 38 0f 94 c0 48 83 c4
0x00007ffa70c8c777:   20 5f c3 cc cc cc cc cc cc 48 89 5c 24 08 57 48
0x00007ffa70c8c787:   83 ec 20 48 8b f9 33 db 8b 49 18 85 c9 74 18 48
0x00007ffa70c8c797:   8b 47 08 8b d1 0f 1f 40 00 03 db 2b 18 48 8d 40
0x00007ffa70c8c7a7:   08 48 83 ea 01 75 f2 48 8b 07 48 8b cf ff 10 c1
0x00007ffa70c8c7b7:   eb 02 03 c3 48 8b 5c 24 30 03 47 18 48 83 c4 20
0x00007ffa70c8c7c7:   5f c3 cc cc cc cc cc cc cc 48 89 5c 24 08 48 89
0x00007ffa70c8c7d7:   74 24 10 57 48 83 ec 20 48 8b f1 33 db 8b 49 18
0x00007ffa70c8c7e7:   85 c9 74 14 48 8b 46 08 8b d1 03 db 2b 18 48 8d
0x00007ffa70c8c7f7:   40 08 48 83 ea 01 75 f2 48 8b 06 48 8b ce ff 10
0x00007ffa70c8c807:   48 8b 4e 38 c1 eb 02 48 8b 11 8d 3c 03 03 7e 18
0x00007ffa70c8c817:   ff 52 50 48 8b 5c 24 30 03 c7 48 8b 74 24 38 48
0x00007ffa70c8c827:   83 c4 20 5f c3 cc cc cc cc 48 83 ec 28 ba c5 08
0x00007ffa70c8c837:   00 00 48 8d 0d 80 6c 29 00 e8 4b 5f c7 ff e8 d6
0x00007ffa70c8c847:   8f 01 00 48 8d 05 bf e4 43 00 48 83 c4 28 c3 cc
0x00007ffa70c8c857:   cc cc cc cc cc cc cc cc cc 48 89 5c 24 08 48 89
0x00007ffa70c8c867:   74 24 10 57 48 83 ec 20 8b f2 49 8b f8 8b 51 1c
0x00007ffa70c8c877:   48 8b d9 39 51 18 73 0f 48 8b 41 08 44 8d 4a ff
0x00007ffa70c8c887:   4a 83 3c c8 00 74 07 ff c2 e8 0b fa ff ff 8b 4b
0x00007ffa70c8c897:   18 48 8b 53 08 4c 8b 0c ca 4d 85 c9 74 1d 44 8b
0x00007ffa70c8c8a7:   43 1c 41 3b c8 73 10 66 90 48 83 3c ca 00 74 07
0x00007ffa70c8c8b7:   ff c1 41 3b c8 72 f2 4c 89 0c ca 8b 4b 18 48 8b
0x00007ffa70c8c8c7:   43 08 48 c7 04 c8 00 00 00 00 ff 43 18 8b 43 18
0x00007ffa70c8c8d7:   2b c6 83 e8 01 74 46 48 8b 53 08 4c 8d 04 c5 07
0x00007ffa70c8c8e7:   00 00 00 49 c1 e8 03 44 8d 56 01 49 ff ca 4c 8d
0x00007ffa70c8c8f7:   4e ff 4d 03 c8 4d 03 d0 4e 8d 0c ca 4e 8d 14 d2
0x00007ffa70c8c907:   4d 85 c0 74 18 0f 1f 40 00 49 8b 01 4d 8d 49 f8 


Stack slot to memory mapping:
stack at sp + 0 slots: 0x000002739f203798 points into unknown readable memory: 0x00007ffa70ea3d20 | 20 3d ea 70 fa 7f 00 00
stack at sp + 1 slots: 0x0000000000000cc4 is an unknown value
stack at sp + 2 slots: 0x0000000000000cc4 is an unknown value
stack at sp + 3 slots: 0x00007ffa70969e5e jvm.dll
stack at sp + 4 slots: 0x00000273a2301130 points into unknown readable memory: 0x00007ffa70ebc678 | 78 c6 eb 70 fa 7f 00 00
stack at sp + 5 slots: 0x00007ffa70cd93ae jvm.dll
stack at sp + 6 slots: 0x000000fbf4dfd198 is pointing into the stack for thread: 0x00000273a0c66800
stack at sp + 7 slots: 0x0000000000000cb6 is an unknown value


---------------  P R O C E S S  ---------------

Threads class SMR info:
_java_thread_list=0x00000273a03cb9c0, length=41, elements={
0x00000273ffc88000, 0x000002739a399800, 0x000002739a39a800, 0x000002739a3b5800,
0x000002739a3b6800, 0x000002739a3b7800, 0x000002739a3bb800, 0x000002739a3bd000,
0x000002739ada7000, 0x000002739ae96800, 0x000002739c4fe000, 0x000002739c5c1800,
0x000002739c5ff000, 0x000002739c741000, 0x000002739c73b000, 0x000002739c741800,
0x000002739da61800, 0x000002739da6d000, 0x00000273a0c59000, 0x00000273a0c5c800,
0x00000273a0c5f800, 0x00000273a0c60800, 0x00000273a0c5b000, 0x00000273a0c63000,
0x00000273a0c5d800, 0x00000273a0c61800, 0x00000273a0c62000, 0x00000273a0c64000,
0x00000273a0c5e000, 0x00000273a0c64800, 0x00000273a0c65800, 0x00000273a0c68000,
0x00000273a0c66800, 0x00000273a0c67000, 0x000002739da62800, 0x000002739da65800,
0x000002739da64000, 0x000002739da66800, 0x000002739da68000, 0x000002739da61000,
0x000002739da6a800
}

Java Threads: ( => current thread )
  0x00000273ffc88000 JavaThread "main" [_thread_blocked, id=7304, stack(0x000000fbf2700000,0x000000fbf2800000)]
  0x000002739a399800 JavaThread "Reference Handler" daemon [_thread_blocked, id=1696, stack(0x000000fbf2e00000,0x000000fbf2f00000)]
  0x000002739a39a800 JavaThread "Finalizer" daemon [_thread_blocked, id=4252, stack(0x000000fbf2f00000,0x000000fbf3000000)]
  0x000002739a3b5800 JavaThread "Signal Dispatcher" daemon [_thread_blocked, id=10148, stack(0x000000fbf3000000,0x000000fbf3100000)]
  0x000002739a3b6800 JavaThread "Attach Listener" daemon [_thread_blocked, id=1260, stack(0x000000fbf3100000,0x000000fbf3200000)]
  0x000002739a3b7800 JavaThread "Service Thread" daemon [_thread_blocked, id=9308, stack(0x000000fbf3200000,0x000000fbf3300000)]
  0x000002739a3bb800 JavaThread "C2 CompilerThread0" daemon [_thread_in_native, id=4752, stack(0x000000fbf3300000,0x000000fbf3400000)]
  0x000002739a3bd000 JavaThread "C1 CompilerThread0" daemon [_thread_in_vm, id=2004, stack(0x000000fbf3400000,0x000000fbf3500000)]
  0x000002739ada7000 JavaThread "Sweeper thread" daemon [_thread_blocked, id=9128, stack(0x000000fbf3500000,0x000000fbf3600000)]
  0x000002739ae96800 JavaThread "Common-Cleaner" daemon [_thread_blocked, id=7624, stack(0x000000fbf3600000,0x000000fbf3700000)]
  0x000002739c4fe000 JavaThread "Daemon health stats" [_thread_blocked, id=3796, stack(0x000000fbf3b00000,0x000000fbf3c00000)]
  0x000002739c5c1800 JavaThread "Incoming local TCP Connector on port 63772" [_thread_in_native, id=3344, stack(0x000000fbf3a00000,0x000000fbf3b00000)]
  0x000002739c5ff000 JavaThread "Daemon periodic checks" [_thread_blocked, id=3820, stack(0x000000fbf3c00000,0x000000fbf3d00000)]
  0x000002739c741000 JavaThread "Cache worker for file hash cache (C:\Users\HP\.gradle\wrapper\dists\gradle-2.14.1-all\caches\5.4.1\fileHashes)" [_thread_blocked, id=1296, stack(0x000000fbf4400000,0x000000fbf4500000)]
  0x000002739c73b000 JavaThread "File lock request listener" [_thread_in_native, id=8596, stack(0x000000fbf4500000,0x000000fbf4600000)]
  0x000002739c741800 JavaThread "Cache worker for journal cache (C:\Users\HP\.gradle\wrapper\dists\gradle-2.14.1-all\caches\journal-1)" [_thread_blocked, id=6588, stack(0x000000fbf4600000,0x000000fbf4700000)]
  0x000002739da61800 JavaThread "Cache worker for execution history cache (C:\Users\HP\.gradle\wrapper\dists\gradle-2.14.1-all\caches\5.4.1\executionHistory)" [_thread_blocked, id=5388, stack(0x000000fbf4b00000,0x000000fbf4c00000)]
  0x000002739da6d000 JavaThread "Memory manager" [_thread_blocked, id=9776, stack(0x000000fbf5200000,0x000000fbf5300000)]
  0x00000273a0c59000 JavaThread "Daemon Thread 3" [_thread_blocked, id=10164, stack(0x000000fbf2400000,0x000000fbf2500000)]
  0x00000273a0c5c800 JavaThread "Handler for socket connection from /127.0.0.1:63772 to /127.0.0.1:59660" [_thread_in_native, id=8388, stack(0x000000fbf2500000,0x000000fbf2600000)]
  0x00000273a0c5f800 JavaThread "Cancel handler" [_thread_blocked, id=9088, stack(0x000000fbf2600000,0x000000fbf2700000)]
  0x00000273a0c60800 JavaThread "Daemon worker Thread 3" [_thread_in_native, id=4136, stack(0x000000fbf3d00000,0x000000fbf3e00000)]
  0x00000273a0c5b000 JavaThread "Asynchronous log dispatcher for DefaultDaemonConnection: socket connection from /127.0.0.1:63772 to /127.0.0.1:59660" [_thread_blocked, id=5892, stack(0x000000fbf3e00000,0x000000fbf3f00000)]
  0x00000273a0c63000 JavaThread "Stdin handler" [_thread_blocked, id=6972, stack(0x000000fbf3f00000,0x000000fbf4000000)]
  0x00000273a0c5d800 JavaThread "Thread-49" [_thread_blocked, id=9584, stack(0x000000fbf4000000,0x000000fbf4100000)]
  0x00000273a0c61800 JavaThread "Cache worker for file hash cache (C:\Users\HP\AndroidStudioProjects\QuizzerExtended\Quizzer\.gradle\5.4.1\fileHashes)" [_thread_blocked, id=3312, stack(0x000000fbf4100000,0x000000fbf4200000)]
  0x00000273a0c62000 JavaThread "Cache worker for cache directory md-supplier (C:\Users\HP\.gradle\wrapper\dists\gradle-2.14.1-all\caches\5.4.1\md-supplier)" [_thread_blocked, id=9284, stack(0x000000fbf4200000,0x000000fbf4300000)]
  0x00000273a0c64000 JavaThread "Cache worker for cache directory md-rule (C:\Users\HP\.gradle\wrapper\dists\gradle-2.14.1-all\caches\5.4.1\md-rule)" [_thread_blocked, id=7812, stack(0x000000fbf4300000,0x000000fbf4400000)]
  0x00000273a0c5e000 JavaThread "Build operations" [_thread_blocked, id=9784, stack(0x000000fbf4700000,0x000000fbf4800000)]
  0x00000273a0c64800 JavaThread "Build operations Thread 2" [_thread_blocked, id=9676, stack(0x000000fbf4900000,0x000000fbf4a00000)]
  0x00000273a0c65800 JavaThread "Build operations Thread 3" [_thread_blocked, id=8120, stack(0x000000fbf4a00000,0x000000fbf4b00000)]
  0x00000273a0c68000 JavaThread "Build operations Thread 4" [_thread_blocked, id=4644, stack(0x000000fbf4c00000,0x000000fbf4d00000)]
=>0x00000273a0c66800 JavaThread "C2 CompilerThread1" daemon [_thread_in_native, id=3388, stack(0x000000fbf4d00000,0x000000fbf4e00000)]
  0x00000273a0c67000 JavaThread "Cache worker for Build Output Cleanup Cache (C:\Users\HP\AndroidStudioProjects\QuizzerExtended\Quizzer\.gradle\buildOutputCleanup)" [_thread_blocked, id=7972, stack(0x000000fbf4e00000,0x000000fbf4f00000)]
  0x000002739da62800 JavaThread "Cache worker for file content cache (C:\Users\HP\.gradle\wrapper\dists\gradle-2.14.1-all\caches\5.4.1\fileContent)" [_thread_blocked, id=8432, stack(0x000000fbf4f00000,0x000000fbf5000000)]
  0x000002739da65800 JavaThread "Cache worker for file content cache (C:\Users\HP\AndroidStudioProjects\QuizzerExtended\Quizzer\.gradle\5.4.1\fileContent)" [_thread_blocked, id=9188, stack(0x000000fbf5000000,0x000000fbf5100000)]
  0x000002739da64000 JavaThread "Execution worker for ':'" [_thread_in_native, id=1124, stack(0x000000fbf5100000,0x000000fbf5200000)]
  0x000002739da66800 JavaThread "Execution worker for ':' Thread 2" [_thread_in_native, id=9504, stack(0x000000fbf5300000,0x000000fbf5400000)]
  0x000002739da68000 JavaThread "Execution worker for ':' Thread 3" [_thread_in_native, id=1884, stack(0x000000fbf5400000,0x000000fbf5500000)]
  0x000002739da61000 JavaThread "Cache worker for execution history cache (C:\Users\HP\AndroidStudioProjects\QuizzerExtended\Quizzer\.gradle\5.4.1\executionHistory)" [_thread_blocked, id=6672, stack(0x000000fbf5500000,0x000000fbf5600000)]
  0x000002739da6a800 JavaThread "WorkerExecutor Queue" [_thread_blocked, id=7300, stack(0x000000fbf5600000,0x000000fbf5700000)]

Other Threads:
  0x000002739a375000 VMThread "VM Thread" [stack: 0x000000fbf2d00000,0x000000fbf2e00000] [id=8136]
  0x000002739ae98000 WatcherThread [stack: 0x000000fbf3700000,0x000000fbf3800000] [id=8872]
  0x00000273ffca0800 GCTaskThread "GC Thread#0" [stack: 0x000000fbf2800000,0x000000fbf2900000] [id=7012]
  0x000002739b4d4800 GCTaskThread "GC Thread#1" [stack: 0x000000fbf3800000,0x000000fbf3900000] [id=6424]
  0x000002739b5e0000 GCTaskThread "GC Thread#2" [stack: 0x000000fbf3900000,0x000000fbf3a00000] [id=7504]
  0x000002739bcd3800 GCTaskThread "GC Thread#3" [stack: 0x000000fbf4800000,0x000000fbf4900000] [id=848]
  0x00000273ffcc7000 ConcurrentGCThread "G1 Main Marker" [stack: 0x000000fbf2900000,0x000000fbf2a00000] [id=3776]
  0x00000273ffcca000 ConcurrentGCThread "G1 Conc#0" [stack: 0x000000fbf2a00000,0x000000fbf2b00000] [id=2404]
  0x00000273ffd57000 ConcurrentGCThread "G1 Refine#0" [stack: 0x000000fbf2b00000,0x000000fbf2c00000] [id=1908]
  0x00000273ffd58000 ConcurrentGCThread "G1 Young RemSet Sampling" [stack: 0x000000fbf2c00000,0x000000fbf2d00000] [id=4860]

Threads with active compile tasks:
C2 CompilerThread02314060 14819   !   4       java.nio.file.Files::walkFileTree (294 bytes)
C2 CompilerThread12314060 14689       4       org.gradle.cache.internal.btree.StateCheckBlockStore::write (32 bytes)

VM state:not at safepoint (normal execution)

VM Mutex/Monitor currently owned by a thread: None

Heap address: 0x00000000a0000000, size: 1536 MB, Compressed Oops mode: 32-bit
Narrow klass base: 0x0000000000000000, Narrow klass shift: 3
Compressed class space size: 1073741824 Address: 0x0000000100000000

Heap:
 garbage-first heap   total 189440K, used 134847K [0x00000000a0000000, 0x0000000100000000)
  region size 1024K, 48 young (49152K), 2 survivors (2048K)
 Metaspace       used 96426K, capacity 98443K, committed 99276K, reserved 1136640K
  class space    used 11677K, capacity 12272K, committed 12544K, reserved 1048576K
Heap Regions: E=young(eden), S=young(survivor), O=old, HS=humongous(starts), HC=humongous(continues), CS=collection set, F=free, A=archive, TAMS=top-at-mark-start (previous, next)
|   0|0x00000000a0000000, 0x00000000a0100000, 0x00000000a0100000|100%| O|  |TAMS 0x00000000a0100000, 0x00000000a0000000| Complete 
|   1|0x00000000a0100000, 0x00000000a0200000, 0x00000000a0200000|100%| O|  |TAMS 0x00000000a0200000, 0x00000000a0100000| Untracked 
|   2|0x00000000a0200000, 0x00000000a0300000, 0x00000000a0300000|100%|HS|  |TAMS 0x00000000a0300000, 0x00000000a0200000| Complete 
|   3|0x00000000a0300000, 0x00000000a0400000, 0x00000000a0400000|100%|HS|  |TAMS 0x00000000a0400000, 0x00000000a0300000| Complete 
|   4|0x00000000a0400000, 0x00000000a0500000, 0x00000000a0500000|100%|HC|  |TAMS 0x00000000a0500000, 0x00000000a0400000| Complete 
|   5|0x00000000a0500000, 0x00000000a0600000, 0x00000000a0600000|100%| O|  |TAMS 0x00000000a0600000, 0x00000000a0500000| Untracked 
|   6|0x00000000a0600000, 0x00000000a0700000, 0x00000000a0700000|100%| O|  |TAMS 0x00000000a0700000, 0x00000000a0600000| Untracked 
|   7|0x00000000a0700000, 0x00000000a0800000, 0x00000000a0800000|100%| O|  |TAMS 0x00000000a0800000, 0x00000000a0700000| Untracked 
|   8|0x00000000a0800000, 0x00000000a0900000, 0x00000000a0900000|100%| O|  |TAMS 0x00000000a0900000, 0x00000000a0800000| Complete 
|   9|0x00000000a0900000, 0x00000000a0a00000, 0x00000000a0a00000|100%| O|  |TAMS 0x00000000a0a00000, 0x00000000a0900000| Complete 
|  10|0x00000000a0a00000, 0x00000000a0b00000, 0x00000000a0b00000|100%| O|  |TAMS 0x00000000a0b00000, 0x00000000a0a00000| Complete 
|  11|0x00000000a0b00000, 0x00000000a0c00000, 0x00000000a0c00000|100%| O|  |TAMS 0x00000000a0c00000, 0x00000000a0b00000| Untracked 
|  12|0x00000000a0c00000, 0x00000000a0d00000, 0x00000000a0d00000|100%| O|  |TAMS 0x00000000a0d00000, 0x00000000a0c00000| Complete 
|  13|0x00000000a0d00000, 0x00000000a0e00000, 0x00000000a0e00000|100%|HS|  |TAMS 0x00000000a0e00000, 0x00000000a0d00000| Complete 
|  14|0x00000000a0e00000, 0x00000000a0f00000, 0x00000000a0f00000|100%|HC|  |TAMS 0x00000000a0f00000, 0x00000000a0e00000| Complete 
|  15|0x00000000a0f00000, 0x00000000a1000000, 0x00000000a1000000|100%|HS|  |TAMS 0x00000000a1000000, 0x00000000a0f00000| Complete 
|  16|0x00000000a1000000, 0x00000000a1100000, 0x00000000a1100000|100%|HC|  |TAMS 0x00000000a1100000, 0x00000000a1000000| Complete 
|  17|0x00000000a1100000, 0x00000000a1200000, 0x00000000a1200000|100%|HC|  |TAMS 0x00000000a1200000, 0x00000000a1100000| Complete 
|  18|0x00000000a1200000, 0x00000000a1300000, 0x00000000a1300000|100%|HS|  |TAMS 0x00000000a1300000, 0x00000000a1200000| Complete 
|  19|0x00000000a1300000, 0x00000000a1400000, 0x00000000a1400000|100%|HC|  |TAMS 0x00000000a1400000, 0x00000000a1300000| Complete 
|  20|0x00000000a1400000, 0x00000000a1500000, 0x00000000a1500000|100%|HC|  |TAMS 0x00000000a1500000, 0x00000000a1400000| Complete 
|  21|0x00000000a1500000, 0x00000000a1600000, 0x00000000a1600000|100%|HC|  |TAMS 0x00000000a1600000, 0x00000000a1500000| Complete 
|  22|0x00000000a1600000, 0x00000000a1700000, 0x00000000a1700000|100%|HC|  |TAMS 0x00000000a1700000, 0x00000000a1600000| Complete 
|  23|0x00000000a1700000, 0x00000000a1800000, 0x00000000a1800000|100%| O|  |TAMS 0x00000000a1800000, 0x00000000a1700000| Complete 
|  24|0x00000000a1800000, 0x00000000a1900000, 0x00000000a1900000|100%|HS|  |TAMS 0x00000000a1900000, 0x00000000a1800000| Complete 
|  25|0x00000000a1900000, 0x00000000a1a00000, 0x00000000a1a00000|100%|HC|  |TAMS 0x00000000a1a00000, 0x00000000a1900000| Complete 
|  26|0x00000000a1a00000, 0x00000000a1b00000, 0x00000000a1b00000|100%| O|  |TAMS 0x00000000a1b00000, 0x00000000a1a00000| Complete 
|  27|0x00000000a1b00000, 0x00000000a1c00000, 0x00000000a1c00000|100%| O|  |TAMS 0x00000000a1c00000, 0x00000000a1b00000| Untracked 
|  28|0x00000000a1c00000, 0x00000000a1d00000, 0x00000000a1d00000|100%| O|  |TAMS 0x00000000a1d00000, 0x00000000a1c00000| Untracked 
|  29|0x00000000a1d00000, 0x00000000a1e00000, 0x00000000a1e00000|100%| O|  |TAMS 0x00000000a1e00000, 0x00000000a1d00000| Untracked 
|  30|0x00000000a1e00000, 0x00000000a1f00000, 0x00000000a1f00000|100%| O|  |TAMS 0x00000000a1f00000, 0x00000000a1e00000| Untracked 
|  31|0x00000000a1f00000, 0x00000000a2000000, 0x00000000a2000000|100%| O|  |TAMS 0x00000000a2000000, 0x00000000a1f00000| Complete 
|  32|0x00000000a2000000, 0x00000000a2100000, 0x00000000a2100000|100%| O|  |TAMS 0x00000000a2100000, 0x00000000a2000000| Complete 
|  33|0x00000000a2100000, 0x00000000a2200000, 0x00000000a2200000|100%| O|  |TAMS 0x00000000a2200000, 0x00000000a2100000| Complete 
|  34|0x00000000a2200000, 0x00000000a2300000, 0x00000000a2300000|100%| O|  |TAMS 0x00000000a2300000, 0x00000000a2200000| Complete 
|  35|0x00000000a2300000, 0x00000000a2400000, 0x00000000a2400000|100%| O|  |TAMS 0x00000000a2400000, 0x00000000a2300000| Complete 
|  36|0x00000000a2400000, 0x00000000a2500000, 0x00000000a2500000|100%| O|  |TAMS 0x00000000a2500000, 0x00000000a2400000| Complete 
|  37|0x00000000a2500000, 0x00000000a2600000, 0x00000000a2600000|100%| O|  |TAMS 0x00000000a2600000, 0x00000000a2500000| Untracked 
|  38|0x00000000a2600000, 0x00000000a2700000, 0x00000000a2700000|100%| O|  |TAMS 0x00000000a2700000, 0x00000000a2600000| Untracked 
|  39|0x00000000a2700000, 0x00000000a2800000, 0x00000000a2800000|100%| O|  |TAMS 0x00000000a2800000, 0x00000000a2700000| Complete 
|  40|0x00000000a2800000, 0x00000000a2900000, 0x00000000a2900000|100%| O|  |TAMS 0x00000000a2900000, 0x00000000a2800000| Complete 
|  41|0x00000000a2900000, 0x00000000a2a00000, 0x00000000a2a00000|100%| O|  |TAMS 0x00000000a2a00000, 0x00000000a2900000| Untracked 
|  42|0x00000000a2a00000, 0x00000000a2b00000, 0x00000000a2b00000|100%| O|  |TAMS 0x00000000a2b00000, 0x00000000a2a00000| Complete 
|  43|0x00000000a2b00000, 0x00000000a2c00000, 0x00000000a2c00000|100%| O|  |TAMS 0x00000000a2c00000, 0x00000000a2b00000| Complete 
|  44|0x00000000a2c00000, 0x00000000a2c00000, 0x00000000a2d00000|  0%| F|  |TAMS 0x00000000a2c00000, 0x00000000a2c00000| Untracked 
|  45|0x00000000a2d00000, 0x00000000a2e00000, 0x00000000a2e00000|100%| O|  |TAMS 0x00000000a2e00000, 0x00000000a2d00000| Complete 
|  46|0x00000000a2e00000, 0x00000000a2f00000, 0x00000000a2f00000|100%| O|  |TAMS 0x00000000a2f00000, 0x00000000a2e00000| Untracked 
|  47|0x00000000a2f00000, 0x00000000a3000000, 0x00000000a3000000|100%| O|  |TAMS 0x00000000a3000000, 0x00000000a2f00000| Untracked 
|  48|0x00000000a3000000, 0x00000000a3100000, 0x00000000a3100000|100%| O|  |TAMS 0x00000000a3100000, 0x00000000a3000000| Complete 
|  49|0x00000000a3100000, 0x00000000a3200000, 0x00000000a3200000|100%| O|  |TAMS 0x00000000a3200000, 0x00000000a3100000| Untracked 
|  50|0x00000000a3200000, 0x00000000a3300000, 0x00000000a3300000|100%| O|  |TAMS 0x00000000a3300000, 0x00000000a3200000| Complete 
|  51|0x00000000a3300000, 0x00000000a3400000, 0x00000000a3400000|100%| O|  |TAMS 0x00000000a3400000, 0x00000000a3300000| Untracked 
|  52|0x00000000a3400000, 0x00000000a3500000, 0x00000000a3500000|100%| O|  |TAMS 0x00000000a3500000, 0x00000000a3400000| Untracked 
|  53|0x00000000a3500000, 0x00000000a3600000, 0x00000000a3600000|100%| O|  |TAMS 0x00000000a3600000, 0x00000000a3500000| Complete 
|  54|0x00000000a3600000, 0x00000000a3700000, 0x00000000a3700000|100%| O|  |TAMS 0x00000000a3700000, 0x00000000a3600000| Untracked 
|  55|0x00000000a3700000, 0x00000000a3800000, 0x00000000a3800000|100%| O|  |TAMS 0x00000000a3800000, 0x00000000a3700000| Complete 
|  56|0x00000000a3800000, 0x00000000a3900000, 0x00000000a3900000|100%| O|  |TAMS 0x00000000a3900000, 0x00000000a3800000| Complete 
|  57|0x00000000a3900000, 0x00000000a3a00000, 0x00000000a3a00000|100%| O|  |TAMS 0x00000000a3a00000, 0x00000000a3900000| Complete 
|  58|0x00000000a3a00000, 0x00000000a3b00000, 0x00000000a3b00000|100%| O|  |TAMS 0x00000000a3b00000, 0x00000000a3a00000| Complete 
|  59|0x00000000a3b00000, 0x00000000a3b00000, 0x00000000a3c00000|  0%| F|  |TAMS 0x00000000a3b00000, 0x00000000a3b00000| Untracked 
|  60|0x00000000a3c00000, 0x00000000a3d00000, 0x00000000a3d00000|100%| O|  |TAMS 0x00000000a3d00000, 0x00000000a3c00000| Untracked 
|  61|0x00000000a3d00000, 0x00000000a3d00000, 0x00000000a3e00000|  0%| F|  |TAMS 0x00000000a3d00000, 0x00000000a3d00000| Untracked 
|  62|0x00000000a3e00000, 0x00000000a3f00000, 0x00000000a3f00000|100%| O|  |TAMS 0x00000000a3f00000, 0x00000000a3e00000| Complete 
|  63|0x00000000a3f00000, 0x00000000a3f00000, 0x00000000a4000000|  0%| F|  |TAMS 0x00000000a3f00000, 0x00000000a3f00000| Untracked 
|  64|0x00000000a4000000, 0x00000000a4100000, 0x00000000a4100000|100%| O|  |TAMS 0x00000000a4100000, 0x00000000a4000000| Untracked 
|  65|0x00000000a4100000, 0x00000000a4200000, 0x00000000a4200000|100%| O|  |TAMS 0x00000000a4200000, 0x00000000a4100000| Untracked 
|  66|0x00000000a4200000, 0x00000000a4300000, 0x00000000a4300000|100%| O|  |TAMS 0x00000000a4300000, 0x00000000a4200000| Complete 
|  67|0x00000000a4300000, 0x00000000a4400000, 0x00000000a4400000|100%| O|  |TAMS 0x00000000a4400000, 0x00000000a4300000| Complete 
|  68|0x00000000a4400000, 0x00000000a4500000, 0x00000000a4500000|100%| O|  |TAMS 0x00000000a4500000, 0x00000000a4400000| Complete 
|  69|0x00000000a4500000, 0x00000000a4600000, 0x00000000a4600000|100%| O|  |TAMS 0x00000000a4600000, 0x00000000a4500000| Untracked 
|  70|0x00000000a4600000, 0x00000000a4700000, 0x00000000a4700000|100%| O|  |TAMS 0x00000000a4700000, 0x00000000a4600000| Complete 
|  71|0x00000000a4700000, 0x00000000a4800000, 0x00000000a4800000|100%| O|  |TAMS 0x00000000a4800000, 0x00000000a4700000| Untracked 
|  72|0x00000000a4800000, 0x00000000a4900000, 0x00000000a4900000|100%| O|  |TAMS 0x00000000a4900000, 0x00000000a4800000| Untracked 
|  73|0x00000000a4900000, 0x00000000a4a00000, 0x00000000a4a00000|100%| O|  |TAMS 0x00000000a4a00000, 0x00000000a4900000| Untracked 
|  74|0x00000000a4a00000, 0x00000000a4b00000, 0x00000000a4b00000|100%| O|  |TAMS 0x00000000a4b00000, 0x00000000a4a00000| Untracked 
|  75|0x00000000a4b00000, 0x00000000a4c00000, 0x00000000a4c00000|100%| O|  |TAMS 0x00000000a4c00000, 0x00000000a4b00000| Complete 
|  76|0x00000000a4c00000, 0x00000000a4d00000, 0x00000000a4d00000|100%| O|  |TAMS 0x00000000a4d00000, 0x00000000a4c00000| Complete 
|  77|0x00000000a4d00000, 0x00000000a4d00000, 0x00000000a4e00000|  0%| F|  |TAMS 0x00000000a4d00000, 0x00000000a4d00000| Untracked 
|  78|0x00000000a4e00000, 0x00000000a4e00000, 0x00000000a4f00000|  0%| F|  |TAMS 0x00000000a4e00000, 0x00000000a4e00000| Untracked 
|  79|0x00000000a4f00000, 0x00000000a5000000, 0x00000000a5000000|100%| O|  |TAMS 0x00000000a5000000, 0x00000000a4f00000| Complete 
|  80|0x00000000a5000000, 0x00000000a5100000, 0x00000000a5100000|100%| O|  |TAMS 0x00000000a5100000, 0x00000000a5000000| Complete 
|  81|0x00000000a5100000, 0x00000000a5200000, 0x00000000a5200000|100%| O|  |TAMS 0x00000000a5200000, 0x00000000a5100000| Untracked 
|  82|0x00000000a5200000, 0x00000000a5300000, 0x00000000a5300000|100%| O|  |TAMS 0x00000000a5300000, 0x00000000a5200000| Complete 
|  83|0x00000000a5300000, 0x00000000a5300000, 0x00000000a5400000|  0%| F|  |TAMS 0x00000000a5300000, 0x00000000a5300000| Untracked 
|  84|0x00000000a5400000, 0x00000000a5500000, 0x00000000a5500000|100%| O|  |TAMS 0x00000000a5500000, 0x00000000a5400000| Complete 
|  85|0x00000000a5500000, 0x00000000a5600000, 0x00000000a5600000|100%| O|  |TAMS 0x00000000a5600000, 0x00000000a5500000| Untracked 
|  86|0x00000000a5600000, 0x00000000a5700000, 0x00000000a5700000|100%| O|  |TAMS 0x00000000a5700000, 0x00000000a5600000| Untracked 
|  87|0x00000000a5700000, 0x00000000a5800000, 0x00000000a5800000|100%| O|  |TAMS 0x00000000a5800000, 0x00000000a5700000| Complete 
|  88|0x00000000a5800000, 0x00000000a5900000, 0x00000000a5900000|100%| O|  |TAMS 0x00000000a5900000, 0x00000000a5800000| Untracked 
|  89|0x00000000a5900000, 0x00000000a5a00000, 0x00000000a5a00000|100%| O|  |TAMS 0x00000000a5a00000, 0x00000000a5900000| Untracked 
|  90|0x00000000a5a00000, 0x00000000a5a00000, 0x00000000a5b00000|  0%| F|  |TAMS 0x00000000a5a00000, 0x00000000a5a00000| Untracked 
|  91|0x00000000a5b00000, 0x00000000a5b00000, 0x00000000a5c00000|  0%| F|  |TAMS 0x00000000a5b00000, 0x00000000a5b00000| Untracked 
|  92|0x00000000a5c00000, 0x00000000a5c00000, 0x00000000a5d00000|  0%| F|  |TAMS 0x00000000a5c00000, 0x00000000a5c00000| Untracked 
|  93|0x00000000a5d00000, 0x00000000a5d00000, 0x00000000a5e00000|  0%| F|  |TAMS 0x00000000a5d00000, 0x00000000a5d00000| Untracked 
|  94|0x00000000a5e00000, 0x00000000a5e00000, 0x00000000a5f00000|  0%| F|  |TAMS 0x00000000a5e00000, 0x00000000a5e00000| Untracked 
|  95|0x00000000a5f00000, 0x00000000a5f00000, 0x00000000a6000000|  0%| F|  |TAMS 0x00000000a5f00000, 0x00000000a5f00000| Untracked 
|  96|0x00000000a6000000, 0x00000000a6000000, 0x00000000a6100000|  0%| F|  |TAMS 0x00000000a6000000, 0x00000000a6000000| Untracked 
|  97|0x00000000a6100000, 0x00000000a6100000, 0x00000000a6200000|  0%| F|  |TAMS 0x00000000a6100000, 0x00000000a6100000| Untracked 
|  98|0x00000000a6200000, 0x00000000a6200000, 0x00000000a6300000|  0%| F|  |TAMS 0x00000000a6200000, 0x00000000a6200000| Untracked 
|  99|0x00000000a6300000, 0x00000000a6300000, 0x00000000a6400000|  0%| F|  |TAMS 0x00000000a6300000, 0x00000000a6300000| Untracked 
| 100|0x00000000a6400000, 0x00000000a6400000, 0x00000000a6500000|  0%| F|  |TAMS 0x00000000a6400000, 0x00000000a6400000| Untracked 
| 101|0x00000000a6500000, 0x00000000a6600000, 0x00000000a6600000|100%| O|  |TAMS 0x00000000a6600000, 0x00000000a6500000| Untracked 
| 102|0x00000000a6600000, 0x00000000a6700000, 0x00000000a6700000|100%| O|  |TAMS 0x00000000a6700000, 0x00000000a6600000| Untracked 
| 103|0x00000000a6700000, 0x00000000a6800000, 0x00000000a6800000|100%| O|  |TAMS 0x00000000a6800000, 0x00000000a6700000| Complete 
| 104|0x00000000a6800000, 0x00000000a6800000, 0x00000000a6900000|  0%| F|  |TAMS 0x00000000a6800000, 0x00000000a6800000| Untracked 
| 105|0x00000000a6900000, 0x00000000a6900000, 0x00000000a6a00000|  0%| F|  |TAMS 0x00000000a6900000, 0x00000000a6900000| Untracked 
| 106|0x00000000a6a00000, 0x00000000a6a00000, 0x00000000a6b00000|  0%| F|  |TAMS 0x00000000a6a00000, 0x00000000a6a00000| Untracked 
| 107|0x00000000a6b00000, 0x00000000a6b00000, 0x00000000a6c00000|  0%| F|  |TAMS 0x00000000a6b00000, 0x00000000a6b00000| Untracked 
| 108|0x00000000a6c00000, 0x00000000a6c00000, 0x00000000a6d00000|  0%| F|  |TAMS 0x00000000a6c00000, 0x00000000a6c00000| Untracked 
| 109|0x00000000a6d00000, 0x00000000a6d00000, 0x00000000a6e00000|  0%| F|  |TAMS 0x00000000a6d00000, 0x00000000a6d00000| Untracked 
| 110|0x00000000a6e00000, 0x00000000a6e00000, 0x00000000a6f00000|  0%| F|  |TAMS 0x00000000a6e00000, 0x00000000a6e00000| Untracked 
| 111|0x00000000a6f00000, 0x00000000a6f00000, 0x00000000a7000000|  0%| F|  |TAMS 0x00000000a6f00000, 0x00000000a6f00000| Untracked 
| 112|0x00000000a7000000, 0x00000000a7000000, 0x00000000a7100000|  0%| F|  |TAMS 0x00000000a7000000, 0x00000000a7000000| Untracked 
| 113|0x00000000a7100000, 0x00000000a7100000, 0x00000000a7200000|  0%| F|  |TAMS 0x00000000a7100000, 0x00000000a7100000| Untracked 
| 114|0x00000000a7200000, 0x00000000a7200000, 0x00000000a7300000|  0%| F|  |TAMS 0x00000000a7200000, 0x00000000a7200000| Untracked 
| 115|0x00000000a7300000, 0x00000000a7300000, 0x00000000a7400000|  0%| F|  |TAMS 0x00000000a7300000, 0x00000000a7300000| Untracked 
| 116|0x00000000a7400000, 0x00000000a7400000, 0x00000000a7500000|  0%| F|  |TAMS 0x00000000a7400000, 0x00000000a7400000| Untracked 
| 117|0x00000000a7500000, 0x00000000a7500000, 0x00000000a7600000|  0%| F|  |TAMS 0x00000000a7500000, 0x00000000a7500000| Untracked 
| 118|0x00000000a7600000, 0x00000000a7600000, 0x00000000a7700000|  0%| F|  |TAMS 0x00000000a7600000, 0x00000000a7600000| Untracked 
| 119|0x00000000a7700000, 0x00000000a7700000, 0x00000000a7800000|  0%| F|  |TAMS 0x00000000a7700000, 0x00000000a7700000| Untracked 
| 120|0x00000000a7800000, 0x00000000a7800000, 0x00000000a7900000|  0%| F|  |TAMS 0x00000000a7800000, 0x00000000a7800000| Untracked 
| 121|0x00000000a7900000, 0x00000000a7900000, 0x00000000a7a00000|  0%| F|  |TAMS 0x00000000a7900000, 0x00000000a7900000| Untracked 
| 122|0x00000000a7a00000, 0x00000000a7aafe88, 0x00000000a7b00000| 68%| S|CS|TAMS 0x00000000a7a00000, 0x00000000a7a00000| Complete 
| 123|0x00000000a7b00000, 0x00000000a7c00000, 0x00000000a7c00000|100%| S|CS|TAMS 0x00000000a7b00000, 0x00000000a7b00000| Complete 
| 124|0x00000000a7c00000, 0x00000000a7c00000, 0x00000000a7d00000|  0%| F|  |TAMS 0x00000000a7c00000, 0x00000000a7c00000| Untracked 
| 125|0x00000000a7d00000, 0x00000000a7d00000, 0x00000000a7e00000|  0%| F|  |TAMS 0x00000000a7d00000, 0x00000000a7d00000| Untracked 
| 126|0x00000000a7e00000, 0x00000000a7e00000, 0x00000000a7f00000|  0%| F|  |TAMS 0x00000000a7e00000, 0x00000000a7e00000| Untracked 
| 127|0x00000000a7f00000, 0x00000000a7f00000, 0x00000000a8000000|  0%| F|  |TAMS 0x00000000a7f00000, 0x00000000a7f00000| Untracked 
| 128|0x00000000a8000000, 0x00000000a8000000, 0x00000000a8100000|  0%| F|  |TAMS 0x00000000a8000000, 0x00000000a8000000| Untracked 
| 129|0x00000000a8100000, 0x00000000a8100000, 0x00000000a8200000|  0%| F|  |TAMS 0x00000000a8100000, 0x00000000a8100000| Untracked 
| 130|0x00000000a8200000, 0x00000000a8200000, 0x00000000a8300000|  0%| F|  |TAMS 0x00000000a8200000, 0x00000000a8200000| Untracked 
| 131|0x00000000a8300000, 0x00000000a8300000, 0x00000000a8400000|  0%| F|  |TAMS 0x00000000a8300000, 0x00000000a8300000| Untracked 
| 132|0x00000000a8400000, 0x00000000a8400000, 0x00000000a8500000|  0%| F|  |TAMS 0x00000000a8400000, 0x00000000a8400000| Untracked 
| 133|0x00000000a8500000, 0x00000000a8500000, 0x00000000a8600000|  0%| F|  |TAMS 0x00000000a8500000, 0x00000000a8500000| Untracked 
| 134|0x00000000a8600000, 0x00000000a8600000, 0x00000000a8700000|  0%| F|  |TAMS 0x00000000a8600000, 0x00000000a8600000| Untracked 
| 135|0x00000000a8700000, 0x00000000a8700000, 0x00000000a8800000|  0%| F|  |TAMS 0x00000000a8700000, 0x00000000a8700000| Untracked 
| 136|0x00000000a8800000, 0x00000000a8800000, 0x00000000a8900000|  0%| F|  |TAMS 0x00000000a8800000, 0x00000000a8800000| Untracked 
| 137|0x00000000a8900000, 0x00000000a8900000, 0x00000000a8a00000|  0%| F|  |TAMS 0x00000000a8900000, 0x00000000a8900000| Untracked 
| 138|0x00000000a8a00000, 0x00000000a8a00000, 0x00000000a8b00000|  0%| F|  |TAMS 0x00000000a8a00000, 0x00000000a8a00000| Untracked 
| 139|0x00000000a8b00000, 0x00000000a8c00000, 0x00000000a8c00000|100%| E|  |TAMS 0x00000000a8b00000, 0x00000000a8b00000| Complete 
| 140|0x00000000a8c00000, 0x00000000a8d00000, 0x00000000a8d00000|100%| E|CS|TAMS 0x00000000a8c00000, 0x00000000a8c00000| Complete 
| 141|0x00000000a8d00000, 0x00000000a8e00000, 0x00000000a8e00000|100%| E|  |TAMS 0x00000000a8d00000, 0x00000000a8d00000| Complete 
| 142|0x00000000a8e00000, 0x00000000a8f00000, 0x00000000a8f00000|100%| E|CS|TAMS 0x00000000a8e00000, 0x00000000a8e00000| Complete 
| 143|0x00000000a8f00000, 0x00000000a9000000, 0x00000000a9000000|100%| E|CS|TAMS 0x00000000a8f00000, 0x00000000a8f00000| Complete 
| 144|0x00000000a9000000, 0x00000000a9100000, 0x00000000a9100000|100%| E|CS|TAMS 0x00000000a9000000, 0x00000000a9000000| Complete 
| 145|0x00000000a9100000, 0x00000000a9200000, 0x00000000a9200000|100%| E|CS|TAMS 0x00000000a9100000, 0x00000000a9100000| Complete 
| 146|0x00000000a9200000, 0x00000000a9300000, 0x00000000a9300000|100%| E|CS|TAMS 0x00000000a9200000, 0x00000000a9200000| Complete 
| 147|0x00000000a9300000, 0x00000000a9400000, 0x00000000a9400000|100%| E|CS|TAMS 0x00000000a9300000, 0x00000000a9300000| Complete 
| 148|0x00000000a9400000, 0x00000000a9500000, 0x00000000a9500000|100%| E|CS|TAMS 0x00000000a9400000, 0x00000000a9400000| Complete 
| 149|0x00000000a9500000, 0x00000000a9600000, 0x00000000a9600000|100%| E|CS|TAMS 0x00000000a9500000, 0x00000000a9500000| Complete 
| 150|0x00000000a9600000, 0x00000000a9700000, 0x00000000a9700000|100%| E|CS|TAMS 0x00000000a9600000, 0x00000000a9600000| Complete 
| 151|0x00000000a9700000, 0x00000000a9800000, 0x00000000a9800000|100%| E|CS|TAMS 0x00000000a9700000, 0x00000000a9700000| Complete 
| 152|0x00000000a9800000, 0x00000000a9900000, 0x00000000a9900000|100%| E|CS|TAMS 0x00000000a9800000, 0x00000000a9800000| Complete 
| 153|0x00000000a9900000, 0x00000000a9a00000, 0x00000000a9a00000|100%| E|CS|TAMS 0x00000000a9900000, 0x00000000a9900000| Complete 
| 154|0x00000000a9a00000, 0x00000000a9b00000, 0x00000000a9b00000|100%| E|CS|TAMS 0x00000000a9a00000, 0x00000000a9a00000| Complete 
| 155|0x00000000a9b00000, 0x00000000a9c00000, 0x00000000a9c00000|100%| E|CS|TAMS 0x00000000a9b00000, 0x00000000a9b00000| Complete 
| 156|0x00000000a9c00000, 0x00000000a9d00000, 0x00000000a9d00000|100%| E|CS|TAMS 0x00000000a9c00000, 0x00000000a9c00000| Complete 
| 157|0x00000000a9d00000, 0x00000000a9e00000, 0x00000000a9e00000|100%| E|CS|TAMS 0x00000000a9d00000, 0x00000000a9d00000| Complete 
| 158|0x00000000a9e00000, 0x00000000a9f00000, 0x00000000a9f00000|100%| E|CS|TAMS 0x00000000a9e00000, 0x00000000a9e00000| Complete 
| 159|0x00000000a9f00000, 0x00000000aa000000, 0x00000000aa000000|100%| E|CS|TAMS 0x00000000a9f00000, 0x00000000a9f00000| Complete 
| 160|0x00000000aa000000, 0x00000000aa100000, 0x00000000aa100000|100%| E|CS|TAMS 0x00000000aa000000, 0x00000000aa000000| Complete 
| 161|0x00000000aa100000, 0x00000000aa200000, 0x00000000aa200000|100%| E|CS|TAMS 0x00000000aa100000, 0x00000000aa100000| Complete 
| 162|0x00000000aa200000, 0x00000000aa300000, 0x00000000aa300000|100%| E|CS|TAMS 0x00000000aa200000, 0x00000000aa200000| Complete 
| 163|0x00000000aa300000, 0x00000000aa400000, 0x00000000aa400000|100%| E|CS|TAMS 0x00000000aa300000, 0x00000000aa300000| Complete 
| 164|0x00000000aa400000, 0x00000000aa500000, 0x00000000aa500000|100%| E|CS|TAMS 0x00000000aa400000, 0x00000000aa400000| Complete 
| 165|0x00000000aa500000, 0x00000000aa600000, 0x00000000aa600000|100%| E|CS|TAMS 0x00000000aa500000, 0x00000000aa500000| Complete 
| 166|0x00000000aa600000, 0x00000000aa700000, 0x00000000aa700000|100%| E|CS|TAMS 0x00000000aa600000, 0x00000000aa600000| Complete 
| 167|0x00000000aa700000, 0x00000000aa800000, 0x00000000aa800000|100%| E|CS|TAMS 0x00000000aa700000, 0x00000000aa700000| Complete 
| 168|0x00000000aa800000, 0x00000000aa900000, 0x00000000aa900000|100%| E|CS|TAMS 0x00000000aa800000, 0x00000000aa800000| Complete 
| 169|0x00000000aa900000, 0x00000000aaa00000, 0x00000000aaa00000|100%| E|CS|TAMS 0x00000000aa900000, 0x00000000aa900000| Complete 
| 170|0x00000000aaa00000, 0x00000000aab00000, 0x00000000aab00000|100%| E|CS|TAMS 0x00000000aaa00000, 0x00000000aaa00000| Complete 
| 171|0x00000000aab00000, 0x00000000aac00000, 0x00000000aac00000|100%| E|CS|TAMS 0x00000000aab00000, 0x00000000aab00000| Complete 
| 172|0x00000000aac00000, 0x00000000aad00000, 0x00000000aad00000|100%| E|CS|TAMS 0x00000000aac00000, 0x00000000aac00000| Complete 
| 173|0x00000000aad00000, 0x00000000aae00000, 0x00000000aae00000|100%| E|CS|TAMS 0x00000000aad00000, 0x00000000aad00000| Complete 
| 174|0x00000000aae00000, 0x00000000aaf00000, 0x00000000aaf00000|100%| E|CS|TAMS 0x00000000aae00000, 0x00000000aae00000| Complete 
| 175|0x00000000aaf00000, 0x00000000ab000000, 0x00000000ab000000|100%| E|CS|TAMS 0x00000000aaf00000, 0x00000000aaf00000| Complete 
| 176|0x00000000ab000000, 0x00000000ab100000, 0x00000000ab100000|100%| E|CS|TAMS 0x00000000ab000000, 0x00000000ab000000| Complete 
| 177|0x00000000ab100000, 0x00000000ab200000, 0x00000000ab200000|100%| E|CS|TAMS 0x00000000ab100000, 0x00000000ab100000| Complete 
| 178|0x00000000ab200000, 0x00000000ab300000, 0x00000000ab300000|100%| E|CS|TAMS 0x00000000ab200000, 0x00000000ab200000| Complete 
| 179|0x00000000ab300000, 0x00000000ab400000, 0x00000000ab400000|100%| E|CS|TAMS 0x00000000ab300000, 0x00000000ab300000| Complete 
| 180|0x00000000ab400000, 0x00000000ab500000, 0x00000000ab500000|100%| E|CS|TAMS 0x00000000ab400000, 0x00000000ab400000| Complete 
| 181|0x00000000ab500000, 0x00000000ab600000, 0x00000000ab600000|100%| E|CS|TAMS 0x00000000ab500000, 0x00000000ab500000| Complete 
| 182|0x00000000ab600000, 0x00000000ab700000, 0x00000000ab700000|100%| E|CS|TAMS 0x00000000ab600000, 0x00000000ab600000| Complete 
| 183|0x00000000ab700000, 0x00000000ab800000, 0x00000000ab800000|100%| E|CS|TAMS 0x00000000ab700000, 0x00000000ab700000| Complete 
| 184|0x00000000ab800000, 0x00000000ab900000, 0x00000000ab900000|100%| E|CS|TAMS 0x00000000ab800000, 0x00000000ab800000| Complete 

Card table byte_map: [0x0000027394770000,0x0000027394a70000] _byte_map_base: 0x0000027394270000

Marking Bits (Prev, Next): (CMBitMap*) 0x00000273ffcc0068, (CMBitMap*) 0x00000273ffcc00a0
 Prev Bits: [0x0000027394d70000, 0x0000027396570000)
 Next Bits: [0x0000027396570000, 0x0000027397d70000)

Polling page: 0x0000027381410000

Metaspace:

Usage:
  Non-class:     84.16 MB capacity,    82.77 MB ( 98%) used,     1.20 MB (  1%) free+waste,   191.31 KB ( <1%) overhead. 
      Class:     11.99 MB capacity,    11.40 MB ( 95%) used,   514.42 KB (  4%) free+waste,    80.44 KB ( <1%) overhead. 
       Both:     96.14 MB capacity,    94.17 MB ( 98%) used,     1.71 MB (  2%) free+waste,   271.75 KB ( <1%) overhead. 

Virtual space:
  Non-class space:       86.00 MB reserved,      84.70 MB ( 98%) committed 
      Class space:        1.00 GB reserved,      12.25 MB (  1%) committed 
             Both:        1.08 GB reserved,      96.95 MB (  9%) committed 

Chunk freelists:
   Non-Class:  428.00 KB
       Class:  207.00 KB
        Both:  635.00 KB

MaxMetaspaceSize: 17179869184.00 GB
CompressedClassSpaceSize: 1.00 GB

CodeHeap 'non-profiled nmethods': size=120064Kb used=11431Kb max_used=11657Kb free=108632Kb
 bounds [0x000002738c900000, 0x000002738d480000, 0x0000027393e40000]
CodeHeap 'profiled nmethods': size=120000Kb used=31839Kb max_used=33022Kb free=88160Kb
 bounds [0x00000273853d0000, 0x0000027387420000, 0x000002738c900000]
CodeHeap 'non-nmethods': size=5696Kb used=2305Kb max_used=2371Kb free=3391Kb
 bounds [0x0000027384e40000, 0x00000273850b0000, 0x00000273853d0000]
 total_blobs=14712 nmethods=13801 adapters=822
 compilation: enabled
              stopped_count=0, restarted_count=0
 full_count=0

Compilation events (20 events):
Event: 2313.685 Thread 0x000002739a3bd000 14776       3       org.gradle.internal.hash.HashingOutputStream::hash (10 bytes)
Event: 2313.685 Thread 0x000002739a3bd000 nmethod 14776 0x00000273854da990 code [0x00000273854dab80, 0x00000273854db0a8]
Event: 2313.693 Thread 0x000002739a3bd000 14777       3       org.gradle.internal.hash.HashingOutputStream::<init> (28 bytes)
Event: 2313.694 Thread 0x000002739a3bd000 nmethod 14777 0x00000273854f4810 code [0x00000273854f4a80, 0x00000273854f5678]
Event: 2313.695 Thread 0x000002739a3bd000 14778       3       org.gradle.internal.fingerprint.impl.AbstractFileSystemLocationFingerprint::compareTo (9 bytes)
Event: 2313.695 Thread 0x000002739a3bd000 nmethod 14778 0x00000273854e8510 code [0x00000273854e8720, 0x00000273854e8d28]
Event: 2313.695 Thread 0x000002739a3bd000 14779       3       org.gradle.internal.fingerprint.impl.AbstractFileSystemLocationFingerprint::compareTo (34 bytes)
Event: 2313.696 Thread 0x000002739a3bd000 nmethod 14779 0x00000273854f3f90 code [0x00000273854f41a0, 0x00000273854f4648]
Event: 2313.696 Thread 0x000002739a3bd000 14780       3       org.gradle.internal.fingerprint.impl.AbstractFileSystemLocationFingerprint::appendToHasher (21 bytes)
Event: 2313.697 Thread 0x000002739a3bd000 nmethod 14780 0x00000273854fb590 code [0x00000273854fb8c0, 0x00000273854fcbd8]
Event: 2313.704 Thread 0x000002739a3bd000 14781       3       org.gradle.execution.plan.Node::isExecuted (16 bytes)
Event: 2313.704 Thread 0x000002739a3bd000 nmethod 14781 0x00000273854bd910 code [0x00000273854bdac0, 0x00000273854bdc38]
Event: 2313.704 Thread 0x000002739a3bd000 14782       3       org.gradle.api.internal.artifacts.transform.PrecomputedTransformationResult::<init> (10 bytes)
Event: 2313.704 Thread 0x000002739a3bd000 nmethod 14782 0x00000273854d1510 code [0x00000273854d16c0, 0x00000273854d1878]
Event: 2313.746 Thread 0x000002739a3bb800 nmethod 14688 0x000002738d46b490 code [0x000002738d46ba00, 0x000002738d471070]
Event: 2313.746 Thread 0x000002739a3bb800 14755       4       org.gradle.internal.component.model.ComponentAttributeMatcher$CachedQuery::of (79 bytes)
Event: 2313.758 Thread 0x000002739a3bd000 14783       3       jdk.internal.reflect.ReflectionFactory::superHasAccessibleConstructor (165 bytes)
Event: 2313.759 Thread 0x000002739a3bd000 nmethod 14783 0x00000273854f2f90 code [0x00000273854f3240, 0x00000273854f3b78]
Event: 2313.759 Thread 0x000002739a3bd000 14784       3       jdk.internal.reflect.ReflectionFactory::packageEquals (66 bytes)
Event: 2313.761 Thread 0x000002739a3bd000 nmethod 14784 0x0000027385501290 code [0x00000273855015a0, 0x0000027385502968]

GC Heap History (20 events):
Event: 2309.500 GC heap before
{Heap before GC invocations=82 (full 0):
 garbage-first heap   total 157696K, used 95943K [0x00000000a0000000, 0x0000000100000000)
  region size 1024K, 7 young (7168K), 3 survivors (3072K)
 Metaspace       used 95362K, capacity 97333K, committed 98380K, reserved 1134592K
  class space    used 11548K, capacity 12167K, committed 12416K, reserved 1048576K
}
Event: 2309.509 GC heap after
{Heap after GC invocations=83 (full 0):
 garbage-first heap   total 157696K, used 90029K [0x00000000a0000000, 0x0000000100000000)
  region size 1024K, 1 young (1024K), 1 survivors (1024K)
 Metaspace       used 95362K, capacity 97333K, committed 98380K, reserved 1134592K
  class space    used 11548K, capacity 12167K, committed 12416K, reserved 1048576K
}
Event: 2309.616 GC heap before
{Heap before GC invocations=83 (full 0):
 garbage-first heap   total 157696K, used 129965K [0x00000000a0000000, 0x0000000100000000)
  region size 1024K, 41 young (41984K), 1 survivors (1024K)
 Metaspace       used 95370K, capacity 97333K, committed 98380K, reserved 1134592K
  class space    used 11548K, capacity 12167K, committed 12416K, reserved 1048576K
}
Event: 2309.620 GC heap after
{Heap after GC invocations=84 (full 0):
 garbage-first heap   total 157696K, used 91788K [0x00000000a0000000, 0x0000000100000000)
  region size 1024K, 3 young (3072K), 3 survivors (3072K)
 Metaspace       used 95370K, capacity 97333K, committed 98380K, reserved 1134592K
  class space    used 11548K, capacity 12167K, committed 12416K, reserved 1048576K
}
Event: 2309.775 GC heap before
{Heap before GC invocations=84 (full 0):
 garbage-first heap   total 157696K, used 131724K [0x00000000a0000000, 0x0000000100000000)
  region size 1024K, 42 young (43008K), 3 survivors (3072K)
 Metaspace       used 95372K, capacity 97333K, committed 98380K, reserved 1134592K
  class space    used 11548K, capacity 12167K, committed 12416K, reserved 1048576K
}
Event: 2309.778 GC heap after
{Heap after GC invocations=85 (full 0):
 garbage-first heap   total 157696K, used 92101K [0x00000000a0000000, 0x0000000100000000)
  region size 1024K, 3 young (3072K), 3 survivors (3072K)
 Metaspace       used 95372K, capacity 97333K, committed 98380K, reserved 1134592K
  class space    used 11548K, capacity 12167K, committed 12416K, reserved 1048576K
}
Event: 2310.083 GC heap before
{Heap before GC invocations=86 (full 0):
 garbage-first heap   total 157696K, used 133061K [0x00000000a0000000, 0x0000000100000000)
  region size 1024K, 43 young (44032K), 3 survivors (3072K)
 Metaspace       used 95372K, capacity 97333K, committed 98380K, reserved 1134592K
  class space    used 11548K, capacity 12167K, committed 12416K, reserved 1048576K
}
Event: 2310.089 GC heap after
{Heap after GC invocations=87 (full 0):
 garbage-first heap   total 189440K, used 91345K [0x00000000a0000000, 0x0000000100000000)
  region size 1024K, 2 young (2048K), 2 survivors (2048K)
 Metaspace       used 95372K, capacity 97333K, committed 98380K, reserved 1134592K
  class space    used 11548K, capacity 12167K, committed 12416K, reserved 1048576K
}
Event: 2310.123 GC heap before
{Heap before GC invocations=87 (full 0):
 garbage-first heap   total 189440K, used 98513K [0x00000000a0000000, 0x0000000100000000)
  region size 1024K, 9 young (9216K), 2 survivors (2048K)
 Metaspace       used 95376K, capacity 97339K, committed 98380K, reserved 1134592K
  class space    used 11549K, capacity 12168K, committed 12416K, reserved 1048576K
}
Event: 2310.126 GC heap after
{Heap after GC invocations=88 (full 0):
 garbage-first heap   total 189440K, used 89284K [0x00000000a0000000, 0x0000000100000000)
  region size 1024K, 1 young (1024K), 1 survivors (1024K)
 Metaspace       used 95376K, capacity 97339K, committed 98380K, reserved 1134592K
  class space    used 11549K, capacity 12168K, committed 12416K, reserved 1048576K
}
Event: 2310.282 GC heap before
{Heap before GC invocations=88 (full 0):
 garbage-first heap   total 189440K, used 147652K [0x00000000a0000000, 0x0000000100000000)
  region size 1024K, 59 young (60416K), 1 survivors (1024K)
 Metaspace       used 95387K, capacity 97339K, committed 98380K, reserved 1134592K
  class space    used 11549K, capacity 12168K, committed 12416K, reserved 1048576K
}
Event: 2310.284 GC heap after
{Heap after GC invocations=89 (full 0):
 garbage-first heap   total 189440K, used 92228K [0x00000000a0000000, 0x0000000100000000)
  region size 1024K, 4 young (4096K), 4 survivors (4096K)
 Metaspace       used 95387K, capacity 97339K, committed 98380K, reserved 1134592K
  class space    used 11549K, capacity 12168K, committed 12416K, reserved 1048576K
}
Event: 2310.501 GC heap before
{Heap before GC invocations=89 (full 0):
 garbage-first heap   total 189440K, used 150596K [0x00000000a0000000, 0x0000000100000000)
  region size 1024K, 61 young (62464K), 4 survivors (4096K)
 Metaspace       used 95392K, capacity 97340K, committed 98380K, reserved 1134592K
  class space    used 11549K, capacity 12168K, committed 12416K, reserved 1048576K
}
Event: 2310.504 GC heap after
{Heap after GC invocations=90 (full 0):
 garbage-first heap   total 189440K, used 93010K [0x00000000a0000000, 0x0000000100000000)
  region size 1024K, 5 young (5120K), 5 survivors (5120K)
 Metaspace       used 95392K, capacity 97340K, committed 98380K, reserved 1134592K
  class space    used 11549K, capacity 12168K, committed 12416K, reserved 1048576K
}
Event: 2310.657 GC heap before
{Heap before GC invocations=91 (full 0):
 garbage-first heap   total 189440K, used 152402K [0x00000000a0000000, 0x0000000100000000)
  region size 1024K, 63 young (64512K), 5 survivors (5120K)
 Metaspace       used 95393K, capacity 97340K, committed 98380K, reserved 1134592K
  class space    used 11549K, capacity 12168K, committed 12416K, reserved 1048576K
}
Event: 2310.660 GC heap after
{Heap after GC invocations=92 (full 0):
 garbage-first heap   total 189440K, used 93937K [0x00000000a0000000, 0x0000000100000000)
  region size 1024K, 5 young (5120K), 5 survivors (5120K)
 Metaspace       used 95393K, capacity 97340K, committed 98380K, reserved 1134592K
  class space    used 11549K, capacity 12168K, committed 12416K, reserved 1048576K
}
Event: 2310.669 GC heap before
{Heap before GC invocations=92 (full 0):
 garbage-first heap   total 189440K, used 98033K [0x00000000a0000000, 0x0000000100000000)
  region size 1024K, 9 young (9216K), 5 survivors (5120K)
 Metaspace       used 95393K, capacity 97340K, committed 98380K, reserved 1134592K
  class space    used 11549K, capacity 12168K, committed 12416K, reserved 1048576K
}
Event: 2310.674 GC heap after
{Heap after GC invocations=93 (full 0):
 garbage-first heap   total 189440K, used 90461K [0x00000000a0000000, 0x0000000100000000)
  region size 1024K, 1 young (1024K), 1 survivors (1024K)
 Metaspace       used 95393K, capacity 97340K, committed 98380K, reserved 1134592K
  class space    used 11549K, capacity 12168K, committed 12416K, reserved 1048576K
}
Event: 2312.517 GC heap before
{Heap before GC invocations=93 (full 0):
 garbage-first heap   total 189440K, used 150877K [0x00000000a0000000, 0x0000000100000000)
  region size 1024K, 61 young (62464K), 1 survivors (1024K)
 Metaspace       used 95495K, capacity 97489K, committed 98380K, reserved 1134592K
  class space    used 11553K, capacity 12171K, committed 12416K, reserved 1048576K
}
Event: 2312.522 GC heap after
{Heap after GC invocations=94 (full 0):
 garbage-first heap   total 189440K, used 91550K [0x00000000a0000000, 0x0000000100000000)
  region size 1024K, 2 young (2048K), 2 survivors (2048K)
 Metaspace       used 95495K, capacity 97489K, committed 98380K, reserved 1134592K
  class space    used 11553K, capacity 12171K, committed 12416K, reserved 1048576K
}

Deoptimization events (20 events):
Event: 2313.111 Thread 0x00000273a0c60800 Uncommon trap: trap_request=0xffffffde fr.pc=0x000002738d0789d8 relative=0x0000000000000218
Event: 2313.111 Thread 0x00000273a0c60800 Uncommon trap: reason=class_check action=maybe_recompile pc=0x000002738d0789d8 method=com.google.common.collect.NaturalOrdering.compare(Ljava/lang/Object;Ljava/lang/Object;)I @ 2 c2
Event: 2313.111 Thread 0x00000273a0c60800 DEOPT PACKING pc=0x000002738d0789d8 sp=0x000000fbf3dfafa0
Event: 2313.111 Thread 0x00000273a0c60800 DEOPT UNPACKING pc=0x0000027384e678af sp=0x000000fbf3dfaf30 mode 2
Event: 2313.122 Thread 0x00000273a0c60800 Uncommon trap: trap_request=0xffffff4d fr.pc=0x000002738d3925e8 relative=0x00000000000005a8
Event: 2313.122 Thread 0x00000273a0c60800 Uncommon trap: reason=unstable_if action=reinterpret pc=0x000002738d3925e8 method=java.io.File.getParent()Ljava/lang/String; @ 16 c2
Event: 2313.122 Thread 0x00000273a0c60800 DEOPT PACKING pc=0x000002738d3925e8 sp=0x000000fbf3dfb040
Event: 2313.122 Thread 0x00000273a0c60800 DEOPT UNPACKING pc=0x0000027384e678af sp=0x000000fbf3dfb008 mode 2
Event: 2313.496 Thread 0x000002739da61000 Uncommon trap: trap_request=0xffffff4d fr.pc=0x000002738d3567f4 relative=0x00000000000047f4
Event: 2313.496 Thread 0x000002739da61000 Uncommon trap: reason=unstable_if action=reinterpret pc=0x000002738d3567f4 method=org.gradle.cache.internal.btree.BTreePersistentIndexedCache$DataBlock.useNewValue(Ljava/lang/Object;)Lorg/gradle/cache/internal/btree/BTreePersistentIndexedCache$DataBlockUp
Event: 2313.496 Thread 0x000002739da61000 DEOPT PACKING pc=0x000002738d3567f4 sp=0x000000fbf55fe790
Event: 2313.496 Thread 0x000002739da61000 DEOPT UNPACKING pc=0x0000027384e678af sp=0x000000fbf55fe6e0 mode 2
Event: 2313.576 Thread 0x00000273a0c60800 Uncommon trap: trap_request=0xffffffde fr.pc=0x000002738d325f5c relative=0x000000000000043c
Event: 2313.576 Thread 0x00000273a0c60800 Uncommon trap: reason=class_check action=maybe_recompile pc=0x000002738d325f5c method=org.gradle.internal.snapshot.DirectorySnapshot.accept(Lorg/gradle/internal/snapshot/FileSystemSnapshotVisitor;)V @ 52 c2
Event: 2313.576 Thread 0x00000273a0c60800 DEOPT PACKING pc=0x000002738d325f5c sp=0x000000fbf3dfaae0
Event: 2313.576 Thread 0x00000273a0c60800 DEOPT UNPACKING pc=0x0000027384e678af sp=0x000000fbf3dfaab8 mode 2
Event: 2313.608 Thread 0x00000273a0c60800 Uncommon trap: trap_request=0xffffff4d fr.pc=0x000002738ca62e64 relative=0x0000000000000284
Event: 2313.608 Thread 0x00000273a0c60800 Uncommon trap: reason=unstable_if action=reinterpret pc=0x000002738ca62e64 method=java.util.regex.Matcher.reset()Ljava/util/regex/Matcher; @ 80 c2
Event: 2313.608 Thread 0x00000273a0c60800 DEOPT PACKING pc=0x000002738ca62e64 sp=0x000000fbf3df85d0
Event: 2313.608 Thread 0x00000273a0c60800 DEOPT UNPACKING pc=0x0000027384e678af sp=0x000000fbf3df8560 mode 2

Classes redefined (0 events):
No events

Internal exceptions (20 events):
Event: 2311.725 Thread 0x000002739da68000 Exception <a 'sun/nio/fs/WindowsException'{0x00000000a8f86d00}> (0x00000000a8f86d00) thrown at [./src/hotspot/share/prims/jni.cpp, line 615]
Event: 2311.739 Thread 0x000002739da64000 Exception <a 'sun/nio/fs/WindowsException'{0x00000000a8d766e0}> (0x00000000a8d766e0) thrown at [./src/hotspot/share/prims/jni.cpp, line 615]
Event: 2311.901 Thread 0x000002739da66800 Exception <a 'sun/nio/fs/WindowsException'{0x00000000a8b6c000}> (0x00000000a8b6c000) thrown at [./src/hotspot/share/prims/jni.cpp, line 615]
Event: 2311.953 Thread 0x000002739da68000 Exception <a 'sun/nio/fs/WindowsException'{0x00000000a8c518d0}> (0x00000000a8c518d0) thrown at [./src/hotspot/share/prims/jni.cpp, line 615]
Event: 2311.977 Thread 0x000002739da68000 Exception <a 'sun/nio/fs/WindowsException'{0x00000000a8a6d2f8}> (0x00000000a8a6d2f8) thrown at [./src/hotspot/share/prims/jni.cpp, line 615]
Event: 2312.037 Thread 0x000002739da66800 Exception <a 'sun/nio/fs/WindowsException'{0x00000000a892eb98}> (0x00000000a892eb98) thrown at [./src/hotspot/share/prims/jni.cpp, line 615]
Event: 2312.114 Thread 0x00000273a0c60800 Exception <a 'sun/nio/fs/WindowsException'{0x00000000a898cb50}> (0x00000000a898cb50) thrown at [./src/hotspot/share/prims/jni.cpp, line 615]
Event: 2313.058 Thread 0x00000273a0c5d800 Exception <a 'java/lang/NoSuchMethodError'{0x00000000aac2de00}: <clinit>> (0x00000000aac2de00) thrown at [./src/hotspot/share/prims/jni.cpp, line 1362]
Event: 2313.059 Thread 0x00000273a0c5d800 Exception <a 'java/lang/NoSuchMethodError'{0x00000000aac2fc78}: <clinit>> (0x00000000aac2fc78) thrown at [./src/hotspot/share/prims/jni.cpp, line 1362]
Event: 2313.060 Thread 0x00000273a0c5d800 Exception <a 'java/lang/NoSuchMethodError'{0x00000000aac3c800}: <clinit>> (0x00000000aac3c800) thrown at [./src/hotspot/share/prims/jni.cpp, line 1362]
Event: 2313.062 Thread 0x00000273a0c5d800 Exception <a 'java/lang/NoSuchMethodError'{0x00000000aac5eb30}: <clinit>> (0x00000000aac5eb30) thrown at [./src/hotspot/share/prims/jni.cpp, line 1362]
Event: 2313.063 Thread 0x00000273a0c5d800 Exception <a 'java/lang/NoSuchMethodError'{0x00000000aac68848}: <clinit>> (0x00000000aac68848) thrown at [./src/hotspot/share/prims/jni.cpp, line 1362]
Event: 2313.090 Thread 0x00000273a0c5d800 Exception <a 'java/lang/NoSuchMethodError'{0x00000000aacd0a28}: <clinit>> (0x00000000aacd0a28) thrown at [./src/hotspot/share/prims/jni.cpp, line 1362]
Event: 2313.093 Thread 0x00000273a0c5d800 Exception <a 'java/lang/NoSuchMethodError'{0x00000000aab07608}: <clinit>> (0x00000000aab07608) thrown at [./src/hotspot/share/prims/jni.cpp, line 1362]
Event: 2313.093 Thread 0x00000273a0c5d800 Exception <a 'java/lang/NoSuchMethodError'{0x00000000aab091f0}: <clinit>> (0x00000000aab091f0) thrown at [./src/hotspot/share/prims/jni.cpp, line 1362]
Event: 2313.093 Thread 0x00000273a0c5d800 Exception <a 'java/lang/NoSuchMethodError'{0x00000000aab0ac10}: <clinit>> (0x00000000aab0ac10) thrown at [./src/hotspot/share/prims/jni.cpp, line 1362]
Event: 2313.142 Thread 0x00000273a0c5d800 Exception <a 'java/lang/NoSuchMethodError'{0x00000000aabe4690}: <clinit>> (0x00000000aabe4690) thrown at [./src/hotspot/share/prims/jni.cpp, line 1362]
Event: 2313.756 Thread 0x000002739da66800 Exception <a 'java/lang/NoSuchMethodError'{0x00000000a97eba70}: <clinit>> (0x00000000a97eba70) thrown at [./src/hotspot/share/prims/jni.cpp, line 1362]
Event: 2313.757 Thread 0x000002739da66800 Exception <a 'java/lang/NoSuchMethodError'{0x00000000a97fad30}: <clinit>> (0x00000000a97fad30) thrown at [./src/hotspot/share/prims/jni.cpp, line 1362]
Event: 2313.764 Thread 0x000002739da66800 Exception <a 'java/lang/NoSuchMethodError'{0x00000000a9645cb0}: <clinit>> (0x00000000a9645cb0) thrown at [./src/hotspot/share/prims/jni.cpp, line 1362]

Events (20 events):
Event: 2313.707 loading class com/android/build/gradle/internal/profile/WorkerProfilingRecord
Event: 2313.707 loading class com/android/build/gradle/internal/profile/WorkerProfilingRecord done
Event: 2313.708 loading class com/android/build/gradle/internal/tasks/Workers$ActionFacade
Event: 2313.708 loading class com/android/build/gradle/internal/tasks/Workers$ActionFacade done
Event: 2313.709 loading class com/android/build/gradle/internal/tasks/Workers$WorkerExecutorAdapter$submit$1
Event: 2313.709 loading class com/android/build/gradle/internal/tasks/Workers$WorkerExecutorAdapter$submit$1 done
Event: 2313.709 loading class org/gradle/workers/internal/DefaultWorkerConfiguration
Event: 2313.709 loading class org/gradle/workers/internal/DefaultWorkerConfiguration done
Event: 2313.734 loading class org/gradle/workers/WorkerConfiguration
Event: 2313.734 loading class org/gradle/workers/WorkerConfiguration done
Event: 2313.734 loading class com/android/build/gradle/internal/tasks/Workers$WhenMappings
Event: 2313.734 loading class com/android/build/gradle/internal/tasks/Workers$WhenMappings done
Event: 2313.753 loading class org/gradle/workers/IsolationMode
Event: 2313.753 loading class org/gradle/workers/IsolationMode done
Event: 2313.754 loading class org/gradle/workers/internal/SerializingActionExecutionSpec
Event: 2313.754 loading class org/gradle/workers/internal/SerializingActionExecutionSpec done
Event: 2313.754 loading class org/gradle/workers/internal/SerializingActionExecutionSpec$ParameterSerializationException
Event: 2313.754 loading class org/gradle/workers/internal/SerializingActionExecutionSpec$ParameterSerializationException done
Event: 2313.761 loading class com/google/common/collect/ImmutableList$SerializedForm
Event: 2313.761 loading class com/google/common/collect/ImmutableList$SerializedForm done


Dynamic libraries:
0x00007ff79e870000 - 0x00007ff79e87a000 	C:\Program Files\Android\Android Studio\jre\bin\java.exe
0x00007ffab3030000 - 0x00007ffab3224000 	C:\WINDOWS\SYSTEM32\ntdll.dll
0x00007ffab2730000 - 0x00007ffab27ed000 	C:\WINDOWS\System32\KERNEL32.DLL
0x00007ffab0b90000 - 0x00007ffab0e57000 	C:\WINDOWS\System32\KERNELBASE.dll
0x00007ffab0f90000 - 0x00007ffab1090000 	C:\WINDOWS\System32\ucrtbase.dll
0x00007ffa99280000 - 0x00007ffa99299000 	C:\Program Files\Android\Android Studio\jre\bin\jli.dll
0x00007ffa8d520000 - 0x00007ffa8d537000 	C:\Program Files\Android\Android Studio\jre\bin\VCRUNTIME140.dll
0x00007ffab2590000 - 0x00007ffab2730000 	C:\WINDOWS\System32\USER32.dll
0x00007ffa93f10000 - 0x00007ffa941aa000 	C:\WINDOWS\WinSxS\amd64_microsoft.windows.common-controls_6595b64144ccf1df_6.0.19041.1_none_b555e41d4684ddec\COMCTL32.dll
0x00007ffab0f00000 - 0x00007ffab0f22000 	C:\WINDOWS\System32\win32u.dll
0x00007ffab16c0000 - 0x00007ffab175e000 	C:\WINDOWS\System32\msvcrt.dll
0x00007ffab11a0000 - 0x00007ffab11ca000 	C:\WINDOWS\System32\GDI32.dll
0x00007ffab0a80000 - 0x00007ffab0b8a000 	C:\WINDOWS\System32\gdi32full.dll
0x00007ffab0e60000 - 0x00007ffab0efd000 	C:\WINDOWS\System32\msvcp_win.dll
0x00007ffab1760000 - 0x00007ffab1790000 	C:\WINDOWS\System32\IMM32.DLL
0x00007ffa83f90000 - 0x00007ffa8402d000 	C:\Program Files\Android\Android Studio\jre\bin\msvcp140.dll
0x00007ffa706c0000 - 0x00007ffa7118f000 	C:\Program Files\Android\Android Studio\jre\bin\server\jvm.dll
0x00007ffab27f0000 - 0x00007ffab289a000 	C:\WINDOWS\System32\ADVAPI32.dll
0x00007ffab2410000 - 0x00007ffab24ab000 	C:\WINDOWS\System32\sechost.dll
0x00007ffab1940000 - 0x00007ffab1a63000 	C:\WINDOWS\System32\RPCRT4.dll
0x00007ffab2d10000 - 0x00007ffab2d18000 	C:\WINDOWS\System32\PSAPI.DLL
0x00007ffaab650000 - 0x00007ffaab659000 	C:\WINDOWS\SYSTEM32\WSOCK32.dll
0x00007ffab18c0000 - 0x00007ffab192b000 	C:\WINDOWS\System32\WS2_32.dll
0x00007ffaa8a50000 - 0x00007ffaa8a77000 	C:\WINDOWS\SYSTEM32\WINMM.dll
0x00007ffaa7870000 - 0x00007ffaa787a000 	C:\WINDOWS\SYSTEM32\VERSION.dll
0x00007ffaaf3c0000 - 0x00007ffaaf3d3000 	C:\WINDOWS\SYSTEM32\kernel.appcore.dll
0x00007ffaab630000 - 0x00007ffaab641000 	C:\Program Files\Android\Android Studio\jre\bin\verify.dll
0x00007ffaaee60000 - 0x00007ffaaf044000 	C:\WINDOWS\SYSTEM32\DBGHELP.DLL
0x00007ffa97390000 - 0x00007ffa973bc000 	C:\WINDOWS\SYSTEM32\dbgcore.DLL
0x00007ffab08a0000 - 0x00007ffab091f000 	C:\WINDOWS\System32\bcryptPrimitives.dll
0x00007ffa97980000 - 0x00007ffa979a9000 	C:\Program Files\Android\Android Studio\jre\bin\java.dll
0x00007ffaab610000 - 0x00007ffaab61b000 	C:\Program Files\Android\Android Studio\jre\bin\jimage.dll
0x00007ffa97960000 - 0x00007ffa97978000 	C:\Program Files\Android\Android Studio\jre\bin\zip.dll
0x00007ffab1b30000 - 0x00007ffab2261000 	C:\WINDOWS\System32\SHELL32.dll
0x00007ffaae4c0000 - 0x00007ffaaec4a000 	C:\WINDOWS\SYSTEM32\windows.storage.dll
0x00007ffab11d0000 - 0x00007ffab1524000 	C:\WINDOWS\System32\combase.dll
0x00007ffab01f0000 - 0x00007ffab021b000 	C:\WINDOWS\SYSTEM32\Wldp.dll
0x00007ffab1790000 - 0x00007ffab183e000 	C:\WINDOWS\System32\SHCORE.dll
0x00007ffab22d0000 - 0x00007ffab2325000 	C:\WINDOWS\System32\shlwapi.dll
0x00007ffab06b0000 - 0x00007ffab06cf000 	C:\WINDOWS\SYSTEM32\profapi.dll
0x00007ffa97820000 - 0x00007ffa9783a000 	C:\Program Files\Android\Android Studio\jre\bin\net.dll
0x00007ffaa1580000 - 0x00007ffaa1682000 	C:\WINDOWS\SYSTEM32\WINHTTP.dll
0x00007ffaaff70000 - 0x00007ffaaffda000 	C:\WINDOWS\system32\mswsock.dll
0x00007ffa97770000 - 0x00007ffa97784000 	C:\Program Files\Android\Android Studio\jre\bin\nio.dll
0x00007ffaa78c0000 - 0x00007ffaa78e6000 	C:\Users\HP\.gradle\wrapper\dists\gradle-2.14.1-all\native\29\windows-amd64\native-platform.dll
0x00007ffaa9820000 - 0x00007ffaa982a000 	C:\Program Files\Android\Android Studio\jre\bin\management.dll
0x00007ffaa7880000 - 0x00007ffaa788c000 	C:\Program Files\Android\Android Studio\jre\bin\management_ext.dll
0x00007ffab0140000 - 0x00007ffab0158000 	C:\WINDOWS\SYSTEM32\CRYPTSP.dll
0x00007ffaaf890000 - 0x00007ffaaf8c4000 	C:\WINDOWS\system32\rsaenh.dll
0x00007ffab0770000 - 0x00007ffab0797000 	C:\WINDOWS\System32\bcrypt.dll
0x00007ffab0630000 - 0x00007ffab065e000 	C:\WINDOWS\SYSTEM32\USERENV.dll
0x00007ffab0160000 - 0x00007ffab016c000 	C:\WINDOWS\SYSTEM32\CRYPTBASE.dll
0x00007ffaafc10000 - 0x00007ffaafc4b000 	C:\WINDOWS\SYSTEM32\IPHLPAPI.DLL
0x00007ffab1930000 - 0x00007ffab1939000 	C:\WINDOWS\System32\NSI.dll
0x00007ffaaed80000 - 0x00007ffaaed97000 	C:\WINDOWS\SYSTEM32\dhcpcsvc6.DLL
0x00007ffaaed60000 - 0x00007ffaaed7d000 	C:\WINDOWS\SYSTEM32\dhcpcsvc.DLL
0x00007ffaafc60000 - 0x00007ffaafd2a000 	C:\WINDOWS\SYSTEM32\DNSAPI.dll
0x00007ffaa6160000 - 0x00007ffaa6187000 	C:\Program Files\Android\Android Studio\jre\bin\sunec.dll
0x00007ffaaa6f0000 - 0x00007ffaaa6fa000 	C:\Windows\System32\rasadhlp.dll
0x00007ffaa8d00000 - 0x00007ffaa8d7f000 	C:\WINDOWS\System32\fwpuclnt.dll

dbghelp: loaded successfully - version: 4.0.5 - missing functions: none
symbol engine: initialized successfully - sym options: 0x614 - pdb path: .;C:\Program Files\Android\Android Studio\jre\bin;C:\WINDOWS\SYSTEM32;C:\WINDOWS\WinSxS\amd64_microsoft.windows.common-controls_6595b64144ccf1df_6.0.19041.1_none_b555e41d4684ddec;C:\Program Files\Android\Android Studio\jre\bin\server;C:\Users\HP\.gradle\wrapper\dists\gradle-2.14.1-all\native\29\windows-amd64

VM Arguments:
jvm_args: --add-opens=java.base/java.util=ALL-UNNAMED --add-opens=java.base/java.lang=ALL-UNNAMED --add-opens=java.base/java.lang.invoke=ALL-UNNAMED --add-opens=java.prefs/java.util.prefs=ALL-UNNAMED -Xmx1536m -Dfile.encoding=windows-1252 -Duser.country=US -Duser.language=en -Duser.variant 
java_command: org.gradle.launcher.daemon.bootstrap.GradleDaemon 5.4.1
java_class_path (initial): C:\Users\HP\.gradle\wrapper\dists\gradle-2.14.1-all\wrapper\dists\gradle-5.4.1-all\3221gyojl5jsh0helicew7rwx\gradle-5.4.1\lib\gradle-launcher-5.4.1.jar
Launcher Type: SUN_STANDARD

[Global flags]
     intx CICompilerCount                          = 3                                         {product} {ergonomic}
     uint ConcGCThreads                            = 1                                         {product} {ergonomic}
     uint G1ConcRefinementThreads                  = 4                                         {product} {ergonomic}
   size_t G1HeapRegionSize                         = 1048576                                   {product} {ergonomic}
    uintx GCDrainStackTargetSize                   = 64                                        {product} {ergonomic}
   size_t InitialHeapSize                          = 134217728                                 {product} {ergonomic}
   size_t MarkStackSize                            = 4194304                                   {product} {ergonomic}
   size_t MaxHeapSize                              = 1610612736                                {product} {command line}
   size_t MaxNewSize                               = 965738496                                 {product} {ergonomic}
   size_t MinHeapDeltaBytes                        = 1048576                                   {product} {ergonomic}
    uintx NonNMethodCodeHeapSize                   = 5830732                                {pd product} {ergonomic}
    uintx NonProfiledCodeHeapSize                  = 122913754                              {pd product} {ergonomic}
    uintx ProfiledCodeHeapSize                     = 122913754                              {pd product} {ergonomic}
    uintx ReservedCodeCacheSize                    = 251658240                              {pd product} {ergonomic}
     bool SegmentedCodeCache                       = true                                      {product} {ergonomic}
     bool UseCompressedClassPointers               = true                                 {lp64_product} {ergonomic}
     bool UseCompressedOops                        = true                                 {lp64_product} {ergonomic}
     bool UseG1GC                                  = true                                      {product} {ergonomic}
     bool UseLargePagesIndividualAllocation        = false                                  {pd product} {ergonomic}

Logging:
Log output configuration:
 #0: stdout all=warning uptime,level,tags
 #1: stderr all=off uptime,level,tags

Environment Variables:
PATH=C:\WINDOWS\system32;C:\WINDOWS;C:\WINDOWS\System32\Wbem;C:\WINDOWS\System32\WindowsPowerShell\v1.0\;C:\WINDOWS\System32\OpenSSH\;E:\New folder\;C:\Users\HP\AppData\Local\Microsoft\WindowsApps;E:\VS Code\Microsoft VS Code\bin;C:\Users\HP\AppData\Roaming\npm;C:\Users\HP\AppData\Local\GitHubDesktop\bin
USERNAME=HP
OS=Windows_NT
PROCESSOR_IDENTIFIER=Intel64 Family 6 Model 142 Stepping 9, GenuineIntel



---------------  S Y S T E M  ---------------

OS: Windows 10 , 64 bit Build 19041 (10.0.19041.1)
OS uptime: 0 days 2:24 hours

CPU:total 4 (initial active 4) (2 cores per cpu, 2 threads per core) family 6 model 142 stepping 9 microcode 0xb4, cmov, cx8, fxsr, mmx, sse, sse2, sse3, ssse3, sse4.1, sse4.2, popcnt, avx, avx2, aes, clmul, erms, 3dnowpref, lzcnt, ht, tsc, tscinvbit, bmi1, bmi2, adx, fma

Memory: 4k page, system-wide physical 8075M (2237M free)
TotalPageFile size 16267M (AvailPageFile size 9426M)
current process WorkingSet (physical memory assigned to process): 430M, peak: 468M
current process commit charge ("private bytes"): 498M, peak: 505M

vm_info: OpenJDK 64-Bit Server VM (11.0.10+0-b96-7249189) for windows-amd64 JRE (11.0.10+0-b96-7249189), built on Mar 31 2021 21:44:00 by "builder" with MS VC++ 14.0 (VS2015)

END.
