#
# A fatal error has been detected by the Java Runtime Environment:
#
#  EXCEPTION_ACCESS_VIOLATION (0xc0000005) at pc=0x00000000594951b0, pid=7308, tid=0x0000000000001d04
#
# JRE version: OpenJDK Runtime Environment (8.0_202-b03) (build 1.8.0_202-release-1483-b03)
# Java VM: OpenJDK 64-Bit Server VM (25.202-b03 mixed mode windows-amd64 compressed oops)
# Problematic frame:
# V  [jvm.dll+0x4251b0]
#
# Failed to write core dump. Minidumps are not enabled by default on client versions of Windows
#
# If you would like to submit a bug report, please visit:
#   http://bugreport.java.com/bugreport/crash.jsp
#

---------------  T H R E A D  ---------------

Current thread (0x000000001612b800):  JavaThread "C2 CompilerThread0" daemon [_thread_in_native, id=7428, stack(0x0000000017790000,0x0000000017890000)]

siginfo: ExceptionCode=0xc0000005, reading address 0x000000008850d542

Registers:
RAX=0x000000001c30fd00, RBX=0x0000000000000001, RCX=0x000000000000000a, RDX=0x000000001b07f610
RSP=0x000000001788c5b0, RBP=0x0000000000000000, RSI=0x000000001b081d00, RDI=0x0000000000000008
R8 =0xffffffffffffffff, R9 =0x000000001b081c40, R10=0x000000001788c870, R11=0x000000001b7e9520
R12=0x000000001b081d00, R13=0x000000001b7e8cf8, R14=0x0000000000000004, R15=0x000000001b07c798
RIP=0x00000000594951b0, EFLAGS=0x0000000000010202

Top of Stack: (sp=0x000000001788c5b0)
0x000000001788c5b0:   0000000000000020 0000000000000007
0x000000001788c5c0:   000000002274fb08 0000000000001b88
0x000000001788c5d0:   000000001b7e85c0 0000000000000007
0x000000001788c5e0:   000000001b07c798 0000000001765440
0x000000001788c5f0:   0000000000000004 000000000f000000
0x000000001788c600:   000000001bc41900 000000005913804b
0x000000001788c610:   0000000000000000 00000000000000cc
0x000000001788c620:   000000001788ec20 0000000000000000
0x000000001788c630:   000000001788ec20 000000001c312ee0
0x000000001788c640:   00000000160f4d10 000000001788c6d8
0x000000001788c650:   0000000000000007 000000005949590a
0x000000001788c660:   000000001788c870 000000001788c7e0
0x000000001788c670:   000000001788c6a8 0000000000000007
0x000000001788c680:   00000000160f4d10 000000001b7e8490
0x000000001788c690:   00000000160f4d10 0000000059537cc9
0x000000001788c6a0:   0000000000001000 0000000000000020 

Instructions: (pc=0x00000000594951b0)
0x0000000059495190:   00 4c 8b 7c 24 30 bf 08 00 00 00 0f 1f 44 00 00
0x00000000594951a0:   48 8b 46 08 4c 8b 0c 07 49 8b 42 18 41 8b 51 28
0x00000000594951b0:   48 0f bf 4c 90 02 4c 0f bf 04 90 83 f9 ff 74 16
0x00000000594951c0:   48 8b d1 83 e1 1f b8 01 00 00 00 48 c1 fa 05 d3 


Register to memory mapping:

RAX=0x000000001c30fd00 is an unknown value
RBX=0x0000000000000001 is an unknown value
RCX=0x000000000000000a is an unknown value
RDX=0x000000001b07f610 is an unknown value
RSP=0x000000001788c5b0 is pointing into the stack for thread: 0x000000001612b800
RBP=0x0000000000000000 is an unknown value
RSI=0x000000001b081d00 is an unknown value
RDI=0x0000000000000008 is an unknown value
R8 =0xffffffffffffffff is an unknown value
R9 =0x000000001b081c40 is an unknown value
R10=0x000000001788c870 is pointing into the stack for thread: 0x000000001612b800
R11=0x000000001b7e9520 is an unknown value
R12=0x000000001b081d00 is an unknown value
R13=0x000000001b7e8cf8 is an unknown value
R14=0x0000000000000004 is an unknown value
R15=0x000000001b07c798 is an unknown value


Stack: [0x0000000017790000,0x0000000017890000],  sp=0x000000001788c5b0,  free space=1009k
Native frames: (J=compiled Java code, j=interpreted, Vv=VM code, C=native code)


Current CompileTask:
C2: 372717 8701       4       com.google.common.base.Predicates$OrPredicate::apply (47 bytes)


---------------  P R O C E S S  ---------------

Java Threads: ( => current thread )
  0x000000001b59d800 JavaThread "Execution worker for ':' Thread 3" [_thread_blocked, id=7448, stack(0x0000000024d00000,0x0000000024e00000)]
  0x0000000018ca6800 JavaThread "Execution worker for ':' Thread 2" [_thread_in_native, id=8520, stack(0x0000000024c00000,0x0000000024d00000)]
  0x0000000018ca6000 JavaThread "Execution worker for ':'" [_thread_in_native, id=4348, stack(0x0000000023910000,0x0000000023a10000)]
  0x000000001c1d4000 JavaThread "Cache worker for file content cache (C:\Users\HP\AndroidStudioProjects\Quizzer\.gradle\5.4.1\fileContent)" [_thread_blocked, id=6464, stack(0x0000000021e70000,0x0000000021f70000)]
  0x000000001c1cc800 JavaThread "Cache worker for file content cache (C:\Users\HP\.gradle\wrapper\dists\gradle-2.14.1-all\caches\5.4.1\fileContent)" [_thread_blocked, id=8004, stack(0x0000000021c10000,0x0000000021d10000)]
  0x000000001c1d2800 JavaThread "Cache worker for Build Output Cleanup Cache (C:\Users\HP\AndroidStudioProjects\Quizzer\.gradle\buildOutputCleanup)" [_thread_blocked, id=5524, stack(0x0000000021110000,0x0000000021210000)]
  0x000000001c1d1800 JavaThread "Build operations Thread 4" [_thread_blocked, id=6760, stack(0x0000000020a10000,0x0000000020b10000)]
  0x000000001c1d3000 JavaThread "Build operations Thread 3" [_thread_blocked, id=9956, stack(0x0000000020910000,0x0000000020a10000)]
  0x000000001c1d1000 JavaThread "Build operations Thread 2" [_thread_blocked, id=8544, stack(0x0000000020810000,0x0000000020910000)]
  0x000000001c1ca000 JavaThread "Build operations" [_thread_blocked, id=9652, stack(0x0000000020710000,0x0000000020810000)]
  0x000000001c1cb800 JavaThread "Cache worker for cache directory md-rule (C:\Users\HP\.gradle\wrapper\dists\gradle-2.14.1-all\caches\5.4.1\md-rule)" [_thread_blocked, id=5012, stack(0x00000000201d0000,0x00000000202d0000)]
  0x000000001c1cf800 JavaThread "Cache worker for cache directory md-supplier (C:\Users\HP\.gradle\wrapper\dists\gradle-2.14.1-all\caches\5.4.1\md-supplier)" [_thread_blocked, id=9692, stack(0x000000001e880000,0x000000001e980000)]
  0x000000001c1ce800 JavaThread "Cache worker for file hash cache (C:\Users\HP\AndroidStudioProjects\Quizzer\.gradle\5.4.1\fileHashes)" [_thread_blocked, id=2236, stack(0x000000001cd80000,0x000000001ce80000)]
  0x000000001c1ce000 JavaThread "Thread-32" [_thread_blocked, id=9892, stack(0x000000001a9e0000,0x000000001aae0000)]
  0x000000001c1d0000 JavaThread "Stdin handler" [_thread_blocked, id=8284, stack(0x000000001a8e0000,0x000000001a9e0000)]
  0x000000001c1c8800 JavaThread "Asynchronous log dispatcher for DefaultDaemonConnection: socket connection from /127.0.0.1:62181 to /127.0.0.1:51353" [_thread_blocked, id=7632, stack(0x000000001a7e0000,0x000000001a8e0000)]
  0x000000001c1c8000 JavaThread "Daemon worker Thread 2" [_thread_in_native, id=4304, stack(0x000000001a6e0000,0x000000001a7e0000)]
  0x000000001c1c9800 JavaThread "Cancel handler" [_thread_blocked, id=6220, stack(0x000000001a5e0000,0x000000001a6e0000)]
  0x000000001c1c7000 JavaThread "Handler for socket connection from /127.0.0.1:62181 to /127.0.0.1:51353" [_thread_in_native, id=8604, stack(0x000000001a2e0000,0x000000001a3e0000)]
  0x000000001c1cd000 JavaThread "Daemon Thread 2" [_thread_blocked, id=8560, stack(0x000000001a1e0000,0x000000001a2e0000)]
  0x000000001c1c5800 JavaThread "Memory manager" [_thread_blocked, id=3040, stack(0x0000000021d70000,0x0000000021e70000)]
  0x000000001c1c5000 JavaThread "Cache worker for execution history cache (C:\Users\HP\.gradle\wrapper\dists\gradle-2.14.1-all\caches\5.4.1\executionHistory)" [_thread_blocked, id=8220, stack(0x000000001feb0000,0x000000001ffb0000)]
  0x0000000018cac000 JavaThread "Cache worker for journal cache (C:\Users\HP\.gradle\wrapper\dists\gradle-2.14.1-all\caches\journal-1)" [_thread_blocked, id=7504, stack(0x000000001ace0000,0x000000001ade0000)]
  0x0000000018ca7800 JavaThread "File lock request listener" [_thread_in_native, id=5676, stack(0x000000001abe0000,0x000000001ace0000)]
  0x00000000186b1800 JavaThread "Cache worker for file hash cache (C:\Users\HP\.gradle\wrapper\dists\gradle-2.14.1-all\caches\5.4.1\fileHashes)" [_thread_blocked, id=4140, stack(0x000000001aae0000,0x000000001abe0000)]
  0x0000000018857800 JavaThread "Daemon periodic checks" [_thread_blocked, id=8440, stack(0x000000001a0e0000,0x000000001a1e0000)]
  0x0000000019134000 JavaThread "Incoming local TCP Connector on port 62181" [_thread_in_native, id=8448, stack(0x0000000019ea0000,0x0000000019fa0000)]
  0x0000000018a0b000 JavaThread "Daemon health stats" [_thread_blocked, id=5852, stack(0x0000000019860000,0x0000000019960000)]
  0x0000000017ab0800 JavaThread "Service Thread" daemon [_thread_blocked, id=9004, stack(0x0000000017e90000,0x0000000017f90000)]
  0x000000001613c000 JavaThread "C1 CompilerThread2" daemon [_thread_blocked, id=9012, stack(0x0000000017990000,0x0000000017a90000)]
  0x0000000016132000 JavaThread "C2 CompilerThread1" daemon [_thread_in_native, id=8668, stack(0x0000000017890000,0x0000000017990000)]
=>0x000000001612b800 JavaThread "C2 CompilerThread0" daemon [_thread_in_native, id=7428, stack(0x0000000017790000,0x0000000017890000)]
  0x000000001612a000 JavaThread "Attach Listener" daemon [_thread_blocked, id=4692, stack(0x0000000017690000,0x0000000017790000)]
  0x0000000016129000 JavaThread "Signal Dispatcher" daemon [_thread_blocked, id=8504, stack(0x0000000017590000,0x0000000017690000)]
  0x00000000027bc000 JavaThread "Finalizer" daemon [_thread_blocked, id=8588, stack(0x0000000017390000,0x0000000017490000)]
  0x0000000016119000 JavaThread "Reference Handler" daemon [_thread_blocked, id=8724, stack(0x0000000017290000,0x0000000017390000)]
  0x00000000026bd800 JavaThread "main" [_thread_blocked, id=7404, stack(0x0000000002570000,0x0000000002670000)]

Other Threads:
  0x00000000160f5800 VMThread [stack: 0x0000000017190000,0x0000000017290000] [id=6920]
  0x000000001618e000 WatcherThread [stack: 0x0000000017f90000,0x0000000018090000] [id=9124]

VM state:not at safepoint (normal execution)

VM Mutex/Monitor currently owned by a thread: None

heap address: 0x00000000a0000000, size: 1536 MB, Compressed Oops mode: 32-bit
Narrow klass base: 0x0000000000000000, Narrow klass shift: 3
Compressed class space size: 1073741824 Address: 0x0000000100000000

Heap:
 PSYoungGen      total 133632K, used 51384K [0x00000000e0000000, 0x00000000ea400000, 0x0000000100000000)
  eden space 116224K, 29% used [0x00000000e0000000,0x00000000e2132060,0x00000000e7180000)
  from space 17408K, 99% used [0x00000000e7180000,0x00000000e827c1d0,0x00000000e8280000)
  to   space 19968K, 0% used [0x00000000e9080000,0x00000000e9080000,0x00000000ea400000)
 ParOldGen       total 151552K, used 37009K [0x00000000a0000000, 0x00000000a9400000, 0x00000000e0000000)
  object space 151552K, 24% used [0x00000000a0000000,0x00000000a2424698,0x00000000a9400000)
 Metaspace       used 67475K, capacity 69494K, committed 69780K, reserved 1110016K
  class space    used 8826K, capacity 9316K, committed 9404K, reserved 1048576K

Card table byte_map: [0x0000000011b80000,0x0000000011e90000] byte_map_base: 0x0000000011680000

Marking Bits: (ParMarkBitMap*) 0x0000000059839f30
 Begin Bits: [0x0000000012490000, 0x0000000013c90000)
 End Bits:   [0x0000000013c90000, 0x0000000015490000)

Polling page: 0x0000000000930000

CodeCache: size=245760Kb used=24125Kb max_used=24125Kb free=221634Kb
 bounds [0x00000000027c0000, 0x0000000003f70000, 0x00000000117c0000]
 total_blobs=8436 nmethods=7611 adapters=736
 compilation: enabled

Compilation events (10 events):
Event: 372.604 Thread 0x000000001613c000 8734       1       org.gradle.api.internal.artifacts.transform.DefaultTransformer::getInputArtifactNormalizer (5 bytes)
Event: 372.604 Thread 0x000000001613c000 nmethod 8734 0x0000000003f5e410 code [0x0000000003f5e560, 0x0000000003f5e670]
Event: 372.604 Thread 0x000000001613c000 8735       3       org.gradle.api.internal.artifacts.transform.DefaultTransformer::getSecondaryInputHash (8 bytes)
Event: 372.604 Thread 0x000000001613c000 nmethod 8735 0x0000000003f5e6d0 code [0x0000000003f5e840, 0x0000000003f5ea08]
Event: 372.608 Thread 0x000000001613c000 8736       1       org.gradle.api.internal.artifacts.transform.DefaultTransformer::requiresInputChanges (5 bytes)
Event: 372.608 Thread 0x000000001613c000 nmethod 8736 0x0000000003f5ead0 code [0x0000000003f5ec20, 0x0000000003f5ed30]
Event: 372.609 Thread 0x000000001613c000 8737       1       com.google.common.collect.Ordering::natural (4 bytes)
Event: 372.610 Thread 0x000000001613c000 nmethod 8737 0x0000000003f5ed90 code [0x0000000003f5eee0, 0x0000000003f5efd0]
Event: 372.611 Thread 0x000000001613c000 8738       3       com.google.common.cache.LocalCache$AccessQueue$1::setNextInAccessQueue (6 bytes)
Event: 372.611 Thread 0x000000001613c000 nmethod 8738 0x0000000003f5f050 code [0x0000000003f5f1a0, 0x0000000003f5f310]

GC Heap History (10 events):
Event: 55.174 GC heap before
{Heap before GC invocations=16 (full 2):
 PSYoungGen      total 92160K, used 92156K [0x00000000e0000000, 0x00000000e7c00000, 0x0000000100000000)
  eden space 80384K, 100% used [0x00000000e0000000,0x00000000e4e80000,0x00000000e4e80000)
  from space 11776K, 99% used [0x00000000e4e80000,0x00000000e59ff298,0x00000000e5a00000)
  to   space 13824K, 0% used [0x00000000e6e80000,0x00000000e6e80000,0x00000000e7c00000)
 ParOldGen       total 99840K, used 18350K [0x00000000a0000000, 0x00000000a6180000, 0x00000000e0000000)
  object space 99840K, 18% used [0x00000000a0000000,0x00000000a11ebbb8,0x00000000a6180000)
 Metaspace       used 52167K, capacity 53556K, committed 53848K, reserved 1095680K
  class space    used 7073K, capacity 7441K, committed 7552K, reserved 1048576K
Event: 55.226 GC heap after
Heap after GC invocations=16 (full 2):
 PSYoungGen      total 111616K, used 13765K [0x00000000e0000000, 0x00000000e8200000, 0x0000000100000000)
  eden space 97792K, 0% used [0x00000000e0000000,0x00000000e0000000,0x00000000e5f80000)
  from space 13824K, 99% used [0x00000000e6e80000,0x00000000e7bf14b8,0x00000000e7c00000)
  to   space 15360K, 0% used [0x00000000e5f80000,0x00000000e5f80000,0x00000000e6e80000)
 ParOldGen       total 99840K, used 22154K [0x00000000a0000000, 0x00000000a6180000, 0x00000000e0000000)
  object space 99840K, 22% used [0x00000000a0000000,0x00000000a15a2bc0,0x00000000a6180000)
 Metaspace       used 52167K, capacity 53556K, committed 53848K, reserved 1095680K
  class space    used 7073K, capacity 7441K, committed 7552K, reserved 1048576K
}
Event: 65.883 GC heap before
{Heap before GC invocations=17 (full 2):
 PSYoungGen      total 111616K, used 88381K [0x00000000e0000000, 0x00000000e8200000, 0x0000000100000000)
  eden space 97792K, 76% used [0x00000000e0000000,0x00000000e48ddf98,0x00000000e5f80000)
  from space 13824K, 99% used [0x00000000e6e80000,0x00000000e7bf14b8,0x00000000e7c00000)
  to   space 15360K, 0% used [0x00000000e5f80000,0x00000000e5f80000,0x00000000e6e80000)
 ParOldGen       total 99840K, used 22154K [0x00000000a0000000, 0x00000000a6180000, 0x00000000e0000000)
  object space 99840K, 22% used [0x00000000a0000000,0x00000000a15a2bc0,0x00000000a6180000)
 Metaspace       used 57405K, capacity 58902K, committed 59028K, reserved 1099776K
  class space    used 7695K, capacity 8074K, committed 8124K, reserved 1048576K
Event: 65.933 GC heap after
Heap after GC invocations=17 (full 2):
 PSYoungGen      total 113152K, used 15340K [0x00000000e0000000, 0x00000000e9b00000, 0x0000000100000000)
  eden space 97792K, 0% used [0x00000000e0000000,0x00000000e0000000,0x00000000e5f80000)
  from space 15360K, 99% used [0x00000000e5f80000,0x00000000e6e7b270,0x00000000e6e80000)
  to   space 17920K, 0% used [0x00000000e8980000,0x00000000e8980000,0x00000000e9b00000)
 ParOldGen       total 99840K, used 24456K [0x00000000a0000000, 0x00000000a6180000, 0x00000000e0000000)
  object space 99840K, 24% used [0x00000000a0000000,0x00000000a17e2158,0x00000000a6180000)
 Metaspace       used 57405K, capacity 58902K, committed 59028K, reserved 1099776K
  class space    used 7695K, capacity 8074K, committed 8124K, reserved 1048576K
}
Event: 65.933 GC heap before
{Heap before GC invocations=18 (full 3):
 PSYoungGen      total 113152K, used 15340K [0x00000000e0000000, 0x00000000e9b00000, 0x0000000100000000)
  eden space 97792K, 0% used [0x00000000e0000000,0x00000000e0000000,0x00000000e5f80000)
  from space 15360K, 99% used [0x00000000e5f80000,0x00000000e6e7b270,0x00000000e6e80000)
  to   space 17920K, 0% used [0x00000000e8980000,0x00000000e8980000,0x00000000e9b00000)
 ParOldGen       total 99840K, used 24456K [0x00000000a0000000, 0x00000000a6180000, 0x00000000e0000000)
  object space 99840K, 24% used [0x00000000a0000000,0x00000000a17e2158,0x00000000a6180000)
 Metaspace       used 57405K, capacity 58902K, committed 59028K, reserved 1099776K
  class space    used 7695K, capacity 8074K, committed 8124K, reserved 1048576K
Event: 66.565 GC heap after
Heap after GC invocations=18 (full 3):
 PSYoungGen      total 113152K, used 0K [0x00000000e0000000, 0x00000000e9b00000, 0x0000000100000000)
  eden space 97792K, 0% used [0x00000000e0000000,0x00000000e0000000,0x00000000e5f80000)
  from space 15360K, 0% used [0x00000000e5f80000,0x00000000e5f80000,0x00000000e6e80000)
  to   space 17920K, 0% used [0x00000000e8980000,0x00000000e8980000,0x00000000e9b00000)
 ParOldGen       total 151552K, used 36554K [0x00000000a0000000, 0x00000000a9400000, 0x00000000e0000000)
  object space 151552K, 24% used [0x00000000a0000000,0x00000000a23b2be8,0x00000000a9400000)
 Metaspace       used 57405K, capacity 58902K, committed 59028K, reserved 1099776K
  class space    used 7695K, capacity 8074K, committed 8124K, reserved 1048576K
}
Event: 76.295 GC heap before
{Heap before GC invocations=19 (full 3):
 PSYoungGen      total 113152K, used 97792K [0x00000000e0000000, 0x00000000e9b00000, 0x0000000100000000)
  eden space 97792K, 100% used [0x00000000e0000000,0x00000000e5f80000,0x00000000e5f80000)
  from space 15360K, 0% used [0x00000000e5f80000,0x00000000e5f80000,0x00000000e6e80000)
  to   space 17920K, 0% used [0x00000000e8980000,0x00000000e8980000,0x00000000e9b00000)
 ParOldGen       total 151552K, used 36554K [0x00000000a0000000, 0x00000000a9400000, 0x00000000e0000000)
  object space 151552K, 24% used [0x00000000a0000000,0x00000000a23b2be8,0x00000000a9400000)
 Metaspace       used 61205K, capacity 62882K, committed 63124K, reserved 1103872K
  class space    used 8243K, capacity 8634K, committed 8636K, reserved 1048576K
Event: 76.320 GC heap after
Heap after GC invocations=19 (full 3):
 PSYoungGen      total 126464K, used 8293K [0x00000000e0000000, 0x00000000e9380000, 0x0000000100000000)
  eden space 116224K, 0% used [0x00000000e0000000,0x00000000e0000000,0x00000000e7180000)
  from space 10240K, 80% used [0x00000000e8980000,0x00000000e91997a0,0x00000000e9380000)
  to   space 17408K, 0% used [0x00000000e7180000,0x00000000e7180000,0x00000000e8280000)
 ParOldGen       total 151552K, used 36562K [0x00000000a0000000, 0x00000000a9400000, 0x00000000e0000000)
  object space 151552K, 24% used [0x00000000a0000000,0x00000000a23b4be8,0x00000000a9400000)
 Metaspace       used 61205K, capacity 62882K, committed 63124K, reserved 1103872K
  class space    used 8243K, capacity 8634K, committed 8636K, reserved 1048576K
}
Event: 371.094 GC heap before
{Heap before GC invocations=20 (full 3):
 PSYoungGen      total 126464K, used 124517K [0x00000000e0000000, 0x00000000e9380000, 0x0000000100000000)
  eden space 116224K, 100% used [0x00000000e0000000,0x00000000e7180000,0x00000000e7180000)
  from space 10240K, 80% used [0x00000000e8980000,0x00000000e91997a0,0x00000000e9380000)
  to   space 17408K, 0% used [0x00000000e7180000,0x00000000e7180000,0x00000000e8280000)
 ParOldGen       total 151552K, used 36562K [0x00000000a0000000, 0x00000000a9400000, 0x00000000e0000000)
  object space 151552K, 24% used [0x00000000a0000000,0x00000000a23b4be8,0x00000000a9400000)
 Metaspace       used 67299K, capacity 69418K, committed 69524K, reserved 1110016K
  class space    used 8826K, capacity 9316K, committed 9404K, reserved 1048576K
Event: 371.136 GC heap after
Heap after GC invocations=20 (full 3):
 PSYoungGen      total 133632K, used 17392K [0x00000000e0000000, 0x00000000ea400000, 0x0000000100000000)
  eden space 116224K, 0% used [0x00000000e0000000,0x00000000e0000000,0x00000000e7180000)
  from space 17408K, 99% used [0x00000000e7180000,0x00000000e827c1d0,0x00000000e8280000)
  to   space 19968K, 0% used [0x00000000e9080000,0x00000000e9080000,0x00000000ea400000)
 ParOldGen       total 151552K, used 37009K [0x00000000a0000000, 0x00000000a9400000, 0x00000000e0000000)
  object space 151552K, 24% used [0x00000000a0000000,0x00000000a2424698,0x00000000a9400000)
 Metaspace       used 67299K, capacity 69418K, committed 69524K, reserved 1110016K
  class space    used 8826K, capacity 9316K, committed 9404K, reserved 1048576K
}

Deoptimization events (10 events):
Event: 368.785 Thread 0x000000001c1c8000 Uncommon trap: reason=class_check action=maybe_recompile pc=0x0000000003b42068 method=com.google.common.base.Equivalence$Equals.doEquivalent(Ljava/lang/Object;Ljava/lang/Object;)Z @ 2
Event: 368.785 Thread 0x000000001c1c8000 Uncommon trap: reason=class_check action=maybe_recompile pc=0x0000000003b42068 method=com.google.common.base.Equivalence$Equals.doEquivalent(Ljava/lang/Object;Ljava/lang/Object;)Z @ 2
Event: 368.785 Thread 0x000000001c1c8000 Uncommon trap: reason=class_check action=maybe_recompile pc=0x0000000003b42068 method=com.google.common.base.Equivalence$Equals.doEquivalent(Ljava/lang/Object;Ljava/lang/Object;)Z @ 2
Event: 369.709 Thread 0x000000001c1c8000 Uncommon trap: reason=class_check action=maybe_recompile pc=0x0000000003c71bdc method=org.gradle.api.internal.attributes.DefaultImmutableAttributes.equals(Ljava/lang/Object;)Z @ 92
Event: 369.709 Thread 0x000000001c1c8000 Uncommon trap: reason=class_check action=maybe_recompile pc=0x0000000003c71bdc method=org.gradle.api.internal.attributes.DefaultImmutableAttributes.equals(Ljava/lang/Object;)Z @ 92
Event: 369.709 Thread 0x000000001c1c8000 Uncommon trap: reason=class_check action=maybe_recompile pc=0x0000000003c71bdc method=org.gradle.api.internal.attributes.DefaultImmutableAttributes.equals(Ljava/lang/Object;)Z @ 92
Event: 369.709 Thread 0x000000001c1c8000 Uncommon trap: reason=class_check action=maybe_recompile pc=0x0000000003c71bdc method=org.gradle.api.internal.attributes.DefaultImmutableAttributes.equals(Ljava/lang/Object;)Z @ 92
Event: 371.136 Thread 0x0000000016119000 Uncommon trap: reason=unstable_if action=reinterpret pc=0x0000000003304eb8 method=java.lang.ref.Reference.tryHandlePending(Z)Z @ 20
Event: 371.142 Thread 0x000000001b59d800 Uncommon trap: reason=unstable_if action=reinterpret pc=0x000000000313384c method=com.google.common.collect.MapMakerInternalMap$Segment.drainKeyReferenceQueue(Ljava/lang/ref/ReferenceQueue;)V @ 8
Event: 372.603 Thread 0x0000000018ca6800 Uncommon trap: reason=unstable_if action=reinterpret pc=0x0000000003b3f9d0 method=java.util.concurrent.ConcurrentLinkedQueue.offer(Ljava/lang/Object;)Z @ 40

Classes redefined (0 events):
No events

Internal exceptions (10 events):
Event: 370.098 Thread 0x000000001c1c8000 Exception <a 'java/lang/ClassNotFoundException': com/android/build/gradle/tasks/MergeResources_DecoratedBeanInfo> (0x00000000e5f056a0) thrown at [D:\src\AOSP-openjdk-cygwin\jdk8u\hotspot\src\share\vm\classfile\systemDictionary.cpp, line 210]
Event: 370.099 Thread 0x000000001c1c8000 Exception <a 'java/lang/ClassNotFoundException': com/android/build/gradle/tasks/MergeResourcesBeanInfo> (0x00000000e5f1e418) thrown at [D:\src\AOSP-openjdk-cygwin\jdk8u\hotspot\src\share\vm\classfile\systemDictionary.cpp, line 210]
Event: 370.099 Thread 0x000000001c1c8000 Exception <a 'java/lang/ClassNotFoundException': com/android/build/gradle/tasks/ResourceAwareTaskBeanInfo> (0x00000000e5f37c20) thrown at [D:\src\AOSP-openjdk-cygwin\jdk8u\hotspot\src\share\vm\classfile\systemDictionary.cpp, line 210]
Event: 370.101 Thread 0x000000001c1c8000 Exception <a 'java/lang/ClassNotFoundException': com/android/build/gradle/internal/tasks/IncrementalTaskBeanInfo> (0x00000000e5f53008) thrown at [D:\src\AOSP-openjdk-cygwin\jdk8u\hotspot\src\share\vm\classfile\systemDictionary.cpp, line 210]
Event: 370.102 Thread 0x000000001c1c8000 Exception <a 'java/lang/ClassNotFoundException': com/android/build/gradle/internal/tasks/AndroidVariantTaskBeanInfo> (0x00000000e5f6e9b0) thrown at [D:\src\AOSP-openjdk-cygwin\jdk8u\hotspot\src\share\vm\classfile\systemDictionary.cpp, line 210]
Event: 370.103 Thread 0x000000001c1c8000 Exception <a 'java/lang/ClassNotFoundException': com/android/build/gradle/internal/tasks/AndroidVariantTaskCustomizer> (0x00000000e5f8b2f8) thrown at [D:\src\AOSP-openjdk-cygwin\jdk8u\hotspot\src\share\vm\classfile\systemDictionary.cpp, line 210]
Event: 370.108 Thread 0x000000001c1c8000 Exception <a 'java/lang/ClassNotFoundException': com/android/build/gradle/internal/tasks/IncrementalTaskCustomizer> (0x00000000e5fb7420) thrown at [D:\src\AOSP-openjdk-cygwin\jdk8u\hotspot\src\share\vm\classfile\systemDictionary.cpp, line 210]
Event: 370.109 Thread 0x000000001c1c8000 Exception <a 'java/lang/ClassNotFoundException': com/android/build/gradle/tasks/ResourceAwareTaskCustomizer> (0x00000000e5fe2e00) thrown at [D:\src\AOSP-openjdk-cygwin\jdk8u\hotspot\src\share\vm\classfile\systemDictionary.cpp, line 210]
Event: 370.115 Thread 0x000000001c1c8000 Exception <a 'java/lang/ClassNotFoundException': com/android/build/gradle/tasks/MergeResourcesCustomizer> (0x00000000e601b978) thrown at [D:\src\AOSP-openjdk-cygwin\jdk8u\hotspot\src\share\vm\classfile\systemDictionary.cpp, line 210]
Event: 370.134 Thread 0x000000001c1c8000 Exception <a 'java/lang/ClassNotFoundException': com/android/build/gradle/tasks/MergeResources_DecoratedCustomizer> (0x00000000e60684f8) thrown at [D:\src\AOSP-openjdk-cygwin\jdk8u\hotspot\src\share\vm\classfile\systemDictionary.cpp, line 210]

Events (10 events):
Event: 371.277 Thread 0x000000001613c000 flushing nmethod 0x0000000003559c10
Event: 371.314 Thread 0x000000001613c000 flushing nmethod 0x0000000003ae58d0
Event: 371.314 Thread 0x000000001613c000 flushing nmethod 0x0000000003af7b10
Event: 371.314 Thread 0x000000001613c000 flushing nmethod 0x0000000003b41b90
Event: 371.314 Thread 0x000000001613c000 flushing nmethod 0x0000000003bcebd0
Event: 372.476 Executing VM operation: RevokeBias
Event: 372.477 Executing VM operation: RevokeBias done
Event: 372.603 Thread 0x0000000018ca6800 Uncommon trap: trap_request=0xffffff65 fr.pc=0x0000000003b3f9d0
Event: 372.603 Thread 0x0000000018ca6800 DEOPT PACKING pc=0x0000000003b3f9d0 sp=0x0000000024cfd500
Event: 372.603 Thread 0x0000000018ca6800 DEOPT UNPACKING pc=0x000000000280557b sp=0x0000000024cfd488 mode 2


Dynamic libraries:
0x00007ff6dd710000 - 0x00007ff6dd741000 	C:\Program Files\Android\Android Studio\jre\bin\java.exe
0x00007ffa1b9f0000 - 0x00007ffa1bbe4000 	C:\WINDOWS\SYSTEM32\ntdll.dll
0x00007ffa1a8b0000 - 0x00007ffa1a96d000 	C:\WINDOWS\System32\KERNEL32.DLL
0x00007ffa194a0000 - 0x00007ffa19767000 	C:\WINDOWS\System32\KERNELBASE.dll
0x00007ffa1b540000 - 0x00007ffa1b5ea000 	C:\WINDOWS\System32\ADVAPI32.dll
0x00007ffa1b0b0000 - 0x00007ffa1b14e000 	C:\WINDOWS\System32\msvcrt.dll
0x00007ffa1a6c0000 - 0x00007ffa1a75b000 	C:\WINDOWS\System32\sechost.dll
0x00007ffa1b410000 - 0x00007ffa1b533000 	C:\WINDOWS\System32\RPCRT4.dll
0x00007ffa1b670000 - 0x00007ffa1b810000 	C:\WINDOWS\System32\USER32.dll
0x00007ffa19820000 - 0x00007ffa19842000 	C:\WINDOWS\System32\win32u.dll
0x00007ffa1a320000 - 0x00007ffa1a34a000 	C:\WINDOWS\System32\GDI32.dll
0x00007ffa191b0000 - 0x00007ffa192ba000 	C:\WINDOWS\System32\gdi32full.dll
0x00007ffa199b0000 - 0x00007ffa19a4d000 	C:\WINDOWS\System32\msvcp_win.dll
0x00007ffa198b0000 - 0x00007ffa199b0000 	C:\WINDOWS\System32\ucrtbase.dll
0x00007ffa02750000 - 0x00007ffa029ea000 	C:\WINDOWS\WinSxS\amd64_microsoft.windows.common-controls_6595b64144ccf1df_6.0.19041.1_none_b555e41d4684ddec\COMCTL32.dll
0x00007ffa19a50000 - 0x00007ffa19a80000 	C:\WINDOWS\System32\IMM32.DLL
0x0000000058f90000 - 0x0000000059062000 	C:\Program Files\Android\Android Studio\jre\jre\bin\msvcr100.dll
0x0000000059070000 - 0x00000000598b6000 	C:\Program Files\Android\Android Studio\jre\jre\bin\server\jvm.dll
0x00007ffa1b810000 - 0x00007ffa1b818000 	C:\WINDOWS\System32\PSAPI.DLL
0x00007ffa03ca0000 - 0x00007ffa03ca9000 	C:\WINDOWS\SYSTEM32\WSOCK32.dll
0x00007ffa1a7e0000 - 0x00007ffa1a84b000 	C:\WINDOWS\System32\WS2_32.dll
0x00007ffa008e0000 - 0x00007ffa00907000 	C:\WINDOWS\SYSTEM32\WINMM.dll
0x00007ffa13b90000 - 0x00007ffa13b9a000 	C:\WINDOWS\SYSTEM32\VERSION.dll
0x00007ffa03c20000 - 0x00007ffa03c2f000 	C:\Program Files\Android\Android Studio\jre\jre\bin\verify.dll
0x00007ff9ef530000 - 0x00007ff9ef559000 	C:\Program Files\Android\Android Studio\jre\jre\bin\java.dll
0x00007ff9ff3e0000 - 0x00007ff9ff3f6000 	C:\Program Files\Android\Android Studio\jre\jre\bin\zip.dll
0x00007ffa1a970000 - 0x00007ffa1b0a1000 	C:\WINDOWS\System32\SHELL32.dll
0x00007ffa172a0000 - 0x00007ffa17a2a000 	C:\WINDOWS\SYSTEM32\windows.storage.dll
0x00007ffa1a360000 - 0x00007ffa1a6b4000 	C:\WINDOWS\System32\combase.dll
0x00007ffa18bb0000 - 0x00007ffa18bdb000 	C:\WINDOWS\SYSTEM32\Wldp.dll
0x00007ffa19a80000 - 0x00007ffa19b2e000 	C:\WINDOWS\System32\SHCORE.dll
0x00007ffa1a850000 - 0x00007ffa1a8a5000 	C:\WINDOWS\System32\shlwapi.dll
0x00007ffa19070000 - 0x00007ffa1908f000 	C:\WINDOWS\SYSTEM32\profapi.dll
0x00007ff9e1ab0000 - 0x00007ff9e1aca000 	C:\Program Files\Android\Android Studio\jre\jre\bin\net.dll
0x00007ffa18930000 - 0x00007ffa1899a000 	C:\WINDOWS\system32\mswsock.dll
0x00007ff9e1540000 - 0x00007ff9e1551000 	C:\Program Files\Android\Android Studio\jre\jre\bin\nio.dll
0x00007ffa011b0000 - 0x00007ffa011d6000 	C:\Users\HP\.gradle\wrapper\dists\gradle-2.14.1-all\native\29\windows-amd64\native-platform.dll
0x00007ff9ee460000 - 0x00007ff9ee46d000 	C:\Program Files\Android\Android Studio\jre\jre\bin\management.dll
0x00007ffa18b00000 - 0x00007ffa18b18000 	C:\WINDOWS\SYSTEM32\CRYPTSP.dll
0x00007ffa181f0000 - 0x00007ffa18224000 	C:\WINDOWS\system32\rsaenh.dll
0x00007ffa192c0000 - 0x00007ffa192e7000 	C:\WINDOWS\System32\bcrypt.dll
0x00007ffa18ff0000 - 0x00007ffa1901e000 	C:\WINDOWS\SYSTEM32\USERENV.dll
0x00007ffa19130000 - 0x00007ffa191af000 	C:\WINDOWS\System32\bcryptprimitives.dll
0x00007ffa18b20000 - 0x00007ffa18b2c000 	C:\WINDOWS\SYSTEM32\CRYPTBASE.dll
0x00007ffa185d0000 - 0x00007ffa1860b000 	C:\WINDOWS\SYSTEM32\IPHLPAPI.DLL
0x00007ffa1b820000 - 0x00007ffa1b829000 	C:\WINDOWS\System32\NSI.dll
0x00007ffa16fb0000 - 0x00007ffa16fc7000 	C:\WINDOWS\SYSTEM32\dhcpcsvc6.DLL
0x00007ffa16f90000 - 0x00007ffa16fad000 	C:\WINDOWS\SYSTEM32\dhcpcsvc.DLL
0x00007ffa18610000 - 0x00007ffa186da000 	C:\WINDOWS\SYSTEM32\DNSAPI.dll
0x00007ff9dc440000 - 0x00007ff9dc464000 	C:\Program Files\Android\Android Studio\jre\jre\bin\sunec.dll
0x00007ffa00b40000 - 0x00007ffa00b4a000 	C:\Windows\System32\rasadhlp.dll
0x00007ffa00b60000 - 0x00007ffa00bdf000 	C:\WINDOWS\System32\fwpuclnt.dll
0x00007ff9e4fd0000 - 0x00007ff9e4fdb000 	C:\Program Files\Android\Android Studio\jre\jre\bin\sunmscapi.dll
0x00007ffa19340000 - 0x00007ffa1949c000 	C:\WINDOWS\System32\CRYPT32.dll
0x00007ffa17090000 - 0x00007ffa17274000 	C:\WINDOWS\SYSTEM32\dbghelp.dll

VM Arguments:
jvm_args: -Xmx1536m -Dfile.encoding=windows-1252 -Duser.country=US -Duser.language=en -Duser.variant 
java_command: org.gradle.launcher.daemon.bootstrap.GradleDaemon 5.4.1
java_class_path (initial): C:\Users\HP\.gradle\wrapper\dists\gradle-2.14.1-all\wrapper\dists\gradle-5.4.1-all\3221gyojl5jsh0helicew7rwx\gradle-5.4.1\lib\gradle-launcher-5.4.1.jar
Launcher Type: SUN_STANDARD

Environment Variables:
PATH=C:\WINDOWS\system32;C:\WINDOWS;C:\WINDOWS\System32\Wbem;C:\WINDOWS\System32\WindowsPowerShell\v1.0\;C:\WINDOWS\System32\OpenSSH\;C:\Users\HP\AppData\Local\Microsoft\WindowsApps;E:\VS Code\Microsoft VS Code\bin;
USERNAME=HP
OS=Windows_NT
PROCESSOR_IDENTIFIER=Intel64 Family 6 Model 142 Stepping 9, GenuineIntel



---------------  S Y S T E M  ---------------

OS: Windows 10.0 , 64 bit Build 19041 (10.0.19041.1)

CPU:total 4 (initial active 4) (2 cores per cpu, 2 threads per core) family 6 model 142 stepping 9, cmov, cx8, fxsr, mmx, sse, sse2, sse3, ssse3, sse4.1, sse4.2, popcnt, avx, avx2, aes, clmul, erms, 3dnowpref, lzcnt, ht, tsc, tscinvbit, bmi1, bmi2, adx

Memory: 4k page, physical 8269220k(2541048k free), swap 16657828k(10846268k free)

vm_info: OpenJDK 64-Bit Server VM (25.202-b03) for windows-amd64 JRE (1.8.0_202-release-1483-b03), built by "builder" with MS VC++ 10.0 (VS2010)

time: Wed Jun 09 07:59:09 2021
timezone: India Standard Time
elapsed time: 372 seconds (0d 0h 6m 12s)

