#
# A fatal error has been detected by the Java Runtime Environment:
#
#  EXCEPTION_ACCESS_VIOLATION (0xc0000005) at pc=0x00000145641e08a9, pid=9252, tid=7540
#
# JRE version: OpenJDK Runtime Environment (11.0.10) (build 11.0.10+0-b96-7249189)
# Java VM: OpenJDK 64-Bit Server VM (11.0.10+0-b96-7249189, mixed mode, tiered, compressed oops, g1 gc, windows-amd64)
# Problematic frame:
# J 11202 c2 org.gradle.internal.serialize.AbstractDecoder.readBinary()[B (16 bytes) @ 0x00000145641e08a9 [0x00000145641e0720+0x0000000000000189]
#
# No core dump will be written. Minidumps are not enabled by default on client versions of Windows
#
# If you would like to submit a bug report, please visit:
#   https://bugreport.java.com/bugreport/crash.jsp
#

---------------  S U M M A R Y ------------

Command Line: --add-opens=java.base/java.util=ALL-UNNAMED --add-opens=java.base/java.lang=ALL-UNNAMED --add-opens=java.base/java.lang.invoke=ALL-UNNAMED --add-opens=java.base/java.util=ALL-UNNAMED --add-opens=java.prefs/java.util.prefs=ALL-UNNAMED --add-opens=java.prefs/java.util.prefs=ALL-UNNAMED --add-opens=java.base/java.nio.charset=ALL-UNNAMED --add-opens=java.base/java.net=ALL-UNNAMED --add-opens=java.base/java.util.concurrent.atomic=ALL-UNNAMED -Xmx1536m -Dfile.encoding=windows-1252 -Duser.country=US -Duser.language=en -Duser.variant org.gradle.launcher.daemon.bootstrap.GradleDaemon 7.0.2

Host: Intel(R) Core(TM) i3-7020U CPU @ 2.30GHz, 4 cores, 7G,  Windows 10 , 64 bit Build 19041 (10.0.19041.1)
Time: Tue Oct  5 19:16:51 2021 India Standard Time elapsed time: 145.170898 seconds (0d 0h 2m 25s)

---------------  T H R E A D  ---------------

Current thread (0x0000014572c0d800):  JavaThread "Execution worker for ':'" [_thread_in_Java, id=7540, stack(0x0000000e87200000,0x0000000e87300000)]

Stack: [0x0000000e87200000,0x0000000e87300000],  sp=0x0000000e872fad90,  free space=1003k
Native frames: (J=compiled Java code, j=interpreted, Vv=VM code, C=native code)
C  0x00000145641e08a9


siginfo: EXCEPTION_ACCESS_VIOLATION (0xc0000005), reading address 0x0000000072c0d81c


Register to memory mapping:

RIP=0x00000145641e08a9 is at entry_point+393 in (nmethod*)0x00000145641e0490
RAX=0x0 is NULL
RBX=0x0000000000000010 is an unknown value
RCX=0xffffffffffffffff is an unknown value
RDX=0x00000000ab24a258 is an oop: org.gradle.internal.serialize.kryo.KryoBackedDecoder 
{0x00000000ab24a258} - klass: 'org/gradle/internal/serialize/kryo/KryoBackedDecoder'
RSP=0x0000000e872fad90 is pointing into the stack for thread: 0x0000014572c0d800
RBP=0x0000000000000010 is an unknown value
RSI=0x000001457a319220 is pointing into metadata
RDI=0x00000000ab24c268 is pointing into object: [B 
{0x00000000ab24c258} - klass: {type array byte}
 - length: 16
R8 =0x00000000ab24c258 is an oop: [B 
{0x00000000ab24c258} - klass: {type array byte}
 - length: 16
R9 =0x0000000072c0d800 is an unknown value
R10=0x0000000000000193 is an unknown value
R11=0x00000000ab24a398 is an oop: [B 
{0x00000000ab24a398} - klass: {type array byte}
 - length: 4096
R12=0x0 is NULL
R13=0x00000000ab24a258 is an oop: org.gradle.internal.serialize.kryo.KryoBackedDecoder 
{0x00000000ab24a258} - klass: 'org/gradle/internal/serialize/kryo/KryoBackedDecoder'
R14=0x00000000ab24a318 is an oop: com.esotericsoftware.kryo.io.Input 
{0x00000000ab24a318} - klass: 'com/esotericsoftware/kryo/io/Input'
R15=0x0000014572c0d800 is a thread


Registers:
RAX=0x0000000000000000, RBX=0x0000000000000010, RCX=0xffffffffffffffff, RDX=0x00000000ab24a258
RSP=0x0000000e872fad90, RBP=0x0000000000000010, RSI=0x000001457a319220, RDI=0x00000000ab24c268
R8 =0x00000000ab24c258, R9 =0x0000000072c0d800, R10=0x0000000000000193, R11=0x00000000ab24a398
R12=0x0000000000000000, R13=0x00000000ab24a258, R14=0x00000000ab24a318, R15=0x0000014572c0d800
RIP=0x00000145641e08a9, EFLAGS=0x0000000000010246

Top of Stack: (sp=0x0000000e872fad90)
0x0000000e872fad90:   00000001200032c5 00007ff8871a00d1
0x0000000e872fada0:   0000000e872fbc98 000001455e362b04
0x0000000e872fadb0:   0000000e872fbc98 0000000000000007
0x0000000e872fadc0:   00000000a054b801 00000000ab24c258
0x0000000e872fadd0:   0000014572c0d800 00000000ab24a318
0x0000000e872fade0:   00000000ab24a258 0000000000001000
0x0000000e872fadf0:   00000007ab24a398 00000000ab24a318
0x0000000e872fae00:   0000000e872fbc98 000001455ce1b024
0x0000000e872fae10:   00000000ab24a348 00000000ab24c108
0x0000000e872fae20:   00000000a8555fb0 00000000a8548808
0x0000000e872fae30:   00000000a8558d50 00000000ab24c120
0x0000000e872fae40:   0000000e872fbc98 000001455ddc4a1c
0x0000000e872fae50:   00000000ab24a258 0000014564018780
0x0000000e872fae60:   0000000e872fbc98 000001455d34ae84
0x0000000e872fae70:   00000000a855d368 0000014563f9af50
0x0000000e872fae80:   00000000a04e1340 0000014563f5b168 

Instructions: (pc=0x00000145641e08a9)
0x00000145641e07a9:   00 47 0f be 4c 1a 10 41 8b e9 83 e5 7f 41 f7 c1
0x00000145641e07b9:   80 00 00 00 0f 85 97 03 00 00 81 fd 00 00 10 00
0x00000145641e07c9:   0f 87 ad 07 00 00 48 63 cd 81 fd 00 00 10 00 0f
0x00000145641e07d9:   87 32 06 00 00 4d 8b 87 18 01 00 00 48 83 c1 17
0x00000145641e07e9:   4c 8b d1 49 83 e2 f8 4d 8b d8 4d 03 da 4d 3b 9f
0x00000145641e07f9:   28 01 00 00 0f 83 0d 06 00 00 4d 89 9f 18 01 00
0x00000145641e0809:   00 41 0f 0d 8b c0 00 00 00 49 c7 00 01 00 00 00
0x00000145641e0819:   41 0f 0d 8b 00 01 00 00 41 c7 40 08 04 01 00 20
0x00000145641e0829:   41 89 68 0c 41 0f 0d 8b 40 01 00 00 49 8b f8 48
0x00000145641e0839:   83 c7 10 41 0f 0d 8b 80 01 00 00 48 c1 e9 03 48
0x00000145641e0849:   83 c1 fe 48 33 c0 48 83 f9 08 7f 10 48 ff c9 78
0x00000145641e0859:   12 48 89 04 cf 48 ff c9 7d f7 eb 07 48 c1 e1 03
0x00000145641e0869:   f3 48 aa 4c 89 44 24 38 4c 8b 54 24 48 45 8b 52
0x00000145641e0879:   08 8b dd 41 81 fa e4 57 01 20 0f 85 ac 00 00 00
0x00000145641e0889:   4c 8b 6c 24 48 45 8b 5d 18 44 89 5c 24 48 45 8b
0x00000145641e0899:   5b 20 44 8b 54 24 48 45 8b 52 0c 44 8b 4c 24 48
0x00000145641e08a9:   45 8b 41 1c 45 2b c2 44 3b c3 8b eb 41 0f 4c e8
0x00000145641e08b9:   45 8b 4b 0c 45 85 d2 0f 8c da 06 00 00 8b cd 41
0x00000145641e08c9:   03 ca 44 3b c9 0f 82 cc 06 00 00 3b dd 0f 82 c4
0x00000145641e08d9:   06 00 00 85 ed 0f 8c bc 06 00 00 85 ed 74 24 48
0x00000145641e08e9:   8b 54 24 38 48 83 c2 10 4c 63 c5 4d 8b cb 4b 8d
0x00000145641e08f9:   4c 13 10 c5 f8 77 49 ba 60 4f 07 5c 45 01 00 00
0x00000145641e0909:   41 ff d2 44 8b 54 24 48 41 01 6a 0c 3b dd 0f 85
0x00000145641e0919:   fe 02 00 00 48 8b 44 24 38 c5 f8 77 48 83 c4 70
0x00000145641e0929:   5d 4d 8b 97 08 01 00 00 41 85 02 c3 41 81 fa 84
0x00000145641e0939:   c5 03 20 0f 85 9e 06 00 00 4c 8b 54 24 48 45 8b
0x00000145641e0949:   5a 10 45 85 db 0f 84 78 06 00 00 49 8b d3 45 33
0x00000145641e0959:   c9 8b fb c5 f8 77 e8 5c 7c b4 ff eb b7 41 81 fb
0x00000145641e0969:   84 c5 03 20 0f 85 85 06 00 00 4c 8b da 41 8b 6b
0x00000145641e0979:   10 44 8b 55 0c 4c 89 5c 24 28 4c 8b dd 4c 89 5c
0x00000145641e0989:   24 20 49 8b d2 c5 f8 77 48 b8 38 38 02 00 01 00
0x00000145641e0999:   00 00 e8 20 07 ab ff 89 44 24 30 44 8b 5d 0c 49 


Stack slot to memory mapping:
stack at sp + 0 slots: 0x00000001200032c5 is an unknown value
stack at sp + 1 slots: 0x00007ff8871a00d1 jvm.dll
stack at sp + 2 slots: 0x0000000e872fbc98 is pointing into the stack for thread: 0x0000014572c0d800
stack at sp + 3 slots: 0x000001455e362b04 is at entry_point+260 in (nmethod*)0x000001455e362810
stack at sp + 4 slots: 0x0000000e872fbc98 is pointing into the stack for thread: 0x0000014572c0d800
stack at sp + 5 slots: 0x0000000000000007 is an unknown value
stack at sp + 6 slots: 0x00000000a054b801 is pointing into object: java.lang.OutOfMemoryError 
{0x00000000a054b7e0} - klass: 'java/lang/OutOfMemoryError'
stack at sp + 7 slots: 0x00000000ab24c258 is an oop: [B 
{0x00000000ab24c258} - klass: {type array byte}
 - length: 16



---------------  P R O C E S S  ---------------

Threads class SMR info:
_java_thread_list=0x00000145783c69e0, length=48, elements={
0x0000014556d66800, 0x0000014571574800, 0x000001457159a800, 0x00000145715b7000,
0x00000145715b8000, 0x00000145715bb000, 0x00000145715c8000, 0x00000145715cc800,
0x00000145715cf800, 0x0000014572098800, 0x0000014573113800, 0x000001457219e800,
0x0000014573e0a000, 0x00000145756ab000, 0x00000145756af000, 0x00000145756a9800,
0x00000145756aa000, 0x00000145756ae000, 0x000001457531e000, 0x000001457531b800,
0x000001457531f800, 0x0000014575322000, 0x0000014575323800, 0x0000014575322800,
0x0000014575329000, 0x0000014572c05000, 0x0000014572bff800, 0x00000145756b0000,
0x00000145756ab800, 0x00000145756ac800, 0x00000145756ad800, 0x0000014572c04800,
0x0000014572c00800, 0x0000014572c06000, 0x0000014572c01000, 0x0000014577d11000,
0x0000014572c02000, 0x0000014572c07800, 0x0000014572c08800, 0x0000014572c03000,
0x0000014572c09800, 0x0000014572c03800, 0x0000014572c0e000, 0x0000014572c0a000,
0x0000014572c0d800, 0x0000014572c0b000, 0x0000014572c0c000, 0x0000014572c0c800
}

Java Threads: ( => current thread )
  0x0000014556d66800 JavaThread "main" [_thread_blocked, id=8496, stack(0x0000000e84100000,0x0000000e84200000)]
  0x0000014571574800 JavaThread "Reference Handler" daemon [_thread_blocked, id=5856, stack(0x0000000e84800000,0x0000000e84900000)]
  0x000001457159a800 JavaThread "Finalizer" daemon [_thread_blocked, id=7240, stack(0x0000000e84900000,0x0000000e84a00000)]
  0x00000145715b7000 JavaThread "Signal Dispatcher" daemon [_thread_blocked, id=9016, stack(0x0000000e84a00000,0x0000000e84b00000)]
  0x00000145715b8000 JavaThread "Attach Listener" daemon [_thread_blocked, id=10808, stack(0x0000000e84b00000,0x0000000e84c00000)]
  0x00000145715bb000 JavaThread "Service Thread" daemon [_thread_blocked, id=9192, stack(0x0000000e84c00000,0x0000000e84d00000)]
  0x00000145715c8000 JavaThread "C2 CompilerThread0" daemon [_thread_in_native, id=8012, stack(0x0000000e84d00000,0x0000000e84e00000)]
  0x00000145715cc800 JavaThread "C1 CompilerThread0" daemon [_thread_blocked, id=9904, stack(0x0000000e84e00000,0x0000000e84f00000)]
  0x00000145715cf800 JavaThread "Sweeper thread" daemon [_thread_blocked, id=8340, stack(0x0000000e84f00000,0x0000000e85000000)]
  0x0000014572098800 JavaThread "Common-Cleaner" daemon [_thread_blocked, id=10824, stack(0x0000000e85000000,0x0000000e85100000)]
  0x0000014573113800 JavaThread "Daemon health stats" [_thread_blocked, id=2436, stack(0x0000000e85500000,0x0000000e85600000)]
  0x000001457219e800 JavaThread "Incoming local TCP Connector on port 64948" [_thread_in_native, id=11216, stack(0x0000000e85200000,0x0000000e85300000)]
  0x0000014573e0a000 JavaThread "Daemon periodic checks" [_thread_blocked, id=4768, stack(0x0000000e85600000,0x0000000e85700000)]
  0x00000145756ab000 JavaThread "Cache worker for file hash cache (C:\Users\HP\.gradle\wrapper\dists\gradle-2.14.1-all\caches\7.0.2\fileHashes)" [_thread_blocked, id=6344, stack(0x0000000e85f00000,0x0000000e86000000)]
  0x00000145756af000 JavaThread "File lock request listener" [_thread_in_native, id=3340, stack(0x0000000e86100000,0x0000000e86200000)]
  0x00000145756a9800 JavaThread "Cache worker for journal cache (C:\Users\HP\.gradle\wrapper\dists\gradle-2.14.1-all\caches\journal-1)" [_thread_blocked, id=8980, stack(0x0000000e86200000,0x0000000e86300000)]
  0x00000145756aa000 JavaThread "File watcher server" daemon [_thread_in_native, id=9672, stack(0x0000000e86400000,0x0000000e86500000)]
  0x00000145756ae000 JavaThread "File watcher consumer" daemon [_thread_blocked, id=10740, stack(0x0000000e86500000,0x0000000e86600000)]
  0x000001457531e000 JavaThread "Cache worker for execution history cache (C:\Users\HP\.gradle\wrapper\dists\gradle-2.14.1-all\caches\7.0.2\executionHistory)" [_thread_blocked, id=9888, stack(0x0000000e86900000,0x0000000e86a00000)]
  0x000001457531b800 JavaThread "jar transforms" [_thread_blocked, id=6932, stack(0x0000000e86a00000,0x0000000e86b00000)]
  0x000001457531f800 JavaThread "jar transforms Thread 2" [_thread_blocked, id=10372, stack(0x0000000e86b00000,0x0000000e86c00000)]
  0x0000014575322000 JavaThread "Cache worker for file content cache (C:\Users\HP\.gradle\wrapper\dists\gradle-2.14.1-all\caches\7.0.2\fileContent)" [_thread_blocked, id=4748, stack(0x0000000e86c00000,0x0000000e86d00000)]
  0x0000014575323800 JavaThread "jar transforms Thread 3" [_thread_blocked, id=1028, stack(0x0000000e86e00000,0x0000000e86f00000)]
  0x0000014575322800 JavaThread "jar transforms Thread 4" [_thread_blocked, id=9852, stack(0x0000000e87400000,0x0000000e87500000)]
  0x0000014575329000 JavaThread "Memory manager" [_thread_blocked, id=10260, stack(0x0000000e87500000,0x0000000e87600000)]
  0x0000014572c05000 JavaThread "Daemon Thread 2" [_thread_blocked, id=9840, stack(0x0000000e83e00000,0x0000000e83f00000)]
  0x0000014572bff800 JavaThread "Daemon worker Thread 2" [_thread_blocked, id=10080, stack(0x0000000e85900000,0x0000000e85a00000)]
  0x00000145756b0000 JavaThread "Handler for socket connection from /127.0.0.1:64948 to /127.0.0.1:64990" [_thread_in_native, id=10436, stack(0x0000000e83f00000,0x0000000e84000000)]
  0x00000145756ab800 JavaThread "Cancel handler" [_thread_blocked, id=1808, stack(0x0000000e84000000,0x0000000e84100000)]
  0x00000145756ac800 JavaThread "Asynchronous log dispatcher for DefaultDaemonConnection: socket connection from /127.0.0.1:64948 to /127.0.0.1:64990" [_thread_blocked, id=7088, stack(0x0000000e85700000,0x0000000e85800000)]
  0x00000145756ad800 JavaThread "Stdin handler" [_thread_blocked, id=6380, stack(0x0000000e85800000,0x0000000e85900000)]
  0x0000014572c04800 JavaThread "Daemon client event forwarder" [_thread_blocked, id=9940, stack(0x0000000e85a00000,0x0000000e85b00000)]
  0x0000014572c00800 JavaThread "Cache worker for file hash cache (C:\Users\HP\AndroidStudioProjects\QuizzerExtended\QuizzerClass\.gradle\7.0.2\fileHashes)" [_thread_blocked, id=9864, stack(0x0000000e85b00000,0x0000000e85c00000)]
  0x0000014572c06000 JavaThread "Cache worker for checksums cache (C:\Users\HP\AndroidStudioProjects\QuizzerExtended\QuizzerClass\.gradle\checksums)" [_thread_blocked, id=9928, stack(0x0000000e85c00000,0x0000000e85d00000)]
  0x0000014572c01000 JavaThread "Cache worker for cache directory md-supplier (C:\Users\HP\.gradle\wrapper\dists\gradle-2.14.1-all\caches\7.0.2\md-supplier)" [_thread_blocked, id=3012, stack(0x0000000e85d00000,0x0000000e85e00000)]
  0x0000014577d11000 JavaThread "C2 CompilerThread1" daemon [_thread_blocked, id=6488, stack(0x0000000e85e00000,0x0000000e85f00000)]
  0x0000014572c02000 JavaThread "Cache worker for cache directory md-rule (C:\Users\HP\.gradle\wrapper\dists\gradle-2.14.1-all\caches\7.0.2\md-rule)" [_thread_blocked, id=10144, stack(0x0000000e86300000,0x0000000e86400000)]
  0x0000014572c07800 JavaThread "Cache worker for dependencies-accessors (C:\Users\HP\AndroidStudioProjects\QuizzerExtended\QuizzerClass\.gradle\7.0.2\dependencies-accessors)" [_thread_blocked, id=2416, stack(0x0000000e86600000,0x0000000e86700000)]
  0x0000014572c08800 JavaThread "Cache worker for Build Output Cleanup Cache (C:\Users\HP\AndroidStudioProjects\QuizzerExtended\QuizzerClass\.gradle\buildOutputCleanup)" [_thread_blocked, id=10484, stack(0x0000000e86700000,0x0000000e86800000)]
  0x0000014572c03000 JavaThread "Build operations" [_thread_blocked, id=7760, stack(0x0000000e86800000,0x0000000e86900000)]
  0x0000014572c09800 JavaThread "Build operations Thread 2" [_thread_blocked, id=7492, stack(0x0000000e86d00000,0x0000000e86e00000)]
  0x0000014572c03800 JavaThread "Build operations Thread 3" [_thread_blocked, id=10088, stack(0x0000000e86f00000,0x0000000e87000000)]
  0x0000014572c0e000 JavaThread "Build operations Thread 4" [_thread_blocked, id=9088, stack(0x0000000e87000000,0x0000000e87100000)]
  0x0000014572c0a000 JavaThread "build event listener" [_thread_blocked, id=8252, stack(0x0000000e87100000,0x0000000e87200000)]
=>0x0000014572c0d800 JavaThread "Execution worker for ':'" [_thread_in_Java, id=7540, stack(0x0000000e87200000,0x0000000e87300000)]
  0x0000014572c0b000 JavaThread "Execution worker for ':' Thread 2" [_thread_blocked, id=1588, stack(0x0000000e87300000,0x0000000e87400000)]
  0x0000014572c0c000 JavaThread "Execution worker for ':' Thread 3" [_thread_blocked, id=9504, stack(0x0000000e87600000,0x0000000e87700000)]
  0x0000014572c0c800 JavaThread "Cache worker for execution history cache (C:\Users\HP\AndroidStudioProjects\QuizzerExtended\QuizzerClass\.gradle\7.0.2\executionHistory)" [_thread_blocked, id=752, stack(0x0000000e87700000,0x0000000e87800000)]

Other Threads:
  0x0000014571573000 VMThread "VM Thread" [stack: 0x0000000e84700000,0x0000000e84800000] [id=2008]
  0x00000145720c7800 WatcherThread [stack: 0x0000000e85100000,0x0000000e85200000] [id=8212]
  0x0000014556d81000 GCTaskThread "GC Thread#0" [stack: 0x0000000e84200000,0x0000000e84300000] [id=3112]
  0x0000014572738000 GCTaskThread "GC Thread#1" [stack: 0x0000000e85300000,0x0000000e85400000] [id=10328]
  0x0000014572850000 GCTaskThread "GC Thread#2" [stack: 0x0000000e85400000,0x0000000e85500000] [id=10164]
  0x0000014575679800 GCTaskThread "GC Thread#3" [stack: 0x0000000e86000000,0x0000000e86100000] [id=10104]
  0x0000014556da7000 ConcurrentGCThread "G1 Main Marker" [stack: 0x0000000e84300000,0x0000000e84400000] [id=9012]
  0x0000014556da8800 ConcurrentGCThread "G1 Conc#0" [stack: 0x0000000e84400000,0x0000000e84500000] [id=4924]
  0x0000014556e3b000 ConcurrentGCThread "G1 Refine#0" [stack: 0x0000000e84500000,0x0000000e84600000] [id=9332]
  0x0000014575e3a000 ConcurrentGCThread "G1 Refine#1" [stack: 0x0000000e88000000,0x0000000e88100000] [id=6888]
  0x0000014556e3c000 ConcurrentGCThread "G1 Young RemSet Sampling" [stack: 0x0000000e84600000,0x0000000e84700000] [id=6468]

Threads with active compile tasks:
C2 CompilerThread0 145319 14124   !   4       org.gradle.api.internal.attributes.DefaultImmutableAttributesFactory::doConcatIsolatable (128 bytes)

VM state:not at safepoint (normal execution)

VM Mutex/Monitor currently owned by a thread: None

Heap address: 0x00000000a0000000, size: 1536 MB, Compressed Oops mode: 32-bit
Narrow klass base: 0x0000000000000000, Narrow klass shift: 3
Compressed class space size: 1073741824 Address: 0x0000000100000000

Heap:
 garbage-first heap   total 189440K, used 110064K [0x00000000a0000000, 0x0000000100000000)
  region size 1024K, 11 young (11264K), 4 survivors (4096K)
 Metaspace       used 90506K, capacity 93078K, committed 93296K, reserved 1130496K
  class space    used 11467K, capacity 12356K, committed 12364K, reserved 1048576K
Heap Regions: E=young(eden), S=young(survivor), O=old, HS=humongous(starts), HC=humongous(continues), CS=collection set, F=free, A=archive, TAMS=top-at-mark-start (previous, next)
|   0|0x00000000a0000000, 0x00000000a0100000, 0x00000000a0100000|100%|HS|  |TAMS 0x00000000a0100000, 0x00000000a0000000| Complete 
|   1|0x00000000a0100000, 0x00000000a0200000, 0x00000000a0200000|100%|HC|  |TAMS 0x00000000a0200000, 0x00000000a0100000| Complete 
|   2|0x00000000a0200000, 0x00000000a0300000, 0x00000000a0300000|100%|HC|  |TAMS 0x00000000a0300000, 0x00000000a0200000| Complete 
|   3|0x00000000a0300000, 0x00000000a0400000, 0x00000000a0400000|100%| O|  |TAMS 0x00000000a0400000, 0x00000000a0300000| Untracked 
|   4|0x00000000a0400000, 0x00000000a0500000, 0x00000000a0500000|100%| O|  |TAMS 0x00000000a0500000, 0x00000000a0400000| Untracked 
|   5|0x00000000a0500000, 0x00000000a0600000, 0x00000000a0600000|100%| O|  |TAMS 0x00000000a0600000, 0x00000000a0500000| Untracked 
|   6|0x00000000a0600000, 0x00000000a0700000, 0x00000000a0700000|100%| O|  |TAMS 0x00000000a0700000, 0x00000000a0600000| Complete 
|   7|0x00000000a0700000, 0x00000000a0800000, 0x00000000a0800000|100%| O|  |TAMS 0x00000000a0800000, 0x00000000a0700000| Complete 
|   8|0x00000000a0800000, 0x00000000a0900000, 0x00000000a0900000|100%| O|  |TAMS 0x00000000a0900000, 0x00000000a0800000| Untracked 
|   9|0x00000000a0900000, 0x00000000a0a00000, 0x00000000a0a00000|100%| O|  |TAMS 0x00000000a0a00000, 0x00000000a0900000| Untracked 
|  10|0x00000000a0a00000, 0x00000000a0b00000, 0x00000000a0b00000|100%| O|  |TAMS 0x00000000a0b00000, 0x00000000a0a00000| Untracked 
|  11|0x00000000a0b00000, 0x00000000a0c00000, 0x00000000a0c00000|100%| O|  |TAMS 0x00000000a0c00000, 0x00000000a0b00000| Untracked 
|  12|0x00000000a0c00000, 0x00000000a0d00000, 0x00000000a0d00000|100%| O|  |TAMS 0x00000000a0d00000, 0x00000000a0c00000| Untracked 
|  13|0x00000000a0d00000, 0x00000000a0e00000, 0x00000000a0e00000|100%| O|  |TAMS 0x00000000a0e00000, 0x00000000a0d00000| Untracked 
|  14|0x00000000a0e00000, 0x00000000a0f00000, 0x00000000a0f00000|100%|HS|  |TAMS 0x00000000a0f00000, 0x00000000a0e00000| Complete 
|  15|0x00000000a0f00000, 0x00000000a1000000, 0x00000000a1000000|100%| O|  |TAMS 0x00000000a1000000, 0x00000000a0f00000| Untracked 
|  16|0x00000000a1000000, 0x00000000a1100000, 0x00000000a1100000|100%| O|  |TAMS 0x00000000a1100000, 0x00000000a1000000| Untracked 
|  17|0x00000000a1100000, 0x00000000a1200000, 0x00000000a1200000|100%| O|  |TAMS 0x00000000a1200000, 0x00000000a1100000| Untracked 
|  18|0x00000000a1200000, 0x00000000a1300000, 0x00000000a1300000|100%| O|  |TAMS 0x00000000a1300000, 0x00000000a1200000| Untracked 
|  19|0x00000000a1300000, 0x00000000a1400000, 0x00000000a1400000|100%| O|  |TAMS 0x00000000a1400000, 0x00000000a1300000| Complete 
|  20|0x00000000a1400000, 0x00000000a1500000, 0x00000000a1500000|100%| O|  |TAMS 0x00000000a1500000, 0x00000000a1400000| Untracked 
|  21|0x00000000a1500000, 0x00000000a1600000, 0x00000000a1600000|100%| O|  |TAMS 0x00000000a1600000, 0x00000000a1500000| Untracked 
|  22|0x00000000a1600000, 0x00000000a1700000, 0x00000000a1700000|100%| O|  |TAMS 0x00000000a1700000, 0x00000000a1600000| Complete 
|  23|0x00000000a1700000, 0x00000000a1800000, 0x00000000a1800000|100%|HS|  |TAMS 0x00000000a1800000, 0x00000000a1700000| Complete 
|  24|0x00000000a1800000, 0x00000000a1900000, 0x00000000a1900000|100%|HS|  |TAMS 0x00000000a1900000, 0x00000000a1800000| Complete 
|  25|0x00000000a1900000, 0x00000000a1a00000, 0x00000000a1a00000|100%|HC|  |TAMS 0x00000000a1a00000, 0x00000000a1900000| Complete 
|  26|0x00000000a1a00000, 0x00000000a1b00000, 0x00000000a1b00000|100%| O|  |TAMS 0x00000000a1b00000, 0x00000000a1a00000| Untracked 
|  27|0x00000000a1b00000, 0x00000000a1c00000, 0x00000000a1c00000|100%| O|  |TAMS 0x00000000a1c00000, 0x00000000a1b00000| Untracked 
|  28|0x00000000a1c00000, 0x00000000a1d00000, 0x00000000a1d00000|100%| O|  |TAMS 0x00000000a1d00000, 0x00000000a1c00000| Untracked 
|  29|0x00000000a1d00000, 0x00000000a1e00000, 0x00000000a1e00000|100%| O|  |TAMS 0x00000000a1e00000, 0x00000000a1d00000| Untracked 
|  30|0x00000000a1e00000, 0x00000000a1f00000, 0x00000000a1f00000|100%| O|  |TAMS 0x00000000a1f00000, 0x00000000a1e00000| Untracked 
|  31|0x00000000a1f00000, 0x00000000a2000000, 0x00000000a2000000|100%| O|  |TAMS 0x00000000a2000000, 0x00000000a1f00000| Complete 
|  32|0x00000000a2000000, 0x00000000a2100000, 0x00000000a2100000|100%| O|  |TAMS 0x00000000a2100000, 0x00000000a2000000| Untracked 
|  33|0x00000000a2100000, 0x00000000a2200000, 0x00000000a2200000|100%| O|  |TAMS 0x00000000a2200000, 0x00000000a2100000| Untracked 
|  34|0x00000000a2200000, 0x00000000a2300000, 0x00000000a2300000|100%| O|  |TAMS 0x00000000a2300000, 0x00000000a2200000| Untracked 
|  35|0x00000000a2300000, 0x00000000a2400000, 0x00000000a2400000|100%| O|  |TAMS 0x00000000a2400000, 0x00000000a2300000| Untracked 
|  36|0x00000000a2400000, 0x00000000a2500000, 0x00000000a2500000|100%| O|  |TAMS 0x00000000a2500000, 0x00000000a2400000| Untracked 
|  37|0x00000000a2500000, 0x00000000a2600000, 0x00000000a2600000|100%| O|  |TAMS 0x00000000a2600000, 0x00000000a2500000| Untracked 
|  38|0x00000000a2600000, 0x00000000a2700000, 0x00000000a2700000|100%| O|  |TAMS 0x00000000a2700000, 0x00000000a2600000| Untracked 
|  39|0x00000000a2700000, 0x00000000a2800000, 0x00000000a2800000|100%| O|  |TAMS 0x00000000a2800000, 0x00000000a2700000| Untracked 
|  40|0x00000000a2800000, 0x00000000a2900000, 0x00000000a2900000|100%| O|  |TAMS 0x00000000a2900000, 0x00000000a2800000| Complete 
|  41|0x00000000a2900000, 0x00000000a2a00000, 0x00000000a2a00000|100%| O|  |TAMS 0x00000000a2a00000, 0x00000000a2900000| Complete 
|  42|0x00000000a2a00000, 0x00000000a2b00000, 0x00000000a2b00000|100%| O|  |TAMS 0x00000000a2b00000, 0x00000000a2a00000| Untracked 
|  43|0x00000000a2b00000, 0x00000000a2c00000, 0x00000000a2c00000|100%| O|  |TAMS 0x00000000a2c00000, 0x00000000a2b00000| Untracked 
|  44|0x00000000a2c00000, 0x00000000a2d00000, 0x00000000a2d00000|100%| O|  |TAMS 0x00000000a2d00000, 0x00000000a2c00000| Complete 
|  45|0x00000000a2d00000, 0x00000000a2e00000, 0x00000000a2e00000|100%| O|  |TAMS 0x00000000a2e00000, 0x00000000a2d00000| Untracked 
|  46|0x00000000a2e00000, 0x00000000a2f00000, 0x00000000a2f00000|100%| O|  |TAMS 0x00000000a2f00000, 0x00000000a2e00000| Untracked 
|  47|0x00000000a2f00000, 0x00000000a3000000, 0x00000000a3000000|100%| O|  |TAMS 0x00000000a3000000, 0x00000000a2f00000| Untracked 
|  48|0x00000000a3000000, 0x00000000a3100000, 0x00000000a3100000|100%| O|  |TAMS 0x00000000a3100000, 0x00000000a3000000| Untracked 
|  49|0x00000000a3100000, 0x00000000a3200000, 0x00000000a3200000|100%| O|  |TAMS 0x00000000a3200000, 0x00000000a3100000| Complete 
|  50|0x00000000a3200000, 0x00000000a3300000, 0x00000000a3300000|100%| O|  |TAMS 0x00000000a3300000, 0x00000000a3200000| Complete 
|  51|0x00000000a3300000, 0x00000000a3400000, 0x00000000a3400000|100%| O|  |TAMS 0x00000000a3400000, 0x00000000a3300000| Untracked 
|  52|0x00000000a3400000, 0x00000000a3500000, 0x00000000a3500000|100%| O|  |TAMS 0x00000000a3500000, 0x00000000a3400000| Complete 
|  53|0x00000000a3500000, 0x00000000a3600000, 0x00000000a3600000|100%| O|  |TAMS 0x00000000a3600000, 0x00000000a3500000| Untracked 
|  54|0x00000000a3600000, 0x00000000a3700000, 0x00000000a3700000|100%| O|  |TAMS 0x00000000a3700000, 0x00000000a3600000| Untracked 
|  55|0x00000000a3700000, 0x00000000a3800000, 0x00000000a3800000|100%| O|  |TAMS 0x00000000a3800000, 0x00000000a3700000| Untracked 
|  56|0x00000000a3800000, 0x00000000a3900000, 0x00000000a3900000|100%| O|  |TAMS 0x00000000a3900000, 0x00000000a3800000| Complete 
|  57|0x00000000a3900000, 0x00000000a3a00000, 0x00000000a3a00000|100%| O|  |TAMS 0x00000000a3a00000, 0x00000000a3900000| Untracked 
|  58|0x00000000a3a00000, 0x00000000a3b00000, 0x00000000a3b00000|100%| O|  |TAMS 0x00000000a3b00000, 0x00000000a3a00000| Complete 
|  59|0x00000000a3b00000, 0x00000000a3c00000, 0x00000000a3c00000|100%| O|  |TAMS 0x00000000a3c00000, 0x00000000a3b00000| Untracked 
|  60|0x00000000a3c00000, 0x00000000a3d00000, 0x00000000a3d00000|100%| O|  |TAMS 0x00000000a3d00000, 0x00000000a3c00000| Complete 
|  61|0x00000000a3d00000, 0x00000000a3e00000, 0x00000000a3e00000|100%| O|  |TAMS 0x00000000a3e00000, 0x00000000a3d00000| Complete 
|  62|0x00000000a3e00000, 0x00000000a3f00000, 0x00000000a3f00000|100%| O|  |TAMS 0x00000000a3f00000, 0x00000000a3e00000| Complete 
|  63|0x00000000a3f00000, 0x00000000a4000000, 0x00000000a4000000|100%| O|  |TAMS 0x00000000a4000000, 0x00000000a3f00000| Complete 
|  64|0x00000000a4000000, 0x00000000a4100000, 0x00000000a4100000|100%| O|  |TAMS 0x00000000a4100000, 0x00000000a4000000| Untracked 
|  65|0x00000000a4100000, 0x00000000a4200000, 0x00000000a4200000|100%| O|  |TAMS 0x00000000a4200000, 0x00000000a4100000| Untracked 
|  66|0x00000000a4200000, 0x00000000a4300000, 0x00000000a4300000|100%| O|  |TAMS 0x00000000a4300000, 0x00000000a4200000| Untracked 
|  67|0x00000000a4300000, 0x00000000a4400000, 0x00000000a4400000|100%| O|  |TAMS 0x00000000a4400000, 0x00000000a4300000| Complete 
|  68|0x00000000a4400000, 0x00000000a4500000, 0x00000000a4500000|100%| O|  |TAMS 0x00000000a4500000, 0x00000000a4400000| Untracked 
|  69|0x00000000a4500000, 0x00000000a4600000, 0x00000000a4600000|100%| O|  |TAMS 0x00000000a4600000, 0x00000000a4500000| Complete 
|  70|0x00000000a4600000, 0x00000000a4700000, 0x00000000a4700000|100%| O|  |TAMS 0x00000000a4700000, 0x00000000a4600000| Untracked 
|  71|0x00000000a4700000, 0x00000000a4800000, 0x00000000a4800000|100%| O|  |TAMS 0x00000000a4800000, 0x00000000a4700000| Untracked 
|  72|0x00000000a4800000, 0x00000000a4900000, 0x00000000a4900000|100%| O|  |TAMS 0x00000000a4900000, 0x00000000a4800000| Complete 
|  73|0x00000000a4900000, 0x00000000a4900000, 0x00000000a4a00000|  0%| F|  |TAMS 0x00000000a4900000, 0x00000000a4900000| Untracked 
|  74|0x00000000a4a00000, 0x00000000a4b00000, 0x00000000a4b00000|100%| O|  |TAMS 0x00000000a4b00000, 0x00000000a4a00000| Untracked 
|  75|0x00000000a4b00000, 0x00000000a4c00000, 0x00000000a4c00000|100%| O|  |TAMS 0x00000000a4c00000, 0x00000000a4b00000| Complete 
|  76|0x00000000a4c00000, 0x00000000a4d00000, 0x00000000a4d00000|100%| O|  |TAMS 0x00000000a4d00000, 0x00000000a4c00000| Complete 
|  77|0x00000000a4d00000, 0x00000000a4e00000, 0x00000000a4e00000|100%| O|  |TAMS 0x00000000a4e00000, 0x00000000a4d00000| Complete 
|  78|0x00000000a4e00000, 0x00000000a4f00000, 0x00000000a4f00000|100%| O|  |TAMS 0x00000000a4f00000, 0x00000000a4e00000| Untracked 
|  79|0x00000000a4f00000, 0x00000000a5000000, 0x00000000a5000000|100%| O|  |TAMS 0x00000000a5000000, 0x00000000a4f00000| Complete 
|  80|0x00000000a5000000, 0x00000000a5100000, 0x00000000a5100000|100%| O|  |TAMS 0x00000000a5100000, 0x00000000a5000000| Complete 
|  81|0x00000000a5100000, 0x00000000a5100000, 0x00000000a5200000|  0%| F|  |TAMS 0x00000000a5100000, 0x00000000a5100000| Untracked 
|  82|0x00000000a5200000, 0x00000000a5300000, 0x00000000a5300000|100%| O|  |TAMS 0x00000000a5300000, 0x00000000a5200000| Untracked 
|  83|0x00000000a5300000, 0x00000000a5400000, 0x00000000a5400000|100%| O|  |TAMS 0x00000000a5400000, 0x00000000a5300000| Untracked 
|  84|0x00000000a5400000, 0x00000000a5400000, 0x00000000a5500000|  0%| F|  |TAMS 0x00000000a5400000, 0x00000000a5400000| Untracked 
|  85|0x00000000a5500000, 0x00000000a5600000, 0x00000000a5600000|100%| O|  |TAMS 0x00000000a5600000, 0x00000000a5500000| Complete 
|  86|0x00000000a5600000, 0x00000000a5700000, 0x00000000a5700000|100%| O|  |TAMS 0x00000000a5700000, 0x00000000a5600000| Untracked 
|  87|0x00000000a5700000, 0x00000000a5800000, 0x00000000a5800000|100%| O|  |TAMS 0x00000000a5800000, 0x00000000a5700000| Untracked 
|  88|0x00000000a5800000, 0x00000000a5900000, 0x00000000a5900000|100%| O|  |TAMS 0x00000000a5900000, 0x00000000a5800000| Complete 
|  89|0x00000000a5900000, 0x00000000a5a00000, 0x00000000a5a00000|100%| O|  |TAMS 0x00000000a5a00000, 0x00000000a5900000| Complete 
|  90|0x00000000a5a00000, 0x00000000a5b00000, 0x00000000a5b00000|100%| O|  |TAMS 0x00000000a5b00000, 0x00000000a5a00000| Complete 
|  91|0x00000000a5b00000, 0x00000000a5c00000, 0x00000000a5c00000|100%| O|  |TAMS 0x00000000a5c00000, 0x00000000a5b00000| Complete 
|  92|0x00000000a5c00000, 0x00000000a5d00000, 0x00000000a5d00000|100%| O|  |TAMS 0x00000000a5d00000, 0x00000000a5c00000| Untracked 
|  93|0x00000000a5d00000, 0x00000000a5e00000, 0x00000000a5e00000|100%| O|  |TAMS 0x00000000a5e00000, 0x00000000a5d00000| Complete 
|  94|0x00000000a5e00000, 0x00000000a5f00000, 0x00000000a5f00000|100%| O|  |TAMS 0x00000000a5f00000, 0x00000000a5e00000| Untracked 
|  95|0x00000000a5f00000, 0x00000000a6000000, 0x00000000a6000000|100%| O|  |TAMS 0x00000000a6000000, 0x00000000a5f00000| Complete 
|  96|0x00000000a6000000, 0x00000000a6100000, 0x00000000a6100000|100%| O|  |TAMS 0x00000000a6100000, 0x00000000a6000000| Complete 
|  97|0x00000000a6100000, 0x00000000a6200000, 0x00000000a6200000|100%| O|  |TAMS 0x00000000a6200000, 0x00000000a6100000| Untracked 
|  98|0x00000000a6200000, 0x00000000a6300000, 0x00000000a6300000|100%| O|  |TAMS 0x00000000a6300000, 0x00000000a6200000| Complete 
|  99|0x00000000a6300000, 0x00000000a6400000, 0x00000000a6400000|100%| O|  |TAMS 0x00000000a6400000, 0x00000000a6300000| Complete 
| 100|0x00000000a6400000, 0x00000000a6500000, 0x00000000a6500000|100%| O|  |TAMS 0x00000000a6500000, 0x00000000a6400000| Complete 
| 101|0x00000000a6500000, 0x00000000a656e400, 0x00000000a6600000| 43%| O|  |TAMS 0x00000000a656e400, 0x00000000a6500000| Untracked 
| 102|0x00000000a6600000, 0x00000000a6600000, 0x00000000a6700000|  0%| F|  |TAMS 0x00000000a6600000, 0x00000000a6600000| Untracked 
| 103|0x00000000a6700000, 0x00000000a6700000, 0x00000000a6800000|  0%| F|  |TAMS 0x00000000a6700000, 0x00000000a6700000| Untracked 
| 104|0x00000000a6800000, 0x00000000a6800000, 0x00000000a6900000|  0%| F|  |TAMS 0x00000000a6800000, 0x00000000a6800000| Untracked 
| 105|0x00000000a6900000, 0x00000000a6900000, 0x00000000a6a00000|  0%| F|  |TAMS 0x00000000a6900000, 0x00000000a6900000| Untracked 
| 106|0x00000000a6a00000, 0x00000000a6a00000, 0x00000000a6b00000|  0%| F|  |TAMS 0x00000000a6a00000, 0x00000000a6a00000| Untracked 
| 107|0x00000000a6b00000, 0x00000000a6b00000, 0x00000000a6c00000|  0%| F|  |TAMS 0x00000000a6b00000, 0x00000000a6b00000| Untracked 
| 108|0x00000000a6c00000, 0x00000000a6c00000, 0x00000000a6d00000|  0%| F|  |TAMS 0x00000000a6c00000, 0x00000000a6c00000| Untracked 
| 109|0x00000000a6d00000, 0x00000000a6d00000, 0x00000000a6e00000|  0%| F|  |TAMS 0x00000000a6d00000, 0x00000000a6d00000| Untracked 
| 110|0x00000000a6e00000, 0x00000000a6e00000, 0x00000000a6f00000|  0%| F|  |TAMS 0x00000000a6e00000, 0x00000000a6e00000| Untracked 
| 111|0x00000000a6f00000, 0x00000000a6f00000, 0x00000000a7000000|  0%| F|  |TAMS 0x00000000a6f00000, 0x00000000a6f00000| Untracked 
| 112|0x00000000a7000000, 0x00000000a7000000, 0x00000000a7100000|  0%| F|  |TAMS 0x00000000a7000000, 0x00000000a7000000| Untracked 
| 113|0x00000000a7100000, 0x00000000a7100000, 0x00000000a7200000|  0%| F|  |TAMS 0x00000000a7100000, 0x00000000a7100000| Untracked 
| 114|0x00000000a7200000, 0x00000000a7200000, 0x00000000a7300000|  0%| F|  |TAMS 0x00000000a7200000, 0x00000000a7200000| Untracked 
| 115|0x00000000a7300000, 0x00000000a7300000, 0x00000000a7400000|  0%| F|  |TAMS 0x00000000a7300000, 0x00000000a7300000| Untracked 
| 116|0x00000000a7400000, 0x00000000a7400000, 0x00000000a7500000|  0%| F|  |TAMS 0x00000000a7400000, 0x00000000a7400000| Untracked 
| 117|0x00000000a7500000, 0x00000000a7500000, 0x00000000a7600000|  0%| F|  |TAMS 0x00000000a7500000, 0x00000000a7500000| Untracked 
| 118|0x00000000a7600000, 0x00000000a7600000, 0x00000000a7700000|  0%| F|  |TAMS 0x00000000a7600000, 0x00000000a7600000| Untracked 
| 119|0x00000000a7700000, 0x00000000a7700000, 0x00000000a7800000|  0%| F|  |TAMS 0x00000000a7700000, 0x00000000a7700000| Untracked 
| 120|0x00000000a7800000, 0x00000000a7800000, 0x00000000a7900000|  0%| F|  |TAMS 0x00000000a7800000, 0x00000000a7800000| Untracked 
| 121|0x00000000a7900000, 0x00000000a7900000, 0x00000000a7a00000|  0%| F|  |TAMS 0x00000000a7900000, 0x00000000a7900000| Untracked 
| 122|0x00000000a7a00000, 0x00000000a7a00000, 0x00000000a7b00000|  0%| F|  |TAMS 0x00000000a7a00000, 0x00000000a7a00000| Untracked 
| 123|0x00000000a7b00000, 0x00000000a7b00000, 0x00000000a7c00000|  0%| F|  |TAMS 0x00000000a7b00000, 0x00000000a7b00000| Untracked 
| 124|0x00000000a7c00000, 0x00000000a7c00000, 0x00000000a7d00000|  0%| F|  |TAMS 0x00000000a7c00000, 0x00000000a7c00000| Untracked 
| 125|0x00000000a7d00000, 0x00000000a7d00000, 0x00000000a7e00000|  0%| F|  |TAMS 0x00000000a7d00000, 0x00000000a7d00000| Untracked 
| 126|0x00000000a7e00000, 0x00000000a7e00000, 0x00000000a7f00000|  0%| F|  |TAMS 0x00000000a7e00000, 0x00000000a7e00000| Untracked 
| 127|0x00000000a7f00000, 0x00000000a7f00000, 0x00000000a8000000|  0%| F|  |TAMS 0x00000000a7f00000, 0x00000000a7f00000| Untracked 
| 128|0x00000000a8000000, 0x00000000a8000000, 0x00000000a8100000|  0%| F|  |TAMS 0x00000000a8000000, 0x00000000a8000000| Untracked 
| 129|0x00000000a8100000, 0x00000000a8100000, 0x00000000a8200000|  0%| F|  |TAMS 0x00000000a8100000, 0x00000000a8100000| Untracked 
| 130|0x00000000a8200000, 0x00000000a820dc38, 0x00000000a8300000|  5%| S|CS|TAMS 0x00000000a8200000, 0x00000000a8200000| Complete 
| 131|0x00000000a8300000, 0x00000000a8400000, 0x00000000a8400000|100%| S|CS|TAMS 0x00000000a8300000, 0x00000000a8300000| Complete 
| 132|0x00000000a8400000, 0x00000000a8500000, 0x00000000a8500000|100%| S|CS|TAMS 0x00000000a8400000, 0x00000000a8400000| Complete 
| 133|0x00000000a8500000, 0x00000000a8600000, 0x00000000a8600000|100%| S|CS|TAMS 0x00000000a8500000, 0x00000000a8500000| Complete 
| 134|0x00000000a8600000, 0x00000000a8600000, 0x00000000a8700000|  0%| F|  |TAMS 0x00000000a8600000, 0x00000000a8600000| Untracked 
| 135|0x00000000a8700000, 0x00000000a8700000, 0x00000000a8800000|  0%| F|  |TAMS 0x00000000a8700000, 0x00000000a8700000| Untracked 
| 136|0x00000000a8800000, 0x00000000a8800000, 0x00000000a8900000|  0%| F|  |TAMS 0x00000000a8800000, 0x00000000a8800000| Untracked 
| 137|0x00000000a8900000, 0x00000000a8900000, 0x00000000a8a00000|  0%| F|  |TAMS 0x00000000a8900000, 0x00000000a8900000| Untracked 
| 138|0x00000000a8a00000, 0x00000000a8a00000, 0x00000000a8b00000|  0%| F|  |TAMS 0x00000000a8a00000, 0x00000000a8a00000| Untracked 
| 139|0x00000000a8b00000, 0x00000000a8b00000, 0x00000000a8c00000|  0%| F|  |TAMS 0x00000000a8b00000, 0x00000000a8b00000| Untracked 
| 140|0x00000000a8c00000, 0x00000000a8c00000, 0x00000000a8d00000|  0%| F|  |TAMS 0x00000000a8c00000, 0x00000000a8c00000| Untracked 
| 141|0x00000000a8d00000, 0x00000000a8d00000, 0x00000000a8e00000|  0%| F|  |TAMS 0x00000000a8d00000, 0x00000000a8d00000| Untracked 
| 142|0x00000000a8e00000, 0x00000000a8e00000, 0x00000000a8f00000|  0%| F|  |TAMS 0x00000000a8e00000, 0x00000000a8e00000| Untracked 
| 143|0x00000000a8f00000, 0x00000000a8f00000, 0x00000000a9000000|  0%| F|  |TAMS 0x00000000a8f00000, 0x00000000a8f00000| Untracked 
| 144|0x00000000a9000000, 0x00000000a9000000, 0x00000000a9100000|  0%| F|  |TAMS 0x00000000a9000000, 0x00000000a9000000| Untracked 
| 145|0x00000000a9100000, 0x00000000a9100000, 0x00000000a9200000|  0%| F|  |TAMS 0x00000000a9100000, 0x00000000a9100000| Untracked 
| 146|0x00000000a9200000, 0x00000000a9200000, 0x00000000a9300000|  0%| F|  |TAMS 0x00000000a9200000, 0x00000000a9200000| Untracked 
| 147|0x00000000a9300000, 0x00000000a9300000, 0x00000000a9400000|  0%| F|  |TAMS 0x00000000a9300000, 0x00000000a9300000| Untracked 
| 148|0x00000000a9400000, 0x00000000a9400000, 0x00000000a9500000|  0%| F|  |TAMS 0x00000000a9400000, 0x00000000a9400000| Untracked 
| 149|0x00000000a9500000, 0x00000000a9500000, 0x00000000a9600000|  0%| F|  |TAMS 0x00000000a9500000, 0x00000000a9500000| Untracked 
| 150|0x00000000a9600000, 0x00000000a9600000, 0x00000000a9700000|  0%| F|  |TAMS 0x00000000a9600000, 0x00000000a9600000| Untracked 
| 151|0x00000000a9700000, 0x00000000a9700000, 0x00000000a9800000|  0%| F|  |TAMS 0x00000000a9700000, 0x00000000a9700000| Untracked 
| 152|0x00000000a9800000, 0x00000000a9800000, 0x00000000a9900000|  0%| F|  |TAMS 0x00000000a9800000, 0x00000000a9800000| Untracked 
| 153|0x00000000a9900000, 0x00000000a9900000, 0x00000000a9a00000|  0%| F|  |TAMS 0x00000000a9900000, 0x00000000a9900000| Untracked 
| 154|0x00000000a9a00000, 0x00000000a9a00000, 0x00000000a9b00000|  0%| F|  |TAMS 0x00000000a9a00000, 0x00000000a9a00000| Untracked 
| 155|0x00000000a9b00000, 0x00000000a9b00000, 0x00000000a9c00000|  0%| F|  |TAMS 0x00000000a9b00000, 0x00000000a9b00000| Untracked 
| 156|0x00000000a9c00000, 0x00000000a9c00000, 0x00000000a9d00000|  0%| F|  |TAMS 0x00000000a9c00000, 0x00000000a9c00000| Untracked 
| 157|0x00000000a9d00000, 0x00000000a9d00000, 0x00000000a9e00000|  0%| F|  |TAMS 0x00000000a9d00000, 0x00000000a9d00000| Untracked 
| 158|0x00000000a9e00000, 0x00000000a9e00000, 0x00000000a9f00000|  0%| F|  |TAMS 0x00000000a9e00000, 0x00000000a9e00000| Untracked 
| 159|0x00000000a9f00000, 0x00000000a9f00000, 0x00000000aa000000|  0%| F|  |TAMS 0x00000000a9f00000, 0x00000000a9f00000| Untracked 
| 160|0x00000000aa000000, 0x00000000aa000000, 0x00000000aa100000|  0%| F|  |TAMS 0x00000000aa000000, 0x00000000aa000000| Untracked 
| 161|0x00000000aa100000, 0x00000000aa100000, 0x00000000aa200000|  0%| F|  |TAMS 0x00000000aa100000, 0x00000000aa100000| Untracked 
| 162|0x00000000aa200000, 0x00000000aa200000, 0x00000000aa300000|  0%| F|  |TAMS 0x00000000aa200000, 0x00000000aa200000| Untracked 
| 163|0x00000000aa300000, 0x00000000aa300000, 0x00000000aa400000|  0%| F|  |TAMS 0x00000000aa300000, 0x00000000aa300000| Untracked 
| 164|0x00000000aa400000, 0x00000000aa400000, 0x00000000aa500000|  0%| F|  |TAMS 0x00000000aa400000, 0x00000000aa400000| Untracked 
| 165|0x00000000aa500000, 0x00000000aa500000, 0x00000000aa600000|  0%| F|  |TAMS 0x00000000aa500000, 0x00000000aa500000| Untracked 
| 166|0x00000000aa600000, 0x00000000aa600000, 0x00000000aa700000|  0%| F|  |TAMS 0x00000000aa600000, 0x00000000aa600000| Untracked 
| 167|0x00000000aa700000, 0x00000000aa700000, 0x00000000aa800000|  0%| F|  |TAMS 0x00000000aa700000, 0x00000000aa700000| Untracked 
| 168|0x00000000aa800000, 0x00000000aa800000, 0x00000000aa900000|  0%| F|  |TAMS 0x00000000aa800000, 0x00000000aa800000| Untracked 
| 169|0x00000000aa900000, 0x00000000aa900000, 0x00000000aaa00000|  0%| F|  |TAMS 0x00000000aa900000, 0x00000000aa900000| Untracked 
| 170|0x00000000aaa00000, 0x00000000aaa00000, 0x00000000aab00000|  0%| F|  |TAMS 0x00000000aaa00000, 0x00000000aaa00000| Untracked 
| 171|0x00000000aab00000, 0x00000000aab00000, 0x00000000aac00000|  0%| F|  |TAMS 0x00000000aab00000, 0x00000000aab00000| Untracked 
| 172|0x00000000aac00000, 0x00000000aac00000, 0x00000000aad00000|  0%| F|  |TAMS 0x00000000aac00000, 0x00000000aac00000| Untracked 
| 173|0x00000000aad00000, 0x00000000aad00000, 0x00000000aae00000|  0%| F|  |TAMS 0x00000000aad00000, 0x00000000aad00000| Untracked 
| 174|0x00000000aae00000, 0x00000000aae00000, 0x00000000aaf00000|  0%| F|  |TAMS 0x00000000aae00000, 0x00000000aae00000| Untracked 
| 175|0x00000000aaf00000, 0x00000000aaf00000, 0x00000000ab000000|  0%| F|  |TAMS 0x00000000aaf00000, 0x00000000aaf00000| Untracked 
| 176|0x00000000ab000000, 0x00000000ab000000, 0x00000000ab100000|  0%| F|  |TAMS 0x00000000ab000000, 0x00000000ab000000| Untracked 
| 177|0x00000000ab100000, 0x00000000ab100000, 0x00000000ab200000|  0%| F|  |TAMS 0x00000000ab100000, 0x00000000ab100000| Untracked 
| 178|0x00000000ab200000, 0x00000000ab2518e0, 0x00000000ab300000| 31%| E|  |TAMS 0x00000000ab200000, 0x00000000ab200000| Complete 
| 179|0x00000000ab300000, 0x00000000ab400000, 0x00000000ab400000|100%| E|CS|TAMS 0x00000000ab300000, 0x00000000ab300000| Complete 
| 180|0x00000000ab400000, 0x00000000ab500000, 0x00000000ab500000|100%| E|CS|TAMS 0x00000000ab400000, 0x00000000ab400000| Complete 
| 181|0x00000000ab500000, 0x00000000ab600000, 0x00000000ab600000|100%| E|CS|TAMS 0x00000000ab500000, 0x00000000ab500000| Complete 
| 182|0x00000000ab600000, 0x00000000ab700000, 0x00000000ab700000|100%| E|CS|TAMS 0x00000000ab600000, 0x00000000ab600000| Complete 
| 183|0x00000000ab700000, 0x00000000ab800000, 0x00000000ab800000|100%| E|CS|TAMS 0x00000000ab700000, 0x00000000ab700000| Complete 
| 184|0x00000000ab800000, 0x00000000ab900000, 0x00000000ab900000|100%| E|CS|TAMS 0x00000000ab800000, 0x00000000ab800000| Complete 

Card table byte_map: [0x000001456b970000,0x000001456bc70000] _byte_map_base: 0x000001456b470000

Marking Bits (Prev, Next): (CMBitMap*) 0x0000014556da0278, (CMBitMap*) 0x0000014556da02b0
 Prev Bits: [0x000001456bf70000, 0x000001456d770000)
 Next Bits: [0x000001456d770000, 0x000001456ef70000)

Polling page: 0x0000014556e50000

Metaspace:

Usage:
  Non-class:     78.83 MB capacity,    77.19 MB ( 98%) used,     1.38 MB (  2%) free+waste,   268.56 KB ( <1%) overhead. 
      Class:     12.07 MB capacity,    11.20 MB ( 93%) used,   770.27 KB (  6%) free+waste,   118.69 KB ( <1%) overhead. 
       Both:     90.90 MB capacity,    88.38 MB ( 97%) used,     2.13 MB (  2%) free+waste,   387.25 KB ( <1%) overhead. 

Virtual space:
  Non-class space:       80.00 MB reserved,      79.04 MB ( 99%) committed 
      Class space:        1.00 GB reserved,      12.07 MB (  1%) committed 
             Both:        1.08 GB reserved,      91.11 MB (  8%) committed 

Chunk freelists:
   Non-Class:  18.00 KB
       Class:  0 bytes
        Both:  18.00 KB

MaxMetaspaceSize: 17179869184.00 GB
CompressedClassSpaceSize: 1.00 GB

CodeHeap 'non-profiled nmethods': size=120064Kb used=9538Kb max_used=9538Kb free=110525Kb
 bounds [0x0000014563b00000, 0x0000014564460000, 0x000001456b040000]
CodeHeap 'profiled nmethods': size=120000Kb used=30976Kb max_used=30976Kb free=89023Kb
 bounds [0x000001455c5d0000, 0x000001455e420000, 0x0000014563b00000]
CodeHeap 'non-nmethods': size=5696Kb used=2285Kb max_used=2341Kb free=3410Kb
 bounds [0x000001455c040000, 0x000001455c2b0000, 0x000001455c5d0000]
 total_blobs=14939 nmethods=14048 adapters=802
 compilation: enabled
              stopped_count=0, restarted_count=0
 full_count=0

Compilation events (20 events):
Event: 145.030 Thread 0x00000145715cc800 14189       1       org.gradle.api.internal.tasks.properties.OutputFilePropertyType::getValidationAction (5 bytes)
Event: 145.030 Thread 0x00000145715cc800 nmethod 14189 0x0000014564444c10 code [0x0000014564444dc0, 0x0000014564444e78]
Event: 145.034 Thread 0x00000145715cc800 14190       3       org.gradle.api.internal.artifacts.ivyservice.resolveengine.result.DefaultResolutionResultBuilder::create (40 bytes)
Event: 145.034 Thread 0x00000145715cc800 nmethod 14190 0x000001455e40de90 code [0x000001455e40e080, 0x000001455e40e448]
Event: 145.035 Thread 0x00000145715cc800 14191       1       org.gradle.execution.plan.LocalTaskNode::getValidationContext (5 bytes)
Event: 145.036 Thread 0x00000145715cc800 nmethod 14191 0x0000014564444f10 code [0x00000145644450c0, 0x0000014564445178]
Event: 145.038 Thread 0x00000145715cc800 14192       3       org.gradle.api.internal.artifacts.configurations.DefaultConfiguration$$Lambda$386/0x0000000100584440::validateMutation (9 bytes)
Event: 145.038 Thread 0x00000145715cc800 nmethod 14192 0x000001455e40e610 code [0x000001455e40e800, 0x000001455e40eb18]
Event: 145.068 Thread 0x00000145715cc800 14193       1       org.gradle.launcher.daemon.server.exec.DaemonConnectionBackedEventConsumer::access$100 (5 bytes)
Event: 145.069 Thread 0x00000145715cc800 nmethod 14193 0x0000014564445210 code [0x00000145644453c0, 0x0000014564445458]
Event: 145.069 Thread 0x00000145715cc800 14194       1       org.gradle.launcher.daemon.protocol.BuildEvent::getPayload (5 bytes)
Event: 145.069 Thread 0x00000145715cc800 nmethod 14194 0x0000014564445510 code [0x00000145644456c0, 0x0000014564445778]
Event: 145.104 Thread 0x00000145715cc800 14195       1       org.gradle.internal.logging.events.ProgressCompleteEvent::isFailed (5 bytes)
Event: 145.104 Thread 0x00000145715cc800 nmethod 14195 0x0000014564445810 code [0x00000145644459c0, 0x0000014564445a78]
Event: 145.151 Thread 0x00000145715cc800 14196       3       java.net.URI$Parser::scan (23 bytes)
Event: 145.152 Thread 0x00000145715cc800 nmethod 14196 0x000001455e40ec90 code [0x000001455e40eea0, 0x000001455e40f518]
Event: 145.154 Thread 0x00000145715cc800 14197       3       org.gradle.internal.component.local.model.DslOriginDependencyMetadataWrapper::isConstraint (10 bytes)
Event: 145.154 Thread 0x00000145715cc800 nmethod 14197 0x000001455e40f810 code [0x000001455e40f9c0, 0x000001455e40fb88]
Event: 145.156 Thread 0x00000145715cc800 14198       3       org.gradle.internal.component.local.model.DslOriginDependencyMetadataWrapper::isEndorsingStrictVersions (10 bytes)
Event: 145.157 Thread 0x00000145715cc800 nmethod 14198 0x000001455e40fc90 code [0x000001455e40fe40, 0x000001455e410008]

GC Heap History (20 events):
Event: 114.418 GC heap before
{Heap before GC invocations=24 (full 0):
 garbage-first heap   total 189440K, used 129975K [0x00000000a0000000, 0x0000000100000000)
  region size 1024K, 46 young (47104K), 7 survivors (7168K)
 Metaspace       used 88064K, capacity 90381K, committed 90480K, reserved 1128448K
  class space    used 11232K, capacity 12078K, committed 12108K, reserved 1048576K
}
Event: 114.447 GC heap after
{Heap after GC invocations=25 (full 0):
 garbage-first heap   total 189440K, used 96060K [0x00000000a0000000, 0x0000000100000000)
  region size 1024K, 5 young (5120K), 5 survivors (5120K)
 Metaspace       used 88064K, capacity 90381K, committed 90480K, reserved 1128448K
  class space    used 11232K, capacity 12078K, committed 12108K, reserved 1048576K
}
Event: 115.655 GC heap before
{Heap before GC invocations=26 (full 0):
 garbage-first heap   total 189440K, used 144188K [0x00000000a0000000, 0x0000000100000000)
  region size 1024K, 57 young (58368K), 5 survivors (5120K)
 Metaspace       used 88199K, capacity 90628K, committed 90736K, reserved 1128448K
  class space    used 11231K, capacity 12066K, committed 12108K, reserved 1048576K
}
Event: 115.709 GC heap after
{Heap after GC invocations=27 (full 0):
 garbage-first heap   total 189440K, used 95232K [0x00000000a0000000, 0x0000000100000000)
  region size 1024K, 8 young (8192K), 8 survivors (8192K)
 Metaspace       used 88199K, capacity 90628K, committed 90736K, reserved 1128448K
  class space    used 11231K, capacity 12066K, committed 12108K, reserved 1048576K
}
Event: 115.757 GC heap before
{Heap before GC invocations=27 (full 0):
 garbage-first heap   total 189440K, used 96256K [0x00000000a0000000, 0x0000000100000000)
  region size 1024K, 9 young (9216K), 8 survivors (8192K)
 Metaspace       used 88209K, capacity 90628K, committed 90736K, reserved 1128448K
  class space    used 11232K, capacity 12066K, committed 12108K, reserved 1048576K
}
Event: 115.778 GC heap after
{Heap after GC invocations=28 (full 0):
 garbage-first heap   total 189440K, used 92057K [0x00000000a0000000, 0x0000000100000000)
  region size 1024K, 2 young (2048K), 2 survivors (2048K)
 Metaspace       used 88209K, capacity 90628K, committed 90736K, reserved 1128448K
  class space    used 11232K, capacity 12066K, committed 12108K, reserved 1048576K
}
Event: 117.050 GC heap before
{Heap before GC invocations=28 (full 0):
 garbage-first heap   total 189440K, used 144281K [0x00000000a0000000, 0x0000000100000000)
  region size 1024K, 54 young (55296K), 2 survivors (2048K)
 Metaspace       used 89194K, capacity 91641K, committed 91760K, reserved 1128448K
  class space    used 11353K, capacity 12253K, committed 12364K, reserved 1048576K
}
Event: 117.077 GC heap after
{Heap after GC invocations=29 (full 0):
 garbage-first heap   total 189440K, used 97848K [0x00000000a0000000, 0x0000000100000000)
  region size 1024K, 7 young (7168K), 7 survivors (7168K)
 Metaspace       used 89194K, capacity 91641K, committed 91760K, reserved 1128448K
  class space    used 11353K, capacity 12253K, committed 12364K, reserved 1048576K
}
Event: 118.478 GC heap before
{Heap before GC invocations=30 (full 0):
 garbage-first heap   total 189440K, used 148024K [0x00000000a0000000, 0x0000000100000000)
  region size 1024K, 57 young (58368K), 7 survivors (7168K)
 Metaspace       used 89372K, capacity 91866K, committed 92016K, reserved 1128448K
  class space    used 11365K, capacity 12262K, committed 12364K, reserved 1048576K
}
Event: 118.499 GC heap after
{Heap after GC invocations=31 (full 0):
 garbage-first heap   total 189440K, used 97432K [0x00000000a0000000, 0x0000000100000000)
  region size 1024K, 5 young (5120K), 5 survivors (5120K)
 Metaspace       used 89372K, capacity 91866K, committed 92016K, reserved 1128448K
  class space    used 11365K, capacity 12262K, committed 12364K, reserved 1048576K
}
Event: 118.601 GC heap before
{Heap before GC invocations=31 (full 0):
 garbage-first heap   total 189440K, used 100504K [0x00000000a0000000, 0x0000000100000000)
  region size 1024K, 9 young (9216K), 5 survivors (5120K)
 Metaspace       used 89376K, capacity 91866K, committed 92016K, reserved 1128448K
  class space    used 11365K, capacity 12262K, committed 12364K, reserved 1048576K
}
Event: 118.616 GC heap after
{Heap after GC invocations=32 (full 0):
 garbage-first heap   total 189440K, used 93130K [0x00000000a0000000, 0x0000000100000000)
  region size 1024K, 1 young (1024K), 1 survivors (1024K)
 Metaspace       used 89376K, capacity 91866K, committed 92016K, reserved 1128448K
  class space    used 11365K, capacity 12262K, committed 12364K, reserved 1048576K
}
Event: 119.831 GC heap before
{Heap before GC invocations=32 (full 0):
 garbage-first heap   total 189440K, used 147402K [0x00000000a0000000, 0x0000000100000000)
  region size 1024K, 55 young (56320K), 1 survivors (1024K)
 Metaspace       used 89444K, capacity 91939K, committed 92272K, reserved 1130496K
  class space    used 11375K, capacity 12264K, committed 12364K, reserved 1048576K
}
Event: 119.846 GC heap after
{Heap after GC invocations=33 (full 0):
 garbage-first heap   total 189440K, used 98072K [0x00000000a0000000, 0x0000000100000000)
  region size 1024K, 6 young (6144K), 6 survivors (6144K)
 Metaspace       used 89444K, capacity 91939K, committed 92272K, reserved 1130496K
  class space    used 11375K, capacity 12264K, committed 12364K, reserved 1048576K
}
Event: 121.460 GC heap before
{Heap before GC invocations=34 (full 0):
 garbage-first heap   total 189440K, used 151320K [0x00000000a0000000, 0x0000000100000000)
  region size 1024K, 58 young (59392K), 6 survivors (6144K)
 Metaspace       used 89852K, capacity 92363K, committed 92528K, reserved 1130496K
  class space    used 11432K, capacity 12319K, committed 12364K, reserved 1048576K
}
Event: 121.486 GC heap after
{Heap after GC invocations=35 (full 0):
 garbage-first heap   total 189440K, used 102527K [0x00000000a0000000, 0x0000000100000000)
  region size 1024K, 5 young (5120K), 5 survivors (5120K)
 Metaspace       used 89852K, capacity 92363K, committed 92528K, reserved 1130496K
  class space    used 11432K, capacity 12319K, committed 12364K, reserved 1048576K
}
Event: 121.512 GC heap before
{Heap before GC invocations=35 (full 0):
 garbage-first heap   total 189440K, used 106623K [0x00000000a0000000, 0x0000000100000000)
  region size 1024K, 9 young (9216K), 5 survivors (5120K)
 Metaspace       used 89855K, capacity 92363K, committed 92528K, reserved 1130496K
  class space    used 11432K, capacity 12319K, committed 12364K, reserved 1048576K
}
Event: 121.531 GC heap after
{Heap after GC invocations=36 (full 0):
 garbage-first heap   total 189440K, used 101664K [0x00000000a0000000, 0x0000000100000000)
  region size 1024K, 1 young (1024K), 1 survivors (1024K)
 Metaspace       used 89855K, capacity 92363K, committed 92528K, reserved 1130496K
  class space    used 11432K, capacity 12319K, committed 12364K, reserved 1048576K
}
Event: 144.155 GC heap before
{Heap before GC invocations=36 (full 0):
 garbage-first heap   total 189440K, used 154912K [0x00000000a0000000, 0x0000000100000000)
  region size 1024K, 51 young (52224K), 1 survivors (1024K)
 Metaspace       used 90291K, capacity 92780K, committed 93040K, reserved 1130496K
  class space    used 11464K, capacity 12351K, committed 12364K, reserved 1048576K
}
Event: 144.178 GC heap after
{Heap after GC invocations=37 (full 0):
 garbage-first heap   total 189440K, used 103920K [0x00000000a0000000, 0x0000000100000000)
  region size 1024K, 4 young (4096K), 4 survivors (4096K)
 Metaspace       used 90291K, capacity 92780K, committed 93040K, reserved 1130496K
  class space    used 11464K, capacity 12351K, committed 12364K, reserved 1048576K
}

Deoptimization events (20 events):
Event: 144.641 Thread 0x0000014572bff800 Uncommon trap: trap_request=0xffffffde fr.pc=0x0000014564317aa4 relative=0x0000000000000704
Event: 144.641 Thread 0x0000014572bff800 Uncommon trap: reason=class_check action=maybe_recompile pc=0x0000014564317aa4 method=com.google.common.collect.CompactHashMap.resizeMeMaybe(I)V @ 35 c2
Event: 144.641 Thread 0x0000014572bff800 DEOPT PACKING pc=0x0000014564317aa4 sp=0x0000000e859fa7d0
Event: 144.641 Thread 0x0000014572bff800 DEOPT UNPACKING pc=0x000001455c0678af sp=0x0000000e859fa6d0 mode 2
Event: 144.645 Thread 0x0000014572bff800 Uncommon trap: trap_request=0xffffffde fr.pc=0x0000014564317aa4 relative=0x0000000000000704
Event: 144.645 Thread 0x0000014572bff800 Uncommon trap: reason=class_check action=maybe_recompile pc=0x0000014564317aa4 method=com.google.common.collect.CompactHashMap.resizeMeMaybe(I)V @ 35 c2
Event: 144.645 Thread 0x0000014572bff800 DEOPT PACKING pc=0x0000014564317aa4 sp=0x0000000e859fa6f0
Event: 144.645 Thread 0x0000014572bff800 DEOPT UNPACKING pc=0x000001455c0678af sp=0x0000000e859fa5f0 mode 2
Event: 144.663 Thread 0x0000014572bff800 Uncommon trap: trap_request=0xffffffde fr.pc=0x0000014564317aa4 relative=0x0000000000000704
Event: 144.663 Thread 0x0000014572bff800 Uncommon trap: reason=class_check action=maybe_recompile pc=0x0000014564317aa4 method=com.google.common.collect.CompactHashMap.resizeMeMaybe(I)V @ 35 c2
Event: 144.663 Thread 0x0000014572bff800 DEOPT PACKING pc=0x0000014564317aa4 sp=0x0000000e859fa6f0
Event: 144.663 Thread 0x0000014572bff800 DEOPT UNPACKING pc=0x000001455c0678af sp=0x0000000e859fa5f0 mode 2
Event: 144.680 Thread 0x0000014572bff800 Uncommon trap: trap_request=0xffffffde fr.pc=0x0000014564317aa4 relative=0x0000000000000704
Event: 144.680 Thread 0x0000014572bff800 Uncommon trap: reason=class_check action=maybe_recompile pc=0x0000014564317aa4 method=com.google.common.collect.CompactHashMap.resizeMeMaybe(I)V @ 35 c2
Event: 144.680 Thread 0x0000014572bff800 DEOPT PACKING pc=0x0000014564317aa4 sp=0x0000000e859fa680
Event: 144.680 Thread 0x0000014572bff800 DEOPT UNPACKING pc=0x000001455c0678af sp=0x0000000e859fa580 mode 2
Event: 144.877 Thread 0x0000014572bff800 Uncommon trap: trap_request=0xffffff6e fr.pc=0x00000145641eeca0 relative=0x0000000000000160
Event: 144.877 Thread 0x0000014572bff800 Uncommon trap: reason=speculate_class_check action=maybe_recompile pc=0x00000145641eeca0 method=com.google.common.collect.ImmutableList.listIterator(I)Lcom/google/common/collect/UnmodifiableListIterator; @ 2 c2
Event: 144.877 Thread 0x0000014572bff800 DEOPT PACKING pc=0x00000145641eeca0 sp=0x0000000e859fa150
Event: 144.877 Thread 0x0000014572bff800 DEOPT UNPACKING pc=0x000001455c0678af sp=0x0000000e859f9fd8 mode 2

Classes redefined (0 events):
No events

Internal exceptions (20 events):
Event: 118.352 Thread 0x00000145756b0000 Exception <a 'sun/nio/fs/WindowsException'{0x00000000a8dd57a8}> (0x00000000a8dd57a8) thrown at [./src/hotspot/share/prims/jni.cpp, line 615]
Event: 118.353 Thread 0x00000145756b0000 Exception <a 'sun/nio/fs/WindowsException'{0x00000000a8dd59c8}> (0x00000000a8dd59c8) thrown at [./src/hotspot/share/prims/jni.cpp, line 615]
Event: 118.355 Thread 0x00000145756b0000 Exception <a 'sun/nio/fs/WindowsException'{0x00000000a8c15be0}> (0x00000000a8c15be0) thrown at [./src/hotspot/share/prims/jni.cpp, line 615]
Event: 118.408 Thread 0x0000014575327800 Exception <a 'sun/nio/fs/WindowsException'{0x00000000a9849188}> (0x00000000a9849188) thrown at [./src/hotspot/share/prims/jni.cpp, line 615]
Event: 118.408 Thread 0x0000014575327800 Exception <a 'sun/nio/fs/WindowsException'{0x00000000a9849b20}> (0x00000000a9849b20) thrown at [./src/hotspot/share/prims/jni.cpp, line 615]
Event: 118.408 Thread 0x0000014575327800 Exception <a 'sun/nio/fs/WindowsException'{0x00000000a9849d40}> (0x00000000a9849d40) thrown at [./src/hotspot/share/prims/jni.cpp, line 615]
Event: 118.423 Thread 0x00000145756b0000 Exception <a 'sun/nio/fs/WindowsException'{0x00000000a8c16578}> (0x00000000a8c16578) thrown at [./src/hotspot/share/prims/jni.cpp, line 615]
Event: 118.423 Thread 0x00000145756b0000 Exception <a 'sun/nio/fs/WindowsException'{0x00000000a8c16798}> (0x00000000a8c16798) thrown at [./src/hotspot/share/prims/jni.cpp, line 615]
Event: 120.982 Thread 0x0000014575326800 Exception <a 'java/lang/NoSuchMethodError'{0x00000000aa4d4100}: 'java.lang.Object java.lang.invoke.DirectMethodHandle$Holder.invokeVirtual(java.lang.Object, java.lang.Object, int)'> (0x00000000aa4d4100) thrown at [./src/hotspot/share/interpreter/linkResolver.cpp, line 773]
Event: 120.985 Thread 0x0000014575326800 Exception <a 'java/lang/NoSuchMethodError'{0x00000000aa4f26a0}: 'void java.lang.invoke.DirectMethodHandle$Holder.invokeStatic(java.lang.Object, java.lang.Object, java.lang.Object, int)'> (0x00000000aa4f26a0) thrown at [./src/hotspot/share/interpreter/linkResolver.cpp, line 773]
Event: 121.281 Thread 0x0000014575326800 Implicit null exception at 0x0000014564370c6a to 0x0000014564370cbc
Event: 121.281 Thread 0x0000014575326800 Implicit null exception at 0x00000145643616d0 to 0x00000145643616e4
Event: 122.806 Thread 0x0000014572bff800 Implicit null exception at 0x00000145641ba949 to 0x00000145641bc518
Event: 144.032 Thread 0x0000014572bff800 Exception <a 'sun/nio/fs/WindowsException'{0x00000000a89fb758}> (0x00000000a89fb758) thrown at [./src/hotspot/share/prims/jni.cpp, line 615]
Event: 144.141 Thread 0x0000014572bff800 Exception <a 'java/lang/NoClassDefFoundError'{0x00000000a86b5c18}: org/jetbrains/kotlin/gradle/plugin/KotlinBasePluginWrapper> (0x00000000a86b5c18) thrown at [./src/hotspot/share/oops/constantPool.cpp, line 775]
Event: 144.531 Thread 0x0000014572bff800 Exception <a 'sun/nio/fs/WindowsException'{0x00000000ab8d0670}> (0x00000000ab8d0670) thrown at [./src/hotspot/share/prims/jni.cpp, line 615]
Event: 144.572 Thread 0x0000014572bff800 Exception <a 'sun/nio/fs/WindowsException'{0x00000000ab76ceb0}> (0x00000000ab76ceb0) thrown at [./src/hotspot/share/prims/jni.cpp, line 615]
Event: 144.573 Thread 0x0000014572bff800 Exception <a 'sun/nio/fs/WindowsException'{0x00000000ab76df78}> (0x00000000ab76df78) thrown at [./src/hotspot/share/prims/jni.cpp, line 615]
Event: 144.573 Thread 0x0000014572bff800 Exception <a 'sun/nio/fs/WindowsException'{0x00000000ab76f090}> (0x00000000ab76f090) thrown at [./src/hotspot/share/prims/jni.cpp, line 615]
Event: 144.573 Thread 0x0000014572bff800 Exception <a 'sun/nio/fs/WindowsException'{0x00000000ab7701a8}> (0x00000000ab7701a8) thrown at [./src/hotspot/share/prims/jni.cpp, line 615]

Events (20 events):
Event: 144.933 Executing VM operation: RevokeBias
Event: 144.934 Executing VM operation: RevokeBias done
Event: 144.934 Executing VM operation: RevokeBias
Event: 144.934 Executing VM operation: RevokeBias done
Event: 144.936 Executing VM operation: RevokeBias
Event: 144.936 Executing VM operation: RevokeBias done
Event: 144.936 Executing VM operation: RevokeBias
Event: 144.936 Executing VM operation: RevokeBias done
Event: 144.940 Executing VM operation: RevokeBias
Event: 144.940 Executing VM operation: RevokeBias done
Event: 145.032 Executing VM operation: RevokeBias
Event: 145.033 Executing VM operation: RevokeBias done
Event: 145.033 Executing VM operation: RevokeBias
Event: 145.033 Executing VM operation: RevokeBias done
Event: 145.033 Executing VM operation: RevokeBias
Event: 145.033 Executing VM operation: RevokeBias done
Event: 145.039 Executing VM operation: RevokeBias
Event: 145.040 Executing VM operation: RevokeBias done
Event: 145.110 Executing VM operation: RevokeBias
Event: 145.110 Executing VM operation: RevokeBias done


Dynamic libraries:
0x00007ff6adf00000 - 0x00007ff6adf0a000 	C:\Program Files\Android\Android Studio\jre\bin\java.exe
0x00007ff8c6910000 - 0x00007ff8c6b04000 	C:\WINDOWS\SYSTEM32\ntdll.dll
0x00007ff8c5d60000 - 0x00007ff8c5e1d000 	C:\WINDOWS\System32\KERNEL32.DLL
0x00007ff8c42b0000 - 0x00007ff8c4577000 	C:\WINDOWS\System32\KERNELBASE.dll
0x00007ff8c4840000 - 0x00007ff8c4940000 	C:\WINDOWS\System32\ucrtbase.dll
0x00007ff8b3eb0000 - 0x00007ff8b3ec9000 	C:\Program Files\Android\Android Studio\jre\bin\jli.dll
0x00007ff8b3f50000 - 0x00007ff8b3f67000 	C:\Program Files\Android\Android Studio\jre\bin\VCRUNTIME140.dll
0x00007ff8c6480000 - 0x00007ff8c6620000 	C:\WINDOWS\System32\USER32.dll
0x00007ff8c4940000 - 0x00007ff8c4962000 	C:\WINDOWS\System32\win32u.dll
0x00007ff8c2bb0000 - 0x00007ff8c2e4a000 	C:\WINDOWS\WinSxS\amd64_microsoft.windows.common-controls_6595b64144ccf1df_6.0.19041.1_none_b555e41d4684ddec\COMCTL32.dll
0x00007ff8c6040000 - 0x00007ff8c606a000 	C:\WINDOWS\System32\GDI32.dll
0x00007ff8c5120000 - 0x00007ff8c51be000 	C:\WINDOWS\System32\msvcrt.dll
0x00007ff8c4620000 - 0x00007ff8c472a000 	C:\WINDOWS\System32\gdi32full.dll
0x00007ff8c4580000 - 0x00007ff8c461d000 	C:\WINDOWS\System32\msvcp_win.dll
0x00007ff8c5900000 - 0x00007ff8c5930000 	C:\WINDOWS\System32\IMM32.DLL
0x00007ff88d560000 - 0x00007ff88d5fd000 	C:\Program Files\Android\Android Studio\jre\bin\msvcp140.dll
0x00007ff8870a0000 - 0x00007ff887b6f000 	C:\Program Files\Android\Android Studio\jre\bin\server\jvm.dll
0x00007ff8c5a20000 - 0x00007ff8c5aca000 	C:\WINDOWS\System32\ADVAPI32.dll
0x00007ff8c6830000 - 0x00007ff8c68cb000 	C:\WINDOWS\System32\sechost.dll
0x00007ff8c5c30000 - 0x00007ff8c5d53000 	C:\WINDOWS\System32\RPCRT4.dll
0x00007ff8c5af0000 - 0x00007ff8c5af8000 	C:\WINDOWS\System32\PSAPI.DLL
0x00007ff8bf990000 - 0x00007ff8bf999000 	C:\WINDOWS\SYSTEM32\WSOCK32.dll
0x00007ff8bf080000 - 0x00007ff8bf0a7000 	C:\WINDOWS\SYSTEM32\WINMM.dll
0x00007ff8be0a0000 - 0x00007ff8be0aa000 	C:\WINDOWS\SYSTEM32\VERSION.dll
0x00007ff8c5e20000 - 0x00007ff8c5e8b000 	C:\WINDOWS\System32\WS2_32.dll
0x00007ff8c1a20000 - 0x00007ff8c1a33000 	C:\WINDOWS\SYSTEM32\kernel.appcore.dll
0x00007ff8b40f0000 - 0x00007ff8b4101000 	C:\Program Files\Android\Android Studio\jre\bin\verify.dll
0x00007ff8c3ae0000 - 0x00007ff8c3cc4000 	C:\WINDOWS\SYSTEM32\DBGHELP.DLL
0x00007ff8c3440000 - 0x00007ff8c346c000 	C:\WINDOWS\SYSTEM32\dbgcore.DLL
0x00007ff8c40a0000 - 0x00007ff8c411f000 	C:\WINDOWS\System32\bcryptPrimitives.dll
0x00007ff8b3e80000 - 0x00007ff8b3ea9000 	C:\Program Files\Android\Android Studio\jre\bin\java.dll
0x00007ff8bf3f0000 - 0x00007ff8bf3fb000 	C:\Program Files\Android\Android Studio\jre\bin\jimage.dll
0x00007ff8b3e60000 - 0x00007ff8b3e78000 	C:\Program Files\Android\Android Studio\jre\bin\zip.dll
0x00007ff8c51c0000 - 0x00007ff8c58f1000 	C:\WINDOWS\System32\SHELL32.dll
0x00007ff8c1b90000 - 0x00007ff8c231a000 	C:\WINDOWS\SYSTEM32\windows.storage.dll
0x00007ff8c6070000 - 0x00007ff8c63c4000 	C:\WINDOWS\System32\combase.dll
0x00007ff8c36d0000 - 0x00007ff8c36fb000 	C:\WINDOWS\SYSTEM32\Wldp.dll
0x00007ff8c6620000 - 0x00007ff8c66ce000 	C:\WINDOWS\System32\SHCORE.dll
0x00007ff8c49e0000 - 0x00007ff8c4a35000 	C:\WINDOWS\System32\shlwapi.dll
0x00007ff8c3f90000 - 0x00007ff8c3faf000 	C:\WINDOWS\SYSTEM32\profapi.dll
0x00007ff8bbd80000 - 0x00007ff8bbd9a000 	C:\Program Files\Android\Android Studio\jre\bin\net.dll
0x00007ff8bf5c0000 - 0x00007ff8bf6c2000 	C:\WINDOWS\SYSTEM32\WINHTTP.dll
0x00007ff8c3470000 - 0x00007ff8c34da000 	C:\WINDOWS\system32\mswsock.dll
0x00007ff8b3db0000 - 0x00007ff8b3dc4000 	C:\Program Files\Android\Android Studio\jre\bin\nio.dll
0x00007ff8b3c90000 - 0x00007ff8b3cb7000 	C:\Users\HP\.gradle\wrapper\dists\gradle-2.14.1-all\native\8bec1ad78214c89d9ad589b4d07fe93259594b29d510b10fafb7a158f7737e5d\windows-amd64\native-platform.dll
0x00007ff88caf0000 - 0x00007ff88cc2d000 	C:\Users\HP\.gradle\wrapper\dists\gradle-2.14.1-all\native\53dbd7edfb1c66fb8903c78663c9afc45aea4f116125fa6feffd364cf09443e8\windows-amd64\native-platform-file-events.dll
0x00007ff8bbbf0000 - 0x00007ff8bbbfa000 	C:\Program Files\Android\Android Studio\jre\bin\management.dll
0x00007ff8b4910000 - 0x00007ff8b491c000 	C:\Program Files\Android\Android Studio\jre\bin\management_ext.dll
0x00007ff8c3d10000 - 0x00007ff8c3d28000 	C:\WINDOWS\SYSTEM32\CRYPTSP.dll
0x00007ff8c2b10000 - 0x00007ff8c2b44000 	C:\WINDOWS\system32\rsaenh.dll
0x00007ff8c4280000 - 0x00007ff8c42a7000 	C:\WINDOWS\System32\bcrypt.dll
0x00007ff8c3f10000 - 0x00007ff8c3f3e000 	C:\WINDOWS\SYSTEM32\USERENV.dll
0x00007ff8c3640000 - 0x00007ff8c364c000 	C:\WINDOWS\SYSTEM32\CRYPTBASE.dll
0x00007ff8c3110000 - 0x00007ff8c314b000 	C:\WINDOWS\SYSTEM32\IPHLPAPI.DLL
0x00007ff8c49d0000 - 0x00007ff8c49d9000 	C:\WINDOWS\System32\NSI.dll
0x00007ff8c1920000 - 0x00007ff8c1937000 	C:\WINDOWS\SYSTEM32\dhcpcsvc6.DLL
0x00007ff8c1900000 - 0x00007ff8c191d000 	C:\WINDOWS\SYSTEM32\dhcpcsvc.DLL
0x00007ff8c3160000 - 0x00007ff8c322a000 	C:\WINDOWS\SYSTEM32\DNSAPI.dll
0x00007ff8c3cd0000 - 0x00007ff8c3d03000 	C:\WINDOWS\SYSTEM32\ntmarta.dll

dbghelp: loaded successfully - version: 4.0.5 - missing functions: none
symbol engine: initialized successfully - sym options: 0x614 - pdb path: .;C:\Program Files\Android\Android Studio\jre\bin;C:\WINDOWS\SYSTEM32;C:\WINDOWS\WinSxS\amd64_microsoft.windows.common-controls_6595b64144ccf1df_6.0.19041.1_none_b555e41d4684ddec;C:\Program Files\Android\Android Studio\jre\bin\server;C:\Users\HP\.gradle\wrapper\dists\gradle-2.14.1-all\native\8bec1ad78214c89d9ad589b4d07fe93259594b29d510b10fafb7a158f7737e5d\windows-amd64;C:\Users\HP\.gradle\wrapper\dists\gradle-2.14.1-all\native\53dbd7edfb1c66fb8903c78663c9afc45aea4f116125fa6feffd364cf09443e8\windows-amd64

VM Arguments:
jvm_args: --add-opens=java.base/java.util=ALL-UNNAMED --add-opens=java.base/java.lang=ALL-UNNAMED --add-opens=java.base/java.lang.invoke=ALL-UNNAMED --add-opens=java.base/java.util=ALL-UNNAMED --add-opens=java.prefs/java.util.prefs=ALL-UNNAMED --add-opens=java.prefs/java.util.prefs=ALL-UNNAMED --add-opens=java.base/java.nio.charset=ALL-UNNAMED --add-opens=java.base/java.net=ALL-UNNAMED --add-opens=java.base/java.util.concurrent.atomic=ALL-UNNAMED -Xmx1536m -Dfile.encoding=windows-1252 -Duser.country=US -Duser.language=en -Duser.variant 
java_command: org.gradle.launcher.daemon.bootstrap.GradleDaemon 7.0.2
java_class_path (initial): C:\Users\HP\.gradle\wrapper\dists\gradle-2.14.1-all\wrapper\dists\gradle-7.0.2-all\7era6s5ay7zsbhuvl0oc9g94s\gradle-7.0.2\lib\gradle-launcher-7.0.2.jar
Launcher Type: SUN_STANDARD

[Global flags]
     intx CICompilerCount                          = 3                                         {product} {ergonomic}
     uint ConcGCThreads                            = 1                                         {product} {ergonomic}
     uint G1ConcRefinementThreads                  = 4                                         {product} {ergonomic}
   size_t G1HeapRegionSize                         = 1048576                                   {product} {ergonomic}
    uintx GCDrainStackTargetSize                   = 64                                        {product} {ergonomic}
   size_t InitialHeapSize                          = 134217728                                 {product} {ergonomic}
   size_t MarkStackSize                            = 4194304                                   {product} {ergonomic}
   size_t MaxHeapSize                              = 1610612736                                {product} {command line}
   size_t MaxNewSize                               = 965738496                                 {product} {ergonomic}
   size_t MinHeapDeltaBytes                        = 1048576                                   {product} {ergonomic}
    uintx NonNMethodCodeHeapSize                   = 5830732                                {pd product} {ergonomic}
    uintx NonProfiledCodeHeapSize                  = 122913754                              {pd product} {ergonomic}
    uintx ProfiledCodeHeapSize                     = 122913754                              {pd product} {ergonomic}
    uintx ReservedCodeCacheSize                    = 251658240                              {pd product} {ergonomic}
     bool SegmentedCodeCache                       = true                                      {product} {ergonomic}
     bool UseCompressedClassPointers               = true                                 {lp64_product} {ergonomic}
     bool UseCompressedOops                        = true                                 {lp64_product} {ergonomic}
     bool UseG1GC                                  = true                                      {product} {ergonomic}
     bool UseLargePagesIndividualAllocation        = false                                  {pd product} {ergonomic}

Logging:
Log output configuration:
 #0: stdout all=warning uptime,level,tags
 #1: stderr all=off uptime,level,tags

Environment Variables:
PATH=C:\WINDOWS\system32;C:\WINDOWS;C:\WINDOWS\System32\Wbem;C:\WINDOWS\System32\WindowsPowerShell\v1.0\;C:\WINDOWS\System32\OpenSSH\;E:\New folder\;C:\Users\HP\AppData\Local\Microsoft\WindowsApps;E:\VS Code\Microsoft VS Code\bin;C:\Users\HP\AppData\Roaming\npm;C:\Users\HP\AppData\Local\GitHubDesktop\bin;C:\Users\HP\Flutter\flutter\bin;
USERNAME=HP
OS=Windows_NT
PROCESSOR_IDENTIFIER=Intel64 Family 6 Model 142 Stepping 9, GenuineIntel



---------------  S Y S T E M  ---------------

OS: Windows 10 , 64 bit Build 19041 (10.0.19041.1)
OS uptime: 0 days 9:08 hours

CPU:total 4 (initial active 4) (2 cores per cpu, 2 threads per core) family 6 model 142 stepping 9 microcode 0xb4, cmov, cx8, fxsr, mmx, sse, sse2, sse3, ssse3, sse4.1, sse4.2, popcnt, avx, avx2, aes, clmul, erms, 3dnowpref, lzcnt, ht, tsc, tscinvbit, bmi1, bmi2, adx, fma

Memory: 4k page, system-wide physical 8075M (2664M free)
TotalPageFile size 16267M (AvailPageFile size 10237M)
current process WorkingSet (physical memory assigned to process): 463M, peak: 474M
current process commit charge ("private bytes"): 494M, peak: 522M

vm_info: OpenJDK 64-Bit Server VM (11.0.10+0-b96-7249189) for windows-amd64 JRE (11.0.10+0-b96-7249189), built on Mar 31 2021 21:44:00 by "builder" with MS VC++ 14.0 (VS2015)

END.
