#
# A fatal error has been detected by the Java Runtime Environment:
#
#  EXCEPTION_ACCESS_VIOLATION (0xc0000005) at pc=0x00007fffe36a4209, pid=8892, tid=11464
#
# JRE version: OpenJDK Runtime Environment (11.0.10) (build 11.0.10+0-b96-7249189)
# Java VM: OpenJDK 64-Bit Server VM (11.0.10+0-b96-7249189, mixed mode, tiered, compressed oops, g1 gc, windows-amd64)
# Problematic frame:
# V  [jvm.dll+0x2d4209]
#
# No core dump will be written. Minidumps are not enabled by default on client versions of Windows
#
# If you would like to submit a bug report, please visit:
#   https://bugreport.java.com/bugreport/crash.jsp
#

---------------  S U M M A R Y ------------

Command Line: --add-opens=java.base/java.util=ALL-UNNAMED --add-opens=java.base/java.lang=ALL-UNNAMED --add-opens=java.base/java.lang.invoke=ALL-UNNAMED --add-opens=java.base/java.util=ALL-UNNAMED --add-opens=java.prefs/java.util.prefs=ALL-UNNAMED --add-opens=java.prefs/java.util.prefs=ALL-UNNAMED --add-opens=java.base/java.nio.charset=ALL-UNNAMED --add-opens=java.base/java.net=ALL-UNNAMED --add-opens=java.base/java.util.concurrent.atomic=ALL-UNNAMED -Xmx1536m -Dfile.encoding=windows-1252 -Duser.country=US -Duser.language=en -Duser.variant org.gradle.launcher.daemon.bootstrap.GradleDaemon 7.0.2

Host: Intel(R) Core(TM) i3-7020U CPU @ 2.30GHz, 4 cores, 7G,  Windows 10 , 64 bit Build 19041 (10.0.19041.1)
Time: Fri Oct 15 22:02:01 2021 India Standard Time elapsed time: 651.367028 seconds (0d 0h 10m 51s)

---------------  T H R E A D  ---------------

Current thread (0x0000027798bff800):  GCTaskThread "GC Thread#0" [stack: 0x0000007e48a00000,0x0000007e48b00000] [id=11464]

Stack: [0x0000007e48a00000,0x0000007e48b00000],  sp=0x0000007e48aff240,  free space=1020k
Native frames: (J=compiled Java code, j=interpreted, Vv=VM code, C=native code)
V  [jvm.dll+0x2d4209]
V  [jvm.dll+0x2d130b]
V  [jvm.dll+0x2fdb7b]
V  [jvm.dll+0x2fd8ae]
V  [jvm.dll+0x30c177]
V  [jvm.dll+0x2ace4e]
V  [jvm.dll+0x2acd71]
V  [jvm.dll+0x2da2db]
V  [jvm.dll+0x30dbb5]
V  [jvm.dll+0x30c9fd]
V  [jvm.dll+0x2dd418]
V  [jvm.dll+0x748da0]
V  [jvm.dll+0x6e3d45]
V  [jvm.dll+0x5ebe96]
C  [ucrtbase.dll+0x21542]
C  [KERNEL32.DLL+0x16fd4]
C  [ntdll.dll+0x4cf31]


siginfo: EXCEPTION_ACCESS_VIOLATION (0xc0000005), reading address 0x000002b152715cb0


Register to memory mapping:

RIP=0x00007fffe36a4209 jvm.dll
RAX=0x0000027798c0a680 points into unknown readable memory: 0x0000000000000000 | 00 00 00 00 00 00 00 00
RBX=0x00000277bd026ae0 points into unknown readable memory: 0x00007fffe3bf30f8 | f8 30 bf e3 ff 7f 00 00
RCX=0x0000000000000014 is an unknown value
RDX=0x0000027798c84430 points into unknown readable memory: 0x00007fffe3bfaae0 | e0 aa bf e3 ff 7f 00 00
RSP=0x0000007e48aff240 points into unknown readable memory: 0x0000000000000040 | 40 00 00 00 00 00 00 00
RBP=0x0000007e48aff401 points into unknown readable memory: 3a bf e3 ff 7f 00 00
RSI=0x00000277bd026ae0 points into unknown readable memory: 0x00007fffe3bf30f8 | f8 30 bf e3 ff 7f 00 00
RDI=0x00000277bd026ae0 points into unknown readable memory: 0x00007fffe3bf30f8 | f8 30 bf e3 ff 7f 00 00
R8 =0x00000000a57b1b50 is pointing into object: [Lcom.sun.tools.javac.code.Scope$Entry; 
{0x00000000a57b1548} - klass: 'com/sun/tools/javac/code/Scope$Entry'[]
 - length: 512
R9 =0x00000007373616c6 is an unknown value
R10=0x007373616c632e74 is an unknown value
R11=0x00000277bd026c50 points into unknown readable memory: 0x00007fffe3bf30b0 | b0 30 bf e3 ff 7f 00 00
R12=0x0 is NULL
R13=0x0000000000000001 is an unknown value
R14=0x0000027798c01c10 points into unknown readable memory: 0x000020a900001a38 | 38 1a 00 00 a9 20 00 00
R15=0x0000000000000040 is an unknown value


Registers:
RAX=0x0000027798c0a680, RBX=0x00000277bd026ae0, RCX=0x0000000000000014, RDX=0x0000027798c84430
RSP=0x0000007e48aff240, RBP=0x0000007e48aff401, RSI=0x00000277bd026ae0, RDI=0x00000277bd026ae0
R8 =0x00000000a57b1b50, R9 =0x00000007373616c6, R10=0x007373616c632e74, R11=0x00000277bd026c50
R12=0x0000000000000000, R13=0x0000000000000001, R14=0x0000027798c01c10, R15=0x0000000000000040
RIP=0x00007fffe36a4209, EFLAGS=0x0000000000010206

Top of Stack: (sp=0x0000007e48aff240)
0x0000007e48aff240:   0000000000000040 0000027798c01c10
0x0000007e48aff250:   0000027798c01b90 00007fffe36a19f8
0x0000007e48aff260:   00000000a57b1b50 00007fffe36a130b
0x0000007e48aff270:   00000277bd026ae0 00007fffe36d9d01
0x0000007e48aff280:   0000000000000190 0000027798c01c10
0x0000007e48aff290:   0000027798c01b90 00007fffe36cdb7b
0x0000007e48aff2a0:   0000000000001a38 0000000000001a31
0x0000007e48aff2b0:   0000007e48aff401 00000000a5806600
0x0000007e48aff2c0:   0000007e00000058 0000000100b82348
0x0000007e48aff2d0:   0000000000000000 00007fffe39b70ff
0x0000007e48aff2e0:   0000007e48aff380 00007fffe36dbb0d
0x0000007e48aff2f0:   0000027798bf58e0 00000000a5806600
0x0000007e48aff300:   0000007e48aff401 00000277b4fd4e60
0x0000007e48aff310:   0000007e48aff4e0 0000000000000001
0x0000007e48aff320:   0000000000000000 0000000000000100
0x0000007e48aff330:   00000277bd026ae0 00007fffe36cd8ae 

Instructions: (pc=0x00007fffe36a4209)
0x00007fffe36a4109:   24 30 48 8b 74 24 38 48 83 c4 20 5f c3 cc cc cc
0x00007fffe36a4119:   cc cc cc cc cc cc cc 48 89 5c 24 08 57 48 83 ec
0x00007fffe36a4129:   20 48 8b 41 18 48 8b da 48 83 cb 01 48 8b d3 48
0x00007fffe36a4139:   8b 78 10 48 8b cf e8 6c 7b 00 00 84 c0 75 29 48
0x00007fffe36a4149:   81 c7 90 00 00 00 48 8b 47 08 48 39 47 20 75 08
0x00007fffe36a4159:   48 8b cf e8 7f 47 0b 00 48 8b 4f 20 48 8b 47 38
0x00007fffe36a4169:   48 89 1c c8 48 ff 47 20 48 8b 5c 24 30 48 83 c4
0x00007fffe36a4179:   20 5f c3 cc cc cc cc 48 89 5c 24 08 57 48 83 ec
0x00007fffe36a4189:   20 48 8b 79 10 48 8b da 48 83 cb 01 48 8b cf 48
0x00007fffe36a4199:   8b d3 e8 10 7b 00 00 84 c0 75 29 48 81 c7 90 00
0x00007fffe36a41a9:   00 00 48 8b 47 08 48 39 47 20 75 08 48 8b cf e8
0x00007fffe36a41b9:   23 47 0b 00 48 8b 4f 20 48 8b 47 38 48 89 1c c8
0x00007fffe36a41c9:   48 ff 47 20 48 8b 5c 24 30 48 83 c4 20 5f c3 cc
0x00007fffe36a41d9:   cc cc cc cc cc cc cc 40 53 48 83 ec 20 8b 82 04
0x00007fffe36a41e9:   01 00 00 48 8b d9 d1 e8 a8 01 75 6b 48 8b 41 08
0x00007fffe36a41f9:   8b 88 c0 02 00 00 48 8b 80 b0 02 00 00 49 d3 e9
0x00007fffe36a4209:   4a 8b 0c c8 48 8b 81 f8 00 00 00 83 b8 18 01 00
0x00007fffe36a4219:   00 00 74 43 48 8b 4b 50 48 89 7c 24 30 49 c1 e8
0x00007fffe36a4229:   09 48 8b 79 48 48 2b 79 40 49 03 f8 48 8b d7 e8
0x00007fffe36a4239:   93 c1 ff ff 84 c0 74 1a 80 7b 28 00 48 8d 4b 18
0x00007fffe36a4249:   74 10 48 8b 43 50 48 8b 50 40 48 03 d7 e8 35 25
0x00007fffe36a4259:   36 00 48 8b 7c 24 30 48 83 c4 20 5b c3 cc cc cc
0x00007fffe36a4269:   cc cc cc cc cc cc cc 48 89 5c 24 08 48 89 74 24
0x00007fffe36a4279:   10 57 48 83 ec 20 48 63 fa 48 8d 05 5f 91 54 00
0x00007fffe36a4289:   45 33 c0 48 89 01 48 8b f1 89 79 08 48 8b df 48
0x00007fffe36a4299:   8d 0c fd 00 00 00 00 41 8d 50 05 e8 37 f6 dd ff
0x00007fffe36a42a9:   45 33 db 48 89 46 10 4c 8d 4e 10 4c 8b d0 45 8b
0x00007fffe36a42b9:   c3 85 ff 7e 56 83 ff 02 72 51 8d 4f ff 48 63 d1
0x00007fffe36a42c9:   48 8d 04 d0 4d 3b d1 77 05 49 3b c1 73 3d 8b c7
0x00007fffe36a42d9:   25 01 00 00 80 7d 07 ff c8 83 c8 fe ff c0 2b f8
0x00007fffe36a42e9:   0f 1f 80 00 00 00 00 41 83 c0 02 44 3b c7 7c f7
0x00007fffe36a42f9:   8d 47 01 49 8b fa 99 2b c2 d1 f8 48 63 c8 48 c1 


Stack slot to memory mapping:
stack at sp + 0 slots: 0x0000000000000040 is an unknown value
stack at sp + 1 slots: 0x0000027798c01c10 points into unknown readable memory: 0x000020a900001a38 | 38 1a 00 00 a9 20 00 00
stack at sp + 2 slots: 0x0000027798c01b90 points into unknown readable memory: 0x0000000000001a38 | 38 1a 00 00 00 00 00 00
stack at sp + 3 slots: 0x00007fffe36a19f8 jvm.dll
stack at sp + 4 slots: 0x00000000a57b1b50 is pointing into object: [Lcom.sun.tools.javac.code.Scope$Entry; 
{0x00000000a57b1548} - klass: 'com/sun/tools/javac/code/Scope$Entry'[]
 - length: 512
stack at sp + 5 slots: 0x00007fffe36a130b jvm.dll
stack at sp + 6 slots: 0x00000277bd026ae0 points into unknown readable memory: 0x00007fffe3bf30f8 | f8 30 bf e3 ff 7f 00 00
stack at sp + 7 slots: 0x00007fffe36d9d01 jvm.dll


---------------  P R O C E S S  ---------------

Threads class SMR info:
_java_thread_list=0x00000277b6d18bf0, length=51, elements={
0x0000027798be6000, 0x00000277b1c66000, 0x00000277b1c6f800, 0x00000277b1c80800,
0x00000277b1c82000, 0x00000277b1c85000, 0x00000277b1c89000, 0x00000277b2664000,
0x00000277b2671800, 0x00000277b275d000, 0x00000277b3dc6000, 0x00000277b46ba000,
0x00000277b3479800, 0x00000277b2933800, 0x00000277b2933000, 0x00000277b2935800,
0x00000277b2937000, 0x00000277b2938000, 0x00000277b4453800, 0x00000277b4453000,
0x00000277b4455800, 0x00000277b444f800, 0x00000277b4451800, 0x00000277b4f3c000,
0x00000277b4f3c800, 0x00000277b9829800, 0x00000277b9826800, 0x00000277b4f3d800,
0x00000277b4f3b000, 0x00000277b4f41000, 0x00000277b4f3e800, 0x00000277b4f41800,
0x00000277b4f44000, 0x00000277b4f45000, 0x00000277b4f3f000, 0x00000277b4f45800,
0x00000277b4f40000, 0x00000277b4f48000, 0x00000277b4f46800, 0x00000277b4f47800,
0x00000277b4f49000, 0x00000277b4f4a000, 0x00000277b9828000, 0x00000277b982a800,
0x00000277b9827000, 0x00000277b982b000, 0x00000277b9829000, 0x00000277b9825800,
0x00000277b9831000, 0x00000277b9830000, 0x00000277b7f03800
}

Java Threads: ( => current thread )
  0x0000027798be6000 JavaThread "main" [_thread_blocked, id=424, stack(0x0000007e48900000,0x0000007e48a00000)]
  0x00000277b1c66000 JavaThread "Reference Handler" daemon [_thread_blocked, id=3376, stack(0x0000007e49000000,0x0000007e49100000)]
  0x00000277b1c6f800 JavaThread "Finalizer" daemon [_thread_blocked, id=11284, stack(0x0000007e49100000,0x0000007e49200000)]
  0x00000277b1c80800 JavaThread "Signal Dispatcher" daemon [_thread_blocked, id=5232, stack(0x0000007e49200000,0x0000007e49300000)]
  0x00000277b1c82000 JavaThread "Attach Listener" daemon [_thread_blocked, id=5272, stack(0x0000007e49300000,0x0000007e49400000)]
  0x00000277b1c85000 JavaThread "Service Thread" daemon [_thread_blocked, id=9212, stack(0x0000007e49400000,0x0000007e49500000)]
  0x00000277b1c89000 JavaThread "C2 CompilerThread0" daemon [_thread_blocked, id=5976, stack(0x0000007e49500000,0x0000007e49600000)]
  0x00000277b2664000 JavaThread "C1 CompilerThread0" daemon [_thread_blocked, id=7704, stack(0x0000007e49600000,0x0000007e49700000)]
  0x00000277b2671800 JavaThread "Sweeper thread" daemon [_thread_blocked, id=8028, stack(0x0000007e49700000,0x0000007e49800000)]
  0x00000277b275d000 JavaThread "Common-Cleaner" daemon [_thread_blocked, id=3144, stack(0x0000007e49800000,0x0000007e49900000)]
  0x00000277b3dc6000 JavaThread "Daemon health stats" [_thread_blocked, id=5860, stack(0x0000007e49a00000,0x0000007e49b00000)]
  0x00000277b46ba000 JavaThread "Incoming local TCP Connector on port 56497" [_thread_in_native, id=11936, stack(0x0000007e49d00000,0x0000007e49e00000)]
  0x00000277b3479800 JavaThread "Daemon periodic checks" [_thread_blocked, id=9484, stack(0x0000007e49e00000,0x0000007e49f00000)]
  0x00000277b2933800 JavaThread "Cache worker for file hash cache (C:\Users\HP\.gradle\wrapper\dists\gradle-2.14.1-all\caches\7.0.2\fileHashes)" [_thread_blocked, id=6404, stack(0x0000007e4a700000,0x0000007e4a800000)]
  0x00000277b2933000 JavaThread "File lock request listener" [_thread_in_native, id=420, stack(0x0000007e4a800000,0x0000007e4a900000)]
  0x00000277b2935800 JavaThread "Cache worker for journal cache (C:\Users\HP\.gradle\wrapper\dists\gradle-2.14.1-all\caches\journal-1)" [_thread_blocked, id=7360, stack(0x0000007e4a900000,0x0000007e4aa00000)]
  0x00000277b2937000 JavaThread "File watcher server" daemon [_thread_blocked, id=11068, stack(0x0000007e4ac00000,0x0000007e4ad00000)]
  0x00000277b2938000 JavaThread "File watcher consumer" daemon [_thread_blocked, id=7720, stack(0x0000007e4ad00000,0x0000007e4ae00000)]
  0x00000277b4453800 JavaThread "Cache worker for execution history cache (C:\Users\HP\.gradle\wrapper\dists\gradle-2.14.1-all\caches\7.0.2\executionHistory)" [_thread_blocked, id=9888, stack(0x0000007e4b000000,0x0000007e4b100000)]
  0x00000277b4453000 JavaThread "jar transforms" [_thread_blocked, id=5388, stack(0x0000007e4b200000,0x0000007e4b300000)]
  0x00000277b4455800 JavaThread "jar transforms Thread 2" [_thread_blocked, id=8952, stack(0x0000007e4b300000,0x0000007e4b400000)]
  0x00000277b444f800 JavaThread "Cache worker for file content cache (C:\Users\HP\.gradle\wrapper\dists\gradle-2.14.1-all\caches\7.0.2\fileContent)" [_thread_blocked, id=11628, stack(0x0000007e4b400000,0x0000007e4b500000)]
  0x00000277b4451800 JavaThread "jar transforms Thread 3" [_thread_blocked, id=2812, stack(0x0000007e4b600000,0x0000007e4b700000)]
  0x00000277b4f3c000 JavaThread "jar transforms Thread 4" [_thread_blocked, id=10604, stack(0x0000007e4bb00000,0x0000007e4bc00000)]
  0x00000277b4f3c800 JavaThread "Memory manager" [_thread_blocked, id=12212, stack(0x0000007e4bf00000,0x0000007e4c000000)]
  0x00000277b9829800 JavaThread "Cache worker for Java compile cache (C:\Users\HP\.gradle\wrapper\dists\gradle-2.14.1-all\caches\7.0.2\javaCompile)" [_thread_blocked, id=4676, stack(0x0000007e4c100000,0x0000007e4c200000)]
  0x00000277b9826800 JavaThread "ForkJoinPool.commonPool-worker-5" daemon [_thread_blocked, id=6020, stack(0x0000007e4c800000,0x0000007e4c900000)]
  0x00000277b4f3d800 JavaThread "Daemon Thread 3" [_thread_blocked, id=9828, stack(0x0000007e48700000,0x0000007e48800000)]
  0x00000277b4f3b000 JavaThread "Handler for socket connection from /127.0.0.1:56497 to /127.0.0.1:56572" [_thread_in_native, id=272, stack(0x0000007e48800000,0x0000007e48900000)]
  0x00000277b4f41000 JavaThread "Cancel handler" [_thread_blocked, id=8808, stack(0x0000007e49f00000,0x0000007e4a000000)]
  0x00000277b4f3e800 JavaThread "Daemon worker Thread 3" [_thread_blocked, id=11848, stack(0x0000007e4a000000,0x0000007e4a100000)]
  0x00000277b4f41800 JavaThread "Asynchronous log dispatcher for DefaultDaemonConnection: socket connection from /127.0.0.1:56497 to /127.0.0.1:56572" [_thread_blocked, id=9804, stack(0x0000007e4a100000,0x0000007e4a200000)]
  0x00000277b4f44000 JavaThread "Stdin handler" [_thread_blocked, id=9936, stack(0x0000007e4a200000,0x0000007e4a300000)]
  0x00000277b4f45000 JavaThread "Daemon client event forwarder" [_thread_blocked, id=3576, stack(0x0000007e4a300000,0x0000007e4a400000)]
  0x00000277b4f3f000 JavaThread "Cache worker for file hash cache (C:\Users\HP\AndroidStudioProjects\QuizzerExtended\QuizzerClass\.gradle\7.0.2\fileHashes)" [_thread_blocked, id=7380, stack(0x0000007e4a500000,0x0000007e4a600000)]
  0x00000277b4f45800 JavaThread "Cache worker for checksums cache (C:\Users\HP\AndroidStudioProjects\QuizzerExtended\QuizzerClass\.gradle\checksums)" [_thread_blocked, id=9428, stack(0x0000007e4a600000,0x0000007e4a700000)]
  0x00000277b4f40000 JavaThread "Cache worker for cache directory md-supplier (C:\Users\HP\.gradle\wrapper\dists\gradle-2.14.1-all\caches\7.0.2\md-supplier)" [_thread_blocked, id=11884, stack(0x0000007e4aa00000,0x0000007e4ab00000)]
  0x00000277b4f48000 JavaThread "Cache worker for cache directory md-rule (C:\Users\HP\.gradle\wrapper\dists\gradle-2.14.1-all\caches\7.0.2\md-rule)" [_thread_blocked, id=7832, stack(0x0000007e4ab00000,0x0000007e4ac00000)]
  0x00000277b4f46800 JavaThread "Cache worker for dependencies-accessors (C:\Users\HP\AndroidStudioProjects\QuizzerExtended\QuizzerClass\.gradle\7.0.2\dependencies-accessors)" [_thread_blocked, id=10680, stack(0x0000007e4ae00000,0x0000007e4af00000)]
  0x00000277b4f47800 JavaThread "Cache worker for Build Output Cleanup Cache (C:\Users\HP\AndroidStudioProjects\QuizzerExtended\QuizzerClass\.gradle\buildOutputCleanup)" [_thread_blocked, id=7948, stack(0x0000007e4b100000,0x0000007e4b200000)]
  0x00000277b4f49000 JavaThread "Build operations" [_thread_blocked, id=9844, stack(0x0000007e4b500000,0x0000007e4b600000)]
  0x00000277b4f4a000 JavaThread "Build operations Thread 2" [_thread_blocked, id=9924, stack(0x0000007e4b700000,0x0000007e4b800000)]
  0x00000277b9828000 JavaThread "Build operations Thread 3" [_thread_blocked, id=5480, stack(0x0000007e4b800000,0x0000007e4b900000)]
  0x00000277b982a800 JavaThread "Build operations Thread 4" [_thread_blocked, id=9856, stack(0x0000007e4b900000,0x0000007e4ba00000)]
  0x00000277b9827000 JavaThread "build event listener" [_thread_blocked, id=1620, stack(0x0000007e4ba00000,0x0000007e4bb00000)]
  0x00000277b982b000 JavaThread "Execution worker for ':'" [_thread_blocked, id=8596, stack(0x0000007e4bc00000,0x0000007e4bd00000)]
  0x00000277b9829000 JavaThread "Execution worker for ':' Thread 2" [_thread_blocked, id=11668, stack(0x0000007e4bd00000,0x0000007e4be00000)]
  0x00000277b9825800 JavaThread "Execution worker for ':' Thread 3" [_thread_blocked, id=10772, stack(0x0000007e4be00000,0x0000007e4bf00000)]
  0x00000277b9831000 JavaThread "Cache worker for execution history cache (C:\Users\HP\AndroidStudioProjects\QuizzerExtended\QuizzerClass\.gradle\7.0.2\executionHistory)" [_thread_blocked, id=6716, stack(0x0000007e4c000000,0x0000007e4c100000)]
  0x00000277b9830000 JavaThread "Cache worker for Java compile cache (C:\Users\HP\AndroidStudioProjects\QuizzerExtended\QuizzerClass\.gradle\7.0.2\javaCompile)" [_thread_blocked, id=8080, stack(0x0000007e4c200000,0x0000007e4c300000)]
  0x00000277b7f03800 JavaThread "C2 CompilerThread1" daemon [_thread_blocked, id=8636, stack(0x0000007e4af00000,0x0000007e4b000000)]

Other Threads:
  0x00000277b1c40800 VMThread "VM Thread" [stack: 0x0000007e48f00000,0x0000007e49000000] [id=8056]
  0x00000277b278a800 WatcherThread [stack: 0x0000007e49900000,0x0000007e49a00000] [id=11416]
=>0x0000027798bff800 GCTaskThread "GC Thread#0" [stack: 0x0000007e48a00000,0x0000007e48b00000] [id=11464]
  0x00000277b2c36000 GCTaskThread "GC Thread#1" [stack: 0x0000007e49b00000,0x0000007e49c00000] [id=1172]
  0x00000277b2c37000 GCTaskThread "GC Thread#2" [stack: 0x0000007e49c00000,0x0000007e49d00000] [id=4792]
  0x00000277b28fe800 GCTaskThread "GC Thread#3" [stack: 0x0000007e4a400000,0x0000007e4a500000] [id=10040]
  0x0000027798c25800 ConcurrentGCThread "G1 Main Marker" [stack: 0x0000007e48b00000,0x0000007e48c00000] [id=7580]
  0x0000027798c27000 ConcurrentGCThread "G1 Conc#0" [stack: 0x0000007e48c00000,0x0000007e48d00000] [id=10964]
  0x0000027798cb6800 ConcurrentGCThread "G1 Refine#0" [stack: 0x0000007e48d00000,0x0000007e48e00000] [id=8208]
  0x0000027798cb7800 ConcurrentGCThread "G1 Young RemSet Sampling" [stack: 0x0000007e48e00000,0x0000007e48f00000] [id=8332]

Threads with active compile tasks:
C2 CompilerThread0 651572 17090       4       com.sun.tools.javac.comp.Attr::checkIdInternal (762 bytes)
C1 CompilerThread0 651572 17123       3       com.sun.tools.javac.code.Types::closureMin (229 bytes)
C2 CompilerThread1 651573 17111       4       com.sun.tools.javac.code.Types::capture (556 bytes)

VM state:at safepoint (normal execution)

VM Mutex/Monitor currently owned by a thread:  ([mutex/lock_event])
[0x0000027798be2080] Threads_lock - owner thread: 0x00000277b1c40800
[0x0000027798be3940] Heap_lock - owner thread: 0x00000277b9829000

Heap address: 0x00000000a0000000, size: 1536 MB, Compressed Oops mode: 32-bit
Narrow klass base: 0x0000000000000000, Narrow klass shift: 3
Compressed class space size: 1073741824 Address: 0x0000000100000000

Heap:
 garbage-first heap   total 155648K, used 127197K [0x00000000a0000000, 0x0000000100000000)
  region size 1024K, 20 young (20480K), 3 survivors (3072K)
 Metaspace       used 109891K, capacity 113017K, committed 113288K, reserved 1146880K
  class space    used 14151K, capacity 15313K, committed 15436K, reserved 1048576K
Heap Regions: E=young(eden), S=young(survivor), O=old, HS=humongous(starts), HC=humongous(continues), CS=collection set, F=free, A=archive, TAMS=top-at-mark-start (previous, next)
|   0|0x00000000a0000000, 0x00000000a0100000, 0x00000000a0100000|100%|HS|  |TAMS 0x00000000a0100000, 0x00000000a0000000| Complete 
|   1|0x00000000a0100000, 0x00000000a0200000, 0x00000000a0200000|100%|HC|  |TAMS 0x00000000a0200000, 0x00000000a0100000| Complete 
|   2|0x00000000a0200000, 0x00000000a0300000, 0x00000000a0300000|100%|HC|  |TAMS 0x00000000a0300000, 0x00000000a0200000| Complete 
|   3|0x00000000a0300000, 0x00000000a0400000, 0x00000000a0400000|100%| O|  |TAMS 0x00000000a0400000, 0x00000000a0300000| Untracked 
|   4|0x00000000a0400000, 0x00000000a0500000, 0x00000000a0500000|100%| O|  |TAMS 0x00000000a0500000, 0x00000000a0400000| Untracked 
|   5|0x00000000a0500000, 0x00000000a0600000, 0x00000000a0600000|100%| O|  |TAMS 0x00000000a0600000, 0x00000000a0500000| Untracked 
|   6|0x00000000a0600000, 0x00000000a0700000, 0x00000000a0700000|100%| O|  |TAMS 0x00000000a0700000, 0x00000000a0600000| Untracked 
|   7|0x00000000a0700000, 0x00000000a0800000, 0x00000000a0800000|100%| O|  |TAMS 0x00000000a0800000, 0x00000000a0700000| Untracked 
|   8|0x00000000a0800000, 0x00000000a0900000, 0x00000000a0900000|100%| O|  |TAMS 0x00000000a0900000, 0x00000000a0800000| Untracked 
|   9|0x00000000a0900000, 0x00000000a0a00000, 0x00000000a0a00000|100%| O|  |TAMS 0x00000000a0a00000, 0x00000000a0900000| Untracked 
|  10|0x00000000a0a00000, 0x00000000a0b00000, 0x00000000a0b00000|100%| O|  |TAMS 0x00000000a0b00000, 0x00000000a0a00000| Untracked 
|  11|0x00000000a0b00000, 0x00000000a0c00000, 0x00000000a0c00000|100%| O|  |TAMS 0x00000000a0c00000, 0x00000000a0b00000| Untracked 
|  12|0x00000000a0c00000, 0x00000000a0d00000, 0x00000000a0d00000|100%| O|  |TAMS 0x00000000a0d00000, 0x00000000a0c00000| Untracked 
|  13|0x00000000a0d00000, 0x00000000a0e00000, 0x00000000a0e00000|100%| O|  |TAMS 0x00000000a0e00000, 0x00000000a0d00000| Untracked 
|  14|0x00000000a0e00000, 0x00000000a0f00000, 0x00000000a0f00000|100%| O|  |TAMS 0x00000000a0f00000, 0x00000000a0e00000| Untracked 
|  15|0x00000000a0f00000, 0x00000000a1000000, 0x00000000a1000000|100%| O|  |TAMS 0x00000000a1000000, 0x00000000a0f00000| Untracked 
|  16|0x00000000a1000000, 0x00000000a1100000, 0x00000000a1100000|100%|HS|  |TAMS 0x00000000a1100000, 0x00000000a1000000| Complete 
|  17|0x00000000a1100000, 0x00000000a1200000, 0x00000000a1200000|100%| O|  |TAMS 0x00000000a1200000, 0x00000000a1100000| Untracked 
|  18|0x00000000a1200000, 0x00000000a1300000, 0x00000000a1300000|100%| O|  |TAMS 0x00000000a1300000, 0x00000000a1200000| Untracked 
|  19|0x00000000a1300000, 0x00000000a1400000, 0x00000000a1400000|100%| O|  |TAMS 0x00000000a1400000, 0x00000000a1300000| Untracked 
|  20|0x00000000a1400000, 0x00000000a1500000, 0x00000000a1500000|100%| O|  |TAMS 0x00000000a1500000, 0x00000000a1400000| Complete 
|  21|0x00000000a1500000, 0x00000000a1600000, 0x00000000a1600000|100%| O|  |TAMS 0x00000000a1600000, 0x00000000a1500000| Untracked 
|  22|0x00000000a1600000, 0x00000000a1700000, 0x00000000a1700000|100%| O|  |TAMS 0x00000000a1700000, 0x00000000a1600000| Complete 
|  23|0x00000000a1700000, 0x00000000a1800000, 0x00000000a1800000|100%|HS|  |TAMS 0x00000000a1800000, 0x00000000a1700000| Complete 
|  24|0x00000000a1800000, 0x00000000a1900000, 0x00000000a1900000|100%|HS|  |TAMS 0x00000000a1900000, 0x00000000a1800000| Complete 
|  25|0x00000000a1900000, 0x00000000a1a00000, 0x00000000a1a00000|100%|HC|  |TAMS 0x00000000a1a00000, 0x00000000a1900000| Complete 
|  26|0x00000000a1a00000, 0x00000000a1b00000, 0x00000000a1b00000|100%| O|  |TAMS 0x00000000a1b00000, 0x00000000a1a00000| Untracked 
|  27|0x00000000a1b00000, 0x00000000a1c00000, 0x00000000a1c00000|100%| O|  |TAMS 0x00000000a1c00000, 0x00000000a1b00000| Untracked 
|  28|0x00000000a1c00000, 0x00000000a1d00000, 0x00000000a1d00000|100%| O|  |TAMS 0x00000000a1d00000, 0x00000000a1c00000| Untracked 
|  29|0x00000000a1d00000, 0x00000000a1e00000, 0x00000000a1e00000|100%| O|  |TAMS 0x00000000a1e00000, 0x00000000a1d00000| Untracked 
|  30|0x00000000a1e00000, 0x00000000a1f00000, 0x00000000a1f00000|100%| O|  |TAMS 0x00000000a1f00000, 0x00000000a1e00000| Untracked 
|  31|0x00000000a1f00000, 0x00000000a2000000, 0x00000000a2000000|100%| O|  |TAMS 0x00000000a2000000, 0x00000000a1f00000| Complete 
|  32|0x00000000a2000000, 0x00000000a2100000, 0x00000000a2100000|100%| O|  |TAMS 0x00000000a2100000, 0x00000000a2000000| Untracked 
|  33|0x00000000a2100000, 0x00000000a2200000, 0x00000000a2200000|100%| O|  |TAMS 0x00000000a2200000, 0x00000000a2100000| Untracked 
|  34|0x00000000a2200000, 0x00000000a2300000, 0x00000000a2300000|100%| O|  |TAMS 0x00000000a2300000, 0x00000000a2200000| Untracked 
|  35|0x00000000a2300000, 0x00000000a2400000, 0x00000000a2400000|100%| O|  |TAMS 0x00000000a2400000, 0x00000000a2300000| Complete 
|  36|0x00000000a2400000, 0x00000000a2500000, 0x00000000a2500000|100%| O|  |TAMS 0x00000000a2500000, 0x00000000a2400000| Untracked 
|  37|0x00000000a2500000, 0x00000000a2600000, 0x00000000a2600000|100%| O|  |TAMS 0x00000000a2600000, 0x00000000a2500000| Complete 
|  38|0x00000000a2600000, 0x00000000a2700000, 0x00000000a2700000|100%| O|  |TAMS 0x00000000a2700000, 0x00000000a2600000| Untracked 
|  39|0x00000000a2700000, 0x00000000a2800000, 0x00000000a2800000|100%| O|  |TAMS 0x00000000a2800000, 0x00000000a2700000| Untracked 
|  40|0x00000000a2800000, 0x00000000a2900000, 0x00000000a2900000|100%| O|  |TAMS 0x00000000a2900000, 0x00000000a2800000| Complete 
|  41|0x00000000a2900000, 0x00000000a2a00000, 0x00000000a2a00000|100%| O|  |TAMS 0x00000000a2a00000, 0x00000000a2900000| Untracked 
|  42|0x00000000a2a00000, 0x00000000a2b00000, 0x00000000a2b00000|100%| O|  |TAMS 0x00000000a2b00000, 0x00000000a2a00000| Untracked 
|  43|0x00000000a2b00000, 0x00000000a2c00000, 0x00000000a2c00000|100%| O|  |TAMS 0x00000000a2c00000, 0x00000000a2b00000| Complete 
|  44|0x00000000a2c00000, 0x00000000a2d00000, 0x00000000a2d00000|100%| O|  |TAMS 0x00000000a2d00000, 0x00000000a2c00000| Untracked 
|  45|0x00000000a2d00000, 0x00000000a2e00000, 0x00000000a2e00000|100%| O|  |TAMS 0x00000000a2e00000, 0x00000000a2d00000| Untracked 
|  46|0x00000000a2e00000, 0x00000000a2f00000, 0x00000000a2f00000|100%| O|  |TAMS 0x00000000a2f00000, 0x00000000a2e00000| Untracked 
|  47|0x00000000a2f00000, 0x00000000a3000000, 0x00000000a3000000|100%| O|  |TAMS 0x00000000a3000000, 0x00000000a2f00000| Untracked 
|  48|0x00000000a3000000, 0x00000000a3100000, 0x00000000a3100000|100%| O|  |TAMS 0x00000000a3100000, 0x00000000a3000000| Complete 
|  49|0x00000000a3100000, 0x00000000a3200000, 0x00000000a3200000|100%| O|  |TAMS 0x00000000a3200000, 0x00000000a3100000| Untracked 
|  50|0x00000000a3200000, 0x00000000a3300000, 0x00000000a3300000|100%| O|  |TAMS 0x00000000a3300000, 0x00000000a3200000| Complete 
|  51|0x00000000a3300000, 0x00000000a3400000, 0x00000000a3400000|100%| O|  |TAMS 0x00000000a3400000, 0x00000000a3300000| Untracked 
|  52|0x00000000a3400000, 0x00000000a3500000, 0x00000000a3500000|100%| O|  |TAMS 0x00000000a3500000, 0x00000000a3400000| Complete 
|  53|0x00000000a3500000, 0x00000000a3600000, 0x00000000a3600000|100%| O|  |TAMS 0x00000000a3600000, 0x00000000a3500000| Untracked 
|  54|0x00000000a3600000, 0x00000000a3700000, 0x00000000a3700000|100%| O|  |TAMS 0x00000000a3700000, 0x00000000a3600000| Complete 
|  55|0x00000000a3700000, 0x00000000a3800000, 0x00000000a3800000|100%| O|  |TAMS 0x00000000a3800000, 0x00000000a3700000| Untracked 
|  56|0x00000000a3800000, 0x00000000a3900000, 0x00000000a3900000|100%| O|  |TAMS 0x00000000a3900000, 0x00000000a3800000| Complete 
|  57|0x00000000a3900000, 0x00000000a3a00000, 0x00000000a3a00000|100%| O|  |TAMS 0x00000000a3a00000, 0x00000000a3900000| Untracked 
|  58|0x00000000a3a00000, 0x00000000a3b00000, 0x00000000a3b00000|100%| O|  |TAMS 0x00000000a3b00000, 0x00000000a3a00000| Complete 
|  59|0x00000000a3b00000, 0x00000000a3c00000, 0x00000000a3c00000|100%| O|  |TAMS 0x00000000a3c00000, 0x00000000a3b00000| Complete 
|  60|0x00000000a3c00000, 0x00000000a3d00000, 0x00000000a3d00000|100%| O|  |TAMS 0x00000000a3d00000, 0x00000000a3c00000| Complete 
|  61|0x00000000a3d00000, 0x00000000a3e00000, 0x00000000a3e00000|100%| O|  |TAMS 0x00000000a3e00000, 0x00000000a3d00000| Complete 
|  62|0x00000000a3e00000, 0x00000000a3f00000, 0x00000000a3f00000|100%| O|  |TAMS 0x00000000a3f00000, 0x00000000a3e00000| Untracked 
|  63|0x00000000a3f00000, 0x00000000a4000000, 0x00000000a4000000|100%| O|  |TAMS 0x00000000a4000000, 0x00000000a3f00000| Untracked 
|  64|0x00000000a4000000, 0x00000000a4100000, 0x00000000a4100000|100%| O|  |TAMS 0x00000000a4100000, 0x00000000a4000000| Complete 
|  65|0x00000000a4100000, 0x00000000a4200000, 0x00000000a4200000|100%| O|  |TAMS 0x00000000a4200000, 0x00000000a4100000| Untracked 
|  66|0x00000000a4200000, 0x00000000a4300000, 0x00000000a4300000|100%| O|  |TAMS 0x00000000a4300000, 0x00000000a4200000| Untracked 
|  67|0x00000000a4300000, 0x00000000a4400000, 0x00000000a4400000|100%| O|  |TAMS 0x00000000a4400000, 0x00000000a4300000| Untracked 
|  68|0x00000000a4400000, 0x00000000a4500000, 0x00000000a4500000|100%| O|  |TAMS 0x00000000a4437400, 0x00000000a4400000| Untracked 
|  69|0x00000000a4500000, 0x00000000a4600000, 0x00000000a4600000|100%| O|  |TAMS 0x00000000a4600000, 0x00000000a4500000| Complete 
|  70|0x00000000a4600000, 0x00000000a4700000, 0x00000000a4700000|100%| O|  |TAMS 0x00000000a4700000, 0x00000000a4600000| Complete 
|  71|0x00000000a4700000, 0x00000000a4800000, 0x00000000a4800000|100%| O|  |TAMS 0x00000000a4800000, 0x00000000a4700000| Complete 
|  72|0x00000000a4800000, 0x00000000a4900000, 0x00000000a4900000|100%| O|  |TAMS 0x00000000a4900000, 0x00000000a4800000| Untracked 
|  73|0x00000000a4900000, 0x00000000a4a00000, 0x00000000a4a00000|100%| O|  |TAMS 0x00000000a4a00000, 0x00000000a4900000| Complete 
|  74|0x00000000a4a00000, 0x00000000a4b00000, 0x00000000a4b00000|100%| O|  |TAMS 0x00000000a4b00000, 0x00000000a4a00000| Untracked 
|  75|0x00000000a4b00000, 0x00000000a4c00000, 0x00000000a4c00000|100%| O|  |TAMS 0x00000000a4c00000, 0x00000000a4b00000| Complete 
|  76|0x00000000a4c00000, 0x00000000a4d00000, 0x00000000a4d00000|100%| O|  |TAMS 0x00000000a4d00000, 0x00000000a4c00000| Untracked 
|  77|0x00000000a4d00000, 0x00000000a4e00000, 0x00000000a4e00000|100%| O|  |TAMS 0x00000000a4e00000, 0x00000000a4d00000| Complete 
|  78|0x00000000a4e00000, 0x00000000a4f00000, 0x00000000a4f00000|100%|HS|  |TAMS 0x00000000a4f00000, 0x00000000a4e00000| Complete 
|  79|0x00000000a4f00000, 0x00000000a5000000, 0x00000000a5000000|100%|HC|  |TAMS 0x00000000a5000000, 0x00000000a4f00000| Complete 
|  80|0x00000000a5000000, 0x00000000a5100000, 0x00000000a5100000|100%| O|  |TAMS 0x00000000a5100000, 0x00000000a5000000| Untracked 
|  81|0x00000000a5100000, 0x00000000a5200000, 0x00000000a5200000|100%| O|  |TAMS 0x00000000a5200000, 0x00000000a5100000| Untracked 
|  82|0x00000000a5200000, 0x00000000a5300000, 0x00000000a5300000|100%| O|  |TAMS 0x00000000a5300000, 0x00000000a5200000| Untracked 
|  83|0x00000000a5300000, 0x00000000a5400000, 0x00000000a5400000|100%| O|  |TAMS 0x00000000a5400000, 0x00000000a5300000| Complete 
|  84|0x00000000a5400000, 0x00000000a5500000, 0x00000000a5500000|100%| O|  |TAMS 0x00000000a5500000, 0x00000000a5400000| Complete 
|  85|0x00000000a5500000, 0x00000000a5600000, 0x00000000a5600000|100%| O|  |TAMS 0x00000000a5600000, 0x00000000a5500000| Complete 
|  86|0x00000000a5600000, 0x00000000a5700000, 0x00000000a5700000|100%| O|  |TAMS 0x00000000a5700000, 0x00000000a5600000| Complete 
|  87|0x00000000a5700000, 0x00000000a5800000, 0x00000000a5800000|100%| O|  |TAMS 0x00000000a5700000, 0x00000000a5700000| Untracked 
|  88|0x00000000a5800000, 0x00000000a5900000, 0x00000000a5900000|100%| O|  |TAMS 0x00000000a5900000, 0x00000000a5800000| Untracked 
|  89|0x00000000a5900000, 0x00000000a5a00000, 0x00000000a5a00000|100%| O|  |TAMS 0x00000000a5a00000, 0x00000000a5900000| Untracked 
|  90|0x00000000a5a00000, 0x00000000a5b00000, 0x00000000a5b00000|100%| O|  |TAMS 0x00000000a5a00000, 0x00000000a5a00000| Untracked 
|  91|0x00000000a5b00000, 0x00000000a5c00000, 0x00000000a5c00000|100%| O|  |TAMS 0x00000000a5c00000, 0x00000000a5b00000| Complete 
|  92|0x00000000a5c00000, 0x00000000a5d00000, 0x00000000a5d00000|100%| O|  |TAMS 0x00000000a5d00000, 0x00000000a5c00000| Untracked 
|  93|0x00000000a5d00000, 0x00000000a5e00000, 0x00000000a5e00000|100%| O|  |TAMS 0x00000000a5e00000, 0x00000000a5d00000| Untracked 
|  94|0x00000000a5e00000, 0x00000000a5ed6c30, 0x00000000a5f00000| 83%| O|  |TAMS 0x00000000a5e00000, 0x00000000a5e00000| Untracked 
|  95|0x00000000a5f00000, 0x00000000a6000000, 0x00000000a6000000|100%| O|  |TAMS 0x00000000a6000000, 0x00000000a5f00000| Untracked 
|  96|0x00000000a6000000, 0x00000000a6100000, 0x00000000a6100000|100%| O|  |TAMS 0x00000000a6100000, 0x00000000a6000000| Untracked 
|  97|0x00000000a6100000, 0x00000000a6100000, 0x00000000a6200000|  0%| F|  |TAMS 0x00000000a6100000, 0x00000000a6100000| Untracked 
|  98|0x00000000a6200000, 0x00000000a6300000, 0x00000000a6300000|100%| O|  |TAMS 0x00000000a6300000, 0x00000000a6200000| Untracked 
|  99|0x00000000a6300000, 0x00000000a6400000, 0x00000000a6400000|100%| O|  |TAMS 0x00000000a6400000, 0x00000000a6300000| Complete 
| 100|0x00000000a6400000, 0x00000000a6500000, 0x00000000a6500000|100%| O|  |TAMS 0x00000000a6500000, 0x00000000a6400000| Untracked 
| 101|0x00000000a6500000, 0x00000000a6500000, 0x00000000a6600000|  0%| F|  |TAMS 0x00000000a6500000, 0x00000000a6500000| Untracked 
| 102|0x00000000a6600000, 0x00000000a6600000, 0x00000000a6700000|  0%| F|  |TAMS 0x00000000a6600000, 0x00000000a6600000| Untracked 
| 103|0x00000000a6700000, 0x00000000a6700000, 0x00000000a6800000|  0%| F|  |TAMS 0x00000000a6700000, 0x00000000a6700000| Untracked 
| 104|0x00000000a6800000, 0x00000000a6800000, 0x00000000a6900000|  0%| F|  |TAMS 0x00000000a6800000, 0x00000000a6800000| Untracked 
| 105|0x00000000a6900000, 0x00000000a6900000, 0x00000000a6a00000|  0%| F|  |TAMS 0x00000000a6900000, 0x00000000a6900000| Untracked 
| 106|0x00000000a6a00000, 0x00000000a6a00000, 0x00000000a6b00000|  0%| F|  |TAMS 0x00000000a6a00000, 0x00000000a6a00000| Untracked 
| 107|0x00000000a6b00000, 0x00000000a6c00000, 0x00000000a6c00000|100%| O|  |TAMS 0x00000000a6c00000, 0x00000000a6b00000| Untracked 
| 108|0x00000000a6c00000, 0x00000000a6d00000, 0x00000000a6d00000|100%| O|  |TAMS 0x00000000a6d00000, 0x00000000a6c00000| Complete 
| 109|0x00000000a6d00000, 0x00000000a6d00000, 0x00000000a6e00000|  0%| F|  |TAMS 0x00000000a6d00000, 0x00000000a6d00000| Untracked 
| 110|0x00000000a6e00000, 0x00000000a6f00000, 0x00000000a6f00000|100%| O|  |TAMS 0x00000000a6f00000, 0x00000000a6e00000| Complete 
| 111|0x00000000a6f00000, 0x00000000a7000000, 0x00000000a7000000|100%| O|  |TAMS 0x00000000a7000000, 0x00000000a6f00000| Untracked 
| 112|0x00000000a7000000, 0x00000000a7100000, 0x00000000a7100000|100%| O|  |TAMS 0x00000000a7100000, 0x00000000a7000000| Untracked 
| 113|0x00000000a7100000, 0x00000000a7200000, 0x00000000a7200000|100%| O|  |TAMS 0x00000000a7200000, 0x00000000a7100000| Complete 
| 114|0x00000000a7200000, 0x00000000a7300000, 0x00000000a7300000|100%| O|  |TAMS 0x00000000a7300000, 0x00000000a7200000| Untracked 
| 115|0x00000000a7300000, 0x00000000a7400000, 0x00000000a7400000|100%| O|  |TAMS 0x00000000a7400000, 0x00000000a7300000| Complete 
| 116|0x00000000a7400000, 0x00000000a7400000, 0x00000000a7500000|  0%| F|  |TAMS 0x00000000a7400000, 0x00000000a7400000| Untracked 
| 117|0x00000000a7500000, 0x00000000a7500000, 0x00000000a7600000|  0%| F|  |TAMS 0x00000000a7500000, 0x00000000a7500000| Untracked 
| 118|0x00000000a7600000, 0x00000000a7600000, 0x00000000a7700000|  0%| F|  |TAMS 0x00000000a7600000, 0x00000000a7600000| Untracked 
| 119|0x00000000a7700000, 0x00000000a7700000, 0x00000000a7800000|  0%| F|  |TAMS 0x00000000a7700000, 0x00000000a7700000| Untracked 
| 120|0x00000000a7800000, 0x00000000a7800000, 0x00000000a7900000|  0%| F|  |TAMS 0x00000000a7800000, 0x00000000a7800000| Untracked 
| 121|0x00000000a7900000, 0x00000000a7900000, 0x00000000a7a00000|  0%| F|  |TAMS 0x00000000a7900000, 0x00000000a7900000| Untracked 
| 122|0x00000000a7a00000, 0x00000000a7a00000, 0x00000000a7b00000|  0%| F|  |TAMS 0x00000000a7a00000, 0x00000000a7a00000| Untracked 
| 123|0x00000000a7b00000, 0x00000000a7b00000, 0x00000000a7c00000|  0%| F|  |TAMS 0x00000000a7b00000, 0x00000000a7b00000| Untracked 
| 124|0x00000000a7c00000, 0x00000000a7c00000, 0x00000000a7d00000|  0%| F|  |TAMS 0x00000000a7c00000, 0x00000000a7c00000| Untracked 
| 125|0x00000000a7d00000, 0x00000000a7d00000, 0x00000000a7e00000|  0%| F|  |TAMS 0x00000000a7d00000, 0x00000000a7d00000| Untracked 
| 126|0x00000000a7e00000, 0x00000000a7e00000, 0x00000000a7f00000|  0%| F|  |TAMS 0x00000000a7e00000, 0x00000000a7e00000| Untracked 
| 127|0x00000000a7f00000, 0x00000000a7f00000, 0x00000000a8000000|  0%| F|  |TAMS 0x00000000a7f00000, 0x00000000a7f00000| Untracked 
| 128|0x00000000a8000000, 0x00000000a8100000, 0x00000000a8100000|100%| E|CS|TAMS 0x00000000a8000000, 0x00000000a8000000| Complete 
| 129|0x00000000a8100000, 0x00000000a8200000, 0x00000000a8200000|100%| E|CS|TAMS 0x00000000a8100000, 0x00000000a8100000| Complete 
| 130|0x00000000a8200000, 0x00000000a8300000, 0x00000000a8300000|100%| E|CS|TAMS 0x00000000a8200000, 0x00000000a8200000| Complete 
| 131|0x00000000a8300000, 0x00000000a8300000, 0x00000000a8400000|  0%| F|  |TAMS 0x00000000a8300000, 0x00000000a8300000| Untracked 
| 132|0x00000000a8400000, 0x00000000a8500000, 0x00000000a8500000|100%| S|  |TAMS 0x00000000a8400000, 0x00000000a8400000| Complete 
| 133|0x00000000a8500000, 0x00000000a8600000, 0x00000000a8600000|100%| S|  |TAMS 0x00000000a8500000, 0x00000000a8500000| Complete 
| 134|0x00000000a8600000, 0x00000000a8700000, 0x00000000a8700000|100%| S|  |TAMS 0x00000000a8600000, 0x00000000a8600000| Complete 
| 135|0x00000000a8700000, 0x00000000a8800000, 0x00000000a8800000|100%| E|CS|TAMS 0x00000000a8700000, 0x00000000a8700000| Complete 
| 136|0x00000000a8800000, 0x00000000a8900000, 0x00000000a8900000|100%| E|CS|TAMS 0x00000000a8800000, 0x00000000a8800000| Complete 
| 137|0x00000000a8900000, 0x00000000a8a00000, 0x00000000a8a00000|100%| E|CS|TAMS 0x00000000a8900000, 0x00000000a8900000| Complete 
| 138|0x00000000a8a00000, 0x00000000a8b00000, 0x00000000a8b00000|100%| E|CS|TAMS 0x00000000a8a00000, 0x00000000a8a00000| Complete 
| 139|0x00000000a8b00000, 0x00000000a8c00000, 0x00000000a8c00000|100%| E|CS|TAMS 0x00000000a8b00000, 0x00000000a8b00000| Complete 
| 140|0x00000000a8c00000, 0x00000000a8d00000, 0x00000000a8d00000|100%| E|CS|TAMS 0x00000000a8c00000, 0x00000000a8c00000| Complete 
| 141|0x00000000a8d00000, 0x00000000a8e00000, 0x00000000a8e00000|100%| E|CS|TAMS 0x00000000a8d00000, 0x00000000a8d00000| Complete 
| 142|0x00000000a8e00000, 0x00000000a8f00000, 0x00000000a8f00000|100%| E|CS|TAMS 0x00000000a8e00000, 0x00000000a8e00000| Complete 
| 143|0x00000000a8f00000, 0x00000000a9000000, 0x00000000a9000000|100%| E|CS|TAMS 0x00000000a8f00000, 0x00000000a8f00000| Complete 
| 144|0x00000000a9000000, 0x00000000a9100000, 0x00000000a9100000|100%| E|CS|TAMS 0x00000000a9000000, 0x00000000a9000000| Complete 
| 145|0x00000000a9100000, 0x00000000a9200000, 0x00000000a9200000|100%| E|CS|TAMS 0x00000000a9100000, 0x00000000a9100000| Complete 
| 146|0x00000000a9200000, 0x00000000a9300000, 0x00000000a9300000|100%| E|CS|TAMS 0x00000000a9200000, 0x00000000a9200000| Complete 
| 147|0x00000000a9300000, 0x00000000a9400000, 0x00000000a9400000|100%| E|CS|TAMS 0x00000000a9300000, 0x00000000a9300000| Complete 
| 148|0x00000000a9400000, 0x00000000a9500000, 0x00000000a9500000|100%| E|CS|TAMS 0x00000000a9400000, 0x00000000a9400000| Complete 
| 149|0x00000000a9500000, 0x00000000a9600000, 0x00000000a9600000|100%| E|CS|TAMS 0x00000000a9500000, 0x00000000a9500000| Complete 
| 150|0x00000000a9600000, 0x00000000a9700000, 0x00000000a9700000|100%| E|CS|TAMS 0x00000000a9600000, 0x00000000a9600000| Complete 
| 151|0x00000000a9700000, 0x00000000a9800000, 0x00000000a9800000|100%| E|CS|TAMS 0x00000000a9700000, 0x00000000a9700000| Complete 

Card table byte_map: [0x00000277ac040000,0x00000277ac340000] _byte_map_base: 0x00000277abb40000

Marking Bits (Prev, Next): (CMBitMap*) 0x0000027798c1eb68, (CMBitMap*) 0x0000027798c1eba0
 Prev Bits: [0x00000277ac640000, 0x00000277ade40000)
 Next Bits: [0x00000277ade40000, 0x00000277af640000)

Polling page: 0x0000027798cd0000

Metaspace:

Usage:
  Non-class:     95.41 MB capacity,    93.50 MB ( 98%) used,     1.56 MB (  2%) free+waste,   361.50 KB ( <1%) overhead. 
      Class:     14.95 MB capacity,    13.82 MB ( 92%) used,   999.77 KB (  7%) free+waste,   162.00 KB (  1%) overhead. 
       Both:    110.37 MB capacity,   107.32 MB ( 97%) used,     2.54 MB (  2%) free+waste,   523.50 KB ( <1%) overhead. 

Virtual space:
  Non-class space:       96.00 MB reserved,      95.56 MB (>99%) committed 
      Class space:        1.00 GB reserved,      15.07 MB (  1%) committed 
             Both:        1.09 GB reserved,     110.63 MB ( 10%) committed 

Chunk freelists:
   Non-Class:  20.00 KB
       Class:  0 bytes
        Both:  20.00 KB

MaxMetaspaceSize: 17179869184.00 GB
CompressedClassSpaceSize: 1.00 GB

CodeHeap 'non-profiled nmethods': size=120064Kb used=11910Kb max_used=12343Kb free=108153Kb
 bounds [0x00000277a41c0000, 0x00000277a4dd0000, 0x00000277ab700000]
CodeHeap 'profiled nmethods': size=120000Kb used=36577Kb max_used=38562Kb free=83422Kb
 bounds [0x000002779cc90000, 0x000002779f240000, 0x00000277a41c0000]
CodeHeap 'non-nmethods': size=5696Kb used=2332Kb max_used=2428Kb free=3363Kb
 bounds [0x000002779c700000, 0x000002779c970000, 0x000002779cc90000]
 total_blobs=17078 nmethods=16133 adapters=855
 compilation: enabled
              stopped_count=0, restarted_count=0
 full_count=0

Compilation events (20 events):
Event: 651.255 Thread 0x00000277b2664000 nmethod 17104 0x000002779ccd3d90 code [0x000002779ccd3f60, 0x000002779ccd4218]
Event: 651.255 Thread 0x00000277b7f03800 nmethod 17099 0x00000277a4216590 code [0x00000277a4216720, 0x00000277a42167b8]
Event: 651.258 Thread 0x00000277b7f03800 17105       4       java.util.RegularEnumSet$EnumSetIterator::hasNext (15 bytes)
Event: 651.259 Thread 0x00000277b7f03800 nmethod 17105 0x00000277a4214e10 code [0x00000277a4214fa0, 0x00000277a4215018]
Event: 651.275 Thread 0x00000277b7f03800 17106       4       com.sun.tools.javac.code.SymbolMetadata::<init> (38 bytes)
Event: 651.278 Thread 0x00000277b2664000 17107       3       com.sun.tools.javac.comp.Infer$GraphSolver$InferenceGraph::initNodes (329 bytes)
Event: 651.283 Thread 0x00000277b7f03800 nmethod 17106 0x00000277a421d490 code [0x00000277a421d640, 0x00000277a421da78]
Event: 651.285 Thread 0x00000277b2664000 nmethod 17107 0x000002779cddd210 code [0x000002779cddd9c0, 0x000002779cde2e18]
Event: 651.285 Thread 0x00000277b2664000 17110       3       com.sun.tools.javac.jvm.ClassReader::readInnerClasses (183 bytes)
Event: 651.288 Thread 0x00000277b7f03800 17111       4       com.sun.tools.javac.code.Types::capture (556 bytes)
Event: 651.288 Thread 0x00000277b2664000 nmethod 17110 0x000002779ccd9510 code [0x000002779ccd9820, 0x000002779ccda998]
Event: 651.288 Thread 0x00000277b2664000 17108       3       com.sun.tools.javac.util.GraphUtils$Tarjan::findSCC (111 bytes)
Event: 651.290 Thread 0x00000277b2664000 nmethod 17108 0x000002779cce1f10 code [0x000002779cce2180, 0x000002779cce2b58]
Event: 651.290 Thread 0x00000277b2664000 17109       3       com.sun.tools.javac.util.GraphUtils$Tarjan::visitNode (41 bytes)
Event: 651.290 Thread 0x00000277b2664000 nmethod 17109 0x000002779ccd3990 code [0x000002779ccd3b40, 0x000002779ccd3ca8]
Event: 651.292 Thread 0x00000277b2664000 17114       3       com.sun.tools.javac.code.Types$HasSameArgs::visitForAll (10 bytes)
Event: 651.292 Thread 0x00000277b2664000 nmethod 17114 0x000002779ccd8010 code [0x000002779ccd81e0, 0x000002779ccd8408]
Event: 651.292 Thread 0x00000277b2664000 17115       3       com.sun.tools.javac.code.Types$HasSameArgs::visitForAll (99 bytes)
Event: 651.294 Thread 0x00000277b2664000 nmethod 17115 0x000002779cce3410 code [0x000002779cce36c0, 0x000002779cce46f8]
Event: 651.308 Thread 0x00000277b2664000 17123       3       com.sun.tools.javac.code.Types::closureMin (229 bytes)

GC Heap History (20 events):
Event: 467.010 GC heap after
{Heap after GC invocations=58 (full 0):
 garbage-first heap   total 155648K, used 114021K [0x00000000a0000000, 0x0000000100000000)
  region size 1024K, 2 young (2048K), 2 survivors (2048K)
 Metaspace       used 108961K, capacity 111990K, committed 112136K, reserved 1146880K
  class space    used 14119K, capacity 15256K, committed 15308K, reserved 1048576K
}
Event: 467.189 GC heap before
{Heap before GC invocations=58 (full 0):
 garbage-first heap   total 155648K, used 119141K [0x00000000a0000000, 0x0000000100000000)
  region size 1024K, 7 young (7168K), 2 survivors (2048K)
 Metaspace       used 108999K, capacity 112022K, committed 112136K, reserved 1146880K
  class space    used 14124K, capacity 15265K, committed 15308K, reserved 1048576K
}
Event: 467.202 GC heap after
{Heap after GC invocations=59 (full 0):
 garbage-first heap   total 155648K, used 114388K [0x00000000a0000000, 0x0000000100000000)
  region size 1024K, 1 young (1024K), 1 survivors (1024K)
 Metaspace       used 108999K, capacity 112022K, committed 112136K, reserved 1146880K
  class space    used 14124K, capacity 15265K, committed 15308K, reserved 1048576K
}
Event: 468.057 GC heap before
{Heap before GC invocations=59 (full 0):
 garbage-first heap   total 155648K, used 128724K [0x00000000a0000000, 0x0000000100000000)
  region size 1024K, 16 young (16384K), 1 survivors (1024K)
 Metaspace       used 109299K, capacity 112340K, committed 112392K, reserved 1146880K
  class space    used 14133K, capacity 15281K, committed 15308K, reserved 1048576K
}
Event: 468.068 GC heap after
{Heap after GC invocations=60 (full 0):
 garbage-first heap   total 155648K, used 115316K [0x00000000a0000000, 0x0000000100000000)
  region size 1024K, 2 young (2048K), 2 survivors (2048K)
 Metaspace       used 109299K, capacity 112340K, committed 112392K, reserved 1146880K
  class space    used 14133K, capacity 15281K, committed 15308K, reserved 1048576K
}
Event: 646.585 GC heap before
{Heap before GC invocations=61 (full 0):
 garbage-first heap   total 155648K, used 151156K [0x00000000a0000000, 0x0000000100000000)
  region size 1024K, 17 young (17408K), 2 survivors (2048K)
 Metaspace       used 109479K, capacity 112552K, committed 112648K, reserved 1146880K
  class space    used 14143K, capacity 15300K, committed 15308K, reserved 1048576K
}
Event: 646.591 GC heap after
{Heap after GC invocations=62 (full 0):
 garbage-first heap   total 155648K, used 114454K [0x00000000a0000000, 0x0000000100000000)
  region size 1024K, 2 young (2048K), 2 survivors (2048K)
 Metaspace       used 109479K, capacity 112552K, committed 112648K, reserved 1146880K
  class space    used 14143K, capacity 15300K, committed 15308K, reserved 1048576K
}
Event: 646.714 GC heap before
{Heap before GC invocations=62 (full 0):
 garbage-first heap   total 155648K, used 118550K [0x00000000a0000000, 0x0000000100000000)
  region size 1024K, 7 young (7168K), 2 survivors (2048K)
 Metaspace       used 109481K, capacity 112552K, committed 112648K, reserved 1146880K
  class space    used 14143K, capacity 15300K, committed 15308K, reserved 1048576K
}
Event: 646.729 GC heap after
{Heap after GC invocations=63 (full 0):
 garbage-first heap   total 155648K, used 100295K [0x00000000a0000000, 0x0000000100000000)
  region size 1024K, 1 young (1024K), 1 survivors (1024K)
 Metaspace       used 109481K, capacity 112552K, committed 112648K, reserved 1146880K
  class space    used 14143K, capacity 15300K, committed 15308K, reserved 1048576K
}
Event: 646.855 GC heap before
{Heap before GC invocations=63 (full 0):
 garbage-first heap   total 155648K, used 105415K [0x00000000a0000000, 0x0000000100000000)
  region size 1024K, 7 young (7168K), 1 survivors (1024K)
 Metaspace       used 109491K, capacity 112552K, committed 112648K, reserved 1146880K
  class space    used 14143K, capacity 15300K, committed 15308K, reserved 1048576K
}
Event: 646.869 GC heap after
{Heap after GC invocations=64 (full 0):
 garbage-first heap   total 155648K, used 100401K [0x00000000a0000000, 0x0000000100000000)
  region size 1024K, 1 young (1024K), 1 survivors (1024K)
 Metaspace       used 109491K, capacity 112552K, committed 112648K, reserved 1146880K
  class space    used 14143K, capacity 15300K, committed 15308K, reserved 1048576K
}
Event: 647.571 GC heap before
{Heap before GC invocations=64 (full 0):
 garbage-first heap   total 155648K, used 120881K [0x00000000a0000000, 0x0000000100000000)
  region size 1024K, 22 young (22528K), 1 survivors (1024K)
 Metaspace       used 109699K, capacity 112875K, committed 113032K, reserved 1146880K
  class space    used 14149K, capacity 15311K, committed 15436K, reserved 1048576K
}
Event: 647.586 GC heap after
{Heap after GC invocations=65 (full 0):
 garbage-first heap   total 155648K, used 103341K [0x00000000a0000000, 0x0000000100000000)
  region size 1024K, 3 young (3072K), 3 survivors (3072K)
 Metaspace       used 109699K, capacity 112875K, committed 113032K, reserved 1146880K
  class space    used 14149K, capacity 15311K, committed 15436K, reserved 1048576K
}
Event: 648.834 GC heap before
{Heap before GC invocations=66 (full 0):
 garbage-first heap   total 155648K, used 125869K [0x00000000a0000000, 0x0000000100000000)
  region size 1024K, 24 young (24576K), 3 survivors (3072K)
 Metaspace       used 109790K, capacity 112947K, committed 113288K, reserved 1146880K
  class space    used 14151K, capacity 15313K, committed 15436K, reserved 1048576K
}
Event: 648.849 GC heap after
{Heap after GC invocations=67 (full 0):
 garbage-first heap   total 155648K, used 109062K [0x00000000a0000000, 0x0000000100000000)
  region size 1024K, 3 young (3072K), 3 survivors (3072K)
 Metaspace       used 109790K, capacity 112947K, committed 113288K, reserved 1146880K
  class space    used 14151K, capacity 15313K, committed 15436K, reserved 1048576K
}
Event: 648.876 GC heap before
{Heap before GC invocations=67 (full 0):
 garbage-first heap   total 155648K, used 113158K [0x00000000a0000000, 0x0000000100000000)
  region size 1024K, 7 young (7168K), 3 survivors (3072K)
 Metaspace       used 109790K, capacity 112947K, committed 113288K, reserved 1146880K
  class space    used 14151K, capacity 15313K, committed 15436K, reserved 1048576K
}
Event: 648.909 GC heap after
{Heap after GC invocations=68 (full 0):
 garbage-first heap   total 155648K, used 103894K [0x00000000a0000000, 0x0000000100000000)
  region size 1024K, 1 young (1024K), 1 survivors (1024K)
 Metaspace       used 109790K, capacity 112947K, committed 113288K, reserved 1146880K
  class space    used 14151K, capacity 15313K, committed 15436K, reserved 1048576K
}
Event: 649.851 GC heap before
{Heap before GC invocations=68 (full 0):
 garbage-first heap   total 155648K, used 124374K [0x00000000a0000000, 0x0000000100000000)
  region size 1024K, 21 young (21504K), 1 survivors (1024K)
 Metaspace       used 109826K, capacity 112950K, committed 113288K, reserved 1146880K
  class space    used 14151K, capacity 15313K, committed 15436K, reserved 1048576K
}
Event: 649.871 GC heap after
{Heap after GC invocations=69 (full 0):
 garbage-first heap   total 155648K, used 109789K [0x00000000a0000000, 0x0000000100000000)
  region size 1024K, 3 young (3072K), 3 survivors (3072K)
 Metaspace       used 109826K, capacity 112950K, committed 113288K, reserved 1146880K
  class space    used 14151K, capacity 15313K, committed 15436K, reserved 1048576K
}
Event: 651.309 GC heap before
{Heap before GC invocations=70 (full 0):
 garbage-first heap   total 155648K, used 127197K [0x00000000a0000000, 0x0000000100000000)
  region size 1024K, 20 young (20480K), 3 survivors (3072K)
 Metaspace       used 109891K, capacity 113017K, committed 113288K, reserved 1146880K
  class space    used 14151K, capacity 15313K, committed 15436K, reserved 1048576K
}

Deoptimization events (20 events):
Event: 647.172 Thread 0x00000277b4f3e800 DEOPT PACKING pc=0x000002779e222d29 sp=0x0000007e4a0fa480
Event: 647.172 Thread 0x00000277b4f3e800 DEOPT UNPACKING pc=0x000002779c7276ce sp=0x0000007e4a0f9948 mode 0
Event: 647.172 Thread 0x00000277b4f3e800 DEOPT PACKING pc=0x000002779e222d29 sp=0x0000007e4a0fa510
Event: 647.172 Thread 0x00000277b4f3e800 DEOPT UNPACKING pc=0x000002779c7276ce sp=0x0000007e4a0f99c8 mode 0
Event: 647.173 Thread 0x00000277b4f3e800 DEOPT PACKING pc=0x000002779e222d29 sp=0x0000007e4a0fa480
Event: 647.173 Thread 0x00000277b4f3e800 DEOPT UNPACKING pc=0x000002779c7276ce sp=0x0000007e4a0f9948 mode 0
Event: 647.347 Thread 0x00000277b4f3e800 Uncommon trap: trap_request=0xffffff5c fr.pc=0x00000277a4d7a420 relative=0x00000000000009e0
Event: 647.347 Thread 0x00000277b4f3e800 Uncommon trap: reason=speculate_null_assert action=make_not_entrant pc=0x00000277a4d7a420 method=org.gradle.api.internal.file.collections.UnpackingVisitor.add(Ljava/lang/Object;)V @ 346 c2
Event: 647.347 Thread 0x00000277b4f3e800 DEOPT PACKING pc=0x00000277a4d7a420 sp=0x0000007e4a0fb640
Event: 647.347 Thread 0x00000277b4f3e800 DEOPT UNPACKING pc=0x000002779c7278af sp=0x0000007e4a0fb5d8 mode 2
Event: 648.371 Thread 0x00000277b9829000 Uncommon trap: trap_request=0xffffff4d fr.pc=0x00000277a46df138 relative=0x0000000000000478
Event: 648.372 Thread 0x00000277b9829000 Uncommon trap: reason=unstable_if action=reinterpret pc=0x00000277a46df138 method=com.google.common.collect.MapMakerInternalMap$Segment.getEntry(Ljava/lang/Object;I)Lcom/google/common/collect/MapMakerInternalMap$InternalEntry; @ 40 c2
Event: 648.372 Thread 0x00000277b9829000 DEOPT PACKING pc=0x00000277a46df138 sp=0x0000007e4bdfa600
Event: 648.372 Thread 0x00000277b9829000 DEOPT UNPACKING pc=0x000002779c7278af sp=0x0000007e4bdfa4d0 mode 2
Event: 649.490 Thread 0x00000277b9829000 Uncommon trap: trap_request=0xffffff4d fr.pc=0x00000277a4a82674 relative=0x0000000000000834
Event: 649.490 Thread 0x00000277b9829000 Uncommon trap: reason=unstable_if action=reinterpret pc=0x00000277a4a82674 method=com.sun.tools.javac.code.Types$16.visitClassType(Lcom/sun/tools/javac/code/Type$ClassType;Ljava/lang/Void;)Lcom/sun/tools/javac/util/List; @ 22 c2
Event: 649.490 Thread 0x00000277b9829000 DEOPT PACKING pc=0x00000277a4a82674 sp=0x0000007e4bdf8e90
Event: 649.490 Thread 0x00000277b9829000 DEOPT UNPACKING pc=0x000002779c7278af sp=0x0000007e4bdf8e50 mode 2
Event: 650.752 Thread 0x00000277b9829000 DEOPT PACKING pc=0x000002779e78208f sp=0x0000007e4bdf7630
Event: 650.752 Thread 0x00000277b9829000 DEOPT UNPACKING pc=0x000002779c7276ce sp=0x0000007e4bdf6ae8 mode 0

Classes redefined (0 events):
No events

Internal exceptions (20 events):
Event: 650.092 Thread 0x00000277b9829000 Exception <a 'sun/nio/fs/WindowsException'{0x00000000a9160f60}> (0x00000000a9160f60) thrown at [./src/hotspot/share/prims/jni.cpp, line 615]
Event: 650.095 Thread 0x00000277b9829000 Exception <a 'sun/nio/fs/WindowsException'{0x00000000a91c94d8}> (0x00000000a91c94d8) thrown at [./src/hotspot/share/prims/jni.cpp, line 615]
Event: 650.096 Thread 0x00000277b9829000 Exception <a 'sun/nio/fs/WindowsException'{0x00000000a91c9650}> (0x00000000a91c9650) thrown at [./src/hotspot/share/prims/jni.cpp, line 615]
Event: 650.176 Thread 0x00000277b9829000 Exception <a 'sun/nio/fs/WindowsException'{0x00000000a9073fc8}> (0x00000000a9073fc8) thrown at [./src/hotspot/share/prims/jni.cpp, line 615]
Event: 650.176 Thread 0x00000277b9829000 Exception <a 'sun/nio/fs/WindowsException'{0x00000000a9074158}> (0x00000000a9074158) thrown at [./src/hotspot/share/prims/jni.cpp, line 615]
Event: 650.197 Thread 0x00000277b9829000 Exception <a 'sun/nio/fs/WindowsException'{0x00000000a8f20200}> (0x00000000a8f20200) thrown at [./src/hotspot/share/prims/jni.cpp, line 615]
Event: 650.197 Thread 0x00000277b9829000 Exception <a 'sun/nio/fs/WindowsException'{0x00000000a8f20390}> (0x00000000a8f20390) thrown at [./src/hotspot/share/prims/jni.cpp, line 615]
Event: 650.200 Thread 0x00000277b9829000 Exception <a 'sun/nio/fs/WindowsException'{0x00000000a8f48b90}> (0x00000000a8f48b90) thrown at [./src/hotspot/share/prims/jni.cpp, line 615]
Event: 650.200 Thread 0x00000277b9829000 Exception <a 'sun/nio/fs/WindowsException'{0x00000000a8f48d20}> (0x00000000a8f48d20) thrown at [./src/hotspot/share/prims/jni.cpp, line 615]
Event: 650.204 Thread 0x00000277b9829000 Exception <a 'sun/nio/fs/WindowsException'{0x00000000a8f813d8}> (0x00000000a8f813d8) thrown at [./src/hotspot/share/prims/jni.cpp, line 615]
Event: 650.205 Thread 0x00000277b9829000 Exception <a 'sun/nio/fs/WindowsException'{0x00000000a8f815a0}> (0x00000000a8f815a0) thrown at [./src/hotspot/share/prims/jni.cpp, line 615]
Event: 650.275 Thread 0x00000277b9829000 Exception <a 'sun/nio/fs/WindowsException'{0x00000000a8db6910}> (0x00000000a8db6910) thrown at [./src/hotspot/share/prims/jni.cpp, line 615]
Event: 650.584 Thread 0x00000277b9829000 Exception <a 'sun/nio/fs/WindowsException'{0x00000000a8dc05b0}> (0x00000000a8dc05b0) thrown at [./src/hotspot/share/prims/jni.cpp, line 615]
Event: 650.667 Thread 0x00000277b9829000 Exception <a 'sun/nio/fs/WindowsException'{0x00000000a8b0d248}> (0x00000000a8b0d248) thrown at [./src/hotspot/share/prims/jni.cpp, line 615]
Event: 650.674 Thread 0x00000277b9829000 Exception <a 'sun/nio/fs/WindowsException'{0x00000000a8b147f0}> (0x00000000a8b147f0) thrown at [./src/hotspot/share/prims/jni.cpp, line 615]
Event: 650.772 Thread 0x00000277b9829000 Exception <a 'sun/nio/fs/WindowsException'{0x00000000a8ab5950}> (0x00000000a8ab5950) thrown at [./src/hotspot/share/prims/jni.cpp, line 615]
Event: 650.916 Thread 0x00000277b9829000 Exception <a 'sun/nio/fs/WindowsException'{0x00000000a8ac0d38}> (0x00000000a8ac0d38) thrown at [./src/hotspot/share/prims/jni.cpp, line 615]
Event: 651.059 Thread 0x00000277b9829000 Exception <a 'sun/nio/fs/WindowsException'{0x00000000a89385b8}> (0x00000000a89385b8) thrown at [./src/hotspot/share/prims/jni.cpp, line 615]
Event: 651.272 Thread 0x00000277b9829000 Exception <a 'sun/nio/fs/WindowsException'{0x00000000a88b3fd0}> (0x00000000a88b3fd0) thrown at [./src/hotspot/share/prims/jni.cpp, line 615]
Event: 651.273 Thread 0x00000277b9829000 Exception <a 'sun/nio/fs/WindowsException'{0x00000000a88b4168}> (0x00000000a88b4168) thrown at [./src/hotspot/share/prims/jni.cpp, line 615]

Events (20 events):
Event: 649.265 Thread 0x00000277b2671800 flushing nmethod 0x000002779d75d790
Event: 649.265 Thread 0x00000277b2671800 flushing nmethod 0x000002779d75e390
Event: 649.265 Thread 0x00000277b2671800 flushing nmethod 0x000002779d75f490
Event: 649.265 Thread 0x00000277b2671800 flushing nmethod 0x000002779d764f10
Event: 649.265 Thread 0x00000277b2671800 flushing nmethod 0x000002779d782d10
Event: 649.265 Thread 0x00000277b2671800 flushing nmethod 0x000002779d784610
Event: 649.265 Thread 0x00000277b2671800 flushing nmethod 0x000002779d785290
Event: 649.265 Thread 0x00000277b2671800 flushing nmethod 0x000002779d7a1310
Event: 649.266 Thread 0x00000277b2671800 flushing nmethod 0x000002779d811d10
Event: 649.266 Thread 0x00000277b2671800 flushing nmethod 0x000002779d82f910
Event: 649.267 Thread 0x00000277b2671800 flushing nmethod 0x000002779d99fb90
Event: 649.408 Thread 0x00000277b7f03800 Thread exited: 0x00000277b7f03800
Event: 649.625 Thread 0x00000277b7f03800 Thread added: 0x00000277b7f03800
Event: 649.850 Executing VM operation: G1CollectForAllocation
Event: 649.871 Executing VM operation: G1CollectForAllocation done
Event: 650.353 Executing VM operation: CGC_Operation
Event: 650.379 Executing VM operation: CGC_Operation done
Event: 650.644 Executing VM operation: CGC_Operation
Event: 650.644 Executing VM operation: CGC_Operation done
Event: 651.309 Executing VM operation: G1CollectForAllocation


Dynamic libraries:
0x00007ff633950000 - 0x00007ff63395a000 	C:\Program Files\Android\Android Studio\jre\bin\java.exe
0x00007ff81ff10000 - 0x00007ff820104000 	C:\WINDOWS\SYSTEM32\ntdll.dll
0x00007ff81e020000 - 0x00007ff81e0dd000 	C:\WINDOWS\System32\KERNEL32.DLL
0x00007ff81dba0000 - 0x00007ff81de67000 	C:\WINDOWS\System32\KERNELBASE.dll
0x00007ff81de70000 - 0x00007ff81df70000 	C:\WINDOWS\System32\ucrtbase.dll
0x00007ff801870000 - 0x00007ff801889000 	C:\Program Files\Android\Android Studio\jre\bin\jli.dll
0x00007ff81e8a0000 - 0x00007ff81ea40000 	C:\WINDOWS\System32\USER32.dll
0x00007ff81d800000 - 0x00007ff81d822000 	C:\WINDOWS\System32\win32u.dll
0x00007ff81f2a0000 - 0x00007ff81f2ca000 	C:\WINDOWS\System32\GDI32.dll
0x00007ff81d990000 - 0x00007ff81da9a000 	C:\WINDOWS\System32\gdi32full.dll
0x00007ff81db00000 - 0x00007ff81db9d000 	C:\WINDOWS\System32\msvcp_win.dll
0x00007ffff30c0000 - 0x00007ffff30d7000 	C:\Program Files\Android\Android Studio\jre\bin\VCRUNTIME140.dll
0x00007ff806310000 - 0x00007ff8065aa000 	C:\WINDOWS\WinSxS\amd64_microsoft.windows.common-controls_6595b64144ccf1df_6.0.19041.1_none_b555e41d4684ddec\COMCTL32.dll
0x00007ff81ea40000 - 0x00007ff81eade000 	C:\WINDOWS\System32\msvcrt.dll
0x00007ff81fca0000 - 0x00007ff81fcd0000 	C:\WINDOWS\System32\IMM32.DLL
0x00007fffe20c0000 - 0x00007fffe215d000 	C:\Program Files\Android\Android Studio\jre\bin\msvcp140.dll
0x00007fffe33d0000 - 0x00007fffe3e9f000 	C:\Program Files\Android\Android Studio\jre\bin\server\jvm.dll
0x00007ff81f140000 - 0x00007ff81f1ea000 	C:\WINDOWS\System32\ADVAPI32.dll
0x00007ff81f2e0000 - 0x00007ff81f37b000 	C:\WINDOWS\System32\sechost.dll
0x00007ff81fb00000 - 0x00007ff81fc23000 	C:\WINDOWS\System32\RPCRT4.dll
0x00007ff81f2d0000 - 0x00007ff81f2d8000 	C:\WINDOWS\System32\PSAPI.DLL
0x00007ff816600000 - 0x00007ff816609000 	C:\WINDOWS\SYSTEM32\WSOCK32.dll
0x00007ff81fc30000 - 0x00007ff81fc9b000 	C:\WINDOWS\System32\WS2_32.dll
0x00007ff816340000 - 0x00007ff816367000 	C:\WINDOWS\SYSTEM32\WINMM.dll
0x00007ff8139d0000 - 0x00007ff8139da000 	C:\WINDOWS\SYSTEM32\VERSION.dll
0x00007ff81b670000 - 0x00007ff81b683000 	C:\WINDOWS\SYSTEM32\kernel.appcore.dll
0x00007ff8165c0000 - 0x00007ff8165d1000 	C:\Program Files\Android\Android Studio\jre\bin\verify.dll
0x00007ff81b460000 - 0x00007ff81b644000 	C:\WINDOWS\SYSTEM32\DBGHELP.DLL
0x00007ff803fb0000 - 0x00007ff803fdc000 	C:\WINDOWS\SYSTEM32\dbgcore.DLL
0x00007ff81d750000 - 0x00007ff81d7cf000 	C:\WINDOWS\System32\bcryptPrimitives.dll
0x00007ff805280000 - 0x00007ff8052a9000 	C:\Program Files\Android\Android Studio\jre\bin\java.dll
0x00007ff8165b0000 - 0x00007ff8165bb000 	C:\Program Files\Android\Android Studio\jre\bin\jimage.dll
0x00007ff808d50000 - 0x00007ff808d68000 	C:\Program Files\Android\Android Studio\jre\bin\zip.dll
0x00007ff81e160000 - 0x00007ff81e891000 	C:\WINDOWS\System32\SHELL32.dll
0x00007ff81b7e0000 - 0x00007ff81bf6a000 	C:\WINDOWS\SYSTEM32\windows.storage.dll
0x00007ff81ede0000 - 0x00007ff81f134000 	C:\WINDOWS\System32\combase.dll
0x00007ff81d0d0000 - 0x00007ff81d0fb000 	C:\WINDOWS\SYSTEM32\Wldp.dll
0x00007ff81f930000 - 0x00007ff81f9de000 	C:\WINDOWS\System32\SHCORE.dll
0x00007ff81fe70000 - 0x00007ff81fec5000 	C:\WINDOWS\System32\shlwapi.dll
0x00007ff81d590000 - 0x00007ff81d5af000 	C:\WINDOWS\SYSTEM32\profapi.dll
0x00007ff805260000 - 0x00007ff80527a000 	C:\Program Files\Android\Android Studio\jre\bin\net.dll
0x00007ff806000000 - 0x00007ff806102000 	C:\WINDOWS\SYSTEM32\WINHTTP.dll
0x00007ff81ce50000 - 0x00007ff81ceba000 	C:\WINDOWS\system32\mswsock.dll
0x00007ff805240000 - 0x00007ff805254000 	C:\Program Files\Android\Android Studio\jre\bin\nio.dll
0x00007ff818cf0000 - 0x00007ff818d17000 	C:\Users\HP\.gradle\wrapper\dists\gradle-2.14.1-all\native\8bec1ad78214c89d9ad589b4d07fe93259594b29d510b10fafb7a158f7737e5d\windows-amd64\native-platform.dll
0x00007fffe2160000 - 0x00007fffe229d000 	C:\Users\HP\.gradle\wrapper\dists\gradle-2.14.1-all\native\53dbd7edfb1c66fb8903c78663c9afc45aea4f116125fa6feffd364cf09443e8\windows-amd64\native-platform-file-events.dll
0x00007ff8165a0000 - 0x00007ff8165aa000 	C:\Program Files\Android\Android Studio\jre\bin\management.dll
0x00007ff80cd80000 - 0x00007ff80cd8c000 	C:\Program Files\Android\Android Studio\jre\bin\management_ext.dll
0x00007ff81d020000 - 0x00007ff81d038000 	C:\WINDOWS\SYSTEM32\CRYPTSP.dll
0x00007ff81c770000 - 0x00007ff81c7a4000 	C:\WINDOWS\system32\rsaenh.dll
0x00007ff81d7d0000 - 0x00007ff81d7f7000 	C:\WINDOWS\System32\bcrypt.dll
0x00007ff81d510000 - 0x00007ff81d53e000 	C:\WINDOWS\SYSTEM32\USERENV.dll
0x00007ff81d040000 - 0x00007ff81d04c000 	C:\WINDOWS\SYSTEM32\CRYPTBASE.dll
0x00007ff81caf0000 - 0x00007ff81cb2b000 	C:\WINDOWS\SYSTEM32\IPHLPAPI.DLL
0x00007ff81f920000 - 0x00007ff81f929000 	C:\WINDOWS\System32\NSI.dll
0x00007ff81b380000 - 0x00007ff81b397000 	C:\WINDOWS\SYSTEM32\dhcpcsvc6.DLL
0x00007ff81b360000 - 0x00007ff81b37d000 	C:\WINDOWS\SYSTEM32\dhcpcsvc.DLL
0x00007ff81cb40000 - 0x00007ff81cc0a000 	C:\WINDOWS\SYSTEM32\DNSAPI.dll

dbghelp: loaded successfully - version: 4.0.5 - missing functions: none
symbol engine: initialized successfully - sym options: 0x614 - pdb path: .;C:\Program Files\Android\Android Studio\jre\bin;C:\WINDOWS\SYSTEM32;C:\WINDOWS\WinSxS\amd64_microsoft.windows.common-controls_6595b64144ccf1df_6.0.19041.1_none_b555e41d4684ddec;C:\Program Files\Android\Android Studio\jre\bin\server;C:\Users\HP\.gradle\wrapper\dists\gradle-2.14.1-all\native\8bec1ad78214c89d9ad589b4d07fe93259594b29d510b10fafb7a158f7737e5d\windows-amd64;C:\Users\HP\.gradle\wrapper\dists\gradle-2.14.1-all\native\53dbd7edfb1c66fb8903c78663c9afc45aea4f116125fa6feffd364cf09443e8\windows-amd64

VM Arguments:
jvm_args: --add-opens=java.base/java.util=ALL-UNNAMED --add-opens=java.base/java.lang=ALL-UNNAMED --add-opens=java.base/java.lang.invoke=ALL-UNNAMED --add-opens=java.base/java.util=ALL-UNNAMED --add-opens=java.prefs/java.util.prefs=ALL-UNNAMED --add-opens=java.prefs/java.util.prefs=ALL-UNNAMED --add-opens=java.base/java.nio.charset=ALL-UNNAMED --add-opens=java.base/java.net=ALL-UNNAMED --add-opens=java.base/java.util.concurrent.atomic=ALL-UNNAMED -Xmx1536m -Dfile.encoding=windows-1252 -Duser.country=US -Duser.language=en -Duser.variant 
java_command: org.gradle.launcher.daemon.bootstrap.GradleDaemon 7.0.2
java_class_path (initial): C:\Users\HP\.gradle\wrapper\dists\gradle-2.14.1-all\wrapper\dists\gradle-7.0.2-all\7era6s5ay7zsbhuvl0oc9g94s\gradle-7.0.2\lib\gradle-launcher-7.0.2.jar
Launcher Type: SUN_STANDARD

[Global flags]
     intx CICompilerCount                          = 3                                         {product} {ergonomic}
     uint ConcGCThreads                            = 1                                         {product} {ergonomic}
     uint G1ConcRefinementThreads                  = 4                                         {product} {ergonomic}
   size_t G1HeapRegionSize                         = 1048576                                   {product} {ergonomic}
    uintx GCDrainStackTargetSize                   = 64                                        {product} {ergonomic}
   size_t InitialHeapSize                          = 132120576                                 {product} {ergonomic}
   size_t MarkStackSize                            = 4194304                                   {product} {ergonomic}
   size_t MaxHeapSize                              = 1610612736                                {product} {command line}
   size_t MaxNewSize                               = 965738496                                 {product} {ergonomic}
   size_t MinHeapDeltaBytes                        = 1048576                                   {product} {ergonomic}
    uintx NonNMethodCodeHeapSize                   = 5830732                                {pd product} {ergonomic}
    uintx NonProfiledCodeHeapSize                  = 122913754                              {pd product} {ergonomic}
    uintx ProfiledCodeHeapSize                     = 122913754                              {pd product} {ergonomic}
    uintx ReservedCodeCacheSize                    = 251658240                              {pd product} {ergonomic}
     bool SegmentedCodeCache                       = true                                      {product} {ergonomic}
     bool UseCompressedClassPointers               = true                                 {lp64_product} {ergonomic}
     bool UseCompressedOops                        = true                                 {lp64_product} {ergonomic}
     bool UseG1GC                                  = true                                      {product} {ergonomic}
     bool UseLargePagesIndividualAllocation        = false                                  {pd product} {ergonomic}

Logging:
Log output configuration:
 #0: stdout all=warning uptime,level,tags
 #1: stderr all=off uptime,level,tags

Environment Variables:
PATH=C:\WINDOWS\system32;C:\WINDOWS;C:\WINDOWS\System32\Wbem;C:\WINDOWS\System32\WindowsPowerShell\v1.0\;C:\WINDOWS\System32\OpenSSH\;E:\New folder\;C:\Users\HP\AppData\Local\Microsoft\WindowsApps;E:\VS Code\Microsoft VS Code\bin;C:\Users\HP\AppData\Roaming\npm;C:\Users\HP\AppData\Local\GitHubDesktop\bin;C:\Users\HP\Flutter\flutter\bin;
USERNAME=HP
OS=Windows_NT
PROCESSOR_IDENTIFIER=Intel64 Family 6 Model 142 Stepping 9, GenuineIntel



---------------  S Y S T E M  ---------------

OS: Windows 10 , 64 bit Build 19041 (10.0.19041.1)
OS uptime: 0 days 12:51 hours

CPU:total 4 (initial active 4) (2 cores per cpu, 2 threads per core) family 6 model 142 stepping 9 microcode 0xde, cmov, cx8, fxsr, mmx, sse, sse2, sse3, ssse3, sse4.1, sse4.2, popcnt, avx, avx2, aes, clmul, erms, 3dnowpref, lzcnt, ht, tsc, tscinvbit, bmi1, bmi2, adx, fma

Memory: 4k page, system-wide physical 8060M (1974M free)
TotalPageFile size 16252M (AvailPageFile size 9773M)
current process WorkingSet (physical memory assigned to process): 461M, peak: 482M
current process commit charge ("private bytes"): 489M, peak: 513M

vm_info: OpenJDK 64-Bit Server VM (11.0.10+0-b96-7249189) for windows-amd64 JRE (11.0.10+0-b96-7249189), built on Mar 31 2021 21:44:00 by "builder" with MS VC++ 14.0 (VS2015)

END.
