#
# A fatal error has been detected by the Java Runtime Environment:
#
#  EXCEPTION_ACCESS_VIOLATION (0xc0000005) at pc=0x00007ffdaf9309ff, pid=9708, tid=10224
#
# JRE version: OpenJDK Runtime Environment (11.0.10) (build 11.0.10+0-b96-7249189)
# Java VM: OpenJDK 64-Bit Server VM (11.0.10+0-b96-7249189, mixed mode, tiered, compressed oops, g1 gc, windows-amd64)
# Problematic frame:
# V  [jvm.dll+0x3c09ff]
#
# No core dump will be written. Minidumps are not enabled by default on client versions of Windows
#
# If you would like to submit a bug report, please visit:
#   https://bugreport.java.com/bugreport/crash.jsp
#

---------------  S U M M A R Y ------------

Command Line: --add-opens=java.base/java.util=ALL-UNNAMED --add-opens=java.base/java.lang=ALL-UNNAMED --add-opens=java.base/java.lang.invoke=ALL-UNNAMED --add-opens=java.base/java.util=ALL-UNNAMED --add-opens=java.prefs/java.util.prefs=ALL-UNNAMED --add-opens=java.prefs/java.util.prefs=ALL-UNNAMED --add-opens=java.base/java.nio.charset=ALL-UNNAMED --add-opens=java.base/java.net=ALL-UNNAMED --add-opens=java.base/java.util.concurrent.atomic=ALL-UNNAMED -Xmx1536m -Dfile.encoding=windows-1252 -Duser.country=US -Duser.language=en -Duser.variant org.gradle.launcher.daemon.bootstrap.GradleDaemon 7.0.2

Host: Intel(R) Core(TM) i3-7020U CPU @ 2.30GHz, 4 cores, 7G,  Windows 10 , 64 bit Build 19041 (10.0.19041.1)
Time: Thu Oct 14 20:17:01 2021 India Standard Time elapsed time: 21.179191 seconds (0d 0h 0m 21s)

---------------  T H R E A D  ---------------

Current thread (0x0000012de9b9c800):  JavaThread "Execution worker for ':'" [_thread_in_vm, id=10224, stack(0x00000010e3800000,0x00000010e3900000)]

Stack: [0x00000010e3800000,0x00000010e3900000],  sp=0x00000010e38fdc20,  free space=1015k
Native frames: (J=compiled Java code, j=interpreted, Vv=VM code, C=native code)
V  [jvm.dll+0x3c09ff]
V  [jvm.dll+0x63d254]
V  [jvm.dll+0x3e1f13]
V  [jvm.dll+0x3eaddf]
C  0x0000012dd8fabd97

Java frames: (J=compiled Java code, j=interpreted, Vv=VM code)
J 2426  java.lang.Class.getDeclaredMethods0(Z)[Ljava/lang/reflect/Method; java.base@11.0.10 (0 bytes) @ 0x0000012dd8fabcfb [0x0000012dd8fabcc0+0x000000000000003b]
J 6200 c2 java.lang.Class.privateGetDeclaredMethods(Z)[Ljava/lang/reflect/Method; java.base@11.0.10 (64 bytes) @ 0x0000012dd921ee4c [0x0000012dd921eb40+0x000000000000030c]
J 3207 c1 java.lang.Class.getDeclaredMethods()[Ljava/lang/reflect/Method; java.base@11.0.10 (27 bytes) @ 0x0000012dd1fbd584 [0x0000012dd1fbd4e0+0x00000000000000a4]
j  org.gradle.internal.service.RelevantMethodsBuilder.<init>(Ljava/lang/Class;)V+83
j  org.gradle.internal.service.RelevantMethods.buildRelevantMethods(Ljava/lang/Class;)Lorg/gradle/internal/service/RelevantMethods;+5
j  org.gradle.internal.service.RelevantMethods.getMethods(Ljava/lang/Class;)Lorg/gradle/internal/service/RelevantMethods;+18
j  org.gradle.internal.service.DefaultServiceRegistry.findProviderMethods(Ljava/lang/Object;)V+6
j  org.gradle.internal.service.DefaultServiceRegistry.<init>(Ljava/lang/String;[Lorg/gradle/internal/service/ServiceRegistry;)V+104
j  org.gradle.execution.ProjectExecutionServices.<init>(Lorg/gradle/api/internal/project/ProjectInternal;)V+43
j  org.gradle.execution.ProjectExecutionServiceRegistry$1.load(Lorg/gradle/api/internal/project/ProjectInternal;)Lorg/gradle/api/internal/tasks/NodeExecutionContext;+9
j  org.gradle.execution.ProjectExecutionServiceRegistry$1.load(Ljava/lang/Object;)Ljava/lang/Object;+5
j  com.google.common.cache.LocalCache$LoadingValueReference.loadFuture(Ljava/lang/Object;Lcom/google/common/cache/CacheLoader;)Lcom/google/common/util/concurrent/ListenableFuture;+24
J 4871 c1 com.google.common.cache.LocalCache$Segment.lockedGetOrLoad(Ljava/lang/Object;ILcom/google/common/cache/CacheLoader;)Ljava/lang/Object; (447 bytes) @ 0x0000012dd2271a24 [0x0000012dd226e3c0+0x0000000000003664]
J 4828 c1 com.google.common.cache.LocalCache$Segment.get(Ljava/lang/Object;ILcom/google/common/cache/CacheLoader;)Ljava/lang/Object; (210 bytes) @ 0x0000012dd225a4bc [0x0000012dd2259720+0x0000000000000d9c]
J 6769 c1 com.google.common.cache.LocalCache$LocalLoadingCache.get(Ljava/lang/Object;)Ljava/lang/Object; (9 bytes) @ 0x0000012dd2753e74 [0x0000012dd2753ac0+0x00000000000003b4]
j  com.google.common.cache.LocalCache$LocalLoadingCache.getUnchecked(Ljava/lang/Object;)Ljava/lang/Object;+2
j  org.gradle.execution.ProjectExecutionServiceRegistry.forProject(Lorg/gradle/api/internal/project/ProjectInternal;)Lorg/gradle/api/internal/tasks/NodeExecutionContext;+14
j  org.gradle.execution.taskgraph.DefaultTaskExecutionGraph$InvokeNodeExecutorsAction.execute(Lorg/gradle/execution/plan/Node;)V+8
j  org.gradle.execution.taskgraph.DefaultTaskExecutionGraph$InvokeNodeExecutorsAction.execute(Ljava/lang/Object;)V+5
j  org.gradle.execution.taskgraph.DefaultTaskExecutionGraph$BuildOperationAwareExecutionAction.execute(Lorg/gradle/execution/plan/Node;)V+22
j  org.gradle.execution.taskgraph.DefaultTaskExecutionGraph$BuildOperationAwareExecutionAction.execute(Ljava/lang/Object;)V+5
j  org.gradle.execution.plan.DefaultPlanExecutor$ExecutorWorker.lambda$run$0(Lorg/gradle/internal/time/Timer;Ljava/util/concurrent/atomic/AtomicLong;Lorg/gradle/execution/plan/Node;)V+25
j  org.gradle.execution.plan.DefaultPlanExecutor$ExecutorWorker$$Lambda$722.execute(Ljava/lang/Object;)V+16
j  org.gradle.execution.plan.DefaultPlanExecutor$ExecutorWorker.execute(Lorg/gradle/execution/plan/Node;Lorg/gradle/internal/work/WorkerLeaseRegistry$WorkerLease;Lorg/gradle/api/Action;)V+9
j  org.gradle.execution.plan.DefaultPlanExecutor$ExecutorWorker.executeNextNode(Lorg/gradle/internal/work/WorkerLeaseRegistry$WorkerLease;Lorg/gradle/api/Action;)Z+52
j  org.gradle.execution.plan.DefaultPlanExecutor$ExecutorWorker.run()V+39
J 4578 c1 org.gradle.internal.concurrent.ExecutorPolicy$CatchAndRecordFailures.onExecute(Ljava/lang/Runnable;)V (29 bytes) @ 0x0000012dd21e3ccc [0x0000012dd21e3bc0+0x000000000000010c]
j  org.gradle.internal.concurrent.ManagedExecutorImpl$1.run()V+25
j  java.util.concurrent.ThreadPoolExecutor.runWorker(Ljava/util/concurrent/ThreadPoolExecutor$Worker;)V+92 java.base@11.0.10
j  java.util.concurrent.ThreadPoolExecutor$Worker.run()V+5 java.base@11.0.10
j  org.gradle.internal.concurrent.ThreadFactoryImpl$ManagedThreadRunnable.run()V+7
j  java.lang.Thread.run()V+11 java.base@11.0.10
v  ~StubRoutines::call_stub

siginfo: EXCEPTION_ACCESS_VIOLATION (0xc0000005), reading address 0x0000000000000028


Register to memory mapping:

RIP=0x00007ffdaf9309ff jvm.dll
RAX=0x00000000a9ee1750 is an oop: java.lang.Class 
{0x00000000a9ee1750} - klass: 'java/lang/Class'
RBX=0x0000012ded2b2158 points into unknown readable memory: 0x0000000000000000 | 00 00 00 00 00 00 00 00
RCX=0x0000000000000028 is an unknown value
RDX=0x00000000a9ee1750 is an oop: java.lang.Class 
{0x00000000a9ee1750} - klass: 'java/lang/Class'
RSP=0x00000010e38fdc20 is pointing into the stack for thread: 0x0000012de9b9c800
RBP=0x00000010e38fdc99 is pointing into the stack for thread: 0x0000012de9b9c800
RSI=0x0000012ded2b2148 points into unknown readable memory: 0x00000000a9ee41b8 | b8 41 ee a9 00 00 00 00
RDI=0x0000012ded2b2120 points into unknown readable memory: 0x00000000a9eecac0 | c0 ca ee a9 00 00 00 00
R8 =0x00000000a9ee1750 is an oop: java.lang.Class 
{0x00000000a9ee1750} - klass: 'java/lang/Class'
R9 =0x0000012de9b9c800 is a thread
R10=0x0000000000000058 is an unknown value
R11=0x0000012de0d4e800 points into unknown readable memory: 0xffffffffffffff20 | 20 ff ff ff ff ff ff ff
R12=0x00000010e38fdd20 is pointing into the stack for thread: 0x0000012de9b9c800
R13=0x0 is NULL
R14=0x0 is NULL
R15=0x0000012de9b9c800 is a thread


Registers:
RAX=0x00000000a9ee1750, RBX=0x0000012ded2b2158, RCX=0x0000000000000028, RDX=0x00000000a9ee1750
RSP=0x00000010e38fdc20, RBP=0x00000010e38fdc99, RSI=0x0000012ded2b2148, RDI=0x0000012ded2b2120
R8 =0x00000000a9ee1750, R9 =0x0000012de9b9c800, R10=0x0000000000000058, R11=0x0000012de0d4e800
R12=0x00000010e38fdd20, R13=0x0000000000000000, R14=0x0000000000000000, R15=0x0000012de9b9c800
RIP=0x00007ffdaf9309ff, EFLAGS=0x0000000000010202

Top of Stack: (sp=0x00000010e38fdc20)
0x00000010e38fdc20:   0000012ded2b2158 0000012ded2b2148
0x00000010e38fdc30:   0000012de97a9a10 00000010e38fdd20
0x00000010e38fdc40:   0000012ded2b2120 00007ffdafbad254
0x00000010e38fdc50:   0000012ded2b2158 0000012ded2b2148
0x00000010e38fdc60:   0000012ded2b2148 0000012ded2b2120
0x00000010e38fdc70:   00000000000003d8 0000012dcd8f4cd0
0x00000010e38fdc80:   0000012ded2b2150 0000012ded2b2120
0x00000010e38fdc90:   0000000100a71510 00007ffdafdcf2c0
0x00000010e38fdca0:   0000012dece2b3a0 0000000000000035
0x00000010e38fdcb0:   0000012d00000063 00000001e9b90000
0x00000010e38fdcc0:   0000012de97a9a10 0000012decf603d0
0x00000010e38fdcd0:   0000012df21344b0 0000012de9b9c800
0x00000010e38fdce0:   0000000000000000 0000000000000000
0x00000010e38fdcf0:   0000000000000000 00007ffdaf951f13
0x00000010e38fdd00:   0000000000000001 0000012ded2b2118
0x00000010e38fdd10:   0000000000000000 0000012dcd9c76f0 

Instructions: (pc=0x00007ffdaf9309ff)
0x00007ffdaf9308ff:   dd 76 10 00 48 8b 8c 24 e0 00 00 00 48 8b d0 e8
0x00007ffdaf93090f:   0d f5 01 00 48 8b d8 49 83 3f 00 74 18 48 8b 94
0x00007ffdaf93091f:   24 e8 00 00 00 49 8b ce e8 a4 c4 cf ff 49 8b cf
0x00007ffdaf93092f:   e8 4c c3 cf ff 48 8b 44 24 40 49 89 46 18 48 8b
0x00007ffdaf93093f:   44 24 48 4d 89 7e 10 4c 8b bc 24 a0 00 00 00 49
0x00007ffdaf93094f:   89 46 20 4c 8b b4 24 a8 00 00 00 4c 8b ac 24 b0
0x00007ffdaf93095f:   00 00 00 4c 8b a4 24 f0 00 00 00 48 85 f6 74 08
0x00007ffdaf93096f:   48 8b ce e8 d9 55 2f 00 48 83 7c 24 58 00 74 0a
0x00007ffdaf93097f:   48 8d 4c 24 50 e8 e7 da 25 00 48 8b bd f0 00 00
0x00007ffdaf93098f:   00 48 8b 47 10 48 8b 77 08 48 83 38 00 74 15 48
0x00007ffdaf93099f:   8b 57 28 48 8b ce e8 26 c4 cf ff 48 8b 4f 10 e8
0x00007ffdaf9309af:   cd c2 cf ff 48 8b 47 10 ba 06 00 00 00 48 89 46
0x00007ffdaf9309bf:   10 48 8b cd 48 8b 47 18 48 89 46 18 48 8b 47 20
0x00007ffdaf9309cf:   44 8d 42 fe 48 89 46 20 e8 a4 f6 d3 ff 48 8b c3
0x00007ffdaf9309df:   48 81 c4 b8 00 00 00 5f 5e 5d 5b c3 cc cc cc cc
0x00007ffdaf9309ef:   cc 48 89 5c 24 08 48 89 74 24 10 57 48 83 ec 20
0x00007ffdaf9309ff:   8b 01 48 8b da 48 8b 35 85 d6 62 00 48 8b f9 85
0x00007ffdaf930a0f:   c0 74 18 8b 0d f0 e0 5e 00 48 d3 e0 48 03 05 de
0x00007ffdaf930a1f:   e0 5e 00 48 8b c8 e8 86 a8 f0 ff 48 85 db 74 10
0x00007ffdaf930a2f:   48 2b 1d ca e0 5e 00 8b 0d cc e0 5e 00 48 d3 eb
0x00007ffdaf930a3f:   89 1f 48 8b 46 38 48 c1 ef 09 48 03 78 48 0f b6
0x00007ffdaf930a4f:   07 3c 20 74 0b 48 8b d7 48 8b ce e8 a1 ab f0 ff
0x00007ffdaf930a5f:   48 8b 5c 24 30 48 8b 74 24 38 48 83 c4 20 5f c3
0x00007ffdaf930a6f:   cc 48 83 ec 28 48 8b 0d 15 d6 62 00 8b 51 10 83
0x00007ffdaf930a7f:   ea 01 74 46 83 ea 01 74 35 83 fa 01 74 24 4c 8d
0x00007ffdaf930a8f:   05 1c ee 38 00 ba ef 00 00 00 48 8d 0d 48 ee 38
0x00007ffdaf930a9f:   00 e8 9b 1b e8 ff e8 76 4d 22 00 33 c0 48 83 c4
0x00007ffdaf930aaf:   28 c3 48 8d 05 08 1d 00 00 48 83 c4 28 c3 48 8d
0x00007ffdaf930abf:   05 8c f2 f9 ff 48 83 c4 28 c3 48 8d 05 80 f2 f9
0x00007ffdaf930acf:   ff 48 83 c4 28 c3 cc cc cc cc cc cc cc cc cc cc
0x00007ffdaf930adf:   cc 48 83 ec 28 48 8b 0d a5 d5 62 00 8b 51 10 83
0x00007ffdaf930aef:   ea 01 74 46 83 ea 01 74 35 83 fa 01 74 24 4c 8d 


Stack slot to memory mapping:
stack at sp + 0 slots: 0x0000012ded2b2158 points into unknown readable memory: 0x0000000000000000 | 00 00 00 00 00 00 00 00
stack at sp + 1 slots: 0x0000012ded2b2148 points into unknown readable memory: 0x00000000a9ee41b8 | b8 41 ee a9 00 00 00 00
stack at sp + 2 slots: 0x0000012de97a9a10 points into unknown readable memory: 0x0000000a00000009 | 09 00 00 00 0a 00 00 00
stack at sp + 3 slots: 0x00000010e38fdd20 is pointing into the stack for thread: 0x0000012de9b9c800
stack at sp + 4 slots: 0x0000012ded2b2120 points into unknown readable memory: 0x00000000a9eecac0 | c0 ca ee a9 00 00 00 00
stack at sp + 5 slots: 0x00007ffdafbad254 jvm.dll
stack at sp + 6 slots: 0x0000012ded2b2158 points into unknown readable memory: 0x0000000000000000 | 00 00 00 00 00 00 00 00
stack at sp + 7 slots: 0x0000012ded2b2148 points into unknown readable memory: 0x00000000a9ee41b8 | b8 41 ee a9 00 00 00 00


---------------  P R O C E S S  ---------------

Threads class SMR info:
_java_thread_list=0x0000012decf5fb60, length=47, elements={
0x0000012dcd8ea000, 0x0000012de68e8000, 0x0000012de68e9800, 0x0000012de6903000,
0x0000012de6905000, 0x0000012de6906000, 0x0000012de6914800, 0x0000012de6919000,
0x0000012de692c800, 0x0000012de73bc800, 0x0000012de9253800, 0x0000012de7559800,
0x0000012de9e18800, 0x0000012dea60a800, 0x0000012de8425800, 0x0000012de9790000,
0x0000012de9365000, 0x0000012de9bd7000, 0x0000012de8c31800, 0x0000012de876b800,
0x0000012de876c800, 0x0000012de876a000, 0x0000012de876a800, 0x0000012de9604800,
0x0000012de9d39800, 0x0000012de9d3c000, 0x0000012de9d3b000, 0x0000012de9d3a800,
0x0000012de9d3d000, 0x0000012de9d37000, 0x0000012de9d3d800, 0x0000012de9d38800,
0x0000012de9d45000, 0x0000012de9d41000, 0x0000012de9d44000, 0x0000012de9d46000,
0x0000012de9d41800, 0x0000012de9d42800, 0x0000012de9d43800, 0x0000012de9b9f800,
0x0000012de9ba1800, 0x0000012de9ba0800, 0x0000012de9b9d000, 0x0000012de9ba2000,
0x0000012de9b9c800, 0x0000012de9ba3000, 0x0000012de9b9f000
}

Java Threads: ( => current thread )
  0x0000012dcd8ea000 JavaThread "main" [_thread_blocked, id=1564, stack(0x00000010e0100000,0x00000010e0200000)]
  0x0000012de68e8000 JavaThread "Reference Handler" daemon [_thread_blocked, id=9704, stack(0x00000010e0800000,0x00000010e0900000)]
  0x0000012de68e9800 JavaThread "Finalizer" daemon [_thread_blocked, id=2796, stack(0x00000010e0900000,0x00000010e0a00000)]
  0x0000012de6903000 JavaThread "Signal Dispatcher" daemon [_thread_blocked, id=8964, stack(0x00000010e0a00000,0x00000010e0b00000)]
  0x0000012de6905000 JavaThread "Attach Listener" daemon [_thread_blocked, id=9164, stack(0x00000010e0b00000,0x00000010e0c00000)]
  0x0000012de6906000 JavaThread "Service Thread" daemon [_thread_blocked, id=1088, stack(0x00000010e0c00000,0x00000010e0d00000)]
  0x0000012de6914800 JavaThread "C2 CompilerThread0" daemon [_thread_in_native, id=1556, stack(0x00000010e0d00000,0x00000010e0e00000)]
  0x0000012de6919000 JavaThread "C1 CompilerThread0" daemon [_thread_blocked, id=4316, stack(0x00000010e0e00000,0x00000010e0f00000)]
  0x0000012de692c800 JavaThread "Sweeper thread" daemon [_thread_blocked, id=8296, stack(0x00000010e0f00000,0x00000010e1000000)]
  0x0000012de73bc800 JavaThread "Common-Cleaner" daemon [_thread_blocked, id=7224, stack(0x00000010e1000000,0x00000010e1100000)]
  0x0000012de9253800 JavaThread "Daemon health stats" [_thread_blocked, id=3296, stack(0x00000010e1500000,0x00000010e1600000)]
  0x0000012de7559800 JavaThread "Incoming local TCP Connector on port 52243" [_thread_in_native, id=7552, stack(0x00000010e1200000,0x00000010e1300000)]
  0x0000012de9e18800 JavaThread "Daemon periodic checks" [_thread_blocked, id=7284, stack(0x00000010e1600000,0x00000010e1700000)]
  0x0000012dea60a800 JavaThread "Daemon" [_thread_blocked, id=8404, stack(0x00000010e1700000,0x00000010e1800000)]
  0x0000012de8425800 JavaThread "Handler for socket connection from /127.0.0.1:52243 to /127.0.0.1:56306" [_thread_in_native, id=7888, stack(0x00000010e1800000,0x00000010e1900000)]
  0x0000012de9790000 JavaThread "Cancel handler" [_thread_blocked, id=5092, stack(0x00000010e1900000,0x00000010e1a00000)]
  0x0000012de9365000 JavaThread "Daemon worker" [_thread_blocked, id=2396, stack(0x00000010e1a00000,0x00000010e1b00000)]
  0x0000012de9bd7000 JavaThread "Asynchronous log dispatcher for DefaultDaemonConnection: socket connection from /127.0.0.1:52243 to /127.0.0.1:56306" [_thread_blocked, id=8996, stack(0x00000010e1b00000,0x00000010e1c00000)]
  0x0000012de8c31800 JavaThread "Stdin handler" [_thread_blocked, id=10084, stack(0x00000010e1c00000,0x00000010e1d00000)]
  0x0000012de876b800 JavaThread "Daemon client event forwarder" [_thread_blocked, id=3980, stack(0x00000010e1d00000,0x00000010e1e00000)]
  0x0000012de876c800 JavaThread "Cache worker for file hash cache (C:\Users\HP\.gradle\wrapper\dists\gradle-2.14.1-all\caches\7.0.2\fileHashes)" [_thread_blocked, id=9716, stack(0x00000010e1f00000,0x00000010e2000000)]
  0x0000012de876a000 JavaThread "File lock request listener" [_thread_in_native, id=3172, stack(0x00000010e2000000,0x00000010e2100000)]
  0x0000012de876a800 JavaThread "Cache worker for journal cache (C:\Users\HP\.gradle\wrapper\dists\gradle-2.14.1-all\caches\journal-1)" [_thread_blocked, id=9848, stack(0x00000010e2100000,0x00000010e2200000)]
  0x0000012de9604800 JavaThread "C2 CompilerThread1" daemon [_thread_blocked, id=9764, stack(0x00000010e2200000,0x00000010e2300000)]
  0x0000012de9d39800 JavaThread "Cache worker for file hash cache (C:\Users\HP\AndroidStudioProjects\QuizzerExtended\QuizzerClass\.gradle\7.0.2\fileHashes)" [_thread_blocked, id=9416, stack(0x00000010e2300000,0x00000010e2400000)]
  0x0000012de9d3c000 JavaThread "File watcher server" daemon [_thread_in_native, id=7456, stack(0x00000010e2400000,0x00000010e2500000)]
  0x0000012de9d3b000 JavaThread "File watcher consumer" daemon [_thread_blocked, id=4728, stack(0x00000010e2500000,0x00000010e2600000)]
  0x0000012de9d3a800 JavaThread "Cache worker for checksums cache (C:\Users\HP\AndroidStudioProjects\QuizzerExtended\QuizzerClass\.gradle\checksums)" [_thread_blocked, id=9616, stack(0x00000010e2600000,0x00000010e2700000)]
  0x0000012de9d3d000 JavaThread "Cache worker for cache directory md-supplier (C:\Users\HP\.gradle\wrapper\dists\gradle-2.14.1-all\caches\7.0.2\md-supplier)" [_thread_blocked, id=5296, stack(0x00000010e2700000,0x00000010e2800000)]
  0x0000012de9d37000 JavaThread "Cache worker for cache directory md-rule (C:\Users\HP\.gradle\wrapper\dists\gradle-2.14.1-all\caches\7.0.2\md-rule)" [_thread_blocked, id=5616, stack(0x00000010e2800000,0x00000010e2900000)]
  0x0000012de9d3d800 JavaThread "Cache worker for execution history cache (C:\Users\HP\.gradle\wrapper\dists\gradle-2.14.1-all\caches\7.0.2\executionHistory)" [_thread_blocked, id=2692, stack(0x00000010e2900000,0x00000010e2a00000)]
  0x0000012de9d38800 JavaThread "jar transforms" [_thread_blocked, id=8844, stack(0x00000010e2a00000,0x00000010e2b00000)]
  0x0000012de9d45000 JavaThread "jar transforms Thread 2" [_thread_blocked, id=8416, stack(0x00000010e2b00000,0x00000010e2c00000)]
  0x0000012de9d41000 JavaThread "Cache worker for file content cache (C:\Users\HP\.gradle\wrapper\dists\gradle-2.14.1-all\caches\7.0.2\fileContent)" [_thread_blocked, id=4328, stack(0x00000010e2c00000,0x00000010e2d00000)]
  0x0000012de9d44000 JavaThread "Cache worker for dependencies-accessors (C:\Users\HP\AndroidStudioProjects\QuizzerExtended\QuizzerClass\.gradle\7.0.2\dependencies-accessors)" [_thread_blocked, id=5032, stack(0x00000010e2d00000,0x00000010e2e00000)]
  0x0000012de9d46000 JavaThread "jar transforms Thread 3" [_thread_blocked, id=8776, stack(0x00000010e2e00000,0x00000010e2f00000)]
  0x0000012de9d41800 JavaThread "Cache worker for Build Output Cleanup Cache (C:\Users\HP\AndroidStudioProjects\QuizzerExtended\QuizzerClass\.gradle\buildOutputCleanup)" [_thread_blocked, id=5364, stack(0x00000010e2f00000,0x00000010e3000000)]
  0x0000012de9d42800 JavaThread "Build operations" [_thread_blocked, id=8940, stack(0x00000010e3000000,0x00000010e3100000)]
  0x0000012de9d43800 JavaThread "Build operations Thread 2" [_thread_blocked, id=5980, stack(0x00000010e3100000,0x00000010e3200000)]
  0x0000012de9b9f800 JavaThread "Build operations Thread 3" [_thread_blocked, id=9200, stack(0x00000010e3200000,0x00000010e3300000)]
  0x0000012de9ba1800 JavaThread "Build operations Thread 4" [_thread_blocked, id=9744, stack(0x00000010e3300000,0x00000010e3400000)]
  0x0000012de9ba0800 JavaThread "jar transforms Thread 4" [_thread_blocked, id=8432, stack(0x00000010e3400000,0x00000010e3500000)]
  0x0000012de9b9d000 JavaThread "Memory manager" [_thread_blocked, id=9900, stack(0x00000010e3600000,0x00000010e3700000)]
  0x0000012de9ba2000 JavaThread "build event listener" [_thread_blocked, id=7232, stack(0x00000010e3700000,0x00000010e3800000)]
=>0x0000012de9b9c800 JavaThread "Execution worker for ':'" [_thread_in_vm, id=10224, stack(0x00000010e3800000,0x00000010e3900000)]
  0x0000012de9ba3000 JavaThread "Execution worker for ':' Thread 2" [_thread_blocked, id=1212, stack(0x00000010e3900000,0x00000010e3a00000)]
  0x0000012de9b9f000 JavaThread "Execution worker for ':' Thread 3" [_thread_blocked, id=3104, stack(0x00000010e3a00000,0x00000010e3b00000)]

Other Threads:
  0x0000012de68c1800 VMThread "VM Thread" [stack: 0x00000010e0700000,0x00000010e0800000] [id=2788]
  0x0000012de73c5800 WatcherThread [stack: 0x00000010e1100000,0x00000010e1200000] [id=7928]
  0x0000012dcd903800 GCTaskThread "GC Thread#0" [stack: 0x00000010e0200000,0x00000010e0300000] [id=2400]
  0x0000012de772a000 GCTaskThread "GC Thread#1" [stack: 0x00000010e1300000,0x00000010e1400000] [id=2440]
  0x0000012de7b16000 GCTaskThread "GC Thread#2" [stack: 0x00000010e1400000,0x00000010e1500000] [id=1704]
  0x0000012de7c36000 GCTaskThread "GC Thread#3" [stack: 0x00000010e1e00000,0x00000010e1f00000] [id=1588]
  0x0000012dcd928800 ConcurrentGCThread "G1 Main Marker" [stack: 0x00000010e0300000,0x00000010e0400000] [id=3540]
  0x0000012dcd92a000 ConcurrentGCThread "G1 Conc#0" [stack: 0x00000010e0400000,0x00000010e0500000] [id=9136]
  0x0000012dcd9bc000 ConcurrentGCThread "G1 Refine#0" [stack: 0x00000010e0500000,0x00000010e0600000] [id=8688]
  0x0000012decada000 ConcurrentGCThread "G1 Refine#1" [stack: 0x00000010e3500000,0x00000010e3600000] [id=8388]
  0x0000012dcd9bd000 ConcurrentGCThread "G1 Young RemSet Sampling" [stack: 0x00000010e0600000,0x00000010e0700000] [id=3348]

Threads with active compile tasks:
C2 CompilerThread0  21344 7494       4       org.gradle.internal.reflect.ClassInspector::inspectClass (179 bytes)

VM state:not at safepoint (normal execution)

VM Mutex/Monitor currently owned by a thread: None

Heap address: 0x00000000a0000000, size: 1536 MB, Compressed Oops mode: 32-bit
Narrow klass base: 0x0000000000000000, Narrow klass shift: 3
Compressed class space size: 1073741824 Address: 0x0000000100000000

Heap:
 garbage-first heap   total 187392K, used 87620K [0x00000000a0000000, 0x0000000100000000)
  region size 1024K, 34 young (34816K), 8 survivors (8192K)
 Metaspace       used 76779K, capacity 78704K, committed 78924K, reserved 1118208K
  class space    used 10016K, capacity 10716K, committed 10828K, reserved 1048576K
Heap Regions: E=young(eden), S=young(survivor), O=old, HS=humongous(starts), HC=humongous(continues), CS=collection set, F=free, A=archive, TAMS=top-at-mark-start (previous, next)
|   0|0x00000000a0000000, 0x00000000a0100000, 0x00000000a0100000|100%|HS|  |TAMS 0x00000000a0100000, 0x00000000a0000000| Complete 
|   1|0x00000000a0100000, 0x00000000a0200000, 0x00000000a0200000|100%|HC|  |TAMS 0x00000000a0200000, 0x00000000a0100000| Complete 
|   2|0x00000000a0200000, 0x00000000a0300000, 0x00000000a0300000|100%|HC|  |TAMS 0x00000000a0300000, 0x00000000a0200000| Complete 
|   3|0x00000000a0300000, 0x00000000a0400000, 0x00000000a0400000|100%| O|  |TAMS 0x00000000a0400000, 0x00000000a0300000| Untracked 
|   4|0x00000000a0400000, 0x00000000a0500000, 0x00000000a0500000|100%| O|  |TAMS 0x00000000a0500000, 0x00000000a0400000| Untracked 
|   5|0x00000000a0500000, 0x00000000a0600000, 0x00000000a0600000|100%| O|  |TAMS 0x00000000a0600000, 0x00000000a0500000| Untracked 
|   6|0x00000000a0600000, 0x00000000a0700000, 0x00000000a0700000|100%| O|  |TAMS 0x00000000a0700000, 0x00000000a0600000| Untracked 
|   7|0x00000000a0700000, 0x00000000a0800000, 0x00000000a0800000|100%| O|  |TAMS 0x00000000a0800000, 0x00000000a0700000| Untracked 
|   8|0x00000000a0800000, 0x00000000a0900000, 0x00000000a0900000|100%| O|  |TAMS 0x00000000a0900000, 0x00000000a0800000| Untracked 
|   9|0x00000000a0900000, 0x00000000a0a00000, 0x00000000a0a00000|100%| O|  |TAMS 0x00000000a0a00000, 0x00000000a0900000| Untracked 
|  10|0x00000000a0a00000, 0x00000000a0b00000, 0x00000000a0b00000|100%| O|  |TAMS 0x00000000a0b00000, 0x00000000a0a00000| Untracked 
|  11|0x00000000a0b00000, 0x00000000a0c00000, 0x00000000a0c00000|100%| O|  |TAMS 0x00000000a0c00000, 0x00000000a0b00000| Untracked 
|  12|0x00000000a0c00000, 0x00000000a0d00000, 0x00000000a0d00000|100%| O|  |TAMS 0x00000000a0d00000, 0x00000000a0c00000| Untracked 
|  13|0x00000000a0d00000, 0x00000000a0e00000, 0x00000000a0e00000|100%| O|  |TAMS 0x00000000a0e00000, 0x00000000a0d00000| Untracked 
|  14|0x00000000a0e00000, 0x00000000a0f00000, 0x00000000a0f00000|100%| O|  |TAMS 0x00000000a0f00000, 0x00000000a0e00000| Untracked 
|  15|0x00000000a0f00000, 0x00000000a1000000, 0x00000000a1000000|100%| O|  |TAMS 0x00000000a1000000, 0x00000000a0f00000| Untracked 
|  16|0x00000000a1000000, 0x00000000a1100000, 0x00000000a1100000|100%| O|  |TAMS 0x00000000a1100000, 0x00000000a1000000| Untracked 
|  17|0x00000000a1100000, 0x00000000a1200000, 0x00000000a1200000|100%| O|  |TAMS 0x00000000a1200000, 0x00000000a1100000| Untracked 
|  18|0x00000000a1200000, 0x00000000a1300000, 0x00000000a1300000|100%| O|  |TAMS 0x00000000a1300000, 0x00000000a1200000| Untracked 
|  19|0x00000000a1300000, 0x00000000a1400000, 0x00000000a1400000|100%|HS|  |TAMS 0x00000000a1400000, 0x00000000a1300000| Complete 
|  20|0x00000000a1400000, 0x00000000a1500000, 0x00000000a1500000|100%| O|  |TAMS 0x00000000a1500000, 0x00000000a1400000| Untracked 
|  21|0x00000000a1500000, 0x00000000a1600000, 0x00000000a1600000|100%| O|  |TAMS 0x00000000a1600000, 0x00000000a1500000| Untracked 
|  22|0x00000000a1600000, 0x00000000a1700000, 0x00000000a1700000|100%| O|  |TAMS 0x00000000a1700000, 0x00000000a1600000| Untracked 
|  23|0x00000000a1700000, 0x00000000a1800000, 0x00000000a1800000|100%|HS|  |TAMS 0x00000000a1800000, 0x00000000a1700000| Complete 
|  24|0x00000000a1800000, 0x00000000a1900000, 0x00000000a1900000|100%|HS|  |TAMS 0x00000000a1900000, 0x00000000a1800000| Complete 
|  25|0x00000000a1900000, 0x00000000a1a00000, 0x00000000a1a00000|100%|HC|  |TAMS 0x00000000a1a00000, 0x00000000a1900000| Complete 
|  26|0x00000000a1a00000, 0x00000000a1b00000, 0x00000000a1b00000|100%| O|  |TAMS 0x00000000a1b00000, 0x00000000a1a00000| Untracked 
|  27|0x00000000a1b00000, 0x00000000a1c00000, 0x00000000a1c00000|100%| O|  |TAMS 0x00000000a1c00000, 0x00000000a1b00000| Untracked 
|  28|0x00000000a1c00000, 0x00000000a1d00000, 0x00000000a1d00000|100%| O|  |TAMS 0x00000000a1d00000, 0x00000000a1c00000| Untracked 
|  29|0x00000000a1d00000, 0x00000000a1e00000, 0x00000000a1e00000|100%| O|  |TAMS 0x00000000a1e00000, 0x00000000a1d00000| Untracked 
|  30|0x00000000a1e00000, 0x00000000a1f00000, 0x00000000a1f00000|100%| O|  |TAMS 0x00000000a1f00000, 0x00000000a1e00000| Untracked 
|  31|0x00000000a1f00000, 0x00000000a2000000, 0x00000000a2000000|100%| O|  |TAMS 0x00000000a2000000, 0x00000000a1f00000| Untracked 
|  32|0x00000000a2000000, 0x00000000a2100000, 0x00000000a2100000|100%| O|  |TAMS 0x00000000a2100000, 0x00000000a2000000| Untracked 
|  33|0x00000000a2100000, 0x00000000a2200000, 0x00000000a2200000|100%| O|  |TAMS 0x00000000a2200000, 0x00000000a2100000| Untracked 
|  34|0x00000000a2200000, 0x00000000a2300000, 0x00000000a2300000|100%| O|  |TAMS 0x00000000a2300000, 0x00000000a2200000| Untracked 
|  35|0x00000000a2300000, 0x00000000a2400000, 0x00000000a2400000|100%| O|  |TAMS 0x00000000a2400000, 0x00000000a2300000| Untracked 
|  36|0x00000000a2400000, 0x00000000a2500000, 0x00000000a2500000|100%| O|  |TAMS 0x00000000a2500000, 0x00000000a2400000| Untracked 
|  37|0x00000000a2500000, 0x00000000a2600000, 0x00000000a2600000|100%| O|  |TAMS 0x00000000a2600000, 0x00000000a2500000| Untracked 
|  38|0x00000000a2600000, 0x00000000a2700000, 0x00000000a2700000|100%| O|  |TAMS 0x00000000a2700000, 0x00000000a2600000| Untracked 
|  39|0x00000000a2700000, 0x00000000a2800000, 0x00000000a2800000|100%| O|  |TAMS 0x00000000a2800000, 0x00000000a2700000| Untracked 
|  40|0x00000000a2800000, 0x00000000a2900000, 0x00000000a2900000|100%| O|  |TAMS 0x00000000a2900000, 0x00000000a2800000| Untracked 
|  41|0x00000000a2900000, 0x00000000a2a00000, 0x00000000a2a00000|100%| O|  |TAMS 0x00000000a2a00000, 0x00000000a2900000| Untracked 
|  42|0x00000000a2a00000, 0x00000000a2b00000, 0x00000000a2b00000|100%| O|  |TAMS 0x00000000a2b00000, 0x00000000a2a00000| Untracked 
|  43|0x00000000a2b00000, 0x00000000a2c00000, 0x00000000a2c00000|100%| O|  |TAMS 0x00000000a2c00000, 0x00000000a2b00000| Untracked 
|  44|0x00000000a2c00000, 0x00000000a2d00000, 0x00000000a2d00000|100%| O|  |TAMS 0x00000000a2d00000, 0x00000000a2c00000| Untracked 
|  45|0x00000000a2d00000, 0x00000000a2e00000, 0x00000000a2e00000|100%| O|  |TAMS 0x00000000a2e00000, 0x00000000a2d00000| Untracked 
|  46|0x00000000a2e00000, 0x00000000a2f00000, 0x00000000a2f00000|100%| O|  |TAMS 0x00000000a2f00000, 0x00000000a2e00000| Untracked 
|  47|0x00000000a2f00000, 0x00000000a3000000, 0x00000000a3000000|100%| O|  |TAMS 0x00000000a3000000, 0x00000000a2f00000| Untracked 
|  48|0x00000000a3000000, 0x00000000a3100000, 0x00000000a3100000|100%| O|  |TAMS 0x00000000a3100000, 0x00000000a3000000| Untracked 
|  49|0x00000000a3100000, 0x00000000a3200000, 0x00000000a3200000|100%| O|  |TAMS 0x00000000a3200000, 0x00000000a3100000| Untracked 
|  50|0x00000000a3200000, 0x00000000a3300000, 0x00000000a3300000|100%| O|  |TAMS 0x00000000a3300000, 0x00000000a3200000| Untracked 
|  51|0x00000000a3300000, 0x00000000a3400000, 0x00000000a3400000|100%| O|  |TAMS 0x00000000a33ffc00, 0x00000000a3300000| Untracked 
|  52|0x00000000a3400000, 0x00000000a3500000, 0x00000000a3500000|100%| O|  |TAMS 0x00000000a3400000, 0x00000000a3400000| Untracked 
|  53|0x00000000a3500000, 0x00000000a355be00, 0x00000000a3600000| 35%| O|  |TAMS 0x00000000a3500000, 0x00000000a3500000| Untracked 
|  54|0x00000000a3600000, 0x00000000a3600000, 0x00000000a3700000|  0%| F|  |TAMS 0x00000000a3600000, 0x00000000a3600000| Untracked 
|  55|0x00000000a3700000, 0x00000000a3700000, 0x00000000a3800000|  0%| F|  |TAMS 0x00000000a3700000, 0x00000000a3700000| Untracked 
|  56|0x00000000a3800000, 0x00000000a3800000, 0x00000000a3900000|  0%| F|  |TAMS 0x00000000a3800000, 0x00000000a3800000| Untracked 
|  57|0x00000000a3900000, 0x00000000a3900000, 0x00000000a3a00000|  0%| F|  |TAMS 0x00000000a3900000, 0x00000000a3900000| Untracked 
|  58|0x00000000a3a00000, 0x00000000a3a00000, 0x00000000a3b00000|  0%| F|  |TAMS 0x00000000a3a00000, 0x00000000a3a00000| Untracked 
|  59|0x00000000a3b00000, 0x00000000a3b00000, 0x00000000a3c00000|  0%| F|  |TAMS 0x00000000a3b00000, 0x00000000a3b00000| Untracked 
|  60|0x00000000a3c00000, 0x00000000a3c00000, 0x00000000a3d00000|  0%| F|  |TAMS 0x00000000a3c00000, 0x00000000a3c00000| Untracked 
|  61|0x00000000a3d00000, 0x00000000a3d00000, 0x00000000a3e00000|  0%| F|  |TAMS 0x00000000a3d00000, 0x00000000a3d00000| Untracked 
|  62|0x00000000a3e00000, 0x00000000a3e00000, 0x00000000a3f00000|  0%| F|  |TAMS 0x00000000a3e00000, 0x00000000a3e00000| Untracked 
|  63|0x00000000a3f00000, 0x00000000a3f00000, 0x00000000a4000000|  0%| F|  |TAMS 0x00000000a3f00000, 0x00000000a3f00000| Untracked 
|  64|0x00000000a4000000, 0x00000000a4000000, 0x00000000a4100000|  0%| F|  |TAMS 0x00000000a4000000, 0x00000000a4000000| Untracked 
|  65|0x00000000a4100000, 0x00000000a4100000, 0x00000000a4200000|  0%| F|  |TAMS 0x00000000a4100000, 0x00000000a4100000| Untracked 
|  66|0x00000000a4200000, 0x00000000a4200000, 0x00000000a4300000|  0%| F|  |TAMS 0x00000000a4200000, 0x00000000a4200000| Untracked 
|  67|0x00000000a4300000, 0x00000000a4300000, 0x00000000a4400000|  0%| F|  |TAMS 0x00000000a4300000, 0x00000000a4300000| Untracked 
|  68|0x00000000a4400000, 0x00000000a4400000, 0x00000000a4500000|  0%| F|  |TAMS 0x00000000a4400000, 0x00000000a4400000| Untracked 
|  69|0x00000000a4500000, 0x00000000a4500000, 0x00000000a4600000|  0%| F|  |TAMS 0x00000000a4500000, 0x00000000a4500000| Untracked 
|  70|0x00000000a4600000, 0x00000000a4600000, 0x00000000a4700000|  0%| F|  |TAMS 0x00000000a4600000, 0x00000000a4600000| Untracked 
|  71|0x00000000a4700000, 0x00000000a4700000, 0x00000000a4800000|  0%| F|  |TAMS 0x00000000a4700000, 0x00000000a4700000| Untracked 
|  72|0x00000000a4800000, 0x00000000a4800000, 0x00000000a4900000|  0%| F|  |TAMS 0x00000000a4800000, 0x00000000a4800000| Untracked 
|  73|0x00000000a4900000, 0x00000000a4900000, 0x00000000a4a00000|  0%| F|  |TAMS 0x00000000a4900000, 0x00000000a4900000| Untracked 
|  74|0x00000000a4a00000, 0x00000000a4a00000, 0x00000000a4b00000|  0%| F|  |TAMS 0x00000000a4a00000, 0x00000000a4a00000| Untracked 
|  75|0x00000000a4b00000, 0x00000000a4b00000, 0x00000000a4c00000|  0%| F|  |TAMS 0x00000000a4b00000, 0x00000000a4b00000| Untracked 
|  76|0x00000000a4c00000, 0x00000000a4c00000, 0x00000000a4d00000|  0%| F|  |TAMS 0x00000000a4c00000, 0x00000000a4c00000| Untracked 
|  77|0x00000000a4d00000, 0x00000000a4d00000, 0x00000000a4e00000|  0%| F|  |TAMS 0x00000000a4d00000, 0x00000000a4d00000| Untracked 
|  78|0x00000000a4e00000, 0x00000000a4e00000, 0x00000000a4f00000|  0%| F|  |TAMS 0x00000000a4e00000, 0x00000000a4e00000| Untracked 
|  79|0x00000000a4f00000, 0x00000000a4f00000, 0x00000000a5000000|  0%| F|  |TAMS 0x00000000a4f00000, 0x00000000a4f00000| Untracked 
|  80|0x00000000a5000000, 0x00000000a5000000, 0x00000000a5100000|  0%| F|  |TAMS 0x00000000a5000000, 0x00000000a5000000| Untracked 
|  81|0x00000000a5100000, 0x00000000a5100000, 0x00000000a5200000|  0%| F|  |TAMS 0x00000000a5100000, 0x00000000a5100000| Untracked 
|  82|0x00000000a5200000, 0x00000000a5200000, 0x00000000a5300000|  0%| F|  |TAMS 0x00000000a5200000, 0x00000000a5200000| Untracked 
|  83|0x00000000a5300000, 0x00000000a5300000, 0x00000000a5400000|  0%| F|  |TAMS 0x00000000a5300000, 0x00000000a5300000| Untracked 
|  84|0x00000000a5400000, 0x00000000a5400000, 0x00000000a5500000|  0%| F|  |TAMS 0x00000000a5400000, 0x00000000a5400000| Untracked 
|  85|0x00000000a5500000, 0x00000000a5500000, 0x00000000a5600000|  0%| F|  |TAMS 0x00000000a5500000, 0x00000000a5500000| Untracked 
|  86|0x00000000a5600000, 0x00000000a5600000, 0x00000000a5700000|  0%| F|  |TAMS 0x00000000a5600000, 0x00000000a5600000| Untracked 
|  87|0x00000000a5700000, 0x00000000a5700000, 0x00000000a5800000|  0%| F|  |TAMS 0x00000000a5700000, 0x00000000a5700000| Untracked 
|  88|0x00000000a5800000, 0x00000000a5800000, 0x00000000a5900000|  0%| F|  |TAMS 0x00000000a5800000, 0x00000000a5800000| Untracked 
|  89|0x00000000a5900000, 0x00000000a5900000, 0x00000000a5a00000|  0%| F|  |TAMS 0x00000000a5900000, 0x00000000a5900000| Untracked 
|  90|0x00000000a5a00000, 0x00000000a5a00000, 0x00000000a5b00000|  0%| F|  |TAMS 0x00000000a5a00000, 0x00000000a5a00000| Untracked 
|  91|0x00000000a5b00000, 0x00000000a5b00000, 0x00000000a5c00000|  0%| F|  |TAMS 0x00000000a5b00000, 0x00000000a5b00000| Untracked 
|  92|0x00000000a5c00000, 0x00000000a5c00000, 0x00000000a5d00000|  0%| F|  |TAMS 0x00000000a5c00000, 0x00000000a5c00000| Untracked 
|  93|0x00000000a5d00000, 0x00000000a5d00000, 0x00000000a5e00000|  0%| F|  |TAMS 0x00000000a5d00000, 0x00000000a5d00000| Untracked 
|  94|0x00000000a5e00000, 0x00000000a5e00000, 0x00000000a5f00000|  0%| F|  |TAMS 0x00000000a5e00000, 0x00000000a5e00000| Untracked 
|  95|0x00000000a5f00000, 0x00000000a5f00000, 0x00000000a6000000|  0%| F|  |TAMS 0x00000000a5f00000, 0x00000000a5f00000| Untracked 
|  96|0x00000000a6000000, 0x00000000a6000000, 0x00000000a6100000|  0%| F|  |TAMS 0x00000000a6000000, 0x00000000a6000000| Untracked 
|  97|0x00000000a6100000, 0x00000000a6100000, 0x00000000a6200000|  0%| F|  |TAMS 0x00000000a6100000, 0x00000000a6100000| Untracked 
|  98|0x00000000a6200000, 0x00000000a6200000, 0x00000000a6300000|  0%| F|  |TAMS 0x00000000a6200000, 0x00000000a6200000| Untracked 
|  99|0x00000000a6300000, 0x00000000a6300000, 0x00000000a6400000|  0%| F|  |TAMS 0x00000000a6300000, 0x00000000a6300000| Untracked 
| 100|0x00000000a6400000, 0x00000000a6400000, 0x00000000a6500000|  0%| F|  |TAMS 0x00000000a6400000, 0x00000000a6400000| Untracked 
| 101|0x00000000a6500000, 0x00000000a6500000, 0x00000000a6600000|  0%| F|  |TAMS 0x00000000a6500000, 0x00000000a6500000| Untracked 
| 102|0x00000000a6600000, 0x00000000a6600000, 0x00000000a6700000|  0%| F|  |TAMS 0x00000000a6600000, 0x00000000a6600000| Untracked 
| 103|0x00000000a6700000, 0x00000000a6700000, 0x00000000a6800000|  0%| F|  |TAMS 0x00000000a6700000, 0x00000000a6700000| Untracked 
| 104|0x00000000a6800000, 0x00000000a6800000, 0x00000000a6900000|  0%| F|  |TAMS 0x00000000a6800000, 0x00000000a6800000| Untracked 
| 105|0x00000000a6900000, 0x00000000a6900000, 0x00000000a6a00000|  0%| F|  |TAMS 0x00000000a6900000, 0x00000000a6900000| Untracked 
| 106|0x00000000a6a00000, 0x00000000a6a00000, 0x00000000a6b00000|  0%| F|  |TAMS 0x00000000a6a00000, 0x00000000a6a00000| Untracked 
| 107|0x00000000a6b00000, 0x00000000a6b00000, 0x00000000a6c00000|  0%| F|  |TAMS 0x00000000a6b00000, 0x00000000a6b00000| Untracked 
| 108|0x00000000a6c00000, 0x00000000a6c00000, 0x00000000a6d00000|  0%| F|  |TAMS 0x00000000a6c00000, 0x00000000a6c00000| Untracked 
| 109|0x00000000a6d00000, 0x00000000a6d00000, 0x00000000a6e00000|  0%| F|  |TAMS 0x00000000a6d00000, 0x00000000a6d00000| Untracked 
| 110|0x00000000a6e00000, 0x00000000a6e00000, 0x00000000a6f00000|  0%| F|  |TAMS 0x00000000a6e00000, 0x00000000a6e00000| Untracked 
| 111|0x00000000a6f00000, 0x00000000a6f00000, 0x00000000a7000000|  0%| F|  |TAMS 0x00000000a6f00000, 0x00000000a6f00000| Untracked 
| 112|0x00000000a7000000, 0x00000000a70355a8, 0x00000000a7100000| 20%| S|CS|TAMS 0x00000000a7000000, 0x00000000a7000000| Complete 
| 113|0x00000000a7100000, 0x00000000a7200000, 0x00000000a7200000|100%| S|CS|TAMS 0x00000000a7100000, 0x00000000a7100000| Complete 
| 114|0x00000000a7200000, 0x00000000a7300000, 0x00000000a7300000|100%| S|CS|TAMS 0x00000000a7200000, 0x00000000a7200000| Complete 
| 115|0x00000000a7300000, 0x00000000a7400000, 0x00000000a7400000|100%| S|CS|TAMS 0x00000000a7300000, 0x00000000a7300000| Complete 
| 116|0x00000000a7400000, 0x00000000a7500000, 0x00000000a7500000|100%| S|CS|TAMS 0x00000000a7400000, 0x00000000a7400000| Complete 
| 117|0x00000000a7500000, 0x00000000a7600000, 0x00000000a7600000|100%| S|CS|TAMS 0x00000000a7500000, 0x00000000a7500000| Complete 
| 118|0x00000000a7600000, 0x00000000a7700000, 0x00000000a7700000|100%| S|CS|TAMS 0x00000000a7600000, 0x00000000a7600000| Complete 
| 119|0x00000000a7700000, 0x00000000a7800000, 0x00000000a7800000|100%| S|CS|TAMS 0x00000000a7700000, 0x00000000a7700000| Complete 
| 120|0x00000000a7800000, 0x00000000a7800000, 0x00000000a7900000|  0%| F|  |TAMS 0x00000000a7800000, 0x00000000a7800000| Untracked 
| 121|0x00000000a7900000, 0x00000000a7900000, 0x00000000a7a00000|  0%| F|  |TAMS 0x00000000a7900000, 0x00000000a7900000| Untracked 
| 122|0x00000000a7a00000, 0x00000000a7a00000, 0x00000000a7b00000|  0%| F|  |TAMS 0x00000000a7a00000, 0x00000000a7a00000| Untracked 
| 123|0x00000000a7b00000, 0x00000000a7b00000, 0x00000000a7c00000|  0%| F|  |TAMS 0x00000000a7b00000, 0x00000000a7b00000| Untracked 
| 124|0x00000000a7c00000, 0x00000000a7c00000, 0x00000000a7d00000|  0%| F|  |TAMS 0x00000000a7c00000, 0x00000000a7c00000| Untracked 
| 125|0x00000000a7d00000, 0x00000000a7d00000, 0x00000000a7e00000|  0%| F|  |TAMS 0x00000000a7d00000, 0x00000000a7d00000| Untracked 
| 126|0x00000000a7e00000, 0x00000000a7e00000, 0x00000000a7f00000|  0%| F|  |TAMS 0x00000000a7e00000, 0x00000000a7e00000| Untracked 
| 127|0x00000000a7f00000, 0x00000000a7f00000, 0x00000000a8000000|  0%| F|  |TAMS 0x00000000a7f00000, 0x00000000a7f00000| Untracked 
| 128|0x00000000a8000000, 0x00000000a8000000, 0x00000000a8100000|  0%| F|  |TAMS 0x00000000a8000000, 0x00000000a8000000| Untracked 
| 129|0x00000000a8100000, 0x00000000a8100000, 0x00000000a8200000|  0%| F|  |TAMS 0x00000000a8100000, 0x00000000a8100000| Untracked 
| 130|0x00000000a8200000, 0x00000000a8200000, 0x00000000a8300000|  0%| F|  |TAMS 0x00000000a8200000, 0x00000000a8200000| Untracked 
| 131|0x00000000a8300000, 0x00000000a8300000, 0x00000000a8400000|  0%| F|  |TAMS 0x00000000a8300000, 0x00000000a8300000| Untracked 
| 132|0x00000000a8400000, 0x00000000a8400000, 0x00000000a8500000|  0%| F|  |TAMS 0x00000000a8400000, 0x00000000a8400000| Untracked 
| 133|0x00000000a8500000, 0x00000000a8500000, 0x00000000a8600000|  0%| F|  |TAMS 0x00000000a8500000, 0x00000000a8500000| Untracked 
| 134|0x00000000a8600000, 0x00000000a8600000, 0x00000000a8700000|  0%| F|  |TAMS 0x00000000a8600000, 0x00000000a8600000| Untracked 
| 135|0x00000000a8700000, 0x00000000a8700000, 0x00000000a8800000|  0%| F|  |TAMS 0x00000000a8700000, 0x00000000a8700000| Untracked 
| 136|0x00000000a8800000, 0x00000000a8800000, 0x00000000a8900000|  0%| F|  |TAMS 0x00000000a8800000, 0x00000000a8800000| Untracked 
| 137|0x00000000a8900000, 0x00000000a8900000, 0x00000000a8a00000|  0%| F|  |TAMS 0x00000000a8900000, 0x00000000a8900000| Untracked 
| 138|0x00000000a8a00000, 0x00000000a8a00000, 0x00000000a8b00000|  0%| F|  |TAMS 0x00000000a8a00000, 0x00000000a8a00000| Untracked 
| 139|0x00000000a8b00000, 0x00000000a8b00000, 0x00000000a8c00000|  0%| F|  |TAMS 0x00000000a8b00000, 0x00000000a8b00000| Untracked 
| 140|0x00000000a8c00000, 0x00000000a8c00000, 0x00000000a8d00000|  0%| F|  |TAMS 0x00000000a8c00000, 0x00000000a8c00000| Untracked 
| 141|0x00000000a8d00000, 0x00000000a8d00000, 0x00000000a8e00000|  0%| F|  |TAMS 0x00000000a8d00000, 0x00000000a8d00000| Untracked 
| 142|0x00000000a8e00000, 0x00000000a8e00000, 0x00000000a8f00000|  0%| F|  |TAMS 0x00000000a8e00000, 0x00000000a8e00000| Untracked 
| 143|0x00000000a8f00000, 0x00000000a8f00000, 0x00000000a9000000|  0%| F|  |TAMS 0x00000000a8f00000, 0x00000000a8f00000| Untracked 
| 144|0x00000000a9000000, 0x00000000a9000000, 0x00000000a9100000|  0%| F|  |TAMS 0x00000000a9000000, 0x00000000a9000000| Untracked 
| 145|0x00000000a9100000, 0x00000000a9100000, 0x00000000a9200000|  0%| F|  |TAMS 0x00000000a9100000, 0x00000000a9100000| Untracked 
| 146|0x00000000a9200000, 0x00000000a9200000, 0x00000000a9300000|  0%| F|  |TAMS 0x00000000a9200000, 0x00000000a9200000| Untracked 
| 147|0x00000000a9300000, 0x00000000a9300000, 0x00000000a9400000|  0%| F|  |TAMS 0x00000000a9300000, 0x00000000a9300000| Untracked 
| 148|0x00000000a9400000, 0x00000000a9400000, 0x00000000a9500000|  0%| F|  |TAMS 0x00000000a9400000, 0x00000000a9400000| Untracked 
| 149|0x00000000a9500000, 0x00000000a9500000, 0x00000000a9600000|  0%| F|  |TAMS 0x00000000a9500000, 0x00000000a9500000| Untracked 
| 150|0x00000000a9600000, 0x00000000a9600000, 0x00000000a9700000|  0%| F|  |TAMS 0x00000000a9600000, 0x00000000a9600000| Untracked 
| 151|0x00000000a9700000, 0x00000000a9700000, 0x00000000a9800000|  0%| F|  |TAMS 0x00000000a9700000, 0x00000000a9700000| Untracked 
| 152|0x00000000a9800000, 0x00000000a9800000, 0x00000000a9900000|  0%| F|  |TAMS 0x00000000a9800000, 0x00000000a9800000| Untracked 
| 153|0x00000000a9900000, 0x00000000a9900000, 0x00000000a9a00000|  0%| F|  |TAMS 0x00000000a9900000, 0x00000000a9900000| Untracked 
| 154|0x00000000a9a00000, 0x00000000a9a00000, 0x00000000a9b00000|  0%| F|  |TAMS 0x00000000a9a00000, 0x00000000a9a00000| Untracked 
| 155|0x00000000a9b00000, 0x00000000a9b00000, 0x00000000a9c00000|  0%| F|  |TAMS 0x00000000a9b00000, 0x00000000a9b00000| Untracked 
| 156|0x00000000a9c00000, 0x00000000a9c00000, 0x00000000a9d00000|  0%| F|  |TAMS 0x00000000a9c00000, 0x00000000a9c00000| Untracked 
| 157|0x00000000a9d00000, 0x00000000a9d00058, 0x00000000a9e00000|  0%| E|  |TAMS 0x00000000a9d00000, 0x00000000a9d00000| Complete 
| 158|0x00000000a9e00000, 0x00000000a9f00000, 0x00000000a9f00000|100%| E|CS|TAMS 0x00000000a9e00000, 0x00000000a9e00000| Complete 
| 159|0x00000000a9f00000, 0x00000000aa000000, 0x00000000aa000000|100%| E|CS|TAMS 0x00000000a9f00000, 0x00000000a9f00000| Complete 
| 160|0x00000000aa000000, 0x00000000aa100000, 0x00000000aa100000|100%| E|CS|TAMS 0x00000000aa000000, 0x00000000aa000000| Complete 
| 161|0x00000000aa100000, 0x00000000aa200000, 0x00000000aa200000|100%| E|CS|TAMS 0x00000000aa100000, 0x00000000aa100000| Complete 
| 162|0x00000000aa200000, 0x00000000aa300000, 0x00000000aa300000|100%| E|CS|TAMS 0x00000000aa200000, 0x00000000aa200000| Complete 
| 163|0x00000000aa300000, 0x00000000aa400000, 0x00000000aa400000|100%| E|CS|TAMS 0x00000000aa300000, 0x00000000aa300000| Complete 
| 164|0x00000000aa400000, 0x00000000aa500000, 0x00000000aa500000|100%| E|CS|TAMS 0x00000000aa400000, 0x00000000aa400000| Complete 
| 165|0x00000000aa500000, 0x00000000aa600000, 0x00000000aa600000|100%| E|CS|TAMS 0x00000000aa500000, 0x00000000aa500000| Complete 
| 166|0x00000000aa600000, 0x00000000aa700000, 0x00000000aa700000|100%| E|CS|TAMS 0x00000000aa600000, 0x00000000aa600000| Complete 
| 167|0x00000000aa700000, 0x00000000aa800000, 0x00000000aa800000|100%| E|CS|TAMS 0x00000000aa700000, 0x00000000aa700000| Complete 
| 168|0x00000000aa800000, 0x00000000aa900000, 0x00000000aa900000|100%| E|CS|TAMS 0x00000000aa800000, 0x00000000aa800000| Complete 
| 169|0x00000000aa900000, 0x00000000aaa00000, 0x00000000aaa00000|100%| E|CS|TAMS 0x00000000aa900000, 0x00000000aa900000| Complete 
| 170|0x00000000aaa00000, 0x00000000aab00000, 0x00000000aab00000|100%| E|CS|TAMS 0x00000000aaa00000, 0x00000000aaa00000| Complete 
| 171|0x00000000aab00000, 0x00000000aac00000, 0x00000000aac00000|100%| E|CS|TAMS 0x00000000aab00000, 0x00000000aab00000| Complete 
| 172|0x00000000aac00000, 0x00000000aad00000, 0x00000000aad00000|100%| E|CS|TAMS 0x00000000aac00000, 0x00000000aac00000| Complete 
| 173|0x00000000aad00000, 0x00000000aae00000, 0x00000000aae00000|100%| E|CS|TAMS 0x00000000aad00000, 0x00000000aad00000| Complete 
| 174|0x00000000aae00000, 0x00000000aaf00000, 0x00000000aaf00000|100%| E|CS|TAMS 0x00000000aae00000, 0x00000000aae00000| Complete 
| 175|0x00000000aaf00000, 0x00000000ab000000, 0x00000000ab000000|100%| E|CS|TAMS 0x00000000aaf00000, 0x00000000aaf00000| Complete 
| 176|0x00000000ab000000, 0x00000000ab100000, 0x00000000ab100000|100%| E|CS|TAMS 0x00000000ab000000, 0x00000000ab000000| Complete 
| 177|0x00000000ab100000, 0x00000000ab200000, 0x00000000ab200000|100%| E|CS|TAMS 0x00000000ab100000, 0x00000000ab100000| Complete 
| 178|0x00000000ab200000, 0x00000000ab300000, 0x00000000ab300000|100%| E|CS|TAMS 0x00000000ab200000, 0x00000000ab200000| Complete 
| 179|0x00000000ab300000, 0x00000000ab400000, 0x00000000ab400000|100%| E|CS|TAMS 0x00000000ab300000, 0x00000000ab300000| Complete 
| 180|0x00000000ab400000, 0x00000000ab500000, 0x00000000ab500000|100%| E|CS|TAMS 0x00000000ab400000, 0x00000000ab400000| Complete 
| 181|0x00000000ab500000, 0x00000000ab600000, 0x00000000ab600000|100%| E|CS|TAMS 0x00000000ab500000, 0x00000000ab500000| Complete 
| 182|0x00000000ab600000, 0x00000000ab700000, 0x00000000ab700000|100%| E|CS|TAMS 0x00000000ab600000, 0x00000000ab600000| Complete 

Card table byte_map: [0x0000012de0d00000,0x0000012de1000000] _byte_map_base: 0x0000012de0800000

Marking Bits (Prev, Next): (CMBitMap*) 0x0000012dcd921e10, (CMBitMap*) 0x0000012dcd921dd8
 Prev Bits: [0x0000012de2b00000, 0x0000012de4300000)
 Next Bits: [0x0000012de1300000, 0x0000012de2b00000)

Polling page: 0x0000012dcbf10000

Metaspace:

Usage:
  Non-class:     66.39 MB capacity,    65.20 MB ( 98%) used,     1.01 MB (  2%) free+waste,   192.50 KB ( <1%) overhead. 
      Class:     10.46 MB capacity,     9.78 MB ( 93%) used,   609.28 KB (  6%) free+waste,    89.81 KB ( <1%) overhead. 
       Both:     76.86 MB capacity,    74.98 MB ( 98%) used,     1.60 MB (  2%) free+waste,   282.31 KB ( <1%) overhead. 

Virtual space:
  Non-class space:       68.00 MB reserved,      66.50 MB ( 98%) committed 
      Class space:        1.00 GB reserved,      10.57 MB (  1%) committed 
             Both:        1.07 GB reserved,      77.07 MB (  7%) committed 

Chunk freelists:
   Non-Class:  44.00 KB
       Class:  4.00 KB
        Both:  48.00 KB

MaxMetaspaceSize: 17179869184.00 GB
CompressedClassSpaceSize: 1.00 GB

CodeHeap 'non-profiled nmethods': size=120064Kb used=4609Kb max_used=4609Kb free=115455Kb
 bounds [0x0000012dd8ea0000, 0x0000012dd9330000, 0x0000012de03e0000]
CodeHeap 'profiled nmethods': size=120000Kb used=16318Kb max_used=16318Kb free=103681Kb
 bounds [0x0000012dd1970000, 0x0000012dd2960000, 0x0000012dd8ea0000]
CodeHeap 'non-nmethods': size=5696Kb used=2267Kb max_used=2320Kb free=3428Kb
 bounds [0x0000012dd13e0000, 0x0000012dd1650000, 0x0000012dd1970000]
 total_blobs=8445 nmethods=7579 adapters=777
 compilation: enabled
              stopped_count=0, restarted_count=0
 full_count=0

Compilation events (20 events):
Event: 21.087 Thread 0x0000012de6919000 nmethod 7634 0x0000012dd931ca90 code [0x0000012dd931cc40, 0x0000012dd931ccf8]
Event: 21.087 Thread 0x0000012de6919000 7635       1       org.gradle.api.internal.tasks.properties.AbstractPropertyNode::getTypeMetadata (5 bytes)
Event: 21.087 Thread 0x0000012de6919000 nmethod 7635 0x0000012dd931cd90 code [0x0000012dd931cf40, 0x0000012dd931cff8]
Event: 21.088 Thread 0x0000012de6919000 7636       3       com.google.common.reflect.TypeToken::getCovariantTypeResolver (24 bytes)
Event: 21.089 Thread 0x0000012de6919000 nmethod 7636 0x0000012dd2958190 code [0x0000012dd29583c0, 0x0000012dd2958b78]
Event: 21.095 Thread 0x0000012de6919000 7637       3       java.util.ArrayList::<init> (63 bytes)
Event: 21.096 Thread 0x0000012de6919000 nmethod 7637 0x0000012dd2958e10 code [0x0000012dd2959020, 0x0000012dd2959578]
Event: 21.097 Thread 0x0000012de6919000 7638       3       java.util.HashMap$Values::size (8 bytes)
Event: 21.097 Thread 0x0000012de6919000 nmethod 7638 0x0000012dd2959710 code [0x0000012dd29598c0, 0x0000012dd29599d8]
Event: 21.114 Thread 0x0000012de9604800 nmethod 7620 0x0000012dd931d090 code [0x0000012dd931d2a0, 0x0000012dd931e138]
Event: 21.115 Thread 0x0000012de9604800 7621 %     4       org.apache.commons.io.FilenameUtils::doNormalize @ 74 (534 bytes)
Event: 21.137 Thread 0x0000012de6919000 7640       3       java.lang.invoke.MethodHandles::makeIdentity (23 bytes)
Event: 21.139 Thread 0x0000012de6919000 nmethod 7640 0x0000012dd2959a90 code [0x0000012dd2959d20, 0x0000012dd295a978]
Event: 21.139 Thread 0x0000012de6919000 7641       3       java.lang.invoke.InnerClassLambdaMetafactory$1::run (5 bytes)
Event: 21.140 Thread 0x0000012de6919000 nmethod 7641 0x0000012dd295ae10 code [0x0000012dd295b080, 0x0000012dd295b828]
Event: 21.140 Thread 0x0000012de6919000 7642       3       java.lang.invoke.SimpleMethodHandle::speciesData (4 bytes)
Event: 21.140 Thread 0x0000012de6919000 nmethod 7642 0x0000012dd295bb90 code [0x0000012dd295bd40, 0x0000012dd295be58]
Event: 21.140 Thread 0x0000012de6919000 7643       3       java.lang.invoke.SimpleMethodHandle::copyWithExtendL (7 bytes)
Event: 21.141 Thread 0x0000012de6919000 nmethod 7643 0x0000012dd295bf10 code [0x0000012dd295c0e0, 0x0000012dd295c408]
Event: 21.147 Thread 0x0000012de6919000 7644       3       org.gradle.internal.service.DefaultServiceRegistry::<init> (108 bytes)

GC Heap History (20 events):
Event: 7.344 GC heap before
{Heap before GC invocations=7 (full 0):
 garbage-first heap   total 129024K, used 74259K [0x00000000a0000000, 0x0000000100000000)
  region size 1024K, 57 young (58368K), 3 survivors (3072K)
 Metaspace       used 33840K, capacity 34626K, committed 34944K, reserved 1079296K
  class space    used 4395K, capacity 4672K, committed 4736K, reserved 1048576K
}
Event: 7.355 GC heap after
{Heap after GC invocations=8 (full 0):
 garbage-first heap   total 129024K, used 21742K [0x00000000a0000000, 0x0000000100000000)
  region size 1024K, 6 young (6144K), 6 survivors (6144K)
 Metaspace       used 33840K, capacity 34626K, committed 34944K, reserved 1079296K
  class space    used 4395K, capacity 4672K, committed 4736K, reserved 1048576K
}
Event: 7.542 GC heap before
{Heap before GC invocations=8 (full 0):
 garbage-first heap   total 129024K, used 27886K [0x00000000a0000000, 0x0000000100000000)
  region size 1024K, 13 young (13312K), 6 survivors (6144K)
 Metaspace       used 35059K, capacity 35838K, committed 35840K, reserved 1081344K
  class space    used 4539K, capacity 4864K, committed 4864K, reserved 1048576K
}
Event: 7.555 GC heap after
{Heap after GC invocations=9 (full 0):
 garbage-first heap   total 129024K, used 22396K [0x00000000a0000000, 0x0000000100000000)
  region size 1024K, 4 young (4096K), 4 survivors (4096K)
 Metaspace       used 35059K, capacity 35838K, committed 35840K, reserved 1081344K
  class space    used 4539K, capacity 4864K, committed 4864K, reserved 1048576K
}
Event: 8.774 GC heap before
{Heap before GC invocations=10 (full 0):
 garbage-first heap   total 129024K, used 80764K [0x00000000a0000000, 0x0000000100000000)
  region size 1024K, 58 young (59392K), 4 survivors (4096K)
 Metaspace       used 39613K, capacity 40543K, committed 40780K, reserved 1085440K
  class space    used 5094K, capacity 5440K, committed 5452K, reserved 1048576K
}
Event: 8.795 GC heap after
{Heap after GC invocations=11 (full 0):
 garbage-first heap   total 129024K, used 26236K [0x00000000a0000000, 0x0000000100000000)
  region size 1024K, 8 young (8192K), 8 survivors (8192K)
 Metaspace       used 39613K, capacity 40543K, committed 40780K, reserved 1085440K
  class space    used 5094K, capacity 5440K, committed 5452K, reserved 1048576K
}
Event: 9.811 GC heap before
{Heap before GC invocations=12 (full 0):
 garbage-first heap   total 129024K, used 82556K [0x00000000a0000000, 0x0000000100000000)
  region size 1024K, 63 young (64512K), 8 survivors (8192K)
 Metaspace       used 44063K, capacity 45151K, committed 45260K, reserved 1089536K
  class space    used 5650K, capacity 5997K, committed 6092K, reserved 1048576K
}
Event: 9.831 GC heap after
{Heap after GC invocations=13 (full 0):
 garbage-first heap   total 155648K, used 28540K [0x00000000a0000000, 0x0000000100000000)
  region size 1024K, 7 young (7168K), 7 survivors (7168K)
 Metaspace       used 44063K, capacity 45151K, committed 45260K, reserved 1089536K
  class space    used 5650K, capacity 5997K, committed 6092K, reserved 1048576K
}
Event: 12.294 GC heap before
{Heap before GC invocations=13 (full 0):
 garbage-first heap   total 155648K, used 117628K [0x00000000a0000000, 0x0000000100000000)
  region size 1024K, 91 young (93184K), 7 survivors (7168K)
 Metaspace       used 49694K, capacity 51118K, committed 51404K, reserved 1093632K
  class space    used 6325K, capacity 6819K, committed 6860K, reserved 1048576K
}
Event: 12.320 GC heap after
{Heap after GC invocations=14 (full 0):
 garbage-first heap   total 155648K, used 41790K [0x00000000a0000000, 0x0000000100000000)
  region size 1024K, 12 young (12288K), 12 survivors (12288K)
 Metaspace       used 49694K, capacity 51118K, committed 51404K, reserved 1093632K
  class space    used 6325K, capacity 6819K, committed 6860K, reserved 1048576K
}
Event: 15.051 GC heap before
{Heap before GC invocations=14 (full 0):
 garbage-first heap   total 155648K, used 110398K [0x00000000a0000000, 0x0000000100000000)
  region size 1024K, 80 young (81920K), 12 survivors (12288K)
 Metaspace       used 59396K, capacity 60954K, committed 61132K, reserved 1101824K
  class space    used 7500K, capacity 8088K, committed 8140K, reserved 1048576K
}
Event: 15.081 GC heap after
{Heap after GC invocations=15 (full 0):
 garbage-first heap   total 155648K, used 47288K [0x00000000a0000000, 0x0000000100000000)
  region size 1024K, 5 young (5120K), 5 survivors (5120K)
 Metaspace       used 59396K, capacity 60954K, committed 61132K, reserved 1101824K
  class space    used 7500K, capacity 8088K, committed 8140K, reserved 1048576K
}
Event: 17.168 GC heap before
{Heap before GC invocations=15 (full 0):
 garbage-first heap   total 155648K, used 115896K [0x00000000a0000000, 0x0000000100000000)
  region size 1024K, 71 young (72704K), 5 survivors (5120K)
 Metaspace       used 63501K, capacity 65245K, committed 65356K, reserved 1105920K
  class space    used 8057K, capacity 8671K, committed 8780K, reserved 1048576K
}
Event: 17.187 GC heap after
{Heap after GC invocations=16 (full 0):
 garbage-first heap   total 155648K, used 52970K [0x00000000a0000000, 0x0000000100000000)
  region size 1024K, 9 young (9216K), 9 survivors (9216K)
 Metaspace       used 63501K, capacity 65245K, committed 65356K, reserved 1105920K
  class space    used 8057K, capacity 8671K, committed 8780K, reserved 1048576K
}
Event: 18.039 GC heap before
{Heap before GC invocations=16 (full 0):
 garbage-first heap   total 155648K, used 79594K [0x00000000a0000000, 0x0000000100000000)
  region size 1024K, 36 young (36864K), 9 survivors (9216K)
 Metaspace       used 66439K, capacity 68107K, committed 68180K, reserved 1107968K
  class space    used 8529K, capacity 9133K, committed 9164K, reserved 1048576K
}
Event: 18.071 GC heap after
{Heap after GC invocations=17 (full 0):
 garbage-first heap   total 155648K, used 55710K [0x00000000a0000000, 0x0000000100000000)
  region size 1024K, 3 young (3072K), 3 survivors (3072K)
 Metaspace       used 66439K, capacity 68107K, committed 68180K, reserved 1107968K
  class space    used 8529K, capacity 9133K, committed 9164K, reserved 1048576K
}
Event: 19.008 GC heap before
{Heap before GC invocations=18 (full 0):
 garbage-first heap   total 155648K, used 103838K [0x00000000a0000000, 0x0000000100000000)
  region size 1024K, 50 young (51200K), 3 survivors (3072K)
 Metaspace       used 69044K, capacity 70774K, committed 71116K, reserved 1110016K
  class space    used 8935K, capacity 9547K, committed 9676K, reserved 1048576K
}
Event: 19.023 GC heap after
{Heap after GC invocations=19 (full 0):
 garbage-first heap   total 187392K, used 58246K [0x00000000a0000000, 0x0000000100000000)
  region size 1024K, 5 young (5120K), 5 survivors (5120K)
 Metaspace       used 69044K, capacity 70774K, committed 71116K, reserved 1110016K
  class space    used 8935K, capacity 9547K, committed 9676K, reserved 1048576K
}
Event: 20.580 GC heap before
{Heap before GC invocations=20 (full 0):
 garbage-first heap   total 187392K, used 122758K [0x00000000a0000000, 0x0000000100000000)
  region size 1024K, 68 young (69632K), 5 survivors (5120K)
 Metaspace       used 75140K, capacity 77027K, committed 77388K, reserved 1116160K
  class space    used 9807K, capacity 10461K, committed 10572K, reserved 1048576K
}
Event: 20.598 GC heap after
{Heap after GC invocations=21 (full 0):
 garbage-first heap   total 187392K, used 62020K [0x00000000a0000000, 0x0000000100000000)
  region size 1024K, 8 young (8192K), 8 survivors (8192K)
 Metaspace       used 75140K, capacity 77027K, committed 77388K, reserved 1116160K
  class space    used 9807K, capacity 10461K, committed 10572K, reserved 1048576K
}

Deoptimization events (20 events):
Event: 21.061 Thread 0x0000012de9365000 DEOPT PACKING pc=0x0000012dd90c584c sp=0x00000010e1afbe70
Event: 21.061 Thread 0x0000012de9365000 DEOPT UNPACKING pc=0x0000012dd14078af sp=0x00000010e1afbe08 mode 2
Event: 21.061 Thread 0x0000012de9365000 Uncommon trap: trap_request=0xffffffde fr.pc=0x0000012dd90c584c relative=0x00000000000000ac
Event: 21.061 Thread 0x0000012de9365000 Uncommon trap: reason=class_check action=maybe_recompile pc=0x0000012dd90c584c method=com.google.common.collect.AbstractIndexedListIterator.next()Ljava/lang/Object; @ 27 c2
Event: 21.061 Thread 0x0000012de9365000 DEOPT PACKING pc=0x0000012dd90c584c sp=0x00000010e1afbe70
Event: 21.061 Thread 0x0000012de9365000 DEOPT UNPACKING pc=0x0000012dd14078af sp=0x00000010e1afbe08 mode 2
Event: 21.061 Thread 0x0000012de9365000 Uncommon trap: trap_request=0xffffffde fr.pc=0x0000012dd90c584c relative=0x00000000000000ac
Event: 21.061 Thread 0x0000012de9365000 Uncommon trap: reason=class_check action=maybe_recompile pc=0x0000012dd90c584c method=com.google.common.collect.AbstractIndexedListIterator.next()Ljava/lang/Object; @ 27 c2
Event: 21.061 Thread 0x0000012de9365000 DEOPT PACKING pc=0x0000012dd90c584c sp=0x00000010e1afbe70
Event: 21.061 Thread 0x0000012de9365000 DEOPT UNPACKING pc=0x0000012dd14078af sp=0x00000010e1afbe08 mode 2
Event: 21.083 Thread 0x0000012de9365000 DEOPT PACKING pc=0x0000012dd27c1b38 sp=0x00000010e1af8e60
Event: 21.083 Thread 0x0000012de9365000 DEOPT UNPACKING pc=0x0000012dd14076ce sp=0x00000010e1af8368 mode 0
Event: 21.125 Thread 0x0000012de9b9c800 Uncommon trap: trap_request=0xffffffde fr.pc=0x0000012dd9230bfc relative=0x000000000000005c
Event: 21.125 Thread 0x0000012de9b9c800 Uncommon trap: reason=class_check action=maybe_recompile pc=0x0000012dd9230bfc method=java.util.stream.StreamOpFlag.fromCharacteristics(Ljava/util/Spliterator;)I @ 14 c2
Event: 21.125 Thread 0x0000012de9b9c800 DEOPT PACKING pc=0x0000012dd9230bfc sp=0x00000010e38fe6d0
Event: 21.125 Thread 0x0000012de9b9c800 DEOPT UNPACKING pc=0x0000012dd14078af sp=0x00000010e38fe660 mode 2
Event: 21.126 Thread 0x0000012de9b9c800 Uncommon trap: trap_request=0xffffffc6 fr.pc=0x0000012dd8fdc344 relative=0x00000000000002c4
Event: 21.126 Thread 0x0000012de9b9c800 Uncommon trap: reason=bimorphic_or_optimized_type_check action=maybe_recompile pc=0x0000012dd8fdc344 method=java.util.Spliterators$IteratorSpliterator.tryAdvance(Ljava/util/function/Consumer;)Z @ 50 c2
Event: 21.126 Thread 0x0000012de9b9c800 DEOPT PACKING pc=0x0000012dd8fdc344 sp=0x00000010e38fe530
Event: 21.126 Thread 0x0000012de9b9c800 DEOPT UNPACKING pc=0x0000012dd14078af sp=0x00000010e38fe4c0 mode 2

Classes redefined (0 events):
No events

Internal exceptions (20 events):
Event: 19.613 Thread 0x0000012de9365000 Exception <a 'sun/nio/fs/WindowsException'{0x00000000a9f8b468}> (0x00000000a9f8b468) thrown at [./src/hotspot/share/prims/jni.cpp, line 615]
Event: 19.840 Thread 0x0000012de9365000 Exception <a 'java/lang/NullPointerException'{0x00000000a96621f8}> (0x00000000a96621f8) thrown at [./src/hotspot/share/interpreter/linkResolver.cpp, line 1440]
Event: 20.205 Thread 0x0000012de9365000 Exception <a 'java/lang/NoSuchMethodError'{0x00000000a8721be8}: 'int java.lang.invoke.DirectMethodHandle$Holder.invokeStatic(java.lang.Object, java.lang.Object, int, java.lang.Object)'> (0x00000000a8721be8) thrown at [./src/hotspot/share/interpreter/linkResolver.cpp, line 773]
Event: 20.206 Thread 0x0000012de9365000 Exception <a 'java/lang/NoSuchMethodError'{0x00000000a87289b8}: 'java.lang.Object java.lang.invoke.Invokers$Holder.linkToTargetMethod(java.lang.Object, int, java.lang.Object)'> (0x00000000a87289b8) thrown at [./src/hotspot/share/interpreter/linkResolver.cpp, line 773]
Event: 20.275 Thread 0x0000012de9365000 Exception <a 'sun/nio/fs/WindowsException'{0x00000000a8654768}> (0x00000000a8654768) thrown at [./src/hotspot/share/prims/jni.cpp, line 615]
Event: 20.275 Thread 0x0000012de9365000 Exception <a 'sun/nio/fs/WindowsException'{0x00000000a8655848}> (0x00000000a8655848) thrown at [./src/hotspot/share/prims/jni.cpp, line 615]
Event: 20.276 Thread 0x0000012de9365000 Exception <a 'sun/nio/fs/WindowsException'{0x00000000a8656960}> (0x00000000a8656960) thrown at [./src/hotspot/share/prims/jni.cpp, line 615]
Event: 20.276 Thread 0x0000012de9365000 Exception <a 'sun/nio/fs/WindowsException'{0x00000000a8657a78}> (0x00000000a8657a78) thrown at [./src/hotspot/share/prims/jni.cpp, line 615]
Event: 20.432 Thread 0x0000012de9365000 Implicit null exception at 0x0000012dd92d288d to 0x0000012dd92d3f00
Event: 20.788 Thread 0x0000012de9365000 Exception <a 'java/lang/NoSuchMethodError'{0x00000000aafc5be8}: 'java.lang.Object java.lang.invoke.Invokers$Holder.linkToTargetMethod(java.lang.Object, int, int, java.lang.Object)'> (0x00000000aafc5be8) thrown at [./src/hotspot/share/interpreter/linkResolver.cpp, line 773]
Event: 20.795 Thread 0x0000012de9365000 Exception <a 'java/lang/ClassNotFoundException'{0x00000000aae69d60}: com/android/build/gradle/tasks/MergeResources_DecoratedBeanInfo> (0x00000000aae69d60) thrown at [./src/hotspot/share/classfile/systemDictionary.cpp, line 231]
Event: 20.797 Thread 0x0000012de9365000 Exception <a 'java/lang/ClassNotFoundException'{0x00000000aae833b0}: com/android/build/gradle/tasks/MergeResourcesBeanInfo> (0x00000000aae833b0) thrown at [./src/hotspot/share/classfile/systemDictionary.cpp, line 231]
Event: 20.798 Thread 0x0000012de9365000 Exception <a 'java/lang/ClassNotFoundException'{0x00000000aae9f438}: com/android/build/gradle/internal/tasks/NewIncrementalTaskBeanInfo> (0x00000000aae9f438) thrown at [./src/hotspot/share/classfile/systemDictionary.cpp, line 231]
Event: 20.799 Thread 0x0000012de9365000 Exception <a 'java/lang/ClassNotFoundException'{0x00000000aaebba18}: com/android/build/gradle/internal/tasks/AndroidVariantTaskBeanInfo> (0x00000000aaebba18) thrown at [./src/hotspot/share/classfile/systemDictionary.cpp, line 231]
Event: 20.800 Thread 0x0000012de9365000 Exception <a 'java/lang/ClassNotFoundException'{0x00000000aaed6458}: com/android/build/gradle/internal/tasks/BaseTaskBeanInfo> (0x00000000aaed6458) thrown at [./src/hotspot/share/classfile/systemDictionary.cpp, line 231]
Event: 20.801 Thread 0x0000012de9365000 Exception <a 'java/lang/ClassNotFoundException'{0x00000000aaef1930}: com/android/build/gradle/internal/tasks/BaseTaskCustomizer> (0x00000000aaef1930) thrown at [./src/hotspot/share/classfile/systemDictionary.cpp, line 231]
Event: 20.802 Thread 0x0000012de9365000 Exception <a 'java/lang/ClassNotFoundException'{0x00000000aad1eb80}: com/android/build/gradle/internal/tasks/AndroidVariantTaskCustomizer> (0x00000000aad1eb80) thrown at [./src/hotspot/share/classfile/systemDictionary.cpp, line 231]
Event: 20.804 Thread 0x0000012de9365000 Exception <a 'java/lang/ClassNotFoundException'{0x00000000aad48c48}: com/android/build/gradle/internal/tasks/NewIncrementalTaskCustomizer> (0x00000000aad48c48) thrown at [./src/hotspot/share/classfile/systemDictionary.cpp, line 231]
Event: 20.806 Thread 0x0000012de9365000 Exception <a 'java/lang/ClassNotFoundException'{0x00000000aad6fdc0}: com/android/build/gradle/tasks/MergeResourcesCustomizer> (0x00000000aad6fdc0) thrown at [./src/hotspot/share/classfile/systemDictionary.cpp, line 231]
Event: 20.809 Thread 0x0000012de9365000 Exception <a 'java/lang/ClassNotFoundException'{0x00000000aadc7a60}: com/android/build/gradle/tasks/MergeResources_DecoratedCustomizer> (0x00000000aadc7a60) thrown at [./src/hotspot/share/classfile/systemDictionary.cpp, line 231]

Events (20 events):
Event: 21.141 loading class org/gradle/internal/resources/ResourceLock
Event: 21.141 loading class org/gradle/internal/resources/ResourceLock done
Event: 21.142 loading class org/gradle/execution/plan/Node
Event: 21.142 loading class org/gradle/execution/plan/Node done
Event: 21.142 loading class org/gradle/execution/plan/DefaultExecutionPlan
Event: 21.142 loading class org/gradle/execution/plan/DefaultExecutionPlan done
Event: 21.143 loading class org/gradle/execution/ProjectExecutionServiceRegistry$DefaultNodeExecutionContext
Event: 21.143 loading class org/gradle/execution/ProjectExecutionServiceRegistry$DefaultNodeExecutionContext done
Event: 21.144 loading class org/gradle/execution/ProjectExecutionServices
Event: 21.144 loading class org/gradle/execution/ProjectExecutionServices done
Event: 21.145 loading class org/gradle/api/internal/tasks/execution/TaskCacheabilityResolver
Event: 21.145 loading class org/gradle/api/internal/tasks/execution/TaskCacheabilityResolver done
Event: 21.145 loading class org/gradle/api/internal/tasks/execution/EmptySourceTaskSkipper
Event: 21.145 loading class org/gradle/api/internal/tasks/execution/EmptySourceTaskSkipper done
Event: 21.146 loading class org/gradle/internal/file/ReservedFileSystemLocationRegistry
Event: 21.146 loading class org/gradle/internal/file/ReservedFileSystemLocationRegistry done
Event: 21.146 loading class org/gradle/api/internal/changedetection/TaskExecutionModeResolver
Event: 21.146 loading class org/gradle/api/internal/changedetection/TaskExecutionModeResolver done
Event: 21.147 loading class org/gradle/api/internal/tasks/TaskExecuter
Event: 21.147 loading class org/gradle/api/internal/tasks/TaskExecuter done


Dynamic libraries:
0x00007ff602610000 - 0x00007ff60261a000 	C:\Program Files\Android\Android Studio\jre\bin\java.exe
0x00007ffdebb50000 - 0x00007ffdebd44000 	C:\WINDOWS\SYSTEM32\ntdll.dll
0x00007ffdeacd0000 - 0x00007ffdead8d000 	C:\WINDOWS\System32\KERNEL32.DLL
0x00007ffde9330000 - 0x00007ffde95f7000 	C:\WINDOWS\System32\KERNELBASE.dll
0x00007ffde9a80000 - 0x00007ffde9b80000 	C:\WINDOWS\System32\ucrtbase.dll
0x00007ffdcffd0000 - 0x00007ffdcffe9000 	C:\Program Files\Android\Android Studio\jre\bin\jli.dll
0x00007ffdcfe70000 - 0x00007ffdcfe87000 	C:\Program Files\Android\Android Studio\jre\bin\VCRUNTIME140.dll
0x00007ffde9c10000 - 0x00007ffde9db0000 	C:\WINDOWS\System32\USER32.dll
0x00007ffde9a50000 - 0x00007ffde9a72000 	C:\WINDOWS\System32\win32u.dll
0x00007ffde6e00000 - 0x00007ffde709a000 	C:\WINDOWS\WinSxS\amd64_microsoft.windows.common-controls_6595b64144ccf1df_6.0.19041.1_none_b555e41d4684ddec\COMCTL32.dll
0x00007ffdeba70000 - 0x00007ffdebb0e000 	C:\WINDOWS\System32\msvcrt.dll
0x00007ffdeb2d0000 - 0x00007ffdeb2fa000 	C:\WINDOWS\System32\GDI32.dll
0x00007ffde9940000 - 0x00007ffde9a4a000 	C:\WINDOWS\System32\gdi32full.dll
0x00007ffde9290000 - 0x00007ffde932d000 	C:\WINDOWS\System32\msvcp_win.dll
0x00007ffdeb320000 - 0x00007ffdeb350000 	C:\WINDOWS\System32\IMM32.DLL
0x00007ffdb37d0000 - 0x00007ffdb386d000 	C:\Program Files\Android\Android Studio\jre\bin\msvcp140.dll
0x00007ffdaf570000 - 0x00007ffdb003f000 	C:\Program Files\Android\Android Studio\jre\bin\server\jvm.dll
0x00007ffde9fd0000 - 0x00007ffdea07a000 	C:\WINDOWS\System32\ADVAPI32.dll
0x00007ffdeb0f0000 - 0x00007ffdeb18b000 	C:\WINDOWS\System32\sechost.dll
0x00007ffdea8f0000 - 0x00007ffdeaa13000 	C:\WINDOWS\System32\RPCRT4.dll
0x00007ffde9db0000 - 0x00007ffde9db8000 	C:\WINDOWS\System32\PSAPI.DLL
0x00007ffde6110000 - 0x00007ffde6119000 	C:\WINDOWS\SYSTEM32\WSOCK32.dll
0x00007ffdea870000 - 0x00007ffdea8db000 	C:\WINDOWS\System32\WS2_32.dll
0x00007ffdcfdb0000 - 0x00007ffdcfdd7000 	C:\WINDOWS\SYSTEM32\WINMM.dll
0x00007ffdde810000 - 0x00007ffdde81a000 	C:\WINDOWS\SYSTEM32\VERSION.dll
0x00007ffde6de0000 - 0x00007ffde6df3000 	C:\WINDOWS\SYSTEM32\kernel.appcore.dll
0x00007ffddddf0000 - 0x00007ffddde01000 	C:\Program Files\Android\Android Studio\jre\bin\verify.dll
0x00007ffde8c50000 - 0x00007ffde8e34000 	C:\WINDOWS\SYSTEM32\DBGHELP.DLL
0x00007ffde81e0000 - 0x00007ffde820c000 	C:\WINDOWS\SYSTEM32\dbgcore.DLL
0x00007ffde96b0000 - 0x00007ffde972f000 	C:\WINDOWS\System32\bcryptPrimitives.dll
0x00007ffddddc0000 - 0x00007ffdddde9000 	C:\Program Files\Android\Android Studio\jre\bin\java.dll
0x00007ffde6100000 - 0x00007ffde610b000 	C:\Program Files\Android\Android Studio\jre\bin\jimage.dll
0x00007ffdddda0000 - 0x00007ffddddb8000 	C:\Program Files\Android\Android Studio\jre\bin\zip.dll
0x00007ffdea080000 - 0x00007ffdea7b1000 	C:\WINDOWS\System32\SHELL32.dll
0x00007ffde70a0000 - 0x00007ffde782a000 	C:\WINDOWS\SYSTEM32\windows.storage.dll
0x00007ffdead90000 - 0x00007ffdeb0e4000 	C:\WINDOWS\System32\combase.dll
0x00007ffde8910000 - 0x00007ffde893b000 	C:\WINDOWS\SYSTEM32\Wldp.dll
0x00007ffdeb7c0000 - 0x00007ffdeb86e000 	C:\WINDOWS\System32\SHCORE.dll
0x00007ffdeb190000 - 0x00007ffdeb1e5000 	C:\WINDOWS\System32\shlwapi.dll
0x00007ffde91d0000 - 0x00007ffde91ef000 	C:\WINDOWS\SYSTEM32\profapi.dll
0x00007ffdddd40000 - 0x00007ffdddd5a000 	C:\Program Files\Android\Android Studio\jre\bin\net.dll
0x00007ffde2030000 - 0x00007ffde2132000 	C:\WINDOWS\SYSTEM32\WINHTTP.dll
0x00007ffde8630000 - 0x00007ffde869a000 	C:\WINDOWS\system32\mswsock.dll
0x00007ffdddd20000 - 0x00007ffdddd34000 	C:\Program Files\Android\Android Studio\jre\bin\nio.dll
0x00007ffdd5b70000 - 0x00007ffdd5b97000 	C:\Users\HP\.gradle\wrapper\dists\gradle-2.14.1-all\native\8bec1ad78214c89d9ad589b4d07fe93259594b29d510b10fafb7a158f7737e5d\windows-amd64\native-platform.dll
0x00007ffdb5ce0000 - 0x00007ffdb5e1d000 	C:\Users\HP\.gradle\wrapper\dists\gradle-2.14.1-all\native\53dbd7edfb1c66fb8903c78663c9afc45aea4f116125fa6feffd364cf09443e8\windows-amd64\native-platform-file-events.dll
0x00007ffde4490000 - 0x00007ffde449a000 	C:\Program Files\Android\Android Studio\jre\bin\management.dll
0x00007ffde2880000 - 0x00007ffde288c000 	C:\Program Files\Android\Android Studio\jre\bin\management_ext.dll
0x00007ffde8e80000 - 0x00007ffde8e98000 	C:\WINDOWS\SYSTEM32\CRYPTSP.dll
0x00007ffde7f90000 - 0x00007ffde7fc4000 	C:\WINDOWS\system32\rsaenh.dll
0x00007ffde9b80000 - 0x00007ffde9ba7000 	C:\WINDOWS\System32\bcrypt.dll
0x00007ffde9150000 - 0x00007ffde917e000 	C:\WINDOWS\SYSTEM32\USERENV.dll
0x00007ffde8880000 - 0x00007ffde888c000 	C:\WINDOWS\SYSTEM32\CRYPTBASE.dll
0x00007ffde8320000 - 0x00007ffde835b000 	C:\WINDOWS\SYSTEM32\IPHLPAPI.DLL
0x00007ffdeacc0000 - 0x00007ffdeacc9000 	C:\WINDOWS\System32\NSI.dll
0x00007ffde6cb0000 - 0x00007ffde6cc7000 	C:\WINDOWS\SYSTEM32\dhcpcsvc6.DLL
0x00007ffde6c90000 - 0x00007ffde6cad000 	C:\WINDOWS\SYSTEM32\dhcpcsvc.DLL
0x00007ffde8360000 - 0x00007ffde842a000 	C:\WINDOWS\SYSTEM32\DNSAPI.dll

dbghelp: loaded successfully - version: 4.0.5 - missing functions: none
symbol engine: initialized successfully - sym options: 0x614 - pdb path: .;C:\Program Files\Android\Android Studio\jre\bin;C:\WINDOWS\SYSTEM32;C:\WINDOWS\WinSxS\amd64_microsoft.windows.common-controls_6595b64144ccf1df_6.0.19041.1_none_b555e41d4684ddec;C:\Program Files\Android\Android Studio\jre\bin\server;C:\Users\HP\.gradle\wrapper\dists\gradle-2.14.1-all\native\8bec1ad78214c89d9ad589b4d07fe93259594b29d510b10fafb7a158f7737e5d\windows-amd64;C:\Users\HP\.gradle\wrapper\dists\gradle-2.14.1-all\native\53dbd7edfb1c66fb8903c78663c9afc45aea4f116125fa6feffd364cf09443e8\windows-amd64

VM Arguments:
jvm_args: --add-opens=java.base/java.util=ALL-UNNAMED --add-opens=java.base/java.lang=ALL-UNNAMED --add-opens=java.base/java.lang.invoke=ALL-UNNAMED --add-opens=java.base/java.util=ALL-UNNAMED --add-opens=java.prefs/java.util.prefs=ALL-UNNAMED --add-opens=java.prefs/java.util.prefs=ALL-UNNAMED --add-opens=java.base/java.nio.charset=ALL-UNNAMED --add-opens=java.base/java.net=ALL-UNNAMED --add-opens=java.base/java.util.concurrent.atomic=ALL-UNNAMED -Xmx1536m -Dfile.encoding=windows-1252 -Duser.country=US -Duser.language=en -Duser.variant 
java_command: org.gradle.launcher.daemon.bootstrap.GradleDaemon 7.0.2
java_class_path (initial): C:\Users\HP\.gradle\wrapper\dists\gradle-2.14.1-all\wrapper\dists\gradle-7.0.2-all\7era6s5ay7zsbhuvl0oc9g94s\gradle-7.0.2\lib\gradle-launcher-7.0.2.jar
Launcher Type: SUN_STANDARD

[Global flags]
     intx CICompilerCount                          = 3                                         {product} {ergonomic}
     uint ConcGCThreads                            = 1                                         {product} {ergonomic}
     uint G1ConcRefinementThreads                  = 4                                         {product} {ergonomic}
   size_t G1HeapRegionSize                         = 1048576                                   {product} {ergonomic}
    uintx GCDrainStackTargetSize                   = 64                                        {product} {ergonomic}
   size_t InitialHeapSize                          = 132120576                                 {product} {ergonomic}
   size_t MarkStackSize                            = 4194304                                   {product} {ergonomic}
   size_t MaxHeapSize                              = 1610612736                                {product} {command line}
   size_t MaxNewSize                               = 965738496                                 {product} {ergonomic}
   size_t MinHeapDeltaBytes                        = 1048576                                   {product} {ergonomic}
    uintx NonNMethodCodeHeapSize                   = 5830732                                {pd product} {ergonomic}
    uintx NonProfiledCodeHeapSize                  = 122913754                              {pd product} {ergonomic}
    uintx ProfiledCodeHeapSize                     = 122913754                              {pd product} {ergonomic}
    uintx ReservedCodeCacheSize                    = 251658240                              {pd product} {ergonomic}
     bool SegmentedCodeCache                       = true                                      {product} {ergonomic}
     bool UseCompressedClassPointers               = true                                 {lp64_product} {ergonomic}
     bool UseCompressedOops                        = true                                 {lp64_product} {ergonomic}
     bool UseG1GC                                  = true                                      {product} {ergonomic}
     bool UseLargePagesIndividualAllocation        = false                                  {pd product} {ergonomic}

Logging:
Log output configuration:
 #0: stdout all=warning uptime,level,tags
 #1: stderr all=off uptime,level,tags

Environment Variables:
PATH=C:\WINDOWS\system32;C:\WINDOWS;C:\WINDOWS\System32\Wbem;C:\WINDOWS\System32\WindowsPowerShell\v1.0\;C:\WINDOWS\System32\OpenSSH\;E:\New folder\;C:\Users\HP\AppData\Local\Microsoft\WindowsApps;E:\VS Code\Microsoft VS Code\bin;C:\Users\HP\AppData\Roaming\npm;C:\Users\HP\AppData\Local\GitHubDesktop\bin;C:\Users\HP\Flutter\flutter\bin;
USERNAME=HP
OS=Windows_NT
PROCESSOR_IDENTIFIER=Intel64 Family 6 Model 142 Stepping 9, GenuineIntel



---------------  S Y S T E M  ---------------

OS: Windows 10 , 64 bit Build 19041 (10.0.19041.1)
OS uptime: 0 days 0:41 hours

CPU:total 4 (initial active 4) (2 cores per cpu, 2 threads per core) family 6 model 142 stepping 9 microcode 0xde, cmov, cx8, fxsr, mmx, sse, sse2, sse3, ssse3, sse4.1, sse4.2, popcnt, avx, avx2, aes, clmul, erms, 3dnowpref, lzcnt, ht, tsc, tscinvbit, bmi1, bmi2, adx, fma

Memory: 4k page, system-wide physical 8060M (2462M free)
TotalPageFile size 16252M (AvailPageFile size 10241M)
current process WorkingSet (physical memory assigned to process): 397M, peak: 398M
current process commit charge ("private bytes"): 428M, peak: 429M

vm_info: OpenJDK 64-Bit Server VM (11.0.10+0-b96-7249189) for windows-amd64 JRE (11.0.10+0-b96-7249189), built on Mar 31 2021 21:44:00 by "builder" with MS VC++ 14.0 (VS2015)

END.
