#
# A fatal error has been detected by the Java Runtime Environment:
#
#  EXCEPTION_ILLEGAL_INSTRUCTION (0xc000001d) at pc=0x0000000006d93268, pid=5488, tid=0x00000000000002b4
#
# JRE version: OpenJDK Runtime Environment (8.0_202-b03) (build 1.8.0_202-release-1483-b03)
# Java VM: OpenJDK 64-Bit Server VM (25.202-b03 mixed mode windows-amd64 compressed oops)
# Problematic frame:
# J 26234 C2 com.android.tools.r8.ir.code.Phi.a(Lcom/android/tools/r8/ir/conversion/IRBuilder;I)V (427 bytes) @ 0x0000000006d93268 [0x0000000006d92ca0+0x5c8]
#
# Failed to write core dump. Minidumps are not enabled by default on client versions of Windows
#
# If you would like to submit a bug report, please visit:
#   http://bugreport.java.com/bugreport/crash.jsp
#

---------------  T H R E A D  ---------------

Current thread (0x000000001cae3000):  JavaThread "Daemon worker Thread 4" [_thread_in_Java, id=692, stack(0x000000001a510000,0x000000001a610000)]

siginfo: ExceptionCode=0xc000001d

Registers:
RAX=0x00000000e1225bf8, RBX=0x00000000e1225bf8, RCX=0x0000000000000001, RDX=0x000000010001b7c0
RSP=0x000000001a608750, RBP=0x00000000e1238ce8, RSI=0x000000002020ca7d, RDI=0x00000000e1238d00
R8 =0x00000000ffffffff, R9 =0x0000000000000002, R10=0x0000000000000000, R11=0x0000000000000001
R12=0x0000000000000000, R13=0x00000000a023f8f0, R14=0x00000000e1220870, R15=0x000000001cae3000
RIP=0x0000000006d93268, EFLAGS=0x0000000000010297

Top of Stack: (sp=0x000000001a608750)
0x000000001a608750:   00000000a57665f8 0000000000000000
0x000000001a608760:   00000000e1238c38 00000000e1232720
0x000000001a608770:   00000000e1220120 e1238d0000000000
0x000000001a608780:   000000001a609848 00000000a54f63e0
0x000000001a608790:   00000000e1238ce8 00000000e1238330
0x000000001a6087a0:   00000000e1220120 0000000000000000
0x000000001a6087b0:   00000000a576a090 00000000e1238ce8
0x000000001a6087c0:   00000000e1238d18 00000000e1238d30
0x000000001a6087d0:   00000000e1225bf8 00000000e12326a8
0x000000001a6087e0:   00000000e121b390 00000000e1238b60
0x000000001a6087f0:   000000001a609848 ffffffff00000000
0x000000001a608800:   0000000000000001 00000000e121b390
0x000000001a608810:   00000000e121b530 0000000006829544
0x000000001a608820:   000000001a609848 0000000006abd4b4
0x000000001a608830:   00000000e1234740 0000000000000005
0x000000001a608840:   0000000300000001 00000000e12254d0 

Instructions: (pc=0x0000000006d93268)
0x0000000006d93248:   68 48 8f 44 24 40 45 8b 40 0c 41 ff c0 4c 8b 4c
0x0000000006d93258:   24 68 45 89 41 0c 44 8b 4f 0c 45 8b c3 45 2b c1
0x0000000006d93268:   45 85 c0 0f 8f 3a 06 00 00 48 8b df 4c 8b 5c 24
0x0000000006d93278:   68 41 89 4b 10 44 8b 43 0c 45 3b d0 0f 83 2f 11 


Register to memory mapping:

RAX=0x00000000e1225bf8 is an oop
com.android.tools.r8.ir.code.Value 
 - klass: 'com/android/tools/r8/ir/code/Value'
RBX=0x00000000e1225bf8 is an oop
com.android.tools.r8.ir.code.Value 
 - klass: 'com/android/tools/r8/ir/code/Value'
RCX=0x0000000000000001 is an unknown value
RDX=0x000000010001b7c0 is pointing into metadata
RSP=0x000000001a608750 is pointing into the stack for thread: 0x000000001cae3000
RBP=0x00000000e1238ce8 is an oop
java.util.ArrayList 
 - klass: 'java/util/ArrayList'
RSI=0x000000002020ca7d is pointing into metadata
RDI=0x00000000e1238d00 is an oop
[Ljava.lang.Object; 
 - klass: 'java/lang/Object'[]
 - length: 2
R8 =0x00000000ffffffff is an unallocated location in the heap
R9 =0x0000000000000002 is an unknown value
R10=0x0000000000000000 is an unknown value
R11=0x0000000000000001 is an unknown value
R12=0x0000000000000000 is an unknown value
R13=0x00000000a023f8f0 is an oop
java.lang.Integer 
 - klass: 'java/lang/Integer'
R14=0x00000000e1220870 is an oop
java.util.HashMap 
 - klass: 'java/util/HashMap'
R15=0x000000001cae3000 is a thread


Stack: [0x000000001a510000,0x000000001a610000],  sp=0x000000001a608750,  free space=993k
Native frames: (J=compiled Java code, j=interpreted, Vv=VM code, C=native code)
C  0x0000000006d93268


---------------  P R O C E S S  ---------------

Java Threads: ( => current thread )
  0x000000001d157000 JavaThread "Cache worker for Java compile cache (C:\Users\HP\AndroidStudioProjects\Quizzer\.gradle\5.4.1\javaCompile)" [_thread_blocked, id=3076, stack(0x0000000029b50000,0x0000000029c50000)]
  0x000000001d155800 JavaThread "stdout" [_thread_in_native, id=9664, stack(0x0000000029a50000,0x0000000029b50000)]
  0x000000001d154800 JavaThread "stderr" [_thread_in_native, id=7196, stack(0x00000000294a0000,0x00000000295a0000)]
  0x000000001d154000 JavaThread "pool-10-thread-1" [_thread_blocked, id=9872, stack(0x0000000028350000,0x0000000028450000)]
  0x000000001d153000 JavaThread "WorkerExecutor Queue Thread 2" [_thread_blocked, id=8392, stack(0x0000000029750000,0x0000000029850000)]
  0x000000001d14b800 JavaThread "WorkerExecutor Queue" [_thread_blocked, id=9396, stack(0x0000000029650000,0x0000000029750000)]
  0x000000001d151000 JavaThread "Cache worker for execution history cache (C:\Users\HP\AndroidStudioProjects\Quizzer\.gradle\5.4.1\executionHistory)" [_thread_blocked, id=3872, stack(0x0000000027030000,0x0000000027130000)]
  0x000000001d150000 JavaThread "Execution worker for ':' Thread 3" [_thread_in_Java, id=3104, stack(0x0000000026530000,0x0000000026630000)]
  0x000000001d14f800 JavaThread "Execution worker for ':' Thread 2" [_thread_in_Java, id=7732, stack(0x0000000026230000,0x0000000026330000)]
  0x000000001d14a000 JavaThread "Execution worker for ':'" [_thread_in_Java, id=8228, stack(0x0000000025b30000,0x0000000025c30000)]
  0x000000001d14e000 JavaThread "Cache worker for file content cache (C:\Users\HP\AndroidStudioProjects\Quizzer\.gradle\5.4.1\fileContent)" [_thread_blocked, id=2080, stack(0x0000000025530000,0x0000000025630000)]
  0x000000001caea800 JavaThread "Cache worker for Build Output Cleanup Cache (C:\Users\HP\AndroidStudioProjects\Quizzer\.gradle\buildOutputCleanup)" [_thread_blocked, id=9672, stack(0x0000000022700000,0x0000000022800000)]
  0x000000001cae8800 JavaThread "Build operations Thread 4" [_thread_blocked, id=6384, stack(0x0000000021fb0000,0x00000000220b0000)]
  0x000000001cae9000 JavaThread "Build operations Thread 3" [_thread_blocked, id=9600, stack(0x00000000205e0000,0x00000000206e0000)]
  0x000000001caea000 JavaThread "Build operations Thread 2" [_thread_blocked, id=2784, stack(0x00000000200e0000,0x00000000201e0000)]
  0x000000001cae7800 JavaThread "Build operations" [_thread_blocked, id=10772, stack(0x000000001e0b0000,0x000000001e1b0000)]
  0x000000001cae7000 JavaThread "Cache worker for cache directory md-rule (C:\Users\HP\.gradle\wrapper\dists\gradle-2.14.1-all\caches\5.4.1\md-rule)" [_thread_blocked, id=11056, stack(0x000000001dfb0000,0x000000001e0b0000)]
  0x000000001cae6000 JavaThread "Cache worker for cache directory md-supplier (C:\Users\HP\.gradle\wrapper\dists\gradle-2.14.1-all\caches\5.4.1\md-supplier)" [_thread_blocked, id=10196, stack(0x000000001d4b0000,0x000000001d5b0000)]
  0x000000001cade000 JavaThread "Cache worker for file hash cache (C:\Users\HP\AndroidStudioProjects\Quizzer\.gradle\5.4.1\fileHashes)" [_thread_blocked, id=5536, stack(0x000000001ad10000,0x000000001ae10000)]
  0x000000001cadd000 JavaThread "Thread-95" [_thread_blocked, id=10844, stack(0x000000001aa10000,0x000000001ab10000)]
  0x000000001cadf800 JavaThread "Asynchronous log dispatcher for DefaultDaemonConnection: socket connection from /127.0.0.1:59707 to /127.0.0.1:62737" [_thread_blocked, id=4344, stack(0x000000001a610000,0x000000001a710000)]
=>0x000000001cae3000 JavaThread "Daemon worker Thread 4" [_thread_in_Java, id=692, stack(0x000000001a510000,0x000000001a610000)]
  0x000000001cade800 JavaThread "Cancel handler" [_thread_blocked, id=9124, stack(0x0000000000df0000,0x0000000000ef0000)]
  0x000000001cae2800 JavaThread "Handler for socket connection from /127.0.0.1:59707 to /127.0.0.1:62737" [_thread_in_native, id=10128, stack(0x0000000000cf0000,0x0000000000df0000)]
  0x000000001cadc800 JavaThread "Daemon Thread 4" [_thread_blocked, id=8488, stack(0x0000000000bf0000,0x0000000000cf0000)]
  0x000000001e586000 JavaThread "Cache worker for Java compile cache (C:\Users\HP\.gradle\wrapper\dists\gradle-2.14.1-all\caches\5.4.1\javaCompile)" [_thread_blocked, id=2900, stack(0x0000000025a30000,0x0000000025b30000)]
  0x000000001d14b000 JavaThread "MarlinRenderer Disposer" daemon [_thread_blocked, id=9412, stack(0x0000000024d30000,0x0000000024e30000)]
  0x000000001d151800 JavaThread "Java2D Disposer" daemon [_thread_blocked, id=10548, stack(0x0000000024c30000,0x0000000024d30000)]
  0x000000001cae1800 JavaThread "Cache worker for file content cache (C:\Users\HP\.gradle\wrapper\dists\gradle-2.14.1-all\caches\5.4.1\fileContent)" [_thread_blocked, id=8188, stack(0x0000000022e00000,0x0000000022f00000)]
  0x000000001cae5800 JavaThread "Memory manager" [_thread_blocked, id=2768, stack(0x0000000021cb0000,0x0000000021db0000)]
  0x000000001cae4000 JavaThread "Cache worker for execution history cache (C:\Users\HP\.gradle\wrapper\dists\gradle-2.14.1-all\caches\5.4.1\executionHistory)" [_thread_blocked, id=2716, stack(0x000000001f1e0000,0x000000001f2e0000)]
  0x0000000018a31800 JavaThread "Cache worker for journal cache (C:\Users\HP\.gradle\wrapper\dists\gradle-2.14.1-all\caches\journal-1)" [_thread_blocked, id=11212, stack(0x000000001b010000,0x000000001b110000)]
  0x0000000018a30000 JavaThread "File lock request listener" [_thread_in_native, id=8132, stack(0x000000001af10000,0x000000001b010000)]
  0x0000000018a31000 JavaThread "Cache worker for file hash cache (C:\Users\HP\.gradle\wrapper\dists\gradle-2.14.1-all\caches\5.4.1\fileHashes)" [_thread_blocked, id=1188, stack(0x000000001ae10000,0x000000001af10000)]
  0x000000001974e000 JavaThread "Daemon periodic checks" [_thread_blocked, id=4392, stack(0x000000001a410000,0x000000001a510000)]
  0x0000000018932000 JavaThread "Incoming local TCP Connector on port 59707" [_thread_in_native, id=7460, stack(0x000000001a1d0000,0x000000001a2d0000)]
  0x0000000018f55000 JavaThread "Daemon health stats" [_thread_blocked, id=2984, stack(0x0000000019b90000,0x0000000019c90000)]
  0x0000000017de9800 JavaThread "Service Thread" daemon [_thread_blocked, id=9864, stack(0x00000000181c0000,0x00000000182c0000)]
  0x0000000016439000 JavaThread "C1 CompilerThread2" daemon [_thread_blocked, id=10788, stack(0x0000000017cc0000,0x0000000017dc0000)]
  0x000000001642c800 JavaThread "C2 CompilerThread1" daemon [_thread_in_native, id=1912, stack(0x0000000017bc0000,0x0000000017cc0000)]
  0x0000000016428000 JavaThread "C2 CompilerThread0" daemon [_thread_in_native, id=8404, stack(0x0000000017ac0000,0x0000000017bc0000)]
  0x0000000016436000 JavaThread "Attach Listener" daemon [_thread_blocked, id=9332, stack(0x00000000179c0000,0x0000000017ac0000)]
  0x0000000016435000 JavaThread "Signal Dispatcher" daemon [_thread_blocked, id=368, stack(0x00000000178c0000,0x00000000179c0000)]
  0x0000000002abb000 JavaThread "Finalizer" daemon [_thread_blocked, id=3196, stack(0x00000000176c0000,0x00000000177c0000)]
  0x0000000016419000 JavaThread "Reference Handler" daemon [_thread_blocked, id=6440, stack(0x00000000175c0000,0x00000000176c0000)]
  0x00000000029bd800 JavaThread "main" [_thread_blocked, id=2632, stack(0x0000000002810000,0x0000000002910000)]

Other Threads:
  0x00000000163f6000 VMThread [stack: 0x00000000174c0000,0x00000000175c0000] [id=868]
  0x000000001648d800 WatcherThread [stack: 0x00000000182c0000,0x00000000183c0000] [id=2704]

VM state:not at safepoint (normal execution)

VM Mutex/Monitor currently owned by a thread: None

heap address: 0x00000000a0000000, size: 1536 MB, Compressed Oops mode: 32-bit
Narrow klass base: 0x0000000000000000, Narrow klass shift: 3
Compressed class space size: 1073741824 Address: 0x0000000100000000

Heap:
 PSYoungGen      total 497152K, used 131087K [0x00000000e0000000, 0x00000000fff00000, 0x0000000100000000)
  eden space 470528K, 26% used [0x00000000e0000000,0x00000000e79d3dd8,0x00000000fcb80000)
  from space 26624K, 23% used [0x00000000fcb80000,0x00000000fd1b0000,0x00000000fe580000)
  to   space 26112K, 0% used [0x00000000fe580000,0x00000000fe580000,0x00000000fff00000)
 ParOldGen       total 290304K, used 230709K [0x00000000a0000000, 0x00000000b1b80000, 0x00000000e0000000)
  object space 290304K, 79% used [0x00000000a0000000,0x00000000ae14d420,0x00000000b1b80000)
 Metaspace       used 129547K, capacity 135981K, committed 136536K, reserved 1167360K
  class space    used 16441K, capacity 17637K, committed 17792K, reserved 1048576K

Card table byte_map: [0x0000000011e80000,0x0000000012190000] byte_map_base: 0x0000000011980000

Marking Bits: (ParMarkBitMap*) 0x000000005c559f30
 Begin Bits: [0x0000000012790000, 0x0000000013f90000)
 End Bits:   [0x0000000013f90000, 0x0000000015790000)

Polling page: 0x0000000000f60000

CodeCache: size=245760Kb used=75190Kb max_used=75202Kb free=170569Kb
 bounds [0x0000000002ac0000, 0x00000000074f0000, 0x0000000011ac0000]
 total_blobs=22229 nmethods=21203 adapters=935
 compilation: enabled

Compilation events (10 events):
Event: 1279.533 Thread 0x0000000016439000 26981       2       com.android.tools.r8.n.a.a.a.h.d::put (10 bytes)
Event: 1279.533 Thread 0x0000000016439000 nmethod 26981 0x0000000006c63b90 code [0x0000000006c63d20, 0x0000000006c63f68]
Event: 1279.541 Thread 0x0000000016439000 26982       2       com.android.tools.r8.n.a.a.a.h.W::b (343 bytes)
Event: 1279.543 Thread 0x0000000016439000 nmethod 26982 0x0000000005c60710 code [0x0000000005c60920, 0x0000000005c612e8]
Event: 1279.582 Thread 0x0000000016428000 nmethod 26870 0x0000000007481a10 code [0x0000000007482900, 0x000000000748fa60]
Event: 1279.583 Thread 0x0000000016428000 26972       4       com.android.tools.r8.ir.optimize.CodeRewriter::e (828 bytes)
Event: 1279.650 Thread 0x0000000016439000 26984       2       com.android.tools.r8.t.a.a.G.b::a (81 bytes)
Event: 1279.651 Thread 0x0000000016439000 nmethod 26984 0x0000000005c5ff50 code [0x0000000005c600e0, 0x0000000005c60508]
Event: 1279.814 Thread 0x0000000016428000 nmethod 26972 0x0000000006f5b8d0 code [0x0000000006f5bc20, 0x0000000006f5eae0]
Event: 1279.814 Thread 0x0000000016428000 26952       4       com.android.tools.r8.ir.optimize.f::a (383 bytes)

GC Heap History (10 events):
Event: 1275.475 GC heap before
{Heap before GC invocations=51 (full 6):
 PSYoungGen      total 495104K, used 486924K [0x00000000e0000000, 0x0000000100000000, 0x0000000100000000)
  eden space 468480K, 100% used [0x00000000e0000000,0x00000000fc980000,0x00000000fc980000)
  from space 26624K, 69% used [0x00000000fe480000,0x00000000ff6830c0,0x00000000ffe80000)
  to   space 27648K, 0% used [0x00000000fc980000,0x00000000fc980000,0x00000000fe480000)
 ParOldGen       total 290304K, used 175093K [0x00000000a0000000, 0x00000000b1b80000, 0x00000000e0000000)
  object space 290304K, 60% used [0x00000000a0000000,0x00000000aaafd700,0x00000000b1b80000)
 Metaspace       used 129520K, capacity 135981K, committed 136536K, reserved 1167360K
  class space    used 16441K, capacity 17637K, committed 17792K, reserved 1048576K
Event: 1275.538 GC heap after
Heap after GC invocations=51 (full 6):
 PSYoungGen      total 496128K, used 17761K [0x00000000e0000000, 0x0000000100000000, 0x0000000100000000)
  eden space 468480K, 0% used [0x00000000e0000000,0x00000000e0000000,0x00000000fc980000)
  from space 27648K, 64% used [0x00000000fc980000,0x00000000fdad8488,0x00000000fe480000)
  to   space 27648K, 0% used [0x00000000fe500000,0x00000000fe500000,0x0000000100000000)
 ParOldGen       total 290304K, used 191395K [0x00000000a0000000, 0x00000000b1b80000, 0x00000000e0000000)
  object space 290304K, 65% used [0x00000000a0000000,0x00000000abae8e78,0x00000000b1b80000)
 Metaspace       used 129520K, capacity 135981K, committed 136536K, reserved 1167360K
  class space    used 16441K, capacity 17637K, committed 17792K, reserved 1048576K
}
Event: 1276.866 GC heap before
{Heap before GC invocations=52 (full 6):
 PSYoungGen      total 496128K, used 486241K [0x00000000e0000000, 0x0000000100000000, 0x0000000100000000)
  eden space 468480K, 100% used [0x00000000e0000000,0x00000000fc980000,0x00000000fc980000)
  from space 27648K, 64% used [0x00000000fc980000,0x00000000fdad8488,0x00000000fe480000)
  to   space 27648K, 0% used [0x00000000fe500000,0x00000000fe500000,0x0000000100000000)
 ParOldGen       total 290304K, used 191395K [0x00000000a0000000, 0x00000000b1b80000, 0x00000000e0000000)
  object space 290304K, 65% used [0x00000000a0000000,0x00000000abae8e78,0x00000000b1b80000)
 Metaspace       used 129529K, capacity 135981K, committed 136536K, reserved 1167360K
  class space    used 16441K, capacity 17637K, committed 17792K, reserved 1048576K
Event: 1276.900 GC heap after
Heap after GC invocations=52 (full 6):
 PSYoungGen      total 495616K, used 15140K [0x00000000e0000000, 0x00000000fff00000, 0x0000000100000000)
  eden space 468992K, 0% used [0x00000000e0000000,0x00000000e0000000,0x00000000fca00000)
  from space 26624K, 56% used [0x00000000fe500000,0x00000000ff3c92c8,0x00000000fff00000)
  to   space 27136K, 0% used [0x00000000fca00000,0x00000000fca00000,0x00000000fe480000)
 ParOldGen       total 290304K, used 206233K [0x00000000a0000000, 0x00000000b1b80000, 0x00000000e0000000)
  object space 290304K, 71% used [0x00000000a0000000,0x00000000ac9667f8,0x00000000b1b80000)
 Metaspace       used 129529K, capacity 135981K, committed 136536K, reserved 1167360K
  class space    used 16441K, capacity 17637K, committed 17792K, reserved 1048576K
}
Event: 1278.179 GC heap before
{Heap before GC invocations=53 (full 6):
 PSYoungGen      total 495616K, used 484132K [0x00000000e0000000, 0x00000000fff00000, 0x0000000100000000)
  eden space 468992K, 100% used [0x00000000e0000000,0x00000000fca00000,0x00000000fca00000)
  from space 26624K, 56% used [0x00000000fe500000,0x00000000ff3c92c8,0x00000000fff00000)
  to   space 27136K, 0% used [0x00000000fca00000,0x00000000fca00000,0x00000000fe480000)
 ParOldGen       total 290304K, used 206233K [0x00000000a0000000, 0x00000000b1b80000, 0x00000000e0000000)
  object space 290304K, 71% used [0x00000000a0000000,0x00000000ac9667f8,0x00000000b1b80000)
 Metaspace       used 129542K, capacity 135981K, committed 136536K, reserved 1167360K
  class space    used 16441K, capacity 17637K, committed 17792K, reserved 1048576K
Event: 1278.217 GC heap after
Heap after GC invocations=53 (full 6):
 PSYoungGen      total 496128K, used 7680K [0x00000000e0000000, 0x00000000fff80000, 0x0000000100000000)
  eden space 468992K, 0% used [0x00000000e0000000,0x00000000e0000000,0x00000000fca00000)
  from space 27136K, 28% used [0x00000000fca00000,0x00000000fd180020,0x00000000fe480000)
  to   space 26624K, 0% used [0x00000000fe580000,0x00000000fe580000,0x00000000fff80000)
 ParOldGen       total 290304K, used 218727K [0x00000000a0000000, 0x00000000b1b80000, 0x00000000e0000000)
  object space 290304K, 75% used [0x00000000a0000000,0x00000000ad599dd0,0x00000000b1b80000)
 Metaspace       used 129542K, capacity 135981K, committed 136536K, reserved 1167360K
  class space    used 16441K, capacity 17637K, committed 17792K, reserved 1048576K
}
Event: 1279.031 GC heap before
{Heap before GC invocations=54 (full 6):
 PSYoungGen      total 496128K, used 476672K [0x00000000e0000000, 0x00000000fff80000, 0x0000000100000000)
  eden space 468992K, 100% used [0x00000000e0000000,0x00000000fca00000,0x00000000fca00000)
  from space 27136K, 28% used [0x00000000fca00000,0x00000000fd180020,0x00000000fe480000)
  to   space 26624K, 0% used [0x00000000fe580000,0x00000000fe580000,0x00000000fff80000)
 ParOldGen       total 290304K, used 218727K [0x00000000a0000000, 0x00000000b1b80000, 0x00000000e0000000)
  object space 290304K, 75% used [0x00000000a0000000,0x00000000ad599dd0,0x00000000b1b80000)
 Metaspace       used 129544K, capacity 135981K, committed 136536K, reserved 1167360K
  class space    used 16441K, capacity 17637K, committed 17792K, reserved 1048576K
Event: 1279.051 GC heap after
Heap after GC invocations=54 (full 6):
 PSYoungGen      total 497152K, used 4608K [0x00000000e0000000, 0x00000000fff80000, 0x0000000100000000)
  eden space 470528K, 0% used [0x00000000e0000000,0x00000000e0000000,0x00000000fcb80000)
  from space 26624K, 17% used [0x00000000fe580000,0x00000000fea00010,0x00000000fff80000)
  to   space 26624K, 0% used [0x00000000fcb80000,0x00000000fcb80000,0x00000000fe580000)
 ParOldGen       total 290304K, used 226160K [0x00000000a0000000, 0x00000000b1b80000, 0x00000000e0000000)
  object space 290304K, 77% used [0x00000000a0000000,0x00000000adcdc3d0,0x00000000b1b80000)
 Metaspace       used 129544K, capacity 135981K, committed 136536K, reserved 1167360K
  class space    used 16441K, capacity 17637K, committed 17792K, reserved 1048576K
}
Event: 1280.110 GC heap before
{Heap before GC invocations=55 (full 6):
 PSYoungGen      total 497152K, used 475136K [0x00000000e0000000, 0x00000000fff80000, 0x0000000100000000)
  eden space 470528K, 100% used [0x00000000e0000000,0x00000000fcb80000,0x00000000fcb80000)
  from space 26624K, 17% used [0x00000000fe580000,0x00000000fea00010,0x00000000fff80000)
  to   space 26624K, 0% used [0x00000000fcb80000,0x00000000fcb80000,0x00000000fe580000)
 ParOldGen       total 290304K, used 226160K [0x00000000a0000000, 0x00000000b1b80000, 0x00000000e0000000)
  object space 290304K, 77% used [0x00000000a0000000,0x00000000adcdc3d0,0x00000000b1b80000)
 Metaspace       used 129547K, capacity 135981K, committed 136536K, reserved 1167360K
  class space    used 16441K, capacity 17637K, committed 17792K, reserved 1048576K
Event: 1280.140 GC heap after
Heap after GC invocations=55 (full 6):
 PSYoungGen      total 497152K, used 6336K [0x00000000e0000000, 0x00000000fff00000, 0x0000000100000000)
  eden space 470528K, 0% used [0x00000000e0000000,0x00000000e0000000,0x00000000fcb80000)
  from space 26624K, 23% used [0x00000000fcb80000,0x00000000fd1b0000,0x00000000fe580000)
  to   space 26112K, 0% used [0x00000000fe580000,0x00000000fe580000,0x00000000fff00000)
 ParOldGen       total 290304K, used 230709K [0x00000000a0000000, 0x00000000b1b80000, 0x00000000e0000000)
  object space 290304K, 79% used [0x00000000a0000000,0x00000000ae14d420,0x00000000b1b80000)
 Metaspace       used 129547K, capacity 135981K, committed 136536K, reserved 1167360K
  class space    used 16441K, capacity 17637K, committed 17792K, reserved 1048576K
}

Deoptimization events (10 events):
Event: 1271.327 Thread 0x000000001d14f800 Uncommon trap: reason=class_check action=maybe_recompile pc=0x00000000070d89d0 method=com.android.tools.r8.ir.optimize.f.a(Lcom/android/tools/r8/ir/code/IRCode;)Lcom/android/tools/r8/ir/code/Position; @ 85
Event: 1271.363 Thread 0x000000001d150000 Uncommon trap: reason=bimorphic action=maybe_recompile pc=0x0000000006a892b0 method=com.android.tools.r8.ir.optimize.n.a(Lcom/android/tools/r8/ir/code/IRCode;)V @ 408
Event: 1271.419 Thread 0x000000001d14f800 Uncommon trap: reason=predicate action=maybe_recompile pc=0x00000000070c36f4 method=com.android.tools.r8.ir.optimize.PeepholeOptimizer.a(Lcom/android/tools/r8/ir/code/IRCode;Lcom/android/tools/r8/ir/regalloc/RegisterAllocator;I)V @ 996
Event: 1274.839 Thread 0x000000001d150000 Uncommon trap: reason=class_check action=maybe_recompile pc=0x00000000070d89d0 method=com.android.tools.r8.ir.optimize.f.a(Lcom/android/tools/r8/ir/code/IRCode;)Lcom/android/tools/r8/ir/code/Position; @ 85
Event: 1275.003 Thread 0x000000001d150000 Uncommon trap: reason=class_check action=maybe_recompile pc=0x00000000070d89d0 method=com.android.tools.r8.ir.optimize.f.a(Lcom/android/tools/r8/ir/code/IRCode;)Lcom/android/tools/r8/ir/code/Position; @ 85
Event: 1275.336 Thread 0x000000001d14a000 Uncommon trap: reason=bimorphic action=maybe_recompile pc=0x0000000006a892b0 method=com.android.tools.r8.ir.optimize.n.a(Lcom/android/tools/r8/ir/code/IRCode;)V @ 408
Event: 1275.916 Thread 0x000000001d150000 Uncommon trap: reason=unstable_if action=reinterpret pc=0x0000000006226224 method=java.util.concurrent.ConcurrentHashMap.computeIfAbsent(Ljava/lang/Object;Ljava/util/function/Function;)Ljava/lang/Object; @ 456
Event: 1277.066 Thread 0x000000001cae3000 Uncommon trap: reason=class_check action=maybe_recompile pc=0x0000000006fcfad4 method=com.android.tools.r8.ir.code.Instruction.identicalAfterRegisterAllocation(Lcom/android/tools/r8/ir/code/Instruction;Lcom/android/tools/r8/ir/regalloc/RegisterAllocator;)
Event: 1277.066 Thread 0x000000001cae3000 Uncommon trap: reason=class_check action=maybe_recompile pc=0x0000000006fcfad4 method=com.android.tools.r8.ir.code.Instruction.identicalAfterRegisterAllocation(Lcom/android/tools/r8/ir/code/Instruction;Lcom/android/tools/r8/ir/regalloc/RegisterAllocator;)
Event: 1277.107 Thread 0x000000001d14f800 Uncommon trap: reason=class_check action=maybe_recompile pc=0x0000000006c25b20 method=com.android.tools.r8.ir.optimize.CodeRewriter.e(Lcom/android/tools/r8/ir/code/IRCode;)V @ 405

Classes redefined (0 events):
No events

Internal exceptions (10 events):
Event: 1273.922 Thread 0x000000001d150000 Exception <a 'sun/nio/fs/WindowsException'> (0x00000000f68eb460) thrown at [D:\src\AOSP-openjdk-cygwin\jdk8u\hotspot\src\share\vm\prims\jni.cpp, line 710]
Event: 1274.599 Thread 0x000000001d150000 Exception <a 'sun/nio/fs/WindowsException'> (0x00000000e95c0de8) thrown at [D:\src\AOSP-openjdk-cygwin\jdk8u\hotspot\src\share\vm\prims\jni.cpp, line 710]
Event: 1274.891 Thread 0x000000001d14a000 Exception <a 'sun/nio/fs/WindowsException'> (0x00000000eefd1128) thrown at [D:\src\AOSP-openjdk-cygwin\jdk8u\hotspot\src\share\vm\prims\jni.cpp, line 710]
Event: 1275.082 Thread 0x000000001d14a000 Exception <a 'sun/nio/fs/WindowsException'> (0x00000000f3b59a70) thrown at [D:\src\AOSP-openjdk-cygwin\jdk8u\hotspot\src\share\vm\prims\jni.cpp, line 710]
Event: 1276.104 Thread 0x000000001cae3000 Exception <a 'sun/nio/fs/WindowsException'> (0x00000000eb672368) thrown at [D:\src\AOSP-openjdk-cygwin\jdk8u\hotspot\src\share\vm\prims\jni.cpp, line 710]
Event: 1276.212 Thread 0x000000001d14a000 Exception <a 'sun/nio/fs/WindowsException'> (0x00000000eed9fb78) thrown at [D:\src\AOSP-openjdk-cygwin\jdk8u\hotspot\src\share\vm\prims\jni.cpp, line 710]
Event: 1276.373 Thread 0x000000001d14a000 Exception <a 'sun/nio/fs/WindowsException'> (0x00000000eee32c70) thrown at [D:\src\AOSP-openjdk-cygwin\jdk8u\hotspot\src\share\vm\prims\jni.cpp, line 710]
Event: 1276.509 Thread 0x000000001d14a000 Exception <a 'sun/nio/fs/WindowsException'> (0x00000000f3e56708) thrown at [D:\src\AOSP-openjdk-cygwin\jdk8u\hotspot\src\share\vm\prims\jni.cpp, line 710]
Event: 1276.554 Thread 0x000000001cae3000 Exception <a 'sun/nio/fs/WindowsException'> (0x00000000f4d475c8) thrown at [D:\src\AOSP-openjdk-cygwin\jdk8u\hotspot\src\share\vm\prims\jni.cpp, line 710]
Event: 1276.729 Thread 0x000000001d14a000 Exception <a 'sun/nio/fs/WindowsException'> (0x00000000f3f89360) thrown at [D:\src\AOSP-openjdk-cygwin\jdk8u\hotspot\src\share\vm\prims\jni.cpp, line 710]

Events (10 events):
Event: 1280.095 Thread 0x000000001d14f800 DEOPT PACKING pc=0x0000000006a262af sp=0x000000002632a9a0
Event: 1280.095 Thread 0x000000001d14f800 DEOPT UNPACKING pc=0x0000000002b075d0 sp=0x000000002632a9d0 mode 0
Event: 1280.107 Executing VM operation: ParallelGCFailedAllocation
Event: 1280.140 Executing VM operation: ParallelGCFailedAllocation done
Event: 1280.148 Thread 0x000000001d150000 DEOPT PACKING pc=0x0000000006b45fa2 sp=0x000000002662b200
Event: 1280.148 Thread 0x000000001d150000 DEOPT UNPACKING pc=0x0000000002b075d0 sp=0x000000002662b130 mode 0
Event: 1280.175 Thread 0x000000001cae3000 DEOPT PACKING pc=0x00000000069fa793 sp=0x000000001a608660
Event: 1280.175 Thread 0x000000001cae3000 DEOPT UNPACKING pc=0x0000000002b075d0 sp=0x000000001a608670 mode 0
Event: 1280.186 Thread 0x000000001d150000 DEOPT PACKING pc=0x0000000006a262af sp=0x000000002662ac50
Event: 1280.186 Thread 0x000000001d150000 DEOPT UNPACKING pc=0x0000000002b075d0 sp=0x000000002662ac80 mode 0


Dynamic libraries:
0x00007ff6c7ba0000 - 0x00007ff6c7bd1000 	C:\Program Files\Android\Android Studio\jre\bin\java.exe
0x00007ff935a90000 - 0x00007ff935c84000 	C:\WINDOWS\SYSTEM32\ntdll.dll
0x00007ff935500000 - 0x00007ff9355bd000 	C:\WINDOWS\System32\KERNEL32.DLL
0x00007ff9331d0000 - 0x00007ff933497000 	C:\WINDOWS\System32\KERNELBASE.dll
0x00007ff933b50000 - 0x00007ff933bfa000 	C:\WINDOWS\System32\ADVAPI32.dll
0x00007ff9359b0000 - 0x00007ff935a4e000 	C:\WINDOWS\System32\msvcrt.dll
0x00007ff935320000 - 0x00007ff9353bb000 	C:\WINDOWS\System32\sechost.dll
0x00007ff9351f0000 - 0x00007ff935313000 	C:\WINDOWS\System32\RPCRT4.dll
0x00007ff935810000 - 0x00007ff9359b0000 	C:\WINDOWS\System32\USER32.dll
0x00007ff9334d0000 - 0x00007ff9334f2000 	C:\WINDOWS\System32\win32u.dll
0x00007ff934a00000 - 0x00007ff934a2a000 	C:\WINDOWS\System32\GDI32.dll
0x00007ff933840000 - 0x00007ff93394a000 	C:\WINDOWS\System32\gdi32full.dll
0x00007ff933a50000 - 0x00007ff933aed000 	C:\WINDOWS\System32\msvcp_win.dll
0x00007ff933950000 - 0x00007ff933a50000 	C:\WINDOWS\System32\ucrtbase.dll
0x00007ff92b490000 - 0x00007ff92b72a000 	C:\WINDOWS\WinSxS\amd64_microsoft.windows.common-controls_6595b64144ccf1df_6.0.19041.1_none_b555e41d4684ddec\COMCTL32.dll
0x00007ff934bd0000 - 0x00007ff934c00000 	C:\WINDOWS\System32\IMM32.DLL
0x000000005bcb0000 - 0x000000005bd82000 	C:\Program Files\Android\Android Studio\jre\jre\bin\msvcr100.dll
0x000000005bd90000 - 0x000000005c5d6000 	C:\Program Files\Android\Android Studio\jre\jre\bin\server\jvm.dll
0x00007ff935770000 - 0x00007ff935778000 	C:\WINDOWS\System32\PSAPI.DLL
0x00007ff92c710000 - 0x00007ff92c719000 	C:\WINDOWS\SYSTEM32\WSOCK32.dll
0x00007ff91a610000 - 0x00007ff91a637000 	C:\WINDOWS\SYSTEM32\WINMM.dll
0x00007ff935700000 - 0x00007ff93576b000 	C:\WINDOWS\System32\WS2_32.dll
0x00007ff92ad90000 - 0x00007ff92ad9a000 	C:\WINDOWS\SYSTEM32\VERSION.dll
0x00007ff92c640000 - 0x00007ff92c64f000 	C:\Program Files\Android\Android Studio\jre\jre\bin\verify.dll
0x00007ff91aa60000 - 0x00007ff91aa89000 	C:\Program Files\Android\Android Studio\jre\jre\bin\java.dll
0x00007ff91a920000 - 0x00007ff91a936000 	C:\Program Files\Android\Android Studio\jre\jre\bin\zip.dll
0x00007ff934110000 - 0x00007ff934841000 	C:\WINDOWS\System32\SHELL32.dll
0x00007ff931360000 - 0x00007ff931aea000 	C:\WINDOWS\SYSTEM32\windows.storage.dll
0x00007ff933db0000 - 0x00007ff934104000 	C:\WINDOWS\System32\combase.dll
0x00007ff932c50000 - 0x00007ff932c7b000 	C:\WINDOWS\SYSTEM32\Wldp.dll
0x00007ff9353c0000 - 0x00007ff93546e000 	C:\WINDOWS\System32\SHCORE.dll
0x00007ff933af0000 - 0x00007ff933b45000 	C:\WINDOWS\System32\shlwapi.dll
0x00007ff933110000 - 0x00007ff93312f000 	C:\WINDOWS\SYSTEM32\profapi.dll
0x00007ff91a900000 - 0x00007ff91a91a000 	C:\Program Files\Android\Android Studio\jre\jre\bin\net.dll
0x00007ff9329d0000 - 0x00007ff932a3a000 	C:\WINDOWS\system32\mswsock.dll
0x00007ff91a8e0000 - 0x00007ff91a8f1000 	C:\Program Files\Android\Android Studio\jre\jre\bin\nio.dll
0x00007ff900010000 - 0x00007ff900036000 	C:\Users\HP\.gradle\wrapper\dists\gradle-2.14.1-all\native\29\windows-amd64\native-platform.dll
0x00007ff92c600000 - 0x00007ff92c60d000 	C:\Program Files\Android\Android Studio\jre\jre\bin\management.dll
0x00007ff932ba0000 - 0x00007ff932bb8000 	C:\WINDOWS\SYSTEM32\CRYPTSP.dll
0x00007ff9322f0000 - 0x00007ff932324000 	C:\WINDOWS\system32\rsaenh.dll
0x00007ff9334a0000 - 0x00007ff9334c7000 	C:\WINDOWS\System32\bcrypt.dll
0x00007ff933090000 - 0x00007ff9330be000 	C:\WINDOWS\SYSTEM32\USERENV.dll
0x00007ff933770000 - 0x00007ff9337ef000 	C:\WINDOWS\System32\bcryptprimitives.dll
0x00007ff932bc0000 - 0x00007ff932bcc000 	C:\WINDOWS\SYSTEM32\CRYPTBASE.dll
0x00007ff932670000 - 0x00007ff9326ab000 	C:\WINDOWS\SYSTEM32\IPHLPAPI.DLL
0x00007ff935780000 - 0x00007ff935789000 	C:\WINDOWS\System32\NSI.dll
0x00007ff930ec0000 - 0x00007ff930ed7000 	C:\WINDOWS\SYSTEM32\dhcpcsvc6.DLL
0x00007ff930ea0000 - 0x00007ff930ebd000 	C:\WINDOWS\SYSTEM32\dhcpcsvc.DLL
0x00007ff9326b0000 - 0x00007ff93277a000 	C:\WINDOWS\SYSTEM32\DNSAPI.dll
0x00007ff8f5690000 - 0x00007ff8f582c000 	C:\Program Files\Android\Android Studio\jre\jre\bin\awt.dll
0x00007ff934a30000 - 0x00007ff934b05000 	C:\WINDOWS\System32\OLEAUT32.dll
0x00007ff930930000 - 0x00007ff93095e000 	C:\WINDOWS\SYSTEM32\dwmapi.dll
0x00007ff92e820000 - 0x00007ff92ede0000 	C:\WINDOWS\SYSTEM32\d2d1.dll
0x00007ff930590000 - 0x00007ff930620000 	C:\WINDOWS\SYSTEM32\apphelp.dll
0x00007ff930710000 - 0x00007ff9307af000 	C:\WINDOWS\system32\uxtheme.dll
0x00007ff900ae0000 - 0x00007ff900b04000 	C:\Program Files\Android\Android Studio\jre\jre\bin\sunec.dll
0x00007ff92a030000 - 0x00007ff92a03a000 	C:\Windows\System32\rasadhlp.dll
0x00007ff91a590000 - 0x00007ff91a60f000 	C:\WINDOWS\System32\fwpuclnt.dll
0x00007ff91aa50000 - 0x00007ff91aa5b000 	C:\Program Files\Android\Android Studio\jre\jre\bin\sunmscapi.dll
0x00007ff933500000 - 0x00007ff93365c000 	C:\WINDOWS\System32\CRYPT32.dll
0x00007ff930fc0000 - 0x00007ff9311a4000 	C:\WINDOWS\SYSTEM32\dbghelp.dll

VM Arguments:
jvm_args: -Xmx1536m -Dfile.encoding=windows-1252 -Duser.country=US -Duser.language=en -Duser.variant 
java_command: org.gradle.launcher.daemon.bootstrap.GradleDaemon 5.4.1
java_class_path (initial): C:\Users\HP\.gradle\wrapper\dists\gradle-2.14.1-all\wrapper\dists\gradle-5.4.1-all\3221gyojl5jsh0helicew7rwx\gradle-5.4.1\lib\gradle-launcher-5.4.1.jar
Launcher Type: SUN_STANDARD

Environment Variables:
PATH=C:\WINDOWS\system32;C:\WINDOWS;C:\WINDOWS\System32\Wbem;C:\WINDOWS\System32\WindowsPowerShell\v1.0\;C:\WINDOWS\System32\OpenSSH\;E:\New folder\;C:\Users\HP\AppData\Local\Microsoft\WindowsApps;E:\VS Code\Microsoft VS Code\bin;C:\Users\HP\AppData\Roaming\npm;C:\Users\HP\AppData\Local\GitHubDesktop\bin
USERNAME=HP
OS=Windows_NT
PROCESSOR_IDENTIFIER=Intel64 Family 6 Model 142 Stepping 9, GenuineIntel



---------------  S Y S T E M  ---------------

OS: Windows 10.0 , 64 bit Build 19041 (10.0.19041.1)

CPU:total 4 (initial active 4) (2 cores per cpu, 2 threads per core) family 6 model 142 stepping 9, cmov, cx8, fxsr, mmx, sse, sse2, sse3, ssse3, sse4.1, sse4.2, popcnt, avx, avx2, aes, clmul, erms, 3dnowpref, lzcnt, ht, tsc, tscinvbit, bmi1, bmi2, adx

Memory: 4k page, physical 8269220k(1096108k free), swap 16657828k(8887840k free)

vm_info: OpenJDK 64-Bit Server VM (25.202-b03) for windows-amd64 JRE (1.8.0_202-release-1483-b03), built by "builder" with MS VC++ 10.0 (VS2010)

time: Mon Aug 09 16:02:22 2021
timezone: India Standard Time
elapsed time: 1280 seconds (0d 0h 21m 20s)

