#
# A fatal error has been detected by the Java Runtime Environment:
#
#  EXCEPTION_ACCESS_VIOLATION (0xc0000005) at pc=0x00007ffadb41e6a5, pid=9484, tid=7636
#
# JRE version: OpenJDK Runtime Environment (11.0.10) (build 11.0.10+0-b96-7249189)
# Java VM: OpenJDK 64-Bit Server VM (11.0.10+0-b96-7249189, mixed mode, tiered, compressed oops, g1 gc, windows-amd64)
# Problematic frame:
# V  [jvm.dll+0x4ce6a5]
#
# No core dump will be written. Minidumps are not enabled by default on client versions of Windows
#
# If you would like to submit a bug report, please visit:
#   https://bugreport.java.com/bugreport/crash.jsp
#

---------------  S U M M A R Y ------------

Command Line: --add-opens=java.base/java.util=ALL-UNNAMED --add-opens=java.base/java.lang=ALL-UNNAMED --add-opens=java.base/java.lang.invoke=ALL-UNNAMED --add-opens=java.base/java.util=ALL-UNNAMED --add-opens=java.prefs/java.util.prefs=ALL-UNNAMED --add-opens=java.prefs/java.util.prefs=ALL-UNNAMED --add-opens=java.base/java.nio.charset=ALL-UNNAMED --add-opens=java.base/java.net=ALL-UNNAMED --add-opens=java.base/java.util.concurrent.atomic=ALL-UNNAMED -Xmx1536m -Dfile.encoding=windows-1252 -Duser.country=US -Duser.language=en -Duser.variant org.gradle.launcher.daemon.bootstrap.GradleDaemon 7.0.2

Host: Intel(R) Core(TM) i3-7020U CPU @ 2.30GHz, 4 cores, 7G,  Windows 10 , 64 bit Build 19041 (10.0.19041.1)
Time: Tue Oct  5 09:26:57 2021 India Standard Time elapsed time: 516.918993 seconds (0d 0h 8m 36s)

---------------  T H R E A D  ---------------

Current thread (0x000001ffcd088000):  JavaThread "C2 CompilerThread0" daemon [_thread_in_native, id=7636, stack(0x00000044d6a00000,0x00000044d6b00000)]


Current CompileTask:
C2: 516919 19323       4       com.sun.tools.javac.comp.Check::checkType (168 bytes)

Stack: [0x00000044d6a00000,0x00000044d6b00000],  sp=0x00000044d6afb850,  free space=1006k
Native frames: (J=compiled Java code, j=interpreted, Vv=VM code, C=native code)
V  [jvm.dll+0x4ce6a5]
V  [jvm.dll+0x320c00]
V  [jvm.dll+0x31ffca]
V  [jvm.dll+0x1fb602]
V  [jvm.dll+0x1fa7f4]
V  [jvm.dll+0x18354c]
V  [jvm.dll+0x208ee7]
V  [jvm.dll+0x207731]
V  [jvm.dll+0x6eb1cf]
V  [jvm.dll+0x6e3d45]
V  [jvm.dll+0x5ebe96]
C  [ucrtbase.dll+0x21542]
C  [KERNEL32.DLL+0x16fd4]
C  [ntdll.dll+0x4cf31]


siginfo: EXCEPTION_ACCESS_VIOLATION (0xc0000005), reading address 0x000002063cc557f0


Register to memory mapping:

RIP=0x00007ffadb41e6a5 jvm.dll
RAX=0x000001ffd65ef190 points into unknown readable memory: 0x000001ffdb0fe1b8 | b8 e1 0f db ff 01 00 00
RBX=0x000001ffd413b6e0 points into unknown readable memory: 0x0000000000000010 | 10 00 00 00 00 00 00 00
RCX=
[error occurred during error reporting (printing register info), id 0xc0000005, EXCEPTION_ACCESS_VIOLATION (0xc0000005) at pc=0x00007ffadb229dc7]

Registers:
RAX=0x000001ffd65ef190, RBX=0x000001ffd413b6e0, RCX=0x00000000cccccccc, RDX=0x00007ffadb123f20
RSP=0x00000044d6afb850, RBP=0x00000044d6afb950, RSI=0x0000000000000015, RDI=0x00007ffadb6c0058
R8 =0x0000000000000000, R9 =0x00000000ffffffff, R10=0x0000000000000030, R11=0x000001ffd30339d0
R12=0x00000044d6afbea0, R13=0x000001ffd3033b28, R14=0x000000000000000f, R15=0x0000000000000078
RIP=0x00007ffadb41e6a5, EFLAGS=0x0000000000010202

Top of Stack: (sp=0x00000044d6afb850)
0x00000044d6afb850:   0000000000000000 00000044d6afbea0
0x00000044d6afb860:   000000000000000b 000001ffd62ecfa0
0x00000044d6afb870:   00000044d6afba01 000001ff0000000a
0x00000044d6afb880:   000001ffd62ecfa0 0000000000000000
0x00000044d6afb890:   0000001600000001 00007ffa00000015
0x00000044d6afb8a0:   000001ffcd0757c0 00007ffa00000004
0x00000044d6afb8b0:   000001ffcdbf9690 0000004400000000
0x00000044d6afb8c0:   000001ffcd0757c0 0000000000000004
0x00000044d6afb8d0:   000001ffcdbf9670 00007ffa00000000
0x00000044d6afb8e0:   000001ffcd0732e8 000000000000bec0
0x00000044d6afb8f0:   000000000000bec0 0000000000000000
0x00000044d6afb900:   000001ffcd0732e8 000001ffcd0757c0
0x00000044d6afb910:   0000000000000000 0000000000000000
0x00000044d6afb920:   0000000000000000 0000000000000000
0x00000044d6afb930:   000001ffd39f0ff0 00007ffadb00ca6f
0x00000044d6afb940:   000001ffcd0757c0 000001ffcd0757c0 

Instructions: (pc=0x00007ffadb41e6a5)
0x00007ffadb41e5a5:   8b 45 70 41 b9 ff ef 00 00 66 90 41 3b 7d 18 73
0x00007ffadb41e5b5:   0c 49 8b 45 20 8b cf 48 8b 14 c8 eb 03 49 8b d7
0x00007ffadb41e5c5:   8b 42 2c 66 44 21 4a 30 83 e0 0f 3c 0c 74 0b 8b
0x00007ffadb41e5d5:   42 28 49 c7 04 c0 ff 7f ff 7f ff c7 41 3b 7d 28
0x00007ffadb41e5e5:   72 c9 41 8b 75 28 4d 8d 65 10 ff ce 89 74 24 48
0x00007ffadb41e5f5:   41 3b 74 24 08 73 0b 49 8b 44 24 10 48 8b 3c f0
0x00007ffadb41e605:   eb 03 49 8b ff 48 8b 07 48 8b cf ff 50 20 48 3b
0x00007ffadb41e615:   c7 74 08 41 2b 75 48 89 74 24 48 bf 01 00 00 00
0x00007ffadb41e625:   89 7c 24 40 44 8b f7 3b f7 0f 86 df 01 00 00 44
0x00007ffadb41e635:   8d 7f 07 0f 1f 84 00 00 00 00 00 33 ff 45 3b 74
0x00007ffadb41e645:   24 08 73 0b 49 8b 44 24 10 49 8b 1c 07 eb 03 48
0x00007ffadb41e655:   8b df 8b 43 2c 83 e0 0f 83 f8 0c 0f 84 28 01 00
0x00007ffadb41e665:   00 83 f8 08 75 15 49 8b cd e8 fd 23 c4 ff 48 8b
0x00007ffadb41e675:   4b 08 48 39 01 0f 84 0e 01 00 00 8b 43 1c 44 8b
0x00007ffadb41e685:   c7 85 c0 74 39 48 8b 7b 08 44 8b c8 4c 8b 65 50
0x00007ffadb41e695:   48 8b 17 48 85 d2 74 18 8b 4a 28 49 8b 44 24 78
0x00007ffadb41e6a5:   4c 39 2c c8 75 0a 48 83 7a 10 00 74 03 41 ff c0
0x00007ffadb41e6b5:   48 83 c7 08 49 83 e9 01 75 d6 4d 8d 65 10 48 8b
0x00007ffadb41e6c5:   45 60 48 63 4b 28 48 8b 40 18 44 89 04 88 8b 43
0x00007ffadb41e6d5:   2c 24 03 3c 02 0f 85 a8 00 00 00 83 7b 18 05 0f
0x00007ffadb41e6e5:   86 9e 00 00 00 48 8b 03 48 8b cb ff 90 40 01 00
0x00007ffadb41e6f5:   00 3d ba 00 00 00 74 13 48 8b 03 48 8b cb ff 90
0x00007ffadb41e705:   40 01 00 00 3d c2 00 00 00 75 78 4c 8b 43 08 49
0x00007ffadb41e715:   8b 70 28 48 85 f6 74 4f 48 8b 45 50 8b 4e 28 48
0x00007ffadb41e725:   8b 40 78 4c 39 2c c8 75 3e 8b 4b 18 8b 7b 1c 3b
0x00007ffadb41e735:   cf 73 34 0f 1f 84 00 00 00 00 00 8b c1 49 8b 14
0x00007ffadb41e745:   c0 48 3b d6 74 0d 48 85 d2 74 1c ff c1 3b cf 72
0x00007ffadb41e755:   ea eb 14 83 f9 ff 74 0f 48 8b 45 60 48 63 7b 28
0x00007ffadb41e765:   48 8b 40 18 ff 0c b8 ba 05 00 00 00 48 8b cb e8
0x00007ffadb41e775:   17 cf 0f 00 48 8b d6 48 8b cb e8 3c c9 0f 00 8b
0x00007ffadb41e785:   74 24 48 8b 7c 24 40 eb 6e 8b 44 24 40 41 3b 44
0x00007ffadb41e795:   24 08 73 0b 8b c8 49 8b 44 24 10 48 8b 3c c8 45 


Stack slot to memory mapping:
stack at sp + 0 slots: 0x0 is NULL
stack at sp + 1 slots: 0x00000044d6afbea0 is pointing into the stack for thread: 0x000001ffcd088000
stack at sp + 2 slots: 0x000000000000000b is an unknown value
stack at sp + 3 slots: 0x000001ffd62ecfa0 points into unknown readable memory: 0x000000007fff7fff | ff 7f ff 7f 00 00 00 00
stack at sp + 4 slots: 0x00000044d6afba01 is pointing into the stack for thread: 0x000001ffcd088000
stack at sp + 5 slots: 0x000001ff0000000a is an unknown value
stack at sp + 6 slots: 0x000001ffd62ecfa0 points into unknown readable memory: 0x000000007fff7fff | ff 7f ff 7f 00 00 00 00
stack at sp + 7 slots: 0x0 is NULL


---------------  P R O C E S S  ---------------

Threads class SMR info:
_java_thread_list=0x000001ffd0e22040, length=52, elements={
0x000001ffb4058000, 0x000001ffcd059800, 0x000001ffcd05c800, 0x000001ffcda13800,
0x000001ffcd077800, 0x000001ffcd078800, 0x000001ffcd088000, 0x000001ffcd090800,
0x000001ffcd091800, 0x000001ffcdb57800, 0x000001ffd1008800, 0x000001ffcfc18800,
0x000001ffcfa0f800, 0x000001ffcfbae000, 0x000001ffcfbaa000, 0x000001ffcfbab800,
0x000001ffcfba9800, 0x000001ffcfbb0000, 0x000001ffd0fb3000, 0x000001ffd0fb9800,
0x000001ffd0fb6000, 0x000001ffd0fb7000, 0x000001ffd0fb8800, 0x000001ffd0fbc000,
0x000001ffd0fc0000, 0x000001ffd2fb1000, 0x000001ffd14b5800, 0x000001ffd0fbf000,
0x000001ffd0fb1000, 0x000001ffd0fb3800, 0x000001ffd0fba000, 0x000001ffd0fb4800,
0x000001ffd0fbd800, 0x000001ffd0fbb000, 0x000001ffd0fbe000, 0x000001ffd14b1800,
0x000001ffd14af000, 0x000001ffd14b2000, 0x000001ffd14af800, 0x000001ffd14b6000,
0x000001ffd14b3000, 0x000001ffd14b0800, 0x000001ffd14b8800, 0x000001ffd14b4800,
0x000001ffd14b7000, 0x000001ffd14b4000, 0x000001ffd14bb000, 0x000001ffd14bc800,
0x000001ffd14bc000, 0x000001ffd14b9800, 0x000001ffd14b8000, 0x000001ffd5f7e800
}

Java Threads: ( => current thread )
  0x000001ffb4058000 JavaThread "main" [_thread_blocked, id=1128, stack(0x00000044d5e00000,0x00000044d5f00000)]
  0x000001ffcd059800 JavaThread "Reference Handler" daemon [_thread_blocked, id=6220, stack(0x00000044d6500000,0x00000044d6600000)]
  0x000001ffcd05c800 JavaThread "Finalizer" daemon [_thread_blocked, id=9936, stack(0x00000044d6600000,0x00000044d6700000)]
  0x000001ffcda13800 JavaThread "Signal Dispatcher" daemon [_thread_blocked, id=2532, stack(0x00000044d6700000,0x00000044d6800000)]
  0x000001ffcd077800 JavaThread "Attach Listener" daemon [_thread_blocked, id=7192, stack(0x00000044d6800000,0x00000044d6900000)]
  0x000001ffcd078800 JavaThread "Service Thread" daemon [_thread_blocked, id=9608, stack(0x00000044d6900000,0x00000044d6a00000)]
=>0x000001ffcd088000 JavaThread "C2 CompilerThread0" daemon [_thread_in_native, id=7636, stack(0x00000044d6a00000,0x00000044d6b00000)]
  0x000001ffcd090800 JavaThread "C1 CompilerThread0" daemon [_thread_blocked, id=6288, stack(0x00000044d6b00000,0x00000044d6c00000)]
  0x000001ffcd091800 JavaThread "Sweeper thread" daemon [_thread_blocked, id=9748, stack(0x00000044d6c00000,0x00000044d6d00000)]
  0x000001ffcdb57800 JavaThread "Common-Cleaner" daemon [_thread_blocked, id=9916, stack(0x00000044d6d00000,0x00000044d6e00000)]
  0x000001ffd1008800 JavaThread "Daemon health stats" [_thread_blocked, id=9552, stack(0x00000044d7200000,0x00000044d7300000)]
  0x000001ffcfc18800 JavaThread "Incoming local TCP Connector on port 50133" [_thread_in_native, id=8404, stack(0x00000044d6f00000,0x00000044d7000000)]
  0x000001ffcfa0f800 JavaThread "Daemon periodic checks" [_thread_blocked, id=664, stack(0x00000044d7300000,0x00000044d7400000)]
  0x000001ffcfbae000 JavaThread "Cache worker for file hash cache (C:\Users\HP\.gradle\wrapper\dists\gradle-2.14.1-all\caches\7.0.2\fileHashes)" [_thread_blocked, id=7448, stack(0x00000044d7c00000,0x00000044d7d00000)]
  0x000001ffcfbaa000 JavaThread "File lock request listener" [_thread_in_native, id=10116, stack(0x00000044d7d00000,0x00000044d7e00000)]
  0x000001ffcfbab800 JavaThread "Cache worker for journal cache (C:\Users\HP\.gradle\wrapper\dists\gradle-2.14.1-all\caches\journal-1)" [_thread_blocked, id=9372, stack(0x00000044d7e00000,0x00000044d7f00000)]
  0x000001ffcfba9800 JavaThread "File watcher server" daemon [_thread_in_native, id=8592, stack(0x00000044d8100000,0x00000044d8200000)]
  0x000001ffcfbb0000 JavaThread "File watcher consumer" daemon [_thread_blocked, id=7668, stack(0x00000044d8200000,0x00000044d8300000)]
  0x000001ffd0fb3000 JavaThread "Cache worker for execution history cache (C:\Users\HP\.gradle\wrapper\dists\gradle-2.14.1-all\caches\7.0.2\executionHistory)" [_thread_blocked, id=7556, stack(0x00000044d8600000,0x00000044d8700000)]
  0x000001ffd0fb9800 JavaThread "jar transforms" [_thread_blocked, id=7852, stack(0x00000044d8700000,0x00000044d8800000)]
  0x000001ffd0fb6000 JavaThread "jar transforms Thread 2" [_thread_blocked, id=5092, stack(0x00000044d8800000,0x00000044d8900000)]
  0x000001ffd0fb7000 JavaThread "Cache worker for file content cache (C:\Users\HP\.gradle\wrapper\dists\gradle-2.14.1-all\caches\7.0.2\fileContent)" [_thread_blocked, id=10040, stack(0x00000044d8900000,0x00000044d8a00000)]
  0x000001ffd0fb8800 JavaThread "jar transforms Thread 3" [_thread_blocked, id=8088, stack(0x00000044d8b00000,0x00000044d8c00000)]
  0x000001ffd0fbc000 JavaThread "jar transforms Thread 4" [_thread_blocked, id=1572, stack(0x00000044d9100000,0x00000044d9200000)]
  0x000001ffd0fc0000 JavaThread "Memory manager" [_thread_blocked, id=3512, stack(0x00000044d9200000,0x00000044d9300000)]
  0x000001ffd2fb1000 JavaThread "Cache worker for Java compile cache (C:\Users\HP\.gradle\wrapper\dists\gradle-2.14.1-all\caches\7.0.2\javaCompile)" [_thread_blocked, id=4668, stack(0x00000044d9800000,0x00000044d9900000)]
  0x000001ffd14b5800 JavaThread "ForkJoinPool.commonPool-worker-3" daemon [_thread_blocked, id=3476, stack(0x00000044d5b00000,0x00000044d5c00000)]
  0x000001ffd0fbf000 JavaThread "ForkJoinPool.commonPool-worker-7" daemon [_thread_blocked, id=5648, stack(0x00000044d9e00000,0x00000044d9f00000)]
  0x000001ffd0fb1000 JavaThread "Daemon Thread 3" [_thread_blocked, id=9440, stack(0x00000044d5c00000,0x00000044d5d00000)]
  0x000001ffd0fb3800 JavaThread "Handler for socket connection from /127.0.0.1:50133 to /127.0.0.1:54158" [_thread_in_native, id=4768, stack(0x00000044d5d00000,0x00000044d5e00000)]
  0x000001ffd0fba000 JavaThread "Cancel handler" [_thread_blocked, id=5556, stack(0x00000044d7400000,0x00000044d7500000)]
  0x000001ffd0fb4800 JavaThread "Daemon worker Thread 3" [_thread_blocked, id=7984, stack(0x00000044d7500000,0x00000044d7600000)]
  0x000001ffd0fbd800 JavaThread "Asynchronous log dispatcher for DefaultDaemonConnection: socket connection from /127.0.0.1:50133 to /127.0.0.1:54158" [_thread_blocked, id=8704, stack(0x00000044d7600000,0x00000044d7700000)]
  0x000001ffd0fbb000 JavaThread "Stdin handler" [_thread_blocked, id=9496, stack(0x00000044d7700000,0x00000044d7800000)]
  0x000001ffd0fbe000 JavaThread "Daemon client event forwarder" [_thread_blocked, id=8344, stack(0x00000044d7800000,0x00000044d7900000)]
  0x000001ffd14b1800 JavaThread "Cache worker for file hash cache (C:\Users\HP\AndroidStudioProjects\QuizzerExtended\QuizzerClass\.gradle\7.0.2\fileHashes)" [_thread_blocked, id=8000, stack(0x00000044d7900000,0x00000044d7a00000)]
  0x000001ffd14af000 JavaThread "Cache worker for checksums cache (C:\Users\HP\AndroidStudioProjects\QuizzerExtended\QuizzerClass\.gradle\checksums)" [_thread_blocked, id=4224, stack(0x00000044d7a00000,0x00000044d7b00000)]
  0x000001ffd14b2000 JavaThread "Cache worker for cache directory md-supplier (C:\Users\HP\.gradle\wrapper\dists\gradle-2.14.1-all\caches\7.0.2\md-supplier)" [_thread_blocked, id=7772, stack(0x00000044d7f00000,0x00000044d8000000)]
  0x000001ffd14af800 JavaThread "Cache worker for cache directory md-rule (C:\Users\HP\.gradle\wrapper\dists\gradle-2.14.1-all\caches\7.0.2\md-rule)" [_thread_blocked, id=4212, stack(0x00000044d8000000,0x00000044d8100000)]
  0x000001ffd14b6000 JavaThread "Cache worker for dependencies-accessors (C:\Users\HP\AndroidStudioProjects\QuizzerExtended\QuizzerClass\.gradle\7.0.2\dependencies-accessors)" [_thread_blocked, id=8332, stack(0x00000044d8300000,0x00000044d8400000)]
  0x000001ffd14b3000 JavaThread "Cache worker for Build Output Cleanup Cache (C:\Users\HP\AndroidStudioProjects\QuizzerExtended\QuizzerClass\.gradle\buildOutputCleanup)" [_thread_blocked, id=6164, stack(0x00000044d8400000,0x00000044d8500000)]
  0x000001ffd14b0800 JavaThread "Build operations" [_thread_blocked, id=6156, stack(0x00000044d8500000,0x00000044d8600000)]
  0x000001ffd14b8800 JavaThread "Build operations Thread 2" [_thread_blocked, id=9888, stack(0x00000044d8a00000,0x00000044d8b00000)]
  0x000001ffd14b4800 JavaThread "Build operations Thread 3" [_thread_blocked, id=8688, stack(0x00000044d8c00000,0x00000044d8d00000)]
  0x000001ffd14b7000 JavaThread "Build operations Thread 4" [_thread_blocked, id=72, stack(0x00000044d8d00000,0x00000044d8e00000)]
  0x000001ffd14b4000 JavaThread "build event listener" [_thread_blocked, id=828, stack(0x00000044d8f00000,0x00000044d9000000)]
  0x000001ffd14bb000 JavaThread "Execution worker for ':'" [_thread_in_native, id=9040, stack(0x00000044d9000000,0x00000044d9100000)]
  0x000001ffd14bc800 JavaThread "Execution worker for ':' Thread 2" [_thread_blocked, id=1352, stack(0x00000044d9300000,0x00000044d9400000)]
  0x000001ffd14bc000 JavaThread "Execution worker for ':' Thread 3" [_thread_blocked, id=9504, stack(0x00000044d9400000,0x00000044d9500000)]
  0x000001ffd14b9800 JavaThread "Cache worker for execution history cache (C:\Users\HP\AndroidStudioProjects\QuizzerExtended\QuizzerClass\.gradle\7.0.2\executionHistory)" [_thread_blocked, id=6468, stack(0x00000044d9500000,0x00000044d9600000)]
  0x000001ffd14b8000 JavaThread "Cache worker for Java compile cache (C:\Users\HP\AndroidStudioProjects\QuizzerExtended\QuizzerClass\.gradle\7.0.2\javaCompile)" [_thread_blocked, id=8604, stack(0x00000044d9600000,0x00000044d9700000)]
  0x000001ffd5f7e800 JavaThread "C2 CompilerThread1" daemon [_thread_in_native, id=9368, stack(0x00000044d8e00000,0x00000044d8f00000)]

Other Threads:
  0x000001ffcd035000 VMThread "VM Thread" [stack: 0x00000044d6400000,0x00000044d6500000] [id=1884]
  0x000001ffcdb65000 WatcherThread [stack: 0x00000044d6e00000,0x00000044d6f00000] [id=6844]
  0x000001ffb4072000 GCTaskThread "GC Thread#0" [stack: 0x00000044d5f00000,0x00000044d6000000] [id=2444]
  0x000001ffcdeb6800 GCTaskThread "GC Thread#1" [stack: 0x00000044d7000000,0x00000044d7100000] [id=7816]
  0x000001ffcdf02000 GCTaskThread "GC Thread#2" [stack: 0x00000044d7100000,0x00000044d7200000] [id=8728]
  0x000001ffd04e8000 GCTaskThread "GC Thread#3" [stack: 0x00000044d7b00000,0x00000044d7c00000] [id=952]
  0x000001ffb4098800 ConcurrentGCThread "G1 Main Marker" [stack: 0x00000044d6000000,0x00000044d6100000] [id=7004]
  0x000001ffb409a800 ConcurrentGCThread "G1 Conc#0" [stack: 0x00000044d6100000,0x00000044d6200000] [id=8276]
  0x000001ffb412e800 ConcurrentGCThread "G1 Refine#0" [stack: 0x00000044d6200000,0x00000044d6300000] [id=6472]
  0x000001ffb412f800 ConcurrentGCThread "G1 Young RemSet Sampling" [stack: 0x00000044d6300000,0x00000044d6400000] [id=8968]

Threads with active compile tasks:
C2 CompilerThread0 517016 19323       4       com.sun.tools.javac.comp.Check::checkType (168 bytes)
C2 CompilerThread1 517016 19376   !   4       com.sun.tools.javac.jvm.ClassReader$AnnotationCompleter::run (228 bytes)

VM state:not at safepoint (normal execution)

VM Mutex/Monitor currently owned by a thread: None

Heap address: 0x00000000a0000000, size: 1536 MB, Compressed Oops mode: 32-bit
Narrow klass base: 0x0000000000000000, Narrow klass shift: 3
Compressed class space size: 1073741824 Address: 0x0000000100000000

Heap:
 garbage-first heap   total 192512K, used 139243K [0x00000000a0000000, 0x0000000100000000)
  region size 1024K, 26 young (26624K), 2 survivors (2048K)
 Metaspace       used 111540K, capacity 114641K, committed 114816K, reserved 1148928K
  class space    used 14186K, capacity 15349K, committed 15488K, reserved 1048576K
Heap Regions: E=young(eden), S=young(survivor), O=old, HS=humongous(starts), HC=humongous(continues), CS=collection set, F=free, A=archive, TAMS=top-at-mark-start (previous, next)
|   0|0x00000000a0000000, 0x00000000a0100000, 0x00000000a0100000|100%|HS|  |TAMS 0x00000000a0100000, 0x00000000a0000000| Complete 
|   1|0x00000000a0100000, 0x00000000a0200000, 0x00000000a0200000|100%|HC|  |TAMS 0x00000000a0200000, 0x00000000a0100000| Complete 
|   2|0x00000000a0200000, 0x00000000a0300000, 0x00000000a0300000|100%|HC|  |TAMS 0x00000000a0300000, 0x00000000a0200000| Complete 
|   3|0x00000000a0300000, 0x00000000a0400000, 0x00000000a0400000|100%| O|  |TAMS 0x00000000a0400000, 0x00000000a0300000| Untracked 
|   4|0x00000000a0400000, 0x00000000a0500000, 0x00000000a0500000|100%| O|  |TAMS 0x00000000a0500000, 0x00000000a0400000| Untracked 
|   5|0x00000000a0500000, 0x00000000a0600000, 0x00000000a0600000|100%| O|  |TAMS 0x00000000a0600000, 0x00000000a0500000| Untracked 
|   6|0x00000000a0600000, 0x00000000a0700000, 0x00000000a0700000|100%| O|  |TAMS 0x00000000a0700000, 0x00000000a0600000| Untracked 
|   7|0x00000000a0700000, 0x00000000a0800000, 0x00000000a0800000|100%| O|  |TAMS 0x00000000a0800000, 0x00000000a0700000| Untracked 
|   8|0x00000000a0800000, 0x00000000a0900000, 0x00000000a0900000|100%| O|  |TAMS 0x00000000a0900000, 0x00000000a0800000| Untracked 
|   9|0x00000000a0900000, 0x00000000a0a00000, 0x00000000a0a00000|100%| O|  |TAMS 0x00000000a0a00000, 0x00000000a0900000| Untracked 
|  10|0x00000000a0a00000, 0x00000000a0b00000, 0x00000000a0b00000|100%| O|  |TAMS 0x00000000a0b00000, 0x00000000a0a00000| Untracked 
|  11|0x00000000a0b00000, 0x00000000a0c00000, 0x00000000a0c00000|100%| O|  |TAMS 0x00000000a0c00000, 0x00000000a0b00000| Untracked 
|  12|0x00000000a0c00000, 0x00000000a0d00000, 0x00000000a0d00000|100%| O|  |TAMS 0x00000000a0d00000, 0x00000000a0c00000| Untracked 
|  13|0x00000000a0d00000, 0x00000000a0e00000, 0x00000000a0e00000|100%| O|  |TAMS 0x00000000a0e00000, 0x00000000a0d00000| Untracked 
|  14|0x00000000a0e00000, 0x00000000a0f00000, 0x00000000a0f00000|100%| O|  |TAMS 0x00000000a0f00000, 0x00000000a0e00000| Untracked 
|  15|0x00000000a0f00000, 0x00000000a1000000, 0x00000000a1000000|100%| O|  |TAMS 0x00000000a1000000, 0x00000000a0f00000| Untracked 
|  16|0x00000000a1000000, 0x00000000a1100000, 0x00000000a1100000|100%| O|  |TAMS 0x00000000a1100000, 0x00000000a1000000| Untracked 
|  17|0x00000000a1100000, 0x00000000a1200000, 0x00000000a1200000|100%|HS|  |TAMS 0x00000000a1200000, 0x00000000a1100000| Complete 
|  18|0x00000000a1200000, 0x00000000a1300000, 0x00000000a1300000|100%| O|  |TAMS 0x00000000a1300000, 0x00000000a1200000| Untracked 
|  19|0x00000000a1300000, 0x00000000a1400000, 0x00000000a1400000|100%| O|  |TAMS 0x00000000a1400000, 0x00000000a1300000| Untracked 
|  20|0x00000000a1400000, 0x00000000a1500000, 0x00000000a1500000|100%| O|  |TAMS 0x00000000a1500000, 0x00000000a1400000| Untracked 
|  21|0x00000000a1500000, 0x00000000a1600000, 0x00000000a1600000|100%| O|  |TAMS 0x00000000a1600000, 0x00000000a1500000| Untracked 
|  22|0x00000000a1600000, 0x00000000a1700000, 0x00000000a1700000|100%| O|  |TAMS 0x00000000a1700000, 0x00000000a1600000| Untracked 
|  23|0x00000000a1700000, 0x00000000a1800000, 0x00000000a1800000|100%|HS|  |TAMS 0x00000000a1800000, 0x00000000a1700000| Complete 
|  24|0x00000000a1800000, 0x00000000a1900000, 0x00000000a1900000|100%|HS|  |TAMS 0x00000000a1900000, 0x00000000a1800000| Complete 
|  25|0x00000000a1900000, 0x00000000a1a00000, 0x00000000a1a00000|100%|HC|  |TAMS 0x00000000a1a00000, 0x00000000a1900000| Complete 
|  26|0x00000000a1a00000, 0x00000000a1b00000, 0x00000000a1b00000|100%| O|  |TAMS 0x00000000a1b00000, 0x00000000a1a00000| Untracked 
|  27|0x00000000a1b00000, 0x00000000a1c00000, 0x00000000a1c00000|100%| O|  |TAMS 0x00000000a1c00000, 0x00000000a1b00000| Untracked 
|  28|0x00000000a1c00000, 0x00000000a1d00000, 0x00000000a1d00000|100%| O|  |TAMS 0x00000000a1d00000, 0x00000000a1c00000| Untracked 
|  29|0x00000000a1d00000, 0x00000000a1e00000, 0x00000000a1e00000|100%| O|  |TAMS 0x00000000a1d00000, 0x00000000a1d00000| Untracked 
|  30|0x00000000a1e00000, 0x00000000a1f00000, 0x00000000a1f00000|100%| O|  |TAMS 0x00000000a1f00000, 0x00000000a1e00000| Untracked 
|  31|0x00000000a1f00000, 0x00000000a2000000, 0x00000000a2000000|100%| O|  |TAMS 0x00000000a2000000, 0x00000000a1f00000| Untracked 
|  32|0x00000000a2000000, 0x00000000a2100000, 0x00000000a2100000|100%| O|  |TAMS 0x00000000a2100000, 0x00000000a2000000| Untracked 
|  33|0x00000000a2100000, 0x00000000a2200000, 0x00000000a2200000|100%| O|  |TAMS 0x00000000a2200000, 0x00000000a2100000| Untracked 
|  34|0x00000000a2200000, 0x00000000a2300000, 0x00000000a2300000|100%| O|  |TAMS 0x00000000a2300000, 0x00000000a2200000| Untracked 
|  35|0x00000000a2300000, 0x00000000a2400000, 0x00000000a2400000|100%| O|  |TAMS 0x00000000a2400000, 0x00000000a2300000| Untracked 
|  36|0x00000000a2400000, 0x00000000a2500000, 0x00000000a2500000|100%| O|  |TAMS 0x00000000a2500000, 0x00000000a2400000| Untracked 
|  37|0x00000000a2500000, 0x00000000a2600000, 0x00000000a2600000|100%| O|  |TAMS 0x00000000a2600000, 0x00000000a2500000| Untracked 
|  38|0x00000000a2600000, 0x00000000a2700000, 0x00000000a2700000|100%| O|  |TAMS 0x00000000a2700000, 0x00000000a2600000| Untracked 
|  39|0x00000000a2700000, 0x00000000a2800000, 0x00000000a2800000|100%| O|  |TAMS 0x00000000a2800000, 0x00000000a2700000| Untracked 
|  40|0x00000000a2800000, 0x00000000a2900000, 0x00000000a2900000|100%| O|  |TAMS 0x00000000a2900000, 0x00000000a2800000| Untracked 
|  41|0x00000000a2900000, 0x00000000a2a00000, 0x00000000a2a00000|100%| O|  |TAMS 0x00000000a2a00000, 0x00000000a2900000| Untracked 
|  42|0x00000000a2a00000, 0x00000000a2b00000, 0x00000000a2b00000|100%| O|  |TAMS 0x00000000a2b00000, 0x00000000a2a00000| Untracked 
|  43|0x00000000a2b00000, 0x00000000a2c00000, 0x00000000a2c00000|100%| O|  |TAMS 0x00000000a2c00000, 0x00000000a2b00000| Untracked 
|  44|0x00000000a2c00000, 0x00000000a2d00000, 0x00000000a2d00000|100%| O|  |TAMS 0x00000000a2d00000, 0x00000000a2c00000| Untracked 
|  45|0x00000000a2d00000, 0x00000000a2e00000, 0x00000000a2e00000|100%| O|  |TAMS 0x00000000a2e00000, 0x00000000a2d00000| Untracked 
|  46|0x00000000a2e00000, 0x00000000a2f00000, 0x00000000a2f00000|100%| O|  |TAMS 0x00000000a2f00000, 0x00000000a2e00000| Untracked 
|  47|0x00000000a2f00000, 0x00000000a3000000, 0x00000000a3000000|100%| O|  |TAMS 0x00000000a3000000, 0x00000000a2f00000| Untracked 
|  48|0x00000000a3000000, 0x00000000a3100000, 0x00000000a3100000|100%| O|  |TAMS 0x00000000a3100000, 0x00000000a3000000| Untracked 
|  49|0x00000000a3100000, 0x00000000a3200000, 0x00000000a3200000|100%| O|  |TAMS 0x00000000a3200000, 0x00000000a3100000| Untracked 
|  50|0x00000000a3200000, 0x00000000a3300000, 0x00000000a3300000|100%| O|  |TAMS 0x00000000a3300000, 0x00000000a3200000| Untracked 
|  51|0x00000000a3300000, 0x00000000a3400000, 0x00000000a3400000|100%| O|  |TAMS 0x00000000a3400000, 0x00000000a3300000| Untracked 
|  52|0x00000000a3400000, 0x00000000a3500000, 0x00000000a3500000|100%| O|  |TAMS 0x00000000a3500000, 0x00000000a3400000| Untracked 
|  53|0x00000000a3500000, 0x00000000a3600000, 0x00000000a3600000|100%| O|  |TAMS 0x00000000a3600000, 0x00000000a3500000| Untracked 
|  54|0x00000000a3600000, 0x00000000a3700000, 0x00000000a3700000|100%| O|  |TAMS 0x00000000a3700000, 0x00000000a3600000| Untracked 
|  55|0x00000000a3700000, 0x00000000a3800000, 0x00000000a3800000|100%| O|  |TAMS 0x00000000a3800000, 0x00000000a3700000| Untracked 
|  56|0x00000000a3800000, 0x00000000a3900000, 0x00000000a3900000|100%| O|  |TAMS 0x00000000a3900000, 0x00000000a3800000| Untracked 
|  57|0x00000000a3900000, 0x00000000a3900000, 0x00000000a3a00000|  0%| F|  |TAMS 0x00000000a3900000, 0x00000000a3900000| Untracked 
|  58|0x00000000a3a00000, 0x00000000a3b00000, 0x00000000a3b00000|100%| O|  |TAMS 0x00000000a3b00000, 0x00000000a3a00000| Untracked 
|  59|0x00000000a3b00000, 0x00000000a3c00000, 0x00000000a3c00000|100%| O|  |TAMS 0x00000000a3c00000, 0x00000000a3b00000| Untracked 
|  60|0x00000000a3c00000, 0x00000000a3d00000, 0x00000000a3d00000|100%| O|  |TAMS 0x00000000a3d00000, 0x00000000a3c00000| Untracked 
|  61|0x00000000a3d00000, 0x00000000a3e00000, 0x00000000a3e00000|100%| O|  |TAMS 0x00000000a3e00000, 0x00000000a3d00000| Untracked 
|  62|0x00000000a3e00000, 0x00000000a3f00000, 0x00000000a3f00000|100%| O|  |TAMS 0x00000000a3f00000, 0x00000000a3e00000| Untracked 
|  63|0x00000000a3f00000, 0x00000000a4000000, 0x00000000a4000000|100%| O|  |TAMS 0x00000000a4000000, 0x00000000a3f00000| Untracked 
|  64|0x00000000a4000000, 0x00000000a4100000, 0x00000000a4100000|100%| O|  |TAMS 0x00000000a4100000, 0x00000000a4000000| Untracked 
|  65|0x00000000a4100000, 0x00000000a4200000, 0x00000000a4200000|100%| O|  |TAMS 0x00000000a4100000, 0x00000000a4100000| Untracked 
|  66|0x00000000a4200000, 0x00000000a4200000, 0x00000000a4300000|  0%| F|  |TAMS 0x00000000a4200000, 0x00000000a4200000| Untracked 
|  67|0x00000000a4300000, 0x00000000a4400000, 0x00000000a4400000|100%| O|  |TAMS 0x00000000a4300000, 0x00000000a4300000| Untracked 
|  68|0x00000000a4400000, 0x00000000a4400000, 0x00000000a4500000|  0%| F|  |TAMS 0x00000000a4400000, 0x00000000a4400000| Untracked 
|  69|0x00000000a4500000, 0x00000000a4600000, 0x00000000a4600000|100%| O|  |TAMS 0x00000000a4600000, 0x00000000a4500000| Untracked 
|  70|0x00000000a4600000, 0x00000000a4700000, 0x00000000a4700000|100%| O|  |TAMS 0x00000000a4700000, 0x00000000a4600000| Untracked 
|  71|0x00000000a4700000, 0x00000000a4800000, 0x00000000a4800000|100%| O|  |TAMS 0x00000000a4800000, 0x00000000a4700000| Untracked 
|  72|0x00000000a4800000, 0x00000000a4900000, 0x00000000a4900000|100%| O|  |TAMS 0x00000000a4900000, 0x00000000a4800000| Untracked 
|  73|0x00000000a4900000, 0x00000000a4a00000, 0x00000000a4a00000|100%| O|  |TAMS 0x00000000a4a00000, 0x00000000a4900000| Untracked 
|  74|0x00000000a4a00000, 0x00000000a4b00000, 0x00000000a4b00000|100%| O|  |TAMS 0x00000000a4b00000, 0x00000000a4a00000| Untracked 
|  75|0x00000000a4b00000, 0x00000000a4c00000, 0x00000000a4c00000|100%| O|  |TAMS 0x00000000a4c00000, 0x00000000a4b00000| Untracked 
|  76|0x00000000a4c00000, 0x00000000a4d00000, 0x00000000a4d00000|100%| O|  |TAMS 0x00000000a4d00000, 0x00000000a4c00000| Untracked 
|  77|0x00000000a4d00000, 0x00000000a4e00000, 0x00000000a4e00000|100%| O|  |TAMS 0x00000000a4d00000, 0x00000000a4d00000| Untracked 
|  78|0x00000000a4e00000, 0x00000000a4f00000, 0x00000000a4f00000|100%| O|  |TAMS 0x00000000a4f00000, 0x00000000a4e00000| Untracked 
|  79|0x00000000a4f00000, 0x00000000a5000000, 0x00000000a5000000|100%| O|  |TAMS 0x00000000a5000000, 0x00000000a4f00000| Untracked 
|  80|0x00000000a5000000, 0x00000000a5100000, 0x00000000a5100000|100%| O|  |TAMS 0x00000000a5000000, 0x00000000a5000000| Untracked 
|  81|0x00000000a5100000, 0x00000000a5100000, 0x00000000a5200000|  0%| F|  |TAMS 0x00000000a5100000, 0x00000000a5100000| Untracked 
|  82|0x00000000a5200000, 0x00000000a5300000, 0x00000000a5300000|100%| O|  |TAMS 0x00000000a5200000, 0x00000000a5200000| Untracked 
|  83|0x00000000a5300000, 0x00000000a5400000, 0x00000000a5400000|100%| O|  |TAMS 0x00000000a5400000, 0x00000000a5300000| Untracked 
|  84|0x00000000a5400000, 0x00000000a5500000, 0x00000000a5500000|100%| O|  |TAMS 0x00000000a5500000, 0x00000000a5400000| Untracked 
|  85|0x00000000a5500000, 0x00000000a5500000, 0x00000000a5600000|  0%| F|  |TAMS 0x00000000a5500000, 0x00000000a5500000| Untracked 
|  86|0x00000000a5600000, 0x00000000a5700000, 0x00000000a5700000|100%| O|  |TAMS 0x00000000a5700000, 0x00000000a5600000| Untracked 
|  87|0x00000000a5700000, 0x00000000a5700000, 0x00000000a5800000|  0%| F|  |TAMS 0x00000000a5700000, 0x00000000a5700000| Untracked 
|  88|0x00000000a5800000, 0x00000000a5900000, 0x00000000a5900000|100%| O|  |TAMS 0x00000000a5900000, 0x00000000a5800000| Untracked 
|  89|0x00000000a5900000, 0x00000000a5900000, 0x00000000a5a00000|  0%| F|  |TAMS 0x00000000a5900000, 0x00000000a5900000| Untracked 
|  90|0x00000000a5a00000, 0x00000000a5a00000, 0x00000000a5b00000|  0%| F|  |TAMS 0x00000000a5a00000, 0x00000000a5a00000| Untracked 
|  91|0x00000000a5b00000, 0x00000000a5c00000, 0x00000000a5c00000|100%| O|  |TAMS 0x00000000a5b00000, 0x00000000a5b00000| Untracked 
|  92|0x00000000a5c00000, 0x00000000a5d00000, 0x00000000a5d00000|100%| O|  |TAMS 0x00000000a5d00000, 0x00000000a5c00000| Untracked 
|  93|0x00000000a5d00000, 0x00000000a5e00000, 0x00000000a5e00000|100%| O|  |TAMS 0x00000000a5e00000, 0x00000000a5d00000| Untracked 
|  94|0x00000000a5e00000, 0x00000000a5f00000, 0x00000000a5f00000|100%| O|  |TAMS 0x00000000a5f00000, 0x00000000a5e00000| Untracked 
|  95|0x00000000a5f00000, 0x00000000a6000000, 0x00000000a6000000|100%| O|  |TAMS 0x00000000a6000000, 0x00000000a5f00000| Untracked 
|  96|0x00000000a6000000, 0x00000000a6100000, 0x00000000a6100000|100%| O|  |TAMS 0x00000000a6100000, 0x00000000a6000000| Untracked 
|  97|0x00000000a6100000, 0x00000000a6200000, 0x00000000a6200000|100%| O|  |TAMS 0x00000000a6100000, 0x00000000a6100000| Untracked 
|  98|0x00000000a6200000, 0x00000000a6300000, 0x00000000a6300000|100%| O|  |TAMS 0x00000000a6300000, 0x00000000a6200000| Untracked 
|  99|0x00000000a6300000, 0x00000000a6400000, 0x00000000a6400000|100%| O|  |TAMS 0x00000000a6400000, 0x00000000a6300000| Untracked 
| 100|0x00000000a6400000, 0x00000000a6500000, 0x00000000a6500000|100%| O|  |TAMS 0x00000000a6500000, 0x00000000a6400000| Untracked 
| 101|0x00000000a6500000, 0x00000000a6600000, 0x00000000a6600000|100%| O|  |TAMS 0x00000000a6600000, 0x00000000a6500000| Untracked 
| 102|0x00000000a6600000, 0x00000000a6700000, 0x00000000a6700000|100%| O|  |TAMS 0x00000000a6700000, 0x00000000a6600000| Untracked 
| 103|0x00000000a6700000, 0x00000000a6800000, 0x00000000a6800000|100%| O|  |TAMS 0x00000000a6700000, 0x00000000a6700000| Untracked 
| 104|0x00000000a6800000, 0x00000000a6900000, 0x00000000a6900000|100%| O|  |TAMS 0x00000000a6900000, 0x00000000a6800000| Untracked 
| 105|0x00000000a6900000, 0x00000000a6a00000, 0x00000000a6a00000|100%| O|  |TAMS 0x00000000a6a00000, 0x00000000a6900000| Untracked 
| 106|0x00000000a6a00000, 0x00000000a6b00000, 0x00000000a6b00000|100%| O|  |TAMS 0x00000000a6a4e200, 0x00000000a6a00000| Untracked 
| 107|0x00000000a6b00000, 0x00000000a6c00000, 0x00000000a6c00000|100%|HS|  |TAMS 0x00000000a6b00000, 0x00000000a6b00000| Complete 
| 108|0x00000000a6c00000, 0x00000000a6d00000, 0x00000000a6d00000|100%|HC|  |TAMS 0x00000000a6c00000, 0x00000000a6c00000| Complete 
| 109|0x00000000a6d00000, 0x00000000a6e00000, 0x00000000a6e00000|100%| O|  |TAMS 0x00000000a6d00000, 0x00000000a6d00000| Untracked 
| 110|0x00000000a6e00000, 0x00000000a6e00000, 0x00000000a6f00000|  0%| F|  |TAMS 0x00000000a6e00000, 0x00000000a6e00000| Untracked 
| 111|0x00000000a6f00000, 0x00000000a7000000, 0x00000000a7000000|100%| O|  |TAMS 0x00000000a6f00000, 0x00000000a6f00000| Untracked 
| 112|0x00000000a7000000, 0x00000000a7100000, 0x00000000a7100000|100%| O|  |TAMS 0x00000000a7100000, 0x00000000a7000000| Untracked 
| 113|0x00000000a7100000, 0x00000000a7100000, 0x00000000a7200000|  0%| F|  |TAMS 0x00000000a7100000, 0x00000000a7100000| Untracked 
| 114|0x00000000a7200000, 0x00000000a7300000, 0x00000000a7300000|100%| O|  |TAMS 0x00000000a7200000, 0x00000000a7200000| Untracked 
| 115|0x00000000a7300000, 0x00000000a7400000, 0x00000000a7400000|100%| O|  |TAMS 0x00000000a7300000, 0x00000000a7300000| Untracked 
| 116|0x00000000a7400000, 0x00000000a7500000, 0x00000000a7500000|100%|HS|  |TAMS 0x00000000a7500000, 0x00000000a7400000| Complete 
| 117|0x00000000a7500000, 0x00000000a7600000, 0x00000000a7600000|100%|HC|  |TAMS 0x00000000a7600000, 0x00000000a7500000| Complete 
| 118|0x00000000a7600000, 0x00000000a7600000, 0x00000000a7700000|  0%| F|  |TAMS 0x00000000a7600000, 0x00000000a7600000| Untracked 
| 119|0x00000000a7700000, 0x00000000a7790e00, 0x00000000a7800000| 56%| O|  |TAMS 0x00000000a7700000, 0x00000000a7700000| Untracked 
| 120|0x00000000a7800000, 0x00000000a7800000, 0x00000000a7900000|  0%| F|  |TAMS 0x00000000a7800000, 0x00000000a7800000| Untracked 
| 121|0x00000000a7900000, 0x00000000a7900000, 0x00000000a7a00000|  0%| F|  |TAMS 0x00000000a7900000, 0x00000000a7900000| Untracked 
| 122|0x00000000a7a00000, 0x00000000a7a00000, 0x00000000a7b00000|  0%| F|  |TAMS 0x00000000a7a00000, 0x00000000a7a00000| Untracked 
| 123|0x00000000a7b00000, 0x00000000a7c00000, 0x00000000a7c00000|100%| O|  |TAMS 0x00000000a7c00000, 0x00000000a7b00000| Untracked 
| 124|0x00000000a7c00000, 0x00000000a7d00000, 0x00000000a7d00000|100%| O|  |TAMS 0x00000000a7d00000, 0x00000000a7c00000| Untracked 
| 125|0x00000000a7d00000, 0x00000000a7e00000, 0x00000000a7e00000|100%| O|  |TAMS 0x00000000a7e00000, 0x00000000a7d00000| Untracked 
| 126|0x00000000a7e00000, 0x00000000a7e00000, 0x00000000a7f00000|  0%| F|  |TAMS 0x00000000a7e00000, 0x00000000a7e00000| Untracked 
| 127|0x00000000a7f00000, 0x00000000a7f00000, 0x00000000a8000000|  0%| F|  |TAMS 0x00000000a7f00000, 0x00000000a7f00000| Untracked 
| 128|0x00000000a8000000, 0x00000000a8000000, 0x00000000a8100000|  0%| F|  |TAMS 0x00000000a8000000, 0x00000000a8000000| Untracked 
| 129|0x00000000a8100000, 0x00000000a8100000, 0x00000000a8200000|  0%| F|  |TAMS 0x00000000a8100000, 0x00000000a8100000| Untracked 
| 130|0x00000000a8200000, 0x00000000a8200000, 0x00000000a8300000|  0%| F|  |TAMS 0x00000000a8200000, 0x00000000a8200000| Untracked 
| 131|0x00000000a8300000, 0x00000000a8300000, 0x00000000a8400000|  0%| F|  |TAMS 0x00000000a8300000, 0x00000000a8300000| Untracked 
| 132|0x00000000a8400000, 0x00000000a8400000, 0x00000000a8500000|  0%| F|  |TAMS 0x00000000a8400000, 0x00000000a8400000| Untracked 
| 133|0x00000000a8500000, 0x00000000a8500000, 0x00000000a8600000|  0%| F|  |TAMS 0x00000000a8500000, 0x00000000a8500000| Untracked 
| 134|0x00000000a8600000, 0x00000000a8600000, 0x00000000a8700000|  0%| F|  |TAMS 0x00000000a8600000, 0x00000000a8600000| Untracked 
| 135|0x00000000a8700000, 0x00000000a8700000, 0x00000000a8800000|  0%| F|  |TAMS 0x00000000a8700000, 0x00000000a8700000| Untracked 
| 136|0x00000000a8800000, 0x00000000a8800000, 0x00000000a8900000|  0%| F|  |TAMS 0x00000000a8800000, 0x00000000a8800000| Untracked 
| 137|0x00000000a8900000, 0x00000000a8900000, 0x00000000a8a00000|  0%| F|  |TAMS 0x00000000a8900000, 0x00000000a8900000| Untracked 
| 138|0x00000000a8a00000, 0x00000000a8a00000, 0x00000000a8b00000|  0%| F|  |TAMS 0x00000000a8a00000, 0x00000000a8a00000| Untracked 
| 139|0x00000000a8b00000, 0x00000000a8b00000, 0x00000000a8c00000|  0%| F|  |TAMS 0x00000000a8b00000, 0x00000000a8b00000| Untracked 
| 140|0x00000000a8c00000, 0x00000000a8c00000, 0x00000000a8d00000|  0%| F|  |TAMS 0x00000000a8c00000, 0x00000000a8c00000| Untracked 
| 141|0x00000000a8d00000, 0x00000000a8d00000, 0x00000000a8e00000|  0%| F|  |TAMS 0x00000000a8d00000, 0x00000000a8d00000| Untracked 
| 142|0x00000000a8e00000, 0x00000000a8e00000, 0x00000000a8f00000|  0%| F|  |TAMS 0x00000000a8e00000, 0x00000000a8e00000| Untracked 
| 143|0x00000000a8f00000, 0x00000000a8f00000, 0x00000000a9000000|  0%| F|  |TAMS 0x00000000a8f00000, 0x00000000a8f00000| Untracked 
| 144|0x00000000a9000000, 0x00000000a9000000, 0x00000000a9100000|  0%| F|  |TAMS 0x00000000a9000000, 0x00000000a9000000| Untracked 
| 145|0x00000000a9100000, 0x00000000a9100000, 0x00000000a9200000|  0%| F|  |TAMS 0x00000000a9100000, 0x00000000a9100000| Untracked 
| 146|0x00000000a9200000, 0x00000000a9200000, 0x00000000a9300000|  0%| F|  |TAMS 0x00000000a9200000, 0x00000000a9200000| Untracked 
| 147|0x00000000a9300000, 0x00000000a9300000, 0x00000000a9400000|  0%| F|  |TAMS 0x00000000a9300000, 0x00000000a9300000| Untracked 
| 148|0x00000000a9400000, 0x00000000a9400000, 0x00000000a9500000|  0%| F|  |TAMS 0x00000000a9400000, 0x00000000a9400000| Untracked 
| 149|0x00000000a9500000, 0x00000000a9500000, 0x00000000a9600000|  0%| F|  |TAMS 0x00000000a9500000, 0x00000000a9500000| Untracked 
| 150|0x00000000a9600000, 0x00000000a9600000, 0x00000000a9700000|  0%| F|  |TAMS 0x00000000a9600000, 0x00000000a9600000| Untracked 
| 151|0x00000000a9700000, 0x00000000a9700000, 0x00000000a9800000|  0%| F|  |TAMS 0x00000000a9700000, 0x00000000a9700000| Untracked 
| 152|0x00000000a9800000, 0x00000000a9800000, 0x00000000a9900000|  0%| F|  |TAMS 0x00000000a9800000, 0x00000000a9800000| Untracked 
| 153|0x00000000a9900000, 0x00000000a9900000, 0x00000000a9a00000|  0%| F|  |TAMS 0x00000000a9900000, 0x00000000a9900000| Untracked 
| 154|0x00000000a9a00000, 0x00000000a9a00000, 0x00000000a9b00000|  0%| F|  |TAMS 0x00000000a9a00000, 0x00000000a9a00000| Untracked 
| 155|0x00000000a9b00000, 0x00000000a9b00000, 0x00000000a9c00000|  0%| F|  |TAMS 0x00000000a9b00000, 0x00000000a9b00000| Untracked 
| 156|0x00000000a9c00000, 0x00000000a9c00000, 0x00000000a9d00000|  0%| F|  |TAMS 0x00000000a9c00000, 0x00000000a9c00000| Untracked 
| 157|0x00000000a9d00000, 0x00000000a9d00000, 0x00000000a9e00000|  0%| F|  |TAMS 0x00000000a9d00000, 0x00000000a9d00000| Untracked 
| 158|0x00000000a9e00000, 0x00000000a9e00000, 0x00000000a9f00000|  0%| F|  |TAMS 0x00000000a9e00000, 0x00000000a9e00000| Untracked 
| 159|0x00000000a9f00000, 0x00000000a9f00000, 0x00000000aa000000|  0%| F|  |TAMS 0x00000000a9f00000, 0x00000000a9f00000| Untracked 
| 160|0x00000000aa000000, 0x00000000aa000000, 0x00000000aa100000|  0%| F|  |TAMS 0x00000000aa000000, 0x00000000aa000000| Untracked 
| 161|0x00000000aa100000, 0x00000000aa100000, 0x00000000aa200000|  0%| F|  |TAMS 0x00000000aa100000, 0x00000000aa100000| Untracked 
| 162|0x00000000aa200000, 0x00000000aa2689e0, 0x00000000aa300000| 40%| E|  |TAMS 0x00000000aa200000, 0x00000000aa200000| Complete 
| 163|0x00000000aa300000, 0x00000000aa400000, 0x00000000aa400000|100%| E|CS|TAMS 0x00000000aa300000, 0x00000000aa300000| Complete 
| 164|0x00000000aa400000, 0x00000000aa500000, 0x00000000aa500000|100%| E|CS|TAMS 0x00000000aa400000, 0x00000000aa400000| Complete 
| 165|0x00000000aa500000, 0x00000000aa600000, 0x00000000aa600000|100%| E|CS|TAMS 0x00000000aa500000, 0x00000000aa500000| Complete 
| 166|0x00000000aa600000, 0x00000000aa700000, 0x00000000aa700000|100%| E|CS|TAMS 0x00000000aa600000, 0x00000000aa600000| Complete 
| 167|0x00000000aa700000, 0x00000000aa800000, 0x00000000aa800000|100%| E|CS|TAMS 0x00000000aa700000, 0x00000000aa700000| Complete 
| 168|0x00000000aa800000, 0x00000000aa900000, 0x00000000aa900000|100%| E|CS|TAMS 0x00000000aa800000, 0x00000000aa800000| Complete 
| 169|0x00000000aa900000, 0x00000000aaa00000, 0x00000000aaa00000|100%| E|CS|TAMS 0x00000000aa900000, 0x00000000aa900000| Complete 
| 170|0x00000000aaa00000, 0x00000000aab00000, 0x00000000aab00000|100%| E|CS|TAMS 0x00000000aaa00000, 0x00000000aaa00000| Complete 
| 171|0x00000000aab00000, 0x00000000aac00000, 0x00000000aac00000|100%| E|CS|TAMS 0x00000000aab00000, 0x00000000aab00000| Complete 
| 172|0x00000000aac00000, 0x00000000aad00000, 0x00000000aad00000|100%| E|CS|TAMS 0x00000000aac00000, 0x00000000aac00000| Complete 
| 173|0x00000000aad00000, 0x00000000aae00000, 0x00000000aae00000|100%| E|CS|TAMS 0x00000000aad00000, 0x00000000aad00000| Complete 
| 174|0x00000000aae00000, 0x00000000aaf00000, 0x00000000aaf00000|100%| E|CS|TAMS 0x00000000aae00000, 0x00000000aae00000| Complete 
| 175|0x00000000aaf00000, 0x00000000ab000000, 0x00000000ab000000|100%| E|CS|TAMS 0x00000000aaf00000, 0x00000000aaf00000| Complete 
| 176|0x00000000ab000000, 0x00000000ab100000, 0x00000000ab100000|100%| E|CS|TAMS 0x00000000ab000000, 0x00000000ab000000| Complete 
| 177|0x00000000ab100000, 0x00000000ab200000, 0x00000000ab200000|100%| E|CS|TAMS 0x00000000ab100000, 0x00000000ab100000| Complete 
| 178|0x00000000ab200000, 0x00000000ab300000, 0x00000000ab300000|100%| E|CS|TAMS 0x00000000ab200000, 0x00000000ab200000| Complete 
| 179|0x00000000ab300000, 0x00000000ab400000, 0x00000000ab400000|100%| E|CS|TAMS 0x00000000ab300000, 0x00000000ab300000| Complete 
| 180|0x00000000ab400000, 0x00000000ab500000, 0x00000000ab500000|100%| E|CS|TAMS 0x00000000ab400000, 0x00000000ab400000| Complete 
| 181|0x00000000ab500000, 0x00000000ab600000, 0x00000000ab600000|100%| E|CS|TAMS 0x00000000ab500000, 0x00000000ab500000| Complete 
| 182|0x00000000ab600000, 0x00000000ab66a120, 0x00000000ab700000| 41%| S|CS|TAMS 0x00000000ab600000, 0x00000000ab600000| Complete 
| 183|0x00000000ab700000, 0x00000000ab800000, 0x00000000ab800000|100%| S|CS|TAMS 0x00000000ab700000, 0x00000000ab700000| Complete 
| 184|0x00000000ab800000, 0x00000000ab900000, 0x00000000ab900000|100%| E|CS|TAMS 0x00000000ab800000, 0x00000000ab800000| Complete 
| 185|0x00000000ab900000, 0x00000000aba00000, 0x00000000aba00000|100%| E|CS|TAMS 0x00000000ab900000, 0x00000000ab900000| Complete 
| 186|0x00000000aba00000, 0x00000000abb00000, 0x00000000abb00000|100%| E|CS|TAMS 0x00000000aba00000, 0x00000000aba00000| Complete 
| 187|0x00000000abb00000, 0x00000000abc00000, 0x00000000abc00000|100%| E|CS|TAMS 0x00000000abb00000, 0x00000000abb00000| Complete 

Card table byte_map: [0x000001ffc7470000,0x000001ffc7770000] _byte_map_base: 0x000001ffc6f70000

Marking Bits (Prev, Next): (CMBitMap*) 0x000001ffb4091b68, (CMBitMap*) 0x000001ffb4091ba0
 Prev Bits: [0x000001ffc7a70000, 0x000001ffc9270000)
 Next Bits: [0x000001ffc9270000, 0x000001ffcaa70000)

Polling page: 0x000001ffb2710000

Metaspace:

Usage:
  Non-class:     96.96 MB capacity,    95.07 MB ( 98%) used,     1.53 MB (  2%) free+waste,   372.81 KB ( <1%) overhead. 
      Class:     14.99 MB capacity,    13.85 MB ( 92%) used,   998.40 KB (  7%) free+waste,   164.25 KB (  1%) overhead. 
       Both:    111.95 MB capacity,   108.93 MB ( 97%) used,     2.50 MB (  2%) free+waste,   537.06 KB ( <1%) overhead. 

Virtual space:
  Non-class space:       98.00 MB reserved,      97.00 MB ( 99%) committed 
      Class space:        1.00 GB reserved,      15.13 MB (  1%) committed 
             Both:        1.10 GB reserved,     112.13 MB ( 10%) committed 

Chunk freelists:
   Non-Class:  36.00 KB
       Class:  43.00 KB
        Both:  79.00 KB

MaxMetaspaceSize: 17179869184.00 GB
CompressedClassSpaceSize: 1.00 GB

CodeHeap 'non-profiled nmethods': size=120064Kb used=12421Kb max_used=12421Kb free=107642Kb
 bounds [0x000001ffbf610000, 0x000001ffc0240000, 0x000001ffc6b50000]
CodeHeap 'profiled nmethods': size=120000Kb used=41294Kb max_used=41294Kb free=78705Kb
 bounds [0x000001ffb80e0000, 0x000001ffba950000, 0x000001ffbf610000]
CodeHeap 'non-nmethods': size=5696Kb used=2335Kb max_used=2393Kb free=3360Kb
 bounds [0x000001ffb7b50000, 0x000001ffb7dc0000, 0x000001ffb80e0000]
 total_blobs=19312 nmethods=18366 adapters=855
 compilation: enabled
              stopped_count=0, restarted_count=0
 full_count=0

Compilation events (20 events):
Event: 516.670 Thread 0x000001ffcd090800 19352       1       com.sun.tools.javac.tree.JCTree$JCClassDecl::getExtendsClause (5 bytes)
Event: 516.670 Thread 0x000001ffcd090800 nmethod 19352 0x000001ffc0229010 code [0x000001ffc02291c0, 0x000001ffc0229278]
Event: 516.675 Thread 0x000001ffcd090800 19354       1       com.sun.tools.javac.comp.Operators$OperatorType::lambda$static$7 (5 bytes)
Event: 516.675 Thread 0x000001ffcd090800 nmethod 19354 0x000001ffc0229310 code [0x000001ffc02294c0, 0x000001ffc0229558]
Event: 516.699 Thread 0x000001ffcd090800 19357       2       com.sun.tools.javac.jvm.Gen::visitVarDef (150 bytes)
Event: 516.704 Thread 0x000001ffcd090800 nmethod 19357 0x000001ffba91b990 code [0x000001ffba91bc80, 0x000001ffba91c618]
Event: 516.710 Thread 0x000001ffcd090800 19358       2       java.net.URI::needsNormalization (184 bytes)
Event: 516.715 Thread 0x000001ffcd090800 nmethod 19358 0x000001ffba91cc90 code [0x000001ffba91cf80, 0x000001ffba91e058]
Event: 516.725 Thread 0x000001ffcd090800 19359       2       com.sun.tools.javac.comp.Check::isUnchecked (57 bytes)
Event: 516.726 Thread 0x000001ffcd090800 nmethod 19359 0x000001ffba91eb90 code [0x000001ffba91eda0, 0x000001ffba91f098]
Event: 516.748 Thread 0x000001ffcd090800 19360       2       com.sun.tools.javac.code.Types::firstUnimplementedAbstractImpl (280 bytes)
Event: 516.750 Thread 0x000001ffcd090800 nmethod 19360 0x000001ffba91f310 code [0x000001ffba91f5e0, 0x000001ffba91fe68]
Event: 516.750 Thread 0x000001ffcd090800 19362       2       com.sun.tools.javac.comp.Check::checkOverrideClashes (482 bytes)
Event: 516.756 Thread 0x000001ffcd090800 nmethod 19362 0x000001ffba920590 code [0x000001ffba920b00, 0x000001ffba9226e8]
Event: 516.756 Thread 0x000001ffcd090800 19361   !   2       com.sun.tools.javac.comp.Attr::visitMethodDef (1168 bytes)
Event: 516.770 Thread 0x000001ffcd090800 nmethod 19361 0x000001ffba923a90 code [0x000001ffba9242a0, 0x000001ffba927b48]
Event: 516.771 Thread 0x000001ffcd090800 19363   !   2       com.sun.tools.javac.comp.Flow$AliveAnalyzer::visitMethodDef (188 bytes)
Event: 516.773 Thread 0x000001ffcd090800 nmethod 19363 0x000001ffba92ba10 code [0x000001ffba92bce0, 0x000001ffba92c708]
Event: 516.783 Thread 0x000001ffd5f7e800 nmethod 19337 0x000001ffc0229610 code [0x000001ffc0229980, 0x000001ffc022bd48]
Event: 516.783 Thread 0x000001ffd5f7e800 19355       4       com.sun.tools.javac.code.Symbol$MethodSymbol::binaryImplementation (97 bytes)

GC Heap History (20 events):
Event: 424.804 GC heap before
{Heap before GC invocations=43 (full 0):
 garbage-first heap   total 192512K, used 151763K [0x00000000a0000000, 0x0000000100000000)
  region size 1024K, 38 young (38912K), 2 survivors (2048K)
 Metaspace       used 110682K, capacity 113850K, committed 114048K, reserved 1148928K
  class space    used 14178K, capacity 15337K, committed 15488K, reserved 1048576K
}
Event: 424.818 GC heap after
{Heap after GC invocations=44 (full 0):
 garbage-first heap   total 192512K, used 118442K [0x00000000a0000000, 0x0000000100000000)
  region size 1024K, 5 young (5120K), 5 survivors (5120K)
 Metaspace       used 110682K, capacity 113850K, committed 114048K, reserved 1148928K
  class space    used 14178K, capacity 15337K, committed 15488K, reserved 1048576K
}
Event: 425.343 GC heap before
{Heap before GC invocations=44 (full 0):
 garbage-first heap   total 192512K, used 129706K [0x00000000a0000000, 0x0000000100000000)
  region size 1024K, 18 young (18432K), 5 survivors (5120K)
 Metaspace       used 110746K, capacity 113853K, committed 114048K, reserved 1148928K
  class space    used 14178K, capacity 15337K, committed 15488K, reserved 1048576K
}
Event: 425.383 GC heap after
{Heap after GC invocations=45 (full 0):
 garbage-first heap   total 192512K, used 120424K [0x00000000a0000000, 0x0000000100000000)
  region size 1024K, 2 young (2048K), 2 survivors (2048K)
 Metaspace       used 110746K, capacity 113853K, committed 114048K, reserved 1148928K
  class space    used 14178K, capacity 15337K, committed 15488K, reserved 1048576K
}
Event: 426.176 GC heap before
{Heap before GC invocations=46 (full 0):
 garbage-first heap   total 192512K, used 150120K [0x00000000a0000000, 0x0000000100000000)
  region size 1024K, 31 young (31744K), 2 survivors (2048K)
 Metaspace       used 110785K, capacity 113854K, committed 114048K, reserved 1148928K
  class space    used 14178K, capacity 15337K, committed 15488K, reserved 1048576K
}
Event: 426.195 GC heap after
{Heap after GC invocations=47 (full 0):
 garbage-first heap   total 192512K, used 129418K [0x00000000a0000000, 0x0000000100000000)
  region size 1024K, 4 young (4096K), 4 survivors (4096K)
 Metaspace       used 110785K, capacity 113854K, committed 114048K, reserved 1148928K
  class space    used 14178K, capacity 15337K, committed 15488K, reserved 1048576K
}
Event: 426.293 GC heap before
{Heap before GC invocations=47 (full 0):
 garbage-first heap   total 192512K, used 134538K [0x00000000a0000000, 0x0000000100000000)
  region size 1024K, 9 young (9216K), 4 survivors (4096K)
 Metaspace       used 110786K, capacity 113854K, committed 114048K, reserved 1148928K
  class space    used 14178K, capacity 15337K, committed 15488K, reserved 1048576K
}
Event: 426.310 GC heap after
{Heap after GC invocations=48 (full 0):
 garbage-first heap   total 192512K, used 117453K [0x00000000a0000000, 0x0000000100000000)
  region size 1024K, 2 young (2048K), 2 survivors (2048K)
 Metaspace       used 110786K, capacity 113854K, committed 114048K, reserved 1148928K
  class space    used 14178K, capacity 15337K, committed 15488K, reserved 1048576K
}
Event: 427.222 GC heap before
{Heap before GC invocations=48 (full 0):
 garbage-first heap   total 192512K, used 147149K [0x00000000a0000000, 0x0000000100000000)
  region size 1024K, 31 young (31744K), 2 survivors (2048K)
 Metaspace       used 110991K, capacity 114115K, committed 114304K, reserved 1148928K
  class space    used 14178K, capacity 15337K, committed 15488K, reserved 1048576K
}
Event: 427.235 GC heap after
{Heap after GC invocations=49 (full 0):
 garbage-first heap   total 192512K, used 121066K [0x00000000a0000000, 0x0000000100000000)
  region size 1024K, 4 young (4096K), 4 survivors (4096K)
 Metaspace       used 110991K, capacity 114115K, committed 114304K, reserved 1148928K
  class space    used 14178K, capacity 15337K, committed 15488K, reserved 1048576K
}
Event: 512.254 GC heap before
{Heap before GC invocations=50 (full 0):
 garbage-first heap   total 192512K, used 170218K [0x00000000a0000000, 0x0000000100000000)
  region size 1024K, 33 young (33792K), 4 survivors (4096K)
 Metaspace       used 111226K, capacity 114430K, committed 114816K, reserved 1148928K
  class space    used 14185K, capacity 15349K, committed 15488K, reserved 1048576K
}
Event: 512.283 GC heap after
{Heap after GC invocations=51 (full 0):
 garbage-first heap   total 192512K, used 121257K [0x00000000a0000000, 0x0000000100000000)
  region size 1024K, 3 young (3072K), 3 survivors (3072K)
 Metaspace       used 111226K, capacity 114430K, committed 114816K, reserved 1148928K
  class space    used 14185K, capacity 15349K, committed 15488K, reserved 1048576K
}
Event: 512.464 GC heap before
{Heap before GC invocations=51 (full 0):
 garbage-first heap   total 192512K, used 127401K [0x00000000a0000000, 0x0000000100000000)
  region size 1024K, 9 young (9216K), 3 survivors (3072K)
 Metaspace       used 111230K, capacity 114431K, committed 114816K, reserved 1148928K
  class space    used 14185K, capacity 15349K, committed 15488K, reserved 1048576K
}
Event: 512.491 GC heap after
{Heap after GC invocations=52 (full 0):
 garbage-first heap   total 192512K, used 113561K [0x00000000a0000000, 0x0000000100000000)
  region size 1024K, 1 young (1024K), 1 survivors (1024K)
 Metaspace       used 111230K, capacity 114431K, committed 114816K, reserved 1148928K
  class space    used 14185K, capacity 15349K, committed 15488K, reserved 1048576K
}
Event: 513.932 GC heap before
{Heap before GC invocations=52 (full 0):
 garbage-first heap   total 192512K, used 147353K [0x00000000a0000000, 0x0000000100000000)
  region size 1024K, 34 young (34816K), 1 survivors (1024K)
 Metaspace       used 111397K, capacity 114507K, committed 114816K, reserved 1148928K
  class space    used 14185K, capacity 15349K, committed 15488K, reserved 1048576K
}
Event: 513.966 GC heap after
{Heap after GC invocations=53 (full 0):
 garbage-first heap   total 192512K, used 117457K [0x00000000a0000000, 0x0000000100000000)
  region size 1024K, 5 young (5120K), 5 survivors (5120K)
 Metaspace       used 111397K, capacity 114507K, committed 114816K, reserved 1148928K
  class space    used 14185K, capacity 15349K, committed 15488K, reserved 1048576K
}
Event: 516.123 GC heap before
{Heap before GC invocations=54 (full 0):
 garbage-first heap   total 192512K, used 148177K [0x00000000a0000000, 0x0000000100000000)
  region size 1024K, 37 young (37888K), 5 survivors (5120K)
 Metaspace       used 111464K, capacity 114575K, committed 114816K, reserved 1148928K
  class space    used 14186K, capacity 15349K, committed 15488K, reserved 1048576K
}
Event: 516.143 GC heap after
{Heap after GC invocations=55 (full 0):
 garbage-first heap   total 192512K, used 124820K [0x00000000a0000000, 0x0000000100000000)
  region size 1024K, 5 young (5120K), 5 survivors (5120K)
 Metaspace       used 111464K, capacity 114575K, committed 114816K, reserved 1148928K
  class space    used 14186K, capacity 15349K, committed 15488K, reserved 1048576K
}
Event: 516.236 GC heap before
{Heap before GC invocations=55 (full 0):
 garbage-first heap   total 192512K, used 128916K [0x00000000a0000000, 0x0000000100000000)
  region size 1024K, 9 young (9216K), 5 survivors (5120K)
 Metaspace       used 111464K, capacity 114575K, committed 114816K, reserved 1148928K
  class space    used 14186K, capacity 15349K, committed 15488K, reserved 1048576K
}
Event: 516.256 GC heap after
{Heap after GC invocations=56 (full 0):
 garbage-first heap   total 192512K, used 115691K [0x00000000a0000000, 0x0000000100000000)
  region size 1024K, 2 young (2048K), 2 survivors (2048K)
 Metaspace       used 111464K, capacity 114575K, committed 114816K, reserved 1148928K
  class space    used 14186K, capacity 15349K, committed 15488K, reserved 1048576K
}

Deoptimization events (20 events):
Event: 428.182 Thread 0x000001ffd0fb4800 DEOPT PACKING pc=0x000001ffb9fdb5bf sp=0x00000044d8efd050
Event: 428.182 Thread 0x000001ffd0fb4800 DEOPT UNPACKING pc=0x000001ffb7b776ce sp=0x00000044d8efc4d0 mode 0
Event: 428.183 Thread 0x000001ffd0fb4800 DEOPT PACKING pc=0x000001ffb9fdb5bf sp=0x00000044d8efd050
Event: 428.183 Thread 0x000001ffd0fb4800 DEOPT UNPACKING pc=0x000001ffb7b776ce sp=0x00000044d8efc4d0 mode 0
Event: 428.183 Thread 0x000001ffd0fb4800 DEOPT PACKING pc=0x000001ffb9fdb5bf sp=0x00000044d8efd030
Event: 428.184 Thread 0x000001ffd0fb4800 DEOPT UNPACKING pc=0x000001ffb7b776ce sp=0x00000044d8efc4b0 mode 0
Event: 511.968 Thread 0x000001ffd0fb4800 Uncommon trap: trap_request=0xffffffc6 fr.pc=0x000001ffbfe013f0 relative=0x0000000000000130
Event: 511.968 Thread 0x000001ffd0fb4800 Uncommon trap: reason=bimorphic_or_optimized_type_check action=maybe_recompile pc=0x000001ffbfe013f0 method=java.util.Collections$UnmodifiableList.get(I)Ljava/lang/Object; @ 5 c2
Event: 511.968 Thread 0x000001ffd0fb4800 DEOPT PACKING pc=0x000001ffbfe013f0 sp=0x00000044d75fe9c0
Event: 511.968 Thread 0x000001ffd0fb4800 DEOPT UNPACKING pc=0x000001ffb7b778af sp=0x00000044d75fe958 mode 2
Event: 512.117 Thread 0x000001ffd0fb4800 DEOPT PACKING pc=0x000001ffb88b12f1 sp=0x00000044d75fa930
Event: 512.117 Thread 0x000001ffd0fb4800 DEOPT UNPACKING pc=0x000001ffb7b776ce sp=0x00000044d75f9e28 mode 0
Event: 512.183 Thread 0x000001ffd0fb4800 Uncommon trap: trap_request=0xffffffde fr.pc=0x000001ffbfe69128 relative=0x0000000000000a48
Event: 512.183 Thread 0x000001ffd0fb4800 Uncommon trap: reason=class_check action=maybe_recompile pc=0x000001ffbfe69128 method=org.gradle.cache.internal.LockOnDemandCrossProcessCacheAccess.incrementLockCount()V @ 97 c2
Event: 512.183 Thread 0x000001ffd0fb4800 DEOPT PACKING pc=0x000001ffbfe69128 sp=0x00000044d75f80b0
Event: 512.183 Thread 0x000001ffd0fb4800 DEOPT UNPACKING pc=0x000001ffb7b778af sp=0x00000044d75f8090 mode 2
Event: 512.801 Thread 0x000001ffd0fb4800 DEOPT PACKING pc=0x000001ffb8dea45a sp=0x00000044d75f9bb0
Event: 512.801 Thread 0x000001ffd0fb4800 DEOPT UNPACKING pc=0x000001ffb7b776ce sp=0x00000044d75f90d0 mode 0
Event: 515.747 Thread 0x000001ffd14bb000 DEOPT PACKING pc=0x000001ffba55dcdf sp=0x00000044d90f85c0
Event: 515.747 Thread 0x000001ffd14bb000 DEOPT UNPACKING pc=0x000001ffb7b776ce sp=0x00000044d90f7b20 mode 0

Classes redefined (0 events):
No events

Internal exceptions (20 events):
Event: 516.597 Thread 0x000001ffd14bb000 Exception <a 'sun/nio/fs/WindowsException'{0x00000000ab080708}> (0x00000000ab080708) thrown at [./src/hotspot/share/prims/jni.cpp, line 615]
Event: 516.597 Thread 0x000001ffd14bb000 Exception <a 'sun/nio/fs/WindowsException'{0x00000000ab080878}> (0x00000000ab080878) thrown at [./src/hotspot/share/prims/jni.cpp, line 615]
Event: 516.599 Thread 0x000001ffd14bb000 Exception <a 'sun/nio/fs/WindowsException'{0x00000000ab0c6550}> (0x00000000ab0c6550) thrown at [./src/hotspot/share/prims/jni.cpp, line 615]
Event: 516.599 Thread 0x000001ffd14bb000 Exception <a 'sun/nio/fs/WindowsException'{0x00000000ab0c66c8}> (0x00000000ab0c66c8) thrown at [./src/hotspot/share/prims/jni.cpp, line 615]
Event: 516.601 Thread 0x000001ffd14bb000 Exception <a 'sun/nio/fs/WindowsException'{0x00000000ab0f3730}> (0x00000000ab0f3730) thrown at [./src/hotspot/share/prims/jni.cpp, line 615]
Event: 516.601 Thread 0x000001ffd14bb000 Exception <a 'sun/nio/fs/WindowsException'{0x00000000ab0f38a8}> (0x00000000ab0f38a8) thrown at [./src/hotspot/share/prims/jni.cpp, line 615]
Event: 516.603 Thread 0x000001ffd14bb000 Exception <a 'sun/nio/fs/WindowsException'{0x00000000aaf5bba0}> (0x00000000aaf5bba0) thrown at [./src/hotspot/share/prims/jni.cpp, line 615]
Event: 516.603 Thread 0x000001ffd14bb000 Exception <a 'sun/nio/fs/WindowsException'{0x00000000aaf5bd18}> (0x00000000aaf5bd18) thrown at [./src/hotspot/share/prims/jni.cpp, line 615]
Event: 516.609 Thread 0x000001ffd14bb000 Exception <a 'sun/nio/fs/WindowsException'{0x00000000aae03dc8}> (0x00000000aae03dc8) thrown at [./src/hotspot/share/prims/jni.cpp, line 615]
Event: 516.609 Thread 0x000001ffd14bb000 Exception <a 'sun/nio/fs/WindowsException'{0x00000000aae03f58}> (0x00000000aae03f58) thrown at [./src/hotspot/share/prims/jni.cpp, line 615]
Event: 516.623 Thread 0x000001ffd14bb000 Exception <a 'sun/nio/fs/WindowsException'{0x00000000aae978f0}> (0x00000000aae978f0) thrown at [./src/hotspot/share/prims/jni.cpp, line 615]
Event: 516.623 Thread 0x000001ffd14bb000 Exception <a 'sun/nio/fs/WindowsException'{0x00000000aae97a80}> (0x00000000aae97a80) thrown at [./src/hotspot/share/prims/jni.cpp, line 615]
Event: 516.628 Thread 0x000001ffd14bb000 Exception <a 'sun/nio/fs/WindowsException'{0x00000000aaec0770}> (0x00000000aaec0770) thrown at [./src/hotspot/share/prims/jni.cpp, line 615]
Event: 516.631 Thread 0x000001ffd14bb000 Exception <a 'sun/nio/fs/WindowsException'{0x00000000aaec0900}> (0x00000000aaec0900) thrown at [./src/hotspot/share/prims/jni.cpp, line 615]
Event: 516.638 Thread 0x000001ffd14bb000 Exception <a 'sun/nio/fs/WindowsException'{0x00000000aaef9298}> (0x00000000aaef9298) thrown at [./src/hotspot/share/prims/jni.cpp, line 615]
Event: 516.638 Thread 0x000001ffd14bb000 Exception <a 'sun/nio/fs/WindowsException'{0x00000000aaef9460}> (0x00000000aaef9460) thrown at [./src/hotspot/share/prims/jni.cpp, line 615]
Event: 516.706 Thread 0x000001ffd14bb000 Exception <a 'sun/nio/fs/WindowsException'{0x00000000aaba5148}> (0x00000000aaba5148) thrown at [./src/hotspot/share/prims/jni.cpp, line 615]
Event: 516.717 Thread 0x000001ffd14bb000 Exception <a 'sun/nio/fs/WindowsException'{0x00000000aabad6e0}> (0x00000000aabad6e0) thrown at [./src/hotspot/share/prims/jni.cpp, line 615]
Event: 516.782 Thread 0x000001ffd14bb000 Exception <a 'sun/nio/fs/WindowsException'{0x00000000aa96aa50}> (0x00000000aa96aa50) thrown at [./src/hotspot/share/prims/jni.cpp, line 615]
Event: 516.855 Thread 0x000001ffd14bb000 Exception <a 'sun/nio/fs/WindowsException'{0x00000000aa9724a8}> (0x00000000aa9724a8) thrown at [./src/hotspot/share/prims/jni.cpp, line 615]

Events (20 events):
Event: 513.797 Executing VM operation: BulkRevokeBias done
Event: 513.932 Executing VM operation: G1CollectForAllocation
Event: 513.966 Executing VM operation: G1CollectForAllocation done
Event: 513.983 Executing VM operation: RevokeBias
Event: 513.983 Executing VM operation: RevokeBias done
Event: 513.985 Executing VM operation: RevokeBias
Event: 513.985 Executing VM operation: RevokeBias done
Event: 514.018 loading class org/gradle/api/internal/provider/AbstractProperty$1
Event: 514.018 loading class org/gradle/api/internal/provider/AbstractProperty$1 done
Event: 514.032 Thread 0x000001ffd14b8000 Thread added: 0x000001ffd14b8000
Event: 514.354 Executing VM operation: CGC_Operation
Event: 514.375 Executing VM operation: CGC_Operation done
Event: 514.551 Executing VM operation: CGC_Operation
Event: 514.552 Executing VM operation: CGC_Operation done
Event: 514.682 Thread 0x000001ffd5f7e800 Thread exited: 0x000001ffd5f7e800
Event: 514.960 Thread 0x000001ffd5f7e800 Thread added: 0x000001ffd5f7e800
Event: 516.122 Executing VM operation: G1CollectForAllocation
Event: 516.143 Executing VM operation: G1CollectForAllocation done
Event: 516.236 Executing VM operation: G1CollectForAllocation
Event: 516.256 Executing VM operation: G1CollectForAllocation done


Dynamic libraries:
0x00007ff6ce940000 - 0x00007ff6ce94a000 	C:\Program Files\Android\Android Studio\jre\bin\java.exe
0x00007ffb12110000 - 0x00007ffb12304000 	C:\WINDOWS\SYSTEM32\ntdll.dll
0x00007ffb11040000 - 0x00007ffb110fd000 	C:\WINDOWS\System32\KERNEL32.DLL
0x00007ffb0f8e0000 - 0x00007ffb0fba7000 	C:\WINDOWS\System32\KERNELBASE.dll
0x00007ffb0fff0000 - 0x00007ffb100f0000 	C:\WINDOWS\System32\ucrtbase.dll
0x00007ffb06310000 - 0x00007ffb06327000 	C:\Program Files\Android\Android Studio\jre\bin\VCRUNTIME140.dll
0x00007ffb062c0000 - 0x00007ffb062d9000 	C:\Program Files\Android\Android Studio\jre\bin\jli.dll
0x00007ffb11a00000 - 0x00007ffb11ba0000 	C:\WINDOWS\System32\USER32.dll
0x00007ffaf8510000 - 0x00007ffaf87aa000 	C:\WINDOWS\WinSxS\amd64_microsoft.windows.common-controls_6595b64144ccf1df_6.0.19041.1_none_b555e41d4684ddec\COMCTL32.dll
0x00007ffb0f8b0000 - 0x00007ffb0f8d2000 	C:\WINDOWS\System32\win32u.dll
0x00007ffb11640000 - 0x00007ffb116de000 	C:\WINDOWS\System32\msvcrt.dll
0x00007ffb10410000 - 0x00007ffb1043a000 	C:\WINDOWS\System32\GDI32.dll
0x00007ffb0fce0000 - 0x00007ffb0fdea000 	C:\WINDOWS\System32\gdi32full.dll
0x00007ffb0fdf0000 - 0x00007ffb0fe8d000 	C:\WINDOWS\System32\msvcp_win.dll
0x00007ffb11590000 - 0x00007ffb115c0000 	C:\WINDOWS\System32\IMM32.DLL
0x00007ffafb6b0000 - 0x00007ffafb74d000 	C:\Program Files\Android\Android Studio\jre\bin\msvcp140.dll
0x00007ffadaf50000 - 0x00007ffadba1f000 	C:\Program Files\Android\Android Studio\jre\bin\server\jvm.dll
0x00007ffb10d40000 - 0x00007ffb10dea000 	C:\WINDOWS\System32\ADVAPI32.dll
0x00007ffb116e0000 - 0x00007ffb1177b000 	C:\WINDOWS\System32\sechost.dll
0x00007ffb10f10000 - 0x00007ffb11033000 	C:\WINDOWS\System32\RPCRT4.dll
0x00007ffb11ba0000 - 0x00007ffb11ba8000 	C:\WINDOWS\System32\PSAPI.DLL
0x00007ffafd030000 - 0x00007ffafd039000 	C:\WINDOWS\SYSTEM32\WSOCK32.dll
0x00007ffb118b0000 - 0x00007ffb1191b000 	C:\WINDOWS\System32\WS2_32.dll
0x00007ffaf6910000 - 0x00007ffaf6937000 	C:\WINDOWS\SYSTEM32\WINMM.dll
0x00007ffb06c60000 - 0x00007ffb06c6a000 	C:\WINDOWS\SYSTEM32\VERSION.dll
0x00007ffb0e160000 - 0x00007ffb0e173000 	C:\WINDOWS\SYSTEM32\kernel.appcore.dll
0x00007ffaf8e50000 - 0x00007ffaf8e61000 	C:\Program Files\Android\Android Studio\jre\bin\verify.dll
0x00007ffb0df40000 - 0x00007ffb0e124000 	C:\WINDOWS\SYSTEM32\DBGHELP.DLL
0x00007ffaf57b0000 - 0x00007ffaf57dc000 	C:\WINDOWS\SYSTEM32\dbgcore.DLL
0x00007ffb100f0000 - 0x00007ffb1016f000 	C:\WINDOWS\System32\bcryptPrimitives.dll
0x00007ffaf8d50000 - 0x00007ffaf8d79000 	C:\Program Files\Android\Android Studio\jre\bin\java.dll
0x00007ffafd020000 - 0x00007ffafd02b000 	C:\Program Files\Android\Android Studio\jre\bin\jimage.dll
0x00007ffaf8e30000 - 0x00007ffaf8e48000 	C:\Program Files\Android\Android Studio\jre\bin\zip.dll
0x00007ffb10440000 - 0x00007ffb10b71000 	C:\WINDOWS\System32\SHELL32.dll
0x00007ffb0d7b0000 - 0x00007ffb0df3a000 	C:\WINDOWS\SYSTEM32\windows.storage.dll
0x00007ffb11c10000 - 0x00007ffb11f64000 	C:\WINDOWS\System32\combase.dll
0x00007ffb0f2d0000 - 0x00007ffb0f2fb000 	C:\WINDOWS\SYSTEM32\Wldp.dll
0x00007ffb12020000 - 0x00007ffb120ce000 	C:\WINDOWS\System32\SHCORE.dll
0x00007ffb10170000 - 0x00007ffb101c5000 	C:\WINDOWS\System32\shlwapi.dll
0x00007ffb0f790000 - 0x00007ffb0f7af000 	C:\WINDOWS\SYSTEM32\profapi.dll
0x00007ffaf8d30000 - 0x00007ffaf8d4a000 	C:\Program Files\Android\Android Studio\jre\bin\net.dll
0x00007ffaf8210000 - 0x00007ffaf8312000 	C:\WINDOWS\SYSTEM32\WINHTTP.dll
0x00007ffb0f050000 - 0x00007ffb0f0ba000 	C:\WINDOWS\system32\mswsock.dll
0x00007ffaf8d10000 - 0x00007ffaf8d24000 	C:\Program Files\Android\Android Studio\jre\bin\nio.dll
0x00007ffaef730000 - 0x00007ffaef757000 	C:\Users\HP\.gradle\wrapper\dists\gradle-2.14.1-all\native\8bec1ad78214c89d9ad589b4d07fe93259594b29d510b10fafb7a158f7737e5d\windows-amd64\native-platform.dll
0x00007ffabaa40000 - 0x00007ffabab7d000 	C:\Users\HP\.gradle\wrapper\dists\gradle-2.14.1-all\native\53dbd7edfb1c66fb8903c78663c9afc45aea4f116125fa6feffd364cf09443e8\windows-amd64\native-platform-file-events.dll
0x00007ffafc2e0000 - 0x00007ffafc2ea000 	C:\Program Files\Android\Android Studio\jre\bin\management.dll
0x00007ffaf8d00000 - 0x00007ffaf8d0c000 	C:\Program Files\Android\Android Studio\jre\bin\management_ext.dll
0x00007ffb0f220000 - 0x00007ffb0f238000 	C:\WINDOWS\SYSTEM32\CRYPTSP.dll
0x00007ffb0e970000 - 0x00007ffb0e9a4000 	C:\WINDOWS\system32\rsaenh.dll
0x00007ffb0fcb0000 - 0x00007ffb0fcd7000 	C:\WINDOWS\System32\bcrypt.dll
0x00007ffb0f710000 - 0x00007ffb0f73e000 	C:\WINDOWS\SYSTEM32\USERENV.dll
0x00007ffb0f240000 - 0x00007ffb0f24c000 	C:\WINDOWS\SYSTEM32\CRYPTBASE.dll
0x00007ffb0ecf0000 - 0x00007ffb0ed2b000 	C:\WINDOWS\SYSTEM32\IPHLPAPI.DLL
0x00007ffb11630000 - 0x00007ffb11639000 	C:\WINDOWS\System32\NSI.dll
0x00007ffb0d580000 - 0x00007ffb0d597000 	C:\WINDOWS\SYSTEM32\dhcpcsvc6.DLL
0x00007ffb0d560000 - 0x00007ffb0d57d000 	C:\WINDOWS\SYSTEM32\dhcpcsvc.DLL
0x00007ffb0ed30000 - 0x00007ffb0edfa000 	C:\WINDOWS\SYSTEM32\DNSAPI.dll

dbghelp: loaded successfully - version: 4.0.5 - missing functions: none
symbol engine: initialized successfully - sym options: 0x614 - pdb path: .;C:\Program Files\Android\Android Studio\jre\bin;C:\WINDOWS\SYSTEM32;C:\WINDOWS\WinSxS\amd64_microsoft.windows.common-controls_6595b64144ccf1df_6.0.19041.1_none_b555e41d4684ddec;C:\Program Files\Android\Android Studio\jre\bin\server;C:\Users\HP\.gradle\wrapper\dists\gradle-2.14.1-all\native\8bec1ad78214c89d9ad589b4d07fe93259594b29d510b10fafb7a158f7737e5d\windows-amd64;C:\Users\HP\.gradle\wrapper\dists\gradle-2.14.1-all\native\53dbd7edfb1c66fb8903c78663c9afc45aea4f116125fa6feffd364cf09443e8\windows-amd64

VM Arguments:
jvm_args: --add-opens=java.base/java.util=ALL-UNNAMED --add-opens=java.base/java.lang=ALL-UNNAMED --add-opens=java.base/java.lang.invoke=ALL-UNNAMED --add-opens=java.base/java.util=ALL-UNNAMED --add-opens=java.prefs/java.util.prefs=ALL-UNNAMED --add-opens=java.prefs/java.util.prefs=ALL-UNNAMED --add-opens=java.base/java.nio.charset=ALL-UNNAMED --add-opens=java.base/java.net=ALL-UNNAMED --add-opens=java.base/java.util.concurrent.atomic=ALL-UNNAMED -Xmx1536m -Dfile.encoding=windows-1252 -Duser.country=US -Duser.language=en -Duser.variant 
java_command: org.gradle.launcher.daemon.bootstrap.GradleDaemon 7.0.2
java_class_path (initial): C:\Users\HP\.gradle\wrapper\dists\gradle-2.14.1-all\wrapper\dists\gradle-7.0.2-all\7era6s5ay7zsbhuvl0oc9g94s\gradle-7.0.2\lib\gradle-launcher-7.0.2.jar
Launcher Type: SUN_STANDARD

[Global flags]
     intx CICompilerCount                          = 3                                         {product} {ergonomic}
     uint ConcGCThreads                            = 1                                         {product} {ergonomic}
     uint G1ConcRefinementThreads                  = 4                                         {product} {ergonomic}
   size_t G1HeapRegionSize                         = 1048576                                   {product} {ergonomic}
    uintx GCDrainStackTargetSize                   = 64                                        {product} {ergonomic}
   size_t InitialHeapSize                          = 134217728                                 {product} {ergonomic}
   size_t MarkStackSize                            = 4194304                                   {product} {ergonomic}
   size_t MaxHeapSize                              = 1610612736                                {product} {command line}
   size_t MaxNewSize                               = 965738496                                 {product} {ergonomic}
   size_t MinHeapDeltaBytes                        = 1048576                                   {product} {ergonomic}
    uintx NonNMethodCodeHeapSize                   = 5830732                                {pd product} {ergonomic}
    uintx NonProfiledCodeHeapSize                  = 122913754                              {pd product} {ergonomic}
    uintx ProfiledCodeHeapSize                     = 122913754                              {pd product} {ergonomic}
    uintx ReservedCodeCacheSize                    = 251658240                              {pd product} {ergonomic}
     bool SegmentedCodeCache                       = true                                      {product} {ergonomic}
     bool UseCompressedClassPointers               = true                                 {lp64_product} {ergonomic}
     bool UseCompressedOops                        = true                                 {lp64_product} {ergonomic}
     bool UseG1GC                                  = true                                      {product} {ergonomic}
     bool UseLargePagesIndividualAllocation        = false                                  {pd product} {ergonomic}

Logging:
Log output configuration:
 #0: stdout all=warning uptime,level,tags
 #1: stderr all=off uptime,level,tags

Environment Variables:
PATH=C:\WINDOWS\system32;C:\WINDOWS;C:\WINDOWS\System32\Wbem;C:\WINDOWS\System32\WindowsPowerShell\v1.0\;C:\WINDOWS\System32\OpenSSH\;E:\New folder\;C:\Users\HP\AppData\Local\Microsoft\WindowsApps;E:\VS Code\Microsoft VS Code\bin;C:\Users\HP\AppData\Roaming\npm;C:\Users\HP\AppData\Local\GitHubDesktop\bin;C:\Users\HP\Flutter\flutter\bin;
USERNAME=HP
OS=Windows_NT
PROCESSOR_IDENTIFIER=Intel64 Family 6 Model 142 Stepping 9, GenuineIntel



---------------  S Y S T E M  ---------------

OS: Windows 10 , 64 bit Build 19041 (10.0.19041.1)
OS uptime: 0 days 0:40 hours

CPU:total 4 (initial active 4) (2 cores per cpu, 2 threads per core) family 6 model 142 stepping 9 microcode 0xb4, cmov, cx8, fxsr, mmx, sse, sse2, sse3, ssse3, sse4.1, sse4.2, popcnt, avx, avx2, aes, clmul, erms, 3dnowpref, lzcnt, ht, tsc, tscinvbit, bmi1, bmi2, adx, fma

Memory: 4k page, system-wide physical 8075M (1889M free)
TotalPageFile size 16267M (AvailPageFile size 9804M)
current process WorkingSet (physical memory assigned to process): 513M, peak: 514M
current process commit charge ("private bytes"): 538M, peak: 540M

vm_info: OpenJDK 64-Bit Server VM (11.0.10+0-b96-7249189) for windows-amd64 JRE (11.0.10+0-b96-7249189), built on Mar 31 2021 21:44:00 by "builder" with MS VC++ 14.0 (VS2015)

END.
