#
# A fatal error has been detected by the Java Runtime Environment:
#
#  EXCEPTION_ACCESS_VIOLATION (0xc0000005) at pc=0x00000135fe6d1348, pid=4280, tid=12192
#
# JRE version: OpenJDK Runtime Environment (11.0.10) (build 11.0.10+0-b96-7249189)
# Java VM: OpenJDK 64-Bit Server VM (11.0.10+0-b96-7249189, mixed mode, tiered, compressed oops, g1 gc, windows-amd64)
# Problematic frame:
# C  0x00000135fe6d1348
#
# No core dump will be written. Minidumps are not enabled by default on client versions of Windows
#
# If you would like to submit a bug report, please visit:
#   https://bugreport.java.com/bugreport/crash.jsp
#

---------------  S U M M A R Y ------------

Command Line: --add-opens=java.base/java.util=ALL-UNNAMED --add-opens=java.base/java.lang=ALL-UNNAMED --add-opens=java.base/java.lang.invoke=ALL-UNNAMED --add-opens=java.base/java.util=ALL-UNNAMED --add-opens=java.prefs/java.util.prefs=ALL-UNNAMED --add-opens=java.prefs/java.util.prefs=ALL-UNNAMED --add-opens=java.base/java.nio.charset=ALL-UNNAMED --add-opens=java.base/java.net=ALL-UNNAMED --add-opens=java.base/java.util.concurrent.atomic=ALL-UNNAMED -Xmx1536m -Dfile.encoding=windows-1252 -Duser.country=US -Duser.language=en -Duser.variant org.gradle.launcher.daemon.bootstrap.GradleDaemon 7.0.2

Host: Intel(R) Core(TM) i3-7020U CPU @ 2.30GHz, 4 cores, 7G,  Windows 10 , 64 bit Build 19041 (10.0.19041.1)
Time: Sun Oct 10 11:49:42 2021 India Standard Time elapsed time: 441.567548 seconds (0d 0h 7m 21s)

---------------  T H R E A D  ---------------

Current thread (0x0000013580895000):  JavaThread "C2 CompilerThread1" daemon [_thread_in_native, id=12192, stack(0x000000070c200000,0x000000070c300000)]


Current CompileTask:
C2: 441567 17359       4       org.gradle.internal.component.model.ComponentAttributeMatcher::match (259 bytes)

Stack: [0x000000070c200000,0x000000070c300000],  sp=0x000000070c2fbca8,  free space=1007k
Native frames: (J=compiled Java code, j=interpreted, Vv=VM code, C=native code)
C  0x00000135fe6d1348


siginfo: EXCEPTION_ACCESS_VIOLATION (0xc0000005), data execution prevention violation at address 0x00000135fe6d1348


Register to memory mapping:

RIP=0x00000135fe6d1348 points into unknown readable memory: 0x00007ffe710eb538 | 38 b5 0e 71 fe 7f 00 00
RAX=0x00000135fe6d12b0 points into unknown readable memory: 0x0000000000000000 | 00 00 00 00 00 00 00 00
RBX=0x0000013580f50410 points into unknown readable memory: 0x0000000000000000 | 00 00 00 00 00 00 00 00
RCX=0x00000135fe6d1238 points into unknown readable memory: 0x00000135fe6d12b0 | b0 12 6d fe 35 01 00 00
RDX=0x0000000000000001 is an unknown value
RSP=0x000000070c2fbca8 is pointing into the stack for thread: 0x0000013580895000
RBP=0xffffffffffffffff is an unknown value
RSI=0x000000070c2fc1b0 is pointing into the stack for thread: 0x0000013580895000
RDI=0x0000000000000a20 is an unknown value
R8 =
[error occurred during error reporting (printing register info), id 0xc0000005, EXCEPTION_ACCESS_VIOLATION (0xc0000005) at pc=0x00007ffe70c59dc7]

Registers:
RAX=0x00000135fe6d12b0, RBX=0x0000013580f50410, RCX=0x00000135fe6d1238, RDX=0x0000000000000001
RSP=0x000000070c2fbca8, RBP=0xffffffffffffffff, RSI=0x000000070c2fc1b0, RDI=0x0000000000000a20
R8 =0x00000000ffffffff, R9 =0x0000000000000000, R10=0x0000013580f4f280, R11=0x000000000000000d
R12=0x0000000000000001, R13=0x0000000000000008, R14=0x00000135fe6d1238, R15=0x00000135fa529668
RIP=0x00000135fe6d1348, EFLAGS=0x0000000000010202

Top of Stack: (sp=0x000000070c2fbca8)
0x000000070c2fbca8:   00007ffe70b1aa8f 0000013580f4f1f0
0x000000070c2fbcb8:   0000013580f4f228 0000013580f4f1f0
0x000000070c2fbcc8:   00007ffe7130c4b0 0000049700000003
0x000000070c2fbcd8:   0000000700000003 00000135fa529668
0x000000070c2fbce8:   00007ffe70f96556 0000000000000000
0x000000070c2fbcf8:   0000000000000000 000000070c2fbe10
0x000000070c2fbd08:   00000135831be1a0 00000135831be1b0
0x000000070c2fbd18:   0000000000000008 00000000000003d8
0x000000070c2fbd28:   000000070c2fbe50 00000135831be588
0x000000070c2fbd38:   000000070c2fc298 000000070c2fc1b0
0x000000070c2fbd48:   00007ffe70b17a7a 000000070c2fc1b0
0x000000070c2fbd58:   000000070c2fbe00 000000070c2fc200
0x000000070c2fbd68:   00000135ffffffff 000000000000a900
0x000000070c2fbd78:   0000000000000000 0000000700000006
0x000000070c2fbd88:   00000135831be1a0 0000013580eeb000
0x000000070c2fbd98:   0000013580f6ff90 0000013580f6ff90 

Instructions: (pc=0x00000135fe6d1348)
0x00000135fe6d1248:   04 00 00 00 04 00 00 00 03 00 00 00 04 00 00 00
0x00000135fe6d1258:   49 0a 00 00 02 00 00 00 00 00 00 00 00 00 00 00
0x00000135fe6d1268:   05 00 00 00 35 01 00 00 78 12 6d fe 35 01 00 00
0x00000135fe6d1278:   a8 12 6d fe 35 01 00 00 d0 12 6d fe 35 01 00 00
0x00000135fe6d1288:   e0 12 6d fe 35 01 00 00 a8 13 6d fe 35 01 00 00
0x00000135fe6d1298:   b0 13 6d fe 35 01 00 00 00 00 00 00 00 00 00 00
0x00000135fe6d12a8:   f8 9a 0e 71 fe 7f 00 00 00 00 00 00 00 00 00 00
0x00000135fe6d12b8:   e8 12 6d fe 35 01 00 00 78 14 6d fe 35 01 00 00
0x00000135fe6d12c8:   b8 13 6d fe 35 01 00 00 c8 d9 0e 71 fe 7f 00 00
0x00000135fe6d12d8:   05 00 00 00 00 00 00 00 38 b5 0e 71 fe 7f 00 00
0x00000135fe6d12e8:   18 d3 11 71 fe 7f 00 00 50 13 6d fe 35 01 00 00
0x00000135fe6d12f8:   88 13 6d fe 35 01 00 00 02 00 00 00 04 00 00 00
0x00000135fe6d1308:   01 00 00 00 04 00 00 00 4a 0a 00 00 02 00 00 00
0x00000135fe6d1318:   00 00 00 00 00 00 00 00 03 00 00 00 35 01 00 00
0x00000135fe6d1328:   30 13 6d fe 35 01 00 00 48 13 6d fe 35 01 00 00
0x00000135fe6d1338:   70 13 6d fe 35 01 00 00 78 13 6d fe 35 01 00 00
0x00000135fe6d1348:   38 b5 0e 71 fe 7f 00 00 00 00 00 00 00 00 00 00
0x00000135fe6d1358:   78 14 6d fe 35 01 00 00 00 00 00 00 00 00 00 00
0x00000135fe6d1368:   00 00 00 00 00 00 00 00 f8 9a 0e 71 fe 7f 00 00
0x00000135fe6d1378:   38 78 0e 71 fe 7f 00 00 0a 00 00 00 01 00 00 00
0x00000135fe6d1388:   30 12 6d fe 35 01 00 00 00 00 00 00 00 00 00 00
0x00000135fe6d1398:   07 00 00 00 07 00 00 00 10 14 6d fe 35 01 00 00
0x00000135fe6d13a8:   f8 9a 0e 71 fe 7f 00 00 f8 9a 0e 71 fe 7f 00 00
0x00000135fe6d13b8:   e0 78 0f 71 fe 7f 00 00 28 14 6d fe 35 01 00 00
0x00000135fe6d13c8:   58 14 6d fe 35 01 00 00 01 00 00 00 04 00 00 00
0x00000135fe6d13d8:   01 00 00 00 04 00 00 00 4b 0a 00 00 02 00 00 00
0x00000135fe6d13e8:   10 00 00 00 00 00 00 00 02 00 00 00 00 00 00 00
0x00000135fe6d13f8:   00 14 6d fe 35 01 00 00 20 14 6d fe 35 01 00 00
0x00000135fe6d1408:   48 14 6d fe 35 01 00 00 38 78 0e 71 fe 7f 00 00
0x00000135fe6d1418:   0a 00 00 00 35 01 00 00 f8 9a 0e 71 fe 7f 00 00
0x00000135fe6d1428:   48 3f 14 81 35 01 00 00 00 00 00 00 00 00 00 00
0x00000135fe6d1438:   00 00 00 00 00 00 00 00 00 00 00 00 00 00 00 00 


Stack slot to memory mapping:
stack at sp + 0 slots: 0x00007ffe70b1aa8f jvm.dll
stack at sp + 1 slots: 0x0000013580f4f1f0 points into unknown readable memory: 0x0000000000000000 | 00 00 00 00 00 00 00 00
stack at sp + 2 slots: 0x0000013580f4f228 points into unknown readable memory: 0x0000000005555455 | 55 54 55 05 00 00 00 00
stack at sp + 3 slots: 0x0000013580f4f1f0 points into unknown readable memory: 0x0000000000000000 | 00 00 00 00 00 00 00 00
stack at sp + 4 slots: 0x00007ffe7130c4b0 jvm.dll
stack at sp + 5 slots: 0x0000049700000003 is an unknown value
stack at sp + 6 slots: 0x0000000700000003 is an unknown value
stack at sp + 7 slots: 0x00000135fa529668 points into unknown readable memory: 0x00007ffe71168568 | 68 85 16 71 fe 7f 00 00


---------------  P R O C E S S  ---------------

Threads class SMR info:
_java_thread_list=0x00000135f95d88f0, length=56, elements={
0x00000135dbef7000, 0x00000135f6749000, 0x00000135f674a800, 0x00000135f6765000,
0x00000135f6766800, 0x00000135f6767800, 0x00000135f676c800, 0x00000135f7126000,
0x00000135f712a800, 0x00000135f7217800, 0x00000135f8968000, 0x00000135f799c800,
0x00000135fa7b5000, 0x00000135f94b9800, 0x00000135f94b8000, 0x00000135f94b9000,
0x00000135f94b5800, 0x00000135f94bc000, 0x00000135f9c6f000, 0x00000135f9c70800,
0x00000135f9c72800, 0x00000135f9c74800, 0x00000135f9c77000, 0x00000135f9c79000,
0x00000135fe43a800, 0x00000135fe443800, 0x00000135fe43b800, 0x00000135fe43c800,
0x00000135fe43d000, 0x00000135fe43e000, 0x00000135fe439000, 0x00000135fe43f800,
0x00000135fe43a000, 0x00000135fe444800, 0x00000135fe445800, 0x00000135fe441800,
0x00000135fe443000, 0x00000135fe440800, 0x00000135fe442000, 0x00000135f9c6e000,
0x00000135f9c7c000, 0x00000135f9c7b800, 0x00000135f9c79800, 0x00000135f9c76800,
0x00000135f9c78000, 0x00000135f9c7d000, 0x00000135f94b7000, 0x00000135f94ba800,
0x00000135f94b6800, 0x0000013580892800, 0x0000013580895000, 0x0000013580894000,
0x0000013580895800, 0x0000013580896800, 0x0000013580890800, 0x0000013580897000
}

Java Threads: ( => current thread )
  0x00000135dbef7000 JavaThread "main" [_thread_blocked, id=10736, stack(0x000000070a000000,0x000000070a100000)]
  0x00000135f6749000 JavaThread "Reference Handler" daemon [_thread_blocked, id=10464, stack(0x000000070a700000,0x000000070a800000)]
  0x00000135f674a800 JavaThread "Finalizer" daemon [_thread_blocked, id=10956, stack(0x000000070a800000,0x000000070a900000)]
  0x00000135f6765000 JavaThread "Signal Dispatcher" daemon [_thread_blocked, id=8884, stack(0x000000070a900000,0x000000070aa00000)]
  0x00000135f6766800 JavaThread "Attach Listener" daemon [_thread_blocked, id=3324, stack(0x000000070aa00000,0x000000070ab00000)]
  0x00000135f6767800 JavaThread "Service Thread" daemon [_thread_blocked, id=10680, stack(0x000000070ab00000,0x000000070ac00000)]
  0x00000135f676c800 JavaThread "C2 CompilerThread0" daemon [_thread_in_native, id=3092, stack(0x000000070ac00000,0x000000070ad00000)]
  0x00000135f7126000 JavaThread "C1 CompilerThread0" daemon [_thread_blocked, id=10904, stack(0x000000070ad00000,0x000000070ae00000)]
  0x00000135f712a800 JavaThread "Sweeper thread" daemon [_thread_blocked, id=5100, stack(0x000000070ae00000,0x000000070af00000)]
  0x00000135f7217800 JavaThread "Common-Cleaner" daemon [_thread_blocked, id=13052, stack(0x000000070af00000,0x000000070b000000)]
  0x00000135f8968000 JavaThread "Daemon health stats" [_thread_blocked, id=3028, stack(0x000000070b400000,0x000000070b500000)]
  0x00000135f799c800 JavaThread "Incoming local TCP Connector on port 56353" [_thread_in_native, id=7596, stack(0x000000070b300000,0x000000070b400000)]
  0x00000135fa7b5000 JavaThread "Daemon periodic checks" [_thread_blocked, id=6520, stack(0x000000070b500000,0x000000070b600000)]
  0x00000135f94b9800 JavaThread "Cache worker for file hash cache (C:\Users\HP\.gradle\wrapper\dists\gradle-2.14.1-all\caches\7.0.2\fileHashes)" [_thread_blocked, id=11248, stack(0x000000070be00000,0x000000070bf00000)]
  0x00000135f94b8000 JavaThread "File lock request listener" [_thread_in_native, id=4144, stack(0x000000070bf00000,0x000000070c000000)]
  0x00000135f94b9000 JavaThread "Cache worker for journal cache (C:\Users\HP\.gradle\wrapper\dists\gradle-2.14.1-all\caches\journal-1)" [_thread_blocked, id=3984, stack(0x000000070c000000,0x000000070c100000)]
  0x00000135f94b5800 JavaThread "File watcher server" daemon [_thread_in_native, id=9904, stack(0x000000070c300000,0x000000070c400000)]
  0x00000135f94bc000 JavaThread "File watcher consumer" daemon [_thread_blocked, id=11952, stack(0x000000070c400000,0x000000070c500000)]
  0x00000135f9c6f000 JavaThread "Cache worker for execution history cache (C:\Users\HP\.gradle\wrapper\dists\gradle-2.14.1-all\caches\7.0.2\executionHistory)" [_thread_blocked, id=1524, stack(0x000000070c800000,0x000000070c900000)]
  0x00000135f9c70800 JavaThread "jar transforms" [_thread_blocked, id=11028, stack(0x000000070c900000,0x000000070ca00000)]
  0x00000135f9c72800 JavaThread "jar transforms Thread 2" [_thread_blocked, id=3376, stack(0x000000070ca00000,0x000000070cb00000)]
  0x00000135f9c74800 JavaThread "Cache worker for file content cache (C:\Users\HP\.gradle\wrapper\dists\gradle-2.14.1-all\caches\7.0.2\fileContent)" [_thread_blocked, id=10544, stack(0x000000070cb00000,0x000000070cc00000)]
  0x00000135f9c77000 JavaThread "jar transforms Thread 3" [_thread_blocked, id=5600, stack(0x000000070cd00000,0x000000070ce00000)]
  0x00000135f9c79000 JavaThread "jar transforms Thread 4" [_thread_blocked, id=6056, stack(0x000000070d300000,0x000000070d400000)]
  0x00000135fe43a800 JavaThread "Memory manager" [_thread_blocked, id=12556, stack(0x000000070d400000,0x000000070d500000)]
  0x00000135fe443800 JavaThread "ForkJoinPool.commonPool-worker-3" daemon [_thread_blocked, id=6544, stack(0x000000070c100000,0x000000070c200000)]
  0x00000135fe43b800 JavaThread "Daemon Thread 2" [_thread_blocked, id=8900, stack(0x0000000709e00000,0x0000000709f00000)]
  0x00000135fe43c800 JavaThread "Handler for socket connection from /127.0.0.1:56353 to /127.0.0.1:56383" [_thread_in_native, id=2796, stack(0x0000000709f00000,0x000000070a000000)]
  0x00000135fe43d000 JavaThread "Cancel handler" [_thread_blocked, id=8744, stack(0x000000070b600000,0x000000070b700000)]
  0x00000135fe43e000 JavaThread "Daemon worker Thread 2" [_thread_in_vm, id=1412, stack(0x000000070b700000,0x000000070b800000)]
  0x00000135fe439000 JavaThread "Asynchronous log dispatcher for DefaultDaemonConnection: socket connection from /127.0.0.1:56353 to /127.0.0.1:56383" [_thread_blocked, id=12640, stack(0x000000070b800000,0x000000070b900000)]
  0x00000135fe43f800 JavaThread "Stdin handler" [_thread_blocked, id=5968, stack(0x000000070b900000,0x000000070ba00000)]
  0x00000135fe43a000 JavaThread "Daemon client event forwarder" [_thread_blocked, id=11312, stack(0x000000070ba00000,0x000000070bb00000)]
  0x00000135fe444800 JavaThread "Cache worker for file hash cache (C:\Users\HP\AndroidStudioProjects\QuizzerExtended\QuizzerClass\.gradle\7.0.2\fileHashes)" [_thread_blocked, id=2656, stack(0x000000070bb00000,0x000000070bc00000)]
  0x00000135fe445800 JavaThread "Cache worker for checksums cache (C:\Users\HP\AndroidStudioProjects\QuizzerExtended\QuizzerClass\.gradle\checksums)" [_thread_blocked, id=12764, stack(0x000000070bc00000,0x000000070bd00000)]
  0x00000135fe441800 JavaThread "Cache worker for cache directory md-supplier (C:\Users\HP\.gradle\wrapper\dists\gradle-2.14.1-all\caches\7.0.2\md-supplier)" [_thread_blocked, id=6940, stack(0x000000070c500000,0x000000070c600000)]
  0x00000135fe443000 JavaThread "Cache worker for cache directory md-rule (C:\Users\HP\.gradle\wrapper\dists\gradle-2.14.1-all\caches\7.0.2\md-rule)" [_thread_blocked, id=7704, stack(0x000000070c600000,0x000000070c700000)]
  0x00000135fe440800 JavaThread "Cache worker for dependencies-accessors (C:\Users\HP\AndroidStudioProjects\QuizzerExtended\QuizzerClass\.gradle\7.0.2\dependencies-accessors)" [_thread_blocked, id=11252, stack(0x000000070c700000,0x000000070c800000)]
  0x00000135fe442000 JavaThread "Cache worker for Build Output Cleanup Cache (C:\Users\HP\AndroidStudioProjects\QuizzerExtended\QuizzerClass\.gradle\buildOutputCleanup)" [_thread_blocked, id=6904, stack(0x000000070cc00000,0x000000070cd00000)]
  0x00000135f9c6e000 JavaThread "Build operations" [_thread_blocked, id=9892, stack(0x000000070ce00000,0x000000070cf00000)]
  0x00000135f9c7c000 JavaThread "Build operations Thread 2" [_thread_blocked, id=9820, stack(0x000000070cf00000,0x000000070d000000)]
  0x00000135f9c7b800 JavaThread "Build operations Thread 3" [_thread_blocked, id=1600, stack(0x000000070d000000,0x000000070d100000)]
  0x00000135f9c79800 JavaThread "Build operations Thread 4" [_thread_blocked, id=2592, stack(0x000000070d100000,0x000000070d200000)]
  0x00000135f9c76800 JavaThread "build event listener" [_thread_blocked, id=5444, stack(0x000000070d200000,0x000000070d300000)]
  0x00000135f9c78000 JavaThread "Execution worker for ':'" [_thread_blocked, id=7640, stack(0x000000070d500000,0x000000070d600000)]
  0x00000135f9c7d000 JavaThread "Execution worker for ':' Thread 2" [_thread_blocked, id=4076, stack(0x000000070d600000,0x000000070d700000)]
  0x00000135f94b7000 JavaThread "Execution worker for ':' Thread 3" [_thread_in_Java, id=9848, stack(0x000000070d700000,0x000000070d800000)]
  0x00000135f94ba800 JavaThread "Cache worker for execution history cache (C:\Users\HP\AndroidStudioProjects\QuizzerExtended\QuizzerClass\.gradle\7.0.2\executionHistory)" [_thread_blocked, id=7764, stack(0x000000070d800000,0x000000070d900000)]
  0x00000135f94b6800 JavaThread "Cache worker for Java compile cache (C:\Users\HP\.gradle\wrapper\dists\gradle-2.14.1-all\caches\7.0.2\javaCompile)" [_thread_blocked, id=12952, stack(0x000000070d900000,0x000000070da00000)]
  0x0000013580892800 JavaThread "Cache worker for Java compile cache (C:\Users\HP\AndroidStudioProjects\QuizzerExtended\QuizzerClass\.gradle\7.0.2\javaCompile)" [_thread_blocked, id=3968, stack(0x000000070da00000,0x000000070db00000)]
=>0x0000013580895000 JavaThread "C2 CompilerThread1" daemon [_thread_in_native, id=12192, stack(0x000000070c200000,0x000000070c300000)]
  0x0000013580894000 JavaThread "WorkerExecutor Queue" [_thread_blocked, id=13252, stack(0x000000070db00000,0x000000070dc00000)]
  0x0000013580895800 JavaThread "WorkerExecutor Queue Thread 2" [_thread_blocked, id=9352, stack(0x000000070dc00000,0x000000070dd00000)]
  0x0000013580896800 JavaThread "WorkerExecutor Queue Thread 3" [_thread_blocked, id=5476, stack(0x000000070dd00000,0x000000070de00000)]
  0x0000013580890800 JavaThread "WorkerExecutor Queue Thread 4" [_thread_blocked, id=2440, stack(0x000000070de00000,0x000000070df00000)]
  0x0000013580897000 JavaThread "WorkerExecutor Queue Thread 5" [_thread_blocked, id=11644, stack(0x000000070df00000,0x000000070e000000)]

Other Threads:
  0x00000135f6724000 VMThread "VM Thread" [stack: 0x000000070a600000,0x000000070a700000] [id=6268]
  0x00000135f7285800 WatcherThread [stack: 0x000000070b000000,0x000000070b100000] [id=12144]
  0x00000135dbf10800 GCTaskThread "GC Thread#0" [stack: 0x000000070a100000,0x000000070a200000] [id=12264]
  0x00000135f75c9800 GCTaskThread "GC Thread#1" [stack: 0x000000070b100000,0x000000070b200000] [id=11392]
  0x00000135f76a5800 GCTaskThread "GC Thread#2" [stack: 0x000000070b200000,0x000000070b300000] [id=12488]
  0x00000135fa5f0000 GCTaskThread "GC Thread#3" [stack: 0x000000070bd00000,0x000000070be00000] [id=11156]
  0x00000135dbf37000 ConcurrentGCThread "G1 Main Marker" [stack: 0x000000070a200000,0x000000070a300000] [id=8748]
  0x00000135dbf39000 ConcurrentGCThread "G1 Conc#0" [stack: 0x000000070a300000,0x000000070a400000] [id=10892]
  0x00000135dbfc8000 ConcurrentGCThread "G1 Refine#0" [stack: 0x000000070a400000,0x000000070a500000] [id=12172]
  0x00000135dbfc9000 ConcurrentGCThread "G1 Young RemSet Sampling" [stack: 0x000000070a500000,0x000000070a600000] [id=888]

Threads with active compile tasks:
C2 CompilerThread0 441692 17360       4       org.gradle.api.internal.attributes.DefaultImmutableAttributesFactory::concat (126 bytes)
C2 CompilerThread1 441692 17359       4       org.gradle.internal.component.model.ComponentAttributeMatcher::match (259 bytes)

VM state:not at safepoint (normal execution)

VM Mutex/Monitor currently owned by a thread: None

Heap address: 0x00000000a0000000, size: 1536 MB, Compressed Oops mode: 32-bit
Narrow klass base: 0x0000000000000000, Narrow klass shift: 3
Compressed class space size: 1073741824 Address: 0x0000000100000000

Heap:
 garbage-first heap   total 189440K, used 122427K [0x00000000a0000000, 0x0000000100000000)
  region size 1024K, 7 young (7168K), 3 survivors (3072K)
 Metaspace       used 111195K, capacity 114247K, committed 114544K, reserved 1148928K
  class space    used 14203K, capacity 15341K, committed 15436K, reserved 1048576K
Heap Regions: E=young(eden), S=young(survivor), O=old, HS=humongous(starts), HC=humongous(continues), CS=collection set, F=free, A=archive, TAMS=top-at-mark-start (previous, next)
|   0|0x00000000a0000000, 0x00000000a0100000, 0x00000000a0100000|100%|HS|  |TAMS 0x00000000a0100000, 0x00000000a0000000| Complete 
|   1|0x00000000a0100000, 0x00000000a0200000, 0x00000000a0200000|100%|HC|  |TAMS 0x00000000a0200000, 0x00000000a0100000| Complete 
|   2|0x00000000a0200000, 0x00000000a0300000, 0x00000000a0300000|100%|HC|  |TAMS 0x00000000a0300000, 0x00000000a0200000| Complete 
|   3|0x00000000a0300000, 0x00000000a0400000, 0x00000000a0400000|100%| O|  |TAMS 0x00000000a0400000, 0x00000000a0300000| Complete 
|   4|0x00000000a0400000, 0x00000000a0500000, 0x00000000a0500000|100%| O|  |TAMS 0x00000000a0500000, 0x00000000a0400000| Untracked 
|   5|0x00000000a0500000, 0x00000000a0600000, 0x00000000a0600000|100%| O|  |TAMS 0x00000000a0600000, 0x00000000a0500000| Complete 
|   6|0x00000000a0600000, 0x00000000a0700000, 0x00000000a0700000|100%| O|  |TAMS 0x00000000a0700000, 0x00000000a0600000| Untracked 
|   7|0x00000000a0700000, 0x00000000a0800000, 0x00000000a0800000|100%| O|  |TAMS 0x00000000a0800000, 0x00000000a0700000| Complete 
|   8|0x00000000a0800000, 0x00000000a0900000, 0x00000000a0900000|100%| O|  |TAMS 0x00000000a0900000, 0x00000000a0800000| Untracked 
|   9|0x00000000a0900000, 0x00000000a0a00000, 0x00000000a0a00000|100%| O|  |TAMS 0x00000000a0a00000, 0x00000000a0900000| Untracked 
|  10|0x00000000a0a00000, 0x00000000a0b00000, 0x00000000a0b00000|100%| O|  |TAMS 0x00000000a0b00000, 0x00000000a0a00000| Untracked 
|  11|0x00000000a0b00000, 0x00000000a0c00000, 0x00000000a0c00000|100%| O|  |TAMS 0x00000000a0c00000, 0x00000000a0b00000| Untracked 
|  12|0x00000000a0c00000, 0x00000000a0d00000, 0x00000000a0d00000|100%| O|  |TAMS 0x00000000a0d00000, 0x00000000a0c00000| Untracked 
|  13|0x00000000a0d00000, 0x00000000a0e00000, 0x00000000a0e00000|100%| O|  |TAMS 0x00000000a0e00000, 0x00000000a0d00000| Untracked 
|  14|0x00000000a0e00000, 0x00000000a0f00000, 0x00000000a0f00000|100%| O|  |TAMS 0x00000000a0f00000, 0x00000000a0e00000| Untracked 
|  15|0x00000000a0f00000, 0x00000000a1000000, 0x00000000a1000000|100%| O|  |TAMS 0x00000000a1000000, 0x00000000a0f00000| Untracked 
|  16|0x00000000a1000000, 0x00000000a1100000, 0x00000000a1100000|100%|HS|  |TAMS 0x00000000a1100000, 0x00000000a1000000| Complete 
|  17|0x00000000a1100000, 0x00000000a1200000, 0x00000000a1200000|100%| O|  |TAMS 0x00000000a1200000, 0x00000000a1100000| Untracked 
|  18|0x00000000a1200000, 0x00000000a1300000, 0x00000000a1300000|100%| O|  |TAMS 0x00000000a1300000, 0x00000000a1200000| Untracked 
|  19|0x00000000a1300000, 0x00000000a1400000, 0x00000000a1400000|100%| O|  |TAMS 0x00000000a1400000, 0x00000000a1300000| Complete 
|  20|0x00000000a1400000, 0x00000000a1500000, 0x00000000a1500000|100%| O|  |TAMS 0x00000000a1500000, 0x00000000a1400000| Complete 
|  21|0x00000000a1500000, 0x00000000a1600000, 0x00000000a1600000|100%| O|  |TAMS 0x00000000a1600000, 0x00000000a1500000| Untracked 
|  22|0x00000000a1600000, 0x00000000a1700000, 0x00000000a1700000|100%| O|  |TAMS 0x00000000a1700000, 0x00000000a1600000| Complete 
|  23|0x00000000a1700000, 0x00000000a1800000, 0x00000000a1800000|100%|HS|  |TAMS 0x00000000a1800000, 0x00000000a1700000| Complete 
|  24|0x00000000a1800000, 0x00000000a1900000, 0x00000000a1900000|100%|HS|  |TAMS 0x00000000a1900000, 0x00000000a1800000| Complete 
|  25|0x00000000a1900000, 0x00000000a1a00000, 0x00000000a1a00000|100%|HC|  |TAMS 0x00000000a1a00000, 0x00000000a1900000| Complete 
|  26|0x00000000a1a00000, 0x00000000a1b00000, 0x00000000a1b00000|100%| O|  |TAMS 0x00000000a1b00000, 0x00000000a1a00000| Untracked 
|  27|0x00000000a1b00000, 0x00000000a1c00000, 0x00000000a1c00000|100%| O|  |TAMS 0x00000000a1c00000, 0x00000000a1b00000| Untracked 
|  28|0x00000000a1c00000, 0x00000000a1d00000, 0x00000000a1d00000|100%| O|  |TAMS 0x00000000a1d00000, 0x00000000a1c00000| Complete 
|  29|0x00000000a1d00000, 0x00000000a1e00000, 0x00000000a1e00000|100%| O|  |TAMS 0x00000000a1e00000, 0x00000000a1d00000| Untracked 
|  30|0x00000000a1e00000, 0x00000000a1f00000, 0x00000000a1f00000|100%| O|  |TAMS 0x00000000a1f00000, 0x00000000a1e00000| Untracked 
|  31|0x00000000a1f00000, 0x00000000a2000000, 0x00000000a2000000|100%| O|  |TAMS 0x00000000a2000000, 0x00000000a1f00000| Complete 
|  32|0x00000000a2000000, 0x00000000a2100000, 0x00000000a2100000|100%| O|  |TAMS 0x00000000a2100000, 0x00000000a2000000| Untracked 
|  33|0x00000000a2100000, 0x00000000a2200000, 0x00000000a2200000|100%| O|  |TAMS 0x00000000a2200000, 0x00000000a2100000| Untracked 
|  34|0x00000000a2200000, 0x00000000a2300000, 0x00000000a2300000|100%| O|  |TAMS 0x00000000a2300000, 0x00000000a2200000| Complete 
|  35|0x00000000a2300000, 0x00000000a2400000, 0x00000000a2400000|100%| O|  |TAMS 0x00000000a2400000, 0x00000000a2300000| Complete 
|  36|0x00000000a2400000, 0x00000000a2500000, 0x00000000a2500000|100%| O|  |TAMS 0x00000000a2500000, 0x00000000a2400000| Untracked 
|  37|0x00000000a2500000, 0x00000000a2600000, 0x00000000a2600000|100%| O|  |TAMS 0x00000000a2600000, 0x00000000a2500000| Untracked 
|  38|0x00000000a2600000, 0x00000000a2700000, 0x00000000a2700000|100%| O|  |TAMS 0x00000000a2700000, 0x00000000a2600000| Untracked 
|  39|0x00000000a2700000, 0x00000000a2800000, 0x00000000a2800000|100%| O|  |TAMS 0x00000000a2800000, 0x00000000a2700000| Complete 
|  40|0x00000000a2800000, 0x00000000a2900000, 0x00000000a2900000|100%| O|  |TAMS 0x00000000a2900000, 0x00000000a2800000| Complete 
|  41|0x00000000a2900000, 0x00000000a2a00000, 0x00000000a2a00000|100%| O|  |TAMS 0x00000000a2a00000, 0x00000000a2900000| Complete 
|  42|0x00000000a2a00000, 0x00000000a2b00000, 0x00000000a2b00000|100%| O|  |TAMS 0x00000000a2b00000, 0x00000000a2a00000| Untracked 
|  43|0x00000000a2b00000, 0x00000000a2c00000, 0x00000000a2c00000|100%| O|  |TAMS 0x00000000a2c00000, 0x00000000a2b00000| Untracked 
|  44|0x00000000a2c00000, 0x00000000a2d00000, 0x00000000a2d00000|100%| O|  |TAMS 0x00000000a2d00000, 0x00000000a2c00000| Untracked 
|  45|0x00000000a2d00000, 0x00000000a2e00000, 0x00000000a2e00000|100%| O|  |TAMS 0x00000000a2e00000, 0x00000000a2d00000| Untracked 
|  46|0x00000000a2e00000, 0x00000000a2f00000, 0x00000000a2f00000|100%| O|  |TAMS 0x00000000a2f00000, 0x00000000a2e00000| Complete 
|  47|0x00000000a2f00000, 0x00000000a3000000, 0x00000000a3000000|100%| O|  |TAMS 0x00000000a3000000, 0x00000000a2f00000| Complete 
|  48|0x00000000a3000000, 0x00000000a3100000, 0x00000000a3100000|100%| O|  |TAMS 0x00000000a3100000, 0x00000000a3000000| Untracked 
|  49|0x00000000a3100000, 0x00000000a3200000, 0x00000000a3200000|100%| O|  |TAMS 0x00000000a3200000, 0x00000000a3100000| Untracked 
|  50|0x00000000a3200000, 0x00000000a3300000, 0x00000000a3300000|100%| O|  |TAMS 0x00000000a3300000, 0x00000000a3200000| Untracked 
|  51|0x00000000a3300000, 0x00000000a3400000, 0x00000000a3400000|100%| O|  |TAMS 0x00000000a3400000, 0x00000000a3300000| Untracked 
|  52|0x00000000a3400000, 0x00000000a3500000, 0x00000000a3500000|100%| O|  |TAMS 0x00000000a3500000, 0x00000000a3400000| Untracked 
|  53|0x00000000a3500000, 0x00000000a3600000, 0x00000000a3600000|100%| O|  |TAMS 0x00000000a3600000, 0x00000000a3500000| Untracked 
|  54|0x00000000a3600000, 0x00000000a3700000, 0x00000000a3700000|100%| O|  |TAMS 0x00000000a3700000, 0x00000000a3600000| Untracked 
|  55|0x00000000a3700000, 0x00000000a3800000, 0x00000000a3800000|100%| O|  |TAMS 0x00000000a3800000, 0x00000000a3700000| Complete 
|  56|0x00000000a3800000, 0x00000000a3900000, 0x00000000a3900000|100%| O|  |TAMS 0x00000000a3900000, 0x00000000a3800000| Complete 
|  57|0x00000000a3900000, 0x00000000a3a00000, 0x00000000a3a00000|100%| O|  |TAMS 0x00000000a3a00000, 0x00000000a3900000| Untracked 
|  58|0x00000000a3a00000, 0x00000000a3b00000, 0x00000000a3b00000|100%| O|  |TAMS 0x00000000a3b00000, 0x00000000a3a00000| Untracked 
|  59|0x00000000a3b00000, 0x00000000a3c00000, 0x00000000a3c00000|100%| O|  |TAMS 0x00000000a3c00000, 0x00000000a3b00000| Complete 
|  60|0x00000000a3c00000, 0x00000000a3d00000, 0x00000000a3d00000|100%| O|  |TAMS 0x00000000a3d00000, 0x00000000a3c00000| Complete 
|  61|0x00000000a3d00000, 0x00000000a3e00000, 0x00000000a3e00000|100%| O|  |TAMS 0x00000000a3e00000, 0x00000000a3d00000| Complete 
|  62|0x00000000a3e00000, 0x00000000a3f00000, 0x00000000a3f00000|100%| O|  |TAMS 0x00000000a3f00000, 0x00000000a3e00000| Untracked 
|  63|0x00000000a3f00000, 0x00000000a4000000, 0x00000000a4000000|100%| O|  |TAMS 0x00000000a4000000, 0x00000000a3f00000| Complete 
|  64|0x00000000a4000000, 0x00000000a4100000, 0x00000000a4100000|100%| O|  |TAMS 0x00000000a4100000, 0x00000000a4000000| Complete 
|  65|0x00000000a4100000, 0x00000000a4200000, 0x00000000a4200000|100%| O|  |TAMS 0x00000000a4200000, 0x00000000a4100000| Complete 
|  66|0x00000000a4200000, 0x00000000a4300000, 0x00000000a4300000|100%| O|  |TAMS 0x00000000a4300000, 0x00000000a4200000| Complete 
|  67|0x00000000a4300000, 0x00000000a4400000, 0x00000000a4400000|100%| O|  |TAMS 0x00000000a4400000, 0x00000000a4300000| Complete 
|  68|0x00000000a4400000, 0x00000000a4500000, 0x00000000a4500000|100%| O|  |TAMS 0x00000000a4500000, 0x00000000a4400000| Untracked 
|  69|0x00000000a4500000, 0x00000000a4600000, 0x00000000a4600000|100%| O|  |TAMS 0x00000000a4600000, 0x00000000a4500000| Complete 
|  70|0x00000000a4600000, 0x00000000a4700000, 0x00000000a4700000|100%| O|  |TAMS 0x00000000a4700000, 0x00000000a4600000| Untracked 
|  71|0x00000000a4700000, 0x00000000a4800000, 0x00000000a4800000|100%| O|  |TAMS 0x00000000a4800000, 0x00000000a4700000| Complete 
|  72|0x00000000a4800000, 0x00000000a4900000, 0x00000000a4900000|100%| O|  |TAMS 0x00000000a4900000, 0x00000000a4800000| Untracked 
|  73|0x00000000a4900000, 0x00000000a4a00000, 0x00000000a4a00000|100%| O|  |TAMS 0x00000000a4900000, 0x00000000a4900000| Untracked 
|  74|0x00000000a4a00000, 0x00000000a4b00000, 0x00000000a4b00000|100%| O|  |TAMS 0x00000000a4b00000, 0x00000000a4a00000| Complete 
|  75|0x00000000a4b00000, 0x00000000a4c00000, 0x00000000a4c00000|100%| O|  |TAMS 0x00000000a4c00000, 0x00000000a4b00000| Complete 
|  76|0x00000000a4c00000, 0x00000000a4d00000, 0x00000000a4d00000|100%| O|  |TAMS 0x00000000a4c00000, 0x00000000a4c00000| Untracked 
|  77|0x00000000a4d00000, 0x00000000a4e00000, 0x00000000a4e00000|100%| O|  |TAMS 0x00000000a4e00000, 0x00000000a4d00000| Complete 
|  78|0x00000000a4e00000, 0x00000000a4f00000, 0x00000000a4f00000|100%| O|  |TAMS 0x00000000a4e00000, 0x00000000a4e00000| Untracked 
|  79|0x00000000a4f00000, 0x00000000a5000000, 0x00000000a5000000|100%| O|  |TAMS 0x00000000a5000000, 0x00000000a4f00000| Untracked 
|  80|0x00000000a5000000, 0x00000000a5100000, 0x00000000a5100000|100%| O|  |TAMS 0x00000000a5100000, 0x00000000a5000000| Untracked 
|  81|0x00000000a5100000, 0x00000000a5200000, 0x00000000a5200000|100%| O|  |TAMS 0x00000000a5200000, 0x00000000a5100000| Untracked 
|  82|0x00000000a5200000, 0x00000000a5300000, 0x00000000a5300000|100%| O|  |TAMS 0x00000000a5300000, 0x00000000a5200000| Untracked 
|  83|0x00000000a5300000, 0x00000000a5400000, 0x00000000a5400000|100%| O|  |TAMS 0x00000000a5400000, 0x00000000a5300000| Untracked 
|  84|0x00000000a5400000, 0x00000000a5500000, 0x00000000a5500000|100%| O|  |TAMS 0x00000000a5500000, 0x00000000a5400000| Complete 
|  85|0x00000000a5500000, 0x00000000a5600000, 0x00000000a5600000|100%| O|  |TAMS 0x00000000a5600000, 0x00000000a5500000| Untracked 
|  86|0x00000000a5600000, 0x00000000a5700000, 0x00000000a5700000|100%| O|  |TAMS 0x00000000a5600000, 0x00000000a5600000| Untracked 
|  87|0x00000000a5700000, 0x00000000a5800000, 0x00000000a5800000|100%| O|  |TAMS 0x00000000a5700000, 0x00000000a5700000| Untracked 
|  88|0x00000000a5800000, 0x00000000a5900000, 0x00000000a5900000|100%| O|  |TAMS 0x00000000a5900000, 0x00000000a5800000| Untracked 
|  89|0x00000000a5900000, 0x00000000a5a00000, 0x00000000a5a00000|100%| O|  |TAMS 0x00000000a5a00000, 0x00000000a5900000| Complete 
|  90|0x00000000a5a00000, 0x00000000a5b00000, 0x00000000a5b00000|100%| O|  |TAMS 0x00000000a5b00000, 0x00000000a5a00000| Untracked 
|  91|0x00000000a5b00000, 0x00000000a5b8ee00, 0x00000000a5c00000| 55%| O|  |TAMS 0x00000000a5b00000, 0x00000000a5b00000| Untracked 
|  92|0x00000000a5c00000, 0x00000000a5d00000, 0x00000000a5d00000|100%|HS|  |TAMS 0x00000000a5d00000, 0x00000000a5c00000| Complete 
|  93|0x00000000a5d00000, 0x00000000a5e00000, 0x00000000a5e00000|100%|HC|  |TAMS 0x00000000a5e00000, 0x00000000a5d00000| Complete 
|  94|0x00000000a5e00000, 0x00000000a5f00000, 0x00000000a5f00000|100%| O|  |TAMS 0x00000000a5f00000, 0x00000000a5e00000| Untracked 
|  95|0x00000000a5f00000, 0x00000000a5f00000, 0x00000000a6000000|  0%| F|  |TAMS 0x00000000a5f00000, 0x00000000a5f00000| Untracked 
|  96|0x00000000a6000000, 0x00000000a6100000, 0x00000000a6100000|100%| O|  |TAMS 0x00000000a6100000, 0x00000000a6000000| Complete 
|  97|0x00000000a6100000, 0x00000000a6200000, 0x00000000a6200000|100%| O|  |TAMS 0x00000000a6200000, 0x00000000a6100000| Untracked 
|  98|0x00000000a6200000, 0x00000000a6300000, 0x00000000a6300000|100%| O|  |TAMS 0x00000000a6300000, 0x00000000a6200000| Untracked 
|  99|0x00000000a6300000, 0x00000000a6400000, 0x00000000a6400000|100%| O|  |TAMS 0x00000000a6400000, 0x00000000a6300000| Complete 
| 100|0x00000000a6400000, 0x00000000a6500000, 0x00000000a6500000|100%| O|  |TAMS 0x00000000a6500000, 0x00000000a6400000| Complete 
| 101|0x00000000a6500000, 0x00000000a6600000, 0x00000000a6600000|100%| O|  |TAMS 0x00000000a6600000, 0x00000000a6500000| Untracked 
| 102|0x00000000a6600000, 0x00000000a6700000, 0x00000000a6700000|100%| O|  |TAMS 0x00000000a6700000, 0x00000000a6600000| Untracked 
| 103|0x00000000a6700000, 0x00000000a6800000, 0x00000000a6800000|100%| O|  |TAMS 0x00000000a6800000, 0x00000000a6700000| Untracked 
| 104|0x00000000a6800000, 0x00000000a6900000, 0x00000000a6900000|100%| O|  |TAMS 0x00000000a6900000, 0x00000000a6800000| Complete 
| 105|0x00000000a6900000, 0x00000000a6a00000, 0x00000000a6a00000|100%| O|  |TAMS 0x00000000a6a00000, 0x00000000a6900000| Untracked 
| 106|0x00000000a6a00000, 0x00000000a6b00000, 0x00000000a6b00000|100%| O|  |TAMS 0x00000000a6b00000, 0x00000000a6a00000| Untracked 
| 107|0x00000000a6b00000, 0x00000000a6c00000, 0x00000000a6c00000|100%| O|  |TAMS 0x00000000a6c00000, 0x00000000a6b00000| Untracked 
| 108|0x00000000a6c00000, 0x00000000a6d00000, 0x00000000a6d00000|100%| O|  |TAMS 0x00000000a6d00000, 0x00000000a6c00000| Untracked 
| 109|0x00000000a6d00000, 0x00000000a6e00000, 0x00000000a6e00000|100%| O|  |TAMS 0x00000000a6e00000, 0x00000000a6d00000| Untracked 
| 110|0x00000000a6e00000, 0x00000000a6f00000, 0x00000000a6f00000|100%| O|  |TAMS 0x00000000a6f00000, 0x00000000a6e00000| Untracked 
| 111|0x00000000a6f00000, 0x00000000a7000000, 0x00000000a7000000|100%| O|  |TAMS 0x00000000a7000000, 0x00000000a6f00000| Untracked 
| 112|0x00000000a7000000, 0x00000000a7100000, 0x00000000a7100000|100%| O|  |TAMS 0x00000000a7100000, 0x00000000a7000000| Untracked 
| 113|0x00000000a7100000, 0x00000000a7200000, 0x00000000a7200000|100%| O|  |TAMS 0x00000000a7200000, 0x00000000a7100000| Untracked 
| 114|0x00000000a7200000, 0x00000000a7300000, 0x00000000a7300000|100%| O|  |TAMS 0x00000000a7300000, 0x00000000a7200000| Complete 
| 115|0x00000000a7300000, 0x00000000a7400000, 0x00000000a7400000|100%| O|  |TAMS 0x00000000a7400000, 0x00000000a7300000| Complete 
| 116|0x00000000a7400000, 0x00000000a7400000, 0x00000000a7500000|  0%| F|  |TAMS 0x00000000a7400000, 0x00000000a7400000| Untracked 
| 117|0x00000000a7500000, 0x00000000a7500000, 0x00000000a7600000|  0%| F|  |TAMS 0x00000000a7500000, 0x00000000a7500000| Untracked 
| 118|0x00000000a7600000, 0x00000000a7600000, 0x00000000a7700000|  0%| F|  |TAMS 0x00000000a7600000, 0x00000000a7600000| Untracked 
| 119|0x00000000a7700000, 0x00000000a7700000, 0x00000000a7800000|  0%| F|  |TAMS 0x00000000a7700000, 0x00000000a7700000| Untracked 
| 120|0x00000000a7800000, 0x00000000a7800000, 0x00000000a7900000|  0%| F|  |TAMS 0x00000000a7800000, 0x00000000a7800000| Untracked 
| 121|0x00000000a7900000, 0x00000000a7900000, 0x00000000a7a00000|  0%| F|  |TAMS 0x00000000a7900000, 0x00000000a7900000| Untracked 
| 122|0x00000000a7a00000, 0x00000000a7a00000, 0x00000000a7b00000|  0%| F|  |TAMS 0x00000000a7a00000, 0x00000000a7a00000| Untracked 
| 123|0x00000000a7b00000, 0x00000000a7b00000, 0x00000000a7c00000|  0%| F|  |TAMS 0x00000000a7b00000, 0x00000000a7b00000| Untracked 
| 124|0x00000000a7c00000, 0x00000000a7c00000, 0x00000000a7d00000|  0%| F|  |TAMS 0x00000000a7c00000, 0x00000000a7c00000| Untracked 
| 125|0x00000000a7d00000, 0x00000000a7d00000, 0x00000000a7e00000|  0%| F|  |TAMS 0x00000000a7d00000, 0x00000000a7d00000| Untracked 
| 126|0x00000000a7e00000, 0x00000000a7e00000, 0x00000000a7f00000|  0%| F|  |TAMS 0x00000000a7e00000, 0x00000000a7e00000| Untracked 
| 127|0x00000000a7f00000, 0x00000000a7f00000, 0x00000000a8000000|  0%| F|  |TAMS 0x00000000a7f00000, 0x00000000a7f00000| Untracked 
| 128|0x00000000a8000000, 0x00000000a8000000, 0x00000000a8100000|  0%| F|  |TAMS 0x00000000a8000000, 0x00000000a8000000| Untracked 
| 129|0x00000000a8100000, 0x00000000a8100000, 0x00000000a8200000|  0%| F|  |TAMS 0x00000000a8100000, 0x00000000a8100000| Untracked 
| 130|0x00000000a8200000, 0x00000000a8200000, 0x00000000a8300000|  0%| F|  |TAMS 0x00000000a8200000, 0x00000000a8200000| Untracked 
| 131|0x00000000a8300000, 0x00000000a8300000, 0x00000000a8400000|  0%| F|  |TAMS 0x00000000a8300000, 0x00000000a8300000| Untracked 
| 132|0x00000000a8400000, 0x00000000a8400000, 0x00000000a8500000|  0%| F|  |TAMS 0x00000000a8400000, 0x00000000a8400000| Untracked 
| 133|0x00000000a8500000, 0x00000000a8500000, 0x00000000a8600000|  0%| F|  |TAMS 0x00000000a8500000, 0x00000000a8500000| Untracked 
| 134|0x00000000a8600000, 0x00000000a8600000, 0x00000000a8700000|  0%| F|  |TAMS 0x00000000a8600000, 0x00000000a8600000| Untracked 
| 135|0x00000000a8700000, 0x00000000a8700000, 0x00000000a8800000|  0%| F|  |TAMS 0x00000000a8700000, 0x00000000a8700000| Untracked 
| 136|0x00000000a8800000, 0x00000000a8800000, 0x00000000a8900000|  0%| F|  |TAMS 0x00000000a8800000, 0x00000000a8800000| Untracked 
| 137|0x00000000a8900000, 0x00000000a8900000, 0x00000000a8a00000|  0%| F|  |TAMS 0x00000000a8900000, 0x00000000a8900000| Untracked 
| 138|0x00000000a8a00000, 0x00000000a8a00000, 0x00000000a8b00000|  0%| F|  |TAMS 0x00000000a8a00000, 0x00000000a8a00000| Untracked 
| 139|0x00000000a8b00000, 0x00000000a8b00000, 0x00000000a8c00000|  0%| F|  |TAMS 0x00000000a8b00000, 0x00000000a8b00000| Untracked 
| 140|0x00000000a8c00000, 0x00000000a8c00000, 0x00000000a8d00000|  0%| F|  |TAMS 0x00000000a8c00000, 0x00000000a8c00000| Untracked 
| 141|0x00000000a8d00000, 0x00000000a8d00000, 0x00000000a8e00000|  0%| F|  |TAMS 0x00000000a8d00000, 0x00000000a8d00000| Untracked 
| 142|0x00000000a8e00000, 0x00000000a8e00000, 0x00000000a8f00000|  0%| F|  |TAMS 0x00000000a8e00000, 0x00000000a8e00000| Untracked 
| 143|0x00000000a8f00000, 0x00000000a8f00000, 0x00000000a9000000|  0%| F|  |TAMS 0x00000000a8f00000, 0x00000000a8f00000| Untracked 
| 144|0x00000000a9000000, 0x00000000a9000000, 0x00000000a9100000|  0%| F|  |TAMS 0x00000000a9000000, 0x00000000a9000000| Untracked 
| 145|0x00000000a9100000, 0x00000000a9100000, 0x00000000a9200000|  0%| F|  |TAMS 0x00000000a9100000, 0x00000000a9100000| Untracked 
| 146|0x00000000a9200000, 0x00000000a9200000, 0x00000000a9300000|  0%| F|  |TAMS 0x00000000a9200000, 0x00000000a9200000| Untracked 
| 147|0x00000000a9300000, 0x00000000a9300000, 0x00000000a9400000|  0%| F|  |TAMS 0x00000000a9300000, 0x00000000a9300000| Untracked 
| 148|0x00000000a9400000, 0x00000000a9500000, 0x00000000a9500000|100%| S|CS|TAMS 0x00000000a9400000, 0x00000000a9400000| Complete 
| 149|0x00000000a9500000, 0x00000000a9600000, 0x00000000a9600000|100%| S|CS|TAMS 0x00000000a9500000, 0x00000000a9500000| Complete 
| 150|0x00000000a9600000, 0x00000000a9700000, 0x00000000a9700000|100%| S|CS|TAMS 0x00000000a9600000, 0x00000000a9600000| Complete 
| 151|0x00000000a9700000, 0x00000000a9700000, 0x00000000a9800000|  0%| F|  |TAMS 0x00000000a9700000, 0x00000000a9700000| Untracked 
| 152|0x00000000a9800000, 0x00000000a9800000, 0x00000000a9900000|  0%| F|  |TAMS 0x00000000a9800000, 0x00000000a9800000| Untracked 
| 153|0x00000000a9900000, 0x00000000a9900000, 0x00000000a9a00000|  0%| F|  |TAMS 0x00000000a9900000, 0x00000000a9900000| Untracked 
| 154|0x00000000a9a00000, 0x00000000a9a00000, 0x00000000a9b00000|  0%| F|  |TAMS 0x00000000a9a00000, 0x00000000a9a00000| Untracked 
| 155|0x00000000a9b00000, 0x00000000a9b00000, 0x00000000a9c00000|  0%| F|  |TAMS 0x00000000a9b00000, 0x00000000a9b00000| Untracked 
| 156|0x00000000a9c00000, 0x00000000a9c00000, 0x00000000a9d00000|  0%| F|  |TAMS 0x00000000a9c00000, 0x00000000a9c00000| Untracked 
| 157|0x00000000a9d00000, 0x00000000a9d00000, 0x00000000a9e00000|  0%| F|  |TAMS 0x00000000a9d00000, 0x00000000a9d00000| Untracked 
| 158|0x00000000a9e00000, 0x00000000a9e00000, 0x00000000a9f00000|  0%| F|  |TAMS 0x00000000a9e00000, 0x00000000a9e00000| Untracked 
| 159|0x00000000a9f00000, 0x00000000a9f00000, 0x00000000aa000000|  0%| F|  |TAMS 0x00000000a9f00000, 0x00000000a9f00000| Untracked 
| 160|0x00000000aa000000, 0x00000000aa000000, 0x00000000aa100000|  0%| F|  |TAMS 0x00000000aa000000, 0x00000000aa000000| Untracked 
| 161|0x00000000aa100000, 0x00000000aa100000, 0x00000000aa200000|  0%| F|  |TAMS 0x00000000aa100000, 0x00000000aa100000| Untracked 
| 162|0x00000000aa200000, 0x00000000aa200000, 0x00000000aa300000|  0%| F|  |TAMS 0x00000000aa200000, 0x00000000aa200000| Untracked 
| 163|0x00000000aa300000, 0x00000000aa300000, 0x00000000aa400000|  0%| F|  |TAMS 0x00000000aa300000, 0x00000000aa300000| Untracked 
| 164|0x00000000aa400000, 0x00000000aa400000, 0x00000000aa500000|  0%| F|  |TAMS 0x00000000aa400000, 0x00000000aa400000| Untracked 
| 165|0x00000000aa500000, 0x00000000aa500000, 0x00000000aa600000|  0%| F|  |TAMS 0x00000000aa500000, 0x00000000aa500000| Untracked 
| 166|0x00000000aa600000, 0x00000000aa600000, 0x00000000aa700000|  0%| F|  |TAMS 0x00000000aa600000, 0x00000000aa600000| Untracked 
| 167|0x00000000aa700000, 0x00000000aa700000, 0x00000000aa800000|  0%| F|  |TAMS 0x00000000aa700000, 0x00000000aa700000| Untracked 
| 168|0x00000000aa800000, 0x00000000aa800000, 0x00000000aa900000|  0%| F|  |TAMS 0x00000000aa800000, 0x00000000aa800000| Untracked 
| 169|0x00000000aa900000, 0x00000000aa900000, 0x00000000aaa00000|  0%| F|  |TAMS 0x00000000aa900000, 0x00000000aa900000| Untracked 
| 170|0x00000000aaa00000, 0x00000000aaa00000, 0x00000000aab00000|  0%| F|  |TAMS 0x00000000aaa00000, 0x00000000aaa00000| Untracked 
| 171|0x00000000aab00000, 0x00000000aab00000, 0x00000000aac00000|  0%| F|  |TAMS 0x00000000aab00000, 0x00000000aab00000| Untracked 
| 172|0x00000000aac00000, 0x00000000aac00000, 0x00000000aad00000|  0%| F|  |TAMS 0x00000000aac00000, 0x00000000aac00000| Untracked 
| 173|0x00000000aad00000, 0x00000000aad00000, 0x00000000aae00000|  0%| F|  |TAMS 0x00000000aad00000, 0x00000000aad00000| Untracked 
| 174|0x00000000aae00000, 0x00000000aae00000, 0x00000000aaf00000|  0%| F|  |TAMS 0x00000000aae00000, 0x00000000aae00000| Untracked 
| 175|0x00000000aaf00000, 0x00000000aaf00000, 0x00000000ab000000|  0%| F|  |TAMS 0x00000000aaf00000, 0x00000000aaf00000| Untracked 
| 176|0x00000000ab000000, 0x00000000ab000000, 0x00000000ab100000|  0%| F|  |TAMS 0x00000000ab000000, 0x00000000ab000000| Untracked 
| 177|0x00000000ab100000, 0x00000000ab100000, 0x00000000ab200000|  0%| F|  |TAMS 0x00000000ab100000, 0x00000000ab100000| Untracked 
| 178|0x00000000ab200000, 0x00000000ab200000, 0x00000000ab300000|  0%| F|  |TAMS 0x00000000ab200000, 0x00000000ab200000| Untracked 
| 179|0x00000000ab300000, 0x00000000ab300000, 0x00000000ab400000|  0%| F|  |TAMS 0x00000000ab300000, 0x00000000ab300000| Untracked 
| 180|0x00000000ab400000, 0x00000000ab400000, 0x00000000ab500000|  0%| F|  |TAMS 0x00000000ab400000, 0x00000000ab400000| Untracked 
| 181|0x00000000ab500000, 0x00000000ab5e2b48, 0x00000000ab600000| 88%| E|  |TAMS 0x00000000ab500000, 0x00000000ab500000| Complete 
| 182|0x00000000ab600000, 0x00000000ab700000, 0x00000000ab700000|100%| E|CS|TAMS 0x00000000ab600000, 0x00000000ab600000| Complete 
| 183|0x00000000ab700000, 0x00000000ab800000, 0x00000000ab800000|100%| E|  |TAMS 0x00000000ab700000, 0x00000000ab700000| Complete 
| 184|0x00000000ab800000, 0x00000000ab900000, 0x00000000ab900000|100%| E|CS|TAMS 0x00000000ab800000, 0x00000000ab800000| Complete 

Card table byte_map: [0x00000135f0b20000,0x00000135f0e20000] _byte_map_base: 0x00000135f0620000

Marking Bits (Prev, Next): (CMBitMap*) 0x00000135dbf2ff40, (CMBitMap*) 0x00000135dbf2ff08
 Prev Bits: [0x00000135f2920000, 0x00000135f4120000)
 Next Bits: [0x00000135f1120000, 0x00000135f2920000)

Polling page: 0x00000135dbfe0000

Metaspace:

Usage:
  Non-class:     96.59 MB capacity,    94.72 MB ( 98%) used,     1.51 MB (  2%) free+waste,   365.38 KB ( <1%) overhead. 
      Class:     14.98 MB capacity,    13.87 MB ( 93%) used,   977.77 KB (  6%) free+waste,   159.88 KB (  1%) overhead. 
       Both:    111.57 MB capacity,   108.59 MB ( 97%) used,     2.46 MB (  2%) free+waste,   525.25 KB ( <1%) overhead. 

Virtual space:
  Non-class space:       98.00 MB reserved,      96.79 MB ( 99%) committed 
      Class space:        1.00 GB reserved,      15.07 MB (  1%) committed 
             Both:        1.10 GB reserved,     111.86 MB ( 10%) committed 

Chunk freelists:
   Non-Class:  10.00 KB
       Class:  19.00 KB
        Both:  29.00 KB

MaxMetaspaceSize: 17179869184.00 GB
CompressedClassSpaceSize: 1.00 GB

CodeHeap 'non-profiled nmethods': size=120064Kb used=10272Kb max_used=10272Kb free=109791Kb
 bounds [0x00000135e8cc0000, 0x00000135e96d0000, 0x00000135f0200000]
CodeHeap 'profiled nmethods': size=120000Kb used=39646Kb max_used=39646Kb free=80353Kb
 bounds [0x00000135e1790000, 0x00000135e3e50000, 0x00000135e8cc0000]
CodeHeap 'non-nmethods': size=5696Kb used=2329Kb max_used=2391Kb free=3366Kb
 bounds [0x00000135e1200000, 0x00000135e1470000, 0x00000135e1790000]
 total_blobs=18280 nmethods=17333 adapters=857
 compilation: enabled
              stopped_count=0, restarted_count=0
 full_count=0

Compilation events (20 events):
Event: 441.489 Thread 0x00000135f7126000 nmethod 17533 0x00000135e3de3690 code [0x00000135e3de3840, 0x00000135e3de3968]
Event: 441.490 Thread 0x00000135f7126000 17534       2       com.android.tools.r8.internal.l9::a (4 bytes)
Event: 441.490 Thread 0x00000135f7126000 nmethod 17534 0x00000135e3de3a10 code [0x00000135e3de3bc0, 0x00000135e3de3c98]
Event: 441.490 Thread 0x00000135f7126000 17526       2       com.android.tools.r8.graph.O::k0 (13 bytes)
Event: 441.490 Thread 0x00000135f7126000 nmethod 17526 0x00000135e3de3d10 code [0x00000135e3de3ec0, 0x00000135e3de3fd8]
Event: 441.490 Thread 0x00000135f7126000 17524       2       com.android.tools.r8.graph.i0$b::<init> (48 bytes)
Event: 441.490 Thread 0x00000135f7126000 nmethod 17524 0x00000135e3de4090 code [0x00000135e3de4240, 0x00000135e3de4458]
Event: 441.490 Thread 0x00000135f7126000 17529       2       com.android.tools.r8.graph.i0::<init> (5 bytes)
Event: 441.490 Thread 0x00000135f7126000 nmethod 17529 0x00000135e3de4510 code [0x00000135e3de46c0, 0x00000135e3de47b8]
Event: 441.490 Thread 0x00000135f7126000 17530       2       com.android.tools.r8.internal.Rq::<init> (5 bytes)
Event: 441.490 Thread 0x00000135f7126000 nmethod 17530 0x00000135e3de4890 code [0x00000135e3de4a40, 0x00000135e3de4b38]
Event: 441.490 Thread 0x00000135f7126000 17531       2       com.android.tools.r8.graph.i0$b::h (2 bytes)
Event: 441.490 Thread 0x00000135f7126000 nmethod 17531 0x00000135e3de4c10 code [0x00000135e3de4dc0, 0x00000135e3de4eb8]
Event: 441.490 Thread 0x00000135f7126000 17532       2       com.android.tools.r8.internal.Fg::R1 (5 bytes)
Event: 441.491 Thread 0x00000135f7126000 nmethod 17532 0x00000135e3de4f90 code [0x00000135e3de5140, 0x00000135e3de5278]
Event: 441.491 Thread 0x00000135f7126000 17522       2       com.android.tools.r8.internal.UC::b (36 bytes)
Event: 441.491 Thread 0x00000135f7126000 nmethod 17522 0x00000135e3de5310 code [0x00000135e3de54e0, 0x00000135e3de57b8]
Event: 441.491 Thread 0x00000135f7126000 17539       2       com.android.tools.r8.internal.E7::u (845 bytes)
Event: 441.499 Thread 0x00000135f7126000 nmethod 17539 0x00000135e3de5990 code [0x00000135e3de6160, 0x00000135e3de98a8]
Event: 441.499 Thread 0x00000135f7126000 17544 %     3       com.android.tools.r8.ir.regalloc.a::a @ 1405 (3985 bytes)

GC Heap History (20 events):
Event: 33.338 GC heap before
{Heap before GC invocations=28 (full 0):
 garbage-first heap   total 189440K, used 101472K [0x00000000a0000000, 0x0000000100000000)
  region size 1024K, 11 young (11264K), 8 survivors (8192K)
 Metaspace       used 95310K, capacity 98139K, committed 98416K, reserved 1134592K
  class space    used 12468K, capacity 13557K, committed 13644K, reserved 1048576K
}
Event: 33.371 GC heap after
{Heap after GC invocations=29 (full 0):
 garbage-first heap   total 189440K, used 100351K [0x00000000a0000000, 0x0000000100000000)
  region size 1024K, 2 young (2048K), 2 survivors (2048K)
 Metaspace       used 95310K, capacity 98139K, committed 98416K, reserved 1134592K
  class space    used 12468K, capacity 13557K, committed 13644K, reserved 1048576K
}
Event: 34.590 GC heap before
{Heap before GC invocations=30 (full 0):
 garbage-first heap   total 189440K, used 153599K [0x00000000a0000000, 0x0000000100000000)
  region size 1024K, 53 young (54272K), 2 survivors (2048K)
 Metaspace       used 98432K, capacity 101115K, committed 101616K, reserved 1136640K
  class space    used 12834K, capacity 13849K, committed 14028K, reserved 1048576K
}
Event: 34.606 GC heap after
{Heap after GC invocations=31 (full 0):
 garbage-first heap   total 189440K, used 101769K [0x00000000a0000000, 0x0000000100000000)
  region size 1024K, 2 young (2048K), 2 survivors (2048K)
 Metaspace       used 98432K, capacity 101115K, committed 101616K, reserved 1136640K
  class space    used 12834K, capacity 13849K, committed 14028K, reserved 1048576K
}
Event: 34.790 GC heap before
{Heap before GC invocations=31 (full 0):
 garbage-first heap   total 189440K, used 108937K [0x00000000a0000000, 0x0000000100000000)
  region size 1024K, 9 young (9216K), 2 survivors (2048K)
 Metaspace       used 98780K, capacity 101548K, committed 101872K, reserved 1136640K
  class space    used 12862K, capacity 13895K, committed 14028K, reserved 1048576K
}
Event: 34.802 GC heap after
{Heap after GC invocations=32 (full 0):
 garbage-first heap   total 189440K, used 98636K [0x00000000a0000000, 0x0000000100000000)
  region size 1024K, 2 young (2048K), 2 survivors (2048K)
 Metaspace       used 98780K, capacity 101548K, committed 101872K, reserved 1136640K
  class space    used 12862K, capacity 13895K, committed 14028K, reserved 1048576K
}
Event: 35.435 GC heap before
{Heap before GC invocations=32 (full 0):
 garbage-first heap   total 189440K, used 102732K [0x00000000a0000000, 0x0000000100000000)
  region size 1024K, 8 young (8192K), 2 survivors (2048K)
 Metaspace       used 99599K, capacity 102349K, committed 102768K, reserved 1138688K
  class space    used 12972K, capacity 13993K, committed 14156K, reserved 1048576K
}
Event: 35.449 GC heap after
{Heap after GC invocations=33 (full 0):
 garbage-first heap   total 189440K, used 99821K [0x00000000a0000000, 0x0000000100000000)
  region size 1024K, 3 young (3072K), 3 survivors (3072K)
 Metaspace       used 99599K, capacity 102349K, committed 102768K, reserved 1138688K
  class space    used 12972K, capacity 13993K, committed 14156K, reserved 1048576K
}
Event: 433.875 GC heap before
{Heap before GC invocations=34 (full 0):
 garbage-first heap   total 189440K, used 166381K [0x00000000a0000000, 0x0000000100000000)
  region size 1024K, 49 young (50176K), 3 survivors (3072K)
 Metaspace       used 101143K, capacity 104048K, committed 104176K, reserved 1138688K
  class space    used 13110K, capacity 14188K, committed 14284K, reserved 1048576K
}
Event: 433.890 GC heap after
{Heap after GC invocations=35 (full 0):
 garbage-first heap   total 189440K, used 96371K [0x00000000a0000000, 0x0000000100000000)
  region size 1024K, 5 young (5120K), 5 survivors (5120K)
 Metaspace       used 101143K, capacity 104048K, committed 104176K, reserved 1138688K
  class space    used 13110K, capacity 14188K, committed 14284K, reserved 1048576K
}
Event: 434.259 GC heap before
{Heap before GC invocations=35 (full 0):
 garbage-first heap   total 189440K, used 100467K [0x00000000a0000000, 0x0000000100000000)
  region size 1024K, 9 young (9216K), 5 survivors (5120K)
 Metaspace       used 101292K, capacity 104196K, committed 104432K, reserved 1140736K
  class space    used 13111K, capacity 14189K, committed 14284K, reserved 1048576K
}
Event: 434.279 GC heap after
{Heap after GC invocations=36 (full 0):
 garbage-first heap   total 189440K, used 95620K [0x00000000a0000000, 0x0000000100000000)
  region size 1024K, 2 young (2048K), 2 survivors (2048K)
 Metaspace       used 101292K, capacity 104196K, committed 104432K, reserved 1140736K
  class space    used 13111K, capacity 14189K, committed 14284K, reserved 1048576K
}
Event: 435.989 GC heap before
{Heap before GC invocations=36 (full 0):
 garbage-first heap   total 189440K, used 145796K [0x00000000a0000000, 0x0000000100000000)
  region size 1024K, 52 young (53248K), 2 survivors (2048K)
 Metaspace       used 102314K, capacity 105209K, committed 105328K, reserved 1140736K
  class space    used 13212K, capacity 14309K, committed 14412K, reserved 1048576K
}
Event: 436.029 GC heap after
{Heap after GC invocations=37 (full 0):
 garbage-first heap   total 189440K, used 105018K [0x00000000a0000000, 0x0000000100000000)
  region size 1024K, 7 young (7168K), 7 survivors (7168K)
 Metaspace       used 102314K, capacity 105209K, committed 105328K, reserved 1140736K
  class space    used 13212K, capacity 14309K, committed 14412K, reserved 1048576K
}
Event: 438.514 GC heap before
{Heap before GC invocations=38 (full 0):
 garbage-first heap   total 189440K, used 151098K [0x00000000a0000000, 0x0000000100000000)
  region size 1024K, 51 young (52224K), 7 survivors (7168K)
 Metaspace       used 108529K, capacity 111555K, committed 111728K, reserved 1146880K
  class space    used 13986K, capacity 15104K, committed 15180K, reserved 1048576K
}
Event: 438.540 GC heap after
{Heap after GC invocations=39 (full 0):
 garbage-first heap   total 189440K, used 113963K [0x00000000a0000000, 0x0000000100000000)
  region size 1024K, 7 young (7168K), 7 survivors (7168K)
 Metaspace       used 108529K, capacity 111555K, committed 111728K, reserved 1146880K
  class space    used 13986K, capacity 15104K, committed 15180K, reserved 1048576K
}
Event: 438.704 GC heap before
{Heap before GC invocations=39 (full 0):
 garbage-first heap   total 189440K, used 116011K [0x00000000a0000000, 0x0000000100000000)
  region size 1024K, 9 young (9216K), 7 survivors (7168K)
 Metaspace       used 108530K, capacity 111555K, committed 111728K, reserved 1146880K
  class space    used 13986K, capacity 15104K, committed 15180K, reserved 1048576K
}
Event: 438.723 GC heap after
{Heap after GC invocations=40 (full 0):
 garbage-first heap   total 189440K, used 109250K [0x00000000a0000000, 0x0000000100000000)
  region size 1024K, 1 young (1024K), 1 survivors (1024K)
 Metaspace       used 108530K, capacity 111555K, committed 111728K, reserved 1146880K
  class space    used 13986K, capacity 15104K, committed 15180K, reserved 1048576K
}
Event: 440.047 GC heap before
{Heap before GC invocations=40 (full 0):
 garbage-first heap   total 189440K, used 151234K [0x00000000a0000000, 0x0000000100000000)
  region size 1024K, 42 young (43008K), 1 survivors (1024K)
 Metaspace       used 110500K, capacity 113562K, committed 113776K, reserved 1148928K
  class space    used 14177K, capacity 15338K, committed 15436K, reserved 1048576K
}
Event: 440.067 GC heap after
{Heap after GC invocations=41 (full 0):
 garbage-first heap   total 189440K, used 117760K [0x00000000a0000000, 0x0000000100000000)
  region size 1024K, 6 young (6144K), 6 survivors (6144K)
 Metaspace       used 110500K, capacity 113562K, committed 113776K, reserved 1148928K
  class space    used 14177K, capacity 15338K, committed 15436K, reserved 1048576K
}

Deoptimization events (20 events):
Event: 440.962 Thread 0x00000135f9c7d000 DEOPT PACKING pc=0x00000135e94ea980 sp=0x000000070d6f8f90
Event: 440.962 Thread 0x00000135f9c7d000 DEOPT UNPACKING pc=0x00000135e12278af sp=0x000000070d6f8f70 mode 2
Event: 440.962 Thread 0x00000135f9c7d000 Uncommon trap: trap_request=0xffffffde fr.pc=0x00000135e94ea980 relative=0x00000000000057e0
Event: 440.962 Thread 0x00000135f9c7d000 Uncommon trap: reason=class_check action=maybe_recompile pc=0x00000135e94ea980 method=org.gradle.internal.logging.sink.OutputEventTransformer.onOutput(Lorg/gradle/internal/logging/events/OutputEvent;)V @ 371 c2
Event: 440.962 Thread 0x00000135f9c7d000 DEOPT PACKING pc=0x00000135e94ea980 sp=0x000000070d6f8f90
Event: 440.962 Thread 0x00000135f9c7d000 DEOPT UNPACKING pc=0x00000135e12278af sp=0x000000070d6f8f70 mode 2
Event: 441.090 Thread 0x00000135f9c7d000 Uncommon trap: trap_request=0xffffff4d fr.pc=0x00000135e9534d88 relative=0x00000000000000c8
Event: 441.090 Thread 0x00000135f9c7d000 Uncommon trap: reason=unstable_if action=reinterpret pc=0x00000135e9534d88 method=org.gradle.api.internal.tasks.compile.tooling.JavaCompileTaskSuccessResultPostProcessor.finished(Lorg/gradle/internal/operations/BuildOperationDescriptor;Lorg/gradle/interna
Event: 441.090 Thread 0x00000135f9c7d000 DEOPT PACKING pc=0x00000135e9534d88 sp=0x000000070d6fa740
Event: 441.090 Thread 0x00000135f9c7d000 DEOPT UNPACKING pc=0x00000135e12278af sp=0x000000070d6fa6b8 mode 2
Event: 441.093 Thread 0x00000135f9c7d000 Uncommon trap: trap_request=0xffffff4d fr.pc=0x00000135e9239eb0 relative=0x0000000000000170
Event: 441.093 Thread 0x00000135f9c7d000 Uncommon trap: reason=unstable_if action=reinterpret pc=0x00000135e9239eb0 method=com.google.common.collect.CompactHashMap.entrySet()Ljava/util/Set; @ 4 c2
Event: 441.093 Thread 0x00000135f9c7d000 DEOPT PACKING pc=0x00000135e9239eb0 sp=0x000000070d6fab50
Event: 441.093 Thread 0x00000135f9c7d000 DEOPT UNPACKING pc=0x00000135e12278af sp=0x000000070d6fab10 mode 2
Event: 441.382 Thread 0x0000013580895800 DEOPT PACKING pc=0x00000135e3a46844 sp=0x000000070dcfcac0
Event: 441.382 Thread 0x0000013580895800 DEOPT UNPACKING pc=0x00000135e12276ce sp=0x000000070dcfc060 mode 0
Event: 441.500 Thread 0x0000013580894000 DEOPT PACKING pc=0x00000135e300e3c1 sp=0x000000070dbfc580
Event: 441.500 Thread 0x0000013580894000 DEOPT UNPACKING pc=0x00000135e12276ce sp=0x000000070dbfba20 mode 0
Event: 441.545 Thread 0x00000135f94bc000 DEOPT PACKING pc=0x00000135e3a46844 sp=0x000000070c4fea50
Event: 441.545 Thread 0x00000135f94bc000 DEOPT UNPACKING pc=0x00000135e12276ce sp=0x000000070c4fdff0 mode 0

Classes redefined (0 events):
No events

Internal exceptions (20 events):
Event: 440.825 Thread 0x00000135f9c7d000 Exception <a 'sun/nio/fs/WindowsException'{0x00000000ab11e820}> (0x00000000ab11e820) thrown at [./src/hotspot/share/prims/jni.cpp, line 615]
Event: 440.843 Thread 0x00000135f9c7d000 Exception <a 'sun/nio/fs/WindowsException'{0x00000000ab131bf0}> (0x00000000ab131bf0) thrown at [./src/hotspot/share/prims/jni.cpp, line 615]
Event: 440.849 Thread 0x00000135f9c7d000 Exception <a 'sun/nio/fs/WindowsException'{0x00000000ab140be8}> (0x00000000ab140be8) thrown at [./src/hotspot/share/prims/jni.cpp, line 615]
Event: 440.856 Thread 0x00000135f9c7d000 Exception <a 'sun/nio/fs/WindowsException'{0x00000000ab14c4c8}> (0x00000000ab14c4c8) thrown at [./src/hotspot/share/prims/jni.cpp, line 615]
Event: 440.862 Thread 0x00000135f9c7d000 Exception <a 'sun/nio/fs/WindowsException'{0x00000000ab157c48}> (0x00000000ab157c48) thrown at [./src/hotspot/share/prims/jni.cpp, line 615]
Event: 440.868 Thread 0x00000135f9c7d000 Exception <a 'sun/nio/fs/WindowsException'{0x00000000ab163a08}> (0x00000000ab163a08) thrown at [./src/hotspot/share/prims/jni.cpp, line 615]
Event: 440.875 Thread 0x00000135f9c7d000 Exception <a 'sun/nio/fs/WindowsException'{0x00000000ab16b628}> (0x00000000ab16b628) thrown at [./src/hotspot/share/prims/jni.cpp, line 615]
Event: 440.890 Thread 0x00000135f9c7d000 Exception <a 'sun/nio/fs/WindowsException'{0x00000000ab173190}> (0x00000000ab173190) thrown at [./src/hotspot/share/prims/jni.cpp, line 615]
Event: 440.897 Thread 0x00000135f9c7d000 Exception <a 'sun/nio/fs/WindowsException'{0x00000000ab179358}> (0x00000000ab179358) thrown at [./src/hotspot/share/prims/jni.cpp, line 615]
Event: 440.901 Thread 0x00000135f9c7d000 Exception <a 'sun/nio/fs/WindowsException'{0x00000000ab17e108}> (0x00000000ab17e108) thrown at [./src/hotspot/share/prims/jni.cpp, line 615]
Event: 440.905 Thread 0x00000135f9c7d000 Exception <a 'sun/nio/fs/WindowsException'{0x00000000ab182e80}> (0x00000000ab182e80) thrown at [./src/hotspot/share/prims/jni.cpp, line 615]
Event: 440.911 Thread 0x00000135f9c7d000 Exception <a 'sun/nio/fs/WindowsException'{0x00000000ab194750}> (0x00000000ab194750) thrown at [./src/hotspot/share/prims/jni.cpp, line 615]
Event: 440.915 Thread 0x00000135f9c7d000 Exception <a 'sun/nio/fs/WindowsException'{0x00000000ab199cc8}> (0x00000000ab199cc8) thrown at [./src/hotspot/share/prims/jni.cpp, line 615]
Event: 440.933 Thread 0x00000135f9c7d000 Exception <a 'sun/nio/fs/WindowsException'{0x00000000ab1cf440}> (0x00000000ab1cf440) thrown at [./src/hotspot/share/prims/jni.cpp, line 615]
Event: 441.123 Thread 0x00000135fe43a000 Exception <a 'java/lang/NoSuchMethodError'{0x00000000aad99fc0}: <clinit>> (0x00000000aad99fc0) thrown at [./src/hotspot/share/prims/jni.cpp, line 1362]
Event: 441.370 Thread 0x0000013580895800 Exception <a 'sun/nio/fs/WindowsException'{0x00000000aa383598}> (0x00000000aa383598) thrown at [./src/hotspot/share/prims/jni.cpp, line 615]
Event: 441.372 Thread 0x0000013580894000 Exception <a 'sun/nio/fs/WindowsException'{0x00000000aa3bb580}> (0x00000000aa3bb580) thrown at [./src/hotspot/share/prims/jni.cpp, line 615]
Event: 441.468 Thread 0x0000013580895800 Exception <a 'sun/nio/fs/WindowsException'{0x00000000a9efa5f0}> (0x00000000a9efa5f0) thrown at [./src/hotspot/share/prims/jni.cpp, line 615]
Event: 441.471 Thread 0x0000013580895800 Exception <a 'sun/nio/fs/WindowsException'{0x00000000a9d82860}> (0x00000000a9d82860) thrown at [./src/hotspot/share/prims/jni.cpp, line 615]
Event: 441.543 Thread 0x0000013580895800 Exception <a 'sun/nio/fs/WindowsException'{0x00000000a9d8c7d0}> (0x00000000a9d8c7d0) thrown at [./src/hotspot/share/prims/jni.cpp, line 615]

Events (20 events):
Event: 441.334 Executing VM operation: BulkRevokeBias done
Event: 441.340 Executing VM operation: RevokeBias
Event: 441.340 Executing VM operation: RevokeBias done
Event: 441.344 loading class com/android/build/gradle/internal/tasks/DexArchiveBuilderTaskDelegate$OutputMapping$2
Event: 441.344 loading class com/android/build/gradle/internal/tasks/DexArchiveBuilderTaskDelegate$OutputMapping$2 done
Event: 441.355 Thread 0x0000013580894000 Thread added: 0x0000013580894000
Event: 441.356 Thread 0x0000013580895800 Thread added: 0x0000013580895800
Event: 441.358 Thread 0x0000013580896800 Thread added: 0x0000013580896800
Event: 441.359 Thread 0x0000013580890800 Thread added: 0x0000013580890800
Event: 441.359 Thread 0x0000013580897000 Thread added: 0x0000013580897000
Event: 441.362 loading class com/android/build/gradle/internal/dexing/DexWorkActionKt$processIncrementally$1$filter$1
Event: 441.362 loading class com/android/build/gradle/internal/dexing/DexWorkActionKt$processIncrementally$1$filter$1 done
Event: 441.377 Executing VM operation: RevokeBias
Event: 441.379 Executing VM operation: RevokeBias done
Event: 441.402 Executing VM operation: ICBufferFull
Event: 441.403 Executing VM operation: ICBufferFull done
Event: 441.420 Executing VM operation: RevokeBias
Event: 441.420 Executing VM operation: RevokeBias done
Event: 441.449 Executing VM operation: ICBufferFull
Event: 441.450 Executing VM operation: ICBufferFull done


Dynamic libraries:
0x00007ff677ab0000 - 0x00007ff677aba000 	C:\Program Files\Android\Android Studio\jre\bin\java.exe
0x00007ffebbb30000 - 0x00007ffebbd24000 	C:\WINDOWS\SYSTEM32\ntdll.dll
0x00007ffeba670000 - 0x00007ffeba72d000 	C:\WINDOWS\System32\KERNEL32.DLL
0x00007ffeb95c0000 - 0x00007ffeb9887000 	C:\WINDOWS\System32\KERNELBASE.dll
0x00007ffeb9440000 - 0x00007ffeb9540000 	C:\WINDOWS\System32\ucrtbase.dll
0x00007ffea3d00000 - 0x00007ffea3d19000 	C:\Program Files\Android\Android Studio\jre\bin\jli.dll
0x00007ffeb9ea0000 - 0x00007ffeba040000 	C:\WINDOWS\System32\USER32.dll
0x00007ffeb9890000 - 0x00007ffeb98b2000 	C:\WINDOWS\System32\win32u.dll
0x00007ffeb9dc0000 - 0x00007ffeb9dea000 	C:\WINDOWS\System32\GDI32.dll
0x00007ffeb98c0000 - 0x00007ffeb99ca000 	C:\WINDOWS\System32\gdi32full.dll
0x00007ffeb9270000 - 0x00007ffeb930d000 	C:\WINDOWS\System32\msvcp_win.dll
0x00007ffea0720000 - 0x00007ffea0737000 	C:\Program Files\Android\Android Studio\jre\bin\VCRUNTIME140.dll
0x00007ffea1f30000 - 0x00007ffea21ca000 	C:\WINDOWS\WinSxS\amd64_microsoft.windows.common-controls_6595b64144ccf1df_6.0.19041.1_none_b555e41d4684ddec\COMCTL32.dll
0x00007ffebb890000 - 0x00007ffebb92e000 	C:\WINDOWS\System32\msvcrt.dll
0x00007ffebb780000 - 0x00007ffebb7b0000 	C:\WINDOWS\System32\IMM32.DLL
0x00007ffe9e3b0000 - 0x00007ffe9e44d000 	C:\Program Files\Android\Android Studio\jre\bin\msvcp140.dll
0x00007ffe70980000 - 0x00007ffe7144f000 	C:\Program Files\Android\Android Studio\jre\bin\server\jvm.dll
0x00007ffebb390000 - 0x00007ffebb43a000 	C:\WINDOWS\System32\ADVAPI32.dll
0x00007ffeb9bf0000 - 0x00007ffeb9c8b000 	C:\WINDOWS\System32\sechost.dll
0x00007ffebb5f0000 - 0x00007ffebb713000 	C:\WINDOWS\System32\RPCRT4.dll
0x00007ffebbae0000 - 0x00007ffebbae8000 	C:\WINDOWS\System32\PSAPI.DLL
0x00007ffeb6100000 - 0x00007ffeb6109000 	C:\WINDOWS\SYSTEM32\WSOCK32.dll
0x00007ffeba5e0000 - 0x00007ffeba64b000 	C:\WINDOWS\System32\WS2_32.dll
0x00007ffeb10b0000 - 0x00007ffeb10d7000 	C:\WINDOWS\SYSTEM32\WINMM.dll
0x00007ffeb0480000 - 0x00007ffeb048a000 	C:\WINDOWS\SYSTEM32\VERSION.dll
0x00007ffeb7b80000 - 0x00007ffeb7b93000 	C:\WINDOWS\SYSTEM32\kernel.appcore.dll
0x00007ffeb60a0000 - 0x00007ffeb60b1000 	C:\Program Files\Android\Android Studio\jre\bin\verify.dll
0x00007ffeb71d0000 - 0x00007ffeb73b4000 	C:\WINDOWS\SYSTEM32\DBGHELP.DLL
0x00007ffe9edd0000 - 0x00007ffe9edfc000 	C:\WINDOWS\SYSTEM32\dbgcore.DLL
0x00007ffeb93c0000 - 0x00007ffeb943f000 	C:\WINDOWS\System32\bcryptPrimitives.dll
0x00007ffeb3ca0000 - 0x00007ffeb3cc9000 	C:\Program Files\Android\Android Studio\jre\bin\java.dll
0x00007ffeb0970000 - 0x00007ffeb097b000 	C:\Program Files\Android\Android Studio\jre\bin\jimage.dll
0x00007ffead710000 - 0x00007ffead728000 	C:\Program Files\Android\Android Studio\jre\bin\zip.dll
0x00007ffebac50000 - 0x00007ffebb381000 	C:\WINDOWS\System32\SHELL32.dll
0x00007ffeb73e0000 - 0x00007ffeb7b6a000 	C:\WINDOWS\SYSTEM32\windows.storage.dll
0x00007ffeba1c0000 - 0x00007ffeba514000 	C:\WINDOWS\System32\combase.dll
0x00007ffeb8cf0000 - 0x00007ffeb8d1b000 	C:\WINDOWS\SYSTEM32\Wldp.dll
0x00007ffebaba0000 - 0x00007ffebac4e000 	C:\WINDOWS\System32\SHCORE.dll
0x00007ffeba520000 - 0x00007ffeba575000 	C:\WINDOWS\System32\shlwapi.dll
0x00007ffeb91b0000 - 0x00007ffeb91cf000 	C:\WINDOWS\SYSTEM32\profapi.dll
0x00007ffead6f0000 - 0x00007ffead70a000 	C:\Program Files\Android\Android Studio\jre\bin\net.dll
0x00007ffea1bb0000 - 0x00007ffea1cb2000 	C:\WINDOWS\SYSTEM32\WINHTTP.dll
0x00007ffeb8a70000 - 0x00007ffeb8ada000 	C:\WINDOWS\system32\mswsock.dll
0x00007ffead6d0000 - 0x00007ffead6e4000 	C:\Program Files\Android\Android Studio\jre\bin\nio.dll
0x00007ffea0300000 - 0x00007ffea0327000 	C:\Users\HP\.gradle\wrapper\dists\gradle-2.14.1-all\native\8bec1ad78214c89d9ad589b4d07fe93259594b29d510b10fafb7a158f7737e5d\windows-amd64\native-platform.dll
0x00007ffe79220000 - 0x00007ffe7935d000 	C:\Users\HP\.gradle\wrapper\dists\gradle-2.14.1-all\native\53dbd7edfb1c66fb8903c78663c9afc45aea4f116125fa6feffd364cf09443e8\windows-amd64\native-platform-file-events.dll
0x00007ffeb0230000 - 0x00007ffeb023a000 	C:\Program Files\Android\Android Studio\jre\bin\management.dll
0x00007ffea8d00000 - 0x00007ffea8d0c000 	C:\Program Files\Android\Android Studio\jre\bin\management_ext.dll
0x00007ffeb8c50000 - 0x00007ffeb8c68000 	C:\WINDOWS\SYSTEM32\CRYPTSP.dll
0x00007ffeb8390000 - 0x00007ffeb83c4000 	C:\WINDOWS\system32\rsaenh.dll
0x00007ffeb9590000 - 0x00007ffeb95b7000 	C:\WINDOWS\System32\bcrypt.dll
0x00007ffeb9130000 - 0x00007ffeb915e000 	C:\WINDOWS\SYSTEM32\USERENV.dll
0x00007ffeb8c40000 - 0x00007ffeb8c4c000 	C:\WINDOWS\SYSTEM32\CRYPTBASE.dll
0x00007ffeb8710000 - 0x00007ffeb874b000 	C:\WINDOWS\SYSTEM32\IPHLPAPI.DLL
0x00007ffeba1a0000 - 0x00007ffeba1a9000 	C:\WINDOWS\System32\NSI.dll
0x00007ffeb70f0000 - 0x00007ffeb7107000 	C:\WINDOWS\SYSTEM32\dhcpcsvc6.DLL
0x00007ffeb70d0000 - 0x00007ffeb70ed000 	C:\WINDOWS\SYSTEM32\dhcpcsvc.DLL
0x00007ffeb8760000 - 0x00007ffeb882a000 	C:\WINDOWS\SYSTEM32\DNSAPI.dll

dbghelp: loaded successfully - version: 4.0.5 - missing functions: none
symbol engine: initialized successfully - sym options: 0x614 - pdb path: .;C:\Program Files\Android\Android Studio\jre\bin;C:\WINDOWS\SYSTEM32;C:\WINDOWS\WinSxS\amd64_microsoft.windows.common-controls_6595b64144ccf1df_6.0.19041.1_none_b555e41d4684ddec;C:\Program Files\Android\Android Studio\jre\bin\server;C:\Users\HP\.gradle\wrapper\dists\gradle-2.14.1-all\native\8bec1ad78214c89d9ad589b4d07fe93259594b29d510b10fafb7a158f7737e5d\windows-amd64;C:\Users\HP\.gradle\wrapper\dists\gradle-2.14.1-all\native\53dbd7edfb1c66fb8903c78663c9afc45aea4f116125fa6feffd364cf09443e8\windows-amd64

VM Arguments:
jvm_args: --add-opens=java.base/java.util=ALL-UNNAMED --add-opens=java.base/java.lang=ALL-UNNAMED --add-opens=java.base/java.lang.invoke=ALL-UNNAMED --add-opens=java.base/java.util=ALL-UNNAMED --add-opens=java.prefs/java.util.prefs=ALL-UNNAMED --add-opens=java.prefs/java.util.prefs=ALL-UNNAMED --add-opens=java.base/java.nio.charset=ALL-UNNAMED --add-opens=java.base/java.net=ALL-UNNAMED --add-opens=java.base/java.util.concurrent.atomic=ALL-UNNAMED -Xmx1536m -Dfile.encoding=windows-1252 -Duser.country=US -Duser.language=en -Duser.variant 
java_command: org.gradle.launcher.daemon.bootstrap.GradleDaemon 7.0.2
java_class_path (initial): C:\Users\HP\.gradle\wrapper\dists\gradle-2.14.1-all\wrapper\dists\gradle-7.0.2-all\7era6s5ay7zsbhuvl0oc9g94s\gradle-7.0.2\lib\gradle-launcher-7.0.2.jar
Launcher Type: SUN_STANDARD

[Global flags]
     intx CICompilerCount                          = 3                                         {product} {ergonomic}
     uint ConcGCThreads                            = 1                                         {product} {ergonomic}
     uint G1ConcRefinementThreads                  = 4                                         {product} {ergonomic}
   size_t G1HeapRegionSize                         = 1048576                                   {product} {ergonomic}
    uintx GCDrainStackTargetSize                   = 64                                        {product} {ergonomic}
   size_t InitialHeapSize                          = 134217728                                 {product} {ergonomic}
   size_t MarkStackSize                            = 4194304                                   {product} {ergonomic}
   size_t MaxHeapSize                              = 1610612736                                {product} {command line}
   size_t MaxNewSize                               = 965738496                                 {product} {ergonomic}
   size_t MinHeapDeltaBytes                        = 1048576                                   {product} {ergonomic}
    uintx NonNMethodCodeHeapSize                   = 5830732                                {pd product} {ergonomic}
    uintx NonProfiledCodeHeapSize                  = 122913754                              {pd product} {ergonomic}
    uintx ProfiledCodeHeapSize                     = 122913754                              {pd product} {ergonomic}
    uintx ReservedCodeCacheSize                    = 251658240                              {pd product} {ergonomic}
     bool SegmentedCodeCache                       = true                                      {product} {ergonomic}
     bool UseCompressedClassPointers               = true                                 {lp64_product} {ergonomic}
     bool UseCompressedOops                        = true                                 {lp64_product} {ergonomic}
     bool UseG1GC                                  = true                                      {product} {ergonomic}
     bool UseLargePagesIndividualAllocation        = false                                  {pd product} {ergonomic}

Logging:
Log output configuration:
 #0: stdout all=warning uptime,level,tags
 #1: stderr all=off uptime,level,tags

Environment Variables:
PATH=C:\WINDOWS\system32;C:\WINDOWS;C:\WINDOWS\System32\Wbem;C:\WINDOWS\System32\WindowsPowerShell\v1.0\;C:\WINDOWS\System32\OpenSSH\;E:\New folder\;C:\Users\HP\AppData\Local\Microsoft\WindowsApps;E:\VS Code\Microsoft VS Code\bin;C:\Users\HP\AppData\Roaming\npm;C:\Users\HP\AppData\Local\GitHubDesktop\bin;C:\Users\HP\Flutter\flutter\bin;
USERNAME=HP
OS=Windows_NT
PROCESSOR_IDENTIFIER=Intel64 Family 6 Model 142 Stepping 9, GenuineIntel



---------------  S Y S T E M  ---------------

OS: Windows 10 , 64 bit Build 19041 (10.0.19041.1)
OS uptime: 0 days 4:24 hours

CPU:total 4 (initial active 4) (2 cores per cpu, 2 threads per core) family 6 model 142 stepping 9 microcode 0xb4, cmov, cx8, fxsr, mmx, sse, sse2, sse3, ssse3, sse4.1, sse4.2, popcnt, avx, avx2, aes, clmul, erms, 3dnowpref, lzcnt, ht, tsc, tscinvbit, bmi1, bmi2, adx, fma

Memory: 4k page, system-wide physical 8075M (2150M free)
TotalPageFile size 16267M (AvailPageFile size 8641M)
current process WorkingSet (physical memory assigned to process): 496M, peak: 499M
current process commit charge ("private bytes"): 524M, peak: 528M

vm_info: OpenJDK 64-Bit Server VM (11.0.10+0-b96-7249189) for windows-amd64 JRE (11.0.10+0-b96-7249189), built on Mar 31 2021 21:44:00 by "builder" with MS VC++ 14.0 (VS2015)

END.
