#
# A fatal error has been detected by the Java Runtime Environment:
#
#  EXCEPTION_ACCESS_VIOLATION (0xc0000005) at pc=0x00007ffc514cc596, pid=9200, tid=5960
#
# JRE version: OpenJDK Runtime Environment (11.0.10) (build 11.0.10+0-b96-7249189)
# Java VM: OpenJDK 64-Bit Server VM (11.0.10+0-b96-7249189, mixed mode, tiered, compressed oops, g1 gc, windows-amd64)
# Problematic frame:
# V  [jvm.dll+0x6c596]
#
# No core dump will be written. Minidumps are not enabled by default on client versions of Windows
#
# If you would like to submit a bug report, please visit:
#   https://bugreport.java.com/bugreport/crash.jsp
#

---------------  S U M M A R Y ------------

Command Line: --add-opens=java.base/java.util=ALL-UNNAMED --add-opens=java.base/java.lang=ALL-UNNAMED --add-opens=java.base/java.lang.invoke=ALL-UNNAMED --add-opens=java.base/java.util=ALL-UNNAMED --add-opens=java.prefs/java.util.prefs=ALL-UNNAMED --add-opens=java.prefs/java.util.prefs=ALL-UNNAMED --add-opens=java.base/java.nio.charset=ALL-UNNAMED --add-opens=java.base/java.net=ALL-UNNAMED --add-opens=java.base/java.util.concurrent.atomic=ALL-UNNAMED -Xmx1536m -Dfile.encoding=windows-1252 -Duser.country=US -Duser.language=en -Duser.variant org.gradle.launcher.daemon.bootstrap.GradleDaemon 7.0.2

Host: Intel(R) Core(TM) i3-7020U CPU @ 2.30GHz, 4 cores, 7G,  Windows 10 , 64 bit Build 19041 (10.0.19041.1)
Time: Mon Oct 25 17:39:53 2021 India Standard Time elapsed time: 51.121671 seconds (0d 0h 0m 51s)

---------------  T H R E A D  ---------------

Current thread (0x00000241b3aa6800):  JavaThread "C2 CompilerThread1" daemon [_thread_in_native, id=5960, stack(0x000000b2dba00000,0x000000b2dbb00000)]


Current CompileTask:
C2:  51121 9556       4       org.gradle.internal.hash.HashCode::toString (77 bytes)

Stack: [0x000000b2dba00000,0x000000b2dbb00000],  sp=0x000000b2dbafba90,  free space=1006k
Native frames: (J=compiled Java code, j=interpreted, Vv=VM code, C=native code)
V  [jvm.dll+0x6c596]
V  [jvm.dll+0x51a319]
V  [jvm.dll+0x351bad]
V  [jvm.dll+0x198040]
V  [jvm.dll+0x1fb70e]
V  [jvm.dll+0x1fa7f4]
V  [jvm.dll+0x18354c]
V  [jvm.dll+0x208ee7]
V  [jvm.dll+0x207731]
V  [jvm.dll+0x6eb1cf]
V  [jvm.dll+0x6e3d45]
V  [jvm.dll+0x5ebe96]
C  [ucrtbase.dll+0x21542]
C  [KERNEL32.DLL+0x16fd4]
C  [ntdll.dll+0x4cf31]


siginfo: EXCEPTION_ACCESS_VIOLATION (0xc0000005), reading address 0x00007ff2efe117f4


Register to memory mapping:

RIP=0x00007ffc514cc596 jvm.dll
RAX=0xfffffff69e003100 is an unknown value
RBX=0x00000241b11bc310 points into unknown readable memory: 0x0000000000000000 | 00 00 00 00 00 00 00 00
RCX=0x00007ffc51e0e6f4 jvm.dll
RDX=0x00000241b3aa6800 is a thread
RSP=0x000000b2dbafba90 is pointing into the stack for thread: 0x00000241b3aa6800
RBP=0x000000b2dbafbbf0 is pointing into the stack for thread: 0x00000241b3aa6800
RSI=0x00000000000000eb is an unknown value
RDI=0x00000241b5cda6c0 points into unknown readable memory: 0x00007ffc51bd22d8 | d8 22 bd 51 fc 7f 00 00
R8 =0x00000241b53e3f60 points into unknown readable memory: 0x0000000000000000 | 00 00 00 00 00 00 00 00
R9 =0x000000b2dbafba80 is pointing into the stack for thread: 0x00000241b3aa6800
R10=0x0000000000000004 is an unknown value
R11=0x0000000000000018 is an unknown value
R12=0x0 is NULL
R13=0x00000241b5cda608 points into unknown readable memory: 0x00007ffc51bdfbd0 | d0 fb bd 51 fc 7f 00 00
R14=0x00000241b3e2c238 points into unknown readable memory: 0x00007ffc51c48568 | 68 85 c4 51 fc 7f 00 00
R15=0x0000000000000001 is an unknown value


Registers:
RAX=0xfffffff69e003100, RBX=0x00000241b11bc310, RCX=0x00007ffc51e0e6f4, RDX=0x00000241b3aa6800
RSP=0x000000b2dbafba90, RBP=0x000000b2dbafbbf0, RSI=0x00000000000000eb, RDI=0x00000241b5cda6c0
R8 =0x00000241b53e3f60, R9 =0x000000b2dbafba80, R10=0x0000000000000004, R11=0x0000000000000018
R12=0x0000000000000000, R13=0x00000241b5cda608, R14=0x00000241b3e2c238, R15=0x0000000000000001
RIP=0x00007ffc514cc596, EFLAGS=0x0000000000010287

Top of Stack: (sp=0x000000b2dbafba90)
0x000000b2dbafba90:   00000241b53e3f60 0000000000000004
0x000000b2dbafbaa0:   000000b2dbafbb90 0000000000000004
0x000000b2dbafbab0:   000000b2dbafbb80 00007ffc5197a319
0x000000b2dbafbac0:   000000000000000c 00000241b3e2c238
0x000000b2dbafbad0:   0000000000000000 000000b2dbafbbf0
0x000000b2dbafbae0:   00000000000000eb 00007ffc517b1bad
0x000000b2dbafbaf0:   000000b2dbafc130 0000000000000004
0x000000b2dbafbb00:   00000241b5cda608 0000000000000002
0x000000b2dbafbb10:   000000b2dbafbb48 40344ec8bc139168
0x000000b2dbafbb20:   000000b2000f423f 0000000c00000004
0x000000b2dbafbb30:   0000000d00000006 0000000000000000
0x000000b2dbafbb40:   0000000600000005 0000000c00000000
0x000000b2dbafbb50:   0000000e00000000 00007ffc00000000
0x000000b2dbafbb60:   000000720000000b 0000024100000000
0x000000b2dbafbb70:   0000000000000040 00007ffc00001000
0x000000b2dbafbb80:   000002410000000e 000000b2dbafbb90 

Instructions: (pc=0x00007ffc514cc596)
0x00007ffc514cc496:   00 02 7e 0e 48 8b 05 8f 08 98 00 48 c1 e8 21 24
0x00007ffc514cc4a6:   01 c3 32 c0 c3 cc cc cc cc cc b8 66 01 00 00 c3
0x00007ffc514cc4b6:   cc cc cc cc cc cc cc cc cc cc b8 68 01 00 00 c3
0x00007ffc514cc4c6:   cc cc cc cc cc cc cc cc cc cc b8 65 01 00 00 c3
0x00007ffc514cc4d6:   cc cc cc cc cc cc cc cc cc cc b8 14 00 00 00 c3
0x00007ffc514cc4e6:   cc cc cc cc cc cc cc cc cc cc b8 47 00 00 00 c3
0x00007ffc514cc4f6:   cc cc cc cc cc cc cc cc cc cc b8 6f 00 00 00 c3
0x00007ffc514cc506:   cc cc cc cc cc cc cc cc cc cc b8 97 00 00 00 c3
0x00007ffc514cc516:   cc cc cc cc cc cc cc cc cc cc b8 a6 00 00 00 c3
0x00007ffc514cc526:   cc cc cc cc cc cc cc cc cc cc b8 cf 00 00 00 c3
0x00007ffc514cc536:   cc cc cc cc cc cc cc cc cc cc b8 eb 00 00 00 c3
0x00007ffc514cc546:   cc cc cc cc cc cc cc cc cc cc b8 fb 00 00 00 c3
0x00007ffc514cc556:   cc cc cc cc cc cc cc cc cc cc 48 83 ec 28 48 8b
0x00007ffc514cc566:   41 40 48 8b 08 48 8b 01 ff 90 d8 00 00 00 48 3b
0x00007ffc514cc576:   05 4d ed 9b 00 75 0a b8 0d 00 00 00 48 83 c4 28
0x00007ffc514cc586:   c3 48 63 40 10 48 8d 0d 62 21 94 00 48 c1 e0 05
0x00007ffc514cc596:   8b 04 08 48 83 c4 28 c3 cc cc 48 89 5c 24 10 48
0x00007ffc514cc5a6:   89 4c 24 08 55 56 57 41 54 41 55 41 56 41 57 48
0x00007ffc514cc5b6:   8d 6c 24 f0 48 81 ec 10 01 00 00 4d 8b 50 18 4d
0x00007ffc514cc5c6:   8b f8 48 8b 41 08 48 8b f2 48 8b 15 ca 9b 95 00
0x00007ffc514cc5d6:   41 be 03 00 00 00 44 8b 05 95 5c 80 00 4c 8b 48
0x00007ffc514cc5e6:   08 41 8b 41 28 4c 8d 0d 0e 3a f9 ff 49 0f bf 5c
0x00007ffc514cc5f6:   82 02 45 0f bf 24 82 8b 41 28 45 0f bf 2c 82 49
0x00007ffc514cc606:   0f bf 7c 82 02 83 fb ff 75 04 33 c0 eb 17 3b da
0x00007ffc514cc616:   7c 06 44 89 75 60 eb 10 45 39 84 d9 40 a4 98 00
0x00007ffc514cc626:   1b c0 83 c0 02 89 45 60 83 ff ff 75 05 45 33 f6
0x00007ffc514cc636:   eb 13 3b fa 7d 0f 45 39 84 f9 40 a4 98 00 45 1b
0x00007ffc514cc646:   f6 41 83 c6 02 3b df 75 09 45 3b e5 0f 84 1c 15
0x00007ffc514cc656:   00 00 48 8b 01 ff 50 28 8b 48 10 83 e9 0a 83 f9
0x00007ffc514cc666:   04 0f 87 18 01 00 00 48 8b 4d 50 48 8b 01 ff 50
0x00007ffc514cc676:   68 8b c8 89 45 50 8b 45 60 83 f8 03 75 3e 44 3b
0x00007ffc514cc686:   f0 0f 85 a9 00 00 00 8b d3 49 8b cf e8 39 61 5d 


Stack slot to memory mapping:
stack at sp + 0 slots: 0x00000241b53e3f60 points into unknown readable memory: 0x0000000000000000 | 00 00 00 00 00 00 00 00
stack at sp + 1 slots: 0x0000000000000004 is an unknown value
stack at sp + 2 slots: 0x000000b2dbafbb90 is pointing into the stack for thread: 0x00000241b3aa6800
stack at sp + 3 slots: 0x0000000000000004 is an unknown value
stack at sp + 4 slots: 0x000000b2dbafbb80 is pointing into the stack for thread: 0x00000241b3aa6800
stack at sp + 5 slots: 0x00007ffc5197a319 jvm.dll
stack at sp + 6 slots: 0x000000000000000c is an unknown value
stack at sp + 7 slots: 0x00000241b3e2c238 points into unknown readable memory: 0x00007ffc51c48568 | 68 85 c4 51 fc 7f 00 00


---------------  P R O C E S S  ---------------

Threads class SMR info:
_java_thread_list=0x00000241b2171ff0, length=48, elements={
0x0000024196219000, 0x00000241af266800, 0x00000241af268000, 0x00000241af282000,
0x00000241af285000, 0x00000241af288800, 0x00000241af28d000, 0x00000241af292000,
0x00000241af295800, 0x00000241afd90000, 0x00000241b1b5b800, 0x00000241b1621800,
0x00000241b1ed7000, 0x00000241aff07000, 0x00000241b1400800, 0x00000241b06ca800,
0x00000241b06cb000, 0x00000241b2504800, 0x00000241b0e27000, 0x00000241b24fc800,
0x00000241b24f8800, 0x00000241b24ff000, 0x00000241b24fa000, 0x00000241b24fd000,
0x00000241b24fe000, 0x00000241b24f9000, 0x00000241b24fa800, 0x00000241b24fb800,
0x00000241b3b44000, 0x00000241b3b47000, 0x00000241b3b46800, 0x00000241b3b45800,
0x00000241b3b49000, 0x00000241b3b4e800, 0x00000241b3b4f800, 0x00000241b3b49800,
0x00000241b3b4b800, 0x00000241b3b52000, 0x00000241b3b4d000, 0x00000241b3b50000,
0x00000241b3b4d800, 0x00000241b3b51000, 0x00000241b5a5a000, 0x00000241b5a5b800,
0x00000241b5a5d000, 0x00000241b5a5c800, 0x00000241b5a5e000, 0x00000241b3aa6800
}

Java Threads: ( => current thread )
  0x0000024196219000 JavaThread "main" [_thread_blocked, id=9160, stack(0x000000b2d8500000,0x000000b2d8600000)]
  0x00000241af266800 JavaThread "Reference Handler" daemon [_thread_blocked, id=7396, stack(0x000000b2d8c00000,0x000000b2d8d00000)]
  0x00000241af268000 JavaThread "Finalizer" daemon [_thread_blocked, id=6852, stack(0x000000b2d8d00000,0x000000b2d8e00000)]
  0x00000241af282000 JavaThread "Signal Dispatcher" daemon [_thread_blocked, id=7808, stack(0x000000b2d8e00000,0x000000b2d8f00000)]
  0x00000241af285000 JavaThread "Attach Listener" daemon [_thread_blocked, id=3524, stack(0x000000b2d8f00000,0x000000b2d9000000)]
  0x00000241af288800 JavaThread "Service Thread" daemon [_thread_blocked, id=9080, stack(0x000000b2d9000000,0x000000b2d9100000)]
  0x00000241af28d000 JavaThread "C2 CompilerThread0" daemon [_thread_blocked, id=7720, stack(0x000000b2d9100000,0x000000b2d9200000)]
  0x00000241af292000 JavaThread "C1 CompilerThread0" daemon [_thread_blocked, id=7428, stack(0x000000b2d9200000,0x000000b2d9300000)]
  0x00000241af295800 JavaThread "Sweeper thread" daemon [_thread_blocked, id=9028, stack(0x000000b2d9300000,0x000000b2d9400000)]
  0x00000241afd90000 JavaThread "Common-Cleaner" daemon [_thread_blocked, id=5344, stack(0x000000b2d9400000,0x000000b2d9500000)]
  0x00000241b1b5b800 JavaThread "Daemon health stats" [_thread_blocked, id=6676, stack(0x000000b2d9900000,0x000000b2d9a00000)]
  0x00000241b1621800 JavaThread "Incoming local TCP Connector on port 49860" [_thread_in_native, id=4260, stack(0x000000b2d9600000,0x000000b2d9700000)]
  0x00000241b1ed7000 JavaThread "Daemon periodic checks" [_thread_blocked, id=7420, stack(0x000000b2d9a00000,0x000000b2d9b00000)]
  0x00000241aff07000 JavaThread "Daemon" [_thread_blocked, id=7784, stack(0x000000b2d9b00000,0x000000b2d9c00000)]
  0x00000241b1400800 JavaThread "Handler for socket connection from /127.0.0.1:49860 to /127.0.0.1:49861" [_thread_in_native, id=8288, stack(0x000000b2d9c00000,0x000000b2d9d00000)]
  0x00000241b06ca800 JavaThread "Cancel handler" [_thread_blocked, id=2508, stack(0x000000b2d9e00000,0x000000b2d9f00000)]
  0x00000241b06cb000 JavaThread "Daemon worker" [_thread_blocked, id=8232, stack(0x000000b2d9f00000,0x000000b2da000000)]
  0x00000241b2504800 JavaThread "Asynchronous log dispatcher for DefaultDaemonConnection: socket connection from /127.0.0.1:49860 to /127.0.0.1:49861" [_thread_blocked, id=6924, stack(0x000000b2da000000,0x000000b2da100000)]
  0x00000241b0e27000 JavaThread "Stdin handler" [_thread_blocked, id=8312, stack(0x000000b2da100000,0x000000b2da200000)]
  0x00000241b24fc800 JavaThread "Daemon client event forwarder" [_thread_blocked, id=4660, stack(0x000000b2da200000,0x000000b2da300000)]
  0x00000241b24f8800 JavaThread "Cache worker for file hash cache (C:\Users\HP\.gradle\wrapper\dists\gradle-2.14.1-all\caches\7.0.2\fileHashes)" [_thread_blocked, id=8248, stack(0x000000b2da300000,0x000000b2da400000)]
  0x00000241b24ff000 JavaThread "File lock request listener" [_thread_in_native, id=8184, stack(0x000000b2da400000,0x000000b2da500000)]
  0x00000241b24fa000 JavaThread "Cache worker for journal cache (C:\Users\HP\.gradle\wrapper\dists\gradle-2.14.1-all\caches\journal-1)" [_thread_blocked, id=2516, stack(0x000000b2da500000,0x000000b2da600000)]
  0x00000241b24fd000 JavaThread "Cache worker for file hash cache (C:\Users\HP\AndroidStudioProjects\QuizzerExtended\QuizzerClass\.gradle\7.0.2\fileHashes)" [_thread_blocked, id=7468, stack(0x000000b2da600000,0x000000b2da700000)]
  0x00000241b24fe000 JavaThread "File watcher server" daemon [_thread_in_native, id=1192, stack(0x000000b2da700000,0x000000b2da800000)]
  0x00000241b24f9000 JavaThread "File watcher consumer" daemon [_thread_blocked, id=7152, stack(0x000000b2da800000,0x000000b2da900000)]
  0x00000241b24fa800 JavaThread "Cache worker for checksums cache (C:\Users\HP\AndroidStudioProjects\QuizzerExtended\QuizzerClass\.gradle\checksums)" [_thread_blocked, id=5112, stack(0x000000b2daa00000,0x000000b2dab00000)]
  0x00000241b24fb800 JavaThread "Cache worker for cache directory md-supplier (C:\Users\HP\.gradle\wrapper\dists\gradle-2.14.1-all\caches\7.0.2\md-supplier)" [_thread_blocked, id=8108, stack(0x000000b2dab00000,0x000000b2dac00000)]
  0x00000241b3b44000 JavaThread "Cache worker for cache directory md-rule (C:\Users\HP\.gradle\wrapper\dists\gradle-2.14.1-all\caches\7.0.2\md-rule)" [_thread_blocked, id=6504, stack(0x000000b2dac00000,0x000000b2dad00000)]
  0x00000241b3b47000 JavaThread "Cache worker for execution history cache (C:\Users\HP\.gradle\wrapper\dists\gradle-2.14.1-all\caches\7.0.2\executionHistory)" [_thread_in_Java, id=8428, stack(0x000000b2dad00000,0x000000b2dae00000)]
  0x00000241b3b46800 JavaThread "jar transforms" [_thread_blocked, id=7268, stack(0x000000b2dae00000,0x000000b2daf00000)]
  0x00000241b3b45800 JavaThread "jar transforms Thread 2" [_thread_blocked, id=8216, stack(0x000000b2daf00000,0x000000b2db000000)]
  0x00000241b3b49000 JavaThread "Cache worker for file content cache (C:\Users\HP\.gradle\wrapper\dists\gradle-2.14.1-all\caches\7.0.2\fileContent)" [_thread_blocked, id=8628, stack(0x000000b2db000000,0x000000b2db100000)]
  0x00000241b3b4e800 JavaThread "Cache worker for dependencies-accessors (C:\Users\HP\AndroidStudioProjects\QuizzerExtended\QuizzerClass\.gradle\7.0.2\dependencies-accessors)" [_thread_blocked, id=3772, stack(0x000000b2db100000,0x000000b2db200000)]
  0x00000241b3b4f800 JavaThread "jar transforms Thread 3" [_thread_blocked, id=2600, stack(0x000000b2db200000,0x000000b2db300000)]
  0x00000241b3b49800 JavaThread "Cache worker for Build Output Cleanup Cache (C:\Users\HP\AndroidStudioProjects\QuizzerExtended\QuizzerClass\.gradle\buildOutputCleanup)" [_thread_blocked, id=6344, stack(0x000000b2db300000,0x000000b2db400000)]
  0x00000241b3b4b800 JavaThread "Build operations" [_thread_blocked, id=3892, stack(0x000000b2da900000,0x000000b2daa00000)]
  0x00000241b3b52000 JavaThread "Build operations Thread 2" [_thread_blocked, id=5348, stack(0x000000b2db400000,0x000000b2db500000)]
  0x00000241b3b4d000 JavaThread "Build operations Thread 3" [_thread_blocked, id=6156, stack(0x000000b2db500000,0x000000b2db600000)]
  0x00000241b3b50000 JavaThread "Build operations Thread 4" [_thread_blocked, id=8876, stack(0x000000b2db600000,0x000000b2db700000)]
  0x00000241b3b4d800 JavaThread "jar transforms Thread 4" [_thread_blocked, id=6388, stack(0x000000b2db700000,0x000000b2db800000)]
  0x00000241b3b51000 JavaThread "Memory manager" [_thread_blocked, id=9032, stack(0x000000b2dbb00000,0x000000b2dbc00000)]
  0x00000241b5a5a000 JavaThread "build event listener" [_thread_blocked, id=3168, stack(0x000000b2dbc00000,0x000000b2dbd00000)]
  0x00000241b5a5b800 JavaThread "Execution worker for ':'" [_thread_blocked, id=968, stack(0x000000b2dbd00000,0x000000b2dbe00000)]
  0x00000241b5a5d000 JavaThread "Execution worker for ':' Thread 2" [_thread_blocked, id=2528, stack(0x000000b2dbe00000,0x000000b2dbf00000)]
  0x00000241b5a5c800 JavaThread "Execution worker for ':' Thread 3" [_thread_blocked, id=268, stack(0x000000b2dbf00000,0x000000b2dc000000)]
  0x00000241b5a5e000 JavaThread "Cache worker for execution history cache (C:\Users\HP\AndroidStudioProjects\QuizzerExtended\QuizzerClass\.gradle\7.0.2\executionHistory)" [_thread_blocked, id=2828, stack(0x000000b2dc000000,0x000000b2dc100000)]
=>0x00000241b3aa6800 JavaThread "C2 CompilerThread1" daemon [_thread_in_native, id=5960, stack(0x000000b2dba00000,0x000000b2dbb00000)]

Other Threads:
  0x00000241af241800 VMThread "VM Thread" [stack: 0x000000b2d8b00000,0x000000b2d8c00000] [id=2032]
  0x00000241afda1000 WatcherThread [stack: 0x000000b2d9500000,0x000000b2d9600000] [id=9064]
  0x0000024196232800 GCTaskThread "GC Thread#0" [stack: 0x000000b2d8600000,0x000000b2d8700000] [id=3148]
  0x00000241b06ec000 GCTaskThread "GC Thread#1" [stack: 0x000000b2d9700000,0x000000b2d9800000] [id=1756]
  0x00000241aff03000 GCTaskThread "GC Thread#2" [stack: 0x000000b2d9800000,0x000000b2d9900000] [id=7460]
  0x00000241b2603000 GCTaskThread "GC Thread#3" [stack: 0x000000b2d9d00000,0x000000b2d9e00000] [id=5556]
  0x000002419625a000 ConcurrentGCThread "G1 Main Marker" [stack: 0x000000b2d8700000,0x000000b2d8800000] [id=7504]
  0x000002419625b800 ConcurrentGCThread "G1 Conc#0" [stack: 0x000000b2d8800000,0x000000b2d8900000] [id=8080]
  0x00000241962e9000 ConcurrentGCThread "G1 Refine#0" [stack: 0x000000b2d8900000,0x000000b2d8a00000] [id=8744]
  0x00000241962ea000 ConcurrentGCThread "G1 Young RemSet Sampling" [stack: 0x000000b2d8a00000,0x000000b2d8b00000] [id=8280]

Threads with active compile tasks:
C2 CompilerThread0  51255 9763   !   4       org.gradle.internal.instantiation.generator.DependencyInjectingInstantiator::doCreate (64 bytes)
C1 CompilerThread0  51255 9801       3       org.gradle.api.internal.artifacts.ivyservice.resolveengine.artifact.DefaultArtifactSet::toResolvedVariant (253 bytes)
C2 CompilerThread1  51255 9556       4       org.gradle.internal.hash.HashCode::toString (77 bytes)

VM state:not at safepoint (normal execution)

VM Mutex/Monitor currently owned by a thread:  ([mutex/lock_event])
[0x0000024196217d50] MethodCompileQueue_lock - owner thread: 0x0000000000000000

Heap address: 0x00000000a0000000, size: 1536 MB, Compressed Oops mode: 32-bit
Narrow klass base: 0x0000000000000000, Narrow klass shift: 3
Compressed class space size: 1073741824 Address: 0x0000000100000000

Heap:
 garbage-first heap   total 187392K, used 123231K [0x00000000a0000000, 0x0000000100000000)
  region size 1024K, 60 young (61440K), 6 survivors (6144K)
 Metaspace       used 80082K, capacity 82310K, committed 82440K, reserved 1120256K
  class space    used 10411K, capacity 11197K, committed 11212K, reserved 1048576K
Heap Regions: E=young(eden), S=young(survivor), O=old, HS=humongous(starts), HC=humongous(continues), CS=collection set, F=free, A=archive, TAMS=top-at-mark-start (previous, next)
|   0|0x00000000a0000000, 0x00000000a0100000, 0x00000000a0100000|100%|HS|  |TAMS 0x00000000a0100000, 0x00000000a0000000| Complete 
|   1|0x00000000a0100000, 0x00000000a0200000, 0x00000000a0200000|100%|HC|  |TAMS 0x00000000a0200000, 0x00000000a0100000| Complete 
|   2|0x00000000a0200000, 0x00000000a0300000, 0x00000000a0300000|100%|HC|  |TAMS 0x00000000a0300000, 0x00000000a0200000| Complete 
|   3|0x00000000a0300000, 0x00000000a0400000, 0x00000000a0400000|100%| O|  |TAMS 0x00000000a0400000, 0x00000000a0300000| Untracked 
|   4|0x00000000a0400000, 0x00000000a0500000, 0x00000000a0500000|100%| O|  |TAMS 0x00000000a0500000, 0x00000000a0400000| Untracked 
|   5|0x00000000a0500000, 0x00000000a0600000, 0x00000000a0600000|100%| O|  |TAMS 0x00000000a0600000, 0x00000000a0500000| Untracked 
|   6|0x00000000a0600000, 0x00000000a0700000, 0x00000000a0700000|100%| O|  |TAMS 0x00000000a0700000, 0x00000000a0600000| Untracked 
|   7|0x00000000a0700000, 0x00000000a0800000, 0x00000000a0800000|100%| O|  |TAMS 0x00000000a0800000, 0x00000000a0700000| Untracked 
|   8|0x00000000a0800000, 0x00000000a0900000, 0x00000000a0900000|100%| O|  |TAMS 0x00000000a0900000, 0x00000000a0800000| Untracked 
|   9|0x00000000a0900000, 0x00000000a0a00000, 0x00000000a0a00000|100%| O|  |TAMS 0x00000000a0a00000, 0x00000000a0900000| Untracked 
|  10|0x00000000a0a00000, 0x00000000a0b00000, 0x00000000a0b00000|100%| O|  |TAMS 0x00000000a0b00000, 0x00000000a0a00000| Untracked 
|  11|0x00000000a0b00000, 0x00000000a0c00000, 0x00000000a0c00000|100%| O|  |TAMS 0x00000000a0c00000, 0x00000000a0b00000| Untracked 
|  12|0x00000000a0c00000, 0x00000000a0d00000, 0x00000000a0d00000|100%| O|  |TAMS 0x00000000a0d00000, 0x00000000a0c00000| Untracked 
|  13|0x00000000a0d00000, 0x00000000a0e00000, 0x00000000a0e00000|100%| O|  |TAMS 0x00000000a0e00000, 0x00000000a0d00000| Untracked 
|  14|0x00000000a0e00000, 0x00000000a0f00000, 0x00000000a0f00000|100%| O|  |TAMS 0x00000000a0f00000, 0x00000000a0e00000| Untracked 
|  15|0x00000000a0f00000, 0x00000000a1000000, 0x00000000a1000000|100%| O|  |TAMS 0x00000000a1000000, 0x00000000a0f00000| Untracked 
|  16|0x00000000a1000000, 0x00000000a1100000, 0x00000000a1100000|100%| O|  |TAMS 0x00000000a1100000, 0x00000000a1000000| Untracked 
|  17|0x00000000a1100000, 0x00000000a1200000, 0x00000000a1200000|100%| O|  |TAMS 0x00000000a1200000, 0x00000000a1100000| Untracked 
|  18|0x00000000a1200000, 0x00000000a1300000, 0x00000000a1300000|100%| O|  |TAMS 0x00000000a1300000, 0x00000000a1200000| Untracked 
|  19|0x00000000a1300000, 0x00000000a1400000, 0x00000000a1400000|100%| O|  |TAMS 0x00000000a1400000, 0x00000000a1300000| Untracked 
|  20|0x00000000a1400000, 0x00000000a1500000, 0x00000000a1500000|100%| O|  |TAMS 0x00000000a1500000, 0x00000000a1400000| Untracked 
|  21|0x00000000a1500000, 0x00000000a1600000, 0x00000000a1600000|100%| O|  |TAMS 0x00000000a1600000, 0x00000000a1500000| Untracked 
|  22|0x00000000a1600000, 0x00000000a1700000, 0x00000000a1700000|100%|HS|  |TAMS 0x00000000a1700000, 0x00000000a1600000| Complete 
|  23|0x00000000a1700000, 0x00000000a1800000, 0x00000000a1800000|100%|HS|  |TAMS 0x00000000a1800000, 0x00000000a1700000| Complete 
|  24|0x00000000a1800000, 0x00000000a1900000, 0x00000000a1900000|100%|HS|  |TAMS 0x00000000a1900000, 0x00000000a1800000| Complete 
|  25|0x00000000a1900000, 0x00000000a1a00000, 0x00000000a1a00000|100%|HC|  |TAMS 0x00000000a1a00000, 0x00000000a1900000| Complete 
|  26|0x00000000a1a00000, 0x00000000a1b00000, 0x00000000a1b00000|100%| O|  |TAMS 0x00000000a1b00000, 0x00000000a1a00000| Untracked 
|  27|0x00000000a1b00000, 0x00000000a1c00000, 0x00000000a1c00000|100%| O|  |TAMS 0x00000000a1c00000, 0x00000000a1b00000| Untracked 
|  28|0x00000000a1c00000, 0x00000000a1d00000, 0x00000000a1d00000|100%| O|  |TAMS 0x00000000a1d00000, 0x00000000a1c00000| Untracked 
|  29|0x00000000a1d00000, 0x00000000a1e00000, 0x00000000a1e00000|100%| O|  |TAMS 0x00000000a1e00000, 0x00000000a1d00000| Untracked 
|  30|0x00000000a1e00000, 0x00000000a1f00000, 0x00000000a1f00000|100%| O|  |TAMS 0x00000000a1f00000, 0x00000000a1e00000| Untracked 
|  31|0x00000000a1f00000, 0x00000000a2000000, 0x00000000a2000000|100%| O|  |TAMS 0x00000000a2000000, 0x00000000a1f00000| Untracked 
|  32|0x00000000a2000000, 0x00000000a2100000, 0x00000000a2100000|100%| O|  |TAMS 0x00000000a2100000, 0x00000000a2000000| Untracked 
|  33|0x00000000a2100000, 0x00000000a2200000, 0x00000000a2200000|100%| O|  |TAMS 0x00000000a2200000, 0x00000000a2100000| Untracked 
|  34|0x00000000a2200000, 0x00000000a2300000, 0x00000000a2300000|100%| O|  |TAMS 0x00000000a2300000, 0x00000000a2200000| Untracked 
|  35|0x00000000a2300000, 0x00000000a2400000, 0x00000000a2400000|100%| O|  |TAMS 0x00000000a2400000, 0x00000000a2300000| Untracked 
|  36|0x00000000a2400000, 0x00000000a2500000, 0x00000000a2500000|100%| O|  |TAMS 0x00000000a2500000, 0x00000000a2400000| Untracked 
|  37|0x00000000a2500000, 0x00000000a2600000, 0x00000000a2600000|100%| O|  |TAMS 0x00000000a2600000, 0x00000000a2500000| Untracked 
|  38|0x00000000a2600000, 0x00000000a2700000, 0x00000000a2700000|100%| O|  |TAMS 0x00000000a2700000, 0x00000000a2600000| Untracked 
|  39|0x00000000a2700000, 0x00000000a2800000, 0x00000000a2800000|100%| O|  |TAMS 0x00000000a2800000, 0x00000000a2700000| Untracked 
|  40|0x00000000a2800000, 0x00000000a2900000, 0x00000000a2900000|100%| O|  |TAMS 0x00000000a2900000, 0x00000000a2800000| Untracked 
|  41|0x00000000a2900000, 0x00000000a2a00000, 0x00000000a2a00000|100%| O|  |TAMS 0x00000000a2a00000, 0x00000000a2900000| Untracked 
|  42|0x00000000a2a00000, 0x00000000a2b00000, 0x00000000a2b00000|100%| O|  |TAMS 0x00000000a2a00000, 0x00000000a2a00000| Untracked 
|  43|0x00000000a2b00000, 0x00000000a2c00000, 0x00000000a2c00000|100%| O|  |TAMS 0x00000000a2b00000, 0x00000000a2b00000| Untracked 
|  44|0x00000000a2c00000, 0x00000000a2d00000, 0x00000000a2d00000|100%| O|  |TAMS 0x00000000a2c00000, 0x00000000a2c00000| Untracked 
|  45|0x00000000a2d00000, 0x00000000a2e00000, 0x00000000a2e00000|100%| O|  |TAMS 0x00000000a2d00000, 0x00000000a2d00000| Untracked 
|  46|0x00000000a2e00000, 0x00000000a2f00000, 0x00000000a2f00000|100%| O|  |TAMS 0x00000000a2e00000, 0x00000000a2e00000| Untracked 
|  47|0x00000000a2f00000, 0x00000000a3000000, 0x00000000a3000000|100%| O|  |TAMS 0x00000000a2f00000, 0x00000000a2f00000| Untracked 
|  48|0x00000000a3000000, 0x00000000a3100000, 0x00000000a3100000|100%| O|  |TAMS 0x00000000a3000000, 0x00000000a3000000| Untracked 
|  49|0x00000000a3100000, 0x00000000a3200000, 0x00000000a3200000|100%| O|  |TAMS 0x00000000a3100000, 0x00000000a3100000| Untracked 
|  50|0x00000000a3200000, 0x00000000a3300000, 0x00000000a3300000|100%| O|  |TAMS 0x00000000a3200000, 0x00000000a3200000| Untracked 
|  51|0x00000000a3300000, 0x00000000a3400000, 0x00000000a3400000|100%| O|  |TAMS 0x00000000a3300000, 0x00000000a3300000| Untracked 
|  52|0x00000000a3400000, 0x00000000a3500000, 0x00000000a3500000|100%| O|  |TAMS 0x00000000a3400000, 0x00000000a3400000| Untracked 
|  53|0x00000000a3500000, 0x00000000a3600000, 0x00000000a3600000|100%| O|  |TAMS 0x00000000a3500000, 0x00000000a3500000| Untracked 
|  54|0x00000000a3600000, 0x00000000a3700000, 0x00000000a3700000|100%| O|  |TAMS 0x00000000a3600000, 0x00000000a3600000| Untracked 
|  55|0x00000000a3700000, 0x00000000a3800000, 0x00000000a3800000|100%| O|  |TAMS 0x00000000a3700000, 0x00000000a3700000| Untracked 
|  56|0x00000000a3800000, 0x00000000a3900000, 0x00000000a3900000|100%| O|  |TAMS 0x00000000a3800000, 0x00000000a3800000| Untracked 
|  57|0x00000000a3900000, 0x00000000a3a00000, 0x00000000a3a00000|100%| O|  |TAMS 0x00000000a3900000, 0x00000000a3900000| Untracked 
|  58|0x00000000a3a00000, 0x00000000a3b00000, 0x00000000a3b00000|100%| O|  |TAMS 0x00000000a3a00000, 0x00000000a3a00000| Untracked 
|  59|0x00000000a3b00000, 0x00000000a3c00000, 0x00000000a3c00000|100%| O|  |TAMS 0x00000000a3b00000, 0x00000000a3b00000| Untracked 
|  60|0x00000000a3c00000, 0x00000000a3d00000, 0x00000000a3d00000|100%| O|  |TAMS 0x00000000a3c00000, 0x00000000a3c00000| Untracked 
|  61|0x00000000a3d00000, 0x00000000a3e00000, 0x00000000a3e00000|100%| O|  |TAMS 0x00000000a3d00000, 0x00000000a3d00000| Untracked 
|  62|0x00000000a3e00000, 0x00000000a3ee6400, 0x00000000a3f00000| 89%| O|  |TAMS 0x00000000a3e00000, 0x00000000a3e00000| Untracked 
|  63|0x00000000a3f00000, 0x00000000a3f00000, 0x00000000a4000000|  0%| F|  |TAMS 0x00000000a3f00000, 0x00000000a3f00000| Untracked 
|  64|0x00000000a4000000, 0x00000000a4000000, 0x00000000a4100000|  0%| F|  |TAMS 0x00000000a4000000, 0x00000000a4000000| Untracked 
|  65|0x00000000a4100000, 0x00000000a4100000, 0x00000000a4200000|  0%| F|  |TAMS 0x00000000a4100000, 0x00000000a4100000| Untracked 
|  66|0x00000000a4200000, 0x00000000a4200000, 0x00000000a4300000|  0%| F|  |TAMS 0x00000000a4200000, 0x00000000a4200000| Untracked 
|  67|0x00000000a4300000, 0x00000000a4300000, 0x00000000a4400000|  0%| F|  |TAMS 0x00000000a4300000, 0x00000000a4300000| Untracked 
|  68|0x00000000a4400000, 0x00000000a4400000, 0x00000000a4500000|  0%| F|  |TAMS 0x00000000a4400000, 0x00000000a4400000| Untracked 
|  69|0x00000000a4500000, 0x00000000a4500000, 0x00000000a4600000|  0%| F|  |TAMS 0x00000000a4500000, 0x00000000a4500000| Untracked 
|  70|0x00000000a4600000, 0x00000000a4600000, 0x00000000a4700000|  0%| F|  |TAMS 0x00000000a4600000, 0x00000000a4600000| Untracked 
|  71|0x00000000a4700000, 0x00000000a4700000, 0x00000000a4800000|  0%| F|  |TAMS 0x00000000a4700000, 0x00000000a4700000| Untracked 
|  72|0x00000000a4800000, 0x00000000a4800000, 0x00000000a4900000|  0%| F|  |TAMS 0x00000000a4800000, 0x00000000a4800000| Untracked 
|  73|0x00000000a4900000, 0x00000000a4900000, 0x00000000a4a00000|  0%| F|  |TAMS 0x00000000a4900000, 0x00000000a4900000| Untracked 
|  74|0x00000000a4a00000, 0x00000000a4a00000, 0x00000000a4b00000|  0%| F|  |TAMS 0x00000000a4a00000, 0x00000000a4a00000| Untracked 
|  75|0x00000000a4b00000, 0x00000000a4b00000, 0x00000000a4c00000|  0%| F|  |TAMS 0x00000000a4b00000, 0x00000000a4b00000| Untracked 
|  76|0x00000000a4c00000, 0x00000000a4c00000, 0x00000000a4d00000|  0%| F|  |TAMS 0x00000000a4c00000, 0x00000000a4c00000| Untracked 
|  77|0x00000000a4d00000, 0x00000000a4d00000, 0x00000000a4e00000|  0%| F|  |TAMS 0x00000000a4d00000, 0x00000000a4d00000| Untracked 
|  78|0x00000000a4e00000, 0x00000000a4e00000, 0x00000000a4f00000|  0%| F|  |TAMS 0x00000000a4e00000, 0x00000000a4e00000| Untracked 
|  79|0x00000000a4f00000, 0x00000000a4f00000, 0x00000000a5000000|  0%| F|  |TAMS 0x00000000a4f00000, 0x00000000a4f00000| Untracked 
|  80|0x00000000a5000000, 0x00000000a5000000, 0x00000000a5100000|  0%| F|  |TAMS 0x00000000a5000000, 0x00000000a5000000| Untracked 
|  81|0x00000000a5100000, 0x00000000a5100000, 0x00000000a5200000|  0%| F|  |TAMS 0x00000000a5100000, 0x00000000a5100000| Untracked 
|  82|0x00000000a5200000, 0x00000000a5200000, 0x00000000a5300000|  0%| F|  |TAMS 0x00000000a5200000, 0x00000000a5200000| Untracked 
|  83|0x00000000a5300000, 0x00000000a5300000, 0x00000000a5400000|  0%| F|  |TAMS 0x00000000a5300000, 0x00000000a5300000| Untracked 
|  84|0x00000000a5400000, 0x00000000a5400000, 0x00000000a5500000|  0%| F|  |TAMS 0x00000000a5400000, 0x00000000a5400000| Untracked 
|  85|0x00000000a5500000, 0x00000000a5500000, 0x00000000a5600000|  0%| F|  |TAMS 0x00000000a5500000, 0x00000000a5500000| Untracked 
|  86|0x00000000a5600000, 0x00000000a5600000, 0x00000000a5700000|  0%| F|  |TAMS 0x00000000a5600000, 0x00000000a5600000| Untracked 
|  87|0x00000000a5700000, 0x00000000a5700000, 0x00000000a5800000|  0%| F|  |TAMS 0x00000000a5700000, 0x00000000a5700000| Untracked 
|  88|0x00000000a5800000, 0x00000000a5800000, 0x00000000a5900000|  0%| F|  |TAMS 0x00000000a5800000, 0x00000000a5800000| Untracked 
|  89|0x00000000a5900000, 0x00000000a5900000, 0x00000000a5a00000|  0%| F|  |TAMS 0x00000000a5900000, 0x00000000a5900000| Untracked 
|  90|0x00000000a5a00000, 0x00000000a5a00000, 0x00000000a5b00000|  0%| F|  |TAMS 0x00000000a5a00000, 0x00000000a5a00000| Untracked 
|  91|0x00000000a5b00000, 0x00000000a5b00000, 0x00000000a5c00000|  0%| F|  |TAMS 0x00000000a5b00000, 0x00000000a5b00000| Untracked 
|  92|0x00000000a5c00000, 0x00000000a5c00000, 0x00000000a5d00000|  0%| F|  |TAMS 0x00000000a5c00000, 0x00000000a5c00000| Untracked 
|  93|0x00000000a5d00000, 0x00000000a5d00000, 0x00000000a5e00000|  0%| F|  |TAMS 0x00000000a5d00000, 0x00000000a5d00000| Untracked 
|  94|0x00000000a5e00000, 0x00000000a5e00000, 0x00000000a5f00000|  0%| F|  |TAMS 0x00000000a5e00000, 0x00000000a5e00000| Untracked 
|  95|0x00000000a5f00000, 0x00000000a5f00000, 0x00000000a6000000|  0%| F|  |TAMS 0x00000000a5f00000, 0x00000000a5f00000| Untracked 
|  96|0x00000000a6000000, 0x00000000a6000000, 0x00000000a6100000|  0%| F|  |TAMS 0x00000000a6000000, 0x00000000a6000000| Untracked 
|  97|0x00000000a6100000, 0x00000000a6100000, 0x00000000a6200000|  0%| F|  |TAMS 0x00000000a6100000, 0x00000000a6100000| Untracked 
|  98|0x00000000a6200000, 0x00000000a6200000, 0x00000000a6300000|  0%| F|  |TAMS 0x00000000a6200000, 0x00000000a6200000| Untracked 
|  99|0x00000000a6300000, 0x00000000a6300000, 0x00000000a6400000|  0%| F|  |TAMS 0x00000000a6300000, 0x00000000a6300000| Untracked 
| 100|0x00000000a6400000, 0x00000000a6400000, 0x00000000a6500000|  0%| F|  |TAMS 0x00000000a6400000, 0x00000000a6400000| Untracked 
| 101|0x00000000a6500000, 0x00000000a6500000, 0x00000000a6600000|  0%| F|  |TAMS 0x00000000a6500000, 0x00000000a6500000| Untracked 
| 102|0x00000000a6600000, 0x00000000a6600000, 0x00000000a6700000|  0%| F|  |TAMS 0x00000000a6600000, 0x00000000a6600000| Untracked 
| 103|0x00000000a6700000, 0x00000000a6700000, 0x00000000a6800000|  0%| F|  |TAMS 0x00000000a6700000, 0x00000000a6700000| Untracked 
| 104|0x00000000a6800000, 0x00000000a6800000, 0x00000000a6900000|  0%| F|  |TAMS 0x00000000a6800000, 0x00000000a6800000| Untracked 
| 105|0x00000000a6900000, 0x00000000a6900000, 0x00000000a6a00000|  0%| F|  |TAMS 0x00000000a6900000, 0x00000000a6900000| Untracked 
| 106|0x00000000a6a00000, 0x00000000a6a00000, 0x00000000a6b00000|  0%| F|  |TAMS 0x00000000a6a00000, 0x00000000a6a00000| Untracked 
| 107|0x00000000a6b00000, 0x00000000a6b00000, 0x00000000a6c00000|  0%| F|  |TAMS 0x00000000a6b00000, 0x00000000a6b00000| Untracked 
| 108|0x00000000a6c00000, 0x00000000a6c71800, 0x00000000a6d00000| 44%| S|CS|TAMS 0x00000000a6c00000, 0x00000000a6c00000| Complete 
| 109|0x00000000a6d00000, 0x00000000a6e00000, 0x00000000a6e00000|100%| S|CS|TAMS 0x00000000a6d00000, 0x00000000a6d00000| Complete 
| 110|0x00000000a6e00000, 0x00000000a6f00000, 0x00000000a6f00000|100%| S|CS|TAMS 0x00000000a6e00000, 0x00000000a6e00000| Complete 
| 111|0x00000000a6f00000, 0x00000000a7000000, 0x00000000a7000000|100%| S|CS|TAMS 0x00000000a6f00000, 0x00000000a6f00000| Complete 
| 112|0x00000000a7000000, 0x00000000a7100000, 0x00000000a7100000|100%| S|CS|TAMS 0x00000000a7000000, 0x00000000a7000000| Complete 
| 113|0x00000000a7100000, 0x00000000a7200000, 0x00000000a7200000|100%| S|CS|TAMS 0x00000000a7100000, 0x00000000a7100000| Complete 
| 114|0x00000000a7200000, 0x00000000a7200000, 0x00000000a7300000|  0%| F|  |TAMS 0x00000000a7200000, 0x00000000a7200000| Untracked 
| 115|0x00000000a7300000, 0x00000000a7300000, 0x00000000a7400000|  0%| F|  |TAMS 0x00000000a7300000, 0x00000000a7300000| Untracked 
| 116|0x00000000a7400000, 0x00000000a7400000, 0x00000000a7500000|  0%| F|  |TAMS 0x00000000a7400000, 0x00000000a7400000| Untracked 
| 117|0x00000000a7500000, 0x00000000a7500000, 0x00000000a7600000|  0%| F|  |TAMS 0x00000000a7500000, 0x00000000a7500000| Untracked 
| 118|0x00000000a7600000, 0x00000000a7600000, 0x00000000a7700000|  0%| F|  |TAMS 0x00000000a7600000, 0x00000000a7600000| Untracked 
| 119|0x00000000a7700000, 0x00000000a7700000, 0x00000000a7800000|  0%| F|  |TAMS 0x00000000a7700000, 0x00000000a7700000| Untracked 
| 120|0x00000000a7800000, 0x00000000a7800000, 0x00000000a7900000|  0%| F|  |TAMS 0x00000000a7800000, 0x00000000a7800000| Untracked 
| 121|0x00000000a7900000, 0x00000000a7900000, 0x00000000a7a00000|  0%| F|  |TAMS 0x00000000a7900000, 0x00000000a7900000| Untracked 
| 122|0x00000000a7a00000, 0x00000000a7a00000, 0x00000000a7b00000|  0%| F|  |TAMS 0x00000000a7a00000, 0x00000000a7a00000| Untracked 
| 123|0x00000000a7b00000, 0x00000000a7b00000, 0x00000000a7c00000|  0%| F|  |TAMS 0x00000000a7b00000, 0x00000000a7b00000| Untracked 
| 124|0x00000000a7c00000, 0x00000000a7c00000, 0x00000000a7d00000|  0%| F|  |TAMS 0x00000000a7c00000, 0x00000000a7c00000| Untracked 
| 125|0x00000000a7d00000, 0x00000000a7d00000, 0x00000000a7e00000|  0%| F|  |TAMS 0x00000000a7d00000, 0x00000000a7d00000| Untracked 
| 126|0x00000000a7e00000, 0x00000000a7e00000, 0x00000000a7f00000|  0%| F|  |TAMS 0x00000000a7e00000, 0x00000000a7e00000| Untracked 
| 127|0x00000000a7f00000, 0x00000000a7f00000, 0x00000000a8000000|  0%| F|  |TAMS 0x00000000a7f00000, 0x00000000a7f00000| Untracked 
| 128|0x00000000a8000000, 0x00000000a8080800, 0x00000000a8100000| 50%| E|  |TAMS 0x00000000a8000000, 0x00000000a8000000| Complete 
| 129|0x00000000a8100000, 0x00000000a8200000, 0x00000000a8200000|100%| E|CS|TAMS 0x00000000a8100000, 0x00000000a8100000| Complete 
| 130|0x00000000a8200000, 0x00000000a8300000, 0x00000000a8300000|100%| E|CS|TAMS 0x00000000a8200000, 0x00000000a8200000| Complete 
| 131|0x00000000a8300000, 0x00000000a8400000, 0x00000000a8400000|100%| E|CS|TAMS 0x00000000a8300000, 0x00000000a8300000| Complete 
| 132|0x00000000a8400000, 0x00000000a8500000, 0x00000000a8500000|100%| E|CS|TAMS 0x00000000a8400000, 0x00000000a8400000| Complete 
| 133|0x00000000a8500000, 0x00000000a8600000, 0x00000000a8600000|100%| E|CS|TAMS 0x00000000a8500000, 0x00000000a8500000| Complete 
| 134|0x00000000a8600000, 0x00000000a8700000, 0x00000000a8700000|100%| E|CS|TAMS 0x00000000a8600000, 0x00000000a8600000| Complete 
| 135|0x00000000a8700000, 0x00000000a8800000, 0x00000000a8800000|100%| E|CS|TAMS 0x00000000a8700000, 0x00000000a8700000| Complete 
| 136|0x00000000a8800000, 0x00000000a8900000, 0x00000000a8900000|100%| E|CS|TAMS 0x00000000a8800000, 0x00000000a8800000| Complete 
| 137|0x00000000a8900000, 0x00000000a8a00000, 0x00000000a8a00000|100%| E|CS|TAMS 0x00000000a8900000, 0x00000000a8900000| Complete 
| 138|0x00000000a8a00000, 0x00000000a8b00000, 0x00000000a8b00000|100%| E|CS|TAMS 0x00000000a8a00000, 0x00000000a8a00000| Complete 
| 139|0x00000000a8b00000, 0x00000000a8c00000, 0x00000000a8c00000|100%| E|CS|TAMS 0x00000000a8b00000, 0x00000000a8b00000| Complete 
| 140|0x00000000a8c00000, 0x00000000a8d00000, 0x00000000a8d00000|100%| E|CS|TAMS 0x00000000a8c00000, 0x00000000a8c00000| Complete 
| 141|0x00000000a8d00000, 0x00000000a8e00000, 0x00000000a8e00000|100%| E|CS|TAMS 0x00000000a8d00000, 0x00000000a8d00000| Complete 
| 142|0x00000000a8e00000, 0x00000000a8f00000, 0x00000000a8f00000|100%| E|CS|TAMS 0x00000000a8e00000, 0x00000000a8e00000| Complete 
| 143|0x00000000a8f00000, 0x00000000a9000000, 0x00000000a9000000|100%| E|CS|TAMS 0x00000000a8f00000, 0x00000000a8f00000| Complete 
| 144|0x00000000a9000000, 0x00000000a9100000, 0x00000000a9100000|100%| E|CS|TAMS 0x00000000a9000000, 0x00000000a9000000| Complete 
| 145|0x00000000a9100000, 0x00000000a9200000, 0x00000000a9200000|100%| E|CS|TAMS 0x00000000a9100000, 0x00000000a9100000| Complete 
| 146|0x00000000a9200000, 0x00000000a9300000, 0x00000000a9300000|100%| E|CS|TAMS 0x00000000a9200000, 0x00000000a9200000| Complete 
| 147|0x00000000a9300000, 0x00000000a9400000, 0x00000000a9400000|100%| E|  |TAMS 0x00000000a9300000, 0x00000000a9300000| Complete 
| 148|0x00000000a9400000, 0x00000000a9500000, 0x00000000a9500000|100%| E|CS|TAMS 0x00000000a9400000, 0x00000000a9400000| Complete 
| 149|0x00000000a9500000, 0x00000000a9600000, 0x00000000a9600000|100%| E|CS|TAMS 0x00000000a9500000, 0x00000000a9500000| Complete 
| 150|0x00000000a9600000, 0x00000000a9700000, 0x00000000a9700000|100%| E|CS|TAMS 0x00000000a9600000, 0x00000000a9600000| Complete 
| 151|0x00000000a9700000, 0x00000000a9800000, 0x00000000a9800000|100%| E|CS|TAMS 0x00000000a9700000, 0x00000000a9700000| Complete 
| 152|0x00000000a9800000, 0x00000000a9900000, 0x00000000a9900000|100%| E|CS|TAMS 0x00000000a9800000, 0x00000000a9800000| Complete 
| 153|0x00000000a9900000, 0x00000000a9a00000, 0x00000000a9a00000|100%| E|CS|TAMS 0x00000000a9900000, 0x00000000a9900000| Complete 
| 154|0x00000000a9a00000, 0x00000000a9b00000, 0x00000000a9b00000|100%| E|CS|TAMS 0x00000000a9a00000, 0x00000000a9a00000| Complete 
| 155|0x00000000a9b00000, 0x00000000a9c00000, 0x00000000a9c00000|100%| E|CS|TAMS 0x00000000a9b00000, 0x00000000a9b00000| Complete 
| 156|0x00000000a9c00000, 0x00000000a9d00000, 0x00000000a9d00000|100%| E|CS|TAMS 0x00000000a9c00000, 0x00000000a9c00000| Complete 
| 157|0x00000000a9d00000, 0x00000000a9e00000, 0x00000000a9e00000|100%| E|CS|TAMS 0x00000000a9d00000, 0x00000000a9d00000| Complete 
| 158|0x00000000a9e00000, 0x00000000a9f00000, 0x00000000a9f00000|100%| E|CS|TAMS 0x00000000a9e00000, 0x00000000a9e00000| Complete 
| 159|0x00000000a9f00000, 0x00000000aa000000, 0x00000000aa000000|100%| E|CS|TAMS 0x00000000a9f00000, 0x00000000a9f00000| Complete 
| 160|0x00000000aa000000, 0x00000000aa100000, 0x00000000aa100000|100%| E|CS|TAMS 0x00000000aa000000, 0x00000000aa000000| Complete 
| 161|0x00000000aa100000, 0x00000000aa200000, 0x00000000aa200000|100%| E|CS|TAMS 0x00000000aa100000, 0x00000000aa100000| Complete 
| 162|0x00000000aa200000, 0x00000000aa300000, 0x00000000aa300000|100%| E|CS|TAMS 0x00000000aa200000, 0x00000000aa200000| Complete 
| 163|0x00000000aa300000, 0x00000000aa400000, 0x00000000aa400000|100%| E|CS|TAMS 0x00000000aa300000, 0x00000000aa300000| Complete 
| 164|0x00000000aa400000, 0x00000000aa500000, 0x00000000aa500000|100%| E|CS|TAMS 0x00000000aa400000, 0x00000000aa400000| Complete 
| 165|0x00000000aa500000, 0x00000000aa600000, 0x00000000aa600000|100%| E|CS|TAMS 0x00000000aa500000, 0x00000000aa500000| Complete 
| 166|0x00000000aa600000, 0x00000000aa700000, 0x00000000aa700000|100%| E|CS|TAMS 0x00000000aa600000, 0x00000000aa600000| Complete 
| 167|0x00000000aa700000, 0x00000000aa800000, 0x00000000aa800000|100%| E|CS|TAMS 0x00000000aa700000, 0x00000000aa700000| Complete 
| 168|0x00000000aa800000, 0x00000000aa900000, 0x00000000aa900000|100%| E|CS|TAMS 0x00000000aa800000, 0x00000000aa800000| Complete 
| 169|0x00000000aa900000, 0x00000000aaa00000, 0x00000000aaa00000|100%| E|CS|TAMS 0x00000000aa900000, 0x00000000aa900000| Complete 
| 170|0x00000000aaa00000, 0x00000000aab00000, 0x00000000aab00000|100%| E|CS|TAMS 0x00000000aaa00000, 0x00000000aaa00000| Complete 
| 171|0x00000000aab00000, 0x00000000aac00000, 0x00000000aac00000|100%| E|CS|TAMS 0x00000000aab00000, 0x00000000aab00000| Complete 
| 172|0x00000000aac00000, 0x00000000aad00000, 0x00000000aad00000|100%| E|CS|TAMS 0x00000000aac00000, 0x00000000aac00000| Complete 
| 173|0x00000000aad00000, 0x00000000aae00000, 0x00000000aae00000|100%| E|CS|TAMS 0x00000000aad00000, 0x00000000aad00000| Complete 
| 174|0x00000000aae00000, 0x00000000aaf00000, 0x00000000aaf00000|100%| E|CS|TAMS 0x00000000aae00000, 0x00000000aae00000| Complete 
| 175|0x00000000aaf00000, 0x00000000ab000000, 0x00000000ab000000|100%| E|CS|TAMS 0x00000000aaf00000, 0x00000000aaf00000| Complete 
| 176|0x00000000ab000000, 0x00000000ab100000, 0x00000000ab100000|100%| E|CS|TAMS 0x00000000ab000000, 0x00000000ab000000| Complete 
| 177|0x00000000ab100000, 0x00000000ab200000, 0x00000000ab200000|100%| E|CS|TAMS 0x00000000ab100000, 0x00000000ab100000| Complete 
| 178|0x00000000ab200000, 0x00000000ab300000, 0x00000000ab300000|100%| E|CS|TAMS 0x00000000ab200000, 0x00000000ab200000| Complete 
| 179|0x00000000ab300000, 0x00000000ab400000, 0x00000000ab400000|100%| E|CS|TAMS 0x00000000ab300000, 0x00000000ab300000| Complete 
| 180|0x00000000ab400000, 0x00000000ab500000, 0x00000000ab500000|100%| E|CS|TAMS 0x00000000ab400000, 0x00000000ab400000| Complete 
| 181|0x00000000ab500000, 0x00000000ab600000, 0x00000000ab600000|100%| E|CS|TAMS 0x00000000ab500000, 0x00000000ab500000| Complete 
| 182|0x00000000ab600000, 0x00000000ab700000, 0x00000000ab700000|100%| E|CS|TAMS 0x00000000ab600000, 0x00000000ab600000| Complete 

Card table byte_map: [0x00000241a9640000,0x00000241a9940000] _byte_map_base: 0x00000241a9140000

Marking Bits (Prev, Next): (CMBitMap*) 0x0000024196253388, (CMBitMap*) 0x00000241962533c0
 Prev Bits: [0x00000241a9c40000, 0x00000241ab440000)
 Next Bits: [0x00000241ab440000, 0x00000241acc40000)

Polling page: 0x0000024194a30000

Metaspace:

Usage:
  Non-class:     69.45 MB capacity,    68.05 MB ( 98%) used,     1.18 MB (  2%) free+waste,   226.06 KB ( <1%) overhead. 
      Class:     10.93 MB capacity,    10.17 MB ( 93%) used,   682.67 KB (  6%) free+waste,   102.44 KB ( <1%) overhead. 
       Both:     80.38 MB capacity,    78.21 MB ( 97%) used,     1.85 MB (  2%) free+waste,   328.50 KB ( <1%) overhead. 

Virtual space:
  Non-class space:       70.00 MB reserved,      69.56 MB (>99%) committed 
      Class space:        1.00 GB reserved,      10.95 MB (  1%) committed 
             Both:        1.07 GB reserved,      80.51 MB (  7%) committed 

Chunk freelists:
   Non-Class:  50.00 KB
       Class:  3.00 KB
        Both:  53.00 KB

MaxMetaspaceSize: 17179869184.00 GB
CompressedClassSpaceSize: 1.00 GB

CodeHeap 'non-profiled nmethods': size=120064Kb used=5924Kb max_used=5924Kb free=114139Kb
 bounds [0x00000241a17d0000, 0x00000241a1da0000, 0x00000241a8d10000]
CodeHeap 'profiled nmethods': size=120000Kb used=20894Kb max_used=20894Kb free=99105Kb
 bounds [0x000002419a2a0000, 0x000002419b710000, 0x00000241a17d0000]
CodeHeap 'non-nmethods': size=5696Kb used=2271Kb max_used=2321Kb free=3424Kb
 bounds [0x0000024199d10000, 0x0000024199f80000, 0x000002419a2a0000]
 total_blobs=10614 nmethods=9744 adapters=781
 compilation: enabled
              stopped_count=0, restarted_count=0
 full_count=0

Compilation events (20 events):
Event: 51.000 Thread 0x00000241af292000 nmethod 9597 0x000002419b682910 code [0x000002419b682b00, 0x000002419b682e88]
Event: 51.000 Thread 0x00000241af292000 9598       3       sun.nio.ch.ChannelInputStream::close (10 bytes)
Event: 51.000 Thread 0x00000241af292000 nmethod 9598 0x000002419b683010 code [0x000002419b6831c0, 0x000002419b683388]
Event: 51.000 Thread 0x00000241af292000 9599   !   3       java.nio.file.Files::readAllLines (76 bytes)
Event: 51.002 Thread 0x00000241af292000 nmethod 9599 0x000002419b683490 code [0x000002419b683820, 0x000002419b684ef8]
Event: 51.002 Thread 0x00000241af292000 9600       3       java.nio.file.Files::newBufferedReader (31 bytes)
Event: 51.003 Thread 0x00000241af292000 nmethod 9600 0x000002419b685890 code [0x000002419b685b20, 0x000002419b686738]
Event: 51.003 Thread 0x00000241af292000 9601   !   3       sun.nio.fs.WindowsFileSystemProvider::newByteChannel (71 bytes)
Event: 51.004 Thread 0x00000241af292000 nmethod 9601 0x000002419b686b90 code [0x000002419b686e20, 0x000002419b687868]
Event: 51.004 Thread 0x00000241af292000 9602       3       org.gradle.internal.execution.steps.ResolveChangesStep$1::getWorkspace (10 bytes)
Event: 51.004 Thread 0x00000241af292000 nmethod 9602 0x000002419b687d90 code [0x000002419b687f40, 0x000002419b688108]
Event: 51.004 Thread 0x00000241af292000 9603       3       org.gradle.internal.execution.steps.CaptureStateBeforeExecutionStep$1::getWorkspace (10 bytes)
Event: 51.004 Thread 0x00000241af292000 nmethod 9603 0x000002419b688210 code [0x000002419b6883c0, 0x000002419b688588]
Event: 51.014 Thread 0x00000241af292000 9604       3       org.gradle.internal.execution.steps.ResolveCachingStateStep$1::getWorkspace (10 bytes)
Event: 51.015 Thread 0x00000241af292000 nmethod 9604 0x000002419b688690 code [0x000002419b688840, 0x000002419b688a08]
Event: 51.015 Thread 0x00000241af292000 9605       3       org.gradle.api.internal.artifacts.transform.DefaultTransformerInvocationFactory$TransformerExecution::loadRestoredOutput (6 bytes)
Event: 51.015 Thread 0x00000241af292000 nmethod 9605 0x000002419b688b10 code [0x000002419b688cc0, 0x000002419b688de8]
Event: 51.016 Thread 0x00000241af28d000 9606       4       org.gradle.tooling.internal.provider.runner.SubtreeFilteringBuildOperationListener::started (118 bytes)
Event: 51.050 Thread 0x00000241af292000 9609       1       org.gradle.internal.MutableReference::get (5 bytes)
Event: 51.050 Thread 0x00000241af292000 nmethod 9609 0x00000241a1d8c510 code [0x00000241a1d8c6c0, 0x00000241a1d8c778]

GC Heap History (20 events):
Event: 7.577 GC heap before
{Heap before GC invocations=7 (full 0):
 garbage-first heap   total 155648K, used 75647K [0x00000000a0000000, 0x0000000100000000)
  region size 1024K, 60 young (61440K), 3 survivors (3072K)
 Metaspace       used 34832K, capacity 35610K, committed 35708K, reserved 1081344K
  class space    used 4531K, capacity 4832K, committed 4864K, reserved 1048576K
}
Event: 7.592 GC heap after
{Heap after GC invocations=8 (full 0):
 garbage-first heap   total 155648K, used 22866K [0x00000000a0000000, 0x0000000100000000)
  region size 1024K, 8 young (8192K), 8 survivors (8192K)
 Metaspace       used 34832K, capacity 35610K, committed 35708K, reserved 1081344K
  class space    used 4531K, capacity 4832K, committed 4864K, reserved 1048576K
}
Event: 8.876 GC heap before
{Heap before GC invocations=9 (full 0):
 garbage-first heap   total 155648K, used 94546K [0x00000000a0000000, 0x0000000100000000)
  region size 1024K, 75 young (76800K), 8 survivors (8192K)
 Metaspace       used 41433K, capacity 42340K, committed 42364K, reserved 1085440K
  class space    used 5257K, capacity 5614K, committed 5632K, reserved 1048576K
}
Event: 8.893 GC heap after
{Heap after GC invocations=10 (full 0):
 garbage-first heap   total 155648K, used 26110K [0x00000000a0000000, 0x0000000100000000)
  region size 1024K, 8 young (8192K), 8 survivors (8192K)
 Metaspace       used 41433K, capacity 42340K, committed 42364K, reserved 1085440K
  class space    used 5257K, capacity 5614K, committed 5632K, reserved 1048576K
}
Event: 19.057 GC heap before
{Heap before GC invocations=10 (full 0):
 garbage-first heap   total 155648K, used 105982K [0x00000000a0000000, 0x0000000100000000)
  region size 1024K, 86 young (88064K), 8 survivors (8192K)
 Metaspace       used 46629K, capacity 47861K, committed 48124K, reserved 1091584K
  class space    used 5964K, capacity 6409K, committed 6528K, reserved 1048576K
}
Event: 19.115 GC heap after
{Heap after GC invocations=11 (full 0):
 garbage-first heap   total 155648K, used 29573K [0x00000000a0000000, 0x0000000100000000)
  region size 1024K, 8 young (8192K), 8 survivors (8192K)
 Metaspace       used 46629K, capacity 47861K, committed 48124K, reserved 1091584K
  class space    used 5964K, capacity 6409K, committed 6528K, reserved 1048576K
}
Event: 32.871 GC heap before
{Heap before GC invocations=11 (full 0):
 garbage-first heap   total 155648K, used 116613K [0x00000000a0000000, 0x0000000100000000)
  region size 1024K, 90 young (92160K), 8 survivors (8192K)
 Metaspace       used 54848K, capacity 56308K, committed 56572K, reserved 1097728K
  class space    used 6945K, capacity 7462K, committed 7552K, reserved 1048576K
}
Event: 32.936 GC heap after
{Heap after GC invocations=12 (full 0):
 garbage-first heap   total 187392K, used 42739K [0x00000000a0000000, 0x0000000100000000)
  region size 1024K, 12 young (12288K), 12 survivors (12288K)
 Metaspace       used 54848K, capacity 56308K, committed 56572K, reserved 1097728K
  class space    used 6945K, capacity 7462K, committed 7552K, reserved 1048576K
}
Event: 34.676 GC heap before
{Heap before GC invocations=12 (full 0):
 garbage-first heap   total 187392K, used 66291K [0x00000000a0000000, 0x0000000100000000)
  region size 1024K, 36 young (36864K), 12 survivors (12288K)
 Metaspace       used 58197K, capacity 59736K, committed 59900K, reserved 1101824K
  class space    used 7379K, capacity 7959K, committed 8064K, reserved 1048576K
}
Event: 34.699 GC heap after
{Heap after GC invocations=13 (full 0):
 garbage-first heap   total 187392K, used 45624K [0x00000000a0000000, 0x0000000100000000)
  region size 1024K, 3 young (3072K), 3 survivors (3072K)
 Metaspace       used 58197K, capacity 59736K, committed 59900K, reserved 1101824K
  class space    used 7379K, capacity 7959K, committed 8064K, reserved 1048576K
}
Event: 37.095 GC heap before
{Heap before GC invocations=14 (full 0):
 garbage-first heap   total 187392K, used 111160K [0x00000000a0000000, 0x0000000100000000)
  region size 1024K, 67 young (68608K), 3 survivors (3072K)
 Metaspace       used 63157K, capacity 64883K, committed 65160K, reserved 1105920K
  class space    used 8028K, capacity 8660K, committed 8780K, reserved 1048576K
}
Event: 37.112 GC heap after
{Heap after GC invocations=15 (full 0):
 garbage-first heap   total 187392K, used 50352K [0x00000000a0000000, 0x0000000100000000)
  region size 1024K, 8 young (8192K), 8 survivors (8192K)
 Metaspace       used 63157K, capacity 64883K, committed 65160K, reserved 1105920K
  class space    used 8028K, capacity 8660K, committed 8780K, reserved 1048576K
}
Event: 39.043 GC heap before
{Heap before GC invocations=16 (full 0):
 garbage-first heap   total 187392K, used 117936K [0x00000000a0000000, 0x0000000100000000)
  region size 1024K, 74 young (75776K), 8 survivors (8192K)
 Metaspace       used 68498K, capacity 70197K, committed 70536K, reserved 1110016K
  class space    used 8857K, capacity 9461K, committed 9548K, reserved 1048576K
}
Event: 39.067 GC heap after
{Heap after GC invocations=17 (full 0):
 garbage-first heap   total 187392K, used 55177K [0x00000000a0000000, 0x0000000100000000)
  region size 1024K, 5 young (5120K), 5 survivors (5120K)
 Metaspace       used 68498K, capacity 70197K, committed 70536K, reserved 1110016K
  class space    used 8857K, capacity 9461K, committed 9548K, reserved 1048576K
}
Event: 41.175 GC heap before
{Heap before GC invocations=17 (full 0):
 garbage-first heap   total 187392K, used 124809K [0x00000000a0000000, 0x0000000100000000)
  region size 1024K, 73 young (74752K), 5 survivors (5120K)
 Metaspace       used 72607K, capacity 74364K, committed 74504K, reserved 1114112K
  class space    used 9498K, capacity 10158K, committed 10188K, reserved 1048576K
}
Event: 41.223 GC heap after
{Heap after GC invocations=18 (full 0):
 garbage-first heap   total 187392K, used 59107K [0x00000000a0000000, 0x0000000100000000)
  region size 1024K, 9 young (9216K), 9 survivors (9216K)
 Metaspace       used 72607K, capacity 74364K, committed 74504K, reserved 1114112K
  class space    used 9498K, capacity 10158K, committed 10188K, reserved 1048576K
}
Event: 45.164 GC heap before
{Heap before GC invocations=18 (full 0):
 garbage-first heap   total 187392K, used 130787K [0x00000000a0000000, 0x0000000100000000)
  region size 1024K, 79 young (80896K), 9 survivors (9216K)
 Metaspace       used 78823K, capacity 80950K, committed 81160K, reserved 1120256K
  class space    used 10340K, capacity 11122K, committed 11212K, reserved 1048576K
}
Event: 45.231 GC heap after
{Heap after GC invocations=19 (full 0):
 garbage-first heap   total 187392K, used 65075K [0x00000000a0000000, 0x0000000100000000)
  region size 1024K, 10 young (10240K), 10 survivors (10240K)
 Metaspace       used 78823K, capacity 80950K, committed 81160K, reserved 1120256K
  class space    used 10340K, capacity 11122K, committed 11212K, reserved 1048576K
}
Event: 48.855 GC heap before
{Heap before GC invocations=19 (full 0):
 garbage-first heap   total 187392K, used 134707K [0x00000000a0000000, 0x0000000100000000)
  region size 1024K, 79 young (80896K), 10 survivors (10240K)
 Metaspace       used 79415K, capacity 81583K, committed 81672K, reserved 1120256K
  class space    used 10358K, capacity 11144K, committed 11212K, reserved 1048576K
}
Event: 48.886 GC heap after
{Heap after GC invocations=20 (full 0):
 garbage-first heap   total 187392K, used 69983K [0x00000000a0000000, 0x0000000100000000)
  region size 1024K, 6 young (6144K), 6 survivors (6144K)
 Metaspace       used 79415K, capacity 81583K, committed 81672K, reserved 1120256K
  class space    used 10358K, capacity 11144K, committed 11212K, reserved 1048576K
}

Deoptimization events (20 events):
Event: 49.043 Thread 0x00000241b5a5d000 DEOPT PACKING pc=0x00000241a1d2f1e8 sp=0x000000b2dbefbab0
Event: 49.043 Thread 0x00000241b5a5d000 DEOPT UNPACKING pc=0x0000024199d378af sp=0x000000b2dbefb9a0 mode 2
Event: 49.359 Thread 0x00000241b3b4b800 Uncommon trap: trap_request=0xffffff4d fr.pc=0x00000241a1d0be14 relative=0x00000000000003d4
Event: 49.360 Thread 0x00000241b3b4b800 Uncommon trap: reason=unstable_if action=reinterpret pc=0x00000241a1d0be14 method=java.util.concurrent.ConcurrentHashMap.addCount(JI)V @ 97 c2
Event: 49.360 Thread 0x00000241b3b4b800 DEOPT PACKING pc=0x00000241a1d0be14 sp=0x000000b2da9fe250
Event: 49.360 Thread 0x00000241b3b4b800 DEOPT UNPACKING pc=0x0000024199d378af sp=0x000000b2da9fe108 mode 2
Event: 49.849 Thread 0x00000241b3b52000 Uncommon trap: trap_request=0xffffffdc fr.pc=0x00000241a1d5ae5c relative=0x000000000000235c
Event: 49.849 Thread 0x00000241b3b52000 Uncommon trap: reason=class_check action=make_not_entrant pc=0x00000241a1d5ae5c method=java.util.ArrayDeque.toArray(Ljava/lang/Class;)[Ljava/lang/Object; @ 45 c2
Event: 49.849 Thread 0x00000241b3b52000 DEOPT PACKING pc=0x00000241a1d5ae5c sp=0x000000b2db4fc860
Event: 49.849 Thread 0x00000241b3b52000 DEOPT UNPACKING pc=0x0000024199d378af sp=0x000000b2db4fc528 mode 2
Event: 49.850 Thread 0x00000241b3b52000 Uncommon trap: trap_request=0xffffffdc fr.pc=0x00000241a1d56394 relative=0x0000000000000254
Event: 49.850 Thread 0x00000241b3b52000 Uncommon trap: reason=class_check action=make_not_entrant pc=0x00000241a1d56394 method=java.util.ArrayDeque.toArray(Ljava/lang/Class;)[Ljava/lang/Object; @ 45 c2
Event: 49.850 Thread 0x00000241b3b52000 DEOPT PACKING pc=0x00000241a1d56394 sp=0x000000b2db4fc5c0
Event: 49.850 Thread 0x00000241b3b52000 DEOPT UNPACKING pc=0x0000024199d378af sp=0x000000b2db4fc570 mode 2
Event: 50.991 Thread 0x00000241b3b4b800 Uncommon trap: trap_request=0xffffff4d fr.pc=0x00000241a1889a00 relative=0x0000000000001220
Event: 50.991 Thread 0x00000241b3b4b800 Uncommon trap: reason=unstable_if action=reinterpret pc=0x00000241a1889a00 method=java.util.concurrent.ConcurrentHashMap.transfer([Ljava/util/concurrent/ConcurrentHashMap$Node;[Ljava/util/concurrent/ConcurrentHashMap$Node;)V @ 273 c2
Event: 50.991 Thread 0x00000241b3b4b800 DEOPT PACKING pc=0x00000241a1889a00 sp=0x000000b2da9fdb70
Event: 50.991 Thread 0x00000241b3b4b800 DEOPT UNPACKING pc=0x0000024199d378af sp=0x000000b2da9fdaf0 mode 2
Event: 51.042 Thread 0x00000241b3b47000 DEOPT PACKING pc=0x000002419b50fd1d sp=0x000000b2dadfe250
Event: 51.042 Thread 0x00000241b3b47000 DEOPT UNPACKING pc=0x0000024199d376ce sp=0x000000b2dadfd718 mode 0

Classes redefined (0 events):
No events

Internal exceptions (20 events):
Event: 42.179 Thread 0x00000241b06cb000 Exception <a 'java/lang/ClassNotFoundException'{0x00000000a9c62a50}: com/android/build/gradle/internal/tasks/BaseTaskBeanInfo> (0x00000000a9c62a50) thrown at [./src/hotspot/share/classfile/systemDictionary.cpp, line 231]
Event: 42.179 Thread 0x00000241b06cb000 Exception <a 'java/lang/ClassNotFoundException'{0x00000000a9c7df28}: com/android/build/gradle/internal/tasks/BaseTaskCustomizer> (0x00000000a9c7df28) thrown at [./src/hotspot/share/classfile/systemDictionary.cpp, line 231]
Event: 42.181 Thread 0x00000241b06cb000 Exception <a 'java/lang/ClassNotFoundException'{0x00000000a9caaf00}: com/android/build/gradle/internal/tasks/AndroidVariantTaskCustomizer> (0x00000000a9caaf00) thrown at [./src/hotspot/share/classfile/systemDictionary.cpp, line 231]
Event: 42.183 Thread 0x00000241b06cb000 Exception <a 'java/lang/ClassNotFoundException'{0x00000000a9cd4fc8}: com/android/build/gradle/internal/tasks/NewIncrementalTaskCustomizer> (0x00000000a9cd4fc8) thrown at [./src/hotspot/share/classfile/systemDictionary.cpp, line 231]
Event: 42.184 Thread 0x00000241b06cb000 Exception <a 'java/lang/ClassNotFoundException'{0x00000000a9cfc140}: com/android/build/gradle/tasks/MergeResourcesCustomizer> (0x00000000a9cfc140) thrown at [./src/hotspot/share/classfile/systemDictionary.cpp, line 231]
Event: 42.187 Thread 0x00000241b06cb000 Exception <a 'java/lang/ClassNotFoundException'{0x00000000a9b53e40}: com/android/build/gradle/tasks/MergeResources_DecoratedCustomizer> (0x00000000a9b53e40) thrown at [./src/hotspot/share/classfile/systemDictionary.cpp, line 231]
Event: 42.708 Thread 0x00000241b24fc800 Exception <a 'java/lang/NoSuchMethodError'{0x00000000a8a06bf8}: <clinit>> (0x00000000a8a06bf8) thrown at [./src/hotspot/share/prims/jni.cpp, line 1362]
Event: 42.710 Thread 0x00000241b24fc800 Exception <a 'java/lang/NoSuchMethodError'{0x00000000a8a10dc0}: <clinit>> (0x00000000a8a10dc0) thrown at [./src/hotspot/share/prims/jni.cpp, line 1362]
Event: 42.717 Thread 0x00000241b24fc800 Exception <a 'java/lang/NoSuchMethodError'{0x00000000a8a82798}: <clinit>> (0x00000000a8a82798) thrown at [./src/hotspot/share/prims/jni.cpp, line 1362]
Event: 42.722 Thread 0x00000241b24fc800 Exception <a 'java/lang/NoSuchMethodError'{0x00000000a8ac8808}: <clinit>> (0x00000000a8ac8808) thrown at [./src/hotspot/share/prims/jni.cpp, line 1362]
Event: 42.722 Thread 0x00000241b24fc800 Exception <a 'java/lang/NoSuchMethodError'{0x00000000a8ac9d60}: <clinit>> (0x00000000a8ac9d60) thrown at [./src/hotspot/share/prims/jni.cpp, line 1362]
Event: 42.746 Thread 0x00000241b5a5a000 Exception <a 'java/lang/NoSuchMethodError'{0x00000000a88930e8}: <clinit>> (0x00000000a88930e8) thrown at [./src/hotspot/share/prims/jni.cpp, line 1362]
Event: 42.753 Thread 0x00000241b5a5a000 Exception <a 'java/lang/NoSuchMethodError'{0x00000000a88a77b0}: <clinit>> (0x00000000a88a77b0) thrown at [./src/hotspot/share/prims/jni.cpp, line 1362]
Event: 42.762 Thread 0x00000241b5a5a000 Exception <a 'java/lang/NoSuchMethodError'{0x00000000a88c0a38}: <clinit>> (0x00000000a88c0a38) thrown at [./src/hotspot/share/prims/jni.cpp, line 1362]
Event: 42.856 Thread 0x00000241b24fc800 Exception <a 'java/lang/NoSuchMethodError'{0x00000000a85084d8}: <clinit>> (0x00000000a85084d8) thrown at [./src/hotspot/share/prims/jni.cpp, line 1362]
Event: 42.998 Thread 0x00000241b5a5d000 Exception <a 'java/lang/NoSuchMethodError'{0x00000000a84058e8}: 'java.lang.Object java.lang.invoke.Invokers$Holder.linkToTargetMethod(java.lang.Object, java.lang.Object, java.lang.Object, int, java.lang.Object, java.lang.Object)'> (0x00000000a84058e8) thrown at [./src/hotspot/share/interpreter/linkResolver.cpp, line 773]
Event: 43.062 Thread 0x00000241b5a5d000 Exception <a 'java/lang/IncompatibleClassChangeError'{0x00000000a8466b18}: Found class java.lang.Object, but interface was expected> (0x00000000a8466b18) thrown at [./src/hotspot/share/interpreter/linkResolver.cpp, line 839]
Event: 43.137 Thread 0x00000241b5a5d000 Exception <a 'java/lang/NoSuchMethodError'{0x00000000a8232e78}: 'int java.lang.invoke.DirectMethodHandle$Holder.invokeStaticInit(java.lang.Object, java.lang.Object, java.lang.Object, java.lang.Object, java.lang.Object)'> (0x00000000a8232e78) thrown at [./src/hotspot/share/interpreter/linkResolver.cpp, line 773]
Event: 44.922 Thread 0x00000241b3b4d000 Exception <a 'java/lang/NoSuchMethodError'{0x00000000a7317840}: 'java.lang.Object java.lang.invoke.DirectMethodHandle$Holder.invokeSpecialIFC(java.lang.Object, java.lang.Object, java.lang.Object)'> (0x00000000a7317840) thrown at [./src/hotspot/share/interpreter/linkResolver.cpp, line 773]
Event: 45.896 Thread 0x00000241b3b4b800 Exception <a 'java/lang/NoSuchMethodError'{0x00000000aa5a4d38}: 'void java.lang.invoke.DirectMethodHandle$Holder.invokeVirtual(java.lang.Object, java.lang.Object)'> (0x00000000aa5a4d38) thrown at [./src/hotspot/share/interpreter/linkResolver.cpp, line 773]

Events (20 events):
Event: 49.540 Executing VM operation: RevokeBias
Event: 49.541 Executing VM operation: RevokeBias done
Event: 49.541 Executing VM operation: BulkRevokeBias
Event: 49.544 Executing VM operation: BulkRevokeBias done
Event: 49.569 Executing VM operation: RevokeBias
Event: 49.570 Executing VM operation: RevokeBias done
Event: 49.714 loading class org/gradle/api/internal/artifacts/ivyservice/clientmodule/ClientModuleResolver$ClientModuleComponentResolveMetadata
Event: 49.714 loading class org/gradle/api/internal/artifacts/ivyservice/clientmodule/ClientModuleResolver$ClientModuleComponentResolveMetadata done
Event: 49.717 loading class org/gradle/api/internal/artifacts/ivyservice/clientmodule/ClientModuleResolver$ClientModuleConfigurationMetadata
Event: 49.717 loading class org/gradle/api/internal/artifacts/ivyservice/clientmodule/ClientModuleResolver$ClientModuleConfigurationMetadata done
Event: 49.719 Executing VM operation: Deoptimize
Event: 49.722 Executing VM operation: Deoptimize done
Event: 49.727 Executing VM operation: RevokeBias
Event: 49.727 Executing VM operation: RevokeBias done
Event: 49.819 Executing VM operation: RevokeBias
Event: 49.819 Executing VM operation: RevokeBias done
Event: 50.134 loading class org/gradle/cache/internal/btree/FileBackedBlockStore$1
Event: 50.134 loading class org/gradle/cache/internal/btree/FileBackedBlockStore$1 done
Event: 50.857 Executing VM operation: RevokeBias
Event: 50.857 Executing VM operation: RevokeBias done


Dynamic libraries:
0x00007ff69dd00000 - 0x00007ff69dd0a000 	C:\Program Files\Android\Android Studio\jre\bin\java.exe
0x00007ffc91350000 - 0x00007ffc91544000 	C:\WINDOWS\SYSTEM32\ntdll.dll
0x00007ffc90210000 - 0x00007ffc902cd000 	C:\WINDOWS\System32\KERNEL32.DLL
0x00007ffc8ebc0000 - 0x00007ffc8ee87000 	C:\WINDOWS\System32\KERNELBASE.dll
0x00007ffc8f050000 - 0x00007ffc8f150000 	C:\WINDOWS\System32\ucrtbase.dll
0x00007ffc88f80000 - 0x00007ffc88f99000 	C:\Program Files\Android\Android Studio\jre\bin\jli.dll
0x00007ffc881a0000 - 0x00007ffc881b7000 	C:\Program Files\Android\Android Studio\jre\bin\VCRUNTIME140.dll
0x00007ffc8fcd0000 - 0x00007ffc8fe70000 	C:\WINDOWS\System32\USER32.dll
0x00007ffc8f350000 - 0x00007ffc8f372000 	C:\WINDOWS\System32\win32u.dll
0x00007ffc775b0000 - 0x00007ffc7784a000 	C:\WINDOWS\WinSxS\amd64_microsoft.windows.common-controls_6595b64144ccf1df_6.0.19041.1_none_b555e41d4684ddec\COMCTL32.dll
0x00007ffc90830000 - 0x00007ffc9085a000 	C:\WINDOWS\System32\GDI32.dll
0x00007ffc8f1f0000 - 0x00007ffc8f2fa000 	C:\WINDOWS\System32\gdi32full.dll
0x00007ffc8f150000 - 0x00007ffc8f1ed000 	C:\WINDOWS\System32\msvcp_win.dll
0x00007ffc8f960000 - 0x00007ffc8f9fe000 	C:\WINDOWS\System32\msvcrt.dll
0x00007ffc8f930000 - 0x00007ffc8f960000 	C:\WINDOWS\System32\IMM32.DLL
0x00007ffc68050000 - 0x00007ffc680ed000 	C:\Program Files\Android\Android Studio\jre\bin\msvcp140.dll
0x00007ffc51460000 - 0x00007ffc51f2f000 	C:\Program Files\Android\Android Studio\jre\bin\server\jvm.dll
0x00007ffc8ff20000 - 0x00007ffc8ffca000 	C:\WINDOWS\System32\ADVAPI32.dll
0x00007ffc90930000 - 0x00007ffc909cb000 	C:\WINDOWS\System32\sechost.dll
0x00007ffc8ffd0000 - 0x00007ffc900f3000 	C:\WINDOWS\System32\RPCRT4.dll
0x00007ffc90a80000 - 0x00007ffc90a88000 	C:\WINDOWS\System32\PSAPI.DLL
0x00007ffc76db0000 - 0x00007ffc76db9000 	C:\WINDOWS\SYSTEM32\WSOCK32.dll
0x00007ffc908c0000 - 0x00007ffc9092b000 	C:\WINDOWS\System32\WS2_32.dll
0x00007ffc752b0000 - 0x00007ffc752d7000 	C:\WINDOWS\SYSTEM32\WINMM.dll
0x00007ffc87b40000 - 0x00007ffc87b4a000 	C:\WINDOWS\SYSTEM32\VERSION.dll
0x00007ffc8cc00000 - 0x00007ffc8cc13000 	C:\WINDOWS\SYSTEM32\kernel.appcore.dll
0x00007ffc58070000 - 0x00007ffc58081000 	C:\Program Files\Android\Android Studio\jre\bin\verify.dll
0x00007ffc8c8a0000 - 0x00007ffc8ca84000 	C:\WINDOWS\SYSTEM32\DBGHELP.DLL
0x00007ffc74930000 - 0x00007ffc7495c000 	C:\WINDOWS\SYSTEM32\dbgcore.DLL
0x00007ffc8ea90000 - 0x00007ffc8eb0f000 	C:\WINDOWS\System32\bcryptPrimitives.dll
0x00007ffc54ca0000 - 0x00007ffc54cc9000 	C:\Program Files\Android\Android Studio\jre\bin\java.dll
0x00007ffc68a90000 - 0x00007ffc68a9b000 	C:\Program Files\Android\Android Studio\jre\bin\jimage.dll
0x00007ffc58050000 - 0x00007ffc58068000 	C:\Program Files\Android\Android Studio\jre\bin\zip.dll
0x00007ffc90bd0000 - 0x00007ffc91301000 	C:\WINDOWS\System32\SHELL32.dll
0x00007ffc8cc20000 - 0x00007ffc8d3aa000 	C:\WINDOWS\SYSTEM32\windows.storage.dll
0x00007ffc8f5c0000 - 0x00007ffc8f914000 	C:\WINDOWS\System32\combase.dll
0x00007ffc8e510000 - 0x00007ffc8e53b000 	C:\WINDOWS\SYSTEM32\Wldp.dll
0x00007ffc909d0000 - 0x00007ffc90a7e000 	C:\WINDOWS\System32\SHCORE.dll
0x00007ffc90860000 - 0x00007ffc908b5000 	C:\WINDOWS\System32\shlwapi.dll
0x00007ffc8e9d0000 - 0x00007ffc8e9ef000 	C:\WINDOWS\SYSTEM32\profapi.dll
0x00007ffc55190000 - 0x00007ffc551aa000 	C:\Program Files\Android\Android Studio\jre\bin\net.dll
0x00007ffc87b50000 - 0x00007ffc87c52000 	C:\WINDOWS\SYSTEM32\WINHTTP.dll
0x00007ffc8e290000 - 0x00007ffc8e2fa000 	C:\WINDOWS\system32\mswsock.dll
0x00007ffc54c50000 - 0x00007ffc54c64000 	C:\Program Files\Android\Android Studio\jre\bin\nio.dll
0x00007ffc89000000 - 0x00007ffc89027000 	C:\Users\HP\.gradle\wrapper\dists\gradle-2.14.1-all\native\8bec1ad78214c89d9ad589b4d07fe93259594b29d510b10fafb7a158f7737e5d\windows-amd64\native-platform.dll
0x00007ffc756d0000 - 0x00007ffc7580d000 	C:\Users\HP\.gradle\wrapper\dists\gradle-2.14.1-all\native\53dbd7edfb1c66fb8903c78663c9afc45aea4f116125fa6feffd364cf09443e8\windows-amd64\native-platform-file-events.dll
0x00007ffc67620000 - 0x00007ffc6762a000 	C:\Program Files\Android\Android Studio\jre\bin\management.dll
0x00007ffc61010000 - 0x00007ffc6101c000 	C:\Program Files\Android\Android Studio\jre\bin\management_ext.dll
0x00007ffc8e460000 - 0x00007ffc8e478000 	C:\WINDOWS\SYSTEM32\CRYPTSP.dll
0x00007ffc8dbb0000 - 0x00007ffc8dbe4000 	C:\WINDOWS\system32\rsaenh.dll
0x00007ffc8f380000 - 0x00007ffc8f3a7000 	C:\WINDOWS\System32\bcrypt.dll
0x00007ffc8e950000 - 0x00007ffc8e97e000 	C:\WINDOWS\SYSTEM32\USERENV.dll
0x00007ffc8e480000 - 0x00007ffc8e48c000 	C:\WINDOWS\SYSTEM32\CRYPTBASE.dll
0x00007ffc8df30000 - 0x00007ffc8df6b000 	C:\WINDOWS\SYSTEM32\IPHLPAPI.DLL
0x00007ffc90820000 - 0x00007ffc90829000 	C:\WINDOWS\System32\NSI.dll
0x00007ffc8c7c0000 - 0x00007ffc8c7d7000 	C:\WINDOWS\SYSTEM32\dhcpcsvc6.DLL
0x00007ffc8c7a0000 - 0x00007ffc8c7bd000 	C:\WINDOWS\SYSTEM32\dhcpcsvc.DLL
0x00007ffc8df80000 - 0x00007ffc8e04a000 	C:\WINDOWS\SYSTEM32\DNSAPI.dll

dbghelp: loaded successfully - version: 4.0.5 - missing functions: none
symbol engine: initialized successfully - sym options: 0x614 - pdb path: .;C:\Program Files\Android\Android Studio\jre\bin;C:\WINDOWS\SYSTEM32;C:\WINDOWS\WinSxS\amd64_microsoft.windows.common-controls_6595b64144ccf1df_6.0.19041.1_none_b555e41d4684ddec;C:\Program Files\Android\Android Studio\jre\bin\server;C:\Users\HP\.gradle\wrapper\dists\gradle-2.14.1-all\native\8bec1ad78214c89d9ad589b4d07fe93259594b29d510b10fafb7a158f7737e5d\windows-amd64;C:\Users\HP\.gradle\wrapper\dists\gradle-2.14.1-all\native\53dbd7edfb1c66fb8903c78663c9afc45aea4f116125fa6feffd364cf09443e8\windows-amd64

VM Arguments:
jvm_args: --add-opens=java.base/java.util=ALL-UNNAMED --add-opens=java.base/java.lang=ALL-UNNAMED --add-opens=java.base/java.lang.invoke=ALL-UNNAMED --add-opens=java.base/java.util=ALL-UNNAMED --add-opens=java.prefs/java.util.prefs=ALL-UNNAMED --add-opens=java.prefs/java.util.prefs=ALL-UNNAMED --add-opens=java.base/java.nio.charset=ALL-UNNAMED --add-opens=java.base/java.net=ALL-UNNAMED --add-opens=java.base/java.util.concurrent.atomic=ALL-UNNAMED -Xmx1536m -Dfile.encoding=windows-1252 -Duser.country=US -Duser.language=en -Duser.variant 
java_command: org.gradle.launcher.daemon.bootstrap.GradleDaemon 7.0.2
java_class_path (initial): C:\Users\HP\.gradle\wrapper\dists\gradle-2.14.1-all\wrapper\dists\gradle-7.0.2-all\7era6s5ay7zsbhuvl0oc9g94s\gradle-7.0.2\lib\gradle-launcher-7.0.2.jar
Launcher Type: SUN_STANDARD

[Global flags]
     intx CICompilerCount                          = 3                                         {product} {ergonomic}
     uint ConcGCThreads                            = 1                                         {product} {ergonomic}
     uint G1ConcRefinementThreads                  = 4                                         {product} {ergonomic}
   size_t G1HeapRegionSize                         = 1048576                                   {product} {ergonomic}
    uintx GCDrainStackTargetSize                   = 64                                        {product} {ergonomic}
   size_t InitialHeapSize                          = 132120576                                 {product} {ergonomic}
   size_t MarkStackSize                            = 4194304                                   {product} {ergonomic}
   size_t MaxHeapSize                              = 1610612736                                {product} {command line}
   size_t MaxNewSize                               = 965738496                                 {product} {ergonomic}
   size_t MinHeapDeltaBytes                        = 1048576                                   {product} {ergonomic}
    uintx NonNMethodCodeHeapSize                   = 5830732                                {pd product} {ergonomic}
    uintx NonProfiledCodeHeapSize                  = 122913754                              {pd product} {ergonomic}
    uintx ProfiledCodeHeapSize                     = 122913754                              {pd product} {ergonomic}
    uintx ReservedCodeCacheSize                    = 251658240                              {pd product} {ergonomic}
     bool SegmentedCodeCache                       = true                                      {product} {ergonomic}
     bool UseCompressedClassPointers               = true                                 {lp64_product} {ergonomic}
     bool UseCompressedOops                        = true                                 {lp64_product} {ergonomic}
     bool UseG1GC                                  = true                                      {product} {ergonomic}
     bool UseLargePagesIndividualAllocation        = false                                  {pd product} {ergonomic}

Logging:
Log output configuration:
 #0: stdout all=warning uptime,level,tags
 #1: stderr all=off uptime,level,tags

Environment Variables:
PATH=C:\WINDOWS\system32;C:\WINDOWS;C:\WINDOWS\System32\Wbem;C:\WINDOWS\System32\WindowsPowerShell\v1.0\;C:\WINDOWS\System32\OpenSSH\;E:\New folder\;C:\Users\HP\AppData\Local\Microsoft\WindowsApps;E:\VS Code\Microsoft VS Code\bin;C:\Users\HP\AppData\Roaming\npm;C:\Users\HP\AppData\Local\GitHubDesktop\bin;C:\Users\HP\Flutter\flutter\bin;
USERNAME=HP
OS=Windows_NT
PROCESSOR_IDENTIFIER=Intel64 Family 6 Model 142 Stepping 9, GenuineIntel



---------------  S Y S T E M  ---------------

OS: Windows 10 , 64 bit Build 19041 (10.0.19041.1)
OS uptime: 0 days 0:32 hours

CPU:total 4 (initial active 4) (2 cores per cpu, 2 threads per core) family 6 model 142 stepping 9 microcode 0xde, cmov, cx8, fxsr, mmx, sse, sse2, sse3, ssse3, sse4.1, sse4.2, popcnt, avx, avx2, aes, clmul, erms, 3dnowpref, lzcnt, ht, tsc, tscinvbit, bmi1, bmi2, adx, fma

Memory: 4k page, system-wide physical 8060M (2733M free)
TotalPageFile size 16252M (AvailPageFile size 10693M)
current process WorkingSet (physical memory assigned to process): 397M, peak: 408M
current process commit charge ("private bytes"): 427M, peak: 438M

vm_info: OpenJDK 64-Bit Server VM (11.0.10+0-b96-7249189) for windows-amd64 JRE (11.0.10+0-b96-7249189), built on Mar 31 2021 21:44:00 by "builder" with MS VC++ 14.0 (VS2015)

END.
