#
# A fatal error has been detected by the Java Runtime Environment:
#
#  EXCEPTION_ACCESS_VIOLATION (0xc0000005) at pc=0x00007ffebe6ec15a, pid=7664, tid=8360
#
# JRE version: OpenJDK Runtime Environment (11.0.10) (build 11.0.10+0-b96-7249189)
# Java VM: OpenJDK 64-Bit Server VM (11.0.10+0-b96-7249189, mixed mode, tiered, compressed oops, g1 gc, windows-amd64)
# Problematic frame:
# V  [jvm.dll+0xc15a]
#
# No core dump will be written. Minidumps are not enabled by default on client versions of Windows
#
# If you would like to submit a bug report, please visit:
#   https://bugreport.java.com/bugreport/crash.jsp
#

---------------  S U M M A R Y ------------

Command Line: --add-opens=java.base/java.util=ALL-UNNAMED --add-opens=java.base/java.lang=ALL-UNNAMED --add-opens=java.base/java.lang.invoke=ALL-UNNAMED --add-opens=java.prefs/java.util.prefs=ALL-UNNAMED -Xmx1536m -Dfile.encoding=windows-1252 -Duser.country=US -Duser.language=en -Duser.variant org.gradle.launcher.daemon.bootstrap.GradleDaemon 5.4.1

Host: Intel(R) Core(TM) i3-7020U CPU @ 2.30GHz, 4 cores, 7G,  Windows 10 , 64 bit Build 19041 (10.0.19041.1)
Time: Mon Sep 27 18:37:22 2021 India Standard Time elapsed time: 6648.765389 seconds (0d 1h 50m 48s)

---------------  T H R E A D  ---------------

Current thread (0x000001f4d53cd800):  JavaThread "C2 CompilerThread1" daemon [_thread_in_native, id=8360, stack(0x0000009b6f000000,0x0000009b6f100000)]


Current CompileTask:
C2:6648765 15683   !   4       org.gradle.internal.classloader.CachingClassLoader::loadClass (85 bytes)

Stack: [0x0000009b6f000000,0x0000009b6f100000],  sp=0x0000009b6f0fbcc8,  free space=1007k
Native frames: (J=compiled Java code, j=interpreted, Vv=VM code, C=native code)
V  [jvm.dll+0xc15a]


siginfo: EXCEPTION_ACCESS_VIOLATION (0xc0000005), reading address 0x00000000000000d8


Register to memory mapping:

RIP=0x00007ffebe6ec15a jvm.dll
RAX=0x0 is NULL
RBX=0x000001f4e2b13a50 points into unknown readable memory: 0x0000000000000000 | 00 00 00 00 00 00 00 00
RCX=0x000001f4df72a448 points into unknown readable memory: 0x0000000000000000 | 00 00 00 00 00 00 00 00
RDX=0x0000000000001510 is an unknown value
RSP=0x0000009b6f0fbcc8 is pointing into the stack for thread: 0x000001f4d53cd800
RBP=0xffffffffffffffff is an unknown value
RSI=0x0000009b6f0fbe60 is pointing into the stack for thread: 0x000001f4d53cd800
RDI=0x0 is NULL
R8 =
[error occurred during error reporting (printing register info), id 0xc0000005, EXCEPTION_ACCESS_VIOLATION (0xc0000005) at pc=0x00007ffebe9b9dc7]

Registers:
RAX=0x0000000000000000, RBX=0x000001f4e2b13a50, RCX=0x000001f4df72a448, RDX=0x0000000000001510
RSP=0x0000009b6f0fbcc8, RBP=0xffffffffffffffff, RSI=0x0000009b6f0fbe60, RDI=0x0000000000000000
R8 =0x00000000ffffffff, R9 =0x0000000000000000, R10=0x000001f4e2b13cc0, R11=0x0000000000000001
R12=0x0000000000000001, R13=0x0000000000000001, R14=0x000001f4df72a3e0, R15=0x000001f4d215e648
RIP=0x00007ffebe6ec15a, EFLAGS=0x0000000000010246

Top of Stack: (sp=0x0000009b6f0fbcc8)
0x0000009b6f0fbcc8:   00007ffebe87a6d6 000001f4e2b13c30
0x0000009b6f0fbcd8:   000001f4e2b13c68 000001f4e2b13c30
0x0000009b6f0fbce8:   ffffffffffffffff 000003e700000001
0x0000009b6f0fbcf8:   0000000000000001 000001f4d215e648
0x0000009b6f0fbd08:   00007ffebecf6556 0000000000000000
0x0000009b6f0fbd18:   0000000000000000 00000000000030b7
0x0000009b6f0fbd28:   000001f4da0d6720 0000000000000000
0x0000009b6f0fbd38:   000001f4da0d6730 00000000000003d8
0x0000009b6f0fbd48:   0000009b6f0fbe70 00000000000030b7
0x0000009b6f0fbd58:   00000000ffffff01 0000009b6f0fc270
0x0000009b6f0fbd68:   00007ffebea00af4 0000009b6f0fbe60
0x0000009b6f0fbd78:   0000009b6f0fbe00 00000000ffffff01
0x0000009b6f0fbd88:   00000000ffffffff 000000001fffff01
0x0000009b6f0fbd98:   0000000000000001 0000000000000400
0x0000009b6f0fbda8:   000001f4d3afbf90 0000000000000000
0x0000009b6f0fbdb8:   00007ffefa2049f5 000001f4d6e568c0 

Instructions: (pc=0x00007ffebe6ec15a)
0x00007ffebe6ec05a:   d9 e8 e0 e8 5b 00 66 83 4b 30 24 48 8d 05 d4 5c
0x00007ffebe6ec06a:   75 00 48 89 03 48 8d 43 48 48 89 43 40 48 8b c3
0x00007ffebe6ec07a:   c7 43 2c 02 00 00 00 c7 43 38 03 00 00 00 48 83
0x00007ffebe6ec08a:   c4 20 5b c3 cc cc 48 89 5c 24 08 57 48 83 ec 20
0x00007ffebe6ec09a:   8b 15 dc 76 a2 00 48 8b f9 65 48 8b 04 25 58 00
0x00007ffebe6ec0aa:   00 00 b9 08 00 00 00 48 8b 04 d0 48 8b 14 08 48
0x00007ffebe6ec0ba:   8b 82 d0 04 00 00 48 8b 98 88 00 00 00 48 8b c7
0x00007ffebe6ec0ca:   48 81 c3 d8 01 00 00 48 f7 d0 48 3b 43 18 73 12
0x00007ffebe6ec0da:   4c 8d 05 e7 1e 75 00 48 8b d7 48 8b cb e8 04 0d
0x00007ffebe6ec0ea:   0b 00 48 8b 4b 18 48 8d 04 39 48 3b 43 20 76 18
0x00007ffebe6ec0fa:   45 33 c0 48 8b d7 48 8b cb 48 8b 5c 24 30 48 83
0x00007ffebe6ec10a:   c4 20 5f e9 be 08 0b 00 48 89 43 18 48 8b c1 48
0x00007ffebe6ec11a:   8b 5c 24 30 48 83 c4 20 5f c3 cc cc cc cc cc cc
0x00007ffebe6ec12a:   cc cc cc cc cc cc 48 8b 49 40 48 85 c9 75 08 48
0x00007ffebe6ec13a:   8b 05 c8 ee a1 00 c3 48 8b 09 48 8b 01 48 ff a0
0x00007ffebe6ec14a:   d8 00 00 00 cc cc 48 8b 41 40 48 8b 08 48 8b 01
0x00007ffebe6ec15a:   48 ff a0 d8 00 00 00 cc cc cc cc cc cc cc cc cc
0x00007ffebe6ec16a:   cc cc cc cc cc cc 45 8b c8 45 33 c0 e9 c5 3f 65
0x00007ffebe6ec17a:   00 cc cc cc cc cc b8 1e 00 00 00 c3 cc cc cc cc
0x00007ffebe6ec18a:   cc cc cc cc cc cc 8b c2 4c 8d 05 67 3e ff ff 48
0x00007ffebe6ec19a:   8d 14 85 00 00 00 00 42 0f b7 84 02 68 72 76 00
0x00007ffebe6ec1aa:   66 89 01 42 0f b7 84 02 48 72 76 00 66 89 41 02
0x00007ffebe6ec1ba:   48 8b c1 c3 cc cc 45 33 c9 e9 78 cb 65 00 cc cc
0x00007ffebe6ec1ca:   cc cc cc cc cc cc 48 89 5c 24 08 48 89 6c 24 10
0x00007ffebe6ec1da:   48 89 74 24 18 57 48 83 ec 20 48 8b f1 48 63 ea
0x00007ffebe6ec1ea:   b9 58 00 00 00 e8 9c fe ff ff 48 8b d8 48 85 c0
0x00007ffebe6ec1fa:   74 31 33 d2 48 8b c8 e8 3a e7 5b 00 66 83 4b 30
0x00007ffebe6ec20a:   24 48 8d 05 76 6d 75 00 48 89 03 48 8d 43 48 48
0x00007ffebe6ec21a:   89 43 40 c7 43 2c 02 00 00 00 c7 43 38 02 00 00
0x00007ffebe6ec22a:   00 eb 02 33 db 48 8b d3 48 8b ce e8 86 fe 05 00
0x00007ffebe6ec23a:   b9 10 00 00 00 e8 4c fe ff ff 48 8b f8 48 85 c0
0x00007ffebe6ec24a:   74 10 48 8d 05 95 2b 75 00 48 89 6f 08 48 89 07 


Stack slot to memory mapping:
stack at sp + 0 slots: 0x00007ffebe87a6d6 jvm.dll
stack at sp + 1 slots: 0x000001f4e2b13c30 points into unknown readable memory: 0x0000000000000000 | 00 00 00 00 00 00 00 00
stack at sp + 2 slots: 0x000001f4e2b13c68 points into unknown readable memory: 0x0000000000000000 | 00 00 00 00 00 00 00 00
stack at sp + 3 slots: 0x000001f4e2b13c30 points into unknown readable memory: 0x0000000000000000 | 00 00 00 00 00 00 00 00
stack at sp + 4 slots: 0xffffffffffffffff is an unknown value
stack at sp + 5 slots: 0x000003e700000001 is an unknown value
stack at sp + 6 slots: 0x0000000000000001 is an unknown value
stack at sp + 7 slots: 0x000001f4d215e648 points into unknown readable memory: 0x00007ffebeec8568 | 68 85 ec be fe 7f 00 00


---------------  P R O C E S S  ---------------

Threads class SMR info:
_java_thread_list=0x000001f4d10b6140, length=45, elements={
0x000001f4b6bc4800, 0x000001f4cfba9000, 0x000001f4cfbca800, 0x000001f4cfbe9000,
0x000001f4cfbea000, 0x000001f4cfbec800, 0x000001f4cfbf0800, 0x000001f4d059a000,
0x000001f4d05b5000, 0x000001f4d06a5800, 0x000001f4d1e56000, 0x000001f4d1373000,
0x000001f4d1ec8000, 0x000001f4d07fb800, 0x000001f4d07fd800, 0x000001f4d07fc800,
0x000001f4d21a6000, 0x000001f4d21aa800, 0x000001f4d07fb000, 0x000001f4d07fe000,
0x000001f4d07f8800, 0x000001f4d07fa000, 0x000001f4d21a8000, 0x000001f4d21a7000,
0x000001f4d21a8800, 0x000001f4d21a9800, 0x000001f4d21a4000, 0x000001f4d21a4800,
0x000001f4d21b0000, 0x000001f4d21b1000, 0x000001f4d21ad000, 0x000001f4d21ab000,
0x000001f4d21ad800, 0x000001f4d21ae800, 0x000001f4d21b1800, 0x000001f4d21af000,
0x000001f4d21ac000, 0x000001f4d21b2800, 0x000001f4d8599800, 0x000001f4d859d800,
0x000001f4d859e000, 0x000001f4d859a000, 0x000001f4d859b000, 0x000001f4d859f000,
0x000001f4d53cd800
}

Java Threads: ( => current thread )
  0x000001f4b6bc4800 JavaThread "main" [_thread_blocked, id=1392, stack(0x0000009b6d400000,0x0000009b6d500000)]
  0x000001f4cfba9000 JavaThread "Reference Handler" daemon [_thread_blocked, id=3848, stack(0x0000009b6db00000,0x0000009b6dc00000)]
  0x000001f4cfbca800 JavaThread "Finalizer" daemon [_thread_blocked, id=3528, stack(0x0000009b6dc00000,0x0000009b6dd00000)]
  0x000001f4cfbe9000 JavaThread "Signal Dispatcher" daemon [_thread_blocked, id=2348, stack(0x0000009b6dd00000,0x0000009b6de00000)]
  0x000001f4cfbea000 JavaThread "Attach Listener" daemon [_thread_blocked, id=1964, stack(0x0000009b6de00000,0x0000009b6df00000)]
  0x000001f4cfbec800 JavaThread "Service Thread" daemon [_thread_blocked, id=6092, stack(0x0000009b6df00000,0x0000009b6e000000)]
  0x000001f4cfbf0800 JavaThread "C2 CompilerThread0" daemon [_thread_in_native, id=6656, stack(0x0000009b6e000000,0x0000009b6e100000)]
  0x000001f4d059a000 JavaThread "C1 CompilerThread0" daemon [_thread_blocked, id=6728, stack(0x0000009b6e100000,0x0000009b6e200000)]
  0x000001f4d05b5000 JavaThread "Sweeper thread" daemon [_thread_blocked, id=5592, stack(0x0000009b6e200000,0x0000009b6e300000)]
  0x000001f4d06a5800 JavaThread "Common-Cleaner" daemon [_thread_blocked, id=2160, stack(0x0000009b6e300000,0x0000009b6e400000)]
  0x000001f4d1e56000 JavaThread "Daemon health stats" [_thread_blocked, id=6848, stack(0x0000009b6e800000,0x0000009b6e900000)]
  0x000001f4d1373000 JavaThread "Incoming local TCP Connector on port 49802" [_thread_in_native, id=7836, stack(0x0000009b6e700000,0x0000009b6e800000)]
  0x000001f4d1ec8000 JavaThread "Daemon periodic checks" [_thread_blocked, id=6908, stack(0x0000009b6ea00000,0x0000009b6eb00000)]
  0x000001f4d07fb800 JavaThread "Cache worker for file hash cache (C:\Users\HP\.gradle\wrapper\dists\gradle-2.14.1-all\caches\5.4.1\fileHashes)" [_thread_blocked, id=2020, stack(0x0000009b6f200000,0x0000009b6f300000)]
  0x000001f4d07fd800 JavaThread "File lock request listener" [_thread_in_native, id=7440, stack(0x0000009b6f300000,0x0000009b6f400000)]
  0x000001f4d07fc800 JavaThread "Cache worker for journal cache (C:\Users\HP\.gradle\wrapper\dists\gradle-2.14.1-all\caches\journal-1)" [_thread_blocked, id=5048, stack(0x0000009b6f400000,0x0000009b6f500000)]
  0x000001f4d21a6000 JavaThread "Cache worker for execution history cache (C:\Users\HP\.gradle\wrapper\dists\gradle-2.14.1-all\caches\5.4.1\executionHistory)" [_thread_blocked, id=3116, stack(0x0000009b6f800000,0x0000009b6f900000)]
  0x000001f4d21aa800 JavaThread "Memory manager" [_thread_blocked, id=3844, stack(0x0000009b6ff00000,0x0000009b70000000)]
  0x000001f4d07fb000 JavaThread "Daemon Thread 3" [_thread_blocked, id=6572, stack(0x0000009b6d100000,0x0000009b6d200000)]
  0x000001f4d07fe000 JavaThread "Handler for socket connection from /127.0.0.1:49802 to /127.0.0.1:62252" [_thread_in_native, id=6348, stack(0x0000009b6d200000,0x0000009b6d300000)]
  0x000001f4d07f8800 JavaThread "Cancel handler" [_thread_blocked, id=5932, stack(0x0000009b6d300000,0x0000009b6d400000)]
  0x000001f4d07fa000 JavaThread "Daemon worker Thread 3" [_thread_blocked, id=1816, stack(0x0000009b6eb00000,0x0000009b6ec00000)]
  0x000001f4d21a8000 JavaThread "Asynchronous log dispatcher for DefaultDaemonConnection: socket connection from /127.0.0.1:49802 to /127.0.0.1:62252" [_thread_blocked, id=6420, stack(0x0000009b6ec00000,0x0000009b6ed00000)]
  0x000001f4d21a7000 JavaThread "Stdin handler" [_thread_blocked, id=4504, stack(0x0000009b6ed00000,0x0000009b6ee00000)]
  0x000001f4d21a8800 JavaThread "Thread-49" [_thread_blocked, id=10040, stack(0x0000009b6ee00000,0x0000009b6ef00000)]
  0x000001f4d21a9800 JavaThread "Cache worker for file hash cache (C:\Users\HP\AndroidStudioProjects\QuizzerExtended\Quizzer\.gradle\5.4.1\fileHashes)" [_thread_blocked, id=10384, stack(0x0000009b6ef00000,0x0000009b6f000000)]
  0x000001f4d21a4000 JavaThread "Cache worker for cache directory md-supplier (C:\Users\HP\.gradle\wrapper\dists\gradle-2.14.1-all\caches\5.4.1\md-supplier)" [_thread_blocked, id=9368, stack(0x0000009b6f100000,0x0000009b6f200000)]
  0x000001f4d21a4800 JavaThread "Cache worker for cache directory md-rule (C:\Users\HP\.gradle\wrapper\dists\gradle-2.14.1-all\caches\5.4.1\md-rule)" [_thread_blocked, id=3576, stack(0x0000009b6f500000,0x0000009b6f600000)]
  0x000001f4d21b0000 JavaThread "Build operations" [_thread_blocked, id=9796, stack(0x0000009b6f600000,0x0000009b6f700000)]
  0x000001f4d21b1000 JavaThread "Build operations Thread 2" [_thread_blocked, id=10432, stack(0x0000009b6f700000,0x0000009b6f800000)]
  0x000001f4d21ad000 JavaThread "Build operations Thread 3" [_thread_blocked, id=7820, stack(0x0000009b6f900000,0x0000009b6fa00000)]
  0x000001f4d21ab000 JavaThread "Build operations Thread 4" [_thread_blocked, id=3456, stack(0x0000009b6fa00000,0x0000009b6fb00000)]
  0x000001f4d21ad800 JavaThread "Cache worker for Build Output Cleanup Cache (C:\Users\HP\AndroidStudioProjects\QuizzerExtended\Quizzer\.gradle\buildOutputCleanup)" [_thread_blocked, id=3536, stack(0x0000009b6fb00000,0x0000009b6fc00000)]
  0x000001f4d21ae800 JavaThread "Cache worker for file content cache (C:\Users\HP\.gradle\wrapper\dists\gradle-2.14.1-all\caches\5.4.1\fileContent)" [_thread_blocked, id=8136, stack(0x0000009b6fc00000,0x0000009b6fd00000)]
  0x000001f4d21b1800 JavaThread "Cache worker for file content cache (C:\Users\HP\AndroidStudioProjects\QuizzerExtended\Quizzer\.gradle\5.4.1\fileContent)" [_thread_blocked, id=3352, stack(0x0000009b6fd00000,0x0000009b6fe00000)]
  0x000001f4d21af000 JavaThread "Execution worker for ':'" [_thread_blocked, id=7288, stack(0x0000009b70000000,0x0000009b70100000)]
  0x000001f4d21ac000 JavaThread "Execution worker for ':' Thread 2" [_thread_in_Java, id=6148, stack(0x0000009b70100000,0x0000009b70200000)]
  0x000001f4d21b2800 JavaThread "Execution worker for ':' Thread 3" [_thread_blocked, id=10860, stack(0x0000009b70200000,0x0000009b70300000)]
  0x000001f4d8599800 JavaThread "Cache worker for execution history cache (C:\Users\HP\AndroidStudioProjects\QuizzerExtended\Quizzer\.gradle\5.4.1\executionHistory)" [_thread_blocked, id=8428, stack(0x0000009b70300000,0x0000009b70400000)]
  0x000001f4d859d800 JavaThread "Cache worker for Java compile cache (C:\Users\HP\.gradle\wrapper\dists\gradle-2.14.1-all\caches\5.4.1\javaCompile)" [_thread_blocked, id=7108, stack(0x0000009b70400000,0x0000009b70500000)]
  0x000001f4d859e000 JavaThread "Cache worker for Java compile cache (C:\Users\HP\AndroidStudioProjects\QuizzerExtended\Quizzer\.gradle\5.4.1\javaCompile)" [_thread_blocked, id=10736, stack(0x0000009b70500000,0x0000009b70600000)]
  0x000001f4d859a000 JavaThread "WorkerExecutor Queue" [_thread_blocked, id=10348, stack(0x0000009b70600000,0x0000009b70700000)]
  0x000001f4d859b000 JavaThread "WorkerExecutor Queue Thread 2" [_thread_blocked, id=8008, stack(0x0000009b70700000,0x0000009b70800000)]
  0x000001f4d859f000 JavaThread "WorkerExecutor Queue Thread 3" [_thread_blocked, id=2028, stack(0x0000009b70800000,0x0000009b70900000)]
=>0x000001f4d53cd800 JavaThread "C2 CompilerThread1" daemon [_thread_in_native, id=8360, stack(0x0000009b6f000000,0x0000009b6f100000)]

Other Threads:
  0x000001f4cfba5800 VMThread "VM Thread" [stack: 0x0000009b6da00000,0x0000009b6db00000] [id=3604]
  0x000001f4d06cf000 WatcherThread [stack: 0x0000009b6e400000,0x0000009b6e500000] [id=5688]
  0x000001f4b6bde000 GCTaskThread "GC Thread#0" [stack: 0x0000009b6d500000,0x0000009b6d600000] [id=3600]
  0x000001f4d1110800 GCTaskThread "GC Thread#1" [stack: 0x0000009b6e500000,0x0000009b6e600000] [id=2356]
  0x000001f4d1111800 GCTaskThread "GC Thread#2" [stack: 0x0000009b6e600000,0x0000009b6e700000] [id=6736]
  0x000001f4d17fb800 GCTaskThread "GC Thread#3" [stack: 0x0000009b6e900000,0x0000009b6ea00000] [id=6732]
  0x000001f4b6c05000 ConcurrentGCThread "G1 Main Marker" [stack: 0x0000009b6d600000,0x0000009b6d700000] [id=5272]
  0x000001f4b6c08800 ConcurrentGCThread "G1 Conc#0" [stack: 0x0000009b6d700000,0x0000009b6d800000] [id=5244]
  0x000001f4b6c9a000 ConcurrentGCThread "G1 Refine#0" [stack: 0x0000009b6d800000,0x0000009b6d900000] [id=7080]
  0x000001f4b6c9b000 ConcurrentGCThread "G1 Young RemSet Sampling" [stack: 0x0000009b6d900000,0x0000009b6da00000] [id=2536]

Threads with active compile tasks:
C2 CompilerThread06648949 16015       4       java.lang.reflect.AccessibleObject::checkAccess (40 bytes)
C2 CompilerThread16648949 15683   !   4       org.gradle.internal.classloader.CachingClassLoader::loadClass (85 bytes)

VM state:not at safepoint (normal execution)

VM Mutex/Monitor currently owned by a thread: None

Heap address: 0x00000000a0000000, size: 1536 MB, Compressed Oops mode: 32-bit
Narrow klass base: 0x0000000000000000, Narrow klass shift: 3
Compressed class space size: 1073741824 Address: 0x0000000100000000

Heap:
 garbage-first heap   total 189440K, used 111167K [0x00000000a0000000, 0x0000000100000000)
  region size 1024K, 9 young (9216K), 1 survivors (1024K)
 Metaspace       used 110582K, capacity 112937K, committed 113228K, reserved 1148928K
  class space    used 13648K, capacity 14388K, committed 14464K, reserved 1048576K
Heap Regions: E=young(eden), S=young(survivor), O=old, HS=humongous(starts), HC=humongous(continues), CS=collection set, F=free, A=archive, TAMS=top-at-mark-start (previous, next)
|   0|0x00000000a0000000, 0x00000000a0100000, 0x00000000a0100000|100%| O|  |TAMS 0x00000000a0100000, 0x00000000a0000000| Untracked 
|   1|0x00000000a0100000, 0x00000000a0200000, 0x00000000a0200000|100%| O|  |TAMS 0x00000000a0200000, 0x00000000a0100000| Untracked 
|   2|0x00000000a0200000, 0x00000000a0300000, 0x00000000a0300000|100%|HS|  |TAMS 0x00000000a0300000, 0x00000000a0200000| Complete 
|   3|0x00000000a0300000, 0x00000000a0400000, 0x00000000a0400000|100%|HS|  |TAMS 0x00000000a0400000, 0x00000000a0300000| Complete 
|   4|0x00000000a0400000, 0x00000000a0500000, 0x00000000a0500000|100%|HC|  |TAMS 0x00000000a0500000, 0x00000000a0400000| Complete 
|   5|0x00000000a0500000, 0x00000000a0600000, 0x00000000a0600000|100%| O|  |TAMS 0x00000000a0600000, 0x00000000a0500000| Untracked 
|   6|0x00000000a0600000, 0x00000000a0700000, 0x00000000a0700000|100%| O|  |TAMS 0x00000000a0700000, 0x00000000a0600000| Untracked 
|   7|0x00000000a0700000, 0x00000000a0800000, 0x00000000a0800000|100%| O|  |TAMS 0x00000000a0800000, 0x00000000a0700000| Untracked 
|   8|0x00000000a0800000, 0x00000000a0900000, 0x00000000a0900000|100%| O|  |TAMS 0x00000000a0900000, 0x00000000a0800000| Untracked 
|   9|0x00000000a0900000, 0x00000000a0a00000, 0x00000000a0a00000|100%| O|  |TAMS 0x00000000a0a00000, 0x00000000a0900000| Untracked 
|  10|0x00000000a0a00000, 0x00000000a0b00000, 0x00000000a0b00000|100%| O|  |TAMS 0x00000000a0a00000, 0x00000000a0a00000| Untracked 
|  11|0x00000000a0b00000, 0x00000000a0c00000, 0x00000000a0c00000|100%| O|  |TAMS 0x00000000a0c00000, 0x00000000a0b00000| Untracked 
|  12|0x00000000a0c00000, 0x00000000a0d00000, 0x00000000a0d00000|100%| O|  |TAMS 0x00000000a0d00000, 0x00000000a0c00000| Untracked 
|  13|0x00000000a0d00000, 0x00000000a0e00000, 0x00000000a0e00000|100%|HS|  |TAMS 0x00000000a0e00000, 0x00000000a0d00000| Complete 
|  14|0x00000000a0e00000, 0x00000000a0f00000, 0x00000000a0f00000|100%|HC|  |TAMS 0x00000000a0f00000, 0x00000000a0e00000| Complete 
|  15|0x00000000a0f00000, 0x00000000a1000000, 0x00000000a1000000|100%|HS|  |TAMS 0x00000000a1000000, 0x00000000a0f00000| Complete 
|  16|0x00000000a1000000, 0x00000000a1100000, 0x00000000a1100000|100%|HC|  |TAMS 0x00000000a1100000, 0x00000000a1000000| Complete 
|  17|0x00000000a1100000, 0x00000000a1200000, 0x00000000a1200000|100%|HC|  |TAMS 0x00000000a1200000, 0x00000000a1100000| Complete 
|  18|0x00000000a1200000, 0x00000000a1300000, 0x00000000a1300000|100%|HS|  |TAMS 0x00000000a1300000, 0x00000000a1200000| Complete 
|  19|0x00000000a1300000, 0x00000000a1400000, 0x00000000a1400000|100%|HC|  |TAMS 0x00000000a1400000, 0x00000000a1300000| Complete 
|  20|0x00000000a1400000, 0x00000000a1500000, 0x00000000a1500000|100%|HC|  |TAMS 0x00000000a1500000, 0x00000000a1400000| Complete 
|  21|0x00000000a1500000, 0x00000000a1600000, 0x00000000a1600000|100%|HC|  |TAMS 0x00000000a1600000, 0x00000000a1500000| Complete 
|  22|0x00000000a1600000, 0x00000000a1700000, 0x00000000a1700000|100%|HC|  |TAMS 0x00000000a1700000, 0x00000000a1600000| Complete 
|  23|0x00000000a1700000, 0x00000000a1800000, 0x00000000a1800000|100%| O|  |TAMS 0x00000000a1800000, 0x00000000a1700000| Untracked 
|  24|0x00000000a1800000, 0x00000000a1900000, 0x00000000a1900000|100%| O|  |TAMS 0x00000000a1900000, 0x00000000a1800000| Untracked 
|  25|0x00000000a1900000, 0x00000000a1a00000, 0x00000000a1a00000|100%| O|  |TAMS 0x00000000a1a00000, 0x00000000a1900000| Untracked 
|  26|0x00000000a1a00000, 0x00000000a1b00000, 0x00000000a1b00000|100%| O|  |TAMS 0x00000000a1b00000, 0x00000000a1a00000| Untracked 
|  27|0x00000000a1b00000, 0x00000000a1c00000, 0x00000000a1c00000|100%| O|  |TAMS 0x00000000a1c00000, 0x00000000a1b00000| Untracked 
|  28|0x00000000a1c00000, 0x00000000a1d00000, 0x00000000a1d00000|100%| O|  |TAMS 0x00000000a1d00000, 0x00000000a1c00000| Untracked 
|  29|0x00000000a1d00000, 0x00000000a1e00000, 0x00000000a1e00000|100%| O|  |TAMS 0x00000000a1e00000, 0x00000000a1d00000| Untracked 
|  30|0x00000000a1e00000, 0x00000000a1f00000, 0x00000000a1f00000|100%| O|  |TAMS 0x00000000a1f00000, 0x00000000a1e00000| Untracked 
|  31|0x00000000a1f00000, 0x00000000a2000000, 0x00000000a2000000|100%| O|  |TAMS 0x00000000a2000000, 0x00000000a1f00000| Untracked 
|  32|0x00000000a2000000, 0x00000000a2100000, 0x00000000a2100000|100%| O|  |TAMS 0x00000000a2100000, 0x00000000a2000000| Untracked 
|  33|0x00000000a2100000, 0x00000000a2200000, 0x00000000a2200000|100%| O|  |TAMS 0x00000000a2200000, 0x00000000a2100000| Untracked 
|  34|0x00000000a2200000, 0x00000000a2300000, 0x00000000a2300000|100%| O|  |TAMS 0x00000000a2300000, 0x00000000a2200000| Untracked 
|  35|0x00000000a2300000, 0x00000000a2400000, 0x00000000a2400000|100%| O|  |TAMS 0x00000000a2400000, 0x00000000a2300000| Untracked 
|  36|0x00000000a2400000, 0x00000000a2500000, 0x00000000a2500000|100%| O|  |TAMS 0x00000000a2400000, 0x00000000a2400000| Untracked 
|  37|0x00000000a2500000, 0x00000000a2600000, 0x00000000a2600000|100%| O|  |TAMS 0x00000000a2600000, 0x00000000a2500000| Untracked 
|  38|0x00000000a2600000, 0x00000000a2700000, 0x00000000a2700000|100%|HS|  |TAMS 0x00000000a2700000, 0x00000000a2600000| Complete 
|  39|0x00000000a2700000, 0x00000000a2800000, 0x00000000a2800000|100%|HC|  |TAMS 0x00000000a2800000, 0x00000000a2700000| Complete 
|  40|0x00000000a2800000, 0x00000000a2900000, 0x00000000a2900000|100%| O|  |TAMS 0x00000000a2900000, 0x00000000a2800000| Untracked 
|  41|0x00000000a2900000, 0x00000000a291e200, 0x00000000a2a00000| 11%| O|  |TAMS 0x00000000a2900000, 0x00000000a2900000| Untracked 
|  42|0x00000000a2a00000, 0x00000000a2b00000, 0x00000000a2b00000|100%| O|  |TAMS 0x00000000a2b00000, 0x00000000a2a00000| Untracked 
|  43|0x00000000a2b00000, 0x00000000a2c00000, 0x00000000a2c00000|100%| O|  |TAMS 0x00000000a2c00000, 0x00000000a2b00000| Untracked 
|  44|0x00000000a2c00000, 0x00000000a2d00000, 0x00000000a2d00000|100%| O|  |TAMS 0x00000000a2d00000, 0x00000000a2c00000| Untracked 
|  45|0x00000000a2d00000, 0x00000000a2e00000, 0x00000000a2e00000|100%| O|  |TAMS 0x00000000a2e00000, 0x00000000a2d00000| Untracked 
|  46|0x00000000a2e00000, 0x00000000a2f00000, 0x00000000a2f00000|100%| O|  |TAMS 0x00000000a2f00000, 0x00000000a2e00000| Untracked 
|  47|0x00000000a2f00000, 0x00000000a3000000, 0x00000000a3000000|100%| O|  |TAMS 0x00000000a3000000, 0x00000000a2f00000| Untracked 
|  48|0x00000000a3000000, 0x00000000a3100000, 0x00000000a3100000|100%| O|  |TAMS 0x00000000a3100000, 0x00000000a3000000| Untracked 
|  49|0x00000000a3100000, 0x00000000a3100000, 0x00000000a3200000|  0%| F|  |TAMS 0x00000000a3100000, 0x00000000a3100000| Untracked 
|  50|0x00000000a3200000, 0x00000000a3300000, 0x00000000a3300000|100%| O|  |TAMS 0x00000000a3300000, 0x00000000a3200000| Untracked 
|  51|0x00000000a3300000, 0x00000000a3400000, 0x00000000a3400000|100%| O|  |TAMS 0x00000000a3400000, 0x00000000a3300000| Untracked 
|  52|0x00000000a3400000, 0x00000000a3500000, 0x00000000a3500000|100%| O|  |TAMS 0x00000000a3500000, 0x00000000a3400000| Untracked 
|  53|0x00000000a3500000, 0x00000000a3600000, 0x00000000a3600000|100%| O|  |TAMS 0x00000000a3600000, 0x00000000a3500000| Untracked 
|  54|0x00000000a3600000, 0x00000000a3700000, 0x00000000a3700000|100%| O|  |TAMS 0x00000000a3700000, 0x00000000a3600000| Untracked 
|  55|0x00000000a3700000, 0x00000000a3800000, 0x00000000a3800000|100%| O|  |TAMS 0x00000000a3800000, 0x00000000a3700000| Untracked 
|  56|0x00000000a3800000, 0x00000000a3900000, 0x00000000a3900000|100%| O|  |TAMS 0x00000000a3900000, 0x00000000a3800000| Untracked 
|  57|0x00000000a3900000, 0x00000000a3a00000, 0x00000000a3a00000|100%| O|  |TAMS 0x00000000a3a00000, 0x00000000a3900000| Untracked 
|  58|0x00000000a3a00000, 0x00000000a3b00000, 0x00000000a3b00000|100%| O|  |TAMS 0x00000000a3b00000, 0x00000000a3a00000| Untracked 
|  59|0x00000000a3b00000, 0x00000000a3c00000, 0x00000000a3c00000|100%| O|  |TAMS 0x00000000a3c00000, 0x00000000a3b00000| Untracked 
|  60|0x00000000a3c00000, 0x00000000a3d00000, 0x00000000a3d00000|100%| O|  |TAMS 0x00000000a3d00000, 0x00000000a3c00000| Untracked 
|  61|0x00000000a3d00000, 0x00000000a3e00000, 0x00000000a3e00000|100%| O|  |TAMS 0x00000000a3e00000, 0x00000000a3d00000| Untracked 
|  62|0x00000000a3e00000, 0x00000000a3f00000, 0x00000000a3f00000|100%| O|  |TAMS 0x00000000a3f00000, 0x00000000a3e00000| Untracked 
|  63|0x00000000a3f00000, 0x00000000a4000000, 0x00000000a4000000|100%| O|  |TAMS 0x00000000a4000000, 0x00000000a3f00000| Untracked 
|  64|0x00000000a4000000, 0x00000000a4100000, 0x00000000a4100000|100%| O|  |TAMS 0x00000000a4100000, 0x00000000a4000000| Untracked 
|  65|0x00000000a4100000, 0x00000000a4200000, 0x00000000a4200000|100%| O|  |TAMS 0x00000000a4200000, 0x00000000a4100000| Untracked 
|  66|0x00000000a4200000, 0x00000000a4300000, 0x00000000a4300000|100%| O|  |TAMS 0x00000000a4300000, 0x00000000a4200000| Untracked 
|  67|0x00000000a4300000, 0x00000000a4400000, 0x00000000a4400000|100%| O|  |TAMS 0x00000000a4400000, 0x00000000a4300000| Untracked 
|  68|0x00000000a4400000, 0x00000000a4500000, 0x00000000a4500000|100%| O|  |TAMS 0x00000000a4500000, 0x00000000a4400000| Untracked 
|  69|0x00000000a4500000, 0x00000000a4600000, 0x00000000a4600000|100%| O|  |TAMS 0x00000000a4600000, 0x00000000a4500000| Untracked 
|  70|0x00000000a4600000, 0x00000000a4600000, 0x00000000a4700000|  0%| F|  |TAMS 0x00000000a4600000, 0x00000000a4600000| Untracked 
|  71|0x00000000a4700000, 0x00000000a4800000, 0x00000000a4800000|100%| O|  |TAMS 0x00000000a4800000, 0x00000000a4700000| Untracked 
|  72|0x00000000a4800000, 0x00000000a4900000, 0x00000000a4900000|100%| O|  |TAMS 0x00000000a4900000, 0x00000000a4800000| Untracked 
|  73|0x00000000a4900000, 0x00000000a4a00000, 0x00000000a4a00000|100%| O|  |TAMS 0x00000000a4a00000, 0x00000000a4900000| Untracked 
|  74|0x00000000a4a00000, 0x00000000a4b00000, 0x00000000a4b00000|100%| O|  |TAMS 0x00000000a4b00000, 0x00000000a4a00000| Untracked 
|  75|0x00000000a4b00000, 0x00000000a4c00000, 0x00000000a4c00000|100%| O|  |TAMS 0x00000000a4c00000, 0x00000000a4b00000| Untracked 
|  76|0x00000000a4c00000, 0x00000000a4d00000, 0x00000000a4d00000|100%| O|  |TAMS 0x00000000a4d00000, 0x00000000a4c00000| Untracked 
|  77|0x00000000a4d00000, 0x00000000a4e00000, 0x00000000a4e00000|100%| O|  |TAMS 0x00000000a4e00000, 0x00000000a4d00000| Untracked 
|  78|0x00000000a4e00000, 0x00000000a4f00000, 0x00000000a4f00000|100%| O|  |TAMS 0x00000000a4f00000, 0x00000000a4e00000| Untracked 
|  79|0x00000000a4f00000, 0x00000000a5000000, 0x00000000a5000000|100%| O|  |TAMS 0x00000000a5000000, 0x00000000a4f00000| Untracked 
|  80|0x00000000a5000000, 0x00000000a5100000, 0x00000000a5100000|100%| O|  |TAMS 0x00000000a5100000, 0x00000000a5000000| Untracked 
|  81|0x00000000a5100000, 0x00000000a5200000, 0x00000000a5200000|100%| O|  |TAMS 0x00000000a5200000, 0x00000000a5100000| Untracked 
|  82|0x00000000a5200000, 0x00000000a5300000, 0x00000000a5300000|100%| O|  |TAMS 0x00000000a5300000, 0x00000000a5200000| Untracked 
|  83|0x00000000a5300000, 0x00000000a5400000, 0x00000000a5400000|100%| O|  |TAMS 0x00000000a5400000, 0x00000000a5300000| Untracked 
|  84|0x00000000a5400000, 0x00000000a5500000, 0x00000000a5500000|100%| O|  |TAMS 0x00000000a5500000, 0x00000000a5400000| Untracked 
|  85|0x00000000a5500000, 0x00000000a5600000, 0x00000000a5600000|100%| O|  |TAMS 0x00000000a5600000, 0x00000000a5500000| Untracked 
|  86|0x00000000a5600000, 0x00000000a5700000, 0x00000000a5700000|100%| O|  |TAMS 0x00000000a5700000, 0x00000000a5600000| Untracked 
|  87|0x00000000a5700000, 0x00000000a5800000, 0x00000000a5800000|100%| O|  |TAMS 0x00000000a5800000, 0x00000000a5700000| Untracked 
|  88|0x00000000a5800000, 0x00000000a5900000, 0x00000000a5900000|100%| O|  |TAMS 0x00000000a5900000, 0x00000000a5800000| Untracked 
|  89|0x00000000a5900000, 0x00000000a5a00000, 0x00000000a5a00000|100%| O|  |TAMS 0x00000000a5a00000, 0x00000000a5900000| Untracked 
|  90|0x00000000a5a00000, 0x00000000a5b00000, 0x00000000a5b00000|100%| O|  |TAMS 0x00000000a5b00000, 0x00000000a5a00000| Untracked 
|  91|0x00000000a5b00000, 0x00000000a5b00000, 0x00000000a5c00000|  0%| F|  |TAMS 0x00000000a5b00000, 0x00000000a5b00000| Untracked 
|  92|0x00000000a5c00000, 0x00000000a5d00000, 0x00000000a5d00000|100%| O|  |TAMS 0x00000000a5d00000, 0x00000000a5c00000| Untracked 
|  93|0x00000000a5d00000, 0x00000000a5e00000, 0x00000000a5e00000|100%| O|  |TAMS 0x00000000a5e00000, 0x00000000a5d00000| Untracked 
|  94|0x00000000a5e00000, 0x00000000a5f00000, 0x00000000a5f00000|100%| O|  |TAMS 0x00000000a5f00000, 0x00000000a5e00000| Untracked 
|  95|0x00000000a5f00000, 0x00000000a5f00000, 0x00000000a6000000|  0%| F|  |TAMS 0x00000000a5f00000, 0x00000000a5f00000| Untracked 
|  96|0x00000000a6000000, 0x00000000a6100000, 0x00000000a6100000|100%|HS|  |TAMS 0x00000000a6100000, 0x00000000a6000000| Complete 
|  97|0x00000000a6100000, 0x00000000a6200000, 0x00000000a6200000|100%|HC|  |TAMS 0x00000000a6200000, 0x00000000a6100000| Complete 
|  98|0x00000000a6200000, 0x00000000a6200000, 0x00000000a6300000|  0%| F|  |TAMS 0x00000000a6200000, 0x00000000a6200000| Untracked 
|  99|0x00000000a6300000, 0x00000000a6300000, 0x00000000a6400000|  0%| F|  |TAMS 0x00000000a6300000, 0x00000000a6300000| Untracked 
| 100|0x00000000a6400000, 0x00000000a6500000, 0x00000000a6500000|100%| O|  |TAMS 0x00000000a6500000, 0x00000000a6400000| Untracked 
| 101|0x00000000a6500000, 0x00000000a6500000, 0x00000000a6600000|  0%| F|  |TAMS 0x00000000a6500000, 0x00000000a6500000| Untracked 
| 102|0x00000000a6600000, 0x00000000a6600000, 0x00000000a6700000|  0%| F|  |TAMS 0x00000000a6600000, 0x00000000a6600000| Untracked 
| 103|0x00000000a6700000, 0x00000000a6700000, 0x00000000a6800000|  0%| F|  |TAMS 0x00000000a6700000, 0x00000000a6700000| Untracked 
| 104|0x00000000a6800000, 0x00000000a6800000, 0x00000000a6900000|  0%| F|  |TAMS 0x00000000a6800000, 0x00000000a6800000| Untracked 
| 105|0x00000000a6900000, 0x00000000a6900000, 0x00000000a6a00000|  0%| F|  |TAMS 0x00000000a6900000, 0x00000000a6900000| Untracked 
| 106|0x00000000a6a00000, 0x00000000a6a00000, 0x00000000a6b00000|  0%| F|  |TAMS 0x00000000a6a00000, 0x00000000a6a00000| Untracked 
| 107|0x00000000a6b00000, 0x00000000a6b00000, 0x00000000a6c00000|  0%| F|  |TAMS 0x00000000a6b00000, 0x00000000a6b00000| Untracked 
| 108|0x00000000a6c00000, 0x00000000a6d00000, 0x00000000a6d00000|100%| O|  |TAMS 0x00000000a6d00000, 0x00000000a6c00000| Untracked 
| 109|0x00000000a6d00000, 0x00000000a6e00000, 0x00000000a6e00000|100%| O|  |TAMS 0x00000000a6e00000, 0x00000000a6d00000| Untracked 
| 110|0x00000000a6e00000, 0x00000000a6f00000, 0x00000000a6f00000|100%| O|  |TAMS 0x00000000a6f00000, 0x00000000a6e00000| Untracked 
| 111|0x00000000a6f00000, 0x00000000a7000000, 0x00000000a7000000|100%| O|  |TAMS 0x00000000a7000000, 0x00000000a6f00000| Untracked 
| 112|0x00000000a7000000, 0x00000000a7100000, 0x00000000a7100000|100%| O|  |TAMS 0x00000000a7100000, 0x00000000a7000000| Untracked 
| 113|0x00000000a7100000, 0x00000000a7200000, 0x00000000a7200000|100%| O|  |TAMS 0x00000000a7200000, 0x00000000a7100000| Untracked 
| 114|0x00000000a7200000, 0x00000000a7300000, 0x00000000a7300000|100%| O|  |TAMS 0x00000000a7300000, 0x00000000a7200000| Untracked 
| 115|0x00000000a7300000, 0x00000000a7400000, 0x00000000a7400000|100%| O|  |TAMS 0x00000000a735b200, 0x00000000a7300000| Untracked 
| 116|0x00000000a7400000, 0x00000000a7400000, 0x00000000a7500000|  0%| F|  |TAMS 0x00000000a7400000, 0x00000000a7400000| Untracked 
| 117|0x00000000a7500000, 0x00000000a7500000, 0x00000000a7600000|  0%| F|  |TAMS 0x00000000a7500000, 0x00000000a7500000| Untracked 
| 118|0x00000000a7600000, 0x00000000a7600000, 0x00000000a7700000|  0%| F|  |TAMS 0x00000000a7600000, 0x00000000a7600000| Untracked 
| 119|0x00000000a7700000, 0x00000000a7700000, 0x00000000a7800000|  0%| F|  |TAMS 0x00000000a7700000, 0x00000000a7700000| Untracked 
| 120|0x00000000a7800000, 0x00000000a7800000, 0x00000000a7900000|  0%| F|  |TAMS 0x00000000a7800000, 0x00000000a7800000| Untracked 
| 121|0x00000000a7900000, 0x00000000a7900000, 0x00000000a7a00000|  0%| F|  |TAMS 0x00000000a7900000, 0x00000000a7900000| Untracked 
| 122|0x00000000a7a00000, 0x00000000a7a00000, 0x00000000a7b00000|  0%| F|  |TAMS 0x00000000a7a00000, 0x00000000a7a00000| Untracked 
| 123|0x00000000a7b00000, 0x00000000a7b00000, 0x00000000a7c00000|  0%| F|  |TAMS 0x00000000a7b00000, 0x00000000a7b00000| Untracked 
| 124|0x00000000a7c00000, 0x00000000a7c00000, 0x00000000a7d00000|  0%| F|  |TAMS 0x00000000a7c00000, 0x00000000a7c00000| Untracked 
| 125|0x00000000a7d00000, 0x00000000a7d00000, 0x00000000a7e00000|  0%| F|  |TAMS 0x00000000a7d00000, 0x00000000a7d00000| Untracked 
| 126|0x00000000a7e00000, 0x00000000a7e00000, 0x00000000a7f00000|  0%| F|  |TAMS 0x00000000a7e00000, 0x00000000a7e00000| Untracked 
| 127|0x00000000a7f00000, 0x00000000a7f00000, 0x00000000a8000000|  0%| F|  |TAMS 0x00000000a7f00000, 0x00000000a7f00000| Untracked 
| 128|0x00000000a8000000, 0x00000000a8000000, 0x00000000a8100000|  0%| F|  |TAMS 0x00000000a8000000, 0x00000000a8000000| Untracked 
| 129|0x00000000a8100000, 0x00000000a8100000, 0x00000000a8200000|  0%| F|  |TAMS 0x00000000a8100000, 0x00000000a8100000| Untracked 
| 130|0x00000000a8200000, 0x00000000a8200000, 0x00000000a8300000|  0%| F|  |TAMS 0x00000000a8200000, 0x00000000a8200000| Untracked 
| 131|0x00000000a8300000, 0x00000000a8300000, 0x00000000a8400000|  0%| F|  |TAMS 0x00000000a8300000, 0x00000000a8300000| Untracked 
| 132|0x00000000a8400000, 0x00000000a8400000, 0x00000000a8500000|  0%| F|  |TAMS 0x00000000a8400000, 0x00000000a8400000| Untracked 
| 133|0x00000000a8500000, 0x00000000a8500000, 0x00000000a8600000|  0%| F|  |TAMS 0x00000000a8500000, 0x00000000a8500000| Untracked 
| 134|0x00000000a8600000, 0x00000000a8600000, 0x00000000a8700000|  0%| F|  |TAMS 0x00000000a8600000, 0x00000000a8600000| Untracked 
| 135|0x00000000a8700000, 0x00000000a8700000, 0x00000000a8800000|  0%| F|  |TAMS 0x00000000a8700000, 0x00000000a8700000| Untracked 
| 136|0x00000000a8800000, 0x00000000a8800000, 0x00000000a8900000|  0%| F|  |TAMS 0x00000000a8800000, 0x00000000a8800000| Untracked 
| 137|0x00000000a8900000, 0x00000000a8900000, 0x00000000a8a00000|  0%| F|  |TAMS 0x00000000a8900000, 0x00000000a8900000| Untracked 
| 138|0x00000000a8a00000, 0x00000000a8a00000, 0x00000000a8b00000|  0%| F|  |TAMS 0x00000000a8a00000, 0x00000000a8a00000| Untracked 
| 139|0x00000000a8b00000, 0x00000000a8b00000, 0x00000000a8c00000|  0%| F|  |TAMS 0x00000000a8b00000, 0x00000000a8b00000| Untracked 
| 140|0x00000000a8c00000, 0x00000000a8c00000, 0x00000000a8d00000|  0%| F|  |TAMS 0x00000000a8c00000, 0x00000000a8c00000| Untracked 
| 141|0x00000000a8d00000, 0x00000000a8d00000, 0x00000000a8e00000|  0%| F|  |TAMS 0x00000000a8d00000, 0x00000000a8d00000| Untracked 
| 142|0x00000000a8e00000, 0x00000000a8e00000, 0x00000000a8f00000|  0%| F|  |TAMS 0x00000000a8e00000, 0x00000000a8e00000| Untracked 
| 143|0x00000000a8f00000, 0x00000000a8f00000, 0x00000000a9000000|  0%| F|  |TAMS 0x00000000a8f00000, 0x00000000a8f00000| Untracked 
| 144|0x00000000a9000000, 0x00000000a9000000, 0x00000000a9100000|  0%| F|  |TAMS 0x00000000a9000000, 0x00000000a9000000| Untracked 
| 145|0x00000000a9100000, 0x00000000a9100000, 0x00000000a9200000|  0%| F|  |TAMS 0x00000000a9100000, 0x00000000a9100000| Untracked 
| 146|0x00000000a9200000, 0x00000000a9200000, 0x00000000a9300000|  0%| F|  |TAMS 0x00000000a9200000, 0x00000000a9200000| Untracked 
| 147|0x00000000a9300000, 0x00000000a9300000, 0x00000000a9400000|  0%| F|  |TAMS 0x00000000a9300000, 0x00000000a9300000| Untracked 
| 148|0x00000000a9400000, 0x00000000a9400000, 0x00000000a9500000|  0%| F|  |TAMS 0x00000000a9400000, 0x00000000a9400000| Untracked 
| 149|0x00000000a9500000, 0x00000000a9500000, 0x00000000a9600000|  0%| F|  |TAMS 0x00000000a9500000, 0x00000000a9500000| Untracked 
| 150|0x00000000a9600000, 0x00000000a9600000, 0x00000000a9700000|  0%| F|  |TAMS 0x00000000a9600000, 0x00000000a9600000| Untracked 
| 151|0x00000000a9700000, 0x00000000a9700000, 0x00000000a9800000|  0%| F|  |TAMS 0x00000000a9700000, 0x00000000a9700000| Untracked 
| 152|0x00000000a9800000, 0x00000000a9800000, 0x00000000a9900000|  0%| F|  |TAMS 0x00000000a9800000, 0x00000000a9800000| Untracked 
| 153|0x00000000a9900000, 0x00000000a9900000, 0x00000000a9a00000|  0%| F|  |TAMS 0x00000000a9900000, 0x00000000a9900000| Untracked 
| 154|0x00000000a9a00000, 0x00000000a9a00000, 0x00000000a9b00000|  0%| F|  |TAMS 0x00000000a9a00000, 0x00000000a9a00000| Untracked 
| 155|0x00000000a9b00000, 0x00000000a9b00000, 0x00000000a9c00000|  0%| F|  |TAMS 0x00000000a9b00000, 0x00000000a9b00000| Untracked 
| 156|0x00000000a9c00000, 0x00000000a9c00000, 0x00000000a9d00000|  0%| F|  |TAMS 0x00000000a9c00000, 0x00000000a9c00000| Untracked 
| 157|0x00000000a9d00000, 0x00000000a9d00000, 0x00000000a9e00000|  0%| F|  |TAMS 0x00000000a9d00000, 0x00000000a9d00000| Untracked 
| 158|0x00000000a9e00000, 0x00000000a9e00000, 0x00000000a9f00000|  0%| F|  |TAMS 0x00000000a9e00000, 0x00000000a9e00000| Untracked 
| 159|0x00000000a9f00000, 0x00000000a9f00000, 0x00000000aa000000|  0%| F|  |TAMS 0x00000000a9f00000, 0x00000000a9f00000| Untracked 
| 160|0x00000000aa000000, 0x00000000aa000000, 0x00000000aa100000|  0%| F|  |TAMS 0x00000000aa000000, 0x00000000aa000000| Untracked 
| 161|0x00000000aa100000, 0x00000000aa100000, 0x00000000aa200000|  0%| F|  |TAMS 0x00000000aa100000, 0x00000000aa100000| Untracked 
| 162|0x00000000aa200000, 0x00000000aa200000, 0x00000000aa300000|  0%| F|  |TAMS 0x00000000aa200000, 0x00000000aa200000| Untracked 
| 163|0x00000000aa300000, 0x00000000aa300000, 0x00000000aa400000|  0%| F|  |TAMS 0x00000000aa300000, 0x00000000aa300000| Untracked 
| 164|0x00000000aa400000, 0x00000000aa400000, 0x00000000aa500000|  0%| F|  |TAMS 0x00000000aa400000, 0x00000000aa400000| Untracked 
| 165|0x00000000aa500000, 0x00000000aa500000, 0x00000000aa600000|  0%| F|  |TAMS 0x00000000aa500000, 0x00000000aa500000| Untracked 
| 166|0x00000000aa600000, 0x00000000aa600000, 0x00000000aa700000|  0%| F|  |TAMS 0x00000000aa600000, 0x00000000aa600000| Untracked 
| 167|0x00000000aa700000, 0x00000000aa700000, 0x00000000aa800000|  0%| F|  |TAMS 0x00000000aa700000, 0x00000000aa700000| Untracked 
| 168|0x00000000aa800000, 0x00000000aa800000, 0x00000000aa900000|  0%| F|  |TAMS 0x00000000aa800000, 0x00000000aa800000| Untracked 
| 169|0x00000000aa900000, 0x00000000aa900000, 0x00000000aaa00000|  0%| F|  |TAMS 0x00000000aa900000, 0x00000000aa900000| Untracked 
| 170|0x00000000aaa00000, 0x00000000aaa00000, 0x00000000aab00000|  0%| F|  |TAMS 0x00000000aaa00000, 0x00000000aaa00000| Untracked 
| 171|0x00000000aab00000, 0x00000000aab00000, 0x00000000aac00000|  0%| F|  |TAMS 0x00000000aab00000, 0x00000000aab00000| Untracked 
| 172|0x00000000aac00000, 0x00000000aac00000, 0x00000000aad00000|  0%| F|  |TAMS 0x00000000aac00000, 0x00000000aac00000| Untracked 
| 173|0x00000000aad00000, 0x00000000aad00000, 0x00000000aae00000|  0%| F|  |TAMS 0x00000000aad00000, 0x00000000aad00000| Untracked 
| 174|0x00000000aae00000, 0x00000000aae00000, 0x00000000aaf00000|  0%| F|  |TAMS 0x00000000aae00000, 0x00000000aae00000| Untracked 
| 175|0x00000000aaf00000, 0x00000000aaf00000, 0x00000000ab000000|  0%| F|  |TAMS 0x00000000aaf00000, 0x00000000aaf00000| Untracked 
| 176|0x00000000ab000000, 0x00000000ab076418, 0x00000000ab100000| 46%| E|  |TAMS 0x00000000ab000000, 0x00000000ab000000| Complete 
| 177|0x00000000ab100000, 0x00000000ab200000, 0x00000000ab200000|100%| E|CS|TAMS 0x00000000ab100000, 0x00000000ab100000| Complete 
| 178|0x00000000ab200000, 0x00000000ab271bc0, 0x00000000ab300000| 44%| S|CS|TAMS 0x00000000ab200000, 0x00000000ab200000| Complete 
| 179|0x00000000ab300000, 0x00000000ab400000, 0x00000000ab400000|100%| E|  |TAMS 0x00000000ab300000, 0x00000000ab300000| Complete 
| 180|0x00000000ab400000, 0x00000000ab500000, 0x00000000ab500000|100%| E|CS|TAMS 0x00000000ab400000, 0x00000000ab400000| Complete 
| 181|0x00000000ab500000, 0x00000000ab600000, 0x00000000ab600000|100%| E|CS|TAMS 0x00000000ab500000, 0x00000000ab500000| Complete 
| 182|0x00000000ab600000, 0x00000000ab700000, 0x00000000ab700000|100%| E|CS|TAMS 0x00000000ab600000, 0x00000000ab600000| Complete 
| 183|0x00000000ab700000, 0x00000000ab800000, 0x00000000ab800000|100%| E|CS|TAMS 0x00000000ab700000, 0x00000000ab700000| Complete 
| 184|0x00000000ab800000, 0x00000000ab900000, 0x00000000ab900000|100%| E|CS|TAMS 0x00000000ab800000, 0x00000000ab800000| Complete 

Card table byte_map: [0x000001f4c9fe0000,0x000001f4ca2e0000] _byte_map_base: 0x000001f4c9ae0000

Marking Bits (Prev, Next): (CMBitMap*) 0x000001f4b6bfe4f0, (CMBitMap*) 0x000001f4b6bfe4b8
 Prev Bits: [0x000001f4cbde0000, 0x000001f4cd5e0000)
 Next Bits: [0x000001f4ca5e0000, 0x000001f4cbde0000)

Polling page: 0x000001f4b5260000

Metaspace:

Usage:
  Non-class:     96.24 MB capacity,    94.66 MB ( 98%) used,     1.34 MB (  1%) free+waste,   244.25 KB ( <1%) overhead. 
      Class:     14.05 MB capacity,    13.33 MB ( 95%) used,   635.66 KB (  4%) free+waste,   104.25 KB ( <1%) overhead. 
       Both:    110.29 MB capacity,   107.99 MB ( 98%) used,     1.96 MB (  2%) free+waste,   348.50 KB ( <1%) overhead. 

Virtual space:
  Non-class space:       98.00 MB reserved,      96.45 MB ( 98%) committed 
      Class space:        1.00 GB reserved,      14.13 MB (  1%) committed 
             Both:        1.10 GB reserved,     110.57 MB ( 10%) committed 

Chunk freelists:
   Non-Class:  23.00 KB
       Class:  0 bytes
        Both:  23.00 KB

MaxMetaspaceSize: 17179869184.00 GB
CompressedClassSpaceSize: 1.00 GB

CodeHeap 'non-profiled nmethods': size=120064Kb used=10938Kb max_used=10938Kb free=109125Kb
 bounds [0x000001f4c2180000, 0x000001f4c2c30000, 0x000001f4c96c0000]
CodeHeap 'profiled nmethods': size=120000Kb used=36907Kb max_used=36907Kb free=83092Kb
 bounds [0x000001f4bac50000, 0x000001f4bd060000, 0x000001f4c2180000]
CodeHeap 'non-nmethods': size=5696Kb used=2325Kb max_used=2382Kb free=3371Kb
 bounds [0x000001f4ba6c0000, 0x000001f4ba930000, 0x000001f4bac50000]
 total_blobs=16808 nmethods=15866 adapters=852
 compilation: enabled
              stopped_count=0, restarted_count=0
 full_count=0

Compilation events (20 events):
Event: 6648.712 Thread 0x000001f4cfbf0800 15707       4       com.android.tools.r8.m.a.a.b.O0::a (12 bytes)
Event: 6648.714 Thread 0x000001f4cfbf0800 nmethod 15707 0x000001f4c2c2c810 code [0x000001f4c2c2c9a0, 0x000001f4c2c2ca38]
Event: 6648.714 Thread 0x000001f4cfbf0800 15770       4       com.android.tools.r8.n.a.a.a.g.B0$d::d (13 bytes)
Event: 6648.715 Thread 0x000001f4cfbf0800 nmethod 15770 0x000001f4c2c2cb10 code [0x000001f4c2c2cca0, 0x000001f4c2c2cd38]
Event: 6648.715 Thread 0x000001f4cfbf0800 15850       4       com.android.tools.r8.ir.conversion.X::i (7 bytes)
Event: 6648.717 Thread 0x000001f4cfbf0800 nmethod 15850 0x000001f4c2c2ce10 code [0x000001f4c2c2cfa0, 0x000001f4c2c2d038]
Event: 6648.727 Thread 0x000001f4d059a000 15970       3       com.android.tools.r8.graph.DexProgramClass$$Lambda$770/0x0000000100dcc440::apply (8 bytes)
Event: 6648.727 Thread 0x000001f4d059a000 nmethod 15970 0x000001f4bd045d10 code [0x000001f4bd045ec0, 0x000001f4bd0460b8]
Event: 6648.727 Thread 0x000001f4d059a000 15971       1       com.android.tools.r8.graph.DexProgramClass::f (5 bytes)
Event: 6648.727 Thread 0x000001f4d059a000 nmethod 15971 0x000001f4c2c2d110 code [0x000001f4c2c2d2c0, 0x000001f4c2c2d358]
Event: 6648.736 Thread 0x000001f4d059a000 15972       3       com.android.tools.r8.n.a.a.a.h.H0$f::hasNext (14 bytes)
Event: 6648.736 Thread 0x000001f4d059a000 nmethod 15972 0x000001f4bd046190 code [0x000001f4bd046340, 0x000001f4bd046498]
Event: 6648.736 Thread 0x000001f4d059a000 15973       3       com.android.tools.r8.n.a.a.a.h.H0::containsKey (74 bytes)
Event: 6648.737 Thread 0x000001f4d059a000 nmethod 15973 0x000001f4bd046510 code [0x000001f4bd046700, 0x000001f4bd046b08]
Event: 6648.737 Thread 0x000001f4d059a000 15975       3       com.android.tools.r8.graph.DexTypeList::hashCode (8 bytes)
Event: 6648.737 Thread 0x000001f4d059a000 nmethod 15975 0x000001f4bd046c90 code [0x000001f4bd046e40, 0x000001f4bd046f68]
Event: 6648.737 Thread 0x000001f4d059a000 15976       3       com.android.tools.r8.n.a.a.a.h.H0$f::a (68 bytes)
Event: 6648.738 Thread 0x000001f4d059a000 nmethod 15976 0x000001f4bd047010 code [0x000001f4bd0471e0, 0x000001f4bd0475a8]
Event: 6648.738 Thread 0x000001f4d059a000 15974       3       com.android.tools.r8.n.a.a.a.h.H0$b::next (13 bytes)
Event: 6648.738 Thread 0x000001f4d059a000 nmethod 15974 0x000001f4bd047710 code [0x000001f4bd0478e0, 0x000001f4bd047ac8]

GC Heap History (20 events):
Event: 6642.600 GC heap before
{Heap before GC invocations=82 (full 0):
 garbage-first heap   total 131072K, used 112581K [0x00000000a0000000, 0x0000000100000000)
  region size 1024K, 6 young (6144K), 1 survivors (1024K)
 Metaspace       used 101850K, capacity 103903K, committed 104012K, reserved 1140736K
  class space    used 12443K, capacity 13090K, committed 13184K, reserved 1048576K
}
Event: 6642.613 GC heap after
{Heap after GC invocations=83 (full 0):
 garbage-first heap   total 157696K, used 108878K [0x00000000a0000000, 0x0000000100000000)
  region size 1024K, 1 young (1024K), 1 survivors (1024K)
 Metaspace       used 101850K, capacity 103903K, committed 104012K, reserved 1140736K
  class space    used 12443K, capacity 13090K, committed 13184K, reserved 1048576K
}
Event: 6642.849 GC heap before
{Heap before GC invocations=83 (full 0):
 garbage-first heap   total 157696K, used 115022K [0x00000000a0000000, 0x0000000100000000)
  region size 1024K, 7 young (7168K), 1 survivors (1024K)
 Metaspace       used 102448K, capacity 104536K, committed 104908K, reserved 1140736K
  class space    used 12511K, capacity 13174K, committed 13312K, reserved 1048576K
}
Event: 6642.859 GC heap after
{Heap after GC invocations=84 (full 0):
 garbage-first heap   total 157696K, used 109506K [0x00000000a0000000, 0x0000000100000000)
  region size 1024K, 1 young (1024K), 1 survivors (1024K)
 Metaspace       used 102448K, capacity 104536K, committed 104908K, reserved 1140736K
  class space    used 12511K, capacity 13174K, committed 13312K, reserved 1048576K
}
Event: 6643.390 GC heap before
{Heap before GC invocations=84 (full 0):
 garbage-first heap   total 157696K, used 122818K [0x00000000a0000000, 0x0000000100000000)
  region size 1024K, 14 young (14336K), 1 survivors (1024K)
 Metaspace       used 102774K, capacity 104887K, committed 105164K, reserved 1140736K
  class space    used 12520K, capacity 13180K, committed 13312K, reserved 1048576K
}
Event: 6643.400 GC heap after
{Heap after GC invocations=85 (full 0):
 garbage-first heap   total 157696K, used 110782K [0x00000000a0000000, 0x0000000100000000)
  region size 1024K, 2 young (2048K), 2 survivors (2048K)
 Metaspace       used 102774K, capacity 104887K, committed 105164K, reserved 1140736K
  class space    used 12520K, capacity 13180K, committed 13312K, reserved 1048576K
}
Event: 6644.643 GC heap before
{Heap before GC invocations=86 (full 0):
 garbage-first heap   total 157696K, used 124094K [0x00000000a0000000, 0x0000000100000000)
  region size 1024K, 16 young (16384K), 2 survivors (2048K)
 Metaspace       used 103231K, capacity 105394K, committed 105676K, reserved 1142784K
  class space    used 12551K, capacity 13256K, committed 13312K, reserved 1048576K
}
Event: 6644.658 GC heap after
{Heap after GC invocations=87 (full 0):
 garbage-first heap   total 157696K, used 111770K [0x00000000a0000000, 0x0000000100000000)
  region size 1024K, 2 young (2048K), 2 survivors (2048K)
 Metaspace       used 103231K, capacity 105394K, committed 105676K, reserved 1142784K
  class space    used 12551K, capacity 13256K, committed 13312K, reserved 1048576K
}
Event: 6645.018 GC heap before
{Heap before GC invocations=87 (full 0):
 garbage-first heap   total 157696K, used 125082K [0x00000000a0000000, 0x0000000100000000)
  region size 1024K, 16 young (16384K), 2 survivors (2048K)
 Metaspace       used 103248K, capacity 105394K, committed 105676K, reserved 1142784K
  class space    used 12553K, capacity 13256K, committed 13312K, reserved 1048576K
}
Event: 6645.031 GC heap after
{Heap after GC invocations=88 (full 0):
 garbage-first heap   total 157696K, used 112916K [0x00000000a0000000, 0x0000000100000000)
  region size 1024K, 2 young (2048K), 2 survivors (2048K)
 Metaspace       used 103248K, capacity 105394K, committed 105676K, reserved 1142784K
  class space    used 12553K, capacity 13256K, committed 13312K, reserved 1048576K
}
Event: 6645.812 GC heap before
{Heap before GC invocations=89 (full 0):
 garbage-first heap   total 157696K, used 126228K [0x00000000a0000000, 0x0000000100000000)
  region size 1024K, 17 young (17408K), 2 survivors (2048K)
 Metaspace       used 103269K, capacity 105458K, committed 105676K, reserved 1142784K
  class space    used 12554K, capacity 13256K, committed 13312K, reserved 1048576K
}
Event: 6645.829 GC heap after
{Heap after GC invocations=90 (full 0):
 garbage-first heap   total 157696K, used 113096K [0x00000000a0000000, 0x0000000100000000)
  region size 1024K, 3 young (3072K), 3 survivors (3072K)
 Metaspace       used 103269K, capacity 105458K, committed 105676K, reserved 1142784K
  class space    used 12554K, capacity 13256K, committed 13312K, reserved 1048576K
}
Event: 6645.955 GC heap before
{Heap before GC invocations=90 (full 0):
 garbage-first heap   total 157696K, used 117192K [0x00000000a0000000, 0x0000000100000000)
  region size 1024K, 7 young (7168K), 3 survivors (3072K)
 Metaspace       used 103269K, capacity 105458K, committed 105676K, reserved 1142784K
  class space    used 12554K, capacity 13256K, committed 13312K, reserved 1048576K
}
Event: 6645.978 GC heap after
{Heap after GC invocations=91 (full 0):
 garbage-first heap   total 157696K, used 108284K [0x00000000a0000000, 0x0000000100000000)
  region size 1024K, 1 young (1024K), 1 survivors (1024K)
 Metaspace       used 103269K, capacity 105458K, committed 105676K, reserved 1142784K
  class space    used 12554K, capacity 13256K, committed 13312K, reserved 1048576K
}
Event: 6646.440 GC heap before
{Heap before GC invocations=91 (full 0):
 garbage-first heap   total 157696K, used 124668K [0x00000000a0000000, 0x0000000100000000)
  region size 1024K, 18 young (18432K), 1 survivors (1024K)
 Metaspace       used 103275K, capacity 105458K, committed 105676K, reserved 1142784K
  class space    used 12554K, capacity 13256K, committed 13312K, reserved 1048576K
}
Event: 6646.454 GC heap after
{Heap after GC invocations=92 (full 0):
 garbage-first heap   total 189440K, used 109405K [0x00000000a0000000, 0x0000000100000000)
  region size 1024K, 2 young (2048K), 2 survivors (2048K)
 Metaspace       used 103275K, capacity 105458K, committed 105676K, reserved 1142784K
  class space    used 12554K, capacity 13256K, committed 13312K, reserved 1048576K
}
Event: 6648.178 GC heap before
{Heap before GC invocations=93 (full 0):
 garbage-first heap   total 189440K, used 139101K [0x00000000a0000000, 0x0000000100000000)
  region size 1024K, 32 young (32768K), 2 survivors (2048K)
 Metaspace       used 108980K, capacity 111278K, committed 111436K, reserved 1146880K
  class space    used 13416K, capacity 14117K, committed 14208K, reserved 1048576K
}
Event: 6648.194 GC heap after
{Heap after GC invocations=94 (full 0):
 garbage-first heap   total 189440K, used 110840K [0x00000000a0000000, 0x0000000100000000)
  region size 1024K, 3 young (3072K), 3 survivors (3072K)
 Metaspace       used 108980K, capacity 111278K, committed 111436K, reserved 1146880K
  class space    used 13416K, capacity 14117K, committed 14208K, reserved 1048576K
}
Event: 6648.538 GC heap before
{Heap before GC invocations=94 (full 0):
 garbage-first heap   total 189440K, used 115960K [0x00000000a0000000, 0x0000000100000000)
  region size 1024K, 9 young (9216K), 3 survivors (3072K)
 Metaspace       used 109692K, capacity 112026K, committed 112332K, reserved 1146880K
  class space    used 13527K, capacity 14256K, committed 14336K, reserved 1048576K
}
Event: 6648.550 GC heap after
{Heap after GC invocations=95 (full 0):
 garbage-first heap   total 189440K, used 105023K [0x00000000a0000000, 0x0000000100000000)
  region size 1024K, 1 young (1024K), 1 survivors (1024K)
 Metaspace       used 109692K, capacity 112026K, committed 112332K, reserved 1146880K
  class space    used 13527K, capacity 14256K, committed 14336K, reserved 1048576K
}

Deoptimization events (20 events):
Event: 6647.130 Thread 0x000001f4d859b000 Uncommon trap: trap_request=0xffffffde fr.pc=0x000001f4c2b02100 relative=0x0000000000000940
Event: 6647.130 Thread 0x000001f4d859b000 Uncommon trap: reason=class_check action=maybe_recompile pc=0x000001f4c2b02100 method=sun.nio.fs.WindowsPath.compareTo(Ljava/nio/file/Path;)I @ 18 c2
Event: 6647.130 Thread 0x000001f4d859b000 DEOPT PACKING pc=0x000001f4c2b02100 sp=0x0000009b707fdea0
Event: 6647.130 Thread 0x000001f4d859b000 DEOPT UNPACKING pc=0x000001f4ba6e78af sp=0x0000009b707fde10 mode 2
Event: 6647.335 Thread 0x000001f4d859b000 Uncommon trap: trap_request=0xffffffc6 fr.pc=0x000001f4c2685840 relative=0x0000000000001c40
Event: 6647.335 Thread 0x000001f4d859b000 Uncommon trap: reason=bimorphic_or_optimized_type_check action=maybe_recompile pc=0x000001f4c2685840 method=java.util.concurrent.ConcurrentHashMap.putVal(Ljava/lang/Object;Ljava/lang/Object;Z)Ljava/lang/Object; @ 159 c2
Event: 6647.335 Thread 0x000001f4d859b000 DEOPT PACKING pc=0x000001f4c2685840 sp=0x0000009b707fdc60
Event: 6647.335 Thread 0x000001f4d859b000 DEOPT UNPACKING pc=0x000001f4ba6e78af sp=0x0000009b707fdc00 mode 2
Event: 6647.338 Thread 0x000001f4d859b000 Uncommon trap: trap_request=0xffffffc6 fr.pc=0x000001f4c2685840 relative=0x0000000000001c40
Event: 6647.338 Thread 0x000001f4d859b000 Uncommon trap: reason=bimorphic_or_optimized_type_check action=maybe_recompile pc=0x000001f4c2685840 method=java.util.concurrent.ConcurrentHashMap.putVal(Ljava/lang/Object;Ljava/lang/Object;Z)Ljava/lang/Object; @ 159 c2
Event: 6647.338 Thread 0x000001f4d859b000 DEOPT PACKING pc=0x000001f4c2685840 sp=0x0000009b707fdcc0
Event: 6647.338 Thread 0x000001f4d859b000 DEOPT UNPACKING pc=0x000001f4ba6e78af sp=0x0000009b707fdc60 mode 2
Event: 6647.339 Thread 0x000001f4d859b000 Uncommon trap: trap_request=0xffffffc6 fr.pc=0x000001f4c2685840 relative=0x0000000000001c40
Event: 6647.339 Thread 0x000001f4d859b000 Uncommon trap: reason=bimorphic_or_optimized_type_check action=maybe_recompile pc=0x000001f4c2685840 method=java.util.concurrent.ConcurrentHashMap.putVal(Ljava/lang/Object;Ljava/lang/Object;Z)Ljava/lang/Object; @ 159 c2
Event: 6647.339 Thread 0x000001f4d859b000 DEOPT PACKING pc=0x000001f4c2685840 sp=0x0000009b707fde20
Event: 6647.339 Thread 0x000001f4d859b000 DEOPT UNPACKING pc=0x000001f4ba6e78af sp=0x0000009b707fddc0 mode 2
Event: 6647.401 Thread 0x000001f4d859b000 Uncommon trap: trap_request=0xffffff4d fr.pc=0x000001f4c28d272c relative=0x000000000000038c
Event: 6647.401 Thread 0x000001f4d859b000 Uncommon trap: reason=unstable_if action=reinterpret pc=0x000001f4c28d272c method=java.util.stream.StreamOpFlag.getMask(I)I @ 1 c2
Event: 6647.401 Thread 0x000001f4d859b000 DEOPT PACKING pc=0x000001f4c28d272c sp=0x0000009b707fe080
Event: 6647.401 Thread 0x000001f4d859b000 DEOPT UNPACKING pc=0x000001f4ba6e78af sp=0x0000009b707fdf70 mode 2

Classes redefined (0 events):
No events

Internal exceptions (20 events):
Event: 6644.161 Thread 0x000001f4d21af000 Exception <a 'sun/nio/fs/WindowsException'{0x00000000a95ece68}> (0x00000000a95ece68) thrown at [./src/hotspot/share/prims/jni.cpp, line 615]
Event: 6644.176 Thread 0x000001f4d21af000 Exception <a 'sun/nio/fs/WindowsException'{0x00000000a95f8160}> (0x00000000a95f8160) thrown at [./src/hotspot/share/prims/jni.cpp, line 615]
Event: 6644.185 Thread 0x000001f4d21af000 Exception <a 'sun/nio/fs/WindowsException'{0x00000000a94010e0}> (0x00000000a94010e0) thrown at [./src/hotspot/share/prims/jni.cpp, line 615]
Event: 6644.196 Thread 0x000001f4d21af000 Exception <a 'sun/nio/fs/WindowsException'{0x00000000a9408600}> (0x00000000a9408600) thrown at [./src/hotspot/share/prims/jni.cpp, line 615]
Event: 6644.203 Thread 0x000001f4d21af000 Exception <a 'sun/nio/fs/WindowsException'{0x00000000a940ceb0}> (0x00000000a940ceb0) thrown at [./src/hotspot/share/prims/jni.cpp, line 615]
Event: 6644.210 Thread 0x000001f4d21af000 Exception <a 'sun/nio/fs/WindowsException'{0x00000000a9411720}> (0x00000000a9411720) thrown at [./src/hotspot/share/prims/jni.cpp, line 615]
Event: 6644.219 Thread 0x000001f4d21af000 Exception <a 'sun/nio/fs/WindowsException'{0x00000000a94162f8}> (0x00000000a94162f8) thrown at [./src/hotspot/share/prims/jni.cpp, line 615]
Event: 6644.223 Thread 0x000001f4d21af000 Exception <a 'sun/nio/fs/WindowsException'{0x00000000a941b368}> (0x00000000a941b368) thrown at [./src/hotspot/share/prims/jni.cpp, line 615]
Event: 6644.246 Thread 0x000001f4d21af000 Exception <a 'sun/nio/fs/WindowsException'{0x00000000a9455498}> (0x00000000a9455498) thrown at [./src/hotspot/share/prims/jni.cpp, line 615]
Event: 6644.516 Thread 0x000001f4d21a8800 Exception <a 'java/lang/NoSuchMethodError'{0x00000000a908c398}: <clinit>> (0x00000000a908c398) thrown at [./src/hotspot/share/prims/jni.cpp, line 1362]
Event: 6646.673 Thread 0x000001f4d07fa000 Exception <a 'java/lang/NoSuchMethodError'{0x00000000ab5f8818}: <clinit>> (0x00000000ab5f8818) thrown at [./src/hotspot/share/prims/jni.cpp, line 1362]
Event: 6646.685 Thread 0x000001f4d07fa000 Exception <a 'java/lang/NoSuchMethodError'{0x00000000ab452908}: <clinit>> (0x00000000ab452908) thrown at [./src/hotspot/share/prims/jni.cpp, line 1362]
Event: 6646.689 Thread 0x000001f4d07fa000 Exception <a 'java/lang/NoSuchMethodError'{0x00000000ab476bf8}: <clinit>> (0x00000000ab476bf8) thrown at [./src/hotspot/share/prims/jni.cpp, line 1362]
Event: 6646.689 Thread 0x000001f4d07fa000 Exception <a 'java/lang/NoSuchMethodError'{0x00000000ab479fa0}: <clinit>> (0x00000000ab479fa0) thrown at [./src/hotspot/share/prims/jni.cpp, line 1362]
Event: 6646.953 Thread 0x000001f4d859a000 Exception <a 'java/lang/NoSuchMethodError'{0x00000000ab0776d0}: 'int java.lang.invoke.DirectMethodHandle$Holder.invokeSpecialIFC(java.lang.Object, java.lang.Object, java.lang.Object, java.lang.Object)'> (0x00000000ab0776d0) thrown at [./src/hotspot/share/interpreter/linkResolver.cpp, line 773]
Event: 6647.260 Thread 0x000001f4d859b000 Exception <a 'sun/nio/fs/WindowsException'{0x00000000aac88d70}> (0x00000000aac88d70) thrown at [./src/hotspot/share/prims/jni.cpp, line 615]
Event: 6647.719 Thread 0x000001f4d859b000 Exception <a 'java/lang/NoSuchMethodError'{0x00000000aa4e7358}: 'void java.lang.invoke.DirectMethodHandle$Holder.invokeStaticInit(java.lang.Object, java.lang.Object, java.lang.Object)'> (0x00000000aa4e7358) thrown at [./src/hotspot/share/interpreter/linkResolver.cpp, line 773]
Event: 6648.048 Thread 0x000001f4d859b000 Exception <a 'java/lang/NoSuchMethodError'{0x00000000a9d27528}: 'java.lang.Object java.lang.invoke.DirectMethodHandle$Holder.newInvokeSpecial(java.lang.Object, int)'> (0x00000000a9d27528) thrown at [./src/hotspot/share/interpreter/linkResolver.cpp, line 773]
Event: 6648.056 Thread 0x000001f4d859b000 Exception <a 'java/lang/NoSuchMethodError'{0x00000000a9d62a00}: 'void java.lang.invoke.DirectMethodHandle$Holder.invokeSpecial(java.lang.Object, java.lang.Object, int, java.lang.Object)'> (0x00000000a9d62a00) thrown at [./src/hotspot/share/interpreter/linkResolver.cpp, line 773]
Event: 6648.415 Thread 0x000001f4d859b000 Exception <a 'java/lang/NoSuchMethodError'{0x00000000ab5a24c8}: 'java.lang.Object java.lang.invoke.DirectMethodHandle$Holder.invokeInterface(java.lang.Object, java.lang.Object, int)'> (0x00000000ab5a24c8) thrown at [./src/hotspot/share/interpreter/linkResolver.cpp, line 773]

Events (20 events):
Event: 6648.737 loading class com/android/tools/r8/dex/o
Event: 6648.737 loading class com/android/tools/r8/dex/o done
Event: 6648.737 loading class com/android/tools/r8/graph/DexEncodedMethod
Event: 6648.737 loading class com/android/tools/r8/graph/DexEncodedMethod done
Event: 6648.738 loading class com/android/tools/r8/graph/j
Event: 6648.738 loading class com/android/tools/r8/graph/j done
Event: 6648.739 loading class com/android/tools/r8/utils/O
Event: 6648.739 loading class com/android/tools/r8/utils/O done
Event: 6648.739 loading class com/android/tools/r8/dex/d
Event: 6648.739 loading class com/android/tools/r8/dex/d done
Event: 6648.740 loading class com/android/tools/r8/graph/DexEncodedMethod
Event: 6648.740 loading class com/android/tools/r8/graph/DexEncodedMethod done
Event: 6648.740 loading class com/android/tools/r8/dex/c
Event: 6648.740 loading class com/android/tools/r8/dex/c done
Event: 6648.740 loading class com/android/tools/r8/naming/MemberNaming$MethodSignature
Event: 6648.740 loading class com/android/tools/r8/naming/MemberNaming$MethodSignature done
Event: 6648.741 loading class com/android/tools/r8/naming/MemberNaming$Signature
Event: 6648.741 loading class com/android/tools/r8/naming/MemberNaming$Signature done
Event: 6648.742 loading class com/android/tools/r8/naming/MemberNaming
Event: 6648.742 loading class com/android/tools/r8/naming/MemberNaming done


Dynamic libraries:
0x00007ff7118d0000 - 0x00007ff7118da000 	C:\Program Files\Android\Android Studio\jre\bin\java.exe
0x00007ffefa1f0000 - 0x00007ffefa3e4000 	C:\WINDOWS\SYSTEM32\ntdll.dll
0x00007ffefa010000 - 0x00007ffefa0cd000 	C:\WINDOWS\System32\KERNEL32.DLL
0x00007ffef7d00000 - 0x00007ffef7fc7000 	C:\WINDOWS\System32\KERNELBASE.dll
0x00007ffef7930000 - 0x00007ffef7a30000 	C:\WINDOWS\System32\ucrtbase.dll
0x00007ffef2890000 - 0x00007ffef28a7000 	C:\Program Files\Android\Android Studio\jre\bin\VCRUNTIME140.dll
0x00007ffef2780000 - 0x00007ffef2799000 	C:\Program Files\Android\Android Studio\jre\bin\jli.dll
0x00007ffef9350000 - 0x00007ffef94f0000 	C:\WINDOWS\System32\USER32.dll
0x00007ffef8050000 - 0x00007ffef8072000 	C:\WINDOWS\System32\win32u.dll
0x00007ffede7e0000 - 0x00007ffedea7a000 	C:\WINDOWS\WinSxS\amd64_microsoft.windows.common-controls_6595b64144ccf1df_6.0.19041.1_none_b555e41d4684ddec\COMCTL32.dll
0x00007ffefa0d0000 - 0x00007ffefa0fa000 	C:\WINDOWS\System32\GDI32.dll
0x00007ffef8330000 - 0x00007ffef83ce000 	C:\WINDOWS\System32\msvcrt.dll
0x00007ffef7a90000 - 0x00007ffef7b9a000 	C:\WINDOWS\System32\gdi32full.dll
0x00007ffef8100000 - 0x00007ffef819d000 	C:\WINDOWS\System32\msvcp_win.dll
0x00007ffef9650000 - 0x00007ffef9680000 	C:\WINDOWS\System32\IMM32.DLL
0x00007ffee78f0000 - 0x00007ffee798d000 	C:\Program Files\Android\Android Studio\jre\bin\msvcp140.dll
0x00007ffebe6e0000 - 0x00007ffebf1af000 	C:\Program Files\Android\Android Studio\jre\bin\server\jvm.dll
0x00007ffefa100000 - 0x00007ffefa1aa000 	C:\WINDOWS\System32\ADVAPI32.dll
0x00007ffef8b60000 - 0x00007ffef8bfb000 	C:\WINDOWS\System32\sechost.dll
0x00007ffef8480000 - 0x00007ffef85a3000 	C:\WINDOWS\System32\RPCRT4.dll
0x00007ffef85b0000 - 0x00007ffef85b8000 	C:\WINDOWS\System32\PSAPI.DLL
0x00007ffef26b0000 - 0x00007ffef26b9000 	C:\WINDOWS\SYSTEM32\WSOCK32.dll
0x00007ffef4190000 - 0x00007ffef41b7000 	C:\WINDOWS\SYSTEM32\WINMM.dll
0x00007ffef94f0000 - 0x00007ffef955b000 	C:\WINDOWS\System32\WS2_32.dll
0x00007ffef3470000 - 0x00007ffef347a000 	C:\WINDOWS\SYSTEM32\VERSION.dll
0x00007ffef58c0000 - 0x00007ffef58d3000 	C:\WINDOWS\SYSTEM32\kernel.appcore.dll
0x00007ffef0860000 - 0x00007ffef0871000 	C:\Program Files\Android\Android Studio\jre\bin\verify.dll
0x00007ffef1720000 - 0x00007ffef1904000 	C:\WINDOWS\SYSTEM32\DBGHELP.DLL
0x00007ffedf670000 - 0x00007ffedf69c000 	C:\WINDOWS\SYSTEM32\dbgcore.DLL
0x00007ffef7fd0000 - 0x00007ffef804f000 	C:\WINDOWS\System32\bcryptPrimitives.dll
0x00007ffed4580000 - 0x00007ffed45a9000 	C:\Program Files\Android\Android Studio\jre\bin\java.dll
0x00007ffef07d0000 - 0x00007ffef07db000 	C:\Program Files\Android\Android Studio\jre\bin\jimage.dll
0x00007ffed41e0000 - 0x00007ffed41f8000 	C:\Program Files\Android\Android Studio\jre\bin\zip.dll
0x00007ffef9760000 - 0x00007ffef9e91000 	C:\WINDOWS\System32\SHELL32.dll
0x00007ffef5ac0000 - 0x00007ffef624a000 	C:\WINDOWS\SYSTEM32\windows.storage.dll
0x00007ffef8790000 - 0x00007ffef8ae4000 	C:\WINDOWS\System32\combase.dll
0x00007ffef73b0000 - 0x00007ffef73db000 	C:\WINDOWS\SYSTEM32\Wldp.dll
0x00007ffef9ea0000 - 0x00007ffef9f4e000 	C:\WINDOWS\System32\SHCORE.dll
0x00007ffef9560000 - 0x00007ffef95b5000 	C:\WINDOWS\System32\shlwapi.dll
0x00007ffef7870000 - 0x00007ffef788f000 	C:\WINDOWS\SYSTEM32\profapi.dll
0x00007ffed41c0000 - 0x00007ffed41da000 	C:\Program Files\Android\Android Studio\jre\bin\net.dll
0x00007ffee06a0000 - 0x00007ffee07a2000 	C:\WINDOWS\SYSTEM32\WINHTTP.dll
0x00007ffef7130000 - 0x00007ffef719a000 	C:\WINDOWS\system32\mswsock.dll
0x00007ffed41a0000 - 0x00007ffed41b4000 	C:\Program Files\Android\Android Studio\jre\bin\nio.dll
0x00007ffef3590000 - 0x00007ffef35b6000 	C:\Users\HP\.gradle\wrapper\dists\gradle-2.14.1-all\native\29\windows-amd64\native-platform.dll
0x00007ffede2e0000 - 0x00007ffede2ea000 	C:\Program Files\Android\Android Studio\jre\bin\management.dll
0x00007ffed4570000 - 0x00007ffed457c000 	C:\Program Files\Android\Android Studio\jre\bin\management_ext.dll
0x00007ffef7300000 - 0x00007ffef7318000 	C:\WINDOWS\SYSTEM32\CRYPTSP.dll
0x00007ffef6a50000 - 0x00007ffef6a84000 	C:\WINDOWS\system32\rsaenh.dll
0x00007ffef80d0000 - 0x00007ffef80f7000 	C:\WINDOWS\System32\bcrypt.dll
0x00007ffef7830000 - 0x00007ffef785e000 	C:\WINDOWS\SYSTEM32\USERENV.dll
0x00007ffef7320000 - 0x00007ffef732c000 	C:\WINDOWS\SYSTEM32\CRYPTBASE.dll
0x00007ffef6dd0000 - 0x00007ffef6e0b000 	C:\WINDOWS\SYSTEM32\IPHLPAPI.DLL
0x00007ffef8af0000 - 0x00007ffef8af9000 	C:\WINDOWS\System32\NSI.dll
0x00007ffef09b0000 - 0x00007ffef09c7000 	C:\WINDOWS\SYSTEM32\dhcpcsvc6.DLL
0x00007ffef07b0000 - 0x00007ffef07cd000 	C:\WINDOWS\SYSTEM32\dhcpcsvc.DLL
0x00007ffef6e20000 - 0x00007ffef6eea000 	C:\WINDOWS\SYSTEM32\DNSAPI.dll
0x00007ffecacd0000 - 0x00007ffecacf7000 	C:\Program Files\Android\Android Studio\jre\bin\sunec.dll
0x00007ffeed8f0000 - 0x00007ffeed8fa000 	C:\Windows\System32\rasadhlp.dll
0x00007ffef37f0000 - 0x00007ffef386f000 	C:\WINDOWS\System32\fwpuclnt.dll

dbghelp: loaded successfully - version: 4.0.5 - missing functions: none
symbol engine: initialized successfully - sym options: 0x614 - pdb path: .;C:\Program Files\Android\Android Studio\jre\bin;C:\WINDOWS\SYSTEM32;C:\WINDOWS\WinSxS\amd64_microsoft.windows.common-controls_6595b64144ccf1df_6.0.19041.1_none_b555e41d4684ddec;C:\Program Files\Android\Android Studio\jre\bin\server;C:\Users\HP\.gradle\wrapper\dists\gradle-2.14.1-all\native\29\windows-amd64

VM Arguments:
jvm_args: --add-opens=java.base/java.util=ALL-UNNAMED --add-opens=java.base/java.lang=ALL-UNNAMED --add-opens=java.base/java.lang.invoke=ALL-UNNAMED --add-opens=java.prefs/java.util.prefs=ALL-UNNAMED -Xmx1536m -Dfile.encoding=windows-1252 -Duser.country=US -Duser.language=en -Duser.variant 
java_command: org.gradle.launcher.daemon.bootstrap.GradleDaemon 5.4.1
java_class_path (initial): C:\Users\HP\.gradle\wrapper\dists\gradle-2.14.1-all\wrapper\dists\gradle-5.4.1-all\3221gyojl5jsh0helicew7rwx\gradle-5.4.1\lib\gradle-launcher-5.4.1.jar
Launcher Type: SUN_STANDARD

[Global flags]
     intx CICompilerCount                          = 3                                         {product} {ergonomic}
     uint ConcGCThreads                            = 1                                         {product} {ergonomic}
     uint G1ConcRefinementThreads                  = 4                                         {product} {ergonomic}
   size_t G1HeapRegionSize                         = 1048576                                   {product} {ergonomic}
    uintx GCDrainStackTargetSize                   = 64                                        {product} {ergonomic}
   size_t InitialHeapSize                          = 134217728                                 {product} {ergonomic}
   size_t MarkStackSize                            = 4194304                                   {product} {ergonomic}
   size_t MaxHeapSize                              = 1610612736                                {product} {command line}
   size_t MaxNewSize                               = 965738496                                 {product} {ergonomic}
   size_t MinHeapDeltaBytes                        = 1048576                                   {product} {ergonomic}
    uintx NonNMethodCodeHeapSize                   = 5830732                                {pd product} {ergonomic}
    uintx NonProfiledCodeHeapSize                  = 122913754                              {pd product} {ergonomic}
    uintx ProfiledCodeHeapSize                     = 122913754                              {pd product} {ergonomic}
    uintx ReservedCodeCacheSize                    = 251658240                              {pd product} {ergonomic}
     bool SegmentedCodeCache                       = true                                      {product} {ergonomic}
     bool UseCompressedClassPointers               = true                                 {lp64_product} {ergonomic}
     bool UseCompressedOops                        = true                                 {lp64_product} {ergonomic}
     bool UseG1GC                                  = true                                      {product} {ergonomic}
     bool UseLargePagesIndividualAllocation        = false                                  {pd product} {ergonomic}

Logging:
Log output configuration:
 #0: stdout all=warning uptime,level,tags
 #1: stderr all=off uptime,level,tags

Environment Variables:
PATH=C:\WINDOWS\system32;C:\WINDOWS;C:\WINDOWS\System32\Wbem;C:\WINDOWS\System32\WindowsPowerShell\v1.0\;C:\WINDOWS\System32\OpenSSH\;E:\New folder\;C:\Users\HP\AppData\Local\Microsoft\WindowsApps;E:\VS Code\Microsoft VS Code\bin;C:\Users\HP\AppData\Roaming\npm;C:\Users\HP\AppData\Local\GitHubDesktop\bin;C:\Users\HP\Flutter\flutter\bin;
USERNAME=HP
OS=Windows_NT
PROCESSOR_IDENTIFIER=Intel64 Family 6 Model 142 Stepping 9, GenuineIntel



---------------  S Y S T E M  ---------------

OS: Windows 10 , 64 bit Build 19041 (10.0.19041.1)
OS uptime: 0 days 2:05 hours

CPU:total 4 (initial active 4) (2 cores per cpu, 2 threads per core) family 6 model 142 stepping 9 microcode 0xb4, cmov, cx8, fxsr, mmx, sse, sse2, sse3, ssse3, sse4.1, sse4.2, popcnt, avx, avx2, aes, clmul, erms, 3dnowpref, lzcnt, ht, tsc, tscinvbit, bmi1, bmi2, adx, fma

Memory: 4k page, system-wide physical 8075M (2820M free)
TotalPageFile size 9355M (AvailPageFile size 3415M)
current process WorkingSet (physical memory assigned to process): 453M, peak: 463M
current process commit charge ("private bytes"): 527M, peak: 527M

vm_info: OpenJDK 64-Bit Server VM (11.0.10+0-b96-7249189) for windows-amd64 JRE (11.0.10+0-b96-7249189), built on Mar 31 2021 21:44:00 by "builder" with MS VC++ 14.0 (VS2015)

END.
