#
# A fatal error has been detected by the Java Runtime Environment:
#
#  EXCEPTION_ACCESS_VIOLATION (0xc0000005) at pc=0x0000000000000250, pid=9948, tid=832
#
# JRE version: OpenJDK Runtime Environment (11.0.10) (build 11.0.10+0-b96-7249189)
# Java VM: OpenJDK 64-Bit Server VM (11.0.10+0-b96-7249189, mixed mode, tiered, compressed oops, g1 gc, windows-amd64)
# Problematic frame:
# C  0x0000000000000250
#
# No core dump will be written. Minidumps are not enabled by default on client versions of Windows
#
# If you would like to submit a bug report, please visit:
#   https://bugreport.java.com/bugreport/crash.jsp
#

---------------  S U M M A R Y ------------

Command Line: --add-opens=java.base/java.util=ALL-UNNAMED --add-opens=java.base/java.lang=ALL-UNNAMED --add-opens=java.base/java.lang.invoke=ALL-UNNAMED --add-opens=java.base/java.util=ALL-UNNAMED --add-opens=java.prefs/java.util.prefs=ALL-UNNAMED --add-opens=java.prefs/java.util.prefs=ALL-UNNAMED --add-opens=java.base/java.nio.charset=ALL-UNNAMED --add-opens=java.base/java.net=ALL-UNNAMED --add-opens=java.base/java.util.concurrent.atomic=ALL-UNNAMED -Xmx1536m -Dfile.encoding=windows-1252 -Duser.country=US -Duser.language=en -Duser.variant org.gradle.launcher.daemon.bootstrap.GradleDaemon 7.0.2

Host: Intel(R) Core(TM) i3-7020U CPU @ 2.30GHz, 4 cores, 7G,  Windows 10 , 64 bit Build 19041 (10.0.19041.1)
Time: Tue Sep 28 19:07:51 2021 India Standard Time elapsed time: 41.763231 seconds (0d 0h 0m 41s)

---------------  T H R E A D  ---------------

Current thread (0x000002103955b800):  JavaThread "C2 CompilerThread0" daemon [_thread_in_native, id=832, stack(0x0000006363e00000,0x0000006363f00000)]


Current CompileTask:
C2:  41763 13414       4       com.android.tools.r8.ir.regalloc.a::a (1824 bytes)

Stack: [0x0000006363e00000,0x0000006363f00000],  sp=0x0000006363efb798,  free space=1005k
Native frames: (J=compiled Java code, j=interpreted, Vv=VM code, C=native code)
C  0x0000000000000250


siginfo: EXCEPTION_ACCESS_VIOLATION (0xc0000005), data execution prevention violation at address 0x0000000000000250


Register to memory mapping:

RIP=0x0000000000000250 is an unknown value
RAX=0x000002103a575678 points into unknown readable memory: 0x000002580000024e | 4e 02 00 00 58 02 00 00
RBX=0x000002103ddf3100 points into unknown readable memory: 0x000002103a575678 | 78 56 57 3a 10 02 00 00
RCX=0x000002103ddf3100 points into unknown readable memory: 0x000002103a575678 | 78 56 57 3a 10 02 00 00
RDX=0x000002103ddf3100 points into unknown readable memory: 0x000002103a575678 | 78 56 57 3a 10 02 00 00
RSP=0x0000006363efb798 is pointing into the stack for thread: 0x000002103955b800
RBP=0x0000000000000145 is an unknown value
RSI=0x0000006363efc430 is pointing into the stack for thread: 0x000002103955b800
RDI=0x0000006363efcdb8 is pointing into the stack for thread: 0x000002103955b800
R8 =0x0000000000a87400 is an unknown value
R9 =0x0000000000000001 is an unknown value
R10=0x000002103d59f428 points into unknown readable memory: 0x0000000000000000 | 00 00 00 00 00 00 00 00
R11=0x000002103d84bbf0 points into unknown readable memory: 0x00007ffbb7a83ea0 | a0 3e a8 b7 fb 7f 00 00
R12=0x0 is NULL
R13=0x0000021039550a68 points into unknown readable memory: 0x000002103955b800 | 00 b8 55 39 10 02 00 00
R14=0x000002103a247d58 points into unknown readable memory: 0x00007ffbb7afaad8 | d8 aa af b7 fb 7f 00 00
R15=0x00000000000028f9 is an unknown value


Registers:
RAX=0x000002103a575678, RBX=0x000002103ddf3100, RCX=0x000002103ddf3100, RDX=0x000002103ddf3100
RSP=0x0000006363efb798, RBP=0x0000000000000145, RSI=0x0000006363efc430, RDI=0x0000006363efcdb8
R8 =0x0000000000a87400, R9 =0x0000000000000001, R10=0x000002103d59f428, R11=0x000002103d84bbf0
R12=0x0000000000000000, R13=0x0000021039550a68, R14=0x000002103a247d58, R15=0x00000000000028f9
RIP=0x0000000000000250, EFLAGS=0x0000000000010206

Top of Stack: (sp=0x0000006363efb798)
0x0000006363efb798:   00007ffbb78b90c9 00000000000028f7
0x0000006363efb7a8:   00000210469ae680 0000021039550a68
0x0000006363efb7b8:   000002103d84b7b0 0000006363efc430
0x0000006363efb7c8:   00007ffbb78ba8d4 000002103ddf3100
0x0000006363efb7d8:   000002103d84bb80 0000000000000143
0x0000006363efb7e8:   0000006363efc430 00000000000028f9
0x0000006363efb7f8:   0000006363efc430 000002103ddf3100
0x0000006363efb808:   00007ffbb78b972d 0000000000000145
0x0000006363efb818:   000002103c2e07b0 0000006363efce08
0x0000006363efb828:   0000021039552cf0 00000210410def60
0x0000006363efb838:   0000021039552cf0 0000000000000000
0x0000006363efb848:   00007ffbb749ca01 00007ffbb7aacad8
0x0000006363efb858:   0000006363efb950 0000006363efe570
0x0000006363efb868:   00007ffbb7aacdc0 0000000000000000
0x0000006363efb878:   00007ffbb7957330 0000006363ef0000
0x0000006363efb888:   0000000000000000 0000021042bc6100 

Instructions: (pc=0x0000000000000250)
0x0000000000000150:   ?? ?? ?? ?? ?? ?? ?? ?? ?? ?? ?? ?? ?? ?? ?? ??
0x0000000000000160:   ?? ?? ?? ?? ?? ?? ?? ?? ?? ?? ?? ?? ?? ?? ?? ??
0x0000000000000170:   ?? ?? ?? ?? ?? ?? ?? ?? ?? ?? ?? ?? ?? ?? ?? ??
0x0000000000000180:   ?? ?? ?? ?? ?? ?? ?? ?? ?? ?? ?? ?? ?? ?? ?? ??
0x0000000000000190:   ?? ?? ?? ?? ?? ?? ?? ?? ?? ?? ?? ?? ?? ?? ?? ??
0x00000000000001a0:   ?? ?? ?? ?? ?? ?? ?? ?? ?? ?? ?? ?? ?? ?? ?? ??
0x00000000000001b0:   ?? ?? ?? ?? ?? ?? ?? ?? ?? ?? ?? ?? ?? ?? ?? ??
0x00000000000001c0:   ?? ?? ?? ?? ?? ?? ?? ?? ?? ?? ?? ?? ?? ?? ?? ??
0x00000000000001d0:   ?? ?? ?? ?? ?? ?? ?? ?? ?? ?? ?? ?? ?? ?? ?? ??
0x00000000000001e0:   ?? ?? ?? ?? ?? ?? ?? ?? ?? ?? ?? ?? ?? ?? ?? ??
0x00000000000001f0:   ?? ?? ?? ?? ?? ?? ?? ?? ?? ?? ?? ?? ?? ?? ?? ??
0x0000000000000200:   ?? ?? ?? ?? ?? ?? ?? ?? ?? ?? ?? ?? ?? ?? ?? ??
0x0000000000000210:   ?? ?? ?? ?? ?? ?? ?? ?? ?? ?? ?? ?? ?? ?? ?? ??
0x0000000000000220:   ?? ?? ?? ?? ?? ?? ?? ?? ?? ?? ?? ?? ?? ?? ?? ??
0x0000000000000230:   ?? ?? ?? ?? ?? ?? ?? ?? ?? ?? ?? ?? ?? ?? ?? ??
0x0000000000000240:   ?? ?? ?? ?? ?? ?? ?? ?? ?? ?? ?? ?? ?? ?? ?? ??
0x0000000000000250:   ?? ?? ?? ?? ?? ?? ?? ?? ?? ?? ?? ?? ?? ?? ?? ??
0x0000000000000260:   ?? ?? ?? ?? ?? ?? ?? ?? ?? ?? ?? ?? ?? ?? ?? ??
0x0000000000000270:   ?? ?? ?? ?? ?? ?? ?? ?? ?? ?? ?? ?? ?? ?? ?? ??
0x0000000000000280:   ?? ?? ?? ?? ?? ?? ?? ?? ?? ?? ?? ?? ?? ?? ?? ??
0x0000000000000290:   ?? ?? ?? ?? ?? ?? ?? ?? ?? ?? ?? ?? ?? ?? ?? ??
0x00000000000002a0:   ?? ?? ?? ?? ?? ?? ?? ?? ?? ?? ?? ?? ?? ?? ?? ??
0x00000000000002b0:   ?? ?? ?? ?? ?? ?? ?? ?? ?? ?? ?? ?? ?? ?? ?? ??
0x00000000000002c0:   ?? ?? ?? ?? ?? ?? ?? ?? ?? ?? ?? ?? ?? ?? ?? ??
0x00000000000002d0:   ?? ?? ?? ?? ?? ?? ?? ?? ?? ?? ?? ?? ?? ?? ?? ??
0x00000000000002e0:   ?? ?? ?? ?? ?? ?? ?? ?? ?? ?? ?? ?? ?? ?? ?? ??
0x00000000000002f0:   ?? ?? ?? ?? ?? ?? ?? ?? ?? ?? ?? ?? ?? ?? ?? ??
0x0000000000000300:   ?? ?? ?? ?? ?? ?? ?? ?? ?? ?? ?? ?? ?? ?? ?? ??
0x0000000000000310:   ?? ?? ?? ?? ?? ?? ?? ?? ?? ?? ?? ?? ?? ?? ?? ??
0x0000000000000320:   ?? ?? ?? ?? ?? ?? ?? ?? ?? ?? ?? ?? ?? ?? ?? ??
0x0000000000000330:   ?? ?? ?? ?? ?? ?? ?? ?? ?? ?? ?? ?? ?? ?? ?? ??
0x0000000000000340:   ?? ?? ?? ?? ?? ?? ?? ?? ?? ?? ?? ?? ?? ?? ?? ?? 


Stack slot to memory mapping:
stack at sp + 0 slots: 0x00007ffbb78b90c9 jvm.dll
stack at sp + 1 slots: 0x00000000000028f7 is an unknown value
stack at sp + 2 slots: 0x00000210469ae680 points into unknown readable memory: 0x00007ffbb7a83ea0 | a0 3e a8 b7 fb 7f 00 00
stack at sp + 3 slots: 0x0000021039550a68 points into unknown readable memory: 0x000002103955b800 | 00 b8 55 39 10 02 00 00
stack at sp + 4 slots: 0x000002103d84b7b0 points into unknown readable memory: 0x00007ffbb7a83ea0 | a0 3e a8 b7 fb 7f 00 00
stack at sp + 5 slots: 0x0000006363efc430 is pointing into the stack for thread: 0x000002103955b800
stack at sp + 6 slots: 0x00007ffbb78ba8d4 jvm.dll
stack at sp + 7 slots: 0x000002103ddf3100 points into unknown readable memory: 0x000002103a575678 | 78 56 57 3a 10 02 00 00


---------------  P R O C E S S  ---------------

Threads class SMR info:
_java_thread_list=0x0000021042d9f7c0, length=48, elements={
0x0000021020c6c800, 0x0000021039538800, 0x0000021039539800, 0x0000021039554000,
0x0000021039556800, 0x0000021039558800, 0x000002103955b800, 0x0000021039f0e800,
0x0000021039f24000, 0x000002103a010000, 0x000002103c728800, 0x000002103bf89800,
0x000002103c132800, 0x000002103bdfd000, 0x000002103b41e800, 0x000002103b85a800,
0x000002103a2a9000, 0x000002103c459800, 0x000002103a3ac000, 0x000002103b331800,
0x000002103bdeb000, 0x000002103bdec800, 0x000002103bdf0000, 0x000002103bded800,
0x000002103bdef000, 0x000002103bdf0800, 0x000002103bdf1800, 0x000002103bdec000,
0x000002103bdee000, 0x000002103c101000, 0x000002103c104800, 0x000002103c0ff800,
0x000002103c103000, 0x000002103c103800, 0x000002103c108800, 0x000002103c109800,
0x000002103c107800, 0x000002103c10b000, 0x000002103c106000, 0x000002103c10c800,
0x000002103c10a000, 0x000002103c107000, 0x000002103c10d800, 0x0000021042d90800,
0x0000021042d8d800, 0x0000021042d8f800, 0x0000021042d94000, 0x0000021042d8f000
}

Java Threads: ( => current thread )
  0x0000021020c6c800 JavaThread "main" [_thread_blocked, id=8220, stack(0x0000006363200000,0x0000006363300000)]
  0x0000021039538800 JavaThread "Reference Handler" daemon [_thread_blocked, id=2752, stack(0x0000006363900000,0x0000006363a00000)]
  0x0000021039539800 JavaThread "Finalizer" daemon [_thread_blocked, id=2868, stack(0x0000006363a00000,0x0000006363b00000)]
  0x0000021039554000 JavaThread "Signal Dispatcher" daemon [_thread_blocked, id=1988, stack(0x0000006363b00000,0x0000006363c00000)]
  0x0000021039556800 JavaThread "Attach Listener" daemon [_thread_blocked, id=7876, stack(0x0000006363c00000,0x0000006363d00000)]
  0x0000021039558800 JavaThread "Service Thread" daemon [_thread_blocked, id=9976, stack(0x0000006363d00000,0x0000006363e00000)]
=>0x000002103955b800 JavaThread "C2 CompilerThread0" daemon [_thread_in_native, id=832, stack(0x0000006363e00000,0x0000006363f00000)]
  0x0000021039f0e800 JavaThread "C1 CompilerThread0" daemon [_thread_blocked, id=1816, stack(0x0000006363f00000,0x0000006364000000)]
  0x0000021039f24000 JavaThread "Sweeper thread" daemon [_thread_blocked, id=7264, stack(0x0000006364000000,0x0000006364100000)]
  0x000002103a010000 JavaThread "Common-Cleaner" daemon [_thread_blocked, id=5692, stack(0x0000006364100000,0x0000006364200000)]
  0x000002103c728800 JavaThread "Daemon health stats" [_thread_blocked, id=2380, stack(0x0000006364600000,0x0000006364700000)]
  0x000002103bf89800 JavaThread "Incoming local TCP Connector on port 51659" [_thread_in_native, id=8440, stack(0x0000006364300000,0x0000006364400000)]
  0x000002103c132800 JavaThread "C2 CompilerThread1" daemon [_thread_in_native, id=364, stack(0x0000006364700000,0x0000006364800000)]
  0x000002103bdfd000 JavaThread "Daemon periodic checks" [_thread_blocked, id=4992, stack(0x0000006364800000,0x0000006364900000)]
  0x000002103b41e800 JavaThread "Daemon" [_thread_blocked, id=8252, stack(0x0000006364900000,0x0000006364a00000)]
  0x000002103b85a800 JavaThread "Handler for socket connection from /127.0.0.1:51659 to /127.0.0.1:51660" [_thread_in_native, id=1592, stack(0x0000006364a00000,0x0000006364b00000)]
  0x000002103a2a9000 JavaThread "Cancel handler" [_thread_blocked, id=2080, stack(0x0000006364c00000,0x0000006364d00000)]
  0x000002103c459800 JavaThread "Daemon worker" [_thread_blocked, id=9740, stack(0x0000006364d00000,0x0000006364e00000)]
  0x000002103a3ac000 JavaThread "Asynchronous log dispatcher for DefaultDaemonConnection: socket connection from /127.0.0.1:51659 to /127.0.0.1:51660" [_thread_blocked, id=4688, stack(0x0000006364e00000,0x0000006364f00000)]
  0x000002103b331800 JavaThread "Stdin handler" [_thread_blocked, id=5316, stack(0x0000006364f00000,0x0000006365000000)]
  0x000002103bdeb000 JavaThread "Daemon client event forwarder" [_thread_blocked, id=7204, stack(0x0000006365000000,0x0000006365100000)]
  0x000002103bdec800 JavaThread "Cache worker for file hash cache (C:\Users\HP\.gradle\wrapper\dists\gradle-2.14.1-all\caches\7.0.2\fileHashes)" [_thread_blocked, id=10308, stack(0x0000006365100000,0x0000006365200000)]
  0x000002103bdf0000 JavaThread "File lock request listener" [_thread_in_native, id=9760, stack(0x0000006365200000,0x0000006365300000)]
  0x000002103bded800 JavaThread "Cache worker for journal cache (C:\Users\HP\.gradle\wrapper\dists\gradle-2.14.1-all\caches\journal-1)" [_thread_blocked, id=9876, stack(0x0000006365300000,0x0000006365400000)]
  0x000002103bdef000 JavaThread "Cache worker for file hash cache (C:\Users\HP\AndroidStudioProjects\QuizzerExtended\Quizzer\.gradle\7.0.2\fileHashes)" [_thread_blocked, id=10848, stack(0x0000006365400000,0x0000006365500000)]
  0x000002103bdf0800 JavaThread "File watcher server" daemon [_thread_in_native, id=11228, stack(0x0000006365500000,0x0000006365600000)]
  0x000002103bdf1800 JavaThread "File watcher consumer" daemon [_thread_blocked, id=5108, stack(0x0000006365600000,0x0000006365700000)]
  0x000002103bdec000 JavaThread "Cache worker for checksums cache (C:\Users\HP\AndroidStudioProjects\QuizzerExtended\Quizzer\.gradle\checksums)" [_thread_blocked, id=9516, stack(0x0000006365700000,0x0000006365800000)]
  0x000002103bdee000 JavaThread "Cache worker for cache directory md-supplier (C:\Users\HP\.gradle\wrapper\dists\gradle-2.14.1-all\caches\7.0.2\md-supplier)" [_thread_blocked, id=4500, stack(0x0000006365800000,0x0000006365900000)]
  0x000002103c101000 JavaThread "Cache worker for cache directory md-rule (C:\Users\HP\.gradle\wrapper\dists\gradle-2.14.1-all\caches\7.0.2\md-rule)" [_thread_blocked, id=1504, stack(0x0000006365900000,0x0000006365a00000)]
  0x000002103c104800 JavaThread "Cache worker for execution history cache (C:\Users\HP\.gradle\wrapper\dists\gradle-2.14.1-all\caches\7.0.2\executionHistory)" [_thread_blocked, id=10220, stack(0x0000006365a00000,0x0000006365b00000)]
  0x000002103c0ff800 JavaThread "jar transforms" [_thread_blocked, id=1992, stack(0x0000006365b00000,0x0000006365c00000)]
  0x000002103c103000 JavaThread "jar transforms Thread 2" [_thread_blocked, id=1932, stack(0x0000006365c00000,0x0000006365d00000)]
  0x000002103c103800 JavaThread "Cache worker for file content cache (C:\Users\HP\.gradle\wrapper\dists\gradle-2.14.1-all\caches\7.0.2\fileContent)" [_thread_blocked, id=5004, stack(0x0000006365d00000,0x0000006365e00000)]
  0x000002103c108800 JavaThread "Cache worker for dependencies-accessors (C:\Users\HP\AndroidStudioProjects\QuizzerExtended\Quizzer\.gradle\7.0.2\dependencies-accessors)" [_thread_blocked, id=2276, stack(0x0000006365e00000,0x0000006365f00000)]
  0x000002103c109800 JavaThread "jar transforms Thread 3" [_thread_blocked, id=6536, stack(0x0000006365f00000,0x0000006366000000)]
  0x000002103c107800 JavaThread "Cache worker for Build Output Cleanup Cache (C:\Users\HP\AndroidStudioProjects\QuizzerExtended\Quizzer\.gradle\buildOutputCleanup)" [_thread_blocked, id=7200, stack(0x0000006366000000,0x0000006366100000)]
  0x000002103c10b000 JavaThread "Build operations" [_thread_blocked, id=9224, stack(0x0000006366100000,0x0000006366200000)]
  0x000002103c106000 JavaThread "Build operations Thread 2" [_thread_blocked, id=9860, stack(0x0000006366200000,0x0000006366300000)]
  0x000002103c10c800 JavaThread "Build operations Thread 3" [_thread_blocked, id=6184, stack(0x0000006366300000,0x0000006366400000)]
  0x000002103c10a000 JavaThread "Build operations Thread 4" [_thread_blocked, id=10016, stack(0x0000006366400000,0x0000006366500000)]
  0x000002103c107000 JavaThread "jar transforms Thread 4" [_thread_blocked, id=7940, stack(0x0000006366500000,0x0000006366600000)]
  0x000002103c10d800 JavaThread "Memory manager" [_thread_blocked, id=8940, stack(0x0000006366600000,0x0000006366700000)]
  0x0000021042d90800 JavaThread "build event listener" [_thread_blocked, id=8348, stack(0x0000006366700000,0x0000006366800000)]
  0x0000021042d8d800 JavaThread "Execution worker for ':'" [_thread_blocked, id=3764, stack(0x0000006366800000,0x0000006366900000)]
  0x0000021042d8f800 JavaThread "Execution worker for ':' Thread 2" [_thread_blocked, id=4676, stack(0x0000006366900000,0x0000006366a00000)]
  0x0000021042d94000 JavaThread "Execution worker for ':' Thread 3" [_thread_in_Java, id=8672, stack(0x0000006366a00000,0x0000006366b00000)]
  0x0000021042d8f000 JavaThread "Cache worker for execution history cache (C:\Users\HP\AndroidStudioProjects\QuizzerExtended\Quizzer\.gradle\7.0.2\executionHistory)" [_thread_blocked, id=2760, stack(0x0000006366b00000,0x0000006366c00000)]

Other Threads:
  0x0000021039511800 VMThread "VM Thread" [stack: 0x0000006363800000,0x0000006363900000] [id=7652]
  0x000002103a059000 WatcherThread [stack: 0x0000006364200000,0x0000006364300000] [id=5624]
  0x0000021020c81000 GCTaskThread "GC Thread#0" [stack: 0x0000006363300000,0x0000006363400000] [id=11248]
  0x000002103a555800 GCTaskThread "GC Thread#1" [stack: 0x0000006364400000,0x0000006364500000] [id=2136]
  0x000002103a2c8000 GCTaskThread "GC Thread#2" [stack: 0x0000006364500000,0x0000006364600000] [id=6764]
  0x000002103b41f000 GCTaskThread "GC Thread#3" [stack: 0x0000006364b00000,0x0000006364c00000] [id=9620]
  0x0000021020ca7800 ConcurrentGCThread "G1 Main Marker" [stack: 0x0000006363400000,0x0000006363500000] [id=10264]
  0x0000021020ca9800 ConcurrentGCThread "G1 Conc#0" [stack: 0x0000006363500000,0x0000006363600000] [id=10028]
  0x0000021020d3d000 ConcurrentGCThread "G1 Refine#0" [stack: 0x0000006363600000,0x0000006363700000] [id=1364]
  0x0000021020d3e000 ConcurrentGCThread "G1 Young RemSet Sampling" [stack: 0x0000006363700000,0x0000006363800000] [id=10816]

Threads with active compile tasks:
C2 CompilerThread0  41900 13414       4       com.android.tools.r8.ir.regalloc.a::a (1824 bytes)
C2 CompilerThread1  41900 13514       4       com.android.tools.r8.internal.Me::b (165 bytes)

VM state:not at safepoint (normal execution)

VM Mutex/Monitor currently owned by a thread: None

Heap address: 0x00000000a0000000, size: 1536 MB, Compressed Oops mode: 32-bit
Narrow klass base: 0x0000000000000000, Narrow klass shift: 3
Compressed class space size: 1073741824 Address: 0x0000000100000000

Heap:
 garbage-first heap   total 274432K, used 196853K [0x00000000a0000000, 0x0000000100000000)
  region size 1024K, 58 young (59392K), 8 survivors (8192K)
 Metaspace       used 91409K, capacity 93875K, committed 94200K, reserved 1130496K
  class space    used 11844K, capacity 12769K, committed 12876K, reserved 1048576K
Heap Regions: E=young(eden), S=young(survivor), O=old, HS=humongous(starts), HC=humongous(continues), CS=collection set, F=free, A=archive, TAMS=top-at-mark-start (previous, next)
|   0|0x00000000a0000000, 0x00000000a0100000, 0x00000000a0100000|100%|HS|  |TAMS 0x00000000a0100000, 0x00000000a0100000| Complete 
|   1|0x00000000a0100000, 0x00000000a0200000, 0x00000000a0200000|100%|HC|  |TAMS 0x00000000a0200000, 0x00000000a0200000| Complete 
|   2|0x00000000a0200000, 0x00000000a0300000, 0x00000000a0300000|100%|HC|  |TAMS 0x00000000a0300000, 0x00000000a0300000| Complete 
|   3|0x00000000a0300000, 0x00000000a0400000, 0x00000000a0400000|100%| O|  |TAMS 0x00000000a0400000, 0x00000000a0400000| Untracked 
|   4|0x00000000a0400000, 0x00000000a0500000, 0x00000000a0500000|100%| O|  |TAMS 0x00000000a0500000, 0x00000000a0500000| Untracked 
|   5|0x00000000a0500000, 0x00000000a0600000, 0x00000000a0600000|100%| O|  |TAMS 0x00000000a0600000, 0x00000000a0600000| Untracked 
|   6|0x00000000a0600000, 0x00000000a0700000, 0x00000000a0700000|100%| O|  |TAMS 0x00000000a0700000, 0x00000000a0700000| Untracked 
|   7|0x00000000a0700000, 0x00000000a0800000, 0x00000000a0800000|100%| O|  |TAMS 0x00000000a0800000, 0x00000000a0800000| Untracked 
|   8|0x00000000a0800000, 0x00000000a0900000, 0x00000000a0900000|100%| O|  |TAMS 0x00000000a0900000, 0x00000000a0900000| Untracked 
|   9|0x00000000a0900000, 0x00000000a0a00000, 0x00000000a0a00000|100%| O|  |TAMS 0x00000000a0a00000, 0x00000000a0a00000| Untracked 
|  10|0x00000000a0a00000, 0x00000000a0b00000, 0x00000000a0b00000|100%| O|  |TAMS 0x00000000a0b00000, 0x00000000a0b00000| Untracked 
|  11|0x00000000a0b00000, 0x00000000a0c00000, 0x00000000a0c00000|100%| O|  |TAMS 0x00000000a0c00000, 0x00000000a0c00000| Untracked 
|  12|0x00000000a0c00000, 0x00000000a0d00000, 0x00000000a0d00000|100%| O|  |TAMS 0x00000000a0d00000, 0x00000000a0d00000| Untracked 
|  13|0x00000000a0d00000, 0x00000000a0e00000, 0x00000000a0e00000|100%| O|  |TAMS 0x00000000a0e00000, 0x00000000a0e00000| Untracked 
|  14|0x00000000a0e00000, 0x00000000a0f00000, 0x00000000a0f00000|100%| O|  |TAMS 0x00000000a0f00000, 0x00000000a0f00000| Untracked 
|  15|0x00000000a0f00000, 0x00000000a1000000, 0x00000000a1000000|100%| O|  |TAMS 0x00000000a1000000, 0x00000000a1000000| Untracked 
|  16|0x00000000a1000000, 0x00000000a1100000, 0x00000000a1100000|100%|HS|  |TAMS 0x00000000a1100000, 0x00000000a1100000| Complete 
|  17|0x00000000a1100000, 0x00000000a1200000, 0x00000000a1200000|100%| O|  |TAMS 0x00000000a1200000, 0x00000000a1200000| Untracked 
|  18|0x00000000a1200000, 0x00000000a1300000, 0x00000000a1300000|100%| O|  |TAMS 0x00000000a1300000, 0x00000000a1300000| Untracked 
|  19|0x00000000a1300000, 0x00000000a1400000, 0x00000000a1400000|100%| O|  |TAMS 0x00000000a1400000, 0x00000000a1400000| Untracked 
|  20|0x00000000a1400000, 0x00000000a1500000, 0x00000000a1500000|100%| O|  |TAMS 0x00000000a1500000, 0x00000000a1500000| Untracked 
|  21|0x00000000a1500000, 0x00000000a1600000, 0x00000000a1600000|100%| O|  |TAMS 0x00000000a1600000, 0x00000000a1600000| Untracked 
|  22|0x00000000a1600000, 0x00000000a1700000, 0x00000000a1700000|100%| O|  |TAMS 0x00000000a1700000, 0x00000000a1700000| Untracked 
|  23|0x00000000a1700000, 0x00000000a1800000, 0x00000000a1800000|100%|HS|  |TAMS 0x00000000a1800000, 0x00000000a1800000| Complete 
|  24|0x00000000a1800000, 0x00000000a1900000, 0x00000000a1900000|100%|HS|  |TAMS 0x00000000a1900000, 0x00000000a1900000| Complete 
|  25|0x00000000a1900000, 0x00000000a1a00000, 0x00000000a1a00000|100%|HC|  |TAMS 0x00000000a1a00000, 0x00000000a1a00000| Complete 
|  26|0x00000000a1a00000, 0x00000000a1b00000, 0x00000000a1b00000|100%| O|  |TAMS 0x00000000a1b00000, 0x00000000a1b00000| Untracked 
|  27|0x00000000a1b00000, 0x00000000a1c00000, 0x00000000a1c00000|100%| O|  |TAMS 0x00000000a1c00000, 0x00000000a1c00000| Untracked 
|  28|0x00000000a1c00000, 0x00000000a1d00000, 0x00000000a1d00000|100%| O|  |TAMS 0x00000000a1d00000, 0x00000000a1d00000| Untracked 
|  29|0x00000000a1d00000, 0x00000000a1e00000, 0x00000000a1e00000|100%| O|  |TAMS 0x00000000a1e00000, 0x00000000a1e00000| Untracked 
|  30|0x00000000a1e00000, 0x00000000a1f00000, 0x00000000a1f00000|100%| O|  |TAMS 0x00000000a1f00000, 0x00000000a1f00000| Untracked 
|  31|0x00000000a1f00000, 0x00000000a2000000, 0x00000000a2000000|100%| O|  |TAMS 0x00000000a2000000, 0x00000000a2000000| Untracked 
|  32|0x00000000a2000000, 0x00000000a2100000, 0x00000000a2100000|100%| O|  |TAMS 0x00000000a2100000, 0x00000000a2100000| Untracked 
|  33|0x00000000a2100000, 0x00000000a2200000, 0x00000000a2200000|100%| O|  |TAMS 0x00000000a2200000, 0x00000000a2200000| Untracked 
|  34|0x00000000a2200000, 0x00000000a2300000, 0x00000000a2300000|100%| O|  |TAMS 0x00000000a2300000, 0x00000000a2300000| Untracked 
|  35|0x00000000a2300000, 0x00000000a2400000, 0x00000000a2400000|100%| O|  |TAMS 0x00000000a2400000, 0x00000000a2400000| Untracked 
|  36|0x00000000a2400000, 0x00000000a2500000, 0x00000000a2500000|100%| O|  |TAMS 0x00000000a2500000, 0x00000000a2500000| Untracked 
|  37|0x00000000a2500000, 0x00000000a2600000, 0x00000000a2600000|100%| O|  |TAMS 0x00000000a2600000, 0x00000000a2600000| Untracked 
|  38|0x00000000a2600000, 0x00000000a2700000, 0x00000000a2700000|100%| O|  |TAMS 0x00000000a2700000, 0x00000000a2700000| Untracked 
|  39|0x00000000a2700000, 0x00000000a2800000, 0x00000000a2800000|100%| O|  |TAMS 0x00000000a2800000, 0x00000000a2800000| Untracked 
|  40|0x00000000a2800000, 0x00000000a2900000, 0x00000000a2900000|100%| O|  |TAMS 0x00000000a2900000, 0x00000000a2900000| Untracked 
|  41|0x00000000a2900000, 0x00000000a2a00000, 0x00000000a2a00000|100%| O|  |TAMS 0x00000000a2a00000, 0x00000000a2a00000| Untracked 
|  42|0x00000000a2a00000, 0x00000000a2b00000, 0x00000000a2b00000|100%| O|  |TAMS 0x00000000a2b00000, 0x00000000a2b00000| Untracked 
|  43|0x00000000a2b00000, 0x00000000a2c00000, 0x00000000a2c00000|100%| O|  |TAMS 0x00000000a2c00000, 0x00000000a2c00000| Untracked 
|  44|0x00000000a2c00000, 0x00000000a2d00000, 0x00000000a2d00000|100%| O|  |TAMS 0x00000000a2d00000, 0x00000000a2d00000| Untracked 
|  45|0x00000000a2d00000, 0x00000000a2e00000, 0x00000000a2e00000|100%| O|  |TAMS 0x00000000a2e00000, 0x00000000a2e00000| Untracked 
|  46|0x00000000a2e00000, 0x00000000a2f00000, 0x00000000a2f00000|100%| O|  |TAMS 0x00000000a2f00000, 0x00000000a2f00000| Untracked 
|  47|0x00000000a2f00000, 0x00000000a3000000, 0x00000000a3000000|100%| O|  |TAMS 0x00000000a3000000, 0x00000000a3000000| Untracked 
|  48|0x00000000a3000000, 0x00000000a3100000, 0x00000000a3100000|100%| O|  |TAMS 0x00000000a3100000, 0x00000000a3100000| Untracked 
|  49|0x00000000a3100000, 0x00000000a3200000, 0x00000000a3200000|100%| O|  |TAMS 0x00000000a3200000, 0x00000000a3200000| Untracked 
|  50|0x00000000a3200000, 0x00000000a3300000, 0x00000000a3300000|100%| O|  |TAMS 0x00000000a3300000, 0x00000000a3300000| Untracked 
|  51|0x00000000a3300000, 0x00000000a3400000, 0x00000000a3400000|100%| O|  |TAMS 0x00000000a3400000, 0x00000000a3400000| Untracked 
|  52|0x00000000a3400000, 0x00000000a3500000, 0x00000000a3500000|100%| O|  |TAMS 0x00000000a3500000, 0x00000000a3500000| Untracked 
|  53|0x00000000a3500000, 0x00000000a3600000, 0x00000000a3600000|100%| O|  |TAMS 0x00000000a3600000, 0x00000000a3600000| Untracked 
|  54|0x00000000a3600000, 0x00000000a3700000, 0x00000000a3700000|100%| O|  |TAMS 0x00000000a3700000, 0x00000000a3700000| Untracked 
|  55|0x00000000a3700000, 0x00000000a3800000, 0x00000000a3800000|100%| O|  |TAMS 0x00000000a3800000, 0x00000000a3800000| Untracked 
|  56|0x00000000a3800000, 0x00000000a3900000, 0x00000000a3900000|100%| O|  |TAMS 0x00000000a3900000, 0x00000000a3900000| Untracked 
|  57|0x00000000a3900000, 0x00000000a3a00000, 0x00000000a3a00000|100%| O|  |TAMS 0x00000000a3a00000, 0x00000000a3a00000| Untracked 
|  58|0x00000000a3a00000, 0x00000000a3b00000, 0x00000000a3b00000|100%| O|  |TAMS 0x00000000a3b00000, 0x00000000a3b00000| Untracked 
|  59|0x00000000a3b00000, 0x00000000a3c00000, 0x00000000a3c00000|100%| O|  |TAMS 0x00000000a3c00000, 0x00000000a3c00000| Untracked 
|  60|0x00000000a3c00000, 0x00000000a3d00000, 0x00000000a3d00000|100%| O|  |TAMS 0x00000000a3d00000, 0x00000000a3d00000| Untracked 
|  61|0x00000000a3d00000, 0x00000000a3e00000, 0x00000000a3e00000|100%| O|  |TAMS 0x00000000a3e00000, 0x00000000a3e00000| Untracked 
|  62|0x00000000a3e00000, 0x00000000a3f00000, 0x00000000a3f00000|100%| O|  |TAMS 0x00000000a3f00000, 0x00000000a3f00000| Untracked 
|  63|0x00000000a3f00000, 0x00000000a4000000, 0x00000000a4000000|100%| O|  |TAMS 0x00000000a4000000, 0x00000000a4000000| Untracked 
|  64|0x00000000a4000000, 0x00000000a4100000, 0x00000000a4100000|100%| O|  |TAMS 0x00000000a4100000, 0x00000000a4100000| Untracked 
|  65|0x00000000a4100000, 0x00000000a4200000, 0x00000000a4200000|100%| O|  |TAMS 0x00000000a4200000, 0x00000000a4200000| Untracked 
|  66|0x00000000a4200000, 0x00000000a4300000, 0x00000000a4300000|100%| O|  |TAMS 0x00000000a4300000, 0x00000000a4300000| Untracked 
|  67|0x00000000a4300000, 0x00000000a4400000, 0x00000000a4400000|100%| O|  |TAMS 0x00000000a4400000, 0x00000000a4400000| Untracked 
|  68|0x00000000a4400000, 0x00000000a4500000, 0x00000000a4500000|100%| O|  |TAMS 0x00000000a4500000, 0x00000000a4500000| Untracked 
|  69|0x00000000a4500000, 0x00000000a4600000, 0x00000000a4600000|100%| O|  |TAMS 0x00000000a4600000, 0x00000000a4600000| Untracked 
|  70|0x00000000a4600000, 0x00000000a4700000, 0x00000000a4700000|100%| O|  |TAMS 0x00000000a4700000, 0x00000000a4700000| Untracked 
|  71|0x00000000a4700000, 0x00000000a4800000, 0x00000000a4800000|100%| O|  |TAMS 0x00000000a4800000, 0x00000000a4800000| Untracked 
|  72|0x00000000a4800000, 0x00000000a4900000, 0x00000000a4900000|100%| O|  |TAMS 0x00000000a4900000, 0x00000000a4900000| Untracked 
|  73|0x00000000a4900000, 0x00000000a4a00000, 0x00000000a4a00000|100%| O|  |TAMS 0x00000000a4a00000, 0x00000000a4a00000| Untracked 
|  74|0x00000000a4a00000, 0x00000000a4b00000, 0x00000000a4b00000|100%| O|  |TAMS 0x00000000a4b00000, 0x00000000a4b00000| Untracked 
|  75|0x00000000a4b00000, 0x00000000a4c00000, 0x00000000a4c00000|100%| O|  |TAMS 0x00000000a4c00000, 0x00000000a4c00000| Untracked 
|  76|0x00000000a4c00000, 0x00000000a4d00000, 0x00000000a4d00000|100%| O|  |TAMS 0x00000000a4d00000, 0x00000000a4d00000| Untracked 
|  77|0x00000000a4d00000, 0x00000000a4e00000, 0x00000000a4e00000|100%| O|  |TAMS 0x00000000a4e00000, 0x00000000a4e00000| Untracked 
|  78|0x00000000a4e00000, 0x00000000a4f00000, 0x00000000a4f00000|100%| O|  |TAMS 0x00000000a4f00000, 0x00000000a4f00000| Untracked 
|  79|0x00000000a4f00000, 0x00000000a5000000, 0x00000000a5000000|100%| O|  |TAMS 0x00000000a5000000, 0x00000000a5000000| Untracked 
|  80|0x00000000a5000000, 0x00000000a5100000, 0x00000000a5100000|100%| O|  |TAMS 0x00000000a5100000, 0x00000000a5100000| Untracked 
|  81|0x00000000a5100000, 0x00000000a5200000, 0x00000000a5200000|100%| O|  |TAMS 0x00000000a5200000, 0x00000000a5200000| Untracked 
|  82|0x00000000a5200000, 0x00000000a5300000, 0x00000000a5300000|100%| O|  |TAMS 0x00000000a5300000, 0x00000000a5300000| Untracked 
|  83|0x00000000a5300000, 0x00000000a5400000, 0x00000000a5400000|100%| O|  |TAMS 0x00000000a5400000, 0x00000000a5400000| Untracked 
|  84|0x00000000a5400000, 0x00000000a5500000, 0x00000000a5500000|100%| O|  |TAMS 0x00000000a5500000, 0x00000000a5500000| Untracked 
|  85|0x00000000a5500000, 0x00000000a5600000, 0x00000000a5600000|100%| O|  |TAMS 0x00000000a5600000, 0x00000000a5600000| Untracked 
|  86|0x00000000a5600000, 0x00000000a5700000, 0x00000000a5700000|100%| O|  |TAMS 0x00000000a5700000, 0x00000000a5700000| Untracked 
|  87|0x00000000a5700000, 0x00000000a5800000, 0x00000000a5800000|100%| O|  |TAMS 0x00000000a5800000, 0x00000000a5800000| Untracked 
|  88|0x00000000a5800000, 0x00000000a5900000, 0x00000000a5900000|100%| O|  |TAMS 0x00000000a5900000, 0x00000000a5900000| Untracked 
|  89|0x00000000a5900000, 0x00000000a5a00000, 0x00000000a5a00000|100%| O|  |TAMS 0x00000000a5a00000, 0x00000000a5a00000| Untracked 
|  90|0x00000000a5a00000, 0x00000000a5b00000, 0x00000000a5b00000|100%| O|  |TAMS 0x00000000a5b00000, 0x00000000a5b00000| Untracked 
|  91|0x00000000a5b00000, 0x00000000a5c00000, 0x00000000a5c00000|100%| O|  |TAMS 0x00000000a5c00000, 0x00000000a5c00000| Untracked 
|  92|0x00000000a5c00000, 0x00000000a5d00000, 0x00000000a5d00000|100%| O|  |TAMS 0x00000000a5d00000, 0x00000000a5d00000| Untracked 
|  93|0x00000000a5d00000, 0x00000000a5e00000, 0x00000000a5e00000|100%| O|  |TAMS 0x00000000a5e00000, 0x00000000a5e00000| Untracked 
|  94|0x00000000a5e00000, 0x00000000a5f00000, 0x00000000a5f00000|100%| O|  |TAMS 0x00000000a5f00000, 0x00000000a5f00000| Untracked 
|  95|0x00000000a5f00000, 0x00000000a6000000, 0x00000000a6000000|100%| O|  |TAMS 0x00000000a6000000, 0x00000000a6000000| Untracked 
|  96|0x00000000a6000000, 0x00000000a6100000, 0x00000000a6100000|100%| O|  |TAMS 0x00000000a6100000, 0x00000000a6100000| Untracked 
|  97|0x00000000a6100000, 0x00000000a6200000, 0x00000000a6200000|100%| O|  |TAMS 0x00000000a6200000, 0x00000000a6200000| Untracked 
|  98|0x00000000a6200000, 0x00000000a6300000, 0x00000000a6300000|100%| O|  |TAMS 0x00000000a6300000, 0x00000000a6300000| Untracked 
|  99|0x00000000a6300000, 0x00000000a6400000, 0x00000000a6400000|100%| O|  |TAMS 0x00000000a6400000, 0x00000000a6400000| Untracked 
| 100|0x00000000a6400000, 0x00000000a6500000, 0x00000000a6500000|100%| O|  |TAMS 0x00000000a6500000, 0x00000000a6500000| Untracked 
| 101|0x00000000a6500000, 0x00000000a6600000, 0x00000000a6600000|100%| O|  |TAMS 0x00000000a6600000, 0x00000000a6600000| Untracked 
| 102|0x00000000a6600000, 0x00000000a6700000, 0x00000000a6700000|100%| O|  |TAMS 0x00000000a6700000, 0x00000000a6700000| Untracked 
| 103|0x00000000a6700000, 0x00000000a6800000, 0x00000000a6800000|100%| O|  |TAMS 0x00000000a6800000, 0x00000000a6800000| Untracked 
| 104|0x00000000a6800000, 0x00000000a6900000, 0x00000000a6900000|100%| O|  |TAMS 0x00000000a6900000, 0x00000000a6900000| Untracked 
| 105|0x00000000a6900000, 0x00000000a6a00000, 0x00000000a6a00000|100%| O|  |TAMS 0x00000000a6a00000, 0x00000000a6a00000| Untracked 
| 106|0x00000000a6a00000, 0x00000000a6b00000, 0x00000000a6b00000|100%| O|  |TAMS 0x00000000a6b00000, 0x00000000a6b00000| Untracked 
| 107|0x00000000a6b00000, 0x00000000a6c00000, 0x00000000a6c00000|100%| O|  |TAMS 0x00000000a6c00000, 0x00000000a6c00000| Untracked 
| 108|0x00000000a6c00000, 0x00000000a6d00000, 0x00000000a6d00000|100%| O|  |TAMS 0x00000000a6d00000, 0x00000000a6d00000| Untracked 
| 109|0x00000000a6d00000, 0x00000000a6e00000, 0x00000000a6e00000|100%| O|  |TAMS 0x00000000a6e00000, 0x00000000a6e00000| Untracked 
| 110|0x00000000a6e00000, 0x00000000a6f00000, 0x00000000a6f00000|100%| O|  |TAMS 0x00000000a6f00000, 0x00000000a6f00000| Untracked 
| 111|0x00000000a6f00000, 0x00000000a7000000, 0x00000000a7000000|100%|HS|  |TAMS 0x00000000a7000000, 0x00000000a7000000| Complete 
| 112|0x00000000a7000000, 0x00000000a7100000, 0x00000000a7100000|100%| O|  |TAMS 0x00000000a7100000, 0x00000000a7100000| Untracked 
| 113|0x00000000a7100000, 0x00000000a7200000, 0x00000000a7200000|100%| O|  |TAMS 0x00000000a7200000, 0x00000000a7200000| Untracked 
| 114|0x00000000a7200000, 0x00000000a7300000, 0x00000000a7300000|100%| O|  |TAMS 0x00000000a7300000, 0x00000000a7300000| Untracked 
| 115|0x00000000a7300000, 0x00000000a7400000, 0x00000000a7400000|100%| O|  |TAMS 0x00000000a7400000, 0x00000000a7400000| Untracked 
| 116|0x00000000a7400000, 0x00000000a7500000, 0x00000000a7500000|100%| O|  |TAMS 0x00000000a7500000, 0x00000000a7500000| Untracked 
| 117|0x00000000a7500000, 0x00000000a7600000, 0x00000000a7600000|100%| O|  |TAMS 0x00000000a7600000, 0x00000000a7600000| Untracked 
| 118|0x00000000a7600000, 0x00000000a7700000, 0x00000000a7700000|100%| O|  |TAMS 0x00000000a7700000, 0x00000000a7700000| Untracked 
| 119|0x00000000a7700000, 0x00000000a7800000, 0x00000000a7800000|100%| O|  |TAMS 0x00000000a7800000, 0x00000000a7800000| Untracked 
| 120|0x00000000a7800000, 0x00000000a7900000, 0x00000000a7900000|100%| O|  |TAMS 0x00000000a7900000, 0x00000000a7900000| Untracked 
| 121|0x00000000a7900000, 0x00000000a7a00000, 0x00000000a7a00000|100%| O|  |TAMS 0x00000000a7a00000, 0x00000000a7a00000| Untracked 
| 122|0x00000000a7a00000, 0x00000000a7b00000, 0x00000000a7b00000|100%| O|  |TAMS 0x00000000a7b00000, 0x00000000a7b00000| Untracked 
| 123|0x00000000a7b00000, 0x00000000a7c00000, 0x00000000a7c00000|100%| O|  |TAMS 0x00000000a7c00000, 0x00000000a7c00000| Untracked 
| 124|0x00000000a7c00000, 0x00000000a7d00000, 0x00000000a7d00000|100%| O|  |TAMS 0x00000000a7d00000, 0x00000000a7d00000| Untracked 
| 125|0x00000000a7d00000, 0x00000000a7e00000, 0x00000000a7e00000|100%| O|  |TAMS 0x00000000a7e00000, 0x00000000a7e00000| Untracked 
| 126|0x00000000a7e00000, 0x00000000a7f00000, 0x00000000a7f00000|100%| O|  |TAMS 0x00000000a7f00000, 0x00000000a7f00000| Untracked 
| 127|0x00000000a7f00000, 0x00000000a8000000, 0x00000000a8000000|100%| O|  |TAMS 0x00000000a8000000, 0x00000000a8000000| Untracked 
| 128|0x00000000a8000000, 0x00000000a8100000, 0x00000000a8100000|100%| O|  |TAMS 0x00000000a8100000, 0x00000000a8100000| Untracked 
| 129|0x00000000a8100000, 0x00000000a8200000, 0x00000000a8200000|100%| O|  |TAMS 0x00000000a8200000, 0x00000000a8200000| Untracked 
| 130|0x00000000a8200000, 0x00000000a8300000, 0x00000000a8300000|100%| O|  |TAMS 0x00000000a8300000, 0x00000000a8300000| Untracked 
| 131|0x00000000a8300000, 0x00000000a8400000, 0x00000000a8400000|100%| O|  |TAMS 0x00000000a8400000, 0x00000000a8400000| Untracked 
| 132|0x00000000a8400000, 0x00000000a8500000, 0x00000000a8500000|100%| O|  |TAMS 0x00000000a8500000, 0x00000000a8500000| Untracked 
| 133|0x00000000a8500000, 0x00000000a8600000, 0x00000000a8600000|100%| O|  |TAMS 0x00000000a8600000, 0x00000000a8600000| Untracked 
| 134|0x00000000a8600000, 0x00000000a8700000, 0x00000000a8700000|100%| O|  |TAMS 0x00000000a8605e00, 0x00000000a8700000| Untracked 
| 135|0x00000000a8700000, 0x00000000a873d400, 0x00000000a8800000| 23%| O|  |TAMS 0x00000000a8700000, 0x00000000a873d400| Untracked 
| 136|0x00000000a8800000, 0x00000000a8800000, 0x00000000a8900000|  0%| F|  |TAMS 0x00000000a8800000, 0x00000000a8800000| Untracked 
| 137|0x00000000a8900000, 0x00000000a8900000, 0x00000000a8a00000|  0%| F|  |TAMS 0x00000000a8900000, 0x00000000a8900000| Untracked 
| 138|0x00000000a8a00000, 0x00000000a8a00000, 0x00000000a8b00000|  0%| F|  |TAMS 0x00000000a8a00000, 0x00000000a8a00000| Untracked 
| 139|0x00000000a8b00000, 0x00000000a8b00000, 0x00000000a8c00000|  0%| F|  |TAMS 0x00000000a8b00000, 0x00000000a8b00000| Untracked 
| 140|0x00000000a8c00000, 0x00000000a8c00000, 0x00000000a8d00000|  0%| F|  |TAMS 0x00000000a8c00000, 0x00000000a8c00000| Untracked 
| 141|0x00000000a8d00000, 0x00000000a8d00000, 0x00000000a8e00000|  0%| F|  |TAMS 0x00000000a8d00000, 0x00000000a8d00000| Untracked 
| 142|0x00000000a8e00000, 0x00000000a8e00000, 0x00000000a8f00000|  0%| F|  |TAMS 0x00000000a8e00000, 0x00000000a8e00000| Untracked 
| 143|0x00000000a8f00000, 0x00000000a8f00000, 0x00000000a9000000|  0%| F|  |TAMS 0x00000000a8f00000, 0x00000000a8f00000| Untracked 
| 144|0x00000000a9000000, 0x00000000a9000000, 0x00000000a9100000|  0%| F|  |TAMS 0x00000000a9000000, 0x00000000a9000000| Untracked 
| 145|0x00000000a9100000, 0x00000000a9100000, 0x00000000a9200000|  0%| F|  |TAMS 0x00000000a9100000, 0x00000000a9100000| Untracked 
| 146|0x00000000a9200000, 0x00000000a9200000, 0x00000000a9300000|  0%| F|  |TAMS 0x00000000a9200000, 0x00000000a9200000| Untracked 
| 147|0x00000000a9300000, 0x00000000a9300000, 0x00000000a9400000|  0%| F|  |TAMS 0x00000000a9300000, 0x00000000a9300000| Untracked 
| 148|0x00000000a9400000, 0x00000000a9400000, 0x00000000a9500000|  0%| F|  |TAMS 0x00000000a9400000, 0x00000000a9400000| Untracked 
| 149|0x00000000a9500000, 0x00000000a9500000, 0x00000000a9600000|  0%| F|  |TAMS 0x00000000a9500000, 0x00000000a9500000| Untracked 
| 150|0x00000000a9600000, 0x00000000a9600000, 0x00000000a9700000|  0%| F|  |TAMS 0x00000000a9600000, 0x00000000a9600000| Untracked 
| 151|0x00000000a9700000, 0x00000000a9700000, 0x00000000a9800000|  0%| F|  |TAMS 0x00000000a9700000, 0x00000000a9700000| Untracked 
| 152|0x00000000a9800000, 0x00000000a9800000, 0x00000000a9900000|  0%| F|  |TAMS 0x00000000a9800000, 0x00000000a9800000| Untracked 
| 153|0x00000000a9900000, 0x00000000a9900000, 0x00000000a9a00000|  0%| F|  |TAMS 0x00000000a9900000, 0x00000000a9900000| Untracked 
| 154|0x00000000a9a00000, 0x00000000a9a00000, 0x00000000a9b00000|  0%| F|  |TAMS 0x00000000a9a00000, 0x00000000a9a00000| Untracked 
| 155|0x00000000a9b00000, 0x00000000a9b00000, 0x00000000a9c00000|  0%| F|  |TAMS 0x00000000a9b00000, 0x00000000a9b00000| Untracked 
| 156|0x00000000a9c00000, 0x00000000a9c00000, 0x00000000a9d00000|  0%| F|  |TAMS 0x00000000a9c00000, 0x00000000a9c00000| Untracked 
| 157|0x00000000a9d00000, 0x00000000a9d00000, 0x00000000a9e00000|  0%| F|  |TAMS 0x00000000a9d00000, 0x00000000a9d00000| Untracked 
| 158|0x00000000a9e00000, 0x00000000a9e00000, 0x00000000a9f00000|  0%| F|  |TAMS 0x00000000a9e00000, 0x00000000a9e00000| Untracked 
| 159|0x00000000a9f00000, 0x00000000a9f00000, 0x00000000aa000000|  0%| F|  |TAMS 0x00000000a9f00000, 0x00000000a9f00000| Untracked 
| 160|0x00000000aa000000, 0x00000000aa000000, 0x00000000aa100000|  0%| F|  |TAMS 0x00000000aa000000, 0x00000000aa000000| Untracked 
| 161|0x00000000aa100000, 0x00000000aa100000, 0x00000000aa200000|  0%| F|  |TAMS 0x00000000aa100000, 0x00000000aa100000| Untracked 
| 162|0x00000000aa200000, 0x00000000aa300000, 0x00000000aa300000|100%| S|CS|TAMS 0x00000000aa200000, 0x00000000aa200000| Complete 
| 163|0x00000000aa300000, 0x00000000aa400000, 0x00000000aa400000|100%| S|CS|TAMS 0x00000000aa300000, 0x00000000aa300000| Complete 
| 164|0x00000000aa400000, 0x00000000aa500000, 0x00000000aa500000|100%| S|CS|TAMS 0x00000000aa400000, 0x00000000aa400000| Complete 
| 165|0x00000000aa500000, 0x00000000aa600000, 0x00000000aa600000|100%| S|CS|TAMS 0x00000000aa500000, 0x00000000aa500000| Complete 
| 166|0x00000000aa600000, 0x00000000aa700000, 0x00000000aa700000|100%| S|CS|TAMS 0x00000000aa600000, 0x00000000aa600000| Complete 
| 167|0x00000000aa700000, 0x00000000aa800000, 0x00000000aa800000|100%| S|CS|TAMS 0x00000000aa700000, 0x00000000aa700000| Complete 
| 168|0x00000000aa800000, 0x00000000aa900000, 0x00000000aa900000|100%| S|CS|TAMS 0x00000000aa800000, 0x00000000aa800000| Complete 
| 169|0x00000000aa900000, 0x00000000aa900000, 0x00000000aaa00000|  0%| F|  |TAMS 0x00000000aa900000, 0x00000000aa900000| Untracked 
| 170|0x00000000aaa00000, 0x00000000aab00000, 0x00000000aab00000|100%| S|CS|TAMS 0x00000000aaa00000, 0x00000000aaa00000| Complete 
| 171|0x00000000aab00000, 0x00000000aab00000, 0x00000000aac00000|  0%| F|  |TAMS 0x00000000aab00000, 0x00000000aab00000| Untracked 
| 172|0x00000000aac00000, 0x00000000aac00000, 0x00000000aad00000|  0%| F|  |TAMS 0x00000000aac00000, 0x00000000aac00000| Untracked 
| 173|0x00000000aad00000, 0x00000000aad00000, 0x00000000aae00000|  0%| F|  |TAMS 0x00000000aad00000, 0x00000000aad00000| Untracked 
| 174|0x00000000aae00000, 0x00000000aae00000, 0x00000000aaf00000|  0%| F|  |TAMS 0x00000000aae00000, 0x00000000aae00000| Untracked 
| 175|0x00000000aaf00000, 0x00000000aaf00000, 0x00000000ab000000|  0%| F|  |TAMS 0x00000000aaf00000, 0x00000000aaf00000| Untracked 
| 176|0x00000000ab000000, 0x00000000ab000000, 0x00000000ab100000|  0%| F|  |TAMS 0x00000000ab000000, 0x00000000ab000000| Untracked 
| 177|0x00000000ab100000, 0x00000000ab100000, 0x00000000ab200000|  0%| F|  |TAMS 0x00000000ab100000, 0x00000000ab100000| Untracked 
| 178|0x00000000ab200000, 0x00000000ab200000, 0x00000000ab300000|  0%| F|  |TAMS 0x00000000ab200000, 0x00000000ab200000| Untracked 
| 179|0x00000000ab300000, 0x00000000ab300000, 0x00000000ab400000|  0%| F|  |TAMS 0x00000000ab300000, 0x00000000ab300000| Untracked 
| 180|0x00000000ab400000, 0x00000000ab400000, 0x00000000ab500000|  0%| F|  |TAMS 0x00000000ab400000, 0x00000000ab400000| Untracked 
| 181|0x00000000ab500000, 0x00000000ab500000, 0x00000000ab600000|  0%| F|  |TAMS 0x00000000ab500000, 0x00000000ab500000| Untracked 
| 182|0x00000000ab600000, 0x00000000ab600000, 0x00000000ab700000|  0%| F|  |TAMS 0x00000000ab600000, 0x00000000ab600000| Untracked 
| 183|0x00000000ab700000, 0x00000000ab700000, 0x00000000ab800000|  0%| F|  |TAMS 0x00000000ab700000, 0x00000000ab700000| Untracked 
| 184|0x00000000ab800000, 0x00000000ab800000, 0x00000000ab900000|  0%| F|  |TAMS 0x00000000ab800000, 0x00000000ab800000| Untracked 
| 185|0x00000000ab900000, 0x00000000ab900000, 0x00000000aba00000|  0%| F|  |TAMS 0x00000000ab900000, 0x00000000ab900000| Untracked 
| 186|0x00000000aba00000, 0x00000000aba00000, 0x00000000abb00000|  0%| F|  |TAMS 0x00000000aba00000, 0x00000000aba00000| Untracked 
| 187|0x00000000abb00000, 0x00000000abb00000, 0x00000000abc00000|  0%| F|  |TAMS 0x00000000abb00000, 0x00000000abb00000| Untracked 
| 188|0x00000000abc00000, 0x00000000abc00000, 0x00000000abd00000|  0%| F|  |TAMS 0x00000000abc00000, 0x00000000abc00000| Untracked 
| 189|0x00000000abd00000, 0x00000000abd00000, 0x00000000abe00000|  0%| F|  |TAMS 0x00000000abd00000, 0x00000000abd00000| Untracked 
| 190|0x00000000abe00000, 0x00000000abe00000, 0x00000000abf00000|  0%| F|  |TAMS 0x00000000abe00000, 0x00000000abe00000| Untracked 
| 191|0x00000000abf00000, 0x00000000abf00000, 0x00000000ac000000|  0%| F|  |TAMS 0x00000000abf00000, 0x00000000abf00000| Untracked 
| 192|0x00000000ac000000, 0x00000000ac000000, 0x00000000ac100000|  0%| F|  |TAMS 0x00000000ac000000, 0x00000000ac000000| Untracked 
| 193|0x00000000ac100000, 0x00000000ac100000, 0x00000000ac200000|  0%| F|  |TAMS 0x00000000ac100000, 0x00000000ac100000| Untracked 
| 194|0x00000000ac200000, 0x00000000ac200000, 0x00000000ac300000|  0%| F|  |TAMS 0x00000000ac200000, 0x00000000ac200000| Untracked 
| 195|0x00000000ac300000, 0x00000000ac300000, 0x00000000ac400000|  0%| F|  |TAMS 0x00000000ac300000, 0x00000000ac300000| Untracked 
| 196|0x00000000ac400000, 0x00000000ac400000, 0x00000000ac500000|  0%| F|  |TAMS 0x00000000ac400000, 0x00000000ac400000| Untracked 
| 197|0x00000000ac500000, 0x00000000ac500000, 0x00000000ac600000|  0%| F|  |TAMS 0x00000000ac500000, 0x00000000ac500000| Untracked 
| 198|0x00000000ac600000, 0x00000000ac600000, 0x00000000ac700000|  0%| F|  |TAMS 0x00000000ac600000, 0x00000000ac600000| Untracked 
| 199|0x00000000ac700000, 0x00000000ac700000, 0x00000000ac800000|  0%| F|  |TAMS 0x00000000ac700000, 0x00000000ac700000| Untracked 
| 200|0x00000000ac800000, 0x00000000ac800000, 0x00000000ac900000|  0%| F|  |TAMS 0x00000000ac800000, 0x00000000ac800000| Untracked 
| 201|0x00000000ac900000, 0x00000000ac900000, 0x00000000aca00000|  0%| F|  |TAMS 0x00000000ac900000, 0x00000000ac900000| Untracked 
| 202|0x00000000aca00000, 0x00000000aca00000, 0x00000000acb00000|  0%| F|  |TAMS 0x00000000aca00000, 0x00000000aca00000| Untracked 
| 203|0x00000000acb00000, 0x00000000acb00000, 0x00000000acc00000|  0%| F|  |TAMS 0x00000000acb00000, 0x00000000acb00000| Untracked 
| 204|0x00000000acc00000, 0x00000000acc00000, 0x00000000acd00000|  0%| F|  |TAMS 0x00000000acc00000, 0x00000000acc00000| Untracked 
| 205|0x00000000acd00000, 0x00000000acd00000, 0x00000000ace00000|  0%| F|  |TAMS 0x00000000acd00000, 0x00000000acd00000| Untracked 
| 206|0x00000000ace00000, 0x00000000ace00000, 0x00000000acf00000|  0%| F|  |TAMS 0x00000000ace00000, 0x00000000ace00000| Untracked 
| 207|0x00000000acf00000, 0x00000000acf00000, 0x00000000ad000000|  0%| F|  |TAMS 0x00000000acf00000, 0x00000000acf00000| Untracked 
| 208|0x00000000ad000000, 0x00000000ad000000, 0x00000000ad100000|  0%| F|  |TAMS 0x00000000ad000000, 0x00000000ad000000| Untracked 
| 209|0x00000000ad100000, 0x00000000ad100000, 0x00000000ad200000|  0%| F|  |TAMS 0x00000000ad100000, 0x00000000ad100000| Untracked 
| 210|0x00000000ad200000, 0x00000000ad200000, 0x00000000ad300000|  0%| F|  |TAMS 0x00000000ad200000, 0x00000000ad200000| Untracked 
| 211|0x00000000ad300000, 0x00000000ad300000, 0x00000000ad400000|  0%| F|  |TAMS 0x00000000ad300000, 0x00000000ad300000| Untracked 
| 212|0x00000000ad400000, 0x00000000ad400000, 0x00000000ad500000|  0%| F|  |TAMS 0x00000000ad400000, 0x00000000ad400000| Untracked 
| 213|0x00000000ad500000, 0x00000000ad500000, 0x00000000ad600000|  0%| F|  |TAMS 0x00000000ad500000, 0x00000000ad500000| Untracked 
| 214|0x00000000ad600000, 0x00000000ad600000, 0x00000000ad700000|  0%| F|  |TAMS 0x00000000ad600000, 0x00000000ad600000| Untracked 
| 215|0x00000000ad700000, 0x00000000ad700000, 0x00000000ad800000|  0%| F|  |TAMS 0x00000000ad700000, 0x00000000ad700000| Untracked 
| 216|0x00000000ad800000, 0x00000000ad800000, 0x00000000ad900000|  0%| F|  |TAMS 0x00000000ad800000, 0x00000000ad800000| Untracked 
| 217|0x00000000ad900000, 0x00000000ada00000, 0x00000000ada00000|100%| E|  |TAMS 0x00000000ad900000, 0x00000000ad900000| Complete 
| 218|0x00000000ada00000, 0x00000000adb00000, 0x00000000adb00000|100%| E|CS|TAMS 0x00000000ada00000, 0x00000000ada00000| Complete 
| 219|0x00000000adb00000, 0x00000000adc00000, 0x00000000adc00000|100%| E|CS|TAMS 0x00000000adb00000, 0x00000000adb00000| Complete 
| 220|0x00000000adc00000, 0x00000000add00000, 0x00000000add00000|100%| E|CS|TAMS 0x00000000adc00000, 0x00000000adc00000| Complete 
| 221|0x00000000add00000, 0x00000000ade00000, 0x00000000ade00000|100%| E|CS|TAMS 0x00000000add00000, 0x00000000add00000| Complete 
| 222|0x00000000ade00000, 0x00000000adf00000, 0x00000000adf00000|100%| E|CS|TAMS 0x00000000ade00000, 0x00000000ade00000| Complete 
| 223|0x00000000adf00000, 0x00000000ae000000, 0x00000000ae000000|100%| E|CS|TAMS 0x00000000adf00000, 0x00000000adf00000| Complete 
| 224|0x00000000ae000000, 0x00000000ae100000, 0x00000000ae100000|100%| E|CS|TAMS 0x00000000ae000000, 0x00000000ae000000| Complete 
| 225|0x00000000ae100000, 0x00000000ae200000, 0x00000000ae200000|100%| E|CS|TAMS 0x00000000ae100000, 0x00000000ae100000| Complete 
| 226|0x00000000ae200000, 0x00000000ae300000, 0x00000000ae300000|100%| E|CS|TAMS 0x00000000ae200000, 0x00000000ae200000| Complete 
| 227|0x00000000ae300000, 0x00000000ae400000, 0x00000000ae400000|100%| E|CS|TAMS 0x00000000ae300000, 0x00000000ae300000| Complete 
| 228|0x00000000ae400000, 0x00000000ae500000, 0x00000000ae500000|100%| E|CS|TAMS 0x00000000ae400000, 0x00000000ae400000| Complete 
| 229|0x00000000ae500000, 0x00000000ae600000, 0x00000000ae600000|100%| E|CS|TAMS 0x00000000ae500000, 0x00000000ae500000| Complete 
| 230|0x00000000ae600000, 0x00000000ae700000, 0x00000000ae700000|100%| E|CS|TAMS 0x00000000ae600000, 0x00000000ae600000| Complete 
| 231|0x00000000ae700000, 0x00000000ae800000, 0x00000000ae800000|100%| E|CS|TAMS 0x00000000ae700000, 0x00000000ae700000| Complete 
| 232|0x00000000ae800000, 0x00000000ae900000, 0x00000000ae900000|100%| E|CS|TAMS 0x00000000ae800000, 0x00000000ae800000| Complete 
| 233|0x00000000ae900000, 0x00000000aea00000, 0x00000000aea00000|100%| E|CS|TAMS 0x00000000ae900000, 0x00000000ae900000| Complete 
| 234|0x00000000aea00000, 0x00000000aeb00000, 0x00000000aeb00000|100%| E|CS|TAMS 0x00000000aea00000, 0x00000000aea00000| Complete 
| 235|0x00000000aeb00000, 0x00000000aec00000, 0x00000000aec00000|100%| E|CS|TAMS 0x00000000aeb00000, 0x00000000aeb00000| Complete 
| 236|0x00000000aec00000, 0x00000000aed00000, 0x00000000aed00000|100%| E|CS|TAMS 0x00000000aec00000, 0x00000000aec00000| Complete 
| 237|0x00000000aed00000, 0x00000000aee00000, 0x00000000aee00000|100%| E|CS|TAMS 0x00000000aed00000, 0x00000000aed00000| Complete 
| 238|0x00000000aee00000, 0x00000000aef00000, 0x00000000aef00000|100%| E|CS|TAMS 0x00000000aee00000, 0x00000000aee00000| Complete 
| 239|0x00000000aef00000, 0x00000000af000000, 0x00000000af000000|100%| E|CS|TAMS 0x00000000aef00000, 0x00000000aef00000| Complete 
| 240|0x00000000af000000, 0x00000000af100000, 0x00000000af100000|100%| E|CS|TAMS 0x00000000af000000, 0x00000000af000000| Complete 
| 241|0x00000000af100000, 0x00000000af200000, 0x00000000af200000|100%| E|CS|TAMS 0x00000000af100000, 0x00000000af100000| Complete 
| 242|0x00000000af200000, 0x00000000af300000, 0x00000000af300000|100%| E|CS|TAMS 0x00000000af200000, 0x00000000af200000| Complete 
| 243|0x00000000af300000, 0x00000000af400000, 0x00000000af400000|100%| E|CS|TAMS 0x00000000af300000, 0x00000000af300000| Complete 
| 244|0x00000000af400000, 0x00000000af500000, 0x00000000af500000|100%| E|CS|TAMS 0x00000000af400000, 0x00000000af400000| Complete 
| 245|0x00000000af500000, 0x00000000af600000, 0x00000000af600000|100%| E|CS|TAMS 0x00000000af500000, 0x00000000af500000| Complete 
| 246|0x00000000af600000, 0x00000000af700000, 0x00000000af700000|100%| E|CS|TAMS 0x00000000af600000, 0x00000000af600000| Complete 
| 247|0x00000000af700000, 0x00000000af800000, 0x00000000af800000|100%| E|CS|TAMS 0x00000000af700000, 0x00000000af700000| Complete 
| 248|0x00000000af800000, 0x00000000af900000, 0x00000000af900000|100%| E|CS|TAMS 0x00000000af800000, 0x00000000af800000| Complete 
| 249|0x00000000af900000, 0x00000000afa00000, 0x00000000afa00000|100%| E|CS|TAMS 0x00000000af900000, 0x00000000af900000| Complete 
| 250|0x00000000afa00000, 0x00000000afb00000, 0x00000000afb00000|100%| E|CS|TAMS 0x00000000afa00000, 0x00000000afa00000| Complete 
| 251|0x00000000afb00000, 0x00000000afc00000, 0x00000000afc00000|100%| E|CS|TAMS 0x00000000afb00000, 0x00000000afb00000| Complete 
| 252|0x00000000afc00000, 0x00000000afd00000, 0x00000000afd00000|100%| E|CS|TAMS 0x00000000afc00000, 0x00000000afc00000| Complete 
| 253|0x00000000afd00000, 0x00000000afe00000, 0x00000000afe00000|100%| E|CS|TAMS 0x00000000afd00000, 0x00000000afd00000| Complete 
| 254|0x00000000afe00000, 0x00000000aff00000, 0x00000000aff00000|100%| E|CS|TAMS 0x00000000afe00000, 0x00000000afe00000| Complete 
| 255|0x00000000aff00000, 0x00000000b0000000, 0x00000000b0000000|100%| E|CS|TAMS 0x00000000aff00000, 0x00000000aff00000| Complete 
| 256|0x00000000b0000000, 0x00000000b0100000, 0x00000000b0100000|100%| E|CS|TAMS 0x00000000b0000000, 0x00000000b0000000| Complete 
| 257|0x00000000b0100000, 0x00000000b0200000, 0x00000000b0200000|100%| E|CS|TAMS 0x00000000b0100000, 0x00000000b0100000| Complete 
| 258|0x00000000b0200000, 0x00000000b0300000, 0x00000000b0300000|100%| E|CS|TAMS 0x00000000b0200000, 0x00000000b0200000| Complete 
| 259|0x00000000b0300000, 0x00000000b0400000, 0x00000000b0400000|100%| E|CS|TAMS 0x00000000b0300000, 0x00000000b0300000| Complete 
| 260|0x00000000b0400000, 0x00000000b0500000, 0x00000000b0500000|100%| E|CS|TAMS 0x00000000b0400000, 0x00000000b0400000| Complete 
| 261|0x00000000b0500000, 0x00000000b0600000, 0x00000000b0600000|100%| E|CS|TAMS 0x00000000b0500000, 0x00000000b0500000| Complete 
| 262|0x00000000b0600000, 0x00000000b0700000, 0x00000000b0700000|100%| E|CS|TAMS 0x00000000b0600000, 0x00000000b0600000| Complete 
| 263|0x00000000b0700000, 0x00000000b0800000, 0x00000000b0800000|100%| E|CS|TAMS 0x00000000b0700000, 0x00000000b0700000| Complete 
| 264|0x00000000b0800000, 0x00000000b0900000, 0x00000000b0900000|100%| E|CS|TAMS 0x00000000b0800000, 0x00000000b0800000| Complete 
| 265|0x00000000b0900000, 0x00000000b0a00000, 0x00000000b0a00000|100%| E|CS|TAMS 0x00000000b0900000, 0x00000000b0900000| Complete 
| 266|0x00000000b0a00000, 0x00000000b0b00000, 0x00000000b0b00000|100%| E|CS|TAMS 0x00000000b0a00000, 0x00000000b0a00000| Complete 
| 267|0x00000000b0b00000, 0x00000000b0c00000, 0x00000000b0c00000|100%| E|CS|TAMS 0x00000000b0b00000, 0x00000000b0b00000| Complete 

Card table byte_map: [0x0000021033a60000,0x0000021033d60000] _byte_map_base: 0x0000021033560000

Marking Bits (Prev, Next): (CMBitMap*) 0x0000021020ca09d8, (CMBitMap*) 0x0000021020ca0a10
 Prev Bits: [0x0000021034060000, 0x0000021035860000)
 Next Bits: [0x0000021035860000, 0x0000021037060000)

Polling page: 0x000002101ea90000

Metaspace:

Usage:
  Non-class:     79.21 MB capacity,    77.70 MB ( 98%) used,     1.24 MB (  2%) free+waste,   274.56 KB ( <1%) overhead. 
      Class:     12.47 MB capacity,    11.57 MB ( 93%) used,   801.17 KB (  6%) free+waste,   123.19 KB ( <1%) overhead. 
       Both:     91.67 MB capacity,    89.27 MB ( 97%) used,     2.02 MB (  2%) free+waste,   397.75 KB ( <1%) overhead. 

Virtual space:
  Non-class space:       80.00 MB reserved,      79.42 MB (>99%) committed 
      Class space:        1.00 GB reserved,      12.57 MB (  1%) committed 
             Both:        1.08 GB reserved,      91.99 MB (  8%) committed 

Chunk freelists:
   Non-Class:  26.00 KB
       Class:  0 bytes
        Both:  26.00 KB

MaxMetaspaceSize: 17179869184.00 GB
CompressedClassSpaceSize: 1.00 GB

CodeHeap 'non-profiled nmethods': size=120064Kb used=9280Kb max_used=9280Kb free=110784Kb
 bounds [0x000002102c220000, 0x000002102cb30000, 0x0000021033760000]
CodeHeap 'profiled nmethods': size=120000Kb used=29828Kb max_used=29828Kb free=90171Kb
 bounds [0x0000021024cf0000, 0x0000021026a20000, 0x000002102c220000]
CodeHeap 'non-nmethods': size=5696Kb used=2291Kb max_used=2369Kb free=3404Kb
 bounds [0x0000021024760000, 0x00000210249d0000, 0x0000021024cf0000]
 total_blobs=14049 nmethods=13154 adapters=805
 compilation: enabled
              stopped_count=0, restarted_count=0
 full_count=0

Compilation events (20 events):
Event: 41.438 Thread 0x0000021039f0e800 13502       2       com.android.tools.r8.internal.ku$g::<init> (12 bytes)
Event: 41.438 Thread 0x0000021039f0e800 nmethod 13502 0x0000021026a0ee90 code [0x0000021026a0f040, 0x0000021026a0f1a8]
Event: 41.453 Thread 0x0000021039f0e800 13503 %     3       com.android.tools.r8.internal.rz::a @ 10 (106 bytes)
Event: 41.454 Thread 0x0000021039f0e800 nmethod 13503% 0x0000021026a0f290 code [0x0000021026a0f5a0, 0x0000021026a108b8]
Event: 41.479 Thread 0x000002103c132800 nmethod 13481 0x000002102cb17210 code [0x000002102cb17480, 0x000002102cb18888]
Event: 41.479 Thread 0x000002103c132800 13482       4       com.android.tools.r8.internal.E7::a (219 bytes)
Event: 41.566 Thread 0x000002103c132800 nmethod 13482 0x000002102cb19390 code [0x000002102cb19600, 0x000002102cb1aaa8]
Event: 41.566 Thread 0x000002103c132800 13484       4       com.android.tools.r8.internal.E7::i (231 bytes)
Event: 41.582 Thread 0x000002103955b800 nmethod 13483 0x000002102cb1b690 code [0x000002102cb1ba40, 0x000002102cb1ecd0]
Event: 41.583 Thread 0x000002103955b800 13414       4       com.android.tools.r8.ir.regalloc.a::a (1824 bytes)
Event: 41.669 Thread 0x000002103c132800 nmethod 13484 0x000002102cb20a10 code [0x000002102cb20ca0, 0x000002102cb22528]
Event: 41.669 Thread 0x000002103c132800 13412       4       com.android.tools.r8.internal.Me::c (83 bytes)
Event: 41.683 Thread 0x000002103c132800 nmethod 13412 0x000002102cb23410 code [0x000002102cb235c0, 0x000002102cb238b8]
Event: 41.683 Thread 0x000002103c132800 13421       4       com.android.tools.r8.internal.l4::a (29 bytes)
Event: 41.720 Thread 0x000002103c132800 nmethod 13421 0x000002102cb23c10 code [0x000002102cb23e60, 0x000002102cb24bc8]
Event: 41.720 Thread 0x000002103c132800 13463       4       com.android.tools.r8.internal.Vv::c (7 bytes)
Event: 41.721 Thread 0x000002103c132800 nmethod 13463 0x000002102cb25990 code [0x000002102cb25b20, 0x000002102cb25b98]
Event: 41.721 Thread 0x000002103c132800 13478       4       com.android.tools.r8.internal.Ft::a (13 bytes)
Event: 41.722 Thread 0x000002103c132800 nmethod 13478 0x000002102cb25c10 code [0x000002102cb25da0, 0x000002102cb25e18]
Event: 41.722 Thread 0x000002103c132800 12971       4       com.android.tools.r8.synthesis.s::a (233 bytes)

GC Heap History (20 events):
Event: 35.305 GC heap before
{Heap before GC invocations=55 (full 0):
 garbage-first heap   total 274432K, used 232930K [0x00000000a0000000, 0x0000000100000000)
  region size 1024K, 99 young (101376K), 9 survivors (9216K)
 Metaspace       used 91358K, capacity 93801K, committed 93944K, reserved 1130496K
  class space    used 11842K, capacity 12768K, committed 12876K, reserved 1048576K
}
Event: 35.320 GC heap after
{Heap after GC invocations=56 (full 0):
 garbage-first heap   total 274432K, used 140286K [0x00000000a0000000, 0x0000000100000000)
  region size 1024K, 7 young (7168K), 7 survivors (7168K)
 Metaspace       used 91358K, capacity 93801K, committed 93944K, reserved 1130496K
  class space    used 11842K, capacity 12768K, committed 12876K, reserved 1048576K
}
Event: 35.909 GC heap before
{Heap before GC invocations=56 (full 0):
 garbage-first heap   total 274432K, used 233470K [0x00000000a0000000, 0x0000000100000000)
  region size 1024K, 98 young (100352K), 7 survivors (7168K)
 Metaspace       used 91362K, capacity 93801K, committed 93944K, reserved 1130496K
  class space    used 11842K, capacity 12768K, committed 12876K, reserved 1048576K
}
Event: 35.923 GC heap after
{Heap after GC invocations=57 (full 0):
 garbage-first heap   total 274432K, used 141965K [0x00000000a0000000, 0x0000000100000000)
  region size 1024K, 8 young (8192K), 8 survivors (8192K)
 Metaspace       used 91362K, capacity 93801K, committed 93944K, reserved 1130496K
  class space    used 11842K, capacity 12768K, committed 12876K, reserved 1048576K
}
Event: 36.720 GC heap before
{Heap before GC invocations=58 (full 0):
 garbage-first heap   total 274432K, used 235149K [0x00000000a0000000, 0x0000000100000000)
  region size 1024K, 99 young (101376K), 8 survivors (8192K)
 Metaspace       used 91365K, capacity 93803K, committed 93944K, reserved 1130496K
  class space    used 11842K, capacity 12768K, committed 12876K, reserved 1048576K
}
Event: 36.734 GC heap after
{Heap after GC invocations=59 (full 0):
 garbage-first heap   total 274432K, used 141365K [0x00000000a0000000, 0x0000000100000000)
  region size 1024K, 7 young (7168K), 7 survivors (7168K)
 Metaspace       used 91365K, capacity 93803K, committed 93944K, reserved 1130496K
  class space    used 11842K, capacity 12768K, committed 12876K, reserved 1048576K
}
Event: 37.316 GC heap before
{Heap before GC invocations=59 (full 0):
 garbage-first heap   total 274432K, used 235573K [0x00000000a0000000, 0x0000000100000000)
  region size 1024K, 99 young (101376K), 7 survivors (7168K)
 Metaspace       used 91372K, capacity 93803K, committed 93944K, reserved 1130496K
  class space    used 11844K, capacity 12768K, committed 12876K, reserved 1048576K
}
Event: 37.329 GC heap after
{Heap after GC invocations=60 (full 0):
 garbage-first heap   total 274432K, used 143051K [0x00000000a0000000, 0x0000000100000000)
  region size 1024K, 8 young (8192K), 8 survivors (8192K)
 Metaspace       used 91372K, capacity 93803K, committed 93944K, reserved 1130496K
  class space    used 11844K, capacity 12768K, committed 12876K, reserved 1048576K
}
Event: 38.167 GC heap before
{Heap before GC invocations=61 (full 0):
 garbage-first heap   total 274432K, used 237259K [0x00000000a0000000, 0x0000000100000000)
  region size 1024K, 100 young (102400K), 8 survivors (8192K)
 Metaspace       used 91379K, capacity 93804K, committed 93944K, reserved 1130496K
  class space    used 11844K, capacity 12768K, committed 12876K, reserved 1048576K
}
Event: 38.182 GC heap after
{Heap after GC invocations=62 (full 0):
 garbage-first heap   total 274432K, used 142908K [0x00000000a0000000, 0x0000000100000000)
  region size 1024K, 7 young (7168K), 7 survivors (7168K)
 Metaspace       used 91379K, capacity 93804K, committed 93944K, reserved 1130496K
  class space    used 11844K, capacity 12768K, committed 12876K, reserved 1048576K
}
Event: 38.790 GC heap before
{Heap before GC invocations=62 (full 0):
 garbage-first heap   total 274432K, used 237116K [0x00000000a0000000, 0x0000000100000000)
  region size 1024K, 99 young (101376K), 7 survivors (7168K)
 Metaspace       used 91388K, capacity 93808K, committed 93944K, reserved 1130496K
  class space    used 11844K, capacity 12768K, committed 12876K, reserved 1048576K
}
Event: 38.803 GC heap after
{Heap after GC invocations=63 (full 0):
 garbage-first heap   total 274432K, used 144566K [0x00000000a0000000, 0x0000000100000000)
  region size 1024K, 9 young (9216K), 9 survivors (9216K)
 Metaspace       used 91388K, capacity 93808K, committed 93944K, reserved 1130496K
  class space    used 11844K, capacity 12768K, committed 12876K, reserved 1048576K
}
Event: 39.566 GC heap before
{Heap before GC invocations=64 (full 0):
 garbage-first heap   total 274432K, used 236726K [0x00000000a0000000, 0x0000000100000000)
  region size 1024K, 99 young (101376K), 9 survivors (9216K)
 Metaspace       used 91392K, capacity 93808K, committed 93944K, reserved 1130496K
  class space    used 11844K, capacity 12768K, committed 12876K, reserved 1048576K
}
Event: 39.580 GC heap after
{Heap after GC invocations=65 (full 0):
 garbage-first heap   total 274432K, used 143754K [0x00000000a0000000, 0x0000000100000000)
  region size 1024K, 7 young (7168K), 7 survivors (7168K)
 Metaspace       used 91392K, capacity 93808K, committed 93944K, reserved 1130496K
  class space    used 11844K, capacity 12768K, committed 12876K, reserved 1048576K
}
Event: 40.189 GC heap before
{Heap before GC invocations=65 (full 0):
 garbage-first heap   total 274432K, used 237962K [0x00000000a0000000, 0x0000000100000000)
  region size 1024K, 99 young (101376K), 7 survivors (7168K)
 Metaspace       used 91397K, capacity 93872K, committed 94200K, reserved 1130496K
  class space    used 11844K, capacity 12768K, committed 12876K, reserved 1048576K
}
Event: 40.203 GC heap after
{Heap after GC invocations=66 (full 0):
 garbage-first heap   total 274432K, used 145369K [0x00000000a0000000, 0x0000000100000000)
  region size 1024K, 8 young (8192K), 8 survivors (8192K)
 Metaspace       used 91397K, capacity 93872K, committed 94200K, reserved 1130496K
  class space    used 11844K, capacity 12768K, committed 12876K, reserved 1048576K
}
Event: 40.968 GC heap before
{Heap before GC invocations=67 (full 0):
 garbage-first heap   total 274432K, used 237529K [0x00000000a0000000, 0x0000000100000000)
  region size 1024K, 98 young (100352K), 8 survivors (8192K)
 Metaspace       used 91401K, capacity 93875K, committed 94200K, reserved 1130496K
  class space    used 11844K, capacity 12769K, committed 12876K, reserved 1048576K
}
Event: 40.985 GC heap after
{Heap after GC invocations=68 (full 0):
 garbage-first heap   total 274432K, used 145653K [0x00000000a0000000, 0x0000000100000000)
  region size 1024K, 7 young (7168K), 7 survivors (7168K)
 Metaspace       used 91401K, capacity 93875K, committed 94200K, reserved 1130496K
  class space    used 11844K, capacity 12769K, committed 12876K, reserved 1048576K
}
Event: 41.496 GC heap before
{Heap before GC invocations=68 (full 0):
 garbage-first heap   total 274432K, used 238837K [0x00000000a0000000, 0x0000000100000000)
  region size 1024K, 98 young (100352K), 7 survivors (7168K)
 Metaspace       used 91408K, capacity 93875K, committed 94200K, reserved 1130496K
  class space    used 11844K, capacity 12769K, committed 12876K, reserved 1048576K
}
Event: 41.512 GC heap after
{Heap after GC invocations=69 (full 0):
 garbage-first heap   total 274432K, used 146677K [0x00000000a0000000, 0x0000000100000000)
  region size 1024K, 8 young (8192K), 8 survivors (8192K)
 Metaspace       used 91408K, capacity 93875K, committed 94200K, reserved 1130496K
  class space    used 11844K, capacity 12769K, committed 12876K, reserved 1048576K
}

Deoptimization events (20 events):
Event: 41.040 Thread 0x0000021042d94000 DEOPT PACKING pc=0x0000021026473144 sp=0x0000006366af67f0
Event: 41.040 Thread 0x0000021042d94000 DEOPT UNPACKING pc=0x00000210247876ce sp=0x0000006366af5d50 mode 0
Event: 41.102 Thread 0x0000021042d94000 DEOPT PACKING pc=0x000002102667eec3 sp=0x0000006366af61a0
Event: 41.102 Thread 0x0000021042d94000 DEOPT UNPACKING pc=0x00000210247876ce sp=0x0000006366af5950 mode 0
Event: 41.222 Thread 0x0000021042d94000 DEOPT PACKING pc=0x000002102667eec3 sp=0x0000006366af61a0
Event: 41.222 Thread 0x0000021042d94000 DEOPT UNPACKING pc=0x00000210247876ce sp=0x0000006366af5950 mode 0
Event: 41.251 Thread 0x0000021042d94000 Uncommon trap: trap_request=0xffffff4d fr.pc=0x000002102c8ecc30 relative=0x00000000000003d0
Event: 41.251 Thread 0x0000021042d94000 Uncommon trap: reason=unstable_if action=reinterpret pc=0x000002102c8ecc30 method=com.android.tools.r8.graph.d0.Z()Z @ 11 c2
Event: 41.251 Thread 0x0000021042d94000 DEOPT PACKING pc=0x000002102c8ecc30 sp=0x0000006366af67a0
Event: 41.251 Thread 0x0000021042d94000 DEOPT UNPACKING pc=0x00000210247878af sp=0x0000006366af6658 mode 2
Event: 41.278 Thread 0x0000021042d94000 DEOPT PACKING pc=0x000002102667eec3 sp=0x0000006366af61a0
Event: 41.278 Thread 0x0000021042d94000 DEOPT UNPACKING pc=0x00000210247876ce sp=0x0000006366af5950 mode 0
Event: 41.477 Thread 0x0000021042d94000 DEOPT PACKING pc=0x000002102667eec3 sp=0x0000006366af61a0
Event: 41.477 Thread 0x0000021042d94000 DEOPT UNPACKING pc=0x00000210247876ce sp=0x0000006366af5950 mode 0
Event: 41.557 Thread 0x0000021042d94000 DEOPT PACKING pc=0x000002102667d43e sp=0x0000006366af61a0
Event: 41.557 Thread 0x0000021042d94000 DEOPT UNPACKING pc=0x00000210247876ce sp=0x0000006366af5958 mode 0
Event: 41.601 Thread 0x0000021042d94000 DEOPT PACKING pc=0x0000021026297daf sp=0x0000006366af64a0
Event: 41.601 Thread 0x0000021042d94000 DEOPT UNPACKING pc=0x00000210247876ce sp=0x0000006366af5da8 mode 0
Event: 41.669 Thread 0x0000021042d94000 DEOPT PACKING pc=0x000002102667d43e sp=0x0000006366af61a0
Event: 41.669 Thread 0x0000021042d94000 DEOPT UNPACKING pc=0x00000210247876ce sp=0x0000006366af5958 mode 0

Classes redefined (0 events):
No events

Internal exceptions (20 events):
Event: 17.699 Thread 0x0000021042d8d800 Exception <a 'java/lang/NoSuchMethodError'{0x00000000a80a36a0}: <clinit>> (0x00000000a80a36a0) thrown at [./src/hotspot/share/prims/jni.cpp, line 1362]
Event: 17.969 Thread 0x0000021042d8d800 Exception <a 'java/lang/NoSuchMethodError'{0x00000000ab4c9028}: 'int java.lang.invoke.DirectMethodHandle$Holder.invokeSpecial(java.lang.Object, java.lang.Object, java.lang.Object, java.lang.Object, java.lang.Object)'> (0x00000000ab4c9028) thrown at [./src/hotspot/share/interpreter/linkResolver.cpp, line 773]
Event: 19.444 Thread 0x0000021042d94000 Exception <a 'sun/nio/fs/WindowsException'{0x00000000aac1b738}> (0x00000000aac1b738) thrown at [./src/hotspot/share/prims/jni.cpp, line 615]
Event: 19.662 Thread 0x0000021042d94000 Exception <a 'java/lang/NoSuchMethodError'{0x00000000aa436800}: 'java.lang.Object java.lang.invoke.DirectMethodHandle$Holder.invokeStatic(java.lang.Object, java.lang.Object, java.lang.Object, java.lang.Object, java.lang.Object, java.lang.Object, java.lang.Object, java.lang.Object, java.lang.Object, java.lang.Object, java.lang.Object, java.lang.Object, java.lang.Object, java.lang.Object, java.lang.Object, java.lang.Object, java.lang.Object, java.lang.Object, int, java.lang.Object)'> (0x00000000aa436800) thr
Event: 19.663 Thread 0x0000021042d94000 Exception <a 'java/lang/NoSuchMethodError'{0x00000000aa43d080}: 'java.lang.Object java.lang.invoke.DirectMethodHandle$Holder.invokeStaticInit(java.lang.Object, java.lang.Object, java.lang.Object, java.lang.Object, java.lang.Object, java.lang.Object, java.lang.Object, java.lang.Object, java.lang.Object, java.lang.Object, java.lang.Object, java.lang.Object, java.lang.Object, java.lang.Object, java.lang.Object, java.lang.Object, java.lang.Object, java.lang.Object, int, java.lang.Object)'> (0x00000000aa43d080)
Event: 19.705 Thread 0x0000021042d94000 Exception <a 'java/lang/IncompatibleClassChangeError'{0x00000000aa375cc8}: Found class java.lang.Object, but interface was expected> (0x00000000aa375cc8) thrown at [./src/hotspot/share/interpreter/linkResolver.cpp, line 839]
Event: 19.777 Thread 0x0000021042d94000 Exception <a 'java/lang/NoSuchMethodError'{0x00000000aa1ddf20}: 'java.lang.Object java.lang.invoke.DirectMethodHandle$Holder.invokeStatic(java.lang.Object, long)'> (0x00000000aa1ddf20) thrown at [./src/hotspot/share/interpreter/linkResolver.cpp, line 773]
Event: 21.459 Thread 0x0000021042d94000 Exception <a 'java/lang/NoSuchMethodError'{0x00000000acf00f98}: 'int java.lang.invoke.DirectMethodHandle$Holder.invokeVirtual(java.lang.Object, java.lang.Object, java.lang.Object, java.lang.Object)'> (0x00000000acf00f98) thrown at [./src/hotspot/share/interpreter/linkResolver.cpp, line 773]
Event: 21.498 Thread 0x0000021042d94000 Exception <a 'java/lang/NoSuchMethodError'{0x00000000ace94928}: 'void java.lang.invoke.DirectMethodHandle$Holder.invokeStatic(java.lang.Object, java.lang.Object, java.lang.Object, int)'> (0x00000000ace94928) thrown at [./src/hotspot/share/interpreter/linkResolver.cpp, line 773]
Event: 21.500 Thread 0x0000021042d94000 Exception <a 'java/lang/IncompatibleClassChangeError'{0x00000000acea07d8}: Found class java.lang.Object, but interface was expected> (0x00000000acea07d8) thrown at [./src/hotspot/share/interpreter/linkResolver.cpp, line 839]
Event: 21.506 Thread 0x0000021042d94000 Exception <a 'java/lang/NoSuchMethodError'{0x00000000aced2228}: 'int java.lang.invoke.DirectMethodHandle$Holder.invokeVirtual(java.lang.Object, java.lang.Object, java.lang.Object)'> (0x00000000aced2228) thrown at [./src/hotspot/share/interpreter/linkResolver.cpp, line 773]
Event: 21.823 Thread 0x0000021042d94000 Exception <a 'java/lang/NoSuchMethodError'{0x00000000ac06b160}: 'java.lang.Object java.lang.invoke.DirectMethodHandle$Holder.invokeStatic(java.lang.Object, int, java.lang.Object, java.lang.Object)'> (0x00000000ac06b160) thrown at [./src/hotspot/share/interpreter/linkResolver.cpp, line 773]
Event: 21.874 Thread 0x0000021042d94000 Exception <a 'java/lang/NoSuchMethodError'{0x00000000abe0ae00}: 'java.lang.Object java.lang.invoke.Invokers$Holder.linkToTargetMethod(java.lang.Object, java.lang.Object, java.lang.Object, java.lang.Object, java.lang.Object, java.lang.Object, java.lang.Object)'> (0x00000000abe0ae00) thrown at [./src/hotspot/share/interpreter/linkResolver.cpp, line 773]
Event: 22.036 Thread 0x0000021042d94000 Exception <a 'java/lang/NoSuchMethodError'{0x00000000adc00470}: 'java.lang.Object java.lang.invoke.DirectMethodHandle$Holder.invokeVirtual(java.lang.Object, java.lang.Object, int, java.lang.Object)'> (0x00000000adc00470) thrown at [./src/hotspot/share/interpreter/linkResolver.cpp, line 773]
Event: 22.065 Thread 0x0000021042d94000 Exception <a 'java/lang/IncompatibleClassChangeError'{0x00000000adcc7868}: Found class java.lang.Object, but interface was expected> (0x00000000adcc7868) thrown at [./src/hotspot/share/interpreter/linkResolver.cpp, line 839]
Event: 22.068 Thread 0x0000021042d94000 Exception <a 'java/lang/IncompatibleClassChangeError'{0x00000000adcd4300}: Found class java.lang.Object, but interface was expected> (0x00000000adcd4300) thrown at [./src/hotspot/share/interpreter/linkResolver.cpp, line 839]
Event: 22.095 Thread 0x0000021042d94000 Exception <a 'java/lang/NoSuchMethodError'{0x00000000adbb1ad0}: 'void java.lang.invoke.DirectMethodHandle$Holder.invokeVirtual(java.lang.Object, java.lang.Object, int, java.lang.Object)'> (0x00000000adbb1ad0) thrown at [./src/hotspot/share/interpreter/linkResolver.cpp, line 773]
Event: 22.198 Thread 0x0000021042d94000 Exception <a 'java/lang/NoSuchMethodError'{0x00000000ad8db4e0}: 'java.lang.Object java.lang.invoke.DirectMethodHandle$Holder.newInvokeSpecial(java.lang.Object, int)'> (0x00000000ad8db4e0) thrown at [./src/hotspot/share/interpreter/linkResolver.cpp, line 773]
Event: 23.442 Thread 0x0000021042d94000 Exception <a 'java/lang/NoSuchMethodError'{0x00000000add12058}: 'java.lang.Object java.lang.invoke.DirectMethodHandle$Holder.invokeInterface(java.lang.Object, java.lang.Object, int)'> (0x00000000add12058) thrown at [./src/hotspot/share/interpreter/linkResolver.cpp, line 773]
Event: 29.422 Thread 0x0000021042d94000 Implicit null exception at 0x000002102c94b2dc to 0x000002102c94bad0

Events (20 events):
Event: 38.167 Executing VM operation: G1CollectForAllocation
Event: 38.182 Executing VM operation: G1CollectForAllocation done
Event: 38.790 Executing VM operation: G1CollectForAllocation
Event: 38.803 Executing VM operation: G1CollectForAllocation done
Event: 39.271 Executing VM operation: CGC_Operation
Event: 39.287 Executing VM operation: CGC_Operation done
Event: 39.534 Executing VM operation: CGC_Operation
Event: 39.535 Executing VM operation: CGC_Operation done
Event: 39.566 Executing VM operation: G1CollectForAllocation
Event: 39.580 Executing VM operation: G1CollectForAllocation done
Event: 40.189 Executing VM operation: G1CollectForAllocation
Event: 40.203 Executing VM operation: G1CollectForAllocation done
Event: 40.687 Executing VM operation: CGC_Operation
Event: 40.701 Executing VM operation: CGC_Operation done
Event: 40.960 Executing VM operation: CGC_Operation
Event: 40.961 Executing VM operation: CGC_Operation done
Event: 40.968 Executing VM operation: G1CollectForAllocation
Event: 40.985 Executing VM operation: G1CollectForAllocation done
Event: 41.496 Executing VM operation: G1CollectForAllocation
Event: 41.512 Executing VM operation: G1CollectForAllocation done


Dynamic libraries:
0x00007ff7d1a50000 - 0x00007ff7d1a5a000 	C:\Program Files\Android\Android Studio\jre\bin\java.exe
0x00007ffbdcc10000 - 0x00007ffbdce04000 	C:\WINDOWS\SYSTEM32\ntdll.dll
0x00007ffbdbfb0000 - 0x00007ffbdc06d000 	C:\WINDOWS\System32\KERNEL32.DLL
0x00007ffbda670000 - 0x00007ffbda937000 	C:\WINDOWS\System32\KERNELBASE.dll
0x00007ffbdab70000 - 0x00007ffbdac70000 	C:\WINDOWS\System32\ucrtbase.dll
0x00007ffbd11a0000 - 0x00007ffbd11b9000 	C:\Program Files\Android\Android Studio\jre\bin\jli.dll
0x00007ffbd1180000 - 0x00007ffbd1197000 	C:\Program Files\Android\Android Studio\jre\bin\VCRUNTIME140.dll
0x00007ffbdac70000 - 0x00007ffbdae10000 	C:\WINDOWS\System32\USER32.dll
0x00007ffbd9060000 - 0x00007ffbd92fa000 	C:\WINDOWS\WinSxS\amd64_microsoft.windows.common-controls_6595b64144ccf1df_6.0.19041.1_none_b555e41d4684ddec\COMCTL32.dll
0x00007ffbda640000 - 0x00007ffbda662000 	C:\WINDOWS\System32\win32u.dll
0x00007ffbdb960000 - 0x00007ffbdb9fe000 	C:\WINDOWS\System32\msvcrt.dll
0x00007ffbdb930000 - 0x00007ffbdb95a000 	C:\WINDOWS\System32\GDI32.dll
0x00007ffbda460000 - 0x00007ffbda56a000 	C:\WINDOWS\System32\gdi32full.dll
0x00007ffbda970000 - 0x00007ffbdaa0d000 	C:\WINDOWS\System32\msvcp_win.dll
0x00007ffbdbf80000 - 0x00007ffbdbfb0000 	C:\WINDOWS\System32\IMM32.DLL
0x00007ffbc2460000 - 0x00007ffbc24fd000 	C:\Program Files\Android\Android Studio\jre\bin\msvcp140.dll
0x00007ffbb72a0000 - 0x00007ffbb7d6f000 	C:\Program Files\Android\Android Studio\jre\bin\server\jvm.dll
0x00007ffbdb640000 - 0x00007ffbdb6ea000 	C:\WINDOWS\System32\ADVAPI32.dll
0x00007ffbdba00000 - 0x00007ffbdba9b000 	C:\WINDOWS\System32\sechost.dll
0x00007ffbdbc30000 - 0x00007ffbdbd53000 	C:\WINDOWS\System32\RPCRT4.dll
0x00007ffbdbf60000 - 0x00007ffbdbf68000 	C:\WINDOWS\System32\PSAPI.DLL
0x00007ffbd7aa0000 - 0x00007ffbd7aa9000 	C:\WINDOWS\SYSTEM32\WSOCK32.dll
0x00007ffbdbd60000 - 0x00007ffbdbdcb000 	C:\WINDOWS\System32\WS2_32.dll
0x00007ffbd16a0000 - 0x00007ffbd16c7000 	C:\WINDOWS\SYSTEM32\WINMM.dll
0x00007ffbd1c90000 - 0x00007ffbd1c9a000 	C:\WINDOWS\SYSTEM32\VERSION.dll
0x00007ffbd7d20000 - 0x00007ffbd7d33000 	C:\WINDOWS\SYSTEM32\kernel.appcore.dll
0x00007ffbbc6f0000 - 0x00007ffbbc701000 	C:\Program Files\Android\Android Studio\jre\bin\verify.dll
0x00007ffbd9dd0000 - 0x00007ffbd9fb4000 	C:\WINDOWS\SYSTEM32\DBGHELP.DLL
0x00007ffbd9920000 - 0x00007ffbd994c000 	C:\WINDOWS\SYSTEM32\dbgcore.DLL
0x00007ffbda5c0000 - 0x00007ffbda63f000 	C:\WINDOWS\System32\bcryptPrimitives.dll
0x00007ffbb7270000 - 0x00007ffbb7299000 	C:\Program Files\Android\Android Studio\jre\bin\java.dll
0x00007ffbd7a30000 - 0x00007ffbd7a3b000 	C:\Program Files\Android\Android Studio\jre\bin\jimage.dll
0x00007ffbb8a30000 - 0x00007ffbb8a48000 	C:\Program Files\Android\Android Studio\jre\bin\zip.dll
0x00007ffbdc490000 - 0x00007ffbdcbc1000 	C:\WINDOWS\System32\SHELL32.dll
0x00007ffbd7e90000 - 0x00007ffbd861a000 	C:\WINDOWS\SYSTEM32\windows.storage.dll
0x00007ffbdb2e0000 - 0x00007ffbdb634000 	C:\WINDOWS\System32\combase.dll
0x00007ffbd9a50000 - 0x00007ffbd9a7b000 	C:\WINDOWS\SYSTEM32\Wldp.dll
0x00007ffbdc090000 - 0x00007ffbdc13e000 	C:\WINDOWS\System32\SHCORE.dll
0x00007ffbdb280000 - 0x00007ffbdb2d5000 	C:\WINDOWS\System32\shlwapi.dll
0x00007ffbda290000 - 0x00007ffbda2af000 	C:\WINDOWS\SYSTEM32\profapi.dll
0x00007ffbb7250000 - 0x00007ffbb726a000 	C:\Program Files\Android\Android Studio\jre\bin\net.dll
0x00007ffbcb380000 - 0x00007ffbcb482000 	C:\WINDOWS\SYSTEM32\WINHTTP.dll
0x00007ffbd9740000 - 0x00007ffbd97aa000 	C:\WINDOWS\system32\mswsock.dll
0x00007ffbb7230000 - 0x00007ffbb7244000 	C:\Program Files\Android\Android Studio\jre\bin\nio.dll
0x00007ffbd4fb0000 - 0x00007ffbd4fd7000 	C:\Users\HP\.gradle\wrapper\dists\gradle-2.14.1-all\native\8bec1ad78214c89d9ad589b4d07fe93259594b29d510b10fafb7a158f7737e5d\windows-amd64\native-platform.dll
0x00007ffbc2ab0000 - 0x00007ffbc2bed000 	C:\Users\HP\.gradle\wrapper\dists\gradle-2.14.1-all\native\53dbd7edfb1c66fb8903c78663c9afc45aea4f116125fa6feffd364cf09443e8\windows-amd64\native-platform-file-events.dll
0x00007ffbd5080000 - 0x00007ffbd508a000 	C:\Program Files\Android\Android Studio\jre\bin\management.dll
0x00007ffbd4320000 - 0x00007ffbd432c000 	C:\Program Files\Android\Android Studio\jre\bin\management_ext.dll
0x00007ffbd9fc0000 - 0x00007ffbd9fd8000 	C:\WINDOWS\SYSTEM32\CRYPTSP.dll
0x00007ffbd8e10000 - 0x00007ffbd8e44000 	C:\WINDOWS\system32\rsaenh.dll
0x00007ffbda940000 - 0x00007ffbda967000 	C:\WINDOWS\System32\bcrypt.dll
0x00007ffbda250000 - 0x00007ffbda27e000 	C:\WINDOWS\SYSTEM32\USERENV.dll
0x00007ffbd9910000 - 0x00007ffbd991c000 	C:\WINDOWS\SYSTEM32\CRYPTBASE.dll
0x00007ffbd9410000 - 0x00007ffbd944b000 	C:\WINDOWS\SYSTEM32\IPHLPAPI.DLL
0x00007ffbdbe30000 - 0x00007ffbdbe39000 	C:\WINDOWS\System32\NSI.dll
0x00007ffbd7c20000 - 0x00007ffbd7c37000 	C:\WINDOWS\SYSTEM32\dhcpcsvc6.DLL
0x00007ffbd7c00000 - 0x00007ffbd7c1d000 	C:\WINDOWS\SYSTEM32\dhcpcsvc.DLL
0x00007ffbd9450000 - 0x00007ffbd951a000 	C:\WINDOWS\SYSTEM32\DNSAPI.dll

dbghelp: loaded successfully - version: 4.0.5 - missing functions: none
symbol engine: initialized successfully - sym options: 0x614 - pdb path: .;C:\Program Files\Android\Android Studio\jre\bin;C:\WINDOWS\SYSTEM32;C:\WINDOWS\WinSxS\amd64_microsoft.windows.common-controls_6595b64144ccf1df_6.0.19041.1_none_b555e41d4684ddec;C:\Program Files\Android\Android Studio\jre\bin\server;C:\Users\HP\.gradle\wrapper\dists\gradle-2.14.1-all\native\8bec1ad78214c89d9ad589b4d07fe93259594b29d510b10fafb7a158f7737e5d\windows-amd64;C:\Users\HP\.gradle\wrapper\dists\gradle-2.14.1-all\native\53dbd7edfb1c66fb8903c78663c9afc45aea4f116125fa6feffd364cf09443e8\windows-amd64

VM Arguments:
jvm_args: --add-opens=java.base/java.util=ALL-UNNAMED --add-opens=java.base/java.lang=ALL-UNNAMED --add-opens=java.base/java.lang.invoke=ALL-UNNAMED --add-opens=java.base/java.util=ALL-UNNAMED --add-opens=java.prefs/java.util.prefs=ALL-UNNAMED --add-opens=java.prefs/java.util.prefs=ALL-UNNAMED --add-opens=java.base/java.nio.charset=ALL-UNNAMED --add-opens=java.base/java.net=ALL-UNNAMED --add-opens=java.base/java.util.concurrent.atomic=ALL-UNNAMED -Xmx1536m -Dfile.encoding=windows-1252 -Duser.country=US -Duser.language=en -Duser.variant 
java_command: org.gradle.launcher.daemon.bootstrap.GradleDaemon 7.0.2
java_class_path (initial): C:\Users\HP\.gradle\wrapper\dists\gradle-2.14.1-all\wrapper\dists\gradle-7.0.2-all\7era6s5ay7zsbhuvl0oc9g94s\gradle-7.0.2\lib\gradle-launcher-7.0.2.jar
Launcher Type: SUN_STANDARD

[Global flags]
     intx CICompilerCount                          = 3                                         {product} {ergonomic}
     uint ConcGCThreads                            = 1                                         {product} {ergonomic}
     uint G1ConcRefinementThreads                  = 4                                         {product} {ergonomic}
   size_t G1HeapRegionSize                         = 1048576                                   {product} {ergonomic}
    uintx GCDrainStackTargetSize                   = 64                                        {product} {ergonomic}
   size_t InitialHeapSize                          = 134217728                                 {product} {ergonomic}
   size_t MarkStackSize                            = 4194304                                   {product} {ergonomic}
   size_t MaxHeapSize                              = 1610612736                                {product} {command line}
   size_t MaxNewSize                               = 965738496                                 {product} {ergonomic}
   size_t MinHeapDeltaBytes                        = 1048576                                   {product} {ergonomic}
    uintx NonNMethodCodeHeapSize                   = 5830732                                {pd product} {ergonomic}
    uintx NonProfiledCodeHeapSize                  = 122913754                              {pd product} {ergonomic}
    uintx ProfiledCodeHeapSize                     = 122913754                              {pd product} {ergonomic}
    uintx ReservedCodeCacheSize                    = 251658240                              {pd product} {ergonomic}
     bool SegmentedCodeCache                       = true                                      {product} {ergonomic}
     bool UseCompressedClassPointers               = true                                 {lp64_product} {ergonomic}
     bool UseCompressedOops                        = true                                 {lp64_product} {ergonomic}
     bool UseG1GC                                  = true                                      {product} {ergonomic}
     bool UseLargePagesIndividualAllocation        = false                                  {pd product} {ergonomic}

Logging:
Log output configuration:
 #0: stdout all=warning uptime,level,tags
 #1: stderr all=off uptime,level,tags

Environment Variables:
PATH=C:\WINDOWS\system32;C:\WINDOWS;C:\WINDOWS\System32\Wbem;C:\WINDOWS\System32\WindowsPowerShell\v1.0\;C:\WINDOWS\System32\OpenSSH\;E:\New folder\;C:\Users\HP\AppData\Local\Microsoft\WindowsApps;E:\VS Code\Microsoft VS Code\bin;C:\Users\HP\AppData\Roaming\npm;C:\Users\HP\AppData\Local\GitHubDesktop\bin;C:\Users\HP\Flutter\flutter\bin;
USERNAME=HP
OS=Windows_NT
PROCESSOR_IDENTIFIER=Intel64 Family 6 Model 142 Stepping 9, GenuineIntel



---------------  S Y S T E M  ---------------

OS: Windows 10 , 64 bit Build 19041 (10.0.19041.1)
OS uptime: 0 days 2:23 hours

CPU:total 4 (initial active 4) (2 cores per cpu, 2 threads per core) family 6 model 142 stepping 9 microcode 0xb4, cmov, cx8, fxsr, mmx, sse, sse2, sse3, ssse3, sse4.1, sse4.2, popcnt, avx, avx2, aes, clmul, erms, 3dnowpref, lzcnt, ht, tsc, tscinvbit, bmi1, bmi2, adx, fma

Memory: 4k page, system-wide physical 8075M (2502M free)
TotalPageFile size 9355M (AvailPageFile size 3246M)
current process WorkingSet (physical memory assigned to process): 570M, peak: 588M
current process commit charge ("private bytes"): 602M, peak: 618M

vm_info: OpenJDK 64-Bit Server VM (11.0.10+0-b96-7249189) for windows-amd64 JRE (11.0.10+0-b96-7249189), built on Mar 31 2021 21:44:00 by "builder" with MS VC++ 14.0 (VS2015)

END.
