#
# A fatal error has been detected by the Java Runtime Environment:
#
#  EXCEPTION_ACCESS_VIOLATION (0xc0000005) at pc=0x00007ffc51575081, pid=6636, tid=2764
#
# JRE version: OpenJDK Runtime Environment (11.0.10) (build 11.0.10+0-b96-7249189)
# Java VM: OpenJDK 64-Bit Server VM (11.0.10+0-b96-7249189, mixed mode, tiered, compressed oops, g1 gc, windows-amd64)
# Problematic frame:
# V  [jvm.dll+0x115081]
#
# No core dump will be written. Minidumps are not enabled by default on client versions of Windows
#
# If you would like to submit a bug report, please visit:
#   https://bugreport.java.com/bugreport/crash.jsp
#

---------------  S U M M A R Y ------------

Command Line: --add-opens=java.base/java.util=ALL-UNNAMED --add-opens=java.base/java.lang=ALL-UNNAMED --add-opens=java.base/java.lang.invoke=ALL-UNNAMED --add-opens=java.base/java.util=ALL-UNNAMED --add-opens=java.prefs/java.util.prefs=ALL-UNNAMED --add-opens=java.prefs/java.util.prefs=ALL-UNNAMED --add-opens=java.base/java.nio.charset=ALL-UNNAMED --add-opens=java.base/java.net=ALL-UNNAMED --add-opens=java.base/java.util.concurrent.atomic=ALL-UNNAMED -Xmx1536m -Dfile.encoding=windows-1252 -Duser.country=US -Duser.language=en -Duser.variant org.gradle.launcher.daemon.bootstrap.GradleDaemon 7.0.2

Host: Intel(R) Core(TM) i3-7020U CPU @ 2.30GHz, 4 cores, 7G,  Windows 10 , 64 bit Build 19041 (10.0.19041.1)
Time: Mon Oct 25 17:53:03 2021 India Standard Time elapsed time: 779.047450 seconds (0d 0h 12m 59s)

---------------  T H R E A D  ---------------

Current thread (0x000001887cb8a800):  JavaThread "C2 CompilerThread1" daemon [_thread_in_native, id=2764, stack(0x0000006451400000,0x0000006451500000)]


Current CompileTask:
C2: 779047 20989       4       com.android.tools.r8.internal.Sr::a (282 bytes)

Stack: [0x0000006451400000,0x0000006451500000],  sp=0x00000064514fbd60,  free space=1007k
Native frames: (J=compiled Java code, j=interpreted, Vv=VM code, C=native code)
V  [jvm.dll+0x115081]
V  [jvm.dll+0x1143db]
V  [jvm.dll+0x5f2679]
V  [jvm.dll+0x1fb953]
V  [jvm.dll+0x1fa7f4]
V  [jvm.dll+0x18354c]
V  [jvm.dll+0x208ee7]
V  [jvm.dll+0x207731]
V  [jvm.dll+0x6eb1cf]
V  [jvm.dll+0x6e3d45]
V  [jvm.dll+0x5ebe96]
C  [ucrtbase.dll+0x21542]
C  [KERNEL32.DLL+0x16fd4]
C  [ntdll.dll+0x4cf31]


siginfo: EXCEPTION_ACCESS_VIOLATION (0xc0000005), reading address 0x000001881f7c83c2


Register to memory mapping:

RIP=0x00007ffc51575081 jvm.dll
RAX=0x00000188001082c0 points into unknown readable memory: 0xffffffffffffffff | ff ff ff ff ff ff ff ff
RBX=0x0000000000000002 is an unknown value
RCX=0x0000000007db0040 is an unknown value
RDX=0x0000000000000017 is an unknown value
RSP=0x00000064514fbd60 is pointing into the stack for thread: 0x000001887cb8a800
RBP=0x000001887ba53dc8 points into unknown readable memory: 0x00007ffc51c5c768 | 68 c7 c5 51 fc 7f 00 00
RSI=0x0000000000000014 is an unknown value
RDI=0x00000188022659f8 points into unknown readable memory: 0x0000018802265a90 | 90 5a 26 02 88 01 00 00
R8 =0x0000000000000016 is an unknown value
R9 =0x00000188022472c0 points into unknown readable memory: 0x00007ffc51c5c768 | 68 c7 c5 51 fc 7f 00 00
R10=0x00000064514fc0f0 is pointing into the stack for thread: 0x000001887cb8a800
R11=0x00000188068871d0 points into unknown readable memory: 0x0000018802638f00 | 00 8f 63 02 88 01 00 00
R12=0x0000000000000008 is an unknown value
R13=0x00000188066cf8d0 points into unknown readable memory: 0x00007ffc51c48568 | 68 85 c4 51 fc 7f 00 00
R14=0x0000018807feace0 points into unknown readable memory: 0x00000000c0c00000 | 00 00 c0 c0 00 00 00 00
R15=0x0000000000000008 is an unknown value


Registers:
RAX=0x00000188001082c0, RBX=0x0000000000000002, RCX=0x0000000007db0040, RDX=0x0000000000000017
RSP=0x00000064514fbd60, RBP=0x000001887ba53dc8, RSI=0x0000000000000014, RDI=0x00000188022659f8
R8 =0x0000000000000016, R9 =0x00000188022472c0, R10=0x00000064514fc0f0, R11=0x00000188068871d0
R12=0x0000000000000008, R13=0x00000188066cf8d0, R14=0x0000018807feace0, R15=0x0000000000000008
RIP=0x00007ffc51575081, EFLAGS=0x0000000000010283

Top of Stack: (sp=0x00000064514fbd60)
0x00000064514fbd60:   0000000000000050 000001887eb061e0
0x00000064514fbd70:   0000000000000014 00007ffc519f5c14
0x00000064514fbd80:   0000018807fca030 0000000000000014
0x00000064514fbd90:   000001887ebd82b8 0000000000000068
0x00000064514fbda0:   0000000000000000 00000188066cf8d0
0x00000064514fbdb0:   00007ffc51c49268 00000064514fe5e0
0x00000064514fbdc0:   00000064514fe5e0 000001887eb061e0
0x00000064514fbdd0:   0000000000000271 0000000000000000
0x00000064514fbde0:   00000064514fee88 00000064514fbea9
0x00000064514fbdf0:   0000000000000014 00007ffc515743db
0x00000064514fbe00:   00000064514fc0f0 00000064514fc050
0x00000064514fbe10:   00000064514fbe30 00007ffc00000014
0x00000064514fbe20:   000001887eb061e0 000001887effe760
0x00000064514fbe30:   0000000000000100 000001887eb061e0
0x00000064514fbe40:   000001887ed41e80 000000640000001d
0x00000064514fbe50:   0000018807e50838 000000000000068f 

Instructions: (pc=0x00007ffc51575081)
0x00007ffc51574f81:   41 0f af c4 4c 8d 04 83 45 85 e4 0f 8e 83 00 00
0x00007ffc51574f91:   00 41 83 fc 08 0f 82 79 00 00 00 41 8d 44 24 ff
0x00007ffc51574fa1:   48 63 c8 49 8d 04 88 49 8d 14 8e 4c 3b f0 77 05
0x00007ffc51574fb1:   49 3b d0 73 5f 41 8b cc 81 e1 07 00 00 80 7d 07
0x00007ffc51574fc1:   ff c9 83 c9 f8 ff c1 41 8b c4 2b c1 49 8b c8 48
0x00007ffc51574fd1:   63 d0 49 2b ce 49 8d 46 10 66 0f 1f 44 00 00 f3
0x00007ffc51574fe1:   0f 6f 40 f0 49 83 c1 08 f3 0f 6f 4c 01 f0 48 8d
0x00007ffc51574ff1:   40 20 66 0f eb c8 f3 0f 7f 48 d0 f3 0f 6f 54 01
0x00007ffc51575001:   e0 f3 0f 6f 40 e0 66 0f eb d0 f3 0f 7f 50 e0 4c
0x00007ffc51575011:   3b ca 7c cb 4c 3b ce 7d 26 4d 2b c6 4b 8d 04 8e
0x00007ffc51575021:   48 8b d6 49 2b d1 66 0f 1f 84 00 00 00 00 00 42
0x00007ffc51575031:   8b 0c 00 09 08 48 8d 40 04 48 83 ea 01 75 f0 41
0x00007ffc51575041:   ff c2 45 3b 55 48 0f 82 23 ff ff ff 45 8b 7d 28
0x00007ffc51575051:   41 83 ef 01 4d 63 e7 0f 88 72 02 00 00 66 90 45
0x00007ffc51575061:   3b 7d 18 73 0a 49 8b 45 20 4a 8b 3c e0 eb 02 33
0x00007ffc51575071:   ff 8b 4f 28 4c 8b 94 24 a0 00 00 00 49 8b 42 18
0x00007ffc51575081:   4c 0f bf 44 88 02 48 0f bf 14 88 41 83 f8 ff 74
0x00007ffc51575091:   19 49 8b c0 41 83 e0 1f 48 c1 f8 05 49 8d 0c 86
0x00007ffc515750a1:   41 8b 04 86 44 0f b3 c0 89 01 83 fa ff 74 17 48
0x00007ffc515750b1:   8b c2 83 e2 1f 48 c1 f8 05 49 8d 0c 86 41 8b 04
0x00007ffc515750c1:   86 0f b3 d0 89 01 0f b6 47 2c 33 ed 24 03 3c 02
0x00007ffc515750d1:   48 0f 44 ef 40 32 f6 48 85 ed 74 0c 0f b6 75 30
0x00007ffc515750e1:   40 c0 ee 05 40 80 e6 01 bb 01 00 00 00 39 5f 18
0x00007ffc515750f1:   0f 86 10 01 00 00 4c 8b 6c 24 30 0f 1f 40 00 48
0x00007ffc51575101:   8b 47 08 8b cb 4c 8b 0c c8 49 8b 42 18 41 8b 49
0x00007ffc51575111:   28 4c 0f bf 44 88 02 48 0f bf 14 88 41 83 f8 ff
0x00007ffc51575121:   74 19 49 8b c0 41 83 e0 1f 48 c1 f8 05 49 8d 0c
0x00007ffc51575131:   86 41 8b 04 86 44 0f ab c0 89 01 83 fa ff 74 17
0x00007ffc51575141:   48 8b c2 83 e2 1f 48 c1 f8 05 49 8d 0c 86 41 8b
0x00007ffc51575151:   04 86 0f ab d0 89 01 40 84 f6 0f 84 96 00 00 00
0x00007ffc51575161:   4d 3b cd 0f 85 8d 00 00 00 4c 8d 44 24 40 48 c7
0x00007ffc51575171:   44 24 40 00 00 00 00 48 8d 54 24 38 48 8b cd e8 


Stack slot to memory mapping:
stack at sp + 0 slots: 0x0000000000000050 is an unknown value
stack at sp + 1 slots: 0x000001887eb061e0 points into unknown readable memory: 0x006d006d00000006 | 06 00 00 00 6d 00 6d 00
stack at sp + 2 slots: 0x0000000000000014 is an unknown value
stack at sp + 3 slots: 0x00007ffc519f5c14 jvm.dll
stack at sp + 4 slots: 0x0000018807fca030 points into unknown readable memory: 0x0000000000000000 | 00 00 00 00 00 00 00 00
stack at sp + 5 slots: 0x0000000000000014 is an unknown value
stack at sp + 6 slots: 0x000001887ebd82b8 points into unknown readable memory: 0x00007ffc51bd0058 | 58 00 bd 51 fc 7f 00 00
stack at sp + 7 slots: 0x0000000000000068 is an unknown value


---------------  P R O C E S S  ---------------

Threads class SMR info:
_java_thread_list=0x000001880019b1a0, length=51, elements={
0x000001885f6f9000, 0x000001887878d800, 0x0000018878791000, 0x0000018878ffe000,
0x0000018879000800, 0x0000018879001800, 0x0000018879004800, 0x0000018879011000,
0x0000018879016000, 0x000001887916e800, 0x000001887b280000, 0x0000018879b17800,
0x000001887bb30800, 0x000001887a19f800, 0x000001887a1a3800, 0x000001887a1a0000,
0x000001887a1a1000, 0x000001887a1a4800, 0x000001887cac5000, 0x000001887cac1000,
0x000001887cac6000, 0x000001887cac7800, 0x000001887cace000, 0x000001887cac9800,
0x00000188009b7800, 0x00000188009bb800, 0x00000188009c2000, 0x00000188009b3800,
0x00000188009ba000, 0x00000188009b4000, 0x00000188009b5000, 0x00000188009bc800,
0x00000188009b6800, 0x00000188009be000, 0x00000188009b8000, 0x00000188009c1000,
0x00000188009be800, 0x000001887cb88000, 0x000001887cb89800, 0x000001887cb8a800,
0x000001887cb8b800, 0x000001887cb85800, 0x000001887cb87000, 0x000001887cb91000,
0x000001887cb8e800, 0x000001887cb8d800, 0x000001887cb8f800, 0x000001887cb92000,
0x000001887cb90000, 0x000001887cb8c000, 0x000001887cb93800
}

Java Threads: ( => current thread )
  0x000001885f6f9000 JavaThread "main" [_thread_blocked, id=3060, stack(0x000000644ef00000,0x000000644f000000)]
  0x000001887878d800 JavaThread "Reference Handler" daemon [_thread_blocked, id=7172, stack(0x000000644f600000,0x000000644f700000)]
  0x0000018878791000 JavaThread "Finalizer" daemon [_thread_blocked, id=5632, stack(0x000000644f700000,0x000000644f800000)]
  0x0000018878ffe000 JavaThread "Signal Dispatcher" daemon [_thread_blocked, id=8416, stack(0x000000644f800000,0x000000644f900000)]
  0x0000018879000800 JavaThread "Attach Listener" daemon [_thread_blocked, id=1812, stack(0x000000644f900000,0x000000644fa00000)]
  0x0000018879001800 JavaThread "Service Thread" daemon [_thread_blocked, id=6632, stack(0x000000644fa00000,0x000000644fb00000)]
  0x0000018879004800 JavaThread "C2 CompilerThread0" daemon [_thread_in_native, id=7944, stack(0x000000644fb00000,0x000000644fc00000)]
  0x0000018879011000 JavaThread "C1 CompilerThread0" daemon [_thread_blocked, id=4936, stack(0x000000644fc00000,0x000000644fd00000)]
  0x0000018879016000 JavaThread "Sweeper thread" daemon [_thread_blocked, id=3888, stack(0x000000644fd00000,0x000000644fe00000)]
  0x000001887916e800 JavaThread "Common-Cleaner" daemon [_thread_blocked, id=1976, stack(0x000000644fe00000,0x000000644ff00000)]
  0x000001887b280000 JavaThread "Daemon health stats" [_thread_blocked, id=8136, stack(0x0000006450300000,0x0000006450400000)]
  0x0000018879b17800 JavaThread "Incoming local TCP Connector on port 49872" [_thread_in_native, id=5392, stack(0x0000006450000000,0x0000006450100000)]
  0x000001887bb30800 JavaThread "Daemon periodic checks" [_thread_blocked, id=6840, stack(0x0000006450400000,0x0000006450500000)]
  0x000001887a19f800 JavaThread "Cache worker for file hash cache (C:\Users\HP\.gradle\wrapper\dists\gradle-2.14.1-all\caches\7.0.2\fileHashes)" [_thread_blocked, id=2692, stack(0x0000006450e00000,0x0000006450f00000)]
  0x000001887a1a3800 JavaThread "File lock request listener" [_thread_in_native, id=8944, stack(0x0000006450f00000,0x0000006451000000)]
  0x000001887a1a0000 JavaThread "Cache worker for journal cache (C:\Users\HP\.gradle\wrapper\dists\gradle-2.14.1-all\caches\journal-1)" [_thread_blocked, id=6696, stack(0x0000006451000000,0x0000006451100000)]
  0x000001887a1a1000 JavaThread "File watcher server" daemon [_thread_in_native, id=6548, stack(0x0000006451200000,0x0000006451300000)]
  0x000001887a1a4800 JavaThread "File watcher consumer" daemon [_thread_blocked, id=1264, stack(0x0000006451300000,0x0000006451400000)]
  0x000001887cac5000 JavaThread "Cache worker for execution history cache (C:\Users\HP\.gradle\wrapper\dists\gradle-2.14.1-all\caches\7.0.2\executionHistory)" [_thread_blocked, id=1800, stack(0x0000006451700000,0x0000006451800000)]
  0x000001887cac1000 JavaThread "jar transforms" [_thread_blocked, id=8092, stack(0x0000006451800000,0x0000006451900000)]
  0x000001887cac6000 JavaThread "jar transforms Thread 2" [_thread_blocked, id=7724, stack(0x0000006451900000,0x0000006451a00000)]
  0x000001887cac7800 JavaThread "Cache worker for file content cache (C:\Users\HP\.gradle\wrapper\dists\gradle-2.14.1-all\caches\7.0.2\fileContent)" [_thread_blocked, id=6844, stack(0x0000006451a00000,0x0000006451b00000)]
  0x000001887cace000 JavaThread "jar transforms Thread 3" [_thread_blocked, id=5744, stack(0x0000006451c00000,0x0000006451d00000)]
  0x000001887cac9800 JavaThread "jar transforms Thread 4" [_thread_blocked, id=7248, stack(0x0000006452200000,0x0000006452300000)]
  0x00000188009b7800 JavaThread "Memory manager" [_thread_blocked, id=5304, stack(0x0000006452300000,0x0000006452400000)]
  0x00000188009bb800 JavaThread "Cache worker for Java compile cache (C:\Users\HP\.gradle\wrapper\dists\gradle-2.14.1-all\caches\7.0.2\javaCompile)" [_thread_blocked, id=8976, stack(0x0000006452900000,0x0000006452a00000)]
  0x00000188009c2000 JavaThread "ForkJoinPool.commonPool-worker-5" daemon [_thread_blocked, id=3080, stack(0x0000006452f00000,0x0000006453000000)]
  0x00000188009b3800 JavaThread "Daemon Thread 4" [_thread_blocked, id=6388, stack(0x000000644ec00000,0x000000644ed00000)]
  0x00000188009ba000 JavaThread "Handler for socket connection from /127.0.0.1:49872 to /127.0.0.1:50006" [_thread_in_native, id=2904, stack(0x000000644ed00000,0x000000644ee00000)]
  0x00000188009b4000 JavaThread "Cancel handler" [_thread_blocked, id=188, stack(0x000000644ee00000,0x000000644ef00000)]
  0x00000188009b5000 JavaThread "Daemon worker Thread 4" [_thread_blocked, id=1724, stack(0x0000006450600000,0x0000006450700000)]
  0x00000188009bc800 JavaThread "Asynchronous log dispatcher for DefaultDaemonConnection: socket connection from /127.0.0.1:49872 to /127.0.0.1:50006" [_thread_blocked, id=7068, stack(0x0000006450700000,0x0000006450800000)]
  0x00000188009b6800 JavaThread "Stdin handler" [_thread_blocked, id=4664, stack(0x0000006450800000,0x0000006450900000)]
  0x00000188009be000 JavaThread "Daemon client event forwarder" [_thread_blocked, id=4164, stack(0x0000006450900000,0x0000006450a00000)]
  0x00000188009b8000 JavaThread "Cache worker for file hash cache (C:\Users\HP\AndroidStudioProjects\QuizzerExtended\QuizzerClass\.gradle\7.0.2\fileHashes)" [_thread_blocked, id=4888, stack(0x0000006450a00000,0x0000006450b00000)]
  0x00000188009c1000 JavaThread "Cache worker for checksums cache (C:\Users\HP\AndroidStudioProjects\QuizzerExtended\QuizzerClass\.gradle\checksums)" [_thread_blocked, id=8504, stack(0x0000006450b00000,0x0000006450c00000)]
  0x00000188009be800 JavaThread "Cache worker for cache directory md-supplier (C:\Users\HP\.gradle\wrapper\dists\gradle-2.14.1-all\caches\7.0.2\md-supplier)" [_thread_blocked, id=2084, stack(0x0000006450c00000,0x0000006450d00000)]
  0x000001887cb88000 JavaThread "Cache worker for cache directory md-rule (C:\Users\HP\.gradle\wrapper\dists\gradle-2.14.1-all\caches\7.0.2\md-rule)" [_thread_blocked, id=8688, stack(0x0000006450d00000,0x0000006450e00000)]
  0x000001887cb89800 JavaThread "Cache worker for dependencies-accessors (C:\Users\HP\AndroidStudioProjects\QuizzerExtended\QuizzerClass\.gradle\7.0.2\dependencies-accessors)" [_thread_blocked, id=3048, stack(0x0000006451100000,0x0000006451200000)]
=>0x000001887cb8a800 JavaThread "C2 CompilerThread1" daemon [_thread_in_native, id=2764, stack(0x0000006451400000,0x0000006451500000)]
  0x000001887cb8b800 JavaThread "Cache worker for Build Output Cleanup Cache (C:\Users\HP\AndroidStudioProjects\QuizzerExtended\QuizzerClass\.gradle\buildOutputCleanup)" [_thread_blocked, id=784, stack(0x0000006451500000,0x0000006451600000)]
  0x000001887cb85800 JavaThread "Build operations" [_thread_in_Java, id=2960, stack(0x0000006451600000,0x0000006451700000)]
  0x000001887cb87000 JavaThread "Build operations Thread 2" [_thread_in_Java, id=2924, stack(0x0000006451b00000,0x0000006451c00000)]
  0x000001887cb91000 JavaThread "Build operations Thread 3" [_thread_in_vm, id=8440, stack(0x0000006451d00000,0x0000006451e00000)]
  0x000001887cb8e800 JavaThread "Build operations Thread 4" [_thread_in_Java, id=7436, stack(0x0000006451e00000,0x0000006451f00000)]
  0x000001887cb8d800 JavaThread "build event listener" [_thread_blocked, id=7748, stack(0x0000006451f00000,0x0000006452000000)]
  0x000001887cb8f800 JavaThread "Execution worker for ':'" [_thread_blocked, id=9092, stack(0x0000006452000000,0x0000006452100000)]
  0x000001887cb92000 JavaThread "Execution worker for ':' Thread 2" [_thread_blocked, id=524, stack(0x0000006452100000,0x0000006452200000)]
  0x000001887cb90000 JavaThread "Execution worker for ':' Thread 3" [_thread_blocked, id=6612, stack(0x0000006452400000,0x0000006452500000)]
  0x000001887cb8c000 JavaThread "Cache worker for execution history cache (C:\Users\HP\AndroidStudioProjects\QuizzerExtended\QuizzerClass\.gradle\7.0.2\executionHistory)" [_thread_blocked, id=1788, stack(0x0000006452500000,0x0000006452600000)]
  0x000001887cb93800 JavaThread "WorkerExecutor Queue" [_thread_blocked, id=7040, stack(0x0000006452600000,0x0000006452700000)]

Other Threads:
  0x000001887876a800 VMThread "VM Thread" [stack: 0x000000644f500000,0x000000644f600000] [id=7348]
  0x000001887918d800 WatcherThread [stack: 0x000000644ff00000,0x0000006450000000] [id=8672]
  0x000001885f712000 GCTaskThread "GC Thread#0" [stack: 0x000000644f000000,0x000000644f100000] [id=8452]
  0x0000018879666800 GCTaskThread "GC Thread#1" [stack: 0x0000006450100000,0x0000006450200000] [id=8180]
  0x0000018879cb0000 GCTaskThread "GC Thread#2" [stack: 0x0000006450200000,0x0000006450300000] [id=8176]
  0x000001887c12c800 GCTaskThread "GC Thread#3" [stack: 0x0000006450500000,0x0000006450600000] [id=8844]
  0x000001885f739000 ConcurrentGCThread "G1 Main Marker" [stack: 0x000000644f100000,0x000000644f200000] [id=1340]
  0x000001885f73a000 ConcurrentGCThread "G1 Conc#0" [stack: 0x000000644f200000,0x000000644f300000] [id=8480]
  0x000001885f7de000 ConcurrentGCThread "G1 Refine#0" [stack: 0x000000644f300000,0x000000644f400000] [id=6304]
  0x00000188785d7800 ConcurrentGCThread "G1 Young RemSet Sampling" [stack: 0x000000644f400000,0x000000644f500000] [id=8160]

Threads with active compile tasks:
C2 CompilerThread0 779304 20991       4       com.android.tools.r8.internal.Lv::a (455 bytes)
C2 CompilerThread1 779304 20989       4       com.android.tools.r8.internal.Sr::a (282 bytes)

VM state:not at safepoint (normal execution)

VM Mutex/Monitor currently owned by a thread: None

Heap address: 0x00000000a0000000, size: 1536 MB, Compressed Oops mode: 32-bit
Narrow klass base: 0x0000000000000000, Narrow klass shift: 3
Compressed class space size: 1073741824 Address: 0x0000000100000000

Heap:
 garbage-first heap   total 225280K, used 136127K [0x00000000a0000000, 0x0000000100000000)
  region size 1024K, 24 young (24576K), 4 survivors (4096K)
 Metaspace       used 114974K, capacity 118103K, committed 118432K, reserved 1153024K
  class space    used 14444K, capacity 15626K, committed 15776K, reserved 1048576K
Heap Regions: E=young(eden), S=young(survivor), O=old, HS=humongous(starts), HC=humongous(continues), CS=collection set, F=free, A=archive, TAMS=top-at-mark-start (previous, next)
|   0|0x00000000a0000000, 0x00000000a0100000, 0x00000000a0100000|100%|HS|  |TAMS 0x00000000a0100000, 0x00000000a0100000| Complete 
|   1|0x00000000a0100000, 0x00000000a0200000, 0x00000000a0200000|100%|HC|  |TAMS 0x00000000a0200000, 0x00000000a0200000| Complete 
|   2|0x00000000a0200000, 0x00000000a0300000, 0x00000000a0300000|100%|HC|  |TAMS 0x00000000a0300000, 0x00000000a0300000| Complete 
|   3|0x00000000a0300000, 0x00000000a0400000, 0x00000000a0400000|100%| O|  |TAMS 0x00000000a0400000, 0x00000000a0400000| Untracked 
|   4|0x00000000a0400000, 0x00000000a0500000, 0x00000000a0500000|100%| O|  |TAMS 0x00000000a0500000, 0x00000000a0500000| Untracked 
|   5|0x00000000a0500000, 0x00000000a0600000, 0x00000000a0600000|100%| O|  |TAMS 0x00000000a0600000, 0x00000000a0600000| Untracked 
|   6|0x00000000a0600000, 0x00000000a0700000, 0x00000000a0700000|100%| O|  |TAMS 0x00000000a0700000, 0x00000000a0700000| Untracked 
|   7|0x00000000a0700000, 0x00000000a0800000, 0x00000000a0800000|100%| O|  |TAMS 0x00000000a0800000, 0x00000000a0800000| Untracked 
|   8|0x00000000a0800000, 0x00000000a0900000, 0x00000000a0900000|100%| O|  |TAMS 0x00000000a0900000, 0x00000000a0900000| Untracked 
|   9|0x00000000a0900000, 0x00000000a0a00000, 0x00000000a0a00000|100%| O|  |TAMS 0x00000000a0a00000, 0x00000000a0a00000| Untracked 
|  10|0x00000000a0a00000, 0x00000000a0b00000, 0x00000000a0b00000|100%| O|  |TAMS 0x00000000a0b00000, 0x00000000a0b00000| Untracked 
|  11|0x00000000a0b00000, 0x00000000a0c00000, 0x00000000a0c00000|100%| O|  |TAMS 0x00000000a0c00000, 0x00000000a0c00000| Untracked 
|  12|0x00000000a0c00000, 0x00000000a0d00000, 0x00000000a0d00000|100%| O|  |TAMS 0x00000000a0d00000, 0x00000000a0d00000| Untracked 
|  13|0x00000000a0d00000, 0x00000000a0e00000, 0x00000000a0e00000|100%| O|  |TAMS 0x00000000a0e00000, 0x00000000a0e00000| Untracked 
|  14|0x00000000a0e00000, 0x00000000a0f00000, 0x00000000a0f00000|100%| O|  |TAMS 0x00000000a0f00000, 0x00000000a0f00000| Untracked 
|  15|0x00000000a0f00000, 0x00000000a1000000, 0x00000000a1000000|100%| O|  |TAMS 0x00000000a1000000, 0x00000000a1000000| Untracked 
|  16|0x00000000a1000000, 0x00000000a1100000, 0x00000000a1100000|100%| O|  |TAMS 0x00000000a1100000, 0x00000000a1100000| Untracked 
|  17|0x00000000a1100000, 0x00000000a1200000, 0x00000000a1200000|100%| O|  |TAMS 0x00000000a1200000, 0x00000000a1200000| Untracked 
|  18|0x00000000a1200000, 0x00000000a1300000, 0x00000000a1300000|100%| O|  |TAMS 0x00000000a1300000, 0x00000000a1300000| Untracked 
|  19|0x00000000a1300000, 0x00000000a1400000, 0x00000000a1400000|100%| O|  |TAMS 0x00000000a1400000, 0x00000000a1400000| Untracked 
|  20|0x00000000a1400000, 0x00000000a1500000, 0x00000000a1500000|100%| O|  |TAMS 0x00000000a1500000, 0x00000000a1500000| Untracked 
|  21|0x00000000a1500000, 0x00000000a1600000, 0x00000000a1600000|100%| O|  |TAMS 0x00000000a1600000, 0x00000000a1600000| Untracked 
|  22|0x00000000a1600000, 0x00000000a1700000, 0x00000000a1700000|100%|HS|  |TAMS 0x00000000a1700000, 0x00000000a1700000| Complete 
|  23|0x00000000a1700000, 0x00000000a1800000, 0x00000000a1800000|100%|HS|  |TAMS 0x00000000a1800000, 0x00000000a1800000| Complete 
|  24|0x00000000a1800000, 0x00000000a1900000, 0x00000000a1900000|100%|HS|  |TAMS 0x00000000a1900000, 0x00000000a1900000| Complete 
|  25|0x00000000a1900000, 0x00000000a1a00000, 0x00000000a1a00000|100%|HC|  |TAMS 0x00000000a1a00000, 0x00000000a1a00000| Complete 
|  26|0x00000000a1a00000, 0x00000000a1b00000, 0x00000000a1b00000|100%| O|  |TAMS 0x00000000a1b00000, 0x00000000a1b00000| Untracked 
|  27|0x00000000a1b00000, 0x00000000a1c00000, 0x00000000a1c00000|100%| O|  |TAMS 0x00000000a1c00000, 0x00000000a1c00000| Untracked 
|  28|0x00000000a1c00000, 0x00000000a1d00000, 0x00000000a1d00000|100%| O|  |TAMS 0x00000000a1d00000, 0x00000000a1d00000| Untracked 
|  29|0x00000000a1d00000, 0x00000000a1e00000, 0x00000000a1e00000|100%| O|  |TAMS 0x00000000a1e00000, 0x00000000a1e00000| Untracked 
|  30|0x00000000a1e00000, 0x00000000a1f00000, 0x00000000a1f00000|100%| O|  |TAMS 0x00000000a1f00000, 0x00000000a1f00000| Untracked 
|  31|0x00000000a1f00000, 0x00000000a2000000, 0x00000000a2000000|100%| O|  |TAMS 0x00000000a2000000, 0x00000000a2000000| Untracked 
|  32|0x00000000a2000000, 0x00000000a2100000, 0x00000000a2100000|100%| O|  |TAMS 0x00000000a2100000, 0x00000000a2100000| Untracked 
|  33|0x00000000a2100000, 0x00000000a2200000, 0x00000000a2200000|100%| O|  |TAMS 0x00000000a2200000, 0x00000000a2200000| Untracked 
|  34|0x00000000a2200000, 0x00000000a2300000, 0x00000000a2300000|100%| O|  |TAMS 0x00000000a2300000, 0x00000000a2300000| Untracked 
|  35|0x00000000a2300000, 0x00000000a2400000, 0x00000000a2400000|100%| O|  |TAMS 0x00000000a2400000, 0x00000000a2400000| Untracked 
|  36|0x00000000a2400000, 0x00000000a2500000, 0x00000000a2500000|100%| O|  |TAMS 0x00000000a2500000, 0x00000000a2500000| Untracked 
|  37|0x00000000a2500000, 0x00000000a2600000, 0x00000000a2600000|100%| O|  |TAMS 0x00000000a2600000, 0x00000000a2600000| Untracked 
|  38|0x00000000a2600000, 0x00000000a2700000, 0x00000000a2700000|100%| O|  |TAMS 0x00000000a2700000, 0x00000000a2700000| Untracked 
|  39|0x00000000a2700000, 0x00000000a2800000, 0x00000000a2800000|100%| O|  |TAMS 0x00000000a2800000, 0x00000000a2800000| Untracked 
|  40|0x00000000a2800000, 0x00000000a2900000, 0x00000000a2900000|100%| O|  |TAMS 0x00000000a2900000, 0x00000000a2900000| Untracked 
|  41|0x00000000a2900000, 0x00000000a2a00000, 0x00000000a2a00000|100%| O|  |TAMS 0x00000000a2a00000, 0x00000000a2a00000| Untracked 
|  42|0x00000000a2a00000, 0x00000000a2b00000, 0x00000000a2b00000|100%| O|  |TAMS 0x00000000a2b00000, 0x00000000a2b00000| Untracked 
|  43|0x00000000a2b00000, 0x00000000a2c00000, 0x00000000a2c00000|100%| O|  |TAMS 0x00000000a2c00000, 0x00000000a2c00000| Untracked 
|  44|0x00000000a2c00000, 0x00000000a2d00000, 0x00000000a2d00000|100%| O|  |TAMS 0x00000000a2d00000, 0x00000000a2d00000| Untracked 
|  45|0x00000000a2d00000, 0x00000000a2e00000, 0x00000000a2e00000|100%| O|  |TAMS 0x00000000a2e00000, 0x00000000a2e00000| Untracked 
|  46|0x00000000a2e00000, 0x00000000a2f00000, 0x00000000a2f00000|100%| O|  |TAMS 0x00000000a2f00000, 0x00000000a2f00000| Untracked 
|  47|0x00000000a2f00000, 0x00000000a3000000, 0x00000000a3000000|100%| O|  |TAMS 0x00000000a3000000, 0x00000000a3000000| Untracked 
|  48|0x00000000a3000000, 0x00000000a3100000, 0x00000000a3100000|100%| O|  |TAMS 0x00000000a3100000, 0x00000000a3100000| Untracked 
|  49|0x00000000a3100000, 0x00000000a3200000, 0x00000000a3200000|100%| O|  |TAMS 0x00000000a3200000, 0x00000000a3200000| Untracked 
|  50|0x00000000a3200000, 0x00000000a3300000, 0x00000000a3300000|100%| O|  |TAMS 0x00000000a3300000, 0x00000000a3300000| Untracked 
|  51|0x00000000a3300000, 0x00000000a3400000, 0x00000000a3400000|100%| O|  |TAMS 0x00000000a3400000, 0x00000000a3400000| Untracked 
|  52|0x00000000a3400000, 0x00000000a3500000, 0x00000000a3500000|100%| O|  |TAMS 0x00000000a3500000, 0x00000000a3500000| Untracked 
|  53|0x00000000a3500000, 0x00000000a3600000, 0x00000000a3600000|100%| O|  |TAMS 0x00000000a3600000, 0x00000000a3600000| Untracked 
|  54|0x00000000a3600000, 0x00000000a3700000, 0x00000000a3700000|100%| O|  |TAMS 0x00000000a3700000, 0x00000000a3700000| Untracked 
|  55|0x00000000a3700000, 0x00000000a3800000, 0x00000000a3800000|100%| O|  |TAMS 0x00000000a3800000, 0x00000000a3800000| Untracked 
|  56|0x00000000a3800000, 0x00000000a3900000, 0x00000000a3900000|100%| O|  |TAMS 0x00000000a3900000, 0x00000000a3900000| Untracked 
|  57|0x00000000a3900000, 0x00000000a3a00000, 0x00000000a3a00000|100%| O|  |TAMS 0x00000000a3a00000, 0x00000000a3a00000| Untracked 
|  58|0x00000000a3a00000, 0x00000000a3b00000, 0x00000000a3b00000|100%| O|  |TAMS 0x00000000a3b00000, 0x00000000a3b00000| Untracked 
|  59|0x00000000a3b00000, 0x00000000a3c00000, 0x00000000a3c00000|100%| O|  |TAMS 0x00000000a3c00000, 0x00000000a3c00000| Untracked 
|  60|0x00000000a3c00000, 0x00000000a3d00000, 0x00000000a3d00000|100%| O|  |TAMS 0x00000000a3d00000, 0x00000000a3d00000| Untracked 
|  61|0x00000000a3d00000, 0x00000000a3e00000, 0x00000000a3e00000|100%| O|  |TAMS 0x00000000a3e00000, 0x00000000a3e00000| Untracked 
|  62|0x00000000a3e00000, 0x00000000a3f00000, 0x00000000a3f00000|100%| O|  |TAMS 0x00000000a3f00000, 0x00000000a3f00000| Untracked 
|  63|0x00000000a3f00000, 0x00000000a4000000, 0x00000000a4000000|100%| O|  |TAMS 0x00000000a4000000, 0x00000000a4000000| Untracked 
|  64|0x00000000a4000000, 0x00000000a4100000, 0x00000000a4100000|100%| O|  |TAMS 0x00000000a4100000, 0x00000000a4100000| Untracked 
|  65|0x00000000a4100000, 0x00000000a4200000, 0x00000000a4200000|100%| O|  |TAMS 0x00000000a4200000, 0x00000000a4200000| Untracked 
|  66|0x00000000a4200000, 0x00000000a4300000, 0x00000000a4300000|100%| O|  |TAMS 0x00000000a4300000, 0x00000000a4300000| Untracked 
|  67|0x00000000a4300000, 0x00000000a4400000, 0x00000000a4400000|100%| O|  |TAMS 0x00000000a4400000, 0x00000000a4400000| Untracked 
|  68|0x00000000a4400000, 0x00000000a4500000, 0x00000000a4500000|100%| O|  |TAMS 0x00000000a4400000, 0x00000000a4500000| Untracked 
|  69|0x00000000a4500000, 0x00000000a4600000, 0x00000000a4600000|100%| O|  |TAMS 0x00000000a4600000, 0x00000000a4600000| Untracked 
|  70|0x00000000a4600000, 0x00000000a4700000, 0x00000000a4700000|100%| O|  |TAMS 0x00000000a4700000, 0x00000000a4700000| Untracked 
|  71|0x00000000a4700000, 0x00000000a4800000, 0x00000000a4800000|100%| O|  |TAMS 0x00000000a4800000, 0x00000000a4800000| Untracked 
|  72|0x00000000a4800000, 0x00000000a4900000, 0x00000000a4900000|100%| O|  |TAMS 0x00000000a4900000, 0x00000000a4900000| Untracked 
|  73|0x00000000a4900000, 0x00000000a4a00000, 0x00000000a4a00000|100%| O|  |TAMS 0x00000000a4a00000, 0x00000000a4a00000| Untracked 
|  74|0x00000000a4a00000, 0x00000000a4b00000, 0x00000000a4b00000|100%| O|  |TAMS 0x00000000a4b00000, 0x00000000a4b00000| Untracked 
|  75|0x00000000a4b00000, 0x00000000a4c00000, 0x00000000a4c00000|100%| O|  |TAMS 0x00000000a4c00000, 0x00000000a4c00000| Untracked 
|  76|0x00000000a4c00000, 0x00000000a4d00000, 0x00000000a4d00000|100%| O|  |TAMS 0x00000000a4d00000, 0x00000000a4d00000| Untracked 
|  77|0x00000000a4d00000, 0x00000000a4e00000, 0x00000000a4e00000|100%| O|  |TAMS 0x00000000a4e00000, 0x00000000a4e00000| Untracked 
|  78|0x00000000a4e00000, 0x00000000a4f00000, 0x00000000a4f00000|100%| O|  |TAMS 0x00000000a4f00000, 0x00000000a4f00000| Untracked 
|  79|0x00000000a4f00000, 0x00000000a5000000, 0x00000000a5000000|100%| O|  |TAMS 0x00000000a5000000, 0x00000000a5000000| Untracked 
|  80|0x00000000a5000000, 0x00000000a5100000, 0x00000000a5100000|100%| O|  |TAMS 0x00000000a5100000, 0x00000000a5100000| Untracked 
|  81|0x00000000a5100000, 0x00000000a5100000, 0x00000000a5200000|  0%| F|  |TAMS 0x00000000a5100000, 0x00000000a5100000| Untracked 
|  82|0x00000000a5200000, 0x00000000a5300000, 0x00000000a5300000|100%| O|  |TAMS 0x00000000a5300000, 0x00000000a5300000| Untracked 
|  83|0x00000000a5300000, 0x00000000a5400000, 0x00000000a5400000|100%| O|  |TAMS 0x00000000a5400000, 0x00000000a5400000| Untracked 
|  84|0x00000000a5400000, 0x00000000a5500000, 0x00000000a5500000|100%| O|  |TAMS 0x00000000a5500000, 0x00000000a5500000| Untracked 
|  85|0x00000000a5500000, 0x00000000a5600000, 0x00000000a5600000|100%| O|  |TAMS 0x00000000a5600000, 0x00000000a5600000| Untracked 
|  86|0x00000000a5600000, 0x00000000a5700000, 0x00000000a5700000|100%| O|  |TAMS 0x00000000a5700000, 0x00000000a5700000| Untracked 
|  87|0x00000000a5700000, 0x00000000a5800000, 0x00000000a5800000|100%| O|  |TAMS 0x00000000a5800000, 0x00000000a5800000| Untracked 
|  88|0x00000000a5800000, 0x00000000a5900000, 0x00000000a5900000|100%| O|  |TAMS 0x00000000a5900000, 0x00000000a5900000| Untracked 
|  89|0x00000000a5900000, 0x00000000a5a00000, 0x00000000a5a00000|100%| O|  |TAMS 0x00000000a5a00000, 0x00000000a5a00000| Untracked 
|  90|0x00000000a5a00000, 0x00000000a5b00000, 0x00000000a5b00000|100%| O|  |TAMS 0x00000000a5b00000, 0x00000000a5b00000| Untracked 
|  91|0x00000000a5b00000, 0x00000000a5c00000, 0x00000000a5c00000|100%| O|  |TAMS 0x00000000a5c00000, 0x00000000a5c00000| Untracked 
|  92|0x00000000a5c00000, 0x00000000a5d00000, 0x00000000a5d00000|100%| O|  |TAMS 0x00000000a5d00000, 0x00000000a5d00000| Untracked 
|  93|0x00000000a5d00000, 0x00000000a5e00000, 0x00000000a5e00000|100%| O|  |TAMS 0x00000000a5e00000, 0x00000000a5e00000| Untracked 
|  94|0x00000000a5e00000, 0x00000000a5f00000, 0x00000000a5f00000|100%| O|  |TAMS 0x00000000a5f00000, 0x00000000a5f00000| Untracked 
|  95|0x00000000a5f00000, 0x00000000a6000000, 0x00000000a6000000|100%| O|  |TAMS 0x00000000a6000000, 0x00000000a6000000| Untracked 
|  96|0x00000000a6000000, 0x00000000a6100000, 0x00000000a6100000|100%| O|  |TAMS 0x00000000a6100000, 0x00000000a6100000| Untracked 
|  97|0x00000000a6100000, 0x00000000a6200000, 0x00000000a6200000|100%| O|  |TAMS 0x00000000a6200000, 0x00000000a6200000| Untracked 
|  98|0x00000000a6200000, 0x00000000a6300000, 0x00000000a6300000|100%| O|  |TAMS 0x00000000a6300000, 0x00000000a6300000| Untracked 
|  99|0x00000000a6300000, 0x00000000a6400000, 0x00000000a6400000|100%| O|  |TAMS 0x00000000a6400000, 0x00000000a6400000| Untracked 
| 100|0x00000000a6400000, 0x00000000a6500000, 0x00000000a6500000|100%| O|  |TAMS 0x00000000a6500000, 0x00000000a6500000| Untracked 
| 101|0x00000000a6500000, 0x00000000a6600000, 0x00000000a6600000|100%| O|  |TAMS 0x00000000a6600000, 0x00000000a6600000| Untracked 
| 102|0x00000000a6600000, 0x00000000a6700000, 0x00000000a6700000|100%| O|  |TAMS 0x00000000a6700000, 0x00000000a6700000| Untracked 
| 103|0x00000000a6700000, 0x00000000a6800000, 0x00000000a6800000|100%| O|  |TAMS 0x00000000a6800000, 0x00000000a6800000| Untracked 
| 104|0x00000000a6800000, 0x00000000a6900000, 0x00000000a6900000|100%| O|  |TAMS 0x00000000a6900000, 0x00000000a6900000| Untracked 
| 105|0x00000000a6900000, 0x00000000a696a000, 0x00000000a6a00000| 41%| O|  |TAMS 0x00000000a6900000, 0x00000000a696a000| Untracked 
| 106|0x00000000a6a00000, 0x00000000a6a00000, 0x00000000a6b00000|  0%| F|  |TAMS 0x00000000a6a00000, 0x00000000a6a00000| Untracked 
| 107|0x00000000a6b00000, 0x00000000a6b00000, 0x00000000a6c00000|  0%| F|  |TAMS 0x00000000a6b00000, 0x00000000a6b00000| Untracked 
| 108|0x00000000a6c00000, 0x00000000a6d00000, 0x00000000a6d00000|100%| O|  |TAMS 0x00000000a6d00000, 0x00000000a6d00000| Untracked 
| 109|0x00000000a6d00000, 0x00000000a6e00000, 0x00000000a6e00000|100%| O|  |TAMS 0x00000000a6e00000, 0x00000000a6e00000| Untracked 
| 110|0x00000000a6e00000, 0x00000000a6f00000, 0x00000000a6f00000|100%| O|  |TAMS 0x00000000a6f00000, 0x00000000a6f00000| Untracked 
| 111|0x00000000a6f00000, 0x00000000a6f00000, 0x00000000a7000000|  0%| F|  |TAMS 0x00000000a6f00000, 0x00000000a6f00000| Untracked 
| 112|0x00000000a7000000, 0x00000000a7000000, 0x00000000a7100000|  0%| F|  |TAMS 0x00000000a7000000, 0x00000000a7000000| Untracked 
| 113|0x00000000a7100000, 0x00000000a7100000, 0x00000000a7200000|  0%| F|  |TAMS 0x00000000a7100000, 0x00000000a7100000| Untracked 
| 114|0x00000000a7200000, 0x00000000a7200000, 0x00000000a7300000|  0%| F|  |TAMS 0x00000000a7200000, 0x00000000a7200000| Untracked 
| 115|0x00000000a7300000, 0x00000000a7300000, 0x00000000a7400000|  0%| F|  |TAMS 0x00000000a7300000, 0x00000000a7300000| Untracked 
| 116|0x00000000a7400000, 0x00000000a7400000, 0x00000000a7500000|  0%| F|  |TAMS 0x00000000a7400000, 0x00000000a7400000| Untracked 
| 117|0x00000000a7500000, 0x00000000a7500000, 0x00000000a7600000|  0%| F|  |TAMS 0x00000000a7500000, 0x00000000a7500000| Untracked 
| 118|0x00000000a7600000, 0x00000000a7700000, 0x00000000a7700000|100%| O|  |TAMS 0x00000000a7700000, 0x00000000a7700000| Untracked 
| 119|0x00000000a7700000, 0x00000000a7800000, 0x00000000a7800000|100%| O|  |TAMS 0x00000000a7800000, 0x00000000a7800000| Untracked 
| 120|0x00000000a7800000, 0x00000000a7900000, 0x00000000a7900000|100%| O|  |TAMS 0x00000000a78aa000, 0x00000000a7900000| Untracked 
| 121|0x00000000a7900000, 0x00000000a7900000, 0x00000000a7a00000|  0%| F|  |TAMS 0x00000000a7900000, 0x00000000a7900000| Untracked 
| 122|0x00000000a7a00000, 0x00000000a7a00000, 0x00000000a7b00000|  0%| F|  |TAMS 0x00000000a7a00000, 0x00000000a7a00000| Untracked 
| 123|0x00000000a7b00000, 0x00000000a7b00000, 0x00000000a7c00000|  0%| F|  |TAMS 0x00000000a7b00000, 0x00000000a7b00000| Untracked 
| 124|0x00000000a7c00000, 0x00000000a7c00000, 0x00000000a7d00000|  0%| F|  |TAMS 0x00000000a7c00000, 0x00000000a7c00000| Untracked 
| 125|0x00000000a7d00000, 0x00000000a7d00000, 0x00000000a7e00000|  0%| F|  |TAMS 0x00000000a7d00000, 0x00000000a7d00000| Untracked 
| 126|0x00000000a7e00000, 0x00000000a7e00000, 0x00000000a7f00000|  0%| F|  |TAMS 0x00000000a7e00000, 0x00000000a7e00000| Untracked 
| 127|0x00000000a7f00000, 0x00000000a7f00000, 0x00000000a8000000|  0%| F|  |TAMS 0x00000000a7f00000, 0x00000000a7f00000| Untracked 
| 128|0x00000000a8000000, 0x00000000a8000000, 0x00000000a8100000|  0%| F|  |TAMS 0x00000000a8000000, 0x00000000a8000000| Untracked 
| 129|0x00000000a8100000, 0x00000000a8100000, 0x00000000a8200000|  0%| F|  |TAMS 0x00000000a8100000, 0x00000000a8100000| Untracked 
| 130|0x00000000a8200000, 0x00000000a8200000, 0x00000000a8300000|  0%| F|  |TAMS 0x00000000a8200000, 0x00000000a8200000| Untracked 
| 131|0x00000000a8300000, 0x00000000a8300000, 0x00000000a8400000|  0%| F|  |TAMS 0x00000000a8300000, 0x00000000a8300000| Untracked 
| 132|0x00000000a8400000, 0x00000000a8400000, 0x00000000a8500000|  0%| F|  |TAMS 0x00000000a8400000, 0x00000000a8400000| Untracked 
| 133|0x00000000a8500000, 0x00000000a8500000, 0x00000000a8600000|  0%| F|  |TAMS 0x00000000a8500000, 0x00000000a8500000| Untracked 
| 134|0x00000000a8600000, 0x00000000a8700000, 0x00000000a8700000|100%| O|  |TAMS 0x00000000a8700000, 0x00000000a8700000| Untracked 
| 135|0x00000000a8700000, 0x00000000a8700000, 0x00000000a8800000|  0%| F|  |TAMS 0x00000000a8700000, 0x00000000a8700000| Untracked 
| 136|0x00000000a8800000, 0x00000000a8800000, 0x00000000a8900000|  0%| F|  |TAMS 0x00000000a8800000, 0x00000000a8800000| Untracked 
| 137|0x00000000a8900000, 0x00000000a8900000, 0x00000000a8a00000|  0%| F|  |TAMS 0x00000000a8900000, 0x00000000a8900000| Untracked 
| 138|0x00000000a8a00000, 0x00000000a8a00000, 0x00000000a8b00000|  0%| F|  |TAMS 0x00000000a8a00000, 0x00000000a8a00000| Untracked 
| 139|0x00000000a8b00000, 0x00000000a8b00000, 0x00000000a8c00000|  0%| F|  |TAMS 0x00000000a8b00000, 0x00000000a8b00000| Untracked 
| 140|0x00000000a8c00000, 0x00000000a8c00000, 0x00000000a8d00000|  0%| F|  |TAMS 0x00000000a8c00000, 0x00000000a8c00000| Untracked 
| 141|0x00000000a8d00000, 0x00000000a8d00000, 0x00000000a8e00000|  0%| F|  |TAMS 0x00000000a8d00000, 0x00000000a8d00000| Untracked 
| 142|0x00000000a8e00000, 0x00000000a8e00000, 0x00000000a8f00000|  0%| F|  |TAMS 0x00000000a8e00000, 0x00000000a8e00000| Untracked 
| 143|0x00000000a8f00000, 0x00000000a8f00000, 0x00000000a9000000|  0%| F|  |TAMS 0x00000000a8f00000, 0x00000000a8f00000| Untracked 
| 144|0x00000000a9000000, 0x00000000a9000000, 0x00000000a9100000|  0%| F|  |TAMS 0x00000000a9000000, 0x00000000a9000000| Untracked 
| 145|0x00000000a9100000, 0x00000000a9100000, 0x00000000a9200000|  0%| F|  |TAMS 0x00000000a9100000, 0x00000000a9100000| Untracked 
| 146|0x00000000a9200000, 0x00000000a9200000, 0x00000000a9300000|  0%| F|  |TAMS 0x00000000a9200000, 0x00000000a9200000| Untracked 
| 147|0x00000000a9300000, 0x00000000a9300000, 0x00000000a9400000|  0%| F|  |TAMS 0x00000000a9300000, 0x00000000a9300000| Untracked 
| 148|0x00000000a9400000, 0x00000000a9400000, 0x00000000a9500000|  0%| F|  |TAMS 0x00000000a9400000, 0x00000000a9400000| Untracked 
| 149|0x00000000a9500000, 0x00000000a9500000, 0x00000000a9600000|  0%| F|  |TAMS 0x00000000a9500000, 0x00000000a9500000| Untracked 
| 150|0x00000000a9600000, 0x00000000a9600000, 0x00000000a9700000|  0%| F|  |TAMS 0x00000000a9600000, 0x00000000a9600000| Untracked 
| 151|0x00000000a9700000, 0x00000000a9785cf0, 0x00000000a9800000| 52%| S|CS|TAMS 0x00000000a9700000, 0x00000000a9700000| Complete 
| 152|0x00000000a9800000, 0x00000000a9900000, 0x00000000a9900000|100%| S|CS|TAMS 0x00000000a9800000, 0x00000000a9800000| Complete 
| 153|0x00000000a9900000, 0x00000000a9a00000, 0x00000000a9a00000|100%| S|CS|TAMS 0x00000000a9900000, 0x00000000a9900000| Complete 
| 154|0x00000000a9a00000, 0x00000000a9b00000, 0x00000000a9b00000|100%| S|CS|TAMS 0x00000000a9a00000, 0x00000000a9a00000| Complete 
| 155|0x00000000a9b00000, 0x00000000a9b00000, 0x00000000a9c00000|  0%| F|  |TAMS 0x00000000a9b00000, 0x00000000a9b00000| Untracked 
| 156|0x00000000a9c00000, 0x00000000a9c00000, 0x00000000a9d00000|  0%| F|  |TAMS 0x00000000a9c00000, 0x00000000a9c00000| Untracked 
| 157|0x00000000a9d00000, 0x00000000a9d00000, 0x00000000a9e00000|  0%| F|  |TAMS 0x00000000a9d00000, 0x00000000a9d00000| Untracked 
| 158|0x00000000a9e00000, 0x00000000a9e00000, 0x00000000a9f00000|  0%| F|  |TAMS 0x00000000a9e00000, 0x00000000a9e00000| Untracked 
| 159|0x00000000a9f00000, 0x00000000a9f00000, 0x00000000aa000000|  0%| F|  |TAMS 0x00000000a9f00000, 0x00000000a9f00000| Untracked 
| 160|0x00000000aa000000, 0x00000000aa000000, 0x00000000aa100000|  0%| F|  |TAMS 0x00000000aa000000, 0x00000000aa000000| Untracked 
| 161|0x00000000aa100000, 0x00000000aa100000, 0x00000000aa200000|  0%| F|  |TAMS 0x00000000aa100000, 0x00000000aa100000| Untracked 
| 162|0x00000000aa200000, 0x00000000aa200000, 0x00000000aa300000|  0%| F|  |TAMS 0x00000000aa200000, 0x00000000aa200000| Untracked 
| 163|0x00000000aa300000, 0x00000000aa300000, 0x00000000aa400000|  0%| F|  |TAMS 0x00000000aa300000, 0x00000000aa300000| Untracked 
| 164|0x00000000aa400000, 0x00000000aa400000, 0x00000000aa500000|  0%| F|  |TAMS 0x00000000aa400000, 0x00000000aa400000| Untracked 
| 165|0x00000000aa500000, 0x00000000aa500000, 0x00000000aa600000|  0%| F|  |TAMS 0x00000000aa500000, 0x00000000aa500000| Untracked 
| 166|0x00000000aa600000, 0x00000000aa600000, 0x00000000aa700000|  0%| F|  |TAMS 0x00000000aa600000, 0x00000000aa600000| Untracked 
| 167|0x00000000aa700000, 0x00000000aa700000, 0x00000000aa800000|  0%| F|  |TAMS 0x00000000aa700000, 0x00000000aa700000| Untracked 
| 168|0x00000000aa800000, 0x00000000aa800000, 0x00000000aa900000|  0%| F|  |TAMS 0x00000000aa800000, 0x00000000aa800000| Untracked 
| 169|0x00000000aa900000, 0x00000000aa900000, 0x00000000aaa00000|  0%| F|  |TAMS 0x00000000aa900000, 0x00000000aa900000| Untracked 
| 170|0x00000000aaa00000, 0x00000000aaa00000, 0x00000000aab00000|  0%| F|  |TAMS 0x00000000aaa00000, 0x00000000aaa00000| Untracked 
| 171|0x00000000aab00000, 0x00000000aab00000, 0x00000000aac00000|  0%| F|  |TAMS 0x00000000aab00000, 0x00000000aab00000| Untracked 
| 172|0x00000000aac00000, 0x00000000aac00000, 0x00000000aad00000|  0%| F|  |TAMS 0x00000000aac00000, 0x00000000aac00000| Untracked 
| 173|0x00000000aad00000, 0x00000000aad00000, 0x00000000aae00000|  0%| F|  |TAMS 0x00000000aad00000, 0x00000000aad00000| Untracked 
| 174|0x00000000aae00000, 0x00000000aae00000, 0x00000000aaf00000|  0%| F|  |TAMS 0x00000000aae00000, 0x00000000aae00000| Untracked 
| 175|0x00000000aaf00000, 0x00000000aaf00000, 0x00000000ab000000|  0%| F|  |TAMS 0x00000000aaf00000, 0x00000000aaf00000| Untracked 
| 176|0x00000000ab000000, 0x00000000ab000000, 0x00000000ab100000|  0%| F|  |TAMS 0x00000000ab000000, 0x00000000ab000000| Untracked 
| 177|0x00000000ab100000, 0x00000000ab100000, 0x00000000ab200000|  0%| F|  |TAMS 0x00000000ab100000, 0x00000000ab100000| Untracked 
| 178|0x00000000ab200000, 0x00000000ab200000, 0x00000000ab300000|  0%| F|  |TAMS 0x00000000ab200000, 0x00000000ab200000| Untracked 
| 179|0x00000000ab300000, 0x00000000ab300000, 0x00000000ab400000|  0%| F|  |TAMS 0x00000000ab300000, 0x00000000ab300000| Untracked 
| 180|0x00000000ab400000, 0x00000000ab400000, 0x00000000ab500000|  0%| F|  |TAMS 0x00000000ab400000, 0x00000000ab400000| Untracked 
| 181|0x00000000ab500000, 0x00000000ab500000, 0x00000000ab600000|  0%| F|  |TAMS 0x00000000ab500000, 0x00000000ab500000| Untracked 
| 182|0x00000000ab600000, 0x00000000ab600000, 0x00000000ab700000|  0%| F|  |TAMS 0x00000000ab600000, 0x00000000ab600000| Untracked 
| 183|0x00000000ab700000, 0x00000000ab700000, 0x00000000ab800000|  0%| F|  |TAMS 0x00000000ab700000, 0x00000000ab700000| Untracked 
| 184|0x00000000ab800000, 0x00000000ab800000, 0x00000000ab900000|  0%| F|  |TAMS 0x00000000ab800000, 0x00000000ab800000| Untracked 
| 185|0x00000000ab900000, 0x00000000ab900000, 0x00000000aba00000|  0%| F|  |TAMS 0x00000000ab900000, 0x00000000ab900000| Untracked 
| 186|0x00000000aba00000, 0x00000000aba00000, 0x00000000abb00000|  0%| F|  |TAMS 0x00000000aba00000, 0x00000000aba00000| Untracked 
| 187|0x00000000abb00000, 0x00000000abb00000, 0x00000000abc00000|  0%| F|  |TAMS 0x00000000abb00000, 0x00000000abb00000| Untracked 
| 188|0x00000000abc00000, 0x00000000abc00000, 0x00000000abd00000|  0%| F|  |TAMS 0x00000000abc00000, 0x00000000abc00000| Untracked 
| 189|0x00000000abd00000, 0x00000000abd00000, 0x00000000abe00000|  0%| F|  |TAMS 0x00000000abd00000, 0x00000000abd00000| Untracked 
| 190|0x00000000abe00000, 0x00000000abe00000, 0x00000000abf00000|  0%| F|  |TAMS 0x00000000abe00000, 0x00000000abe00000| Untracked 
| 191|0x00000000abf00000, 0x00000000abf00000, 0x00000000ac000000|  0%| F|  |TAMS 0x00000000abf00000, 0x00000000abf00000| Untracked 
| 192|0x00000000ac000000, 0x00000000ac000000, 0x00000000ac100000|  0%| F|  |TAMS 0x00000000ac000000, 0x00000000ac000000| Untracked 
| 193|0x00000000ac100000, 0x00000000ac100000, 0x00000000ac200000|  0%| F|  |TAMS 0x00000000ac100000, 0x00000000ac100000| Untracked 
| 194|0x00000000ac200000, 0x00000000ac200000, 0x00000000ac300000|  0%| F|  |TAMS 0x00000000ac200000, 0x00000000ac200000| Untracked 
| 195|0x00000000ac300000, 0x00000000ac300000, 0x00000000ac400000|  0%| F|  |TAMS 0x00000000ac300000, 0x00000000ac300000| Untracked 
| 196|0x00000000ac400000, 0x00000000ac400000, 0x00000000ac500000|  0%| F|  |TAMS 0x00000000ac400000, 0x00000000ac400000| Untracked 
| 197|0x00000000ac500000, 0x00000000ac500000, 0x00000000ac600000|  0%| F|  |TAMS 0x00000000ac500000, 0x00000000ac500000| Untracked 
| 198|0x00000000ac600000, 0x00000000ac600000, 0x00000000ac700000|  0%| F|  |TAMS 0x00000000ac600000, 0x00000000ac600000| Untracked 
| 199|0x00000000ac700000, 0x00000000ac700000, 0x00000000ac800000|  0%| F|  |TAMS 0x00000000ac700000, 0x00000000ac700000| Untracked 
| 200|0x00000000ac800000, 0x00000000ac8e5278, 0x00000000ac900000| 89%| E|  |TAMS 0x00000000ac800000, 0x00000000ac800000| Complete 
| 201|0x00000000ac900000, 0x00000000aca00000, 0x00000000aca00000|100%| E|CS|TAMS 0x00000000ac900000, 0x00000000ac900000| Complete 
| 202|0x00000000aca00000, 0x00000000acb00000, 0x00000000acb00000|100%| E|CS|TAMS 0x00000000aca00000, 0x00000000aca00000| Complete 
| 203|0x00000000acb00000, 0x00000000acc00000, 0x00000000acc00000|100%| E|CS|TAMS 0x00000000acb00000, 0x00000000acb00000| Complete 
| 204|0x00000000acc00000, 0x00000000acd00000, 0x00000000acd00000|100%| E|CS|TAMS 0x00000000acc00000, 0x00000000acc00000| Complete 
| 205|0x00000000acd00000, 0x00000000ace00000, 0x00000000ace00000|100%| E|CS|TAMS 0x00000000acd00000, 0x00000000acd00000| Complete 
| 206|0x00000000ace00000, 0x00000000acf00000, 0x00000000acf00000|100%| E|CS|TAMS 0x00000000ace00000, 0x00000000ace00000| Complete 
| 207|0x00000000acf00000, 0x00000000ad000000, 0x00000000ad000000|100%| E|  |TAMS 0x00000000acf00000, 0x00000000acf00000| Complete 
| 208|0x00000000ad000000, 0x00000000ad100000, 0x00000000ad100000|100%| E|CS|TAMS 0x00000000ad000000, 0x00000000ad000000| Complete 
| 209|0x00000000ad100000, 0x00000000ad200000, 0x00000000ad200000|100%| E|CS|TAMS 0x00000000ad100000, 0x00000000ad100000| Complete 
| 210|0x00000000ad200000, 0x00000000ad300000, 0x00000000ad300000|100%| E|CS|TAMS 0x00000000ad200000, 0x00000000ad200000| Complete 
| 211|0x00000000ad300000, 0x00000000ad400000, 0x00000000ad400000|100%| E|CS|TAMS 0x00000000ad300000, 0x00000000ad300000| Complete 
| 212|0x00000000ad400000, 0x00000000ad500000, 0x00000000ad500000|100%| E|CS|TAMS 0x00000000ad400000, 0x00000000ad400000| Complete 
| 213|0x00000000ad500000, 0x00000000ad600000, 0x00000000ad600000|100%| E|CS|TAMS 0x00000000ad500000, 0x00000000ad500000| Complete 
| 214|0x00000000ad600000, 0x00000000ad700000, 0x00000000ad700000|100%| E|CS|TAMS 0x00000000ad600000, 0x00000000ad600000| Complete 
| 215|0x00000000ad700000, 0x00000000ad800000, 0x00000000ad800000|100%| E|CS|TAMS 0x00000000ad700000, 0x00000000ad700000| Complete 
| 216|0x00000000ad800000, 0x00000000ad900000, 0x00000000ad900000|100%| E|CS|TAMS 0x00000000ad800000, 0x00000000ad800000| Complete 
| 217|0x00000000ad900000, 0x00000000ada00000, 0x00000000ada00000|100%| E|CS|TAMS 0x00000000ad900000, 0x00000000ad900000| Complete 
| 218|0x00000000ada00000, 0x00000000adb00000, 0x00000000adb00000|100%| E|CS|TAMS 0x00000000ada00000, 0x00000000ada00000| Complete 
| 219|0x00000000adb00000, 0x00000000adc00000, 0x00000000adc00000|100%| E|CS|TAMS 0x00000000adb00000, 0x00000000adb00000| Complete 

Card table byte_map: [0x0000018872b30000,0x0000018872e30000] _byte_map_base: 0x0000018872630000

Marking Bits (Prev, Next): (CMBitMap*) 0x000001885f732110, (CMBitMap*) 0x000001885f7320d8
 Prev Bits: [0x0000018874930000, 0x0000018876130000)
 Next Bits: [0x0000018873130000, 0x0000018874930000)

Polling page: 0x000001885de20000

Metaspace:

Usage:
  Non-class:    100.08 MB capacity,    98.18 MB ( 98%) used,     1.52 MB (  2%) free+waste,   387.19 KB ( <1%) overhead. 
      Class:     15.26 MB capacity,    14.11 MB ( 92%) used,  1013.94 KB (  6%) free+waste,   168.00 KB (  1%) overhead. 
       Both:    115.33 MB capacity,   112.28 MB ( 97%) used,     2.51 MB (  2%) free+waste,   555.19 KB ( <1%) overhead. 

Virtual space:
  Non-class space:      102.00 MB reserved,     100.25 MB ( 98%) committed 
      Class space:        1.00 GB reserved,      15.41 MB (  2%) committed 
             Both:        1.10 GB reserved,     115.66 MB ( 10%) committed 

Chunk freelists:
   Non-Class:  51.00 KB
       Class:  86.00 KB
        Both:  137.00 KB

MaxMetaspaceSize: 17179869184.00 GB
CompressedClassSpaceSize: 1.00 GB

CodeHeap 'non-profiled nmethods': size=120064Kb used=11722Kb max_used=12096Kb free=108341Kb
 bounds [0x000001886acc0000, 0x000001886b8a0000, 0x0000018872200000]
CodeHeap 'profiled nmethods': size=120000Kb used=46657Kb max_used=46657Kb free=73342Kb
 bounds [0x0000018863790000, 0x0000018866540000, 0x000001886acc0000]
CodeHeap 'non-nmethods': size=5696Kb used=2368Kb max_used=2400Kb free=3328Kb
 bounds [0x0000018863200000, 0x0000018863470000, 0x0000018863790000]
 total_blobs=20935 nmethods=19984 adapters=858
 compilation: enabled
              stopped_count=0, restarted_count=0
 full_count=0

Compilation events (20 events):
Event: 778.976 Thread 0x0000018879011000 21174       2       com.android.tools.r8.internal.eA::add (124 bytes)
Event: 778.977 Thread 0x0000018879011000 nmethod 21174 0x000001886412da10 code [0x000001886412dc00, 0x000001886412dfc8]
Event: 778.997 Thread 0x0000018879011000 21177       1       com.android.tools.r8.internal.KD::a2 (3 bytes)
Event: 778.997 Thread 0x0000018879011000 nmethod 21177 0x000001886ad49590 code [0x000001886ad49740, 0x000001886ad497f8]
Event: 779.004 Thread 0x0000018879011000 21178       2       com.android.tools.r8.internal.Lv$b::d (124 bytes)
Event: 779.005 Thread 0x0000018879011000 nmethod 21178 0x0000018864147a90 code [0x0000018864147cc0, 0x0000018864148008]
Event: 779.006 Thread 0x0000018879011000 21179       1       com.android.tools.r8.internal.KD::Y1 (4 bytes)
Event: 779.006 Thread 0x0000018879011000 nmethod 21179 0x000001886ad49290 code [0x000001886ad49440, 0x000001886ad494f8]
Event: 779.012 Thread 0x0000018879011000 21180       2       com.android.tools.r8.internal.E7$$Lambda$1612/0x0000000100dfbc40::test (12 bytes)
Event: 779.012 Thread 0x0000018879011000 nmethod 21180 0x000001886412d510 code [0x000001886412d6c0, 0x000001886412d818]
Event: 779.012 Thread 0x0000018879011000 21181       2       com.android.tools.r8.internal.E7::a (11 bytes)
Event: 779.012 Thread 0x0000018879011000 nmethod 21181 0x000001886412ab10 code [0x000001886412acc0, 0x000001886412adb8]
Event: 779.012 Thread 0x0000018879011000 21182       2       com.android.tools.r8.graph.z::isInterface (8 bytes)
Event: 779.013 Thread 0x0000018879011000 nmethod 21182 0x0000018864146e90 code [0x0000018864147040, 0x0000018864147158]
Event: 779.013 Thread 0x0000018879011000 21183       2       com.android.tools.r8.graph.C::a (77 bytes)
Event: 779.014 Thread 0x0000018879011000 nmethod 21183 0x000001886414f010 code [0x000001886414f240, 0x000001886414f648]
Event: 779.014 Thread 0x0000018879011000 21184       2       com.android.tools.r8.internal.j5$$Lambda$1525/0x0000000100db3840::test (16 bytes)
Event: 779.015 Thread 0x0000018879011000 nmethod 21184 0x000001886414d490 code [0x000001886414d660, 0x000001886414d888]
Event: 779.036 Thread 0x0000018879011000 21186       2       com.android.tools.r8.code.N0::<init> (109 bytes)
Event: 779.037 Thread 0x0000018879011000 nmethod 21186 0x0000018864157710 code [0x00000188641578c0, 0x00000188641579d8]

GC Heap History (20 events):
Event: 562.626 GC heap before
{Heap before GC invocations=34 (full 0):
 garbage-first heap   total 225280K, used 121126K [0x00000000a0000000, 0x0000000100000000)
  region size 1024K, 11 young (11264K), 10 survivors (10240K)
 Metaspace       used 110999K, capacity 114016K, committed 114592K, reserved 1148928K
  class space    used 14178K, capacity 15326K, committed 15520K, reserved 1048576K
}
Event: 562.653 GC heap after
{Heap after GC invocations=35 (full 0):
 garbage-first heap   total 225280K, used 115627K [0x00000000a0000000, 0x0000000100000000)
  region size 1024K, 1 young (1024K), 1 survivors (1024K)
 Metaspace       used 110999K, capacity 114016K, committed 114592K, reserved 1148928K
  class space    used 14178K, capacity 15326K, committed 15520K, reserved 1048576K
}
Event: 565.065 GC heap before
{Heap before GC invocations=35 (full 0):
 garbage-first heap   total 225280K, used 183211K [0x00000000a0000000, 0x0000000100000000)
  region size 1024K, 68 young (69632K), 1 survivors (1024K)
 Metaspace       used 111458K, capacity 114570K, committed 115104K, reserved 1148928K
  class space    used 14192K, capacity 15352K, committed 15520K, reserved 1048576K
}
Event: 565.093 GC heap after
{Heap after GC invocations=36 (full 0):
 garbage-first heap   total 225280K, used 124026K [0x00000000a0000000, 0x0000000100000000)
  region size 1024K, 9 young (9216K), 9 survivors (9216K)
 Metaspace       used 111458K, capacity 114570K, committed 115104K, reserved 1148928K
  class space    used 14192K, capacity 15352K, committed 15520K, reserved 1048576K
}
Event: 773.015 GC heap before
{Heap before GC invocations=37 (full 0):
 garbage-first heap   total 225280K, used 197754K [0x00000000a0000000, 0x0000000100000000)
  region size 1024K, 67 young (68608K), 9 survivors (9216K)
 Metaspace       used 112691K, capacity 115807K, committed 116256K, reserved 1150976K
  class space    used 14290K, capacity 15460K, committed 15648K, reserved 1048576K
}
Event: 773.048 GC heap after
{Heap after GC invocations=38 (full 0):
 garbage-first heap   total 225280K, used 125511K [0x00000000a0000000, 0x0000000100000000)
  region size 1024K, 6 young (6144K), 6 survivors (6144K)
 Metaspace       used 112691K, capacity 115807K, committed 116256K, reserved 1150976K
  class space    used 14290K, capacity 15460K, committed 15648K, reserved 1048576K
}
Event: 773.570 GC heap before
{Heap before GC invocations=38 (full 0):
 garbage-first heap   total 225280K, used 130631K [0x00000000a0000000, 0x0000000100000000)
  region size 1024K, 11 young (11264K), 6 survivors (6144K)
 Metaspace       used 112906K, capacity 116113K, committed 116512K, reserved 1150976K
  class space    used 14308K, capacity 15498K, committed 15648K, reserved 1048576K
}
Event: 773.632 GC heap after
{Heap after GC invocations=39 (full 0):
 garbage-first heap   total 225280K, used 116736K [0x00000000a0000000, 0x0000000100000000)
  region size 1024K, 1 young (1024K), 1 survivors (1024K)
 Metaspace       used 112906K, capacity 116113K, committed 116512K, reserved 1150976K
  class space    used 14308K, capacity 15498K, committed 15648K, reserved 1048576K
}
Event: 775.219 GC heap before
{Heap before GC invocations=39 (full 0):
 garbage-first heap   total 225280K, used 183296K [0x00000000a0000000, 0x0000000100000000)
  region size 1024K, 67 young (68608K), 1 survivors (1024K)
 Metaspace       used 113986K, capacity 117076K, committed 117408K, reserved 1150976K
  class space    used 14405K, capacity 15581K, committed 15776K, reserved 1048576K
}
Event: 775.257 GC heap after
{Heap after GC invocations=40 (full 0):
 garbage-first heap   total 225280K, used 128419K [0x00000000a0000000, 0x0000000100000000)
  region size 1024K, 9 young (9216K), 9 survivors (9216K)
 Metaspace       used 113986K, capacity 117076K, committed 117408K, reserved 1150976K
  class space    used 14405K, capacity 15581K, committed 15776K, reserved 1048576K
}
Event: 776.488 GC heap before
{Heap before GC invocations=41 (full 0):
 garbage-first heap   total 225280K, used 180643K [0x00000000a0000000, 0x0000000100000000)
  region size 1024K, 61 young (62464K), 9 survivors (9216K)
 Metaspace       used 114515K, capacity 117603K, committed 117920K, reserved 1150976K
  class space    used 14434K, capacity 15619K, committed 15776K, reserved 1048576K
}
Event: 776.523 GC heap after
{Heap after GC invocations=42 (full 0):
 garbage-first heap   total 225280K, used 131854K [0x00000000a0000000, 0x0000000100000000)
  region size 1024K, 6 young (6144K), 6 survivors (6144K)
 Metaspace       used 114515K, capacity 117603K, committed 117920K, reserved 1150976K
  class space    used 14434K, capacity 15619K, committed 15776K, reserved 1048576K
}
Event: 776.589 GC heap before
{Heap before GC invocations=42 (full 0):
 garbage-first heap   total 225280K, used 136974K [0x00000000a0000000, 0x0000000100000000)
  region size 1024K, 11 young (11264K), 6 survivors (6144K)
 Metaspace       used 114526K, capacity 117603K, committed 117920K, reserved 1150976K
  class space    used 14434K, capacity 15619K, committed 15776K, reserved 1048576K
}
Event: 776.616 GC heap after
{Heap after GC invocations=43 (full 0):
 garbage-first heap   total 225280K, used 115368K [0x00000000a0000000, 0x0000000100000000)
  region size 1024K, 1 young (1024K), 1 survivors (1024K)
 Metaspace       used 114526K, capacity 117603K, committed 117920K, reserved 1150976K
  class space    used 14434K, capacity 15619K, committed 15776K, reserved 1048576K
}
Event: 777.313 GC heap before
{Heap before GC invocations=43 (full 0):
 garbage-first heap   total 225280K, used 174760K [0x00000000a0000000, 0x0000000100000000)
  region size 1024K, 59 young (60416K), 1 survivors (1024K)
 Metaspace       used 114673K, capacity 117751K, committed 117920K, reserved 1150976K
  class space    used 14441K, capacity 15623K, committed 15776K, reserved 1048576K
}
Event: 777.328 GC heap after
{Heap after GC invocations=44 (full 0):
 garbage-first heap   total 225280K, used 116460K [0x00000000a0000000, 0x0000000100000000)
  region size 1024K, 3 young (3072K), 3 survivors (3072K)
 Metaspace       used 114673K, capacity 117751K, committed 117920K, reserved 1150976K
  class space    used 14441K, capacity 15623K, committed 15776K, reserved 1048576K
}
Event: 778.445 GC heap before
{Heap before GC invocations=45 (full 0):
 garbage-first heap   total 225280K, used 177900K [0x00000000a0000000, 0x0000000100000000)
  region size 1024K, 63 young (64512K), 3 survivors (3072K)
 Metaspace       used 114910K, capacity 118037K, committed 118432K, reserved 1153024K
  class space    used 14443K, capacity 15626K, committed 15776K, reserved 1048576K
}
Event: 778.456 GC heap after
{Heap after GC invocations=46 (full 0):
 garbage-first heap   total 225280K, used 115635K [0x00000000a0000000, 0x0000000100000000)
  region size 1024K, 2 young (2048K), 2 survivors (2048K)
 Metaspace       used 114910K, capacity 118037K, committed 118432K, reserved 1153024K
  class space    used 14443K, capacity 15626K, committed 15776K, reserved 1048576K
}
Event: 778.540 GC heap before
{Heap before GC invocations=46 (full 0):
 garbage-first heap   total 225280K, used 124851K [0x00000000a0000000, 0x0000000100000000)
  region size 1024K, 11 young (11264K), 2 survivors (2048K)
 Metaspace       used 114919K, capacity 118037K, committed 118432K, reserved 1153024K
  class space    used 14444K, capacity 15626K, committed 15776K, reserved 1048576K
}
Event: 778.553 GC heap after
{Heap after GC invocations=47 (full 0):
 garbage-first heap   total 225280K, used 115016K [0x00000000a0000000, 0x0000000100000000)
  region size 1024K, 1 young (1024K), 1 survivors (1024K)
 Metaspace       used 114919K, capacity 118037K, committed 118432K, reserved 1153024K
  class space    used 14444K, capacity 15626K, committed 15776K, reserved 1048576K
}

Deoptimization events (20 events):
Event: 778.364 Thread 0x000001887cb91000 Uncommon trap: trap_request=0xffffff4d fr.pc=0x000001886ad3b1b8 relative=0x0000000000000098
Event: 778.364 Thread 0x000001887cb91000 Uncommon trap: reason=unstable_if action=reinterpret pc=0x000001886ad3b1b8 method=java.util.WeakHashMap.size()I @ 4 c2
Event: 778.364 Thread 0x000001887cb91000 DEOPT PACKING pc=0x000001886ad3b1b8 sp=0x0000006451dfb130
Event: 778.364 Thread 0x000001887cb91000 DEOPT UNPACKING pc=0x00000188632278af sp=0x0000006451dfb008 mode 2
Event: 778.444 Thread 0x000001887cb8e800 DEOPT PACKING pc=0x00000188662fc587 sp=0x0000006451efa170
Event: 778.444 Thread 0x000001887cb8e800 DEOPT UNPACKING pc=0x00000188632276ce sp=0x0000006451ef9700 mode 0
Event: 778.500 Thread 0x000001887cb87000 DEOPT PACKING pc=0x0000018865ba1dc2 sp=0x0000006451bf9a30
Event: 778.500 Thread 0x000001887cb87000 DEOPT UNPACKING pc=0x00000188632276ce sp=0x0000006451bf9000 mode 0
Event: 778.568 Thread 0x000001887cb8e800 DEOPT PACKING pc=0x000001886385a0b6 sp=0x0000006451ef9ad0
Event: 778.568 Thread 0x000001887cb8e800 DEOPT UNPACKING pc=0x00000188632276ce sp=0x0000006451ef91b0 mode 0
Event: 778.572 Thread 0x000001887cb87000 DEOPT PACKING pc=0x000001886384e2d0 sp=0x0000006451bf9a20
Event: 778.572 Thread 0x000001887cb87000 DEOPT UNPACKING pc=0x00000188632276ce sp=0x0000006451bf9020 mode 0
Event: 778.602 Thread 0x000001887cb85800 DEOPT PACKING pc=0x00000188637ecdb7 sp=0x00000064516f9c60
Event: 778.602 Thread 0x000001887cb85800 DEOPT UNPACKING pc=0x00000188632276ce sp=0x00000064516f9228 mode 0
Event: 778.684 Thread 0x000001887cb87000 DEOPT PACKING pc=0x00000188662ff678 sp=0x0000006451bf99d0
Event: 778.684 Thread 0x000001887cb87000 DEOPT UNPACKING pc=0x00000188632276ce sp=0x0000006451bf9030 mode 0
Event: 778.933 Thread 0x000001887cb85800 DEOPT PACKING pc=0x000001886632d3cc sp=0x00000064516f9900
Event: 778.933 Thread 0x000001887cb85800 DEOPT UNPACKING pc=0x00000188632276ce sp=0x00000064516f8e10 mode 0
Event: 778.935 Thread 0x000001887cb85800 DEOPT PACKING pc=0x000001886632e649 sp=0x00000064516f9de0
Event: 778.935 Thread 0x000001887cb85800 DEOPT UNPACKING pc=0x00000188632276ce sp=0x00000064516f9348 mode 0

Classes redefined (0 events):
No events

Internal exceptions (20 events):
Event: 564.237 Thread 0x000001887cacc800 Exception <a 'sun/nio/fs/WindowsException'{0x00000000aaa33930}> (0x00000000aaa33930) thrown at [./src/hotspot/share/prims/jni.cpp, line 615]
Event: 564.246 Thread 0x000001887cacc800 Exception <a 'sun/nio/fs/WindowsException'{0x00000000aaa508b8}> (0x00000000aaa508b8) thrown at [./src/hotspot/share/prims/jni.cpp, line 615]
Event: 564.758 Thread 0x00000188009b5000 Exception <a 'sun/nio/fs/WindowsException'{0x00000000a9eb48a8}> (0x00000000a9eb48a8) thrown at [./src/hotspot/share/prims/jni.cpp, line 615]
Event: 564.831 Thread 0x00000188009b5000 Exception <a 'sun/nio/fs/WindowsException'{0x00000000a9cffcf8}> (0x00000000a9cffcf8) thrown at [./src/hotspot/share/prims/jni.cpp, line 615]
Event: 565.029 Thread 0x00000188009ba000 Exception <a 'sun/nio/fs/WindowsException'{0x00000000a98d14a8}> (0x00000000a98d14a8) thrown at [./src/hotspot/share/prims/jni.cpp, line 615]
Event: 565.633 Thread 0x00000188009ba000 Exception <a 'sun/nio/fs/WindowsException'{0x00000000ad802e48}> (0x00000000ad802e48) thrown at [./src/hotspot/share/prims/jni.cpp, line 615]
Event: 771.805 Thread 0x00000188009b5000 Exception <a 'sun/nio/fs/WindowsException'{0x00000000abd79220}> (0x00000000abd79220) thrown at [./src/hotspot/share/prims/jni.cpp, line 615]
Event: 771.898 Thread 0x00000188009b5000 Exception <a 'java/lang/NoClassDefFoundError'{0x00000000aba259b8}: org/jetbrains/kotlin/gradle/plugin/KotlinBasePluginWrapper> (0x00000000aba259b8) thrown at [./src/hotspot/share/oops/constantPool.cpp, line 775]
Event: 771.920 Thread 0x00000188009b5000 Exception <a 'sun/nio/fs/WindowsException'{0x00000000ab9208b0}> (0x00000000ab9208b0) thrown at [./src/hotspot/share/prims/jni.cpp, line 615]
Event: 771.936 Thread 0x00000188009b5000 Exception <a 'sun/nio/fs/WindowsException'{0x00000000ab9c66c0}> (0x00000000ab9c66c0) thrown at [./src/hotspot/share/prims/jni.cpp, line 615]
Event: 771.937 Thread 0x00000188009b5000 Exception <a 'sun/nio/fs/WindowsException'{0x00000000ab9c7788}> (0x00000000ab9c7788) thrown at [./src/hotspot/share/prims/jni.cpp, line 615]
Event: 771.937 Thread 0x00000188009b5000 Exception <a 'sun/nio/fs/WindowsException'{0x00000000ab9c88a0}> (0x00000000ab9c88a0) thrown at [./src/hotspot/share/prims/jni.cpp, line 615]
Event: 771.937 Thread 0x00000188009b5000 Exception <a 'sun/nio/fs/WindowsException'{0x00000000ab9c99b8}> (0x00000000ab9c99b8) thrown at [./src/hotspot/share/prims/jni.cpp, line 615]
Event: 774.537 Thread 0x000001887cb91000 Exception <a 'sun/nio/fs/WindowsException'{0x00000000ac6a3db0}> (0x00000000ac6a3db0) thrown at [./src/hotspot/share/prims/jni.cpp, line 615]
Event: 774.644 Thread 0x000001887cb85800 Exception <a 'sun/nio/fs/WindowsException'{0x00000000ac29d560}> (0x00000000ac29d560) thrown at [./src/hotspot/share/prims/jni.cpp, line 615]
Event: 774.846 Thread 0x000001887cb8e800 Exception <a 'sun/nio/fs/WindowsException'{0x00000000ab4ba098}> (0x00000000ab4ba098) thrown at [./src/hotspot/share/prims/jni.cpp, line 615]
Event: 774.926 Thread 0x000001887cb87000 Exception <a 'sun/nio/fs/WindowsException'{0x00000000aad26968}> (0x00000000aad26968) thrown at [./src/hotspot/share/prims/jni.cpp, line 615]
Event: 776.282 Thread 0x000001887cb91000 Implicit null exception at 0x000001886ad642ac to 0x000001886ad693d8
Event: 777.269 Thread 0x000001887cb8e800 Exception <a 'java/lang/NoSuchMethodError'{0x00000000aa287348}: 'int java.lang.invoke.DirectMethodHandle$Holder.invokeInterface(java.lang.Object, java.lang.Object, int)'> (0x00000000aa287348) thrown at [./src/hotspot/share/interpreter/linkResolver.cpp, line 773]
Event: 778.240 Thread 0x000001887cb91000 Exception <a 'sun/nio/fs/WindowsException'{0x00000000ab54e918}> (0x00000000ab54e918) thrown at [./src/hotspot/share/prims/jni.cpp, line 615]

Events (20 events):
Event: 777.948 Executing VM operation: ICBufferFull
Event: 777.950 Executing VM operation: ICBufferFull done
Event: 777.966 loading class com/android/tools/r8/internal/l4
Event: 777.966 loading class com/android/tools/r8/internal/l4 done
Event: 778.007 Executing VM operation: ICBufferFull
Event: 778.008 Executing VM operation: ICBufferFull done
Event: 778.159 Executing VM operation: ICBufferFull
Event: 778.161 Executing VM operation: ICBufferFull done
Event: 778.242 Executing VM operation: CGC_Operation
Event: 778.245 Executing VM operation: CGC_Operation done
Event: 778.367 Executing VM operation: ICBufferFull
Event: 778.367 Executing VM operation: ICBufferFull done
Event: 778.368 loading class org/gradle/api/internal/artifacts/transform/DefaultTransformerInvocationFactory$TransformerExecution
Event: 778.368 loading class org/gradle/api/internal/artifacts/transform/DefaultTransformerInvocationFactory$TransformerExecution done
Event: 778.445 Executing VM operation: G1CollectForAllocation
Event: 778.456 Executing VM operation: G1CollectForAllocation done
Event: 778.456 loading class org/gradle/api/internal/artifacts/transform/DefaultTransformerInvocationFactory$TransformerExecution$2
Event: 778.456 loading class org/gradle/api/internal/artifacts/transform/DefaultTransformerInvocationFactory$TransformerExecution$2 done
Event: 778.539 Executing VM operation: G1CollectForAllocation
Event: 778.553 Executing VM operation: G1CollectForAllocation done


Dynamic libraries:
0x00007ff69dd00000 - 0x00007ff69dd0a000 	C:\Program Files\Android\Android Studio\jre\bin\java.exe
0x00007ffc91350000 - 0x00007ffc91544000 	C:\WINDOWS\SYSTEM32\ntdll.dll
0x00007ffc90210000 - 0x00007ffc902cd000 	C:\WINDOWS\System32\KERNEL32.DLL
0x00007ffc8ebc0000 - 0x00007ffc8ee87000 	C:\WINDOWS\System32\KERNELBASE.dll
0x00007ffc8f050000 - 0x00007ffc8f150000 	C:\WINDOWS\System32\ucrtbase.dll
0x00007ffc89030000 - 0x00007ffc89049000 	C:\Program Files\Android\Android Studio\jre\bin\jli.dll
0x00007ffc88f80000 - 0x00007ffc88f97000 	C:\Program Files\Android\Android Studio\jre\bin\VCRUNTIME140.dll
0x00007ffc8fcd0000 - 0x00007ffc8fe70000 	C:\WINDOWS\System32\USER32.dll
0x00007ffc775b0000 - 0x00007ffc7784a000 	C:\WINDOWS\WinSxS\amd64_microsoft.windows.common-controls_6595b64144ccf1df_6.0.19041.1_none_b555e41d4684ddec\COMCTL32.dll
0x00007ffc8f350000 - 0x00007ffc8f372000 	C:\WINDOWS\System32\win32u.dll
0x00007ffc8f960000 - 0x00007ffc8f9fe000 	C:\WINDOWS\System32\msvcrt.dll
0x00007ffc90830000 - 0x00007ffc9085a000 	C:\WINDOWS\System32\GDI32.dll
0x00007ffc8f1f0000 - 0x00007ffc8f2fa000 	C:\WINDOWS\System32\gdi32full.dll
0x00007ffc8f150000 - 0x00007ffc8f1ed000 	C:\WINDOWS\System32\msvcp_win.dll
0x00007ffc8f930000 - 0x00007ffc8f960000 	C:\WINDOWS\System32\IMM32.DLL
0x00007ffc68050000 - 0x00007ffc680ed000 	C:\Program Files\Android\Android Studio\jre\bin\msvcp140.dll
0x00007ffc51460000 - 0x00007ffc51f2f000 	C:\Program Files\Android\Android Studio\jre\bin\server\jvm.dll
0x00007ffc8ff20000 - 0x00007ffc8ffca000 	C:\WINDOWS\System32\ADVAPI32.dll
0x00007ffc90930000 - 0x00007ffc909cb000 	C:\WINDOWS\System32\sechost.dll
0x00007ffc8ffd0000 - 0x00007ffc900f3000 	C:\WINDOWS\System32\RPCRT4.dll
0x00007ffc90a80000 - 0x00007ffc90a88000 	C:\WINDOWS\System32\PSAPI.DLL
0x00007ffc76db0000 - 0x00007ffc76db9000 	C:\WINDOWS\SYSTEM32\WSOCK32.dll
0x00007ffc752b0000 - 0x00007ffc752d7000 	C:\WINDOWS\SYSTEM32\WINMM.dll
0x00007ffc908c0000 - 0x00007ffc9092b000 	C:\WINDOWS\System32\WS2_32.dll
0x00007ffc87b40000 - 0x00007ffc87b4a000 	C:\WINDOWS\SYSTEM32\VERSION.dll
0x00007ffc8cc00000 - 0x00007ffc8cc13000 	C:\WINDOWS\SYSTEM32\kernel.appcore.dll
0x00007ffc58070000 - 0x00007ffc58081000 	C:\Program Files\Android\Android Studio\jre\bin\verify.dll
0x00007ffc8c8a0000 - 0x00007ffc8ca84000 	C:\WINDOWS\SYSTEM32\DBGHELP.DLL
0x00007ffc74930000 - 0x00007ffc7495c000 	C:\WINDOWS\SYSTEM32\dbgcore.DLL
0x00007ffc8ea90000 - 0x00007ffc8eb0f000 	C:\WINDOWS\System32\bcryptPrimitives.dll
0x00007ffc54ca0000 - 0x00007ffc54cc9000 	C:\Program Files\Android\Android Studio\jre\bin\java.dll
0x00007ffc68a90000 - 0x00007ffc68a9b000 	C:\Program Files\Android\Android Studio\jre\bin\jimage.dll
0x00007ffc58050000 - 0x00007ffc58068000 	C:\Program Files\Android\Android Studio\jre\bin\zip.dll
0x00007ffc90bd0000 - 0x00007ffc91301000 	C:\WINDOWS\System32\SHELL32.dll
0x00007ffc8cc20000 - 0x00007ffc8d3aa000 	C:\WINDOWS\SYSTEM32\windows.storage.dll
0x00007ffc8f5c0000 - 0x00007ffc8f914000 	C:\WINDOWS\System32\combase.dll
0x00007ffc8e510000 - 0x00007ffc8e53b000 	C:\WINDOWS\SYSTEM32\Wldp.dll
0x00007ffc909d0000 - 0x00007ffc90a7e000 	C:\WINDOWS\System32\SHCORE.dll
0x00007ffc90860000 - 0x00007ffc908b5000 	C:\WINDOWS\System32\shlwapi.dll
0x00007ffc8e9d0000 - 0x00007ffc8e9ef000 	C:\WINDOWS\SYSTEM32\profapi.dll
0x00007ffc55190000 - 0x00007ffc551aa000 	C:\Program Files\Android\Android Studio\jre\bin\net.dll
0x00007ffc87b50000 - 0x00007ffc87c52000 	C:\WINDOWS\SYSTEM32\WINHTTP.dll
0x00007ffc8e290000 - 0x00007ffc8e2fa000 	C:\WINDOWS\system32\mswsock.dll
0x00007ffc54c50000 - 0x00007ffc54c64000 	C:\Program Files\Android\Android Studio\jre\bin\nio.dll
0x00007ffc89000000 - 0x00007ffc89027000 	C:\Users\HP\.gradle\wrapper\dists\gradle-2.14.1-all\native\8bec1ad78214c89d9ad589b4d07fe93259594b29d510b10fafb7a158f7737e5d\windows-amd64\native-platform.dll
0x00007ffc756d0000 - 0x00007ffc7580d000 	C:\Users\HP\.gradle\wrapper\dists\gradle-2.14.1-all\native\53dbd7edfb1c66fb8903c78663c9afc45aea4f116125fa6feffd364cf09443e8\windows-amd64\native-platform-file-events.dll
0x00007ffc67620000 - 0x00007ffc6762a000 	C:\Program Files\Android\Android Studio\jre\bin\management.dll
0x00007ffc61010000 - 0x00007ffc6101c000 	C:\Program Files\Android\Android Studio\jre\bin\management_ext.dll
0x00007ffc8e460000 - 0x00007ffc8e478000 	C:\WINDOWS\SYSTEM32\CRYPTSP.dll
0x00007ffc8dbb0000 - 0x00007ffc8dbe4000 	C:\WINDOWS\system32\rsaenh.dll
0x00007ffc8f380000 - 0x00007ffc8f3a7000 	C:\WINDOWS\System32\bcrypt.dll
0x00007ffc8e950000 - 0x00007ffc8e97e000 	C:\WINDOWS\SYSTEM32\USERENV.dll
0x00007ffc8e480000 - 0x00007ffc8e48c000 	C:\WINDOWS\SYSTEM32\CRYPTBASE.dll
0x00007ffc8df30000 - 0x00007ffc8df6b000 	C:\WINDOWS\SYSTEM32\IPHLPAPI.DLL
0x00007ffc90820000 - 0x00007ffc90829000 	C:\WINDOWS\System32\NSI.dll
0x00007ffc8c7c0000 - 0x00007ffc8c7d7000 	C:\WINDOWS\SYSTEM32\dhcpcsvc6.DLL
0x00007ffc8c7a0000 - 0x00007ffc8c7bd000 	C:\WINDOWS\SYSTEM32\dhcpcsvc.DLL
0x00007ffc8df80000 - 0x00007ffc8e04a000 	C:\WINDOWS\SYSTEM32\DNSAPI.dll

dbghelp: loaded successfully - version: 4.0.5 - missing functions: none
symbol engine: initialized successfully - sym options: 0x614 - pdb path: .;C:\Program Files\Android\Android Studio\jre\bin;C:\WINDOWS\SYSTEM32;C:\WINDOWS\WinSxS\amd64_microsoft.windows.common-controls_6595b64144ccf1df_6.0.19041.1_none_b555e41d4684ddec;C:\Program Files\Android\Android Studio\jre\bin\server;C:\Users\HP\.gradle\wrapper\dists\gradle-2.14.1-all\native\8bec1ad78214c89d9ad589b4d07fe93259594b29d510b10fafb7a158f7737e5d\windows-amd64;C:\Users\HP\.gradle\wrapper\dists\gradle-2.14.1-all\native\53dbd7edfb1c66fb8903c78663c9afc45aea4f116125fa6feffd364cf09443e8\windows-amd64

VM Arguments:
jvm_args: --add-opens=java.base/java.util=ALL-UNNAMED --add-opens=java.base/java.lang=ALL-UNNAMED --add-opens=java.base/java.lang.invoke=ALL-UNNAMED --add-opens=java.base/java.util=ALL-UNNAMED --add-opens=java.prefs/java.util.prefs=ALL-UNNAMED --add-opens=java.prefs/java.util.prefs=ALL-UNNAMED --add-opens=java.base/java.nio.charset=ALL-UNNAMED --add-opens=java.base/java.net=ALL-UNNAMED --add-opens=java.base/java.util.concurrent.atomic=ALL-UNNAMED -Xmx1536m -Dfile.encoding=windows-1252 -Duser.country=US -Duser.language=en -Duser.variant 
java_command: org.gradle.launcher.daemon.bootstrap.GradleDaemon 7.0.2
java_class_path (initial): C:\Users\HP\.gradle\wrapper\dists\gradle-2.14.1-all\wrapper\dists\gradle-7.0.2-all\7era6s5ay7zsbhuvl0oc9g94s\gradle-7.0.2\lib\gradle-launcher-7.0.2.jar
Launcher Type: SUN_STANDARD

[Global flags]
     intx CICompilerCount                          = 3                                         {product} {ergonomic}
     uint ConcGCThreads                            = 1                                         {product} {ergonomic}
     uint G1ConcRefinementThreads                  = 4                                         {product} {ergonomic}
   size_t G1HeapRegionSize                         = 1048576                                   {product} {ergonomic}
    uintx GCDrainStackTargetSize                   = 64                                        {product} {ergonomic}
   size_t InitialHeapSize                          = 132120576                                 {product} {ergonomic}
   size_t MarkStackSize                            = 4194304                                   {product} {ergonomic}
   size_t MaxHeapSize                              = 1610612736                                {product} {command line}
   size_t MaxNewSize                               = 965738496                                 {product} {ergonomic}
   size_t MinHeapDeltaBytes                        = 1048576                                   {product} {ergonomic}
    uintx NonNMethodCodeHeapSize                   = 5830732                                {pd product} {ergonomic}
    uintx NonProfiledCodeHeapSize                  = 122913754                              {pd product} {ergonomic}
    uintx ProfiledCodeHeapSize                     = 122913754                              {pd product} {ergonomic}
    uintx ReservedCodeCacheSize                    = 251658240                              {pd product} {ergonomic}
     bool SegmentedCodeCache                       = true                                      {product} {ergonomic}
     bool UseCompressedClassPointers               = true                                 {lp64_product} {ergonomic}
     bool UseCompressedOops                        = true                                 {lp64_product} {ergonomic}
     bool UseG1GC                                  = true                                      {product} {ergonomic}
     bool UseLargePagesIndividualAllocation        = false                                  {pd product} {ergonomic}

Logging:
Log output configuration:
 #0: stdout all=warning uptime,level,tags
 #1: stderr all=off uptime,level,tags

Environment Variables:
PATH=C:\WINDOWS\system32;C:\WINDOWS;C:\WINDOWS\System32\Wbem;C:\WINDOWS\System32\WindowsPowerShell\v1.0\;C:\WINDOWS\System32\OpenSSH\;E:\New folder\;C:\Users\HP\AppData\Local\Microsoft\WindowsApps;E:\VS Code\Microsoft VS Code\bin;C:\Users\HP\AppData\Roaming\npm;C:\Users\HP\AppData\Local\GitHubDesktop\bin;C:\Users\HP\Flutter\flutter\bin;
USERNAME=HP
OS=Windows_NT
PROCESSOR_IDENTIFIER=Intel64 Family 6 Model 142 Stepping 9, GenuineIntel



---------------  S Y S T E M  ---------------

OS: Windows 10 , 64 bit Build 19041 (10.0.19041.1)
OS uptime: 0 days 0:45 hours

CPU:total 4 (initial active 4) (2 cores per cpu, 2 threads per core) family 6 model 142 stepping 9 microcode 0xde, cmov, cx8, fxsr, mmx, sse, sse2, sse3, ssse3, sse4.1, sse4.2, popcnt, avx, avx2, aes, clmul, erms, 3dnowpref, lzcnt, ht, tsc, tscinvbit, bmi1, bmi2, adx, fma

Memory: 4k page, system-wide physical 8060M (2897M free)
TotalPageFile size 16252M (AvailPageFile size 10844M)
current process WorkingSet (physical memory assigned to process): 567M, peak: 573M
current process commit charge ("private bytes"): 598M, peak: 604M

vm_info: OpenJDK 64-Bit Server VM (11.0.10+0-b96-7249189) for windows-amd64 JRE (11.0.10+0-b96-7249189), built on Mar 31 2021 21:44:00 by "builder" with MS VC++ 14.0 (VS2015)

END.
