#
# A fatal error has been detected by the Java Runtime Environment:
#
#  EXCEPTION_ACCESS_VIOLATION (0xc0000005) at pc=0x00007ff9a127ca54, pid=3936, tid=9636
#
# JRE version: OpenJDK Runtime Environment (11.0.10) (build 11.0.10+0-b96-7249189)
# Java VM: OpenJDK 64-Bit Server VM (11.0.10+0-b96-7249189, mixed mode, tiered, compressed oops, g1 gc, windows-amd64)
# Problematic frame:
# V  [jvm.dll+0x18ca54]
#
# No core dump will be written. Minidumps are not enabled by default on client versions of Windows
#
# If you would like to submit a bug report, please visit:
#   https://bugreport.java.com/bugreport/crash.jsp
#

---------------  S U M M A R Y ------------

Command Line: --add-opens=java.base/java.util=ALL-UNNAMED --add-opens=java.base/java.lang=ALL-UNNAMED --add-opens=java.base/java.lang.invoke=ALL-UNNAMED --add-opens=java.base/java.util=ALL-UNNAMED --add-opens=java.prefs/java.util.prefs=ALL-UNNAMED --add-opens=java.prefs/java.util.prefs=ALL-UNNAMED --add-opens=java.base/java.nio.charset=ALL-UNNAMED --add-opens=java.base/java.net=ALL-UNNAMED --add-opens=java.base/java.util.concurrent.atomic=ALL-UNNAMED -Xmx1536m -Dfile.encoding=windows-1252 -Duser.country=US -Duser.language=en -Duser.variant org.gradle.launcher.daemon.bootstrap.GradleDaemon 7.0.2

Host: Intel(R) Core(TM) i3-7020U CPU @ 2.30GHz, 4 cores, 7G,  Windows 10 , 64 bit Build 19041 (10.0.19041.1)
Time: Sat Oct  9 10:32:17 2021 India Standard Time elapsed time: 1294.822141 seconds (0d 0h 21m 34s)

---------------  T H R E A D  ---------------

Current thread (0x000001f97edb7000):  ConcurrentGCThread "G1 Conc#0" [stack: 0x000000e034100000,0x000000e034200000] [id=9636]

Stack: [0x000000e034100000,0x000000e034200000],  sp=0x000000e0341ff928,  free space=1022k
Native frames: (J=compiled Java code, j=interpreted, Vv=VM code, C=native code)
V  [jvm.dll+0x18ca54]


siginfo: EXCEPTION_ACCESS_VIOLATION (0xc0000005), reading address 0x0000000000000110


Register to memory mapping:

RIP=0x00007ff9a127ca54 jvm.dll
RAX=0x0 is NULL
RBX=0x00000000a15f77a0 is an oop: [Ljava.lang.Class; 
{0x00000000a15f77a0} - klass: 'java/lang/Class'[]
 - length: 1
RCX=0x00000001000148a0 is pointing into metadata
RDX=0x00000000a15f77a0 is an oop: [Ljava.lang.Class; 
{0x00000000a15f77a0} - klass: 'java/lang/Class'[]
 - length: 1
RSP=0x000000e0341ff928 points into unknown readable memory: 0x00007ff9a13ca4ea | ea a4 3c a1 f9 7f 00 00
RBP=0x000001f97edaf0e0 points into unknown readable memory: 0x000001f97edb6000 | 00 60 db 7e f9 01 00 00
RSI=0x0000000000000001 is an unknown value
RDI=0x0 is NULL
R8 =0x0 is NULL
R9 =0x00000001000148a0 is pointing into metadata
R10=0x000001f97edaf0e0 points into unknown readable memory: 0x000001f97edb6000 | 00 60 db 7e f9 01 00 00
R11=0x000001f915620000 points into unknown readable memory: 0x0000000000000001 | 01 00 00 00 00 00 00 00
R12=0x000000000000000c is an unknown value
R13=0xaaaaaaaaaaaaaaab is an unknown value
R14=0x0 is NULL
R15=0x00000000a15f7760 is an oop: org.codehaus.groovy.reflection.CachedMethod 
{0x00000000a15f7760} - klass: 'org/codehaus/groovy/reflection/CachedMethod'


Registers:
RAX=0x0000000000000000, RBX=0x00000000a15f77a0, RCX=0x00000001000148a0, RDX=0x00000000a15f77a0
RSP=0x000000e0341ff928, RBP=0x000001f97edaf0e0, RSI=0x0000000000000001, RDI=0x0000000000000000
R8 =0x0000000000000000, R9 =0x00000001000148a0, R10=0x000001f97edaf0e0, R11=0x000001f915620000
R12=0x000000000000000c, R13=0xaaaaaaaaaaaaaaab, R14=0x0000000000000000, R15=0x00000000a15f7760
RIP=0x00007ff9a127ca54, EFLAGS=0x0000000000010246

Top of Stack: (sp=0x000000e0341ff928)
0x000000e0341ff928:   00007ff9a13ca4ea 00000000a15f77a0
0x000000e0341ff938:   00000001004217b8 000001f97edb90e0
0x000000e0341ff948:   000000e0341ffb38 00000001004217c8
0x000000e0341ff958:   00007ff9a13ca396 00000001004217b8
0x000000e0341ff968:   00000000a15f77a0 000001f97edb90e0
0x000000e0341ff978:   000000e0341ffb38 0000000000000000
0x000000e0341ff988:   000000e0341ffb38 00000000a15f7780
0x000000e0341ff998:   00007ff9a13c21ed 0000000000000008
0x000000e0341ff9a8:   00000000a15f7770 0000000000000003
0x000000e0341ff9b8:   000000e0341ffb38 000000e0341ffb10
0x000000e0341ff9c8:   000001f97edb7b01 0000000100421450
0x000000e0341ff9d8:   00007ff9a13c1aa1 0000000000000008
0x000000e0341ff9e8:   000000e0341ffb38 00000000a15f7760
0x000000e0341ff9f8:   0000000000000000 00000000a15f7760
0x000000e0341ffa08:   00007ff9a13cffcf 000001f97edb90e0
0x000000e0341ffa18:   00000000002c0000 000000e0341ffb10 

Instructions: (pc=0x00007ff9a127ca54)
0x00007ff9a127c954:   11 86 98 03 00 00 48 8b 5c 24 40 48 8b 74 24 48
0x00007ff9a127c964:   48 83 c4 30 5f c3 48 8b 07 48 8d 54 24 20 48 8b
0x00007ff9a127c974:   cf 66 0f 7f 44 24 20 ff 50 38 48 8b 5c 24 40 48
0x00007ff9a127c984:   8b 74 24 48 48 83 c4 30 5f c3 cc cc 48 8b 49 38
0x00007ff9a127c994:   48 8b 01 48 ff 60 28 cc cc cc cc cc 80 3d f1 ab
0x00007ff9a127c9a4:   86 00 00 48 8b c1 74 1b 8b 51 08 8b 0d 63 21 82
0x00007ff9a127c9b4:   00 48 d3 e2 48 8b c8 48 03 15 4e 21 82 00 e9 19
0x00007ff9a127c9c4:   00 00 00 48 8b 51 08 48 8b c8 e9 0d 00 00 00 cc
0x00007ff9a127c9d4:   cc cc cc cc cc cc cc cc cc cc cc cc 4c 8b ca 48
0x00007ff9a127c9e4:   8b d1 45 8b 41 08 45 85 c0 7e 0e 41 f6 c0 01 75
0x00007ff9a127c9f4:   59 41 c1 f8 03 41 8b c0 c3 79 4f 80 3d 92 ab 86
0x00007ff9a127ca04:   00 00 b8 0c 00 00 00 b9 10 00 00 00 0f 45 c8 8b
0x00007ff9a127ca14:   05 ab 6c 80 00 ff c8 4c 63 c8 48 63 c1 41 8b c8
0x00007ff9a127ca24:   83 e1 3f 48 63 14 10 41 8b c0 48 c1 f8 10 0f b6
0x00007ff9a127ca34:   c0 48 d3 e2 49 8d 0c 11 49 f7 d1 48 03 c1 49 c1
0x00007ff9a127ca44:   e9 03 48 c1 e8 03 41 23 c1 c3 49 8b 01 49 8b c9
0x00007ff9a127ca54:   48 ff a0 10 01 00 00 cc cc cc cc cc 48 83 ec 38
0x00007ff9a127ca64:   0f 10 02 48 8b 49 38 48 8d 54 24 20 0f 29 44 24
0x00007ff9a127ca74:   20 e8 56 f0 ff ff 48 83 c4 38 c3 cc 48 89 5c 24
0x00007ff9a127ca84:   08 55 56 57 41 54 41 55 41 56 41 57 48 8d 6c 24
0x00007ff9a127ca94:   e0 48 81 ec 20 01 00 00 48 8b 05 5d a5 83 00 48
0x00007ff9a127caa4:   33 c4 48 89 45 10 48 8b 05 df 15 86 00 45 33 ed
0x00007ff9a127cab4:   4c 8b b5 80 00 00 00 4c 8b fa 48 8b bd 88 00 00
0x00007ff9a127cac4:   00 4d 8b c6 49 8b d6 49 8b f1 48 8b 48 38 48 8b
0x00007ff9a127cad4:   59 48 49 8b cf c7 45 c0 ff ff ff ff 44 89 6d d4
0x00007ff9a127cae4:   4c 89 6d d8 44 88 6d e0 c7 45 e8 ff ff ff ff 44
0x00007ff9a127caf4:   89 6d fc 4c 89 6d 00 44 88 6d 08 e8 ac 17 f6 ff
0x00007ff9a127cb04:   41 b1 01 4c 8d 45 e8 41 8d 55 04 49 8b cf e8 39
0x00007ff9a127cb14:   d5 f4 ff 48 8b 05 a2 55 6e 00 4c 8d 25 1b 29 5c
0x00007ff9a127cb24:   00 48 89 44 24 30 4c 8d 44 24 70 0f b6 05 59 aa
0x00007ff9a127cb34:   86 00 49 8b d6 f6 d8 48 89 74 24 20 4c 89 74 24
0x00007ff9a127cb44:   28 0f 10 44 24 20 1b c9 44 89 6c 24 3c 83 c1 03 


Stack slot to memory mapping:
stack at sp + 0 slots: 0x00007ff9a13ca4ea jvm.dll
stack at sp + 1 slots: 0x00000000a15f77a0 is an oop: [Ljava.lang.Class; 
{0x00000000a15f77a0} - klass: 'java/lang/Class'[]
 - length: 1
stack at sp + 2 slots: 0x00000001004217b8 is pointing into metadata
stack at sp + 3 slots: 0x000001f97edb90e0 points into unknown readable memory: 0x00007ff9a190efa0 | a0 ef 90 a1 f9 7f 00 00
stack at sp + 4 slots: 0x000000e0341ffb38 points into unknown readable memory: 0x00007ff9a190ef20 | 20 ef 90 a1 f9 7f 00 00
stack at sp + 5 slots: 0x00000001004217c8 is a pointer to class: 
org.codehaus.groovy.runtime.InvokerInvocationException {0x00000001004217d0}
stack at sp + 6 slots: 0x00007ff9a13ca396 jvm.dll
stack at sp + 7 slots: 0x00000001004217b8 is pointing into metadata


---------------  P R O C E S S  ---------------

Threads class SMR info:
_java_thread_list=0x000001f91da99210, length=51, elements={
0x000001f97ed76800, 0x000001f9191e4000, 0x000001f9191e5800, 0x000001f919203800,
0x000001f919205800, 0x000001f919206800, 0x000001f91920c800, 0x000001f919215000,
0x000001f919217000, 0x000001f919cb7000, 0x000001f91c2db800, 0x000001f919f2e800,
0x000001f91ae77000, 0x000001f91bccc000, 0x000001f91bccc800, 0x000001f91bccd800,
0x000001f91bcce800, 0x000001f91bcc8800, 0x000001f91cae4800, 0x000001f91cae6000,
0x000001f91cae2800, 0x000001f91cae3800, 0x000001f91cae9800, 0x000001f91caee000,
0x000001f91caef000, 0x000001f91c2c5800, 0x000001f91f667800, 0x000001f91c2be000,
0x000001f91c2c0000, 0x000001f91c2bf000, 0x000001f91c2c0800, 0x000001f91c2bc800,
0x000001f91c2c2800, 0x000001f91c2c4800, 0x000001f91c2c6800, 0x000001f91c2c8000,
0x000001f91c2c9000, 0x000001f91c2c3000, 0x000001f91c2ca800, 0x000001f91f658800,
0x000001f91f65a800, 0x000001f91f65f000, 0x000001f91f65b000, 0x000001f91f659800,
0x000001f91f65c000, 0x000001f91f660000, 0x000001f91f661000, 0x000001f91f662800,
0x000001f91f65e800, 0x000001f91f661800, 0x000001f91f663800
}

Java Threads: ( => current thread )
  0x000001f97ed76800 JavaThread "main" [_thread_blocked, id=3868, stack(0x000000e033e00000,0x000000e033f00000)]
  0x000001f9191e4000 JavaThread "Reference Handler" daemon [_thread_blocked, id=8108, stack(0x000000e034500000,0x000000e034600000)]
  0x000001f9191e5800 JavaThread "Finalizer" daemon [_thread_blocked, id=10492, stack(0x000000e034600000,0x000000e034700000)]
  0x000001f919203800 JavaThread "Signal Dispatcher" daemon [_thread_blocked, id=6732, stack(0x000000e034700000,0x000000e034800000)]
  0x000001f919205800 JavaThread "Attach Listener" daemon [_thread_blocked, id=1060, stack(0x000000e034800000,0x000000e034900000)]
  0x000001f919206800 JavaThread "Service Thread" daemon [_thread_blocked, id=9584, stack(0x000000e034900000,0x000000e034a00000)]
  0x000001f91920c800 JavaThread "C2 CompilerThread0" daemon [_thread_in_native, id=6980, stack(0x000000e034a00000,0x000000e034b00000)]
  0x000001f919215000 JavaThread "C1 CompilerThread0" daemon [_thread_blocked, id=10652, stack(0x000000e034b00000,0x000000e034c00000)]
  0x000001f919217000 JavaThread "Sweeper thread" daemon [_thread_blocked, id=10436, stack(0x000000e034c00000,0x000000e034d00000)]
  0x000001f919cb7000 JavaThread "Common-Cleaner" daemon [_thread_blocked, id=10576, stack(0x000000e034d00000,0x000000e034e00000)]
  0x000001f91c2db800 JavaThread "Daemon health stats" [_thread_blocked, id=7272, stack(0x000000e035200000,0x000000e035300000)]
  0x000001f919f2e800 JavaThread "Incoming local TCP Connector on port 62745" [_thread_in_native, id=6468, stack(0x000000e034f00000,0x000000e035000000)]
  0x000001f91ae77000 JavaThread "Daemon periodic checks" [_thread_blocked, id=4360, stack(0x000000e035300000,0x000000e035400000)]
  0x000001f91bccc000 JavaThread "Cache worker for file hash cache (C:\Users\HP\.gradle\wrapper\dists\gradle-2.14.1-all\caches\7.0.2\fileHashes)" [_thread_blocked, id=9440, stack(0x000000e035d00000,0x000000e035e00000)]
  0x000001f91bccc800 JavaThread "File lock request listener" [_thread_in_native, id=5568, stack(0x000000e035e00000,0x000000e035f00000)]
  0x000001f91bccd800 JavaThread "Cache worker for journal cache (C:\Users\HP\.gradle\wrapper\dists\gradle-2.14.1-all\caches\journal-1)" [_thread_blocked, id=3496, stack(0x000000e035f00000,0x000000e036000000)]
  0x000001f91bcce800 JavaThread "File watcher server" daemon [_thread_in_native, id=5748, stack(0x000000e036100000,0x000000e036200000)]
  0x000001f91bcc8800 JavaThread "File watcher consumer" daemon [_thread_blocked, id=1420, stack(0x000000e036200000,0x000000e036300000)]
  0x000001f91cae4800 JavaThread "Cache worker for execution history cache (C:\Users\HP\.gradle\wrapper\dists\gradle-2.14.1-all\caches\7.0.2\executionHistory)" [_thread_blocked, id=1684, stack(0x000000e036600000,0x000000e036700000)]
  0x000001f91cae6000 JavaThread "jar transforms" [_thread_blocked, id=2264, stack(0x000000e036700000,0x000000e036800000)]
  0x000001f91cae2800 JavaThread "jar transforms Thread 2" [_thread_blocked, id=4544, stack(0x000000e036800000,0x000000e036900000)]
  0x000001f91cae3800 JavaThread "Cache worker for file content cache (C:\Users\HP\.gradle\wrapper\dists\gradle-2.14.1-all\caches\7.0.2\fileContent)" [_thread_blocked, id=8524, stack(0x000000e036900000,0x000000e036a00000)]
  0x000001f91cae9800 JavaThread "jar transforms Thread 3" [_thread_blocked, id=11112, stack(0x000000e036b00000,0x000000e036c00000)]
  0x000001f91caee000 JavaThread "jar transforms Thread 4" [_thread_blocked, id=10360, stack(0x000000e037100000,0x000000e037200000)]
  0x000001f91caef000 JavaThread "Memory manager" [_thread_blocked, id=6580, stack(0x000000e037200000,0x000000e037300000)]
  0x000001f91c2c5800 JavaThread "Cache worker for Java compile cache (C:\Users\HP\.gradle\wrapper\dists\gradle-2.14.1-all\caches\7.0.2\javaCompile)" [_thread_blocked, id=2988, stack(0x000000e035800000,0x000000e035900000)]
  0x000001f91f667800 JavaThread "ForkJoinPool.commonPool-worker-3" daemon [_thread_blocked, id=2268, stack(0x000000e037c00000,0x000000e037d00000)]
  0x000001f91c2be000 JavaThread "ForkJoinPool.commonPool-worker-7" daemon [_thread_blocked, id=7756, stack(0x000000e037d00000,0x000000e037e00000)]
  0x000001f91c2c0000 JavaThread "Daemon Thread 7" [_thread_blocked, id=7376, stack(0x000000e033b00000,0x000000e033c00000)]
  0x000001f91c2bf000 JavaThread "Handler for socket connection from /127.0.0.1:62745 to /127.0.0.1:62959" [_thread_in_native, id=1596, stack(0x000000e033c00000,0x000000e033d00000)]
  0x000001f91c2c0800 JavaThread "Cancel handler" [_thread_blocked, id=3964, stack(0x000000e033d00000,0x000000e033e00000)]
  0x000001f91c2bc800 JavaThread "Daemon worker Thread 7" [_thread_blocked, id=488, stack(0x000000e035400000,0x000000e035500000)]
  0x000001f91c2c2800 JavaThread "Asynchronous log dispatcher for DefaultDaemonConnection: socket connection from /127.0.0.1:62745 to /127.0.0.1:62959" [_thread_blocked, id=10660, stack(0x000000e035500000,0x000000e035600000)]
  0x000001f91c2c4800 JavaThread "Stdin handler" [_thread_blocked, id=10960, stack(0x000000e035600000,0x000000e035700000)]
  0x000001f91c2c6800 JavaThread "Daemon client event forwarder" [_thread_blocked, id=3948, stack(0x000000e035700000,0x000000e035800000)]
  0x000001f91c2c8000 JavaThread "Cache worker for file hash cache (C:\Users\HP\AndroidStudioProjects\QuizzerExtended\QuizzerClass\.gradle\7.0.2\fileHashes)" [_thread_blocked, id=8780, stack(0x000000e035900000,0x000000e035a00000)]
  0x000001f91c2c9000 JavaThread "Cache worker for checksums cache (C:\Users\HP\AndroidStudioProjects\QuizzerExtended\QuizzerClass\.gradle\checksums)" [_thread_blocked, id=2904, stack(0x000000e035a00000,0x000000e035b00000)]
  0x000001f91c2c3000 JavaThread "Cache worker for cache directory md-supplier (C:\Users\HP\.gradle\wrapper\dists\gradle-2.14.1-all\caches\7.0.2\md-supplier)" [_thread_blocked, id=11124, stack(0x000000e035b00000,0x000000e035c00000)]
  0x000001f91c2ca800 JavaThread "Cache worker for cache directory md-rule (C:\Users\HP\.gradle\wrapper\dists\gradle-2.14.1-all\caches\7.0.2\md-rule)" [_thread_blocked, id=9372, stack(0x000000e036000000,0x000000e036100000)]
  0x000001f91f658800 JavaThread "Cache worker for dependencies-accessors (C:\Users\HP\AndroidStudioProjects\QuizzerExtended\QuizzerClass\.gradle\7.0.2\dependencies-accessors)" [_thread_blocked, id=2728, stack(0x000000e036300000,0x000000e036400000)]
  0x000001f91f65a800 JavaThread "Cache worker for Build Output Cleanup Cache (C:\Users\HP\AndroidStudioProjects\QuizzerExtended\QuizzerClass\.gradle\buildOutputCleanup)" [_thread_blocked, id=4616, stack(0x000000e036400000,0x000000e036500000)]
  0x000001f91f65f000 JavaThread "Build operations" [_thread_blocked, id=8368, stack(0x000000e036500000,0x000000e036600000)]
  0x000001f91f65b000 JavaThread "Build operations Thread 2" [_thread_blocked, id=2640, stack(0x000000e036a00000,0x000000e036b00000)]
  0x000001f91f659800 JavaThread "Build operations Thread 3" [_thread_blocked, id=9764, stack(0x000000e036c00000,0x000000e036d00000)]
  0x000001f91f65c000 JavaThread "Build operations Thread 4" [_thread_blocked, id=1908, stack(0x000000e036d00000,0x000000e036e00000)]
  0x000001f91f660000 JavaThread "build event listener" [_thread_blocked, id=9808, stack(0x000000e036e00000,0x000000e036f00000)]
  0x000001f91f661000 JavaThread "Execution worker for ':'" [_thread_blocked, id=2040, stack(0x000000e036f00000,0x000000e037000000)]
  0x000001f91f662800 JavaThread "Execution worker for ':' Thread 2" [_thread_blocked, id=11152, stack(0x000000e037000000,0x000000e037100000)]
  0x000001f91f65e800 JavaThread "Execution worker for ':' Thread 3" [_thread_blocked, id=3848, stack(0x000000e037300000,0x000000e037400000)]
  0x000001f91f661800 JavaThread "Cache worker for execution history cache (C:\Users\HP\AndroidStudioProjects\QuizzerExtended\QuizzerClass\.gradle\7.0.2\executionHistory)" [_thread_blocked, id=10580, stack(0x000000e037400000,0x000000e037500000)]
  0x000001f91f663800 JavaThread "Cache worker for Java compile cache (C:\Users\HP\AndroidStudioProjects\QuizzerExtended\QuizzerClass\.gradle\7.0.2\javaCompile)" [_thread_blocked, id=10612, stack(0x000000e037600000,0x000000e037700000)]

Other Threads:
  0x000001f9191bf800 VMThread "VM Thread" [stack: 0x000000e034400000,0x000000e034500000] [id=6112]
  0x000001f919cd5800 WatcherThread [stack: 0x000000e034e00000,0x000000e034f00000] [id=10324]
  0x000001f97ed90000 GCTaskThread "GC Thread#0" [stack: 0x000000e033f00000,0x000000e034000000] [id=11100]
  0x000001f91a1c9000 GCTaskThread "GC Thread#1" [stack: 0x000000e035000000,0x000000e035100000] [id=10376]
  0x000001f91a45c800 GCTaskThread "GC Thread#2" [stack: 0x000000e035100000,0x000000e035200000] [id=6080]
  0x000001f91c145000 GCTaskThread "GC Thread#3" [stack: 0x000000e035c00000,0x000000e035d00000] [id=10064]
  0x000001f97edb6000 ConcurrentGCThread "G1 Main Marker" [stack: 0x000000e034000000,0x000000e034100000] [id=6008]
=>0x000001f97edb7000 ConcurrentGCThread "G1 Conc#0" [stack: 0x000000e034100000,0x000000e034200000] [id=9636]
  0x000001f97ee47000 ConcurrentGCThread "G1 Refine#0" [stack: 0x000000e034200000,0x000000e034300000] [id=8828]
  0x000001f97ee48000 ConcurrentGCThread "G1 Young RemSet Sampling" [stack: 0x000000e034300000,0x000000e034400000] [id=3624]

Threads with active compile tasks:
C2 CompilerThread01294893 25423       4       java.util.HashSet::writeObject (75 bytes)

VM state:not at safepoint (normal execution)

VM Mutex/Monitor currently owned by a thread: None

Heap address: 0x00000000a0000000, size: 1536 MB, Compressed Oops mode: 32-bit
Narrow klass base: 0x0000000000000000, Narrow klass shift: 3
Compressed class space size: 1073741824 Address: 0x0000000100000000

Heap:
 garbage-first heap   total 227328K, used 129575K [0x00000000a0000000, 0x0000000100000000)
  region size 1024K, 10 young (10240K), 8 survivors (8192K)
 Metaspace       used 118318K, capacity 122065K, committed 122096K, reserved 1155072K
  class space    used 14679K, capacity 16057K, committed 16076K, reserved 1048576K
Heap Regions: E=young(eden), S=young(survivor), O=old, HS=humongous(starts), HC=humongous(continues), CS=collection set, F=free, A=archive, TAMS=top-at-mark-start (previous, next)
|   0|0x00000000a0000000, 0x00000000a0100000, 0x00000000a0100000|100%|HS|  |TAMS 0x00000000a0100000, 0x00000000a0100000| Complete 
|   1|0x00000000a0100000, 0x00000000a0200000, 0x00000000a0200000|100%|HC|  |TAMS 0x00000000a0200000, 0x00000000a0200000| Complete 
|   2|0x00000000a0200000, 0x00000000a0300000, 0x00000000a0300000|100%|HC|  |TAMS 0x00000000a0300000, 0x00000000a0300000| Complete 
|   3|0x00000000a0300000, 0x00000000a0400000, 0x00000000a0400000|100%| O|  |TAMS 0x00000000a0400000, 0x00000000a0400000| Untracked 
|   4|0x00000000a0400000, 0x00000000a0500000, 0x00000000a0500000|100%| O|  |TAMS 0x00000000a0500000, 0x00000000a0500000| Untracked 
|   5|0x00000000a0500000, 0x00000000a0600000, 0x00000000a0600000|100%| O|  |TAMS 0x00000000a0600000, 0x00000000a0600000| Untracked 
|   6|0x00000000a0600000, 0x00000000a0700000, 0x00000000a0700000|100%| O|  |TAMS 0x00000000a0700000, 0x00000000a0700000| Untracked 
|   7|0x00000000a0700000, 0x00000000a0800000, 0x00000000a0800000|100%| O|  |TAMS 0x00000000a0800000, 0x00000000a0800000| Untracked 
|   8|0x00000000a0800000, 0x00000000a0900000, 0x00000000a0900000|100%| O|  |TAMS 0x00000000a0900000, 0x00000000a0900000| Untracked 
|   9|0x00000000a0900000, 0x00000000a0a00000, 0x00000000a0a00000|100%| O|  |TAMS 0x00000000a0a00000, 0x00000000a0a00000| Untracked 
|  10|0x00000000a0a00000, 0x00000000a0b00000, 0x00000000a0b00000|100%| O|  |TAMS 0x00000000a0b00000, 0x00000000a0b00000| Untracked 
|  11|0x00000000a0b00000, 0x00000000a0c00000, 0x00000000a0c00000|100%| O|  |TAMS 0x00000000a0c00000, 0x00000000a0c00000| Untracked 
|  12|0x00000000a0c00000, 0x00000000a0d00000, 0x00000000a0d00000|100%| O|  |TAMS 0x00000000a0d00000, 0x00000000a0d00000| Untracked 
|  13|0x00000000a0d00000, 0x00000000a0e00000, 0x00000000a0e00000|100%| O|  |TAMS 0x00000000a0e00000, 0x00000000a0e00000| Untracked 
|  14|0x00000000a0e00000, 0x00000000a0f00000, 0x00000000a0f00000|100%| O|  |TAMS 0x00000000a0f00000, 0x00000000a0f00000| Untracked 
|  15|0x00000000a0f00000, 0x00000000a1000000, 0x00000000a1000000|100%| O|  |TAMS 0x00000000a1000000, 0x00000000a1000000| Untracked 
|  16|0x00000000a1000000, 0x00000000a1100000, 0x00000000a1100000|100%|HS|  |TAMS 0x00000000a1100000, 0x00000000a1100000| Complete 
|  17|0x00000000a1100000, 0x00000000a1200000, 0x00000000a1200000|100%| O|  |TAMS 0x00000000a1200000, 0x00000000a1200000| Untracked 
|  18|0x00000000a1200000, 0x00000000a1300000, 0x00000000a1300000|100%| O|  |TAMS 0x00000000a1300000, 0x00000000a1300000| Untracked 
|  19|0x00000000a1300000, 0x00000000a1400000, 0x00000000a1400000|100%| O|  |TAMS 0x00000000a1400000, 0x00000000a1400000| Untracked 
|  20|0x00000000a1400000, 0x00000000a1500000, 0x00000000a1500000|100%| O|  |TAMS 0x00000000a1500000, 0x00000000a1500000| Untracked 
|  21|0x00000000a1500000, 0x00000000a1600000, 0x00000000a1600000|100%| O|  |TAMS 0x00000000a1600000, 0x00000000a1600000| Untracked 
|  22|0x00000000a1600000, 0x00000000a1700000, 0x00000000a1700000|100%| O|  |TAMS 0x00000000a1700000, 0x00000000a1700000| Untracked 
|  23|0x00000000a1700000, 0x00000000a1800000, 0x00000000a1800000|100%|HS|  |TAMS 0x00000000a1800000, 0x00000000a1800000| Complete 
|  24|0x00000000a1800000, 0x00000000a1900000, 0x00000000a1900000|100%|HS|  |TAMS 0x00000000a1900000, 0x00000000a1900000| Complete 
|  25|0x00000000a1900000, 0x00000000a1a00000, 0x00000000a1a00000|100%|HC|  |TAMS 0x00000000a1a00000, 0x00000000a1a00000| Complete 
|  26|0x00000000a1a00000, 0x00000000a1b00000, 0x00000000a1b00000|100%| O|  |TAMS 0x00000000a1b00000, 0x00000000a1b00000| Untracked 
|  27|0x00000000a1b00000, 0x00000000a1c00000, 0x00000000a1c00000|100%| O|  |TAMS 0x00000000a1c00000, 0x00000000a1c00000| Untracked 
|  28|0x00000000a1c00000, 0x00000000a1d00000, 0x00000000a1d00000|100%| O|  |TAMS 0x00000000a1d00000, 0x00000000a1d00000| Untracked 
|  29|0x00000000a1d00000, 0x00000000a1e00000, 0x00000000a1e00000|100%| O|  |TAMS 0x00000000a1e00000, 0x00000000a1e00000| Untracked 
|  30|0x00000000a1e00000, 0x00000000a1f00000, 0x00000000a1f00000|100%| O|  |TAMS 0x00000000a1e00000, 0x00000000a1f00000| Untracked 
|  31|0x00000000a1f00000, 0x00000000a1f89e00, 0x00000000a2000000| 53%| O|  |TAMS 0x00000000a1f00000, 0x00000000a1f89e00| Untracked 
|  32|0x00000000a2000000, 0x00000000a2100000, 0x00000000a2100000|100%| O|  |TAMS 0x00000000a2100000, 0x00000000a2100000| Untracked 
|  33|0x00000000a2100000, 0x00000000a2200000, 0x00000000a2200000|100%| O|  |TAMS 0x00000000a2200000, 0x00000000a2200000| Untracked 
|  34|0x00000000a2200000, 0x00000000a2300000, 0x00000000a2300000|100%| O|  |TAMS 0x00000000a2300000, 0x00000000a2300000| Untracked 
|  35|0x00000000a2300000, 0x00000000a2400000, 0x00000000a2400000|100%| O|  |TAMS 0x00000000a2400000, 0x00000000a2400000| Untracked 
|  36|0x00000000a2400000, 0x00000000a2500000, 0x00000000a2500000|100%| O|  |TAMS 0x00000000a2500000, 0x00000000a2500000| Untracked 
|  37|0x00000000a2500000, 0x00000000a2600000, 0x00000000a2600000|100%| O|  |TAMS 0x00000000a2600000, 0x00000000a2600000| Untracked 
|  38|0x00000000a2600000, 0x00000000a2700000, 0x00000000a2700000|100%| O|  |TAMS 0x00000000a2700000, 0x00000000a2700000| Untracked 
|  39|0x00000000a2700000, 0x00000000a2800000, 0x00000000a2800000|100%| O|  |TAMS 0x00000000a2800000, 0x00000000a2800000| Untracked 
|  40|0x00000000a2800000, 0x00000000a2800000, 0x00000000a2900000|  0%| F|  |TAMS 0x00000000a2800000, 0x00000000a2800000| Untracked 
|  41|0x00000000a2900000, 0x00000000a2a00000, 0x00000000a2a00000|100%| O|  |TAMS 0x00000000a2a00000, 0x00000000a2a00000| Untracked 
|  42|0x00000000a2a00000, 0x00000000a2b00000, 0x00000000a2b00000|100%| O|  |TAMS 0x00000000a2b00000, 0x00000000a2b00000| Untracked 
|  43|0x00000000a2b00000, 0x00000000a2c00000, 0x00000000a2c00000|100%| O|  |TAMS 0x00000000a2c00000, 0x00000000a2c00000| Untracked 
|  44|0x00000000a2c00000, 0x00000000a2d00000, 0x00000000a2d00000|100%| O|  |TAMS 0x00000000a2d00000, 0x00000000a2d00000| Untracked 
|  45|0x00000000a2d00000, 0x00000000a2e00000, 0x00000000a2e00000|100%| O|  |TAMS 0x00000000a2e00000, 0x00000000a2e00000| Untracked 
|  46|0x00000000a2e00000, 0x00000000a2f00000, 0x00000000a2f00000|100%| O|  |TAMS 0x00000000a2f00000, 0x00000000a2f00000| Untracked 
|  47|0x00000000a2f00000, 0x00000000a3000000, 0x00000000a3000000|100%| O|  |TAMS 0x00000000a3000000, 0x00000000a3000000| Untracked 
|  48|0x00000000a3000000, 0x00000000a3100000, 0x00000000a3100000|100%| O|  |TAMS 0x00000000a3100000, 0x00000000a3100000| Untracked 
|  49|0x00000000a3100000, 0x00000000a3200000, 0x00000000a3200000|100%| O|  |TAMS 0x00000000a3200000, 0x00000000a3200000| Untracked 
|  50|0x00000000a3200000, 0x00000000a3300000, 0x00000000a3300000|100%| O|  |TAMS 0x00000000a3300000, 0x00000000a3300000| Untracked 
|  51|0x00000000a3300000, 0x00000000a3400000, 0x00000000a3400000|100%| O|  |TAMS 0x00000000a3400000, 0x00000000a3400000| Untracked 
|  52|0x00000000a3400000, 0x00000000a3500000, 0x00000000a3500000|100%| O|  |TAMS 0x00000000a3500000, 0x00000000a3500000| Untracked 
|  53|0x00000000a3500000, 0x00000000a3600000, 0x00000000a3600000|100%| O|  |TAMS 0x00000000a3600000, 0x00000000a3600000| Untracked 
|  54|0x00000000a3600000, 0x00000000a3700000, 0x00000000a3700000|100%| O|  |TAMS 0x00000000a3700000, 0x00000000a3700000| Untracked 
|  55|0x00000000a3700000, 0x00000000a3800000, 0x00000000a3800000|100%| O|  |TAMS 0x00000000a3800000, 0x00000000a3800000| Untracked 
|  56|0x00000000a3800000, 0x00000000a3900000, 0x00000000a3900000|100%| O|  |TAMS 0x00000000a3900000, 0x00000000a3900000| Untracked 
|  57|0x00000000a3900000, 0x00000000a3a00000, 0x00000000a3a00000|100%| O|  |TAMS 0x00000000a3a00000, 0x00000000a3a00000| Untracked 
|  58|0x00000000a3a00000, 0x00000000a3b00000, 0x00000000a3b00000|100%| O|  |TAMS 0x00000000a3b00000, 0x00000000a3b00000| Untracked 
|  59|0x00000000a3b00000, 0x00000000a3c00000, 0x00000000a3c00000|100%| O|  |TAMS 0x00000000a3c00000, 0x00000000a3c00000| Untracked 
|  60|0x00000000a3c00000, 0x00000000a3d00000, 0x00000000a3d00000|100%| O|  |TAMS 0x00000000a3d00000, 0x00000000a3d00000| Untracked 
|  61|0x00000000a3d00000, 0x00000000a3e00000, 0x00000000a3e00000|100%| O|  |TAMS 0x00000000a3e00000, 0x00000000a3e00000| Untracked 
|  62|0x00000000a3e00000, 0x00000000a3f00000, 0x00000000a3f00000|100%| O|  |TAMS 0x00000000a3f00000, 0x00000000a3f00000| Untracked 
|  63|0x00000000a3f00000, 0x00000000a4000000, 0x00000000a4000000|100%| O|  |TAMS 0x00000000a4000000, 0x00000000a4000000| Untracked 
|  64|0x00000000a4000000, 0x00000000a4100000, 0x00000000a4100000|100%| O|  |TAMS 0x00000000a4100000, 0x00000000a4100000| Untracked 
|  65|0x00000000a4100000, 0x00000000a4200000, 0x00000000a4200000|100%| O|  |TAMS 0x00000000a4200000, 0x00000000a4200000| Untracked 
|  66|0x00000000a4200000, 0x00000000a4300000, 0x00000000a4300000|100%| O|  |TAMS 0x00000000a4300000, 0x00000000a4300000| Untracked 
|  67|0x00000000a4300000, 0x00000000a4400000, 0x00000000a4400000|100%| O|  |TAMS 0x00000000a4400000, 0x00000000a4400000| Untracked 
|  68|0x00000000a4400000, 0x00000000a4500000, 0x00000000a4500000|100%| O|  |TAMS 0x00000000a4500000, 0x00000000a4500000| Untracked 
|  69|0x00000000a4500000, 0x00000000a4500000, 0x00000000a4600000|  0%| F|  |TAMS 0x00000000a4500000, 0x00000000a4500000| Untracked 
|  70|0x00000000a4600000, 0x00000000a4700000, 0x00000000a4700000|100%| O|  |TAMS 0x00000000a4700000, 0x00000000a4700000| Untracked 
|  71|0x00000000a4700000, 0x00000000a4800000, 0x00000000a4800000|100%| O|  |TAMS 0x00000000a4800000, 0x00000000a4800000| Untracked 
|  72|0x00000000a4800000, 0x00000000a4900000, 0x00000000a4900000|100%| O|  |TAMS 0x00000000a4900000, 0x00000000a4900000| Untracked 
|  73|0x00000000a4900000, 0x00000000a4a00000, 0x00000000a4a00000|100%| O|  |TAMS 0x00000000a4a00000, 0x00000000a4a00000| Untracked 
|  74|0x00000000a4a00000, 0x00000000a4b00000, 0x00000000a4b00000|100%| O|  |TAMS 0x00000000a4b00000, 0x00000000a4b00000| Untracked 
|  75|0x00000000a4b00000, 0x00000000a4c00000, 0x00000000a4c00000|100%| O|  |TAMS 0x00000000a4c00000, 0x00000000a4c00000| Untracked 
|  76|0x00000000a4c00000, 0x00000000a4c00000, 0x00000000a4d00000|  0%| F|  |TAMS 0x00000000a4c00000, 0x00000000a4c00000| Untracked 
|  77|0x00000000a4d00000, 0x00000000a4e00000, 0x00000000a4e00000|100%| O|  |TAMS 0x00000000a4e00000, 0x00000000a4e00000| Untracked 
|  78|0x00000000a4e00000, 0x00000000a4f00000, 0x00000000a4f00000|100%| O|  |TAMS 0x00000000a4f00000, 0x00000000a4f00000| Untracked 
|  79|0x00000000a4f00000, 0x00000000a5000000, 0x00000000a5000000|100%| O|  |TAMS 0x00000000a5000000, 0x00000000a5000000| Untracked 
|  80|0x00000000a5000000, 0x00000000a5000000, 0x00000000a5100000|  0%| F|  |TAMS 0x00000000a5000000, 0x00000000a5000000| Untracked 
|  81|0x00000000a5100000, 0x00000000a5200000, 0x00000000a5200000|100%|HS|  |TAMS 0x00000000a5200000, 0x00000000a5200000| Complete 
|  82|0x00000000a5200000, 0x00000000a5300000, 0x00000000a5300000|100%|HC|  |TAMS 0x00000000a5300000, 0x00000000a5300000| Complete 
|  83|0x00000000a5300000, 0x00000000a5400000, 0x00000000a5400000|100%| O|  |TAMS 0x00000000a5400000, 0x00000000a5400000| Untracked 
|  84|0x00000000a5400000, 0x00000000a5500000, 0x00000000a5500000|100%| O|  |TAMS 0x00000000a5400000, 0x00000000a5500000| Untracked 
|  85|0x00000000a5500000, 0x00000000a5500000, 0x00000000a5600000|  0%| F|  |TAMS 0x00000000a5500000, 0x00000000a5500000| Untracked 
|  86|0x00000000a5600000, 0x00000000a5700000, 0x00000000a5700000|100%| O|  |TAMS 0x00000000a5700000, 0x00000000a5700000| Untracked 
|  87|0x00000000a5700000, 0x00000000a5800000, 0x00000000a5800000|100%| O|  |TAMS 0x00000000a5800000, 0x00000000a5800000| Untracked 
|  88|0x00000000a5800000, 0x00000000a5900000, 0x00000000a5900000|100%| O|  |TAMS 0x00000000a5900000, 0x00000000a5900000| Untracked 
|  89|0x00000000a5900000, 0x00000000a5a00000, 0x00000000a5a00000|100%| O|  |TAMS 0x00000000a5a00000, 0x00000000a5a00000| Untracked 
|  90|0x00000000a5a00000, 0x00000000a5b00000, 0x00000000a5b00000|100%| O|  |TAMS 0x00000000a5b00000, 0x00000000a5b00000| Untracked 
|  91|0x00000000a5b00000, 0x00000000a5c00000, 0x00000000a5c00000|100%| O|  |TAMS 0x00000000a5c00000, 0x00000000a5c00000| Untracked 
|  92|0x00000000a5c00000, 0x00000000a5d00000, 0x00000000a5d00000|100%| O|  |TAMS 0x00000000a5d00000, 0x00000000a5d00000| Untracked 
|  93|0x00000000a5d00000, 0x00000000a5e00000, 0x00000000a5e00000|100%| O|  |TAMS 0x00000000a5e00000, 0x00000000a5e00000| Untracked 
|  94|0x00000000a5e00000, 0x00000000a5f00000, 0x00000000a5f00000|100%| O|  |TAMS 0x00000000a5f00000, 0x00000000a5f00000| Untracked 
|  95|0x00000000a5f00000, 0x00000000a6000000, 0x00000000a6000000|100%| O|  |TAMS 0x00000000a6000000, 0x00000000a6000000| Untracked 
|  96|0x00000000a6000000, 0x00000000a6100000, 0x00000000a6100000|100%| O|  |TAMS 0x00000000a6100000, 0x00000000a6100000| Untracked 
|  97|0x00000000a6100000, 0x00000000a6200000, 0x00000000a6200000|100%| O|  |TAMS 0x00000000a6200000, 0x00000000a6200000| Untracked 
|  98|0x00000000a6200000, 0x00000000a6300000, 0x00000000a6300000|100%| O|  |TAMS 0x00000000a62ab000, 0x00000000a6300000| Untracked 
|  99|0x00000000a6300000, 0x00000000a6400000, 0x00000000a6400000|100%| O|  |TAMS 0x00000000a6300000, 0x00000000a6400000| Untracked 
| 100|0x00000000a6400000, 0x00000000a6500000, 0x00000000a6500000|100%| O|  |TAMS 0x00000000a6400000, 0x00000000a6500000| Untracked 
| 101|0x00000000a6500000, 0x00000000a6600000, 0x00000000a6600000|100%| O|  |TAMS 0x00000000a6500000, 0x00000000a6600000| Untracked 
| 102|0x00000000a6600000, 0x00000000a6700000, 0x00000000a6700000|100%| O|  |TAMS 0x00000000a6600000, 0x00000000a6700000| Untracked 
| 103|0x00000000a6700000, 0x00000000a6800000, 0x00000000a6800000|100%| O|  |TAMS 0x00000000a6800000, 0x00000000a6800000| Untracked 
| 104|0x00000000a6800000, 0x00000000a6900000, 0x00000000a6900000|100%| O|  |TAMS 0x00000000a6800000, 0x00000000a6900000| Untracked 
| 105|0x00000000a6900000, 0x00000000a6a00000, 0x00000000a6a00000|100%| O|  |TAMS 0x00000000a6900000, 0x00000000a6a00000| Untracked 
| 106|0x00000000a6a00000, 0x00000000a6b00000, 0x00000000a6b00000|100%| O|  |TAMS 0x00000000a6b00000, 0x00000000a6b00000| Untracked 
| 107|0x00000000a6b00000, 0x00000000a6c00000, 0x00000000a6c00000|100%| O|  |TAMS 0x00000000a6c00000, 0x00000000a6c00000| Untracked 
| 108|0x00000000a6c00000, 0x00000000a6d00000, 0x00000000a6d00000|100%| O|  |TAMS 0x00000000a6d00000, 0x00000000a6d00000| Untracked 
| 109|0x00000000a6d00000, 0x00000000a6e00000, 0x00000000a6e00000|100%| O|  |TAMS 0x00000000a6d00000, 0x00000000a6e00000| Untracked 
| 110|0x00000000a6e00000, 0x00000000a6f00000, 0x00000000a6f00000|100%| O|  |TAMS 0x00000000a6e00000, 0x00000000a6f00000| Untracked 
| 111|0x00000000a6f00000, 0x00000000a7000000, 0x00000000a7000000|100%| O|  |TAMS 0x00000000a6f00000, 0x00000000a7000000| Untracked 
| 112|0x00000000a7000000, 0x00000000a7000000, 0x00000000a7100000|  0%| F|  |TAMS 0x00000000a7000000, 0x00000000a7000000| Untracked 
| 113|0x00000000a7100000, 0x00000000a7200000, 0x00000000a7200000|100%| O|  |TAMS 0x00000000a7200000, 0x00000000a7200000| Untracked 
| 114|0x00000000a7200000, 0x00000000a7200000, 0x00000000a7300000|  0%| F|  |TAMS 0x00000000a7200000, 0x00000000a7200000| Untracked 
| 115|0x00000000a7300000, 0x00000000a7300000, 0x00000000a7400000|  0%| F|  |TAMS 0x00000000a7300000, 0x00000000a7300000| Untracked 
| 116|0x00000000a7400000, 0x00000000a7400000, 0x00000000a7500000|  0%| F|  |TAMS 0x00000000a7400000, 0x00000000a7400000| Untracked 
| 117|0x00000000a7500000, 0x00000000a7500000, 0x00000000a7600000|  0%| F|  |TAMS 0x00000000a7500000, 0x00000000a7500000| Untracked 
| 118|0x00000000a7600000, 0x00000000a7600000, 0x00000000a7700000|  0%| F|  |TAMS 0x00000000a7600000, 0x00000000a7600000| Untracked 
| 119|0x00000000a7700000, 0x00000000a7700000, 0x00000000a7800000|  0%| F|  |TAMS 0x00000000a7700000, 0x00000000a7700000| Untracked 
| 120|0x00000000a7800000, 0x00000000a7900000, 0x00000000a7900000|100%| O|  |TAMS 0x00000000a7900000, 0x00000000a7900000| Untracked 
| 121|0x00000000a7900000, 0x00000000a7900000, 0x00000000a7a00000|  0%| F|  |TAMS 0x00000000a7900000, 0x00000000a7900000| Untracked 
| 122|0x00000000a7a00000, 0x00000000a7a00000, 0x00000000a7b00000|  0%| F|  |TAMS 0x00000000a7a00000, 0x00000000a7a00000| Untracked 
| 123|0x00000000a7b00000, 0x00000000a7c00000, 0x00000000a7c00000|100%| O|  |TAMS 0x00000000a7b00000, 0x00000000a7c00000| Untracked 
| 124|0x00000000a7c00000, 0x00000000a7d00000, 0x00000000a7d00000|100%| O|  |TAMS 0x00000000a7d00000, 0x00000000a7d00000| Untracked 
| 125|0x00000000a7d00000, 0x00000000a7d00000, 0x00000000a7e00000|  0%| F|  |TAMS 0x00000000a7d00000, 0x00000000a7d00000| Untracked 
| 126|0x00000000a7e00000, 0x00000000a7e00000, 0x00000000a7f00000|  0%| F|  |TAMS 0x00000000a7e00000, 0x00000000a7e00000| Untracked 
| 127|0x00000000a7f00000, 0x00000000a7f00000, 0x00000000a8000000|  0%| F|  |TAMS 0x00000000a7f00000, 0x00000000a7f00000| Untracked 
| 128|0x00000000a8000000, 0x00000000a8000000, 0x00000000a8100000|  0%| F|  |TAMS 0x00000000a8000000, 0x00000000a8000000| Untracked 
| 129|0x00000000a8100000, 0x00000000a8200000, 0x00000000a8200000|100%|HS|  |TAMS 0x00000000a8100000, 0x00000000a8200000| Complete 
| 130|0x00000000a8200000, 0x00000000a8300000, 0x00000000a8300000|100%|HC|  |TAMS 0x00000000a8200000, 0x00000000a8300000| Complete 
| 131|0x00000000a8300000, 0x00000000a8300000, 0x00000000a8400000|  0%| F|  |TAMS 0x00000000a8300000, 0x00000000a8300000| Untracked 
| 132|0x00000000a8400000, 0x00000000a8400000, 0x00000000a8500000|  0%| F|  |TAMS 0x00000000a8400000, 0x00000000a8400000| Untracked 
| 133|0x00000000a8500000, 0x00000000a8500000, 0x00000000a8600000|  0%| F|  |TAMS 0x00000000a8500000, 0x00000000a8500000| Untracked 
| 134|0x00000000a8600000, 0x00000000a8600000, 0x00000000a8700000|  0%| F|  |TAMS 0x00000000a8600000, 0x00000000a8600000| Untracked 
| 135|0x00000000a8700000, 0x00000000a8700000, 0x00000000a8800000|  0%| F|  |TAMS 0x00000000a8700000, 0x00000000a8700000| Untracked 
| 136|0x00000000a8800000, 0x00000000a8900000, 0x00000000a8900000|100%| O|  |TAMS 0x00000000a8900000, 0x00000000a8900000| Untracked 
| 137|0x00000000a8900000, 0x00000000a8900000, 0x00000000a8a00000|  0%| F|  |TAMS 0x00000000a8900000, 0x00000000a8900000| Untracked 
| 138|0x00000000a8a00000, 0x00000000a8b00000, 0x00000000a8b00000|100%| O|  |TAMS 0x00000000a8b00000, 0x00000000a8b00000| Untracked 
| 139|0x00000000a8b00000, 0x00000000a8c00000, 0x00000000a8c00000|100%| O|  |TAMS 0x00000000a8c00000, 0x00000000a8c00000| Untracked 
| 140|0x00000000a8c00000, 0x00000000a8d00000, 0x00000000a8d00000|100%| O|  |TAMS 0x00000000a8d00000, 0x00000000a8d00000| Untracked 
| 141|0x00000000a8d00000, 0x00000000a8e00000, 0x00000000a8e00000|100%| O|  |TAMS 0x00000000a8e00000, 0x00000000a8e00000| Untracked 
| 142|0x00000000a8e00000, 0x00000000a8e00000, 0x00000000a8f00000|  0%| F|  |TAMS 0x00000000a8e00000, 0x00000000a8e00000| Untracked 
| 143|0x00000000a8f00000, 0x00000000a8f00000, 0x00000000a9000000|  0%| F|  |TAMS 0x00000000a8f00000, 0x00000000a8f00000| Untracked 
| 144|0x00000000a9000000, 0x00000000a9000000, 0x00000000a9100000|  0%| F|  |TAMS 0x00000000a9000000, 0x00000000a9000000| Untracked 
| 145|0x00000000a9100000, 0x00000000a9100000, 0x00000000a9200000|  0%| F|  |TAMS 0x00000000a9100000, 0x00000000a9100000| Untracked 
| 146|0x00000000a9200000, 0x00000000a9200000, 0x00000000a9300000|  0%| F|  |TAMS 0x00000000a9200000, 0x00000000a9200000| Untracked 
| 147|0x00000000a9300000, 0x00000000a9300000, 0x00000000a9400000|  0%| F|  |TAMS 0x00000000a9300000, 0x00000000a9300000| Untracked 
| 148|0x00000000a9400000, 0x00000000a9400000, 0x00000000a9500000|  0%| F|  |TAMS 0x00000000a9400000, 0x00000000a9400000| Untracked 
| 149|0x00000000a9500000, 0x00000000a9500000, 0x00000000a9600000|  0%| F|  |TAMS 0x00000000a9500000, 0x00000000a9500000| Untracked 
| 150|0x00000000a9600000, 0x00000000a9600000, 0x00000000a9700000|  0%| F|  |TAMS 0x00000000a9600000, 0x00000000a9600000| Untracked 
| 151|0x00000000a9700000, 0x00000000a9700000, 0x00000000a9800000|  0%| F|  |TAMS 0x00000000a9700000, 0x00000000a9700000| Untracked 
| 152|0x00000000a9800000, 0x00000000a9800000, 0x00000000a9900000|  0%| F|  |TAMS 0x00000000a9800000, 0x00000000a9800000| Untracked 
| 153|0x00000000a9900000, 0x00000000a9900000, 0x00000000a9a00000|  0%| F|  |TAMS 0x00000000a9900000, 0x00000000a9900000| Untracked 
| 154|0x00000000a9a00000, 0x00000000a9b00000, 0x00000000a9b00000|100%| S|CS|TAMS 0x00000000a9a00000, 0x00000000a9a00000| Complete 
| 155|0x00000000a9b00000, 0x00000000a9c00000, 0x00000000a9c00000|100%| S|CS|TAMS 0x00000000a9b00000, 0x00000000a9b00000| Complete 
| 156|0x00000000a9c00000, 0x00000000a9d00000, 0x00000000a9d00000|100%| S|CS|TAMS 0x00000000a9c00000, 0x00000000a9c00000| Complete 
| 157|0x00000000a9d00000, 0x00000000a9e00000, 0x00000000a9e00000|100%| S|CS|TAMS 0x00000000a9d00000, 0x00000000a9d00000| Complete 
| 158|0x00000000a9e00000, 0x00000000a9f00000, 0x00000000a9f00000|100%| S|CS|TAMS 0x00000000a9e00000, 0x00000000a9e00000| Complete 
| 159|0x00000000a9f00000, 0x00000000aa000000, 0x00000000aa000000|100%| S|CS|TAMS 0x00000000a9f00000, 0x00000000a9f00000| Complete 
| 160|0x00000000aa000000, 0x00000000aa100000, 0x00000000aa100000|100%| S|CS|TAMS 0x00000000aa000000, 0x00000000aa000000| Complete 
| 161|0x00000000aa100000, 0x00000000aa200000, 0x00000000aa200000|100%| S|CS|TAMS 0x00000000aa100000, 0x00000000aa100000| Complete 
| 162|0x00000000aa200000, 0x00000000aa200000, 0x00000000aa300000|  0%| F|  |TAMS 0x00000000aa200000, 0x00000000aa200000| Untracked 
| 163|0x00000000aa300000, 0x00000000aa300000, 0x00000000aa400000|  0%| F|  |TAMS 0x00000000aa300000, 0x00000000aa300000| Untracked 
| 164|0x00000000aa400000, 0x00000000aa400000, 0x00000000aa500000|  0%| F|  |TAMS 0x00000000aa400000, 0x00000000aa400000| Untracked 
| 165|0x00000000aa500000, 0x00000000aa500000, 0x00000000aa600000|  0%| F|  |TAMS 0x00000000aa500000, 0x00000000aa500000| Untracked 
| 166|0x00000000aa600000, 0x00000000aa600000, 0x00000000aa700000|  0%| F|  |TAMS 0x00000000aa600000, 0x00000000aa600000| Untracked 
| 167|0x00000000aa700000, 0x00000000aa700000, 0x00000000aa800000|  0%| F|  |TAMS 0x00000000aa700000, 0x00000000aa700000| Untracked 
| 168|0x00000000aa800000, 0x00000000aa800000, 0x00000000aa900000|  0%| F|  |TAMS 0x00000000aa800000, 0x00000000aa800000| Untracked 
| 169|0x00000000aa900000, 0x00000000aa900000, 0x00000000aaa00000|  0%| F|  |TAMS 0x00000000aa900000, 0x00000000aa900000| Untracked 
| 170|0x00000000aaa00000, 0x00000000aaa00000, 0x00000000aab00000|  0%| F|  |TAMS 0x00000000aaa00000, 0x00000000aaa00000| Untracked 
| 171|0x00000000aab00000, 0x00000000aab00000, 0x00000000aac00000|  0%| F|  |TAMS 0x00000000aab00000, 0x00000000aab00000| Untracked 
| 172|0x00000000aac00000, 0x00000000aac00000, 0x00000000aad00000|  0%| F|  |TAMS 0x00000000aac00000, 0x00000000aac00000| Untracked 
| 173|0x00000000aad00000, 0x00000000aad00000, 0x00000000aae00000|  0%| F|  |TAMS 0x00000000aad00000, 0x00000000aad00000| Untracked 
| 174|0x00000000aae00000, 0x00000000aae00000, 0x00000000aaf00000|  0%| F|  |TAMS 0x00000000aae00000, 0x00000000aae00000| Untracked 
| 175|0x00000000aaf00000, 0x00000000aaf00000, 0x00000000ab000000|  0%| F|  |TAMS 0x00000000aaf00000, 0x00000000aaf00000| Untracked 
| 176|0x00000000ab000000, 0x00000000ab000000, 0x00000000ab100000|  0%| F|  |TAMS 0x00000000ab000000, 0x00000000ab000000| Untracked 
| 177|0x00000000ab100000, 0x00000000ab100000, 0x00000000ab200000|  0%| F|  |TAMS 0x00000000ab100000, 0x00000000ab100000| Untracked 
| 178|0x00000000ab200000, 0x00000000ab200000, 0x00000000ab300000|  0%| F|  |TAMS 0x00000000ab200000, 0x00000000ab200000| Untracked 
| 179|0x00000000ab300000, 0x00000000ab300000, 0x00000000ab400000|  0%| F|  |TAMS 0x00000000ab300000, 0x00000000ab300000| Untracked 
| 180|0x00000000ab400000, 0x00000000ab400000, 0x00000000ab500000|  0%| F|  |TAMS 0x00000000ab400000, 0x00000000ab400000| Untracked 
| 181|0x00000000ab500000, 0x00000000ab500000, 0x00000000ab600000|  0%| F|  |TAMS 0x00000000ab500000, 0x00000000ab500000| Untracked 
| 182|0x00000000ab600000, 0x00000000ab600000, 0x00000000ab700000|  0%| F|  |TAMS 0x00000000ab600000, 0x00000000ab600000| Untracked 
| 183|0x00000000ab700000, 0x00000000ab700000, 0x00000000ab800000|  0%| F|  |TAMS 0x00000000ab700000, 0x00000000ab700000| Untracked 
| 184|0x00000000ab800000, 0x00000000ab800000, 0x00000000ab900000|  0%| F|  |TAMS 0x00000000ab800000, 0x00000000ab800000| Untracked 
| 185|0x00000000ab900000, 0x00000000ab900000, 0x00000000aba00000|  0%| F|  |TAMS 0x00000000ab900000, 0x00000000ab900000| Untracked 
| 186|0x00000000aba00000, 0x00000000aba00000, 0x00000000abb00000|  0%| F|  |TAMS 0x00000000aba00000, 0x00000000aba00000| Untracked 
| 187|0x00000000abb00000, 0x00000000abb00000, 0x00000000abc00000|  0%| F|  |TAMS 0x00000000abb00000, 0x00000000abb00000| Untracked 
| 188|0x00000000abc00000, 0x00000000abc00000, 0x00000000abd00000|  0%| F|  |TAMS 0x00000000abc00000, 0x00000000abc00000| Untracked 
| 189|0x00000000abd00000, 0x00000000abd00000, 0x00000000abe00000|  0%| F|  |TAMS 0x00000000abd00000, 0x00000000abd00000| Untracked 
| 190|0x00000000abe00000, 0x00000000abe00000, 0x00000000abf00000|  0%| F|  |TAMS 0x00000000abe00000, 0x00000000abe00000| Untracked 
| 191|0x00000000abf00000, 0x00000000abf00000, 0x00000000ac000000|  0%| F|  |TAMS 0x00000000abf00000, 0x00000000abf00000| Untracked 
| 192|0x00000000ac000000, 0x00000000ac000000, 0x00000000ac100000|  0%| F|  |TAMS 0x00000000ac000000, 0x00000000ac000000| Untracked 
| 193|0x00000000ac100000, 0x00000000ac100000, 0x00000000ac200000|  0%| F|  |TAMS 0x00000000ac100000, 0x00000000ac100000| Untracked 
| 194|0x00000000ac200000, 0x00000000ac200000, 0x00000000ac300000|  0%| F|  |TAMS 0x00000000ac200000, 0x00000000ac200000| Untracked 
| 195|0x00000000ac300000, 0x00000000ac300000, 0x00000000ac400000|  0%| F|  |TAMS 0x00000000ac300000, 0x00000000ac300000| Untracked 
| 196|0x00000000ac400000, 0x00000000ac400000, 0x00000000ac500000|  0%| F|  |TAMS 0x00000000ac400000, 0x00000000ac400000| Untracked 
| 197|0x00000000ac500000, 0x00000000ac500000, 0x00000000ac600000|  0%| F|  |TAMS 0x00000000ac500000, 0x00000000ac500000| Untracked 
| 198|0x00000000ac600000, 0x00000000ac600000, 0x00000000ac700000|  0%| F|  |TAMS 0x00000000ac600000, 0x00000000ac600000| Untracked 
| 199|0x00000000ac700000, 0x00000000ac700000, 0x00000000ac800000|  0%| F|  |TAMS 0x00000000ac700000, 0x00000000ac700000| Untracked 
| 200|0x00000000ac800000, 0x00000000ac800000, 0x00000000ac900000|  0%| F|  |TAMS 0x00000000ac800000, 0x00000000ac800000| Untracked 
| 201|0x00000000ac900000, 0x00000000ac900000, 0x00000000aca00000|  0%| F|  |TAMS 0x00000000ac900000, 0x00000000ac900000| Untracked 
| 202|0x00000000aca00000, 0x00000000aca00000, 0x00000000acb00000|  0%| F|  |TAMS 0x00000000aca00000, 0x00000000aca00000| Untracked 
| 203|0x00000000acb00000, 0x00000000acb00000, 0x00000000acc00000|  0%| F|  |TAMS 0x00000000acb00000, 0x00000000acb00000| Untracked 
| 204|0x00000000acc00000, 0x00000000acc00000, 0x00000000acd00000|  0%| F|  |TAMS 0x00000000acc00000, 0x00000000acc00000| Untracked 
| 205|0x00000000acd00000, 0x00000000acd00000, 0x00000000ace00000|  0%| F|  |TAMS 0x00000000acd00000, 0x00000000acd00000| Untracked 
| 206|0x00000000ace00000, 0x00000000ace00000, 0x00000000acf00000|  0%| F|  |TAMS 0x00000000ace00000, 0x00000000ace00000| Untracked 
| 207|0x00000000acf00000, 0x00000000acf00000, 0x00000000ad000000|  0%| F|  |TAMS 0x00000000acf00000, 0x00000000acf00000| Untracked 
| 208|0x00000000ad000000, 0x00000000ad000000, 0x00000000ad100000|  0%| F|  |TAMS 0x00000000ad000000, 0x00000000ad000000| Untracked 
| 209|0x00000000ad100000, 0x00000000ad100000, 0x00000000ad200000|  0%| F|  |TAMS 0x00000000ad100000, 0x00000000ad100000| Untracked 
| 210|0x00000000ad200000, 0x00000000ad200000, 0x00000000ad300000|  0%| F|  |TAMS 0x00000000ad200000, 0x00000000ad200000| Untracked 
| 211|0x00000000ad300000, 0x00000000ad300000, 0x00000000ad400000|  0%| F|  |TAMS 0x00000000ad300000, 0x00000000ad300000| Untracked 
| 212|0x00000000ad400000, 0x00000000ad400000, 0x00000000ad500000|  0%| F|  |TAMS 0x00000000ad400000, 0x00000000ad400000| Untracked 
| 213|0x00000000ad500000, 0x00000000ad500000, 0x00000000ad600000|  0%| F|  |TAMS 0x00000000ad500000, 0x00000000ad500000| Untracked 
| 214|0x00000000ad600000, 0x00000000ad600000, 0x00000000ad700000|  0%| F|  |TAMS 0x00000000ad600000, 0x00000000ad600000| Untracked 
| 215|0x00000000ad700000, 0x00000000ad700000, 0x00000000ad800000|  0%| F|  |TAMS 0x00000000ad700000, 0x00000000ad700000| Untracked 
| 216|0x00000000ad800000, 0x00000000ad800000, 0x00000000ad900000|  0%| F|  |TAMS 0x00000000ad800000, 0x00000000ad800000| Untracked 
| 217|0x00000000ad900000, 0x00000000ad900000, 0x00000000ada00000|  0%| F|  |TAMS 0x00000000ad900000, 0x00000000ad900000| Untracked 
| 218|0x00000000ada00000, 0x00000000ada00000, 0x00000000adb00000|  0%| F|  |TAMS 0x00000000ada00000, 0x00000000ada00000| Untracked 
| 219|0x00000000adb00000, 0x00000000adb00000, 0x00000000adc00000|  0%| F|  |TAMS 0x00000000adb00000, 0x00000000adb00000| Untracked 
| 220|0x00000000adc00000, 0x00000000adc1e488, 0x00000000add00000| 11%| E|  |TAMS 0x00000000adc00000, 0x00000000adc00000| Complete 
| 221|0x00000000add00000, 0x00000000ade00000, 0x00000000ade00000|100%| E|CS|TAMS 0x00000000add00000, 0x00000000add00000| Complete 

Card table byte_map: [0x000001f97f780000,0x000001f97fa80000] _byte_map_base: 0x000001f97f280000

Marking Bits (Prev, Next): (CMBitMap*) 0x000001f97edaf0f8, (CMBitMap*) 0x000001f97edaf130
 Prev Bits: [0x000001f913e20000, 0x000001f915620000)
 Next Bits: [0x000001f915620000, 0x000001f916e20000)

Polling page: 0x000001f97e7e0000

Metaspace:

Usage:
  Non-class:    103.52 MB capacity,   101.21 MB ( 98%) used,     1.87 MB (  2%) free+waste,   452.25 KB ( <1%) overhead. 
      Class:     15.68 MB capacity,    14.34 MB ( 91%) used,     1.15 MB (  7%) free+waste,   194.94 KB (  1%) overhead. 
       Both:    119.20 MB capacity,   115.55 MB ( 97%) used,     3.03 MB (  3%) free+waste,   647.19 KB ( <1%) overhead. 

Virtual space:
  Non-class space:      104.00 MB reserved,     103.54 MB (>99%) committed 
      Class space:        1.00 GB reserved,      15.70 MB (  2%) committed 
             Both:        1.10 GB reserved,     119.23 MB ( 11%) committed 

Chunk freelists:
   Non-Class:  12.00 KB
       Class:  0 bytes
        Both:  12.00 KB

MaxMetaspaceSize: 17179869184.00 GB
CompressedClassSpaceSize: 1.00 GB

CodeHeap 'non-profiled nmethods': size=120064Kb used=15950Kb max_used=16028Kb free=104113Kb
 bounds [0x000001f90c8e0000, 0x000001f90d8a0000, 0x000001f913e20000]
CodeHeap 'profiled nmethods': size=120000Kb used=51762Kb max_used=52366Kb free=68237Kb
 bounds [0x000001f9053b0000, 0x000001f908730000, 0x000001f90c8e0000]
CodeHeap 'non-nmethods': size=5696Kb used=2346Kb max_used=2405Kb free=3349Kb
 bounds [0x000001f904e20000, 0x000001f905090000, 0x000001f9053b0000]
 total_blobs=23366 nmethods=22406 adapters=867
 compilation: enabled
              stopped_count=0, restarted_count=0
 full_count=0

Compilation events (20 events):
Event: 1294.627 Thread 0x000001f919215000 nmethod 25419 0x000001f906bf3810 code [0x000001f906bf3ac0, 0x000001f906bf4aa8]
Event: 1294.628 Thread 0x000001f919215000 25416   !   3       com.sun.proxy.$Proxy104::beforeExecute (34 bytes)
Event: 1294.628 Thread 0x000001f919215000 nmethod 25416 0x000001f906b02d90 code [0x000001f906b02f80, 0x000001f906b03478]
Event: 1294.628 Thread 0x000001f919215000 25417       3       org.gradle.api.internal.tasks.execution.statistics.TaskExecutionStatisticsEventAdapter::beforeExecute (1 bytes)
Event: 1294.628 Thread 0x000001f919215000 nmethod 25417 0x000001f906050490 code [0x000001f906050640, 0x000001f906050738]
Event: 1294.628 Thread 0x000001f919215000 25418       3       org.gradle.execution.plan.DefaultExecutionPlan$$Lambda$751/0x0000000100a82040::accept (12 bytes)
Event: 1294.629 Thread 0x000001f919215000 nmethod 25418 0x000001f9065bc610 code [0x000001f9065bc7e0, 0x000001f9065bca08]
Event: 1294.629 Thread 0x000001f919215000 25420       3       org.gradle.internal.build.event.types.DefaultTaskFinishedProgressEvent::getDisplayName (39 bytes)
Event: 1294.630 Thread 0x000001f919215000 nmethod 25420 0x000001f906bdaf10 code [0x000001f906bdb180, 0x000001f906bdbbd8]
Event: 1294.634 Thread 0x000001f91920c800 25421       4       org.gradle.api.internal.artifacts.transform.ConsumerProvidedVariantFinder::findProducersFor (343 bytes)
Event: 1294.644 Thread 0x000001f919215000 25422       3       org.gradle.api.internal.artifacts.transform.AttributeMatchingVariantSelector::<init> (49 bytes)
Event: 1294.644 Thread 0x000001f919215000 nmethod 25422 0x000001f906b27190 code [0x000001f906b27360, 0x000001f906b277c8]
Event: 1294.690 Thread 0x000001f919215000 25425       3       org.gradle.api.internal.artifacts.configurations.DefaultConfiguration_Decorated::getDependenciesResolver (40 bytes)
Event: 1294.691 Thread 0x000001f919215000 nmethod 25425 0x000001f906b82110 code [0x000001f906b82340, 0x000001f906b82a68]
Event: 1294.737 Thread 0x000001f919215000 25426       1       com.android.build.gradle.internal.core.VariantDslInfoImpl::getMinSdkVersionFromIDE (5 bytes)
Event: 1294.737 Thread 0x000001f919215000 nmethod 25426 0x000001f90cfca690 code [0x000001f90cfca840, 0x000001f90cfca8f8]
Event: 1294.738 Thread 0x000001f919215000 25427       3       org.gradle.internal.snapshot.impl.DefaultValueSnapshotter$ValueSnapshotVisitor::classValue (9 bytes)
Event: 1294.738 Thread 0x000001f919215000 nmethod 25427 0x000001f906051510 code [0x000001f9060516c0, 0x000001f9060517e8]
Event: 1294.742 Thread 0x000001f919215000 25428       3       org.gradle.internal.file.DefaultFileHierarchySet$PrefixFileSet::plus (20 bytes)
Event: 1294.742 Thread 0x000001f919215000 nmethod 25428 0x000001f90687ce90 code [0x000001f90687d080, 0x000001f90687d398]

GC Heap History (20 events):
Event: 1099.583 GC heap before
{Heap before GC invocations=81 (full 0):
 garbage-first heap   total 227328K, used 176943K [0x00000000a0000000, 0x0000000100000000)
  region size 1024K, 66 young (67584K), 3 survivors (3072K)
 Metaspace       used 117433K, capacity 121161K, committed 121328K, reserved 1155072K
  class space    used 14633K, capacity 15972K, committed 16076K, reserved 1048576K
}
Event: 1099.591 GC heap after
{Heap after GC invocations=82 (full 0):
 garbage-first heap   total 227328K, used 114338K [0x00000000a0000000, 0x0000000100000000)
  region size 1024K, 4 young (4096K), 4 survivors (4096K)
 Metaspace       used 117433K, capacity 121161K, committed 121328K, reserved 1155072K
  class space    used 14633K, capacity 15972K, committed 16076K, reserved 1048576K
}
Event: 1099.727 GC heap before
{Heap before GC invocations=82 (full 0):
 garbage-first heap   total 227328K, used 121506K [0x00000000a0000000, 0x0000000100000000)
  region size 1024K, 11 young (11264K), 4 survivors (4096K)
 Metaspace       used 117480K, capacity 121279K, committed 121584K, reserved 1155072K
  class space    used 14642K, capacity 15990K, committed 16076K, reserved 1048576K
}
Event: 1099.741 GC heap after
{Heap after GC invocations=83 (full 0):
 garbage-first heap   total 227328K, used 104521K [0x00000000a0000000, 0x0000000100000000)
  region size 1024K, 1 young (1024K), 1 survivors (1024K)
 Metaspace       used 117480K, capacity 121279K, committed 121584K, reserved 1155072K
  class space    used 14642K, capacity 15990K, committed 16076K, reserved 1048576K
}
Event: 1100.288 GC heap before
{Heap before GC invocations=83 (full 0):
 garbage-first heap   total 227328K, used 137289K [0x00000000a0000000, 0x0000000100000000)
  region size 1024K, 35 young (35840K), 1 survivors (1024K)
 Metaspace       used 117666K, capacity 121456K, committed 121584K, reserved 1155072K
  class space    used 14656K, capacity 16015K, committed 16076K, reserved 1048576K
}
Event: 1100.294 GC heap after
{Heap after GC invocations=84 (full 0):
 garbage-first heap   total 227328K, used 104821K [0x00000000a0000000, 0x0000000100000000)
  region size 1024K, 2 young (2048K), 2 survivors (2048K)
 Metaspace       used 117666K, capacity 121456K, committed 121584K, reserved 1155072K
  class space    used 14656K, capacity 16015K, committed 16076K, reserved 1048576K
}
Event: 1222.784 GC heap before
{Heap before GC invocations=85 (full 0):
 garbage-first heap   total 227328K, used 190837K [0x00000000a0000000, 0x0000000100000000)
  region size 1024K, 65 young (66560K), 2 survivors (2048K)
 Metaspace       used 117866K, capacity 121643K, committed 121840K, reserved 1155072K
  class space    used 14677K, capacity 16054K, committed 16076K, reserved 1048576K
}
Event: 1222.805 GC heap after
{Heap after GC invocations=86 (full 0):
 garbage-first heap   total 227328K, used 111148K [0x00000000a0000000, 0x0000000100000000)
  region size 1024K, 8 young (8192K), 8 survivors (8192K)
 Metaspace       used 117866K, capacity 121643K, committed 121840K, reserved 1155072K
  class space    used 14677K, capacity 16054K, committed 16076K, reserved 1048576K
}
Event: 1224.112 GC heap before
{Heap before GC invocations=87 (full 0):
 garbage-first heap   total 227328K, used 178732K [0x00000000a0000000, 0x0000000100000000)
  region size 1024K, 73 young (74752K), 8 survivors (8192K)
 Metaspace       used 117957K, capacity 121713K, committed 121840K, reserved 1155072K
  class space    used 14677K, capacity 16054K, committed 16076K, reserved 1048576K
}
Event: 1224.127 GC heap after
{Heap after GC invocations=88 (full 0):
 garbage-first heap   total 227328K, used 114560K [0x00000000a0000000, 0x0000000100000000)
  region size 1024K, 3 young (3072K), 3 survivors (3072K)
 Metaspace       used 117957K, capacity 121713K, committed 121840K, reserved 1155072K
  class space    used 14677K, capacity 16054K, committed 16076K, reserved 1048576K
}
Event: 1224.250 GC heap before
{Heap before GC invocations=88 (full 0):
 garbage-first heap   total 227328K, used 121728K [0x00000000a0000000, 0x0000000100000000)
  region size 1024K, 11 young (11264K), 3 survivors (3072K)
 Metaspace       used 117968K, capacity 121779K, committed 121840K, reserved 1155072K
  class space    used 14677K, capacity 16054K, committed 16076K, reserved 1048576K
}
Event: 1224.261 GC heap after
{Heap after GC invocations=89 (full 0):
 garbage-first heap   total 227328K, used 112970K [0x00000000a0000000, 0x0000000100000000)
  region size 1024K, 1 young (1024K), 1 survivors (1024K)
 Metaspace       used 117968K, capacity 121779K, committed 121840K, reserved 1155072K
  class space    used 14677K, capacity 16054K, committed 16076K, reserved 1048576K
}
Event: 1224.442 GC heap before
{Heap before GC invocations=89 (full 0):
 garbage-first heap   total 227328K, used 118090K [0x00000000a0000000, 0x0000000100000000)
  region size 1024K, 8 young (8192K), 1 survivors (1024K)
 Metaspace       used 118019K, capacity 121792K, committed 121840K, reserved 1155072K
  class space    used 14678K, capacity 16056K, committed 16076K, reserved 1048576K
}
Event: 1224.448 GC heap after
{Heap after GC invocations=90 (full 0):
 garbage-first heap   total 227328K, used 113275K [0x00000000a0000000, 0x0000000100000000)
  region size 1024K, 1 young (1024K), 1 survivors (1024K)
 Metaspace       used 118019K, capacity 121792K, committed 121840K, reserved 1155072K
  class space    used 14678K, capacity 16056K, committed 16076K, reserved 1048576K
}
Event: 1293.467 GC heap before
{Heap before GC invocations=91 (full 0):
 garbage-first heap   total 227328K, used 202363K [0x00000000a0000000, 0x0000000100000000)
  region size 1024K, 64 young (65536K), 1 survivors (1024K)
 Metaspace       used 118234K, capacity 122001K, committed 122096K, reserved 1155072K
  class space    used 14679K, capacity 16057K, committed 16076K, reserved 1048576K
}
Event: 1293.488 GC heap after
{Heap after GC invocations=92 (full 0):
 garbage-first heap   total 227328K, used 123233K [0x00000000a0000000, 0x0000000100000000)
  region size 1024K, 8 young (8192K), 8 survivors (8192K)
 Metaspace       used 118234K, capacity 122001K, committed 122096K, reserved 1155072K
  class space    used 14679K, capacity 16057K, committed 16076K, reserved 1048576K
}
Event: 1293.525 GC heap before
{Heap before GC invocations=92 (full 0):
 garbage-first heap   total 227328K, used 126305K [0x00000000a0000000, 0x0000000100000000)
  region size 1024K, 11 young (11264K), 8 survivors (8192K)
 Metaspace       used 118234K, capacity 122001K, committed 122096K, reserved 1155072K
  class space    used 14679K, capacity 16057K, committed 16076K, reserved 1048576K
}
Event: 1293.546 GC heap after
{Heap after GC invocations=93 (full 0):
 garbage-first heap   total 227328K, used 119427K [0x00000000a0000000, 0x0000000100000000)
  region size 1024K, 1 young (1024K), 1 survivors (1024K)
 Metaspace       used 118234K, capacity 122001K, committed 122096K, reserved 1155072K
  class space    used 14679K, capacity 16057K, committed 16076K, reserved 1048576K
}
Event: 1294.703 GC heap before
{Heap before GC invocations=93 (full 0):
 garbage-first heap   total 227328K, used 178819K [0x00000000a0000000, 0x0000000100000000)
  region size 1024K, 60 young (61440K), 1 survivors (1024K)
 Metaspace       used 118317K, capacity 122065K, committed 122096K, reserved 1155072K
  class space    used 14679K, capacity 16057K, committed 16076K, reserved 1048576K
}
Event: 1294.733 GC heap after
{Heap after GC invocations=94 (full 0):
 garbage-first heap   total 227328K, used 128551K [0x00000000a0000000, 0x0000000100000000)
  region size 1024K, 8 young (8192K), 8 survivors (8192K)
 Metaspace       used 118317K, capacity 122065K, committed 122096K, reserved 1155072K
  class space    used 14679K, capacity 16057K, committed 16076K, reserved 1048576K
}

Deoptimization events (20 events):
Event: 1223.675 Thread 0x000001f91f665800 Uncommon trap: trap_request=0xffffffde fr.pc=0x000001f90d86fea0 relative=0x0000000000000160
Event: 1223.675 Thread 0x000001f91f665800 Uncommon trap: reason=class_check action=maybe_recompile pc=0x000001f90d86fea0 method=com.sun.tools.javac.tree.TreeScanner.visitVarDef(Lcom/sun/tools/javac/tree/JCTree$JCVariableDecl;)V @ 5 c2
Event: 1223.675 Thread 0x000001f91f665800 DEOPT PACKING pc=0x000001f90d86fea0 sp=0x000000e0374f7420
Event: 1223.675 Thread 0x000001f91f665800 DEOPT UNPACKING pc=0x000001f904e478af sp=0x000000e0374f73c8 mode 2
Event: 1224.334 Thread 0x000001f91f661800 DEOPT PACKING pc=0x000001f90844d5e1 sp=0x000000e0377fcc90
Event: 1224.334 Thread 0x000001f91f661800 DEOPT UNPACKING pc=0x000001f904e476ce sp=0x000000e0377fc180 mode 0
Event: 1224.542 Thread 0x000001f91c2bf000 DEOPT PACKING pc=0x000001f907e443ed sp=0x000000e0379fd6d0
Event: 1224.542 Thread 0x000001f91c2bf000 DEOPT UNPACKING pc=0x000001f904e476ce sp=0x000000e0379fcb48 mode 0
Event: 1236.417 Thread 0x000001f91c2db800 Uncommon trap: trap_request=0xffffff4d fr.pc=0x000001f90ce54950 relative=0x0000000000000d10
Event: 1236.417 Thread 0x000001f91c2db800 Uncommon trap: reason=unstable_if action=reinterpret pc=0x000001f90ce54950 method=java.util.concurrent.locks.AbstractQueuedSynchronizer$ConditionObject.awaitNanos(J)J @ 79 c2
Event: 1236.417 Thread 0x000001f91c2db800 DEOPT PACKING pc=0x000001f90ce54950 sp=0x000000e0352ff130
Event: 1236.417 Thread 0x000001f91c2db800 DEOPT UNPACKING pc=0x000001f904e478af sp=0x000000e0352ff0d0 mode 2
Event: 1292.759 Thread 0x000001f91c2bc800 Uncommon trap: trap_request=0xffffffcc fr.pc=0x000001f90cdb045c relative=0x000000000000037c
Event: 1292.759 Thread 0x000001f91c2bc800 Uncommon trap: reason=intrinsic_or_type_checked_inlining action=make_not_entrant pc=0x000001f90cdb045c method=com.google.common.collect.RegularImmutableSet.copyIntoArray([Ljava/lang/Object;I)I @ 11 c2
Event: 1292.759 Thread 0x000001f91c2bc800 DEOPT PACKING pc=0x000001f90cdb045c sp=0x000000e0354fac70
Event: 1292.759 Thread 0x000001f91c2bc800 DEOPT UNPACKING pc=0x000001f904e478af sp=0x000000e0354faac8 mode 2
Event: 1294.219 Thread 0x000001f91f65e800 DEOPT PACKING pc=0x000001f9082773c7 sp=0x000000e0373f6a40
Event: 1294.220 Thread 0x000001f91f65e800 DEOPT UNPACKING pc=0x000001f904e476ce sp=0x000000e0373f5f28 mode 0
Event: 1294.634 Thread 0x000001f91f662800 DEOPT PACKING pc=0x000001f9069875e7 sp=0x000000e0370fc250
Event: 1294.634 Thread 0x000001f91f662800 DEOPT UNPACKING pc=0x000001f904e476ce sp=0x000000e0370fb828 mode 0

Classes redefined (0 events):
No events

Internal exceptions (20 events):
Event: 1294.317 Thread 0x000001f91f65e800 Exception <a 'sun/nio/fs/WindowsException'{0x00000000aad90140}> (0x00000000aad90140) thrown at [./src/hotspot/share/prims/jni.cpp, line 615]
Event: 1294.319 Thread 0x000001f91f65e800 Exception <a 'sun/nio/fs/WindowsException'{0x00000000aad966b8}> (0x00000000aad966b8) thrown at [./src/hotspot/share/prims/jni.cpp, line 615]
Event: 1294.327 Thread 0x000001f91f65e800 Exception <a 'sun/nio/fs/WindowsException'{0x00000000aade34f0}> (0x00000000aade34f0) thrown at [./src/hotspot/share/prims/jni.cpp, line 615]
Event: 1294.333 Thread 0x000001f91f65e800 Exception <a 'sun/nio/fs/WindowsException'{0x00000000aadf2440}> (0x00000000aadf2440) thrown at [./src/hotspot/share/prims/jni.cpp, line 615]
Event: 1294.338 Thread 0x000001f91f65e800 Exception <a 'sun/nio/fs/WindowsException'{0x00000000aac03cb0}> (0x00000000aac03cb0) thrown at [./src/hotspot/share/prims/jni.cpp, line 615]
Event: 1294.346 Thread 0x000001f91f65e800 Exception <a 'sun/nio/fs/WindowsException'{0x00000000aac0bdf0}> (0x00000000aac0bdf0) thrown at [./src/hotspot/share/prims/jni.cpp, line 615]
Event: 1294.364 Thread 0x000001f91f65e800 Exception <a 'sun/nio/fs/WindowsException'{0x00000000aac14550}> (0x00000000aac14550) thrown at [./src/hotspot/share/prims/jni.cpp, line 615]
Event: 1294.374 Thread 0x000001f91f65e800 Exception <a 'sun/nio/fs/WindowsException'{0x00000000aac21ca0}> (0x00000000aac21ca0) thrown at [./src/hotspot/share/prims/jni.cpp, line 615]
Event: 1294.384 Thread 0x000001f91f65e800 Exception <a 'sun/nio/fs/WindowsException'{0x00000000aac31550}> (0x00000000aac31550) thrown at [./src/hotspot/share/prims/jni.cpp, line 615]
Event: 1294.390 Thread 0x000001f91f65e800 Exception <a 'sun/nio/fs/WindowsException'{0x00000000aac39cb0}> (0x00000000aac39cb0) thrown at [./src/hotspot/share/prims/jni.cpp, line 615]
Event: 1294.397 Thread 0x000001f91f65e800 Exception <a 'sun/nio/fs/WindowsException'{0x00000000aac44bb8}> (0x00000000aac44bb8) thrown at [./src/hotspot/share/prims/jni.cpp, line 615]
Event: 1294.405 Thread 0x000001f91f65e800 Exception <a 'sun/nio/fs/WindowsException'{0x00000000aac57f58}> (0x00000000aac57f58) thrown at [./src/hotspot/share/prims/jni.cpp, line 615]
Event: 1294.421 Thread 0x000001f91f65e800 Exception <a 'sun/nio/fs/WindowsException'{0x00000000aac66660}> (0x00000000aac66660) thrown at [./src/hotspot/share/prims/jni.cpp, line 615]
Event: 1294.429 Thread 0x000001f91f65e800 Exception <a 'sun/nio/fs/WindowsException'{0x00000000aac71f10}> (0x00000000aac71f10) thrown at [./src/hotspot/share/prims/jni.cpp, line 615]
Event: 1294.436 Thread 0x000001f91f65e800 Exception <a 'sun/nio/fs/WindowsException'{0x00000000aac79e10}> (0x00000000aac79e10) thrown at [./src/hotspot/share/prims/jni.cpp, line 615]
Event: 1294.442 Thread 0x000001f91f65e800 Exception <a 'sun/nio/fs/WindowsException'{0x00000000aac8d598}> (0x00000000aac8d598) thrown at [./src/hotspot/share/prims/jni.cpp, line 615]
Event: 1294.451 Thread 0x000001f91f65e800 Exception <a 'sun/nio/fs/WindowsException'{0x00000000aac922b8}> (0x00000000aac922b8) thrown at [./src/hotspot/share/prims/jni.cpp, line 615]
Event: 1294.455 Thread 0x000001f91f65e800 Exception <a 'sun/nio/fs/WindowsException'{0x00000000aac97340}> (0x00000000aac97340) thrown at [./src/hotspot/share/prims/jni.cpp, line 615]
Event: 1294.465 Thread 0x000001f91f65e800 Exception <a 'sun/nio/fs/WindowsException'{0x00000000aac9c860}> (0x00000000aac9c860) thrown at [./src/hotspot/share/prims/jni.cpp, line 615]
Event: 1294.475 Thread 0x000001f91f65e800 Exception <a 'sun/nio/fs/WindowsException'{0x00000000aacce150}> (0x00000000aacce150) thrown at [./src/hotspot/share/prims/jni.cpp, line 615]

Events (20 events):
Event: 1293.175 Executing VM operation: RevokeBias done
Event: 1293.177 Executing VM operation: RevokeBias
Event: 1293.178 Executing VM operation: RevokeBias done
Event: 1293.195 Thread 0x000001f91f663800 Thread added: 0x000001f91f663800
Event: 1293.439 Thread 0x000001f91f65c800 Thread exited: 0x000001f91f65c800
Event: 1293.467 Executing VM operation: G1CollectForAllocation
Event: 1293.488 Executing VM operation: G1CollectForAllocation done
Event: 1293.525 Executing VM operation: G1CollectForAllocation
Event: 1293.546 Executing VM operation: G1CollectForAllocation done
Event: 1294.148 Thread 0x000001f91f65c800 Thread added: 0x000001f91f65c800
Event: 1294.612 Thread 0x000001f91f65c800 Thread exited: 0x000001f91f65c800
Event: 1294.702 Executing VM operation: G1CollectForAllocation
Event: 1294.733 Executing VM operation: G1CollectForAllocation done
Event: 1294.743 Executing VM operation: RevokeBias
Event: 1294.743 Executing VM operation: RevokeBias done
Event: 1294.743 Executing VM operation: RevokeBias
Event: 1294.743 Executing VM operation: RevokeBias done
Event: 1294.743 Executing VM operation: RevokeBias
Event: 1294.743 Executing VM operation: RevokeBias done
Event: 1294.791 Executing VM operation: RevokeBias


Dynamic libraries:
0x00007ff7b19b0000 - 0x00007ff7b19ba000 	C:\Program Files\Android\Android Studio\jre\bin\java.exe
0x00007ff9dcfb0000 - 0x00007ff9dd1a4000 	C:\WINDOWS\SYSTEM32\ntdll.dll
0x00007ff9dc9e0000 - 0x00007ff9dca9d000 	C:\WINDOWS\System32\KERNEL32.DLL
0x00007ff9daa20000 - 0x00007ff9dace7000 	C:\WINDOWS\System32\KERNELBASE.dll
0x00007ff9da870000 - 0x00007ff9da970000 	C:\WINDOWS\System32\ucrtbase.dll
0x00007ff9c9530000 - 0x00007ff9c9549000 	C:\Program Files\Android\Android Studio\jre\bin\jli.dll
0x00007ff9c68e0000 - 0x00007ff9c68f7000 	C:\Program Files\Android\Android Studio\jre\bin\VCRUNTIME140.dll
0x00007ff9db7b0000 - 0x00007ff9db950000 	C:\WINDOWS\System32\USER32.dll
0x00007ff9d9400000 - 0x00007ff9d969a000 	C:\WINDOWS\WinSxS\amd64_microsoft.windows.common-controls_6595b64144ccf1df_6.0.19041.1_none_b555e41d4684ddec\COMCTL32.dll
0x00007ff9da970000 - 0x00007ff9da992000 	C:\WINDOWS\System32\win32u.dll
0x00007ff9db0a0000 - 0x00007ff9db0ca000 	C:\WINDOWS\System32\GDI32.dll
0x00007ff9dacf0000 - 0x00007ff9dadfa000 	C:\WINDOWS\System32\gdi32full.dll
0x00007ff9dc750000 - 0x00007ff9dc7ee000 	C:\WINDOWS\System32\msvcrt.dll
0x00007ff9da6f0000 - 0x00007ff9da78d000 	C:\WINDOWS\System32\msvcp_win.dll
0x00007ff9dba90000 - 0x00007ff9dbac0000 	C:\WINDOWS\System32\IMM32.DLL
0x00007ff9afbc0000 - 0x00007ff9afc5d000 	C:\Program Files\Android\Android Studio\jre\bin\msvcp140.dll
0x00007ff9a10f0000 - 0x00007ff9a1bbf000 	C:\Program Files\Android\Android Studio\jre\bin\server\jvm.dll
0x00007ff9dbcd0000 - 0x00007ff9dbd7a000 	C:\WINDOWS\System32\ADVAPI32.dll
0x00007ff9dbc20000 - 0x00007ff9dbcbb000 	C:\WINDOWS\System32\sechost.dll
0x00007ff9db950000 - 0x00007ff9dba73000 	C:\WINDOWS\System32\RPCRT4.dll
0x00007ff9dbcc0000 - 0x00007ff9dbcc8000 	C:\WINDOWS\System32\PSAPI.DLL
0x00007ff9b0e70000 - 0x00007ff9b0e79000 	C:\WINDOWS\SYSTEM32\WSOCK32.dll
0x00007ff9c20b0000 - 0x00007ff9c20d7000 	C:\WINDOWS\SYSTEM32\WINMM.dll
0x00007ff9dbd80000 - 0x00007ff9dbdeb000 	C:\WINDOWS\System32\WS2_32.dll
0x00007ff9d1770000 - 0x00007ff9d177a000 	C:\WINDOWS\SYSTEM32\VERSION.dll
0x00007ff9d8210000 - 0x00007ff9d8223000 	C:\WINDOWS\SYSTEM32\kernel.appcore.dll
0x00007ff9a3f20000 - 0x00007ff9a3f31000 	C:\Program Files\Android\Android Studio\jre\bin\verify.dll
0x00007ff9da1c0000 - 0x00007ff9da3a4000 	C:\WINDOWS\SYSTEM32\DBGHELP.DLL
0x00007ff9d9cb0000 - 0x00007ff9d9cdc000 	C:\WINDOWS\SYSTEM32\dbgcore.DLL
0x00007ff9da9a0000 - 0x00007ff9daa1f000 	C:\WINDOWS\System32\bcryptPrimitives.dll
0x00007ff9a3ef0000 - 0x00007ff9a3f19000 	C:\Program Files\Android\Android Studio\jre\bin\java.dll
0x00007ff9a5020000 - 0x00007ff9a502b000 	C:\Program Files\Android\Android Studio\jre\bin\jimage.dll
0x00007ff9a3ed0000 - 0x00007ff9a3ee8000 	C:\Program Files\Android\Android Studio\jre\bin\zip.dll
0x00007ff9dc010000 - 0x00007ff9dc741000 	C:\WINDOWS\System32\SHELL32.dll
0x00007ff9d8230000 - 0x00007ff9d89ba000 	C:\WINDOWS\SYSTEM32\windows.storage.dll
0x00007ff9db180000 - 0x00007ff9db4d4000 	C:\WINDOWS\System32\combase.dll
0x00007ff9d9df0000 - 0x00007ff9d9e1b000 	C:\WINDOWS\SYSTEM32\Wldp.dll
0x00007ff9dc7f0000 - 0x00007ff9dc89e000 	C:\WINDOWS\System32\SHCORE.dll
0x00007ff9dcaa0000 - 0x00007ff9dcaf5000 	C:\WINDOWS\System32\shlwapi.dll
0x00007ff9da630000 - 0x00007ff9da64f000 	C:\WINDOWS\SYSTEM32\profapi.dll
0x00007ff9a3eb0000 - 0x00007ff9a3eca000 	C:\Program Files\Android\Android Studio\jre\bin\net.dll
0x00007ff9d2030000 - 0x00007ff9d2132000 	C:\WINDOWS\SYSTEM32\WINHTTP.dll
0x00007ff9d9ac0000 - 0x00007ff9d9b2a000 	C:\WINDOWS\system32\mswsock.dll
0x00007ff9a3e90000 - 0x00007ff9a3ea4000 	C:\Program Files\Android\Android Studio\jre\bin\nio.dll
0x00007ff9a2d90000 - 0x00007ff9a2db7000 	C:\Users\HP\.gradle\wrapper\dists\gradle-2.14.1-all\native\8bec1ad78214c89d9ad589b4d07fe93259594b29d510b10fafb7a158f7737e5d\windows-amd64\native-platform.dll
0x00007ff99bff0000 - 0x00007ff99c12d000 	C:\Users\HP\.gradle\wrapper\dists\gradle-2.14.1-all\native\53dbd7edfb1c66fb8903c78663c9afc45aea4f116125fa6feffd364cf09443e8\windows-amd64\native-platform-file-events.dll
0x00007ff9a4260000 - 0x00007ff9a426a000 	C:\Program Files\Android\Android Studio\jre\bin\management.dll
0x00007ff9a4250000 - 0x00007ff9a425c000 	C:\Program Files\Android\Android Studio\jre\bin\management_ext.dll
0x00007ff9da3b0000 - 0x00007ff9da3c8000 	C:\WINDOWS\SYSTEM32\CRYPTSP.dll
0x00007ff9d91b0000 - 0x00007ff9d91e4000 	C:\WINDOWS\system32\rsaenh.dll
0x00007ff9da840000 - 0x00007ff9da867000 	C:\WINDOWS\System32\bcrypt.dll
0x00007ff9da5b0000 - 0x00007ff9da5de000 	C:\WINDOWS\SYSTEM32\USERENV.dll
0x00007ff9d9ce0000 - 0x00007ff9d9cec000 	C:\WINDOWS\SYSTEM32\CRYPTBASE.dll
0x00007ff9d97b0000 - 0x00007ff9d97eb000 	C:\WINDOWS\SYSTEM32\IPHLPAPI.DLL
0x00007ff9dc8a0000 - 0x00007ff9dc8a9000 	C:\WINDOWS\System32\NSI.dll
0x00007ff9d8110000 - 0x00007ff9d8127000 	C:\WINDOWS\SYSTEM32\dhcpcsvc6.DLL
0x00007ff9d80f0000 - 0x00007ff9d810d000 	C:\WINDOWS\SYSTEM32\dhcpcsvc.DLL
0x00007ff9d97f0000 - 0x00007ff9d98ba000 	C:\WINDOWS\SYSTEM32\DNSAPI.dll

dbghelp: loaded successfully - version: 4.0.5 - missing functions: none
symbol engine: initialized successfully - sym options: 0x614 - pdb path: .;C:\Program Files\Android\Android Studio\jre\bin;C:\WINDOWS\SYSTEM32;C:\WINDOWS\WinSxS\amd64_microsoft.windows.common-controls_6595b64144ccf1df_6.0.19041.1_none_b555e41d4684ddec;C:\Program Files\Android\Android Studio\jre\bin\server;C:\Users\HP\.gradle\wrapper\dists\gradle-2.14.1-all\native\8bec1ad78214c89d9ad589b4d07fe93259594b29d510b10fafb7a158f7737e5d\windows-amd64;C:\Users\HP\.gradle\wrapper\dists\gradle-2.14.1-all\native\53dbd7edfb1c66fb8903c78663c9afc45aea4f116125fa6feffd364cf09443e8\windows-amd64

VM Arguments:
jvm_args: --add-opens=java.base/java.util=ALL-UNNAMED --add-opens=java.base/java.lang=ALL-UNNAMED --add-opens=java.base/java.lang.invoke=ALL-UNNAMED --add-opens=java.base/java.util=ALL-UNNAMED --add-opens=java.prefs/java.util.prefs=ALL-UNNAMED --add-opens=java.prefs/java.util.prefs=ALL-UNNAMED --add-opens=java.base/java.nio.charset=ALL-UNNAMED --add-opens=java.base/java.net=ALL-UNNAMED --add-opens=java.base/java.util.concurrent.atomic=ALL-UNNAMED -Xmx1536m -Dfile.encoding=windows-1252 -Duser.country=US -Duser.language=en -Duser.variant 
java_command: org.gradle.launcher.daemon.bootstrap.GradleDaemon 7.0.2
java_class_path (initial): C:\Users\HP\.gradle\wrapper\dists\gradle-2.14.1-all\wrapper\dists\gradle-7.0.2-all\7era6s5ay7zsbhuvl0oc9g94s\gradle-7.0.2\lib\gradle-launcher-7.0.2.jar
Launcher Type: SUN_STANDARD

[Global flags]
     intx CICompilerCount                          = 3                                         {product} {ergonomic}
     uint ConcGCThreads                            = 1                                         {product} {ergonomic}
     uint G1ConcRefinementThreads                  = 4                                         {product} {ergonomic}
   size_t G1HeapRegionSize                         = 1048576                                   {product} {ergonomic}
    uintx GCDrainStackTargetSize                   = 64                                        {product} {ergonomic}
   size_t InitialHeapSize                          = 134217728                                 {product} {ergonomic}
   size_t MarkStackSize                            = 4194304                                   {product} {ergonomic}
   size_t MaxHeapSize                              = 1610612736                                {product} {command line}
   size_t MaxNewSize                               = 965738496                                 {product} {ergonomic}
   size_t MinHeapDeltaBytes                        = 1048576                                   {product} {ergonomic}
    uintx NonNMethodCodeHeapSize                   = 5830732                                {pd product} {ergonomic}
    uintx NonProfiledCodeHeapSize                  = 122913754                              {pd product} {ergonomic}
    uintx ProfiledCodeHeapSize                     = 122913754                              {pd product} {ergonomic}
    uintx ReservedCodeCacheSize                    = 251658240                              {pd product} {ergonomic}
     bool SegmentedCodeCache                       = true                                      {product} {ergonomic}
     bool UseCompressedClassPointers               = true                                 {lp64_product} {ergonomic}
     bool UseCompressedOops                        = true                                 {lp64_product} {ergonomic}
     bool UseG1GC                                  = true                                      {product} {ergonomic}
     bool UseLargePagesIndividualAllocation        = false                                  {pd product} {ergonomic}

Logging:
Log output configuration:
 #0: stdout all=warning uptime,level,tags
 #1: stderr all=off uptime,level,tags

Environment Variables:
PATH=C:\WINDOWS\system32;C:\WINDOWS;C:\WINDOWS\System32\Wbem;C:\WINDOWS\System32\WindowsPowerShell\v1.0\;C:\WINDOWS\System32\OpenSSH\;E:\New folder\;C:\Users\HP\AppData\Local\Microsoft\WindowsApps;E:\VS Code\Microsoft VS Code\bin;C:\Users\HP\AppData\Roaming\npm;C:\Users\HP\AppData\Local\GitHubDesktop\bin;C:\Users\HP\Flutter\flutter\bin;
USERNAME=HP
OS=Windows_NT
PROCESSOR_IDENTIFIER=Intel64 Family 6 Model 142 Stepping 9, GenuineIntel



---------------  S Y S T E M  ---------------

OS: Windows 10 , 64 bit Build 19041 (10.0.19041.1)
OS uptime: 0 days 2:25 hours

CPU:total 4 (initial active 4) (2 cores per cpu, 2 threads per core) family 6 model 142 stepping 9 microcode 0xb4, cmov, cx8, fxsr, mmx, sse, sse2, sse3, ssse3, sse4.1, sse4.2, popcnt, avx, avx2, aes, clmul, erms, 3dnowpref, lzcnt, ht, tsc, tscinvbit, bmi1, bmi2, adx, fma

Memory: 4k page, system-wide physical 8075M (2019M free)
TotalPageFile size 16267M (AvailPageFile size 9354M)
current process WorkingSet (physical memory assigned to process): 566M, peak: 569M
current process commit charge ("private bytes"): 590M, peak: 594M

vm_info: OpenJDK 64-Bit Server VM (11.0.10+0-b96-7249189) for windows-amd64 JRE (11.0.10+0-b96-7249189), built on Mar 31 2021 21:44:00 by "builder" with MS VC++ 14.0 (VS2015)

END.
