#
# A fatal error has been detected by the Java Runtime Environment:
#
#  EXCEPTION_ACCESS_VIOLATION (0xc0000005) at pc=0x0000026f693ce068, pid=8912, tid=2204
#
# JRE version: OpenJDK Runtime Environment (11.0.10) (build 11.0.10+0-b96-7249189)
# Java VM: OpenJDK 64-Bit Server VM (11.0.10+0-b96-7249189, mixed mode, tiered, compressed oops, g1 gc, windows-amd64)
# Problematic frame:
# C  0x0000026f693ce068
#
# No core dump will be written. Minidumps are not enabled by default on client versions of Windows
#
# If you would like to submit a bug report, please visit:
#   https://bugreport.java.com/bugreport/crash.jsp
#

---------------  S U M M A R Y ------------

Command Line: --add-opens=java.base/java.util=ALL-UNNAMED --add-opens=java.base/java.lang=ALL-UNNAMED --add-opens=java.base/java.lang.invoke=ALL-UNNAMED --add-opens=java.base/java.util=ALL-UNNAMED --add-opens=java.prefs/java.util.prefs=ALL-UNNAMED --add-opens=java.prefs/java.util.prefs=ALL-UNNAMED --add-opens=java.base/java.nio.charset=ALL-UNNAMED --add-opens=java.base/java.net=ALL-UNNAMED --add-opens=java.base/java.util.concurrent.atomic=ALL-UNNAMED -Xmx1536m -Dfile.encoding=windows-1252 -Duser.country=US -Duser.language=en -Duser.variant org.gradle.launcher.daemon.bootstrap.GradleDaemon 7.0.2

Host: Intel(R) Core(TM) i3-7020U CPU @ 2.30GHz, 4 cores, 7G,  Windows 10 , 64 bit Build 19041 (10.0.19041.1)
Time: Sat Nov  6 09:32:50 2021 India Standard Time elapsed time: 251.705242 seconds (0d 0h 4m 11s)

---------------  T H R E A D  ---------------

Current thread (0x0000026f6868b000):  JavaThread "C2 CompilerThread0" daemon [_thread_in_native, id=2204, stack(0x000000d319a00000,0x000000d319b00000)]


Current CompileTask:
C2: 251705 18232       4       com.android.utils.XmlUtils::append (647 bytes)

Stack: [0x000000d319a00000,0x000000d319b00000],  sp=0x000000d319afafe8,  free space=1003k
Native frames: (J=compiled Java code, j=interpreted, Vv=VM code, C=native code)
C  0x0000026f693ce068


siginfo: EXCEPTION_ACCESS_VIOLATION (0xc0000005), data execution prevention violation at address 0x0000026f693ce068


Register to memory mapping:

RIP=0x0000026f693ce068 points into unknown readable memory: 0x00007ffd09ee4350 | 50 43 ee 09 fd 7f 00 00
RAX=0x0000026f693ce4a0 points into unknown readable memory: 0x0000026f693ce068 | 68 e0 3c 69 6f 02 00 00
RBX=0x000000d319afb110 is pointing into the stack for thread: 0x0000026f6868b000
RCX=0x0000026f693ce408 points into unknown readable memory: 0x0000026f693ce4a0 | a0 e4 3c 69 6f 02 00 00
RDX=0x0000026f693ce408 points into unknown readable memory: 0x0000026f693ce4a0 | a0 e4 3c 69 6f 02 00 00
RSP=0x000000d319afafe8 is pointing into the stack for thread: 0x0000026f6868b000
RBP=0x0000026f693ce408 points into unknown readable memory: 0x0000026f693ce4a0 | a0 e4 3c 69 6f 02 00 00
RSI=0x0000026f693ce408 points into unknown readable memory: 0x0000026f693ce4a0 | a0 e4 3c 69 6f 02 00 00
RDI=0x0000026f73bbb070 points into unknown readable memory: 0x00007ffd09ee3ea0 | a0 3e ee 09 fd 7f 00 00
R8 =0x000000000ffffc00 is an unknown value
R9 =0x0 is NULL
R10=0x0000026f6930e420 points into unknown readable memory: 0x0040100013800011 | 11 00 80 13 00 10 40 00
R11=0x0000026f0000a450 points into unknown readable memory: 0x0000000000000000 | 00 00 00 00 00 00 00 00
R12=0x0 is NULL
R13=0x0 is NULL
R14=0x000000d319afb4e0 is pointing into the stack for thread: 0x0000026f6868b000
R15=0x000000d319afb4e0 is pointing into the stack for thread: 0x0000026f6868b000


Registers:
RAX=0x0000026f693ce4a0, RBX=0x000000d319afb110, RCX=0x0000026f693ce408, RDX=0x0000026f693ce408
RSP=0x000000d319afafe8, RBP=0x0000026f693ce408, RSI=0x0000026f693ce408, RDI=0x0000026f73bbb070
R8 =0x000000000ffffc00, R9 =0x0000000000000000, R10=0x0000026f6930e420, R11=0x0000026f0000a450
R12=0x0000000000000000, R13=0x0000000000000000, R14=0x000000d319afb4e0, R15=0x000000d319afb4e0
RIP=0x0000026f693ce068, EFLAGS=0x0000000000010206

Top of Stack: (sp=0x000000d319afafe8)
0x000000d319afafe8:   00007ffd09c173ae 000000d319afb0a8
0x000000d319afaff8:   0000026f73bbb070 0000000000000008
0x000000d319afb008:   0000026f72fa4d90 000000d319afb0a8
0x000000d319afb018:   00007ffd09c16897 000000d319afb110
0x000000d319afb028:   0000000000000002 000000d319afb110
0x000000d319afb038:   0000000000000002 0000000000000000
0x000000d319afb048:   0000000000000001 0000000000000002
0x000000d319afb058:   00007ffd09c06524 000000d319afb160
0x000000d319afb068:   0000026f75a52ff0 0000026f75a52ff0
0x000000d319afb078:   000000d319afb4e0 0000026f68684f90
0x000000d319afb088:   0000026f00000800 0000026f73a4c180
0x000000d319afb098:   0000000000000000 0000000000000002
0x000000d319afb0a8:   00007ffd09f6de48 0000026f68684f90
0x000000d319afb0b8:   0000026f04000000 0000026f0000a050
0x000000d319afb0c8:   0000026f68684f90 0000026f6eb8b430
0x000000d319afb0d8:   0000000000118158 0000026f6eb8b480 

Instructions: (pc=0x0000026f693ce068)
0x0000026f693cdf68:   01 00 00 00 04 00 00 00 ec 0b 00 00 00 00 01 00
0x0000026f693cdf78:   08 00 00 00 00 00 00 00 00 00 00 00 00 00 00 00
0x0000026f693cdf88:   50 35 ff 72 6f 02 00 00 f8 c4 ef 09 fd 7f 00 00
0x0000026f693cdf98:   c8 df 3c 69 6f 02 00 00 48 e0 3c 69 6f 02 00 00
0x0000026f693cdfa8:   02 00 00 00 02 00 00 00 01 00 00 00 04 00 00 00
0x0000026f693cdfb8:   71 09 00 00 00 00 00 00 00 00 00 00 fd 7f 00 00
0x0000026f693cdfc8:   00 00 00 00 00 00 00 00 48 df 3c 69 6f 02 00 00
0x0000026f693cdfd8:   90 df 3c 69 6f 02 00 00 c0 e3 dd 6c 6f 02 00 00
0x0000026f693cdfe8:   c0 e3 dd 6c 6f 02 00 00 c0 e3 dd 6c 6f 02 00 00
0x0000026f693cdff8:   f0 40 ee 09 fd 7f 00 00 38 e0 3c 69 6f 02 00 00
0x0000026f693ce008:   b0 e0 3c 69 6f 02 00 00 02 00 00 00 02 00 00 00
0x0000026f693ce018:   02 00 00 00 04 00 00 00 9f 06 00 00 15 00 00 00
0x0000026f693ce028:   00 00 5f 1a d3 00 00 00 ef ff 7f 3f 00 00 80 bf
0x0000026f693ce038:   e0 de 3c 69 6f 02 00 00 90 df 3c 69 6f 02 00 00
0x0000026f693ce048:   f8 df 3c 69 6f 02 00 00 c0 e3 dd 6c 6f 02 00 00
0x0000026f693ce058:   c0 e3 dd 6c 6f 02 00 00 c0 e3 dd 6c 6f 02 00 00
0x0000026f693ce068:   50 43 ee 09 fd 7f 00 00 a8 e0 3c 69 6f 02 00 00
0x0000026f693ce078:   e0 e3 3c 69 6f 02 00 00 01 00 00 00 01 00 00 00
0x0000026f693ce088:   01 00 00 00 04 00 00 00 18 04 00 00 48 01 00 00
0x0000026f693ce098:   40 00 dd 6c 6f 02 00 00 00 00 00 00 00 02 00 00
0x0000026f693ce0a8:   f8 df 3c 69 6f 02 00 00 68 e0 3c 69 6f 02 00 00
0x0000026f693ce0b8:   f8 e9 3c 69 6f 02 00 00 c0 e3 dd 6c 6f 02 00 00
0x0000026f693ce0c8:   c0 e3 dd 6c 6f 02 00 00 d8 aa f5 09 fd 7f 00 00
0x0000026f693ce0d8:   08 e1 3c 69 6f 02 00 00 c0 e3 3c 69 6f 02 00 00
0x0000026f693ce0e8:   26 00 00 00 40 00 00 00 01 00 00 00 04 00 00 00
0x0000026f693ce0f8:   19 04 00 00 80 00 00 00 00 00 dd 6c 6f 02 00 00
0x0000026f693ce108:   00 00 00 00 00 00 00 00 d0 b3 ab 75 6f 02 00 00
0x0000026f693ce118:   f0 ae bb 73 6f 02 00 00 30 ad bb 73 6f 02 00 00
0x0000026f693ce128:   f0 ab bb 73 6f 02 00 00 d0 b3 ab 75 6f 02 00 00
0x0000026f693ce138:   d0 b3 ab 75 6f 02 00 00 d0 b3 ab 75 6f 02 00 00
0x0000026f693ce148:   d0 b3 ab 75 6f 02 00 00 d0 b3 ab 75 6f 02 00 00
0x0000026f693ce158:   d0 b3 ab 75 6f 02 00 00 d0 b3 ab 75 6f 02 00 00 


Stack slot to memory mapping:
stack at sp + 0 slots: 0x00007ffd09c173ae jvm.dll
stack at sp + 1 slots: 0x000000d319afb0a8 is pointing into the stack for thread: 0x0000026f6868b000
stack at sp + 2 slots: 0x0000026f73bbb070 points into unknown readable memory: 0x00007ffd09ee3ea0 | a0 3e ee 09 fd 7f 00 00
stack at sp + 3 slots: 0x0000000000000008 is an unknown value
stack at sp + 4 slots: 0x0000026f72fa4d90 points into unknown readable memory: 0x00007ffd09ee3ea0 | a0 3e ee 09 fd 7f 00 00
stack at sp + 5 slots: 0x000000d319afb0a8 is pointing into the stack for thread: 0x0000026f6868b000
stack at sp + 6 slots: 0x00007ffd09c16897 jvm.dll
stack at sp + 7 slots: 0x000000d319afb110 is pointing into the stack for thread: 0x0000026f6868b000


---------------  P R O C E S S  ---------------

Threads class SMR info:
_java_thread_list=0x0000026f703b0dc0, length=52, elements={
0x0000026f4f666800, 0x0000026f68669000, 0x0000026f6866a800, 0x0000026f69003800,
0x0000026f68687000, 0x0000026f68688000, 0x0000026f6868b000, 0x0000026f6868e000,
0x0000026f686a8800, 0x0000026f6914a800, 0x0000026f69148000, 0x0000026f6914a000,
0x0000026f69147800, 0x0000026f6a07a800, 0x0000026f6a079800, 0x0000026f6a076000,
0x0000026f6a07c000, 0x0000026f6a07d000, 0x0000026f6a083800, 0x0000026f6a07f000,
0x0000026f6a082800, 0x0000026f6a07e800, 0x0000026f6a081800, 0x0000026f6bfee800,
0x0000026f6bfe9000, 0x0000026f6ef8f000, 0x0000026f6ef8d800, 0x0000026f6bff3000,
0x0000026f6bfed000, 0x0000026f6bfee000, 0x0000026f6bfec800, 0x0000026f6bff0800,
0x0000026f6bfea800, 0x0000026f6bfeb800, 0x0000026f6bff4800, 0x0000026f6bff3800,
0x0000026f6bff5800, 0x0000026f6bff2000, 0x0000026f6bff7800, 0x0000026f6bff6000,
0x0000026f6bff7000, 0x0000026f6a078000, 0x0000026f6a077000, 0x0000026f6a078800,
0x0000026f6a07b000, 0x0000026f6a075800, 0x0000026f6a07d800, 0x0000026f6ef90000,
0x0000026f6ef91000, 0x0000026f6ef8b000, 0x0000026f6ef8e800, 0x0000026f69145000
}

Java Threads: ( => current thread )
  0x0000026f4f666800 JavaThread "main" [_thread_blocked, id=9840, stack(0x000000d318e00000,0x000000d318f00000)]
  0x0000026f68669000 JavaThread "Reference Handler" daemon [_thread_blocked, id=6676, stack(0x000000d319500000,0x000000d319600000)]
  0x0000026f6866a800 JavaThread "Finalizer" daemon [_thread_blocked, id=9664, stack(0x000000d319600000,0x000000d319700000)]
  0x0000026f69003800 JavaThread "Signal Dispatcher" daemon [_thread_blocked, id=10008, stack(0x000000d319700000,0x000000d319800000)]
  0x0000026f68687000 JavaThread "Attach Listener" daemon [_thread_blocked, id=6116, stack(0x000000d319800000,0x000000d319900000)]
  0x0000026f68688000 JavaThread "Service Thread" daemon [_thread_blocked, id=2228, stack(0x000000d319900000,0x000000d319a00000)]
=>0x0000026f6868b000 JavaThread "C2 CompilerThread0" daemon [_thread_in_native, id=2204, stack(0x000000d319a00000,0x000000d319b00000)]
  0x0000026f6868e000 JavaThread "C1 CompilerThread0" daemon [_thread_blocked, id=9236, stack(0x000000d319b00000,0x000000d319c00000)]
  0x0000026f686a8800 JavaThread "Sweeper thread" daemon [_thread_blocked, id=8508, stack(0x000000d319c00000,0x000000d319d00000)]
  0x0000026f6914a800 JavaThread "Common-Cleaner" daemon [_thread_blocked, id=7348, stack(0x000000d319d00000,0x000000d319e00000)]
  0x0000026f69148000 JavaThread "Daemon health stats" [_thread_blocked, id=5136, stack(0x000000d31a200000,0x000000d31a300000)]
  0x0000026f6914a000 JavaThread "Incoming local TCP Connector on port 50013" [_thread_in_native, id=7404, stack(0x000000d319f00000,0x000000d31a000000)]
  0x0000026f69147800 JavaThread "Daemon periodic checks" [_thread_blocked, id=7824, stack(0x000000d31a300000,0x000000d31a400000)]
  0x0000026f6a07a800 JavaThread "Cache worker for file hash cache (C:\Users\HP\.gradle\wrapper\dists\gradle-2.14.1-all\caches\7.0.2\fileHashes)" [_thread_blocked, id=2532, stack(0x000000d31ac00000,0x000000d31ad00000)]
  0x0000026f6a079800 JavaThread "File lock request listener" [_thread_in_native, id=3332, stack(0x000000d31ad00000,0x000000d31ae00000)]
  0x0000026f6a076000 JavaThread "Cache worker for journal cache (C:\Users\HP\.gradle\wrapper\dists\gradle-2.14.1-all\caches\journal-1)" [_thread_blocked, id=4656, stack(0x000000d31ae00000,0x000000d31af00000)]
  0x0000026f6a07c000 JavaThread "File watcher server" daemon [_thread_in_native, id=7144, stack(0x000000d31b100000,0x000000d31b200000)]
  0x0000026f6a07d000 JavaThread "File watcher consumer" daemon [_thread_blocked, id=5708, stack(0x000000d31b200000,0x000000d31b300000)]
  0x0000026f6a083800 JavaThread "Cache worker for execution history cache (C:\Users\HP\.gradle\wrapper\dists\gradle-2.14.1-all\caches\7.0.2\executionHistory)" [_thread_blocked, id=8776, stack(0x000000d31b600000,0x000000d31b700000)]
  0x0000026f6a07f000 JavaThread "jar transforms" [_thread_blocked, id=4220, stack(0x000000d31b700000,0x000000d31b800000)]
  0x0000026f6a082800 JavaThread "jar transforms Thread 2" [_thread_blocked, id=8172, stack(0x000000d31b800000,0x000000d31b900000)]
  0x0000026f6a07e800 JavaThread "Cache worker for file content cache (C:\Users\HP\.gradle\wrapper\dists\gradle-2.14.1-all\caches\7.0.2\fileContent)" [_thread_blocked, id=7844, stack(0x000000d31b900000,0x000000d31ba00000)]
  0x0000026f6a081800 JavaThread "jar transforms Thread 3" [_thread_blocked, id=5916, stack(0x000000d31bb00000,0x000000d31bc00000)]
  0x0000026f6bfee800 JavaThread "jar transforms Thread 4" [_thread_blocked, id=9248, stack(0x000000d31c000000,0x000000d31c100000)]
  0x0000026f6bfe9000 JavaThread "Memory manager" [_thread_blocked, id=9992, stack(0x000000d31c300000,0x000000d31c400000)]
  0x0000026f6ef8f000 JavaThread "Cache worker for Java compile cache (C:\Users\HP\.gradle\wrapper\dists\gradle-2.14.1-all\caches\7.0.2\javaCompile)" [_thread_blocked, id=6636, stack(0x000000d31cd00000,0x000000d31ce00000)]
  0x0000026f6ef8d800 JavaThread "ForkJoinPool.commonPool-worker-5" daemon [_thread_blocked, id=508, stack(0x000000d31cf00000,0x000000d31d000000)]
  0x0000026f6bff3000 JavaThread "ForkJoinPool.commonPool-worker-7" daemon [_thread_blocked, id=2828, stack(0x000000d31d100000,0x000000d31d200000)]
  0x0000026f6bfed000 JavaThread "Daemon Thread 2" [_thread_blocked, id=3372, stack(0x000000d318b00000,0x000000d318c00000)]
  0x0000026f6bfee000 JavaThread "Handler for socket connection from /127.0.0.1:50013 to /127.0.0.1:50040" [_thread_in_native, id=9256, stack(0x000000d318d00000,0x000000d318e00000)]
  0x0000026f6bfec800 JavaThread "Cancel handler" [_thread_blocked, id=4416, stack(0x000000d31a400000,0x000000d31a500000)]
  0x0000026f6bff0800 JavaThread "Daemon worker Thread 2" [_thread_in_vm, id=1200, stack(0x000000d31a500000,0x000000d31a600000)]
  0x0000026f6bfea800 JavaThread "Asynchronous log dispatcher for DefaultDaemonConnection: socket connection from /127.0.0.1:50013 to /127.0.0.1:50040" [_thread_blocked, id=9540, stack(0x000000d31a600000,0x000000d31a700000)]
  0x0000026f6bfeb800 JavaThread "Stdin handler" [_thread_blocked, id=4084, stack(0x000000d31a700000,0x000000d31a800000)]
  0x0000026f6bff4800 JavaThread "Daemon client event forwarder" [_thread_blocked, id=9944, stack(0x000000d31a800000,0x000000d31a900000)]
  0x0000026f6bff3800 JavaThread "Cache worker for file hash cache (C:\Users\HP\AndroidStudioProjects\QuizzerExtended\QuizzerClass\.gradle\7.0.2\fileHashes)" [_thread_blocked, id=6868, stack(0x000000d31aa00000,0x000000d31ab00000)]
  0x0000026f6bff5800 JavaThread "C2 CompilerThread1" daemon [_thread_in_native, id=8860, stack(0x000000d31ab00000,0x000000d31ac00000)]
  0x0000026f6bff2000 JavaThread "Cache worker for checksums cache (C:\Users\HP\AndroidStudioProjects\QuizzerExtended\QuizzerClass\.gradle\checksums)" [_thread_blocked, id=4964, stack(0x000000d31af00000,0x000000d31b000000)]
  0x0000026f6bff7800 JavaThread "Cache worker for cache directory md-supplier (C:\Users\HP\.gradle\wrapper\dists\gradle-2.14.1-all\caches\7.0.2\md-supplier)" [_thread_blocked, id=8768, stack(0x000000d31b000000,0x000000d31b100000)]
  0x0000026f6bff6000 JavaThread "Cache worker for cache directory md-rule (C:\Users\HP\.gradle\wrapper\dists\gradle-2.14.1-all\caches\7.0.2\md-rule)" [_thread_blocked, id=1664, stack(0x000000d31b300000,0x000000d31b400000)]
  0x0000026f6bff7000 JavaThread "Cache worker for dependencies-accessors (C:\Users\HP\AndroidStudioProjects\QuizzerExtended\QuizzerClass\.gradle\7.0.2\dependencies-accessors)" [_thread_blocked, id=7756, stack(0x000000d31b400000,0x000000d31b500000)]
  0x0000026f6a078000 JavaThread "Cache worker for Build Output Cleanup Cache (C:\Users\HP\AndroidStudioProjects\QuizzerExtended\QuizzerClass\.gradle\buildOutputCleanup)" [_thread_blocked, id=9120, stack(0x000000d31b500000,0x000000d31b600000)]
  0x0000026f6a077000 JavaThread "Build operations" [_thread_blocked, id=7664, stack(0x000000d31ba00000,0x000000d31bb00000)]
  0x0000026f6a078800 JavaThread "Build operations Thread 2" [_thread_blocked, id=8604, stack(0x000000d31bc00000,0x000000d31bd00000)]
  0x0000026f6a07b000 JavaThread "Build operations Thread 3" [_thread_blocked, id=8220, stack(0x000000d31bd00000,0x000000d31be00000)]
  0x0000026f6a075800 JavaThread "Build operations Thread 4" [_thread_blocked, id=10184, stack(0x000000d31be00000,0x000000d31bf00000)]
  0x0000026f6a07d800 JavaThread "build event listener" [_thread_blocked, id=124, stack(0x000000d31bf00000,0x000000d31c000000)]
  0x0000026f6ef90000 JavaThread "Execution worker for ':'" [_thread_blocked, id=9612, stack(0x000000d31c100000,0x000000d31c200000)]
  0x0000026f6ef91000 JavaThread "Execution worker for ':' Thread 2" [_thread_blocked, id=10140, stack(0x000000d31c200000,0x000000d31c300000)]
  0x0000026f6ef8b000 JavaThread "Execution worker for ':' Thread 3" [_thread_blocked, id=4248, stack(0x000000d31c400000,0x000000d31c500000)]
  0x0000026f6ef8e800 JavaThread "Cache worker for execution history cache (C:\Users\HP\AndroidStudioProjects\QuizzerExtended\QuizzerClass\.gradle\7.0.2\executionHistory)" [_thread_blocked, id=7568, stack(0x000000d31c500000,0x000000d31c600000)]
  0x0000026f69145000 JavaThread "WorkerExecutor Queue" [_thread_in_native, id=7748, stack(0x000000d31c600000,0x000000d31c700000)]

Other Threads:
  0x0000026f68642000 VMThread "VM Thread" [stack: 0x000000d319400000,0x000000d319500000] [id=1792]
  0x0000026f69162000 WatcherThread [stack: 0x000000d319e00000,0x000000d319f00000] [id=492]
  0x0000026f4f67f800 GCTaskThread "GC Thread#0" [stack: 0x000000d318f00000,0x000000d319000000] [id=8496]
  0x0000026f69435800 GCTaskThread "GC Thread#1" [stack: 0x000000d31a000000,0x000000d31a100000] [id=8228]
  0x0000026f697ef800 GCTaskThread "GC Thread#2" [stack: 0x000000d31a100000,0x000000d31a200000] [id=7900]
  0x0000026f6bfc4800 GCTaskThread "GC Thread#3" [stack: 0x000000d31a900000,0x000000d31aa00000] [id=9096]
  0x0000026f4f6a7000 ConcurrentGCThread "G1 Main Marker" [stack: 0x000000d319000000,0x000000d319100000] [id=9784]
  0x0000026f4f6a8800 ConcurrentGCThread "G1 Conc#0" [stack: 0x000000d319100000,0x000000d319200000] [id=7776]
  0x0000026f4f73b800 ConcurrentGCThread "G1 Refine#0" [stack: 0x000000d319200000,0x000000d319300000] [id=7300]
  0x0000026f69e69000 ConcurrentGCThread "G1 Refine#1" [stack: 0x000000d318c00000,0x000000d318d00000] [id=5020]
  0x0000026f4f73c800 ConcurrentGCThread "G1 Young RemSet Sampling" [stack: 0x000000d319300000,0x000000d319400000] [id=7588]

Threads with active compile tasks:
C2 CompilerThread0 251861 18232       4       com.android.utils.XmlUtils::append (647 bytes)
C2 CompilerThread1 251861 18195 % !   4       com.android.ide.common.resources.DataMerger::mergeData @ 247 (611 bytes)

VM state:not at safepoint (normal execution)

VM Mutex/Monitor currently owned by a thread: None

Heap address: 0x00000000a0000000, size: 1536 MB, Compressed Oops mode: 32-bit
Narrow klass base: 0x0000000000000000, Narrow klass shift: 3
Compressed class space size: 1073741824 Address: 0x0000000100000000

Heap:
 garbage-first heap   total 187392K, used 109028K [0x00000000a0000000, 0x0000000100000000)
  region size 1024K, 2 young (2048K), 1 survivors (1024K)
 Metaspace       used 114664K, capacity 117660K, committed 118140K, reserved 1150976K
  class space    used 14531K, capacity 15663K, committed 15872K, reserved 1048576K
Heap Regions: E=young(eden), S=young(survivor), O=old, HS=humongous(starts), HC=humongous(continues), CS=collection set, F=free, A=archive, TAMS=top-at-mark-start (previous, next)
|   0|0x00000000a0000000, 0x00000000a0100000, 0x00000000a0100000|100%|HS|  |TAMS 0x00000000a0100000, 0x00000000a0000000| Complete 
|   1|0x00000000a0100000, 0x00000000a0200000, 0x00000000a0200000|100%|HC|  |TAMS 0x00000000a0200000, 0x00000000a0100000| Complete 
|   2|0x00000000a0200000, 0x00000000a0300000, 0x00000000a0300000|100%|HC|  |TAMS 0x00000000a0300000, 0x00000000a0200000| Complete 
|   3|0x00000000a0300000, 0x00000000a0400000, 0x00000000a0400000|100%| O|  |TAMS 0x00000000a0400000, 0x00000000a0300000| Complete 
|   4|0x00000000a0400000, 0x00000000a0500000, 0x00000000a0500000|100%| O|  |TAMS 0x00000000a0500000, 0x00000000a0400000| Untracked 
|   5|0x00000000a0500000, 0x00000000a0600000, 0x00000000a0600000|100%| O|  |TAMS 0x00000000a0600000, 0x00000000a0500000| Untracked 
|   6|0x00000000a0600000, 0x00000000a0700000, 0x00000000a0700000|100%| O|  |TAMS 0x00000000a0700000, 0x00000000a0600000| Untracked 
|   7|0x00000000a0700000, 0x00000000a0800000, 0x00000000a0800000|100%| O|  |TAMS 0x00000000a0800000, 0x00000000a0700000| Untracked 
|   8|0x00000000a0800000, 0x00000000a0900000, 0x00000000a0900000|100%| O|  |TAMS 0x00000000a0900000, 0x00000000a0800000| Untracked 
|   9|0x00000000a0900000, 0x00000000a0a00000, 0x00000000a0a00000|100%| O|  |TAMS 0x00000000a0a00000, 0x00000000a0900000| Untracked 
|  10|0x00000000a0a00000, 0x00000000a0b00000, 0x00000000a0b00000|100%| O|  |TAMS 0x00000000a0b00000, 0x00000000a0a00000| Untracked 
|  11|0x00000000a0b00000, 0x00000000a0c00000, 0x00000000a0c00000|100%| O|  |TAMS 0x00000000a0c00000, 0x00000000a0b00000| Untracked 
|  12|0x00000000a0c00000, 0x00000000a0d00000, 0x00000000a0d00000|100%| O|  |TAMS 0x00000000a0d00000, 0x00000000a0c00000| Untracked 
|  13|0x00000000a0d00000, 0x00000000a0e00000, 0x00000000a0e00000|100%| O|  |TAMS 0x00000000a0e00000, 0x00000000a0d00000| Untracked 
|  14|0x00000000a0e00000, 0x00000000a0f00000, 0x00000000a0f00000|100%| O|  |TAMS 0x00000000a0f00000, 0x00000000a0e00000| Untracked 
|  15|0x00000000a0f00000, 0x00000000a1000000, 0x00000000a1000000|100%| O|  |TAMS 0x00000000a1000000, 0x00000000a0f00000| Complete 
|  16|0x00000000a1000000, 0x00000000a1100000, 0x00000000a1100000|100%|HS|  |TAMS 0x00000000a1100000, 0x00000000a1000000| Complete 
|  17|0x00000000a1100000, 0x00000000a1200000, 0x00000000a1200000|100%| O|  |TAMS 0x00000000a1200000, 0x00000000a1100000| Untracked 
|  18|0x00000000a1200000, 0x00000000a1300000, 0x00000000a1300000|100%| O|  |TAMS 0x00000000a1300000, 0x00000000a1200000| Untracked 
|  19|0x00000000a1300000, 0x00000000a1400000, 0x00000000a1400000|100%| O|  |TAMS 0x00000000a1400000, 0x00000000a1300000| Untracked 
|  20|0x00000000a1400000, 0x00000000a1500000, 0x00000000a1500000|100%| O|  |TAMS 0x00000000a1500000, 0x00000000a1400000| Complete 
|  21|0x00000000a1500000, 0x00000000a1600000, 0x00000000a1600000|100%| O|  |TAMS 0x00000000a1600000, 0x00000000a1500000| Untracked 
|  22|0x00000000a1600000, 0x00000000a1700000, 0x00000000a1700000|100%| O|  |TAMS 0x00000000a1700000, 0x00000000a1600000| Complete 
|  23|0x00000000a1700000, 0x00000000a1800000, 0x00000000a1800000|100%|HS|  |TAMS 0x00000000a1800000, 0x00000000a1700000| Complete 
|  24|0x00000000a1800000, 0x00000000a1900000, 0x00000000a1900000|100%|HS|  |TAMS 0x00000000a1900000, 0x00000000a1800000| Complete 
|  25|0x00000000a1900000, 0x00000000a1a00000, 0x00000000a1a00000|100%|HC|  |TAMS 0x00000000a1a00000, 0x00000000a1900000| Complete 
|  26|0x00000000a1a00000, 0x00000000a1b00000, 0x00000000a1b00000|100%| O|  |TAMS 0x00000000a1b00000, 0x00000000a1a00000| Untracked 
|  27|0x00000000a1b00000, 0x00000000a1c00000, 0x00000000a1c00000|100%| O|  |TAMS 0x00000000a1c00000, 0x00000000a1b00000| Untracked 
|  28|0x00000000a1c00000, 0x00000000a1d00000, 0x00000000a1d00000|100%| O|  |TAMS 0x00000000a1d00000, 0x00000000a1c00000| Untracked 
|  29|0x00000000a1d00000, 0x00000000a1e00000, 0x00000000a1e00000|100%| O|  |TAMS 0x00000000a1e00000, 0x00000000a1d00000| Complete 
|  30|0x00000000a1e00000, 0x00000000a1f00000, 0x00000000a1f00000|100%| O|  |TAMS 0x00000000a1f00000, 0x00000000a1e00000| Untracked 
|  31|0x00000000a1f00000, 0x00000000a2000000, 0x00000000a2000000|100%| O|  |TAMS 0x00000000a2000000, 0x00000000a1f00000| Untracked 
|  32|0x00000000a2000000, 0x00000000a2100000, 0x00000000a2100000|100%| O|  |TAMS 0x00000000a2100000, 0x00000000a2000000| Untracked 
|  33|0x00000000a2100000, 0x00000000a2200000, 0x00000000a2200000|100%| O|  |TAMS 0x00000000a2200000, 0x00000000a2100000| Untracked 
|  34|0x00000000a2200000, 0x00000000a2300000, 0x00000000a2300000|100%| O|  |TAMS 0x00000000a2300000, 0x00000000a2200000| Complete 
|  35|0x00000000a2300000, 0x00000000a2400000, 0x00000000a2400000|100%| O|  |TAMS 0x00000000a2400000, 0x00000000a2300000| Untracked 
|  36|0x00000000a2400000, 0x00000000a2500000, 0x00000000a2500000|100%| O|  |TAMS 0x00000000a2500000, 0x00000000a2400000| Untracked 
|  37|0x00000000a2500000, 0x00000000a2600000, 0x00000000a2600000|100%| O|  |TAMS 0x00000000a2600000, 0x00000000a2500000| Complete 
|  38|0x00000000a2600000, 0x00000000a2700000, 0x00000000a2700000|100%| O|  |TAMS 0x00000000a2700000, 0x00000000a2600000| Complete 
|  39|0x00000000a2700000, 0x00000000a2800000, 0x00000000a2800000|100%| O|  |TAMS 0x00000000a2800000, 0x00000000a2700000| Complete 
|  40|0x00000000a2800000, 0x00000000a2900000, 0x00000000a2900000|100%| O|  |TAMS 0x00000000a2900000, 0x00000000a2800000| Untracked 
|  41|0x00000000a2900000, 0x00000000a2a00000, 0x00000000a2a00000|100%| O|  |TAMS 0x00000000a2a00000, 0x00000000a2900000| Complete 
|  42|0x00000000a2a00000, 0x00000000a2b00000, 0x00000000a2b00000|100%| O|  |TAMS 0x00000000a2b00000, 0x00000000a2a00000| Complete 
|  43|0x00000000a2b00000, 0x00000000a2c00000, 0x00000000a2c00000|100%| O|  |TAMS 0x00000000a2c00000, 0x00000000a2b00000| Untracked 
|  44|0x00000000a2c00000, 0x00000000a2d00000, 0x00000000a2d00000|100%| O|  |TAMS 0x00000000a2d00000, 0x00000000a2c00000| Complete 
|  45|0x00000000a2d00000, 0x00000000a2e00000, 0x00000000a2e00000|100%| O|  |TAMS 0x00000000a2e00000, 0x00000000a2d00000| Untracked 
|  46|0x00000000a2e00000, 0x00000000a2f00000, 0x00000000a2f00000|100%| O|  |TAMS 0x00000000a2f00000, 0x00000000a2e00000| Untracked 
|  47|0x00000000a2f00000, 0x00000000a3000000, 0x00000000a3000000|100%| O|  |TAMS 0x00000000a3000000, 0x00000000a2f00000| Untracked 
|  48|0x00000000a3000000, 0x00000000a3100000, 0x00000000a3100000|100%| O|  |TAMS 0x00000000a3100000, 0x00000000a3000000| Complete 
|  49|0x00000000a3100000, 0x00000000a3200000, 0x00000000a3200000|100%| O|  |TAMS 0x00000000a3200000, 0x00000000a3100000| Complete 
|  50|0x00000000a3200000, 0x00000000a3300000, 0x00000000a3300000|100%| O|  |TAMS 0x00000000a3300000, 0x00000000a3200000| Complete 
|  51|0x00000000a3300000, 0x00000000a3400000, 0x00000000a3400000|100%| O|  |TAMS 0x00000000a3400000, 0x00000000a3300000| Untracked 
|  52|0x00000000a3400000, 0x00000000a3500000, 0x00000000a3500000|100%| O|  |TAMS 0x00000000a3500000, 0x00000000a3400000| Complete 
|  53|0x00000000a3500000, 0x00000000a3600000, 0x00000000a3600000|100%| O|  |TAMS 0x00000000a3600000, 0x00000000a3500000| Untracked 
|  54|0x00000000a3600000, 0x00000000a3700000, 0x00000000a3700000|100%| O|  |TAMS 0x00000000a3700000, 0x00000000a3600000| Untracked 
|  55|0x00000000a3700000, 0x00000000a3800000, 0x00000000a3800000|100%| O|  |TAMS 0x00000000a3800000, 0x00000000a3700000| Complete 
|  56|0x00000000a3800000, 0x00000000a3900000, 0x00000000a3900000|100%| O|  |TAMS 0x00000000a3900000, 0x00000000a3800000| Untracked 
|  57|0x00000000a3900000, 0x00000000a3a00000, 0x00000000a3a00000|100%| O|  |TAMS 0x00000000a3a00000, 0x00000000a3900000| Complete 
|  58|0x00000000a3a00000, 0x00000000a3b00000, 0x00000000a3b00000|100%| O|  |TAMS 0x00000000a3b00000, 0x00000000a3a00000| Complete 
|  59|0x00000000a3b00000, 0x00000000a3c00000, 0x00000000a3c00000|100%| O|  |TAMS 0x00000000a3c00000, 0x00000000a3b00000| Complete 
|  60|0x00000000a3c00000, 0x00000000a3d00000, 0x00000000a3d00000|100%| O|  |TAMS 0x00000000a3d00000, 0x00000000a3c00000| Untracked 
|  61|0x00000000a3d00000, 0x00000000a3e00000, 0x00000000a3e00000|100%| O|  |TAMS 0x00000000a3e00000, 0x00000000a3d00000| Complete 
|  62|0x00000000a3e00000, 0x00000000a3f00000, 0x00000000a3f00000|100%| O|  |TAMS 0x00000000a3f00000, 0x00000000a3e00000| Complete 
|  63|0x00000000a3f00000, 0x00000000a4000000, 0x00000000a4000000|100%| O|  |TAMS 0x00000000a4000000, 0x00000000a3f00000| Complete 
|  64|0x00000000a4000000, 0x00000000a4100000, 0x00000000a4100000|100%| O|  |TAMS 0x00000000a4100000, 0x00000000a4000000| Untracked 
|  65|0x00000000a4100000, 0x00000000a4200000, 0x00000000a4200000|100%| O|  |TAMS 0x00000000a4200000, 0x00000000a4100000| Complete 
|  66|0x00000000a4200000, 0x00000000a4300000, 0x00000000a4300000|100%| O|  |TAMS 0x00000000a4300000, 0x00000000a4200000| Complete 
|  67|0x00000000a4300000, 0x00000000a4400000, 0x00000000a4400000|100%| O|  |TAMS 0x00000000a4400000, 0x00000000a4300000| Untracked 
|  68|0x00000000a4400000, 0x00000000a4500000, 0x00000000a4500000|100%| O|  |TAMS 0x00000000a4500000, 0x00000000a4400000| Untracked 
|  69|0x00000000a4500000, 0x00000000a4600000, 0x00000000a4600000|100%| O|  |TAMS 0x00000000a4600000, 0x00000000a4500000| Untracked 
|  70|0x00000000a4600000, 0x00000000a4700000, 0x00000000a4700000|100%| O|  |TAMS 0x00000000a4700000, 0x00000000a4600000| Complete 
|  71|0x00000000a4700000, 0x00000000a4700000, 0x00000000a4800000|  0%| F|  |TAMS 0x00000000a4700000, 0x00000000a4700000| Untracked 
|  72|0x00000000a4800000, 0x00000000a4900000, 0x00000000a4900000|100%| O|  |TAMS 0x00000000a4900000, 0x00000000a4800000| Complete 
|  73|0x00000000a4900000, 0x00000000a4a00000, 0x00000000a4a00000|100%| O|  |TAMS 0x00000000a4a00000, 0x00000000a4900000| Untracked 
|  74|0x00000000a4a00000, 0x00000000a4b00000, 0x00000000a4b00000|100%| O|  |TAMS 0x00000000a4b00000, 0x00000000a4a00000| Complete 
|  75|0x00000000a4b00000, 0x00000000a4c00000, 0x00000000a4c00000|100%| O|  |TAMS 0x00000000a4c00000, 0x00000000a4b00000| Complete 
|  76|0x00000000a4c00000, 0x00000000a4d00000, 0x00000000a4d00000|100%| O|  |TAMS 0x00000000a4d00000, 0x00000000a4c00000| Complete 
|  77|0x00000000a4d00000, 0x00000000a4e00000, 0x00000000a4e00000|100%| O|  |TAMS 0x00000000a4e00000, 0x00000000a4d00000| Complete 
|  78|0x00000000a4e00000, 0x00000000a4f00000, 0x00000000a4f00000|100%| O|  |TAMS 0x00000000a4f00000, 0x00000000a4e00000| Complete 
|  79|0x00000000a4f00000, 0x00000000a5000000, 0x00000000a5000000|100%| O|  |TAMS 0x00000000a5000000, 0x00000000a4f00000| Complete 
|  80|0x00000000a5000000, 0x00000000a5100000, 0x00000000a5100000|100%| O|  |TAMS 0x00000000a5100000, 0x00000000a5000000| Complete 
|  81|0x00000000a5100000, 0x00000000a5200000, 0x00000000a5200000|100%| O|  |TAMS 0x00000000a5200000, 0x00000000a5100000| Complete 
|  82|0x00000000a5200000, 0x00000000a5300000, 0x00000000a5300000|100%| O|  |TAMS 0x00000000a5300000, 0x00000000a5200000| Untracked 
|  83|0x00000000a5300000, 0x00000000a5400000, 0x00000000a5400000|100%| O|  |TAMS 0x00000000a5400000, 0x00000000a5300000| Complete 
|  84|0x00000000a5400000, 0x00000000a5500000, 0x00000000a5500000|100%| O|  |TAMS 0x00000000a5500000, 0x00000000a5400000| Complete 
|  85|0x00000000a5500000, 0x00000000a5600000, 0x00000000a5600000|100%| O|  |TAMS 0x00000000a5600000, 0x00000000a5500000| Complete 
|  86|0x00000000a5600000, 0x00000000a5700000, 0x00000000a5700000|100%| O|  |TAMS 0x00000000a5700000, 0x00000000a5600000| Complete 
|  87|0x00000000a5700000, 0x00000000a5800000, 0x00000000a5800000|100%| O|  |TAMS 0x00000000a5800000, 0x00000000a5700000| Complete 
|  88|0x00000000a5800000, 0x00000000a5900000, 0x00000000a5900000|100%| O|  |TAMS 0x00000000a5900000, 0x00000000a5800000| Untracked 
|  89|0x00000000a5900000, 0x00000000a5a00000, 0x00000000a5a00000|100%| O|  |TAMS 0x00000000a5a00000, 0x00000000a5900000| Complete 
|  90|0x00000000a5a00000, 0x00000000a5b00000, 0x00000000a5b00000|100%| O|  |TAMS 0x00000000a5b00000, 0x00000000a5a00000| Untracked 
|  91|0x00000000a5b00000, 0x00000000a5c00000, 0x00000000a5c00000|100%| O|  |TAMS 0x00000000a5c00000, 0x00000000a5b00000| Complete 
|  92|0x00000000a5c00000, 0x00000000a5d00000, 0x00000000a5d00000|100%| O|  |TAMS 0x00000000a5d00000, 0x00000000a5c00000| Complete 
|  93|0x00000000a5d00000, 0x00000000a5e00000, 0x00000000a5e00000|100%| O|  |TAMS 0x00000000a5e00000, 0x00000000a5d00000| Complete 
|  94|0x00000000a5e00000, 0x00000000a5f00000, 0x00000000a5f00000|100%| O|  |TAMS 0x00000000a5f00000, 0x00000000a5e00000| Untracked 
|  95|0x00000000a5f00000, 0x00000000a6000000, 0x00000000a6000000|100%| O|  |TAMS 0x00000000a6000000, 0x00000000a5f00000| Untracked 
|  96|0x00000000a6000000, 0x00000000a6100000, 0x00000000a6100000|100%| O|  |TAMS 0x00000000a6100000, 0x00000000a6000000| Complete 
|  97|0x00000000a6100000, 0x00000000a6200000, 0x00000000a6200000|100%| O|  |TAMS 0x00000000a616ae00, 0x00000000a6100000| Untracked 
|  98|0x00000000a6200000, 0x00000000a6200000, 0x00000000a6300000|  0%| F|  |TAMS 0x00000000a6200000, 0x00000000a6200000| Untracked 
|  99|0x00000000a6300000, 0x00000000a6300000, 0x00000000a6400000|  0%| F|  |TAMS 0x00000000a6300000, 0x00000000a6300000| Untracked 
| 100|0x00000000a6400000, 0x00000000a6400000, 0x00000000a6500000|  0%| F|  |TAMS 0x00000000a6400000, 0x00000000a6400000| Untracked 
| 101|0x00000000a6500000, 0x00000000a6500000, 0x00000000a6600000|  0%| F|  |TAMS 0x00000000a6500000, 0x00000000a6500000| Untracked 
| 102|0x00000000a6600000, 0x00000000a6600000, 0x00000000a6700000|  0%| F|  |TAMS 0x00000000a6600000, 0x00000000a6600000| Untracked 
| 103|0x00000000a6700000, 0x00000000a6800000, 0x00000000a6800000|100%| O|  |TAMS 0x00000000a6700000, 0x00000000a6700000| Untracked 
| 104|0x00000000a6800000, 0x00000000a6900000, 0x00000000a6900000|100%| O|  |TAMS 0x00000000a6900000, 0x00000000a6800000| Complete 
| 105|0x00000000a6900000, 0x00000000a6900000, 0x00000000a6a00000|  0%| F|  |TAMS 0x00000000a6900000, 0x00000000a6900000| Untracked 
| 106|0x00000000a6a00000, 0x00000000a6a00000, 0x00000000a6b00000|  0%| F|  |TAMS 0x00000000a6a00000, 0x00000000a6a00000| Untracked 
| 107|0x00000000a6b00000, 0x00000000a6c00000, 0x00000000a6c00000|100%| O|  |TAMS 0x00000000a6b00000, 0x00000000a6b00000| Untracked 
| 108|0x00000000a6c00000, 0x00000000a6d00000, 0x00000000a6d00000|100%| O|  |TAMS 0x00000000a6d00000, 0x00000000a6c00000| Complete 
| 109|0x00000000a6d00000, 0x00000000a6e00000, 0x00000000a6e00000|100%| O|  |TAMS 0x00000000a6e00000, 0x00000000a6d00000| Complete 
| 110|0x00000000a6e00000, 0x00000000a6e00000, 0x00000000a6f00000|  0%| F|  |TAMS 0x00000000a6e00000, 0x00000000a6e00000| Untracked 
| 111|0x00000000a6f00000, 0x00000000a6f00000, 0x00000000a7000000|  0%| F|  |TAMS 0x00000000a6f00000, 0x00000000a6f00000| Untracked 
| 112|0x00000000a7000000, 0x00000000a70b4000, 0x00000000a7100000| 70%| O|  |TAMS 0x00000000a7000000, 0x00000000a7000000| Untracked 
| 113|0x00000000a7100000, 0x00000000a7100000, 0x00000000a7200000|  0%| F|  |TAMS 0x00000000a7100000, 0x00000000a7100000| Untracked 
| 114|0x00000000a7200000, 0x00000000a7200000, 0x00000000a7300000|  0%| F|  |TAMS 0x00000000a7200000, 0x00000000a7200000| Untracked 
| 115|0x00000000a7300000, 0x00000000a7400000, 0x00000000a7400000|100%| O|  |TAMS 0x00000000a7400000, 0x00000000a7300000| Untracked 
| 116|0x00000000a7400000, 0x00000000a7400000, 0x00000000a7500000|  0%| F|  |TAMS 0x00000000a7400000, 0x00000000a7400000| Untracked 
| 117|0x00000000a7500000, 0x00000000a7500000, 0x00000000a7600000|  0%| F|  |TAMS 0x00000000a7500000, 0x00000000a7500000| Untracked 
| 118|0x00000000a7600000, 0x00000000a7600000, 0x00000000a7700000|  0%| F|  |TAMS 0x00000000a7600000, 0x00000000a7600000| Untracked 
| 119|0x00000000a7700000, 0x00000000a7700000, 0x00000000a7800000|  0%| F|  |TAMS 0x00000000a7700000, 0x00000000a7700000| Untracked 
| 120|0x00000000a7800000, 0x00000000a7800000, 0x00000000a7900000|  0%| F|  |TAMS 0x00000000a7800000, 0x00000000a7800000| Untracked 
| 121|0x00000000a7900000, 0x00000000a7a00000, 0x00000000a7a00000|100%| O|  |TAMS 0x00000000a7a00000, 0x00000000a7900000| Complete 
| 122|0x00000000a7a00000, 0x00000000a7a00000, 0x00000000a7b00000|  0%| F|  |TAMS 0x00000000a7a00000, 0x00000000a7a00000| Untracked 
| 123|0x00000000a7b00000, 0x00000000a7b00000, 0x00000000a7c00000|  0%| F|  |TAMS 0x00000000a7b00000, 0x00000000a7b00000| Untracked 
| 124|0x00000000a7c00000, 0x00000000a7c00000, 0x00000000a7d00000|  0%| F|  |TAMS 0x00000000a7c00000, 0x00000000a7c00000| Untracked 
| 125|0x00000000a7d00000, 0x00000000a7d00000, 0x00000000a7e00000|  0%| F|  |TAMS 0x00000000a7d00000, 0x00000000a7d00000| Untracked 
| 126|0x00000000a7e00000, 0x00000000a7e00000, 0x00000000a7f00000|  0%| F|  |TAMS 0x00000000a7e00000, 0x00000000a7e00000| Untracked 
| 127|0x00000000a7f00000, 0x00000000a7f00000, 0x00000000a8000000|  0%| F|  |TAMS 0x00000000a7f00000, 0x00000000a7f00000| Untracked 
| 128|0x00000000a8000000, 0x00000000a8000000, 0x00000000a8100000|  0%| F|  |TAMS 0x00000000a8000000, 0x00000000a8000000| Untracked 
| 129|0x00000000a8100000, 0x00000000a8100000, 0x00000000a8200000|  0%| F|  |TAMS 0x00000000a8100000, 0x00000000a8100000| Untracked 
| 130|0x00000000a8200000, 0x00000000a8200000, 0x00000000a8300000|  0%| F|  |TAMS 0x00000000a8200000, 0x00000000a8200000| Untracked 
| 131|0x00000000a8300000, 0x00000000a8300000, 0x00000000a8400000|  0%| F|  |TAMS 0x00000000a8300000, 0x00000000a8300000| Untracked 
| 132|0x00000000a8400000, 0x00000000a8400000, 0x00000000a8500000|  0%| F|  |TAMS 0x00000000a8400000, 0x00000000a8400000| Untracked 
| 133|0x00000000a8500000, 0x00000000a8500000, 0x00000000a8600000|  0%| F|  |TAMS 0x00000000a8500000, 0x00000000a8500000| Untracked 
| 134|0x00000000a8600000, 0x00000000a8600000, 0x00000000a8700000|  0%| F|  |TAMS 0x00000000a8600000, 0x00000000a8600000| Untracked 
| 135|0x00000000a8700000, 0x00000000a8700000, 0x00000000a8800000|  0%| F|  |TAMS 0x00000000a8700000, 0x00000000a8700000| Untracked 
| 136|0x00000000a8800000, 0x00000000a8800000, 0x00000000a8900000|  0%| F|  |TAMS 0x00000000a8800000, 0x00000000a8800000| Untracked 
| 137|0x00000000a8900000, 0x00000000a8900000, 0x00000000a8a00000|  0%| F|  |TAMS 0x00000000a8900000, 0x00000000a8900000| Untracked 
| 138|0x00000000a8a00000, 0x00000000a8a00000, 0x00000000a8b00000|  0%| F|  |TAMS 0x00000000a8a00000, 0x00000000a8a00000| Untracked 
| 139|0x00000000a8b00000, 0x00000000a8b00000, 0x00000000a8c00000|  0%| F|  |TAMS 0x00000000a8b00000, 0x00000000a8b00000| Untracked 
| 140|0x00000000a8c00000, 0x00000000a8c00000, 0x00000000a8d00000|  0%| F|  |TAMS 0x00000000a8c00000, 0x00000000a8c00000| Untracked 
| 141|0x00000000a8d00000, 0x00000000a8d00000, 0x00000000a8e00000|  0%| F|  |TAMS 0x00000000a8d00000, 0x00000000a8d00000| Untracked 
| 142|0x00000000a8e00000, 0x00000000a8e00000, 0x00000000a8f00000|  0%| F|  |TAMS 0x00000000a8e00000, 0x00000000a8e00000| Untracked 
| 143|0x00000000a8f00000, 0x00000000a8f00000, 0x00000000a9000000|  0%| F|  |TAMS 0x00000000a8f00000, 0x00000000a8f00000| Untracked 
| 144|0x00000000a9000000, 0x00000000a9000000, 0x00000000a9100000|  0%| F|  |TAMS 0x00000000a9000000, 0x00000000a9000000| Untracked 
| 145|0x00000000a9100000, 0x00000000a9100000, 0x00000000a9200000|  0%| F|  |TAMS 0x00000000a9100000, 0x00000000a9100000| Untracked 
| 146|0x00000000a9200000, 0x00000000a9200000, 0x00000000a9300000|  0%| F|  |TAMS 0x00000000a9200000, 0x00000000a9200000| Untracked 
| 147|0x00000000a9300000, 0x00000000a9300000, 0x00000000a9400000|  0%| F|  |TAMS 0x00000000a9300000, 0x00000000a9300000| Untracked 
| 148|0x00000000a9400000, 0x00000000a9400000, 0x00000000a9500000|  0%| F|  |TAMS 0x00000000a9400000, 0x00000000a9400000| Untracked 
| 149|0x00000000a9500000, 0x00000000a9600000, 0x00000000a9600000|100%| O|  |TAMS 0x00000000a9600000, 0x00000000a9500000| Complete 
| 150|0x00000000a9600000, 0x00000000a96c5370, 0x00000000a9700000| 77%| S|CS|TAMS 0x00000000a9600000, 0x00000000a9600000| Complete 
| 151|0x00000000a9700000, 0x00000000a9700000, 0x00000000a9800000|  0%| F|  |TAMS 0x00000000a9700000, 0x00000000a9700000| Untracked 
| 152|0x00000000a9800000, 0x00000000a9800000, 0x00000000a9900000|  0%| F|  |TAMS 0x00000000a9800000, 0x00000000a9800000| Untracked 
| 153|0x00000000a9900000, 0x00000000a9900000, 0x00000000a9a00000|  0%| F|  |TAMS 0x00000000a9900000, 0x00000000a9900000| Untracked 
| 154|0x00000000a9a00000, 0x00000000a9a00000, 0x00000000a9b00000|  0%| F|  |TAMS 0x00000000a9a00000, 0x00000000a9a00000| Untracked 
| 155|0x00000000a9b00000, 0x00000000a9b00000, 0x00000000a9c00000|  0%| F|  |TAMS 0x00000000a9b00000, 0x00000000a9b00000| Untracked 
| 156|0x00000000a9c00000, 0x00000000a9c00000, 0x00000000a9d00000|  0%| F|  |TAMS 0x00000000a9c00000, 0x00000000a9c00000| Untracked 
| 157|0x00000000a9d00000, 0x00000000a9d00000, 0x00000000a9e00000|  0%| F|  |TAMS 0x00000000a9d00000, 0x00000000a9d00000| Untracked 
| 158|0x00000000a9e00000, 0x00000000a9e00000, 0x00000000a9f00000|  0%| F|  |TAMS 0x00000000a9e00000, 0x00000000a9e00000| Untracked 
| 159|0x00000000a9f00000, 0x00000000a9f00000, 0x00000000aa000000|  0%| F|  |TAMS 0x00000000a9f00000, 0x00000000a9f00000| Untracked 
| 160|0x00000000aa000000, 0x00000000aa000000, 0x00000000aa100000|  0%| F|  |TAMS 0x00000000aa000000, 0x00000000aa000000| Untracked 
| 161|0x00000000aa100000, 0x00000000aa100000, 0x00000000aa200000|  0%| F|  |TAMS 0x00000000aa100000, 0x00000000aa100000| Untracked 
| 162|0x00000000aa200000, 0x00000000aa200000, 0x00000000aa300000|  0%| F|  |TAMS 0x00000000aa200000, 0x00000000aa200000| Untracked 
| 163|0x00000000aa300000, 0x00000000aa300000, 0x00000000aa400000|  0%| F|  |TAMS 0x00000000aa300000, 0x00000000aa300000| Untracked 
| 164|0x00000000aa400000, 0x00000000aa400000, 0x00000000aa500000|  0%| F|  |TAMS 0x00000000aa400000, 0x00000000aa400000| Untracked 
| 165|0x00000000aa500000, 0x00000000aa500000, 0x00000000aa600000|  0%| F|  |TAMS 0x00000000aa500000, 0x00000000aa500000| Untracked 
| 166|0x00000000aa600000, 0x00000000aa600000, 0x00000000aa700000|  0%| F|  |TAMS 0x00000000aa600000, 0x00000000aa600000| Untracked 
| 167|0x00000000aa700000, 0x00000000aa700000, 0x00000000aa800000|  0%| F|  |TAMS 0x00000000aa700000, 0x00000000aa700000| Untracked 
| 168|0x00000000aa800000, 0x00000000aa800000, 0x00000000aa900000|  0%| F|  |TAMS 0x00000000aa800000, 0x00000000aa800000| Untracked 
| 169|0x00000000aa900000, 0x00000000aa900000, 0x00000000aaa00000|  0%| F|  |TAMS 0x00000000aa900000, 0x00000000aa900000| Untracked 
| 170|0x00000000aaa00000, 0x00000000aaa00000, 0x00000000aab00000|  0%| F|  |TAMS 0x00000000aaa00000, 0x00000000aaa00000| Untracked 
| 171|0x00000000aab00000, 0x00000000aab00000, 0x00000000aac00000|  0%| F|  |TAMS 0x00000000aab00000, 0x00000000aab00000| Untracked 
| 172|0x00000000aac00000, 0x00000000aac00000, 0x00000000aad00000|  0%| F|  |TAMS 0x00000000aac00000, 0x00000000aac00000| Untracked 
| 173|0x00000000aad00000, 0x00000000aad00000, 0x00000000aae00000|  0%| F|  |TAMS 0x00000000aad00000, 0x00000000aad00000| Untracked 
| 174|0x00000000aae00000, 0x00000000aae00000, 0x00000000aaf00000|  0%| F|  |TAMS 0x00000000aae00000, 0x00000000aae00000| Untracked 
| 175|0x00000000aaf00000, 0x00000000aaf00000, 0x00000000ab000000|  0%| F|  |TAMS 0x00000000aaf00000, 0x00000000aaf00000| Untracked 
| 176|0x00000000ab000000, 0x00000000ab000000, 0x00000000ab100000|  0%| F|  |TAMS 0x00000000ab000000, 0x00000000ab000000| Untracked 
| 177|0x00000000ab100000, 0x00000000ab100000, 0x00000000ab200000|  0%| F|  |TAMS 0x00000000ab100000, 0x00000000ab100000| Untracked 
| 178|0x00000000ab200000, 0x00000000ab200000, 0x00000000ab300000|  0%| F|  |TAMS 0x00000000ab200000, 0x00000000ab200000| Untracked 
| 179|0x00000000ab300000, 0x00000000ab300000, 0x00000000ab400000|  0%| F|  |TAMS 0x00000000ab300000, 0x00000000ab300000| Untracked 
| 180|0x00000000ab400000, 0x00000000ab400000, 0x00000000ab500000|  0%| F|  |TAMS 0x00000000ab400000, 0x00000000ab400000| Untracked 
| 181|0x00000000ab500000, 0x00000000ab500000, 0x00000000ab600000|  0%| F|  |TAMS 0x00000000ab500000, 0x00000000ab500000| Untracked 
| 182|0x00000000ab600000, 0x00000000ab68ff88, 0x00000000ab700000| 56%| E|  |TAMS 0x00000000ab600000, 0x00000000ab600000| Complete 

Card table byte_map: [0x0000026f62a80000,0x0000026f62d80000] _byte_map_base: 0x0000026f62580000

Marking Bits (Prev, Next): (CMBitMap*) 0x0000026f4f6a02a0, (CMBitMap*) 0x0000026f4f6a0268
 Prev Bits: [0x0000026f64880000, 0x0000026f66080000)
 Next Bits: [0x0000026f63080000, 0x0000026f64880000)

Polling page: 0x0000026f4ddb0000

Metaspace:

Usage:
  Non-class:     99.61 MB capacity,    97.79 MB ( 98%) used,     1.47 MB (  1%) free+waste,   361.13 KB ( <1%) overhead. 
      Class:     15.30 MB capacity,    14.19 MB ( 93%) used,   972.63 KB (  6%) free+waste,   158.69 KB (  1%) overhead. 
       Both:    114.90 MB capacity,   111.98 MB ( 97%) used,     2.42 MB (  2%) free+waste,   519.81 KB ( <1%) overhead. 

Virtual space:
  Non-class space:      100.00 MB reserved,      99.87 MB (>99%) committed 
      Class space:        1.00 GB reserved,      15.50 MB (  2%) committed 
             Both:        1.10 GB reserved,     115.37 MB ( 10%) committed 

Chunk freelists:
   Non-Class:  79.00 KB
       Class:  113.00 KB
        Both:  192.00 KB

MaxMetaspaceSize: 17179869184.00 GB
CompressedClassSpaceSize: 1.00 GB

CodeHeap 'non-profiled nmethods': size=120064Kb used=11496Kb max_used=11496Kb free=108567Kb
 bounds [0x0000026f5ac20000, 0x0000026f5b760000, 0x0000026f62160000]
CodeHeap 'profiled nmethods': size=120000Kb used=40684Kb max_used=40684Kb free=79315Kb
 bounds [0x0000026f536f0000, 0x0000026f55ec0000, 0x0000026f5ac20000]
CodeHeap 'non-nmethods': size=5696Kb used=2347Kb max_used=2411Kb free=3348Kb
 bounds [0x0000026f53160000, 0x0000026f533d0000, 0x0000026f536f0000]
 total_blobs=18259 nmethods=17292 adapters=876
 compilation: enabled
              stopped_count=0, restarted_count=0
 full_count=0

Compilation events (20 events):
Event: 251.600 Thread 0x0000026f6868e000 18328       2       com.android.aapt.Resources$XmlAttribute::getNamespaceUriBytes (32 bytes)
Event: 251.600 Thread 0x0000026f6868e000 nmethod 18328 0x0000026f55eb2110 code [0x0000026f55eb2300, 0x0000026f55eb26f8]
Event: 251.600 Thread 0x0000026f6868e000 18329       2       com.android.aapt.Resources$XmlAttribute::getNameBytes (32 bytes)
Event: 251.601 Thread 0x0000026f6868e000 nmethod 18329 0x0000026f55eb2890 code [0x0000026f55eb2a80, 0x0000026f55eb2e78]
Event: 251.601 Thread 0x0000026f6868e000 18330       2       com.android.aapt.Resources$XmlAttribute::getValueBytes (32 bytes)
Event: 251.602 Thread 0x0000026f6868e000 nmethod 18330 0x0000026f55eb3010 code [0x0000026f55eb3200, 0x0000026f55eb35f8]
Event: 251.602 Thread 0x0000026f6868e000 18331       2       com.android.aapt.Resources$XmlAttribute::getSource (18 bytes)
Event: 251.602 Thread 0x0000026f6868e000 nmethod 18331 0x0000026f55eb3790 code [0x0000026f55eb3940, 0x0000026f55eb3a58]
Event: 251.605 Thread 0x0000026f6868e000 18342       2       java.util.concurrent.atomic.AtomicReference::updateAndGet (54 bytes)
Event: 251.606 Thread 0x0000026f6868e000 nmethod 18342 0x0000026f55eb3b10 code [0x0000026f55eb3d40, 0x0000026f55eb4368]
Event: 251.610 Thread 0x0000026f6868e000 18343       2       org.gradle.api.internal.file.collections.DefaultDirectoryWalker$PathVisitor::checkStopFlag (20 bytes)
Event: 251.610 Thread 0x0000026f6868e000 nmethod 18343 0x0000026f55eb4690 code [0x0000026f55eb4840, 0x0000026f55eb4978]
Event: 251.641 Thread 0x0000026f6868e000 18344       1       org.gradle.launcher.daemon.server.exec.DaemonConnectionBackedEventConsumer::access$100 (5 bytes)
Event: 251.641 Thread 0x0000026f6868e000 nmethod 18344 0x0000026f5b757e10 code [0x0000026f5b757fc0, 0x0000026f5b758058]
Event: 251.641 Thread 0x0000026f6868e000 18345       1       org.gradle.launcher.daemon.protocol.BuildEvent::getPayload (5 bytes)
Event: 251.642 Thread 0x0000026f6868e000 nmethod 18345 0x0000026f5b758110 code [0x0000026f5b7582c0, 0x0000026f5b758378]
Event: 251.646 Thread 0x0000026f6868e000 18346       1       java.util.EnumMap::size (5 bytes)
Event: 251.647 Thread 0x0000026f6868e000 nmethod 18346 0x0000026f5b758410 code [0x0000026f5b7585c0, 0x0000026f5b758678]
Event: 251.682 Thread 0x0000026f6868e000 18347       2       org.gradle.internal.build.event.types.AbstractProgressEvent::<init> (15 bytes)
Event: 251.683 Thread 0x0000026f6868e000 nmethod 18347 0x0000026f55eb4a10 code [0x0000026f55eb4bc0, 0x0000026f55eb4d18]

GC Heap History (20 events):
Event: 129.211 GC heap before
{Heap before GC invocations=56 (full 0):
 garbage-first heap   total 155648K, used 133642K [0x00000000a0000000, 0x0000000100000000)
  region size 1024K, 11 young (11264K), 2 survivors (2048K)
 Metaspace       used 109966K, capacity 112891K, committed 113020K, reserved 1146880K
  class space    used 13923K, capacity 15009K, committed 15104K, reserved 1048576K
}
Event: 129.220 GC heap after
{Heap after GC invocations=57 (full 0):
 garbage-first heap   total 155648K, used 127702K [0x00000000a0000000, 0x0000000100000000)
  region size 1024K, 2 young (2048K), 2 survivors (2048K)
 Metaspace       used 109966K, capacity 112891K, committed 113020K, reserved 1146880K
  class space    used 13923K, capacity 15009K, committed 15104K, reserved 1048576K
}
Event: 129.815 GC heap before
{Heap before GC invocations=57 (full 0):
 garbage-first heap   total 155648K, used 136918K [0x00000000a0000000, 0x0000000100000000)
  region size 1024K, 10 young (10240K), 2 survivors (2048K)
 Metaspace       used 110642K, capacity 113573K, committed 113788K, reserved 1148928K
  class space    used 13995K, capacity 15093K, committed 15104K, reserved 1048576K
}
Event: 129.824 GC heap after
{Heap after GC invocations=58 (full 0):
 garbage-first heap   total 155648K, used 127627K [0x00000000a0000000, 0x0000000100000000)
  region size 1024K, 2 young (2048K), 2 survivors (2048K)
 Metaspace       used 110642K, capacity 113573K, committed 113788K, reserved 1148928K
  class space    used 13995K, capacity 15093K, committed 15104K, reserved 1048576K
}
Event: 130.092 GC heap before
{Heap before GC invocations=58 (full 0):
 garbage-first heap   total 155648K, used 133771K [0x00000000a0000000, 0x0000000100000000)
  region size 1024K, 9 young (9216K), 2 survivors (2048K)
 Metaspace       used 111061K, capacity 113987K, committed 114172K, reserved 1148928K
  class space    used 14055K, capacity 15163K, committed 15232K, reserved 1048576K
}
Event: 130.102 GC heap after
{Heap after GC invocations=59 (full 0):
 garbage-first heap   total 155648K, used 130002K [0x00000000a0000000, 0x0000000100000000)
  region size 1024K, 2 young (2048K), 2 survivors (2048K)
 Metaspace       used 111061K, capacity 113987K, committed 114172K, reserved 1148928K
  class space    used 14055K, capacity 15163K, committed 15232K, reserved 1048576K
}
Event: 130.259 GC heap before
{Heap before GC invocations=59 (full 0):
 garbage-first heap   total 155648K, used 135122K [0x00000000a0000000, 0x0000000100000000)
  region size 1024K, 7 young (7168K), 2 survivors (2048K)
 Metaspace       used 111795K, capacity 114748K, committed 114940K, reserved 1148928K
  class space    used 14307K, capacity 15396K, committed 15488K, reserved 1048576K
}
Event: 130.269 GC heap after
{Heap after GC invocations=60 (full 0):
 garbage-first heap   total 187392K, used 130976K [0x00000000a0000000, 0x0000000100000000)
  region size 1024K, 1 young (1024K), 1 survivors (1024K)
 Metaspace       used 111795K, capacity 114748K, committed 114940K, reserved 1148928K
  class space    used 14307K, capacity 15396K, committed 15488K, reserved 1048576K
}
Event: 131.350 GC heap before
{Heap before GC invocations=60 (full 0):
 garbage-first heap   total 187392K, used 150432K [0x00000000a0000000, 0x0000000100000000)
  region size 1024K, 18 young (18432K), 1 survivors (1024K)
 Metaspace       used 112263K, capacity 115305K, committed 115452K, reserved 1148928K
  class space    used 14343K, capacity 15471K, committed 15488K, reserved 1048576K
}
Event: 131.366 GC heap after
{Heap after GC invocations=61 (full 0):
 garbage-first heap   total 187392K, used 137159K [0x00000000a0000000, 0x0000000100000000)
  region size 1024K, 3 young (3072K), 3 survivors (3072K)
 Metaspace       used 112263K, capacity 115305K, committed 115452K, reserved 1148928K
  class space    used 14343K, capacity 15471K, committed 15488K, reserved 1048576K
}
Event: 132.837 GC heap before
{Heap before GC invocations=61 (full 0):
 garbage-first heap   total 187392K, used 164807K [0x00000000a0000000, 0x0000000100000000)
  region size 1024K, 16 young (16384K), 3 survivors (3072K)
 Metaspace       used 113485K, capacity 116577K, committed 116732K, reserved 1150976K
  class space    used 14499K, capacity 15650K, committed 15744K, reserved 1048576K
}
Event: 132.856 GC heap after
{Heap after GC invocations=62 (full 0):
 garbage-first heap   total 187392K, used 149069K [0x00000000a0000000, 0x0000000100000000)
  region size 1024K, 2 young (2048K), 2 survivors (2048K)
 Metaspace       used 113485K, capacity 116577K, committed 116732K, reserved 1150976K
  class space    used 14499K, capacity 15650K, committed 15744K, reserved 1048576K
}
Event: 248.214 GC heap before
{Heap before GC invocations=63 (full 0):
 garbage-first heap   total 187392K, used 158285K [0x00000000a0000000, 0x0000000100000000)
  region size 1024K, 12 young (12288K), 2 survivors (2048K)
 Metaspace       used 113920K, capacity 116951K, committed 117372K, reserved 1150976K
  class space    used 14520K, capacity 15645K, committed 15872K, reserved 1048576K
}
Event: 248.227 GC heap after
{Heap after GC invocations=64 (full 0):
 garbage-first heap   total 187392K, used 133232K [0x00000000a0000000, 0x0000000100000000)
  region size 1024K, 1 young (1024K), 1 survivors (1024K)
 Metaspace       used 113920K, capacity 116951K, committed 117372K, reserved 1150976K
  class space    used 14520K, capacity 15645K, committed 15872K, reserved 1048576K
}
Event: 248.882 GC heap before
{Heap before GC invocations=64 (full 0):
 garbage-first heap   total 187392K, used 141424K [0x00000000a0000000, 0x0000000100000000)
  region size 1024K, 9 young (9216K), 1 survivors (1024K)
 Metaspace       used 114071K, capacity 117114K, committed 117628K, reserved 1150976K
  class space    used 14523K, capacity 15650K, committed 15872K, reserved 1048576K
}
Event: 248.894 GC heap after
{Heap after GC invocations=65 (full 0):
 garbage-first heap   total 187392K, used 113692K [0x00000000a0000000, 0x0000000100000000)
  region size 1024K, 2 young (2048K), 2 survivors (2048K)
 Metaspace       used 114071K, capacity 117114K, committed 117628K, reserved 1150976K
  class space    used 14523K, capacity 15650K, committed 15872K, reserved 1048576K
}
Event: 249.099 GC heap before
{Heap before GC invocations=65 (full 0):
 garbage-first heap   total 187392K, used 119836K [0x00000000a0000000, 0x0000000100000000)
  region size 1024K, 9 young (9216K), 2 survivors (2048K)
 Metaspace       used 114147K, capacity 117190K, committed 117628K, reserved 1150976K
  class space    used 14523K, capacity 15650K, committed 15872K, reserved 1048576K
}
Event: 249.110 GC heap after
{Heap after GC invocations=66 (full 0):
 garbage-first heap   total 187392K, used 106489K [0x00000000a0000000, 0x0000000100000000)
  region size 1024K, 1 young (1024K), 1 survivors (1024K)
 Metaspace       used 114147K, capacity 117190K, committed 117628K, reserved 1150976K
  class space    used 14523K, capacity 15650K, committed 15872K, reserved 1048576K
}
Event: 250.256 GC heap before
{Heap before GC invocations=66 (full 0):
 garbage-first heap   total 187392K, used 126969K [0x00000000a0000000, 0x0000000100000000)
  region size 1024K, 23 young (23552K), 1 survivors (1024K)
 Metaspace       used 114537K, capacity 117592K, committed 117884K, reserved 1150976K
  class space    used 14530K, capacity 15663K, committed 15872K, reserved 1048576K
}
Event: 250.284 GC heap after
{Heap after GC invocations=67 (full 0):
 garbage-first heap   total 187392K, used 109344K [0x00000000a0000000, 0x0000000100000000)
  region size 1024K, 4 young (4096K), 4 survivors (4096K)
 Metaspace       used 114537K, capacity 117592K, committed 117884K, reserved 1150976K
  class space    used 14530K, capacity 15663K, committed 15872K, reserved 1048576K
}

Deoptimization events (20 events):
Event: 250.294 Thread 0x0000026f6ef90000 Uncommon trap: trap_request=0xffffff4d fr.pc=0x0000026f5b1daf1c relative=0x00000000000006dc
Event: 250.294 Thread 0x0000026f6ef90000 Uncommon trap: reason=unstable_if action=reinterpret pc=0x0000026f5b1daf1c method=org.apache.xerces.util.XMLAttributesImpl.addAttributeNS(Lorg/apache/xerces/xni/QName;Ljava/lang/String;Ljava/lang/String;)V @ 22 c2
Event: 250.294 Thread 0x0000026f6ef90000 DEOPT PACKING pc=0x0000026f5b1daf1c sp=0x000000d31c1fa620
Event: 250.294 Thread 0x0000026f6ef90000 DEOPT UNPACKING pc=0x0000026f531878af sp=0x000000d31c1fa5c0 mode 2
Event: 250.707 Thread 0x0000026f6914a800 Uncommon trap: trap_request=0xffffffde fr.pc=0x0000026f5ad51aec relative=0x000000000000052c
Event: 250.707 Thread 0x0000026f6914a800 Uncommon trap: reason=class_check action=maybe_recompile pc=0x0000026f5ad51aec method=jdk.internal.ref.PhantomCleanable.clean()V @ 12 c2
Event: 250.707 Thread 0x0000026f6914a800 DEOPT PACKING pc=0x0000026f5ad51aec sp=0x000000d319dfeda0
Event: 250.707 Thread 0x0000026f6914a800 DEOPT UNPACKING pc=0x0000026f531878af sp=0x000000d319dfed80 mode 2
Event: 250.764 Thread 0x0000026f6ef90000 Uncommon trap: trap_request=0xffffff4d fr.pc=0x0000026f5b1ed228 relative=0x00000000000017a8
Event: 250.764 Thread 0x0000026f6ef90000 Uncommon trap: reason=unstable_if action=reinterpret pc=0x0000026f5b1ed228 method=org.apache.xerces.dom.DeferredAttrNSImpl.synchronizeData()V @ 36 c2
Event: 250.764 Thread 0x0000026f6ef90000 DEOPT PACKING pc=0x0000026f5b1ed228 sp=0x000000d31c1facf0
Event: 250.764 Thread 0x0000026f6ef90000 DEOPT UNPACKING pc=0x0000026f531878af sp=0x000000d31c1fab88 mode 2
Event: 251.015 Thread 0x0000026f6ef90000 DEOPT PACKING pc=0x0000026f53b9b491 sp=0x000000d31c1fac60
Event: 251.015 Thread 0x0000026f6ef90000 DEOPT UNPACKING pc=0x0000026f531876ce sp=0x000000d31c1fa138 mode 0
Event: 251.016 Thread 0x0000026f6ef90000 DEOPT PACKING pc=0x0000026f53b9b515 sp=0x000000d31c1fac60
Event: 251.016 Thread 0x0000026f6ef90000 DEOPT UNPACKING pc=0x0000026f531876ce sp=0x000000d31c1fa138 mode 0
Event: 251.457 Thread 0x0000026f69145000 Uncommon trap: trap_request=0xffffff4d fr.pc=0x0000026f5b700c98 relative=0x0000000000000078
Event: 251.457 Thread 0x0000026f69145000 Uncommon trap: reason=unstable_if action=reinterpret pc=0x0000026f5b700c98 method=com.sun.org.apache.xerces.internal.impl.XMLEntityScanner.checkBeforeLoad(Lcom/sun/xml/internal/stream/Entity$ScannedEntity;II)I @ 18 c2
Event: 251.457 Thread 0x0000026f69145000 DEOPT PACKING pc=0x0000026f5b700c98 sp=0x000000d31c6fd030
Event: 251.457 Thread 0x0000026f69145000 DEOPT UNPACKING pc=0x0000026f531878af sp=0x000000d31c6fcfa0 mode 2

Classes redefined (0 events):
No events

Internal exceptions (20 events):
Event: 129.778 Thread 0x0000026f6bff2000 Exception <a 'sun/nio/fs/WindowsException'{0x00000000a905fc00}> (0x00000000a905fc00) thrown at [./src/hotspot/share/prims/jni.cpp, line 615]
Event: 130.627 Thread 0x0000026f6ef90000 Exception <a 'sun/nio/fs/WindowsException'{0x00000000aafe3450}> (0x00000000aafe3450) thrown at [./src/hotspot/share/prims/jni.cpp, line 615]
Event: 130.764 Thread 0x0000026f6ef90000 Exception <a 'java/lang/NoSuchMethodError'{0x00000000aac8cec8}: 'java.lang.Object java.lang.invoke.DirectMethodHandle$Holder.newInvokeSpecial(java.lang.Object, int)'> (0x00000000aac8cec8) thrown at [./src/hotspot/share/interpreter/linkResolver.cpp, line 773]
Event: 131.116 Thread 0x0000026f6ef90000 Exception <a 'sun/nio/fs/WindowsException'{0x00000000aa9d8b30}> (0x00000000aa9d8b30) thrown at [./src/hotspot/share/prims/jni.cpp, line 615]
Event: 131.376 Thread 0x0000026f6bff2000 Exception <a 'sun/nio/fs/WindowsException'{0x00000000ab634628}> (0x00000000ab634628) thrown at [./src/hotspot/share/prims/jni.cpp, line 615]
Event: 133.203 Thread 0x0000026f6ef91000 Implicit null exception at 0x0000026f5adb906b to 0x0000026f5adb908c
Event: 133.995 Thread 0x0000026f69146800 Implicit null exception at 0x0000026f5b691387 to 0x0000026f5b691b18
Event: 134.237 Thread 0x0000026f69146800 Implicit null exception at 0x0000026f5b2e25af to 0x0000026f5b2e25fc
Event: 144.318 Thread 0x0000026f69147800 Implicit null exception at 0x0000026f5ac53df4 to 0x0000026f5ac542f4
Event: 144.319 Thread 0x0000026f69147800 Implicit null exception at 0x0000026f5afb9c94 to 0x0000026f5afba258
Event: 248.284 Thread 0x0000026f6bff0800 Implicit null exception at 0x0000026f5b422949 to 0x0000026f5b422c34
Event: 248.284 Thread 0x0000026f6bff0800 Implicit null exception at 0x0000026f5b27e362 to 0x0000026f5b27ef1c
Event: 248.285 Thread 0x0000026f6bff0800 Implicit null exception at 0x0000026f5b6abc92 to 0x0000026f5b6ad350
Event: 249.208 Thread 0x0000026f6bff0800 Exception <a 'sun/nio/fs/WindowsException'{0x00000000ab47ad10}> (0x00000000ab47ad10) thrown at [./src/hotspot/share/prims/jni.cpp, line 615]
Event: 249.360 Thread 0x0000026f6bff0800 Exception <a 'java/lang/NoClassDefFoundError'{0x00000000ab123f80}: org/jetbrains/kotlin/gradle/plugin/KotlinBasePluginWrapper> (0x00000000ab123f80) thrown at [./src/hotspot/share/oops/constantPool.cpp, line 775]
Event: 249.555 Thread 0x0000026f6bff0800 Exception <a 'sun/nio/fs/WindowsException'{0x00000000ab06dca0}> (0x00000000ab06dca0) thrown at [./src/hotspot/share/prims/jni.cpp, line 615]
Event: 249.584 Thread 0x0000026f6bff0800 Exception <a 'sun/nio/fs/WindowsException'{0x00000000aae12ca8}> (0x00000000aae12ca8) thrown at [./src/hotspot/share/prims/jni.cpp, line 615]
Event: 249.584 Thread 0x0000026f6bff0800 Exception <a 'sun/nio/fs/WindowsException'{0x00000000aae13d70}> (0x00000000aae13d70) thrown at [./src/hotspot/share/prims/jni.cpp, line 615]
Event: 249.585 Thread 0x0000026f6bff0800 Exception <a 'sun/nio/fs/WindowsException'{0x00000000aae14e88}> (0x00000000aae14e88) thrown at [./src/hotspot/share/prims/jni.cpp, line 615]
Event: 249.586 Thread 0x0000026f6bff0800 Exception <a 'sun/nio/fs/WindowsException'{0x00000000aae15fa0}> (0x00000000aae15fa0) thrown at [./src/hotspot/share/prims/jni.cpp, line 615]

Events (20 events):
Event: 251.417 loading class javax/xml/stream/events/Comment done
Event: 251.417 loading class com/sun/xml/internal/stream/events/CommentEvent done
Event: 251.422 Executing VM operation: RevokeBias
Event: 251.422 Executing VM operation: RevokeBias done
Event: 251.441 Executing VM operation: RevokeBias
Event: 251.441 Executing VM operation: RevokeBias done
Event: 251.441 Executing VM operation: RevokeBias
Event: 251.442 Executing VM operation: RevokeBias done
Event: 251.470 Executing VM operation: RevokeBias
Event: 251.470 Executing VM operation: RevokeBias done
Event: 251.471 Executing VM operation: RevokeBias
Event: 251.471 Executing VM operation: RevokeBias done
Event: 251.472 Executing VM operation: RevokeBias
Event: 251.472 Executing VM operation: RevokeBias done
Event: 251.472 Executing VM operation: RevokeBias
Event: 251.472 Executing VM operation: RevokeBias done
Event: 251.472 Executing VM operation: RevokeBias
Event: 251.472 Executing VM operation: RevokeBias done
Event: 251.481 Executing VM operation: RevokeBias
Event: 251.481 Executing VM operation: RevokeBias done


Dynamic libraries:
0x00007ff699d40000 - 0x00007ff699d4a000 	C:\Program Files\Android\Android Studio\jre\bin\java.exe
0x00007ffd47630000 - 0x00007ffd47824000 	C:\WINDOWS\SYSTEM32\ntdll.dll
0x00007ffd463f0000 - 0x00007ffd464ad000 	C:\WINDOWS\System32\KERNEL32.DLL
0x00007ffd44f60000 - 0x00007ffd45227000 	C:\WINDOWS\System32\KERNELBASE.dll
0x00007ffd44e60000 - 0x00007ffd44f60000 	C:\WINDOWS\System32\ucrtbase.dll
0x00007ffd2e970000 - 0x00007ffd2e989000 	C:\Program Files\Android\Android Studio\jre\bin\jli.dll
0x00007ffd45840000 - 0x00007ffd459e0000 	C:\WINDOWS\System32\USER32.dll
0x00007ffd454d0000 - 0x00007ffd454f2000 	C:\WINDOWS\System32\win32u.dll
0x00007ffd46060000 - 0x00007ffd4608a000 	C:\WINDOWS\System32\GDI32.dll
0x00007ffd45230000 - 0x00007ffd4533a000 	C:\WINDOWS\System32\gdi32full.dll
0x00007ffd44d70000 - 0x00007ffd44e0d000 	C:\WINDOWS\System32\msvcp_win.dll
0x00007ffd2da30000 - 0x00007ffd2dcca000 	C:\WINDOWS\WinSxS\amd64_microsoft.windows.common-controls_6595b64144ccf1df_6.0.19041.1_none_b555e41d4684ddec\COMCTL32.dll
0x00007ffd459f0000 - 0x00007ffd45a8e000 	C:\WINDOWS\System32\msvcrt.dll
0x00007ffd2e850000 - 0x00007ffd2e867000 	C:\Program Files\Android\Android Studio\jre\bin\VCRUNTIME140.dll
0x00007ffd46030000 - 0x00007ffd46060000 	C:\WINDOWS\System32\IMM32.DLL
0x00007ffd17ae0000 - 0x00007ffd17b7d000 	C:\Program Files\Android\Android Studio\jre\bin\msvcp140.dll
0x00007ffd09700000 - 0x00007ffd0a1cf000 	C:\Program Files\Android\Android Studio\jre\bin\server\jvm.dll
0x00007ffd47540000 - 0x00007ffd475ea000 	C:\WINDOWS\System32\ADVAPI32.dll
0x00007ffd45d00000 - 0x00007ffd45d9b000 	C:\WINDOWS\System32\sechost.dll
0x00007ffd45b70000 - 0x00007ffd45c93000 	C:\WINDOWS\System32\RPCRT4.dll
0x00007ffd459e0000 - 0x00007ffd459e8000 	C:\WINDOWS\System32\PSAPI.DLL
0x00007ffd113c0000 - 0x00007ffd113c9000 	C:\WINDOWS\SYSTEM32\WSOCK32.dll
0x00007ffd45e10000 - 0x00007ffd45e7b000 	C:\WINDOWS\System32\WS2_32.dll
0x00007ffd3c7e0000 - 0x00007ffd3c807000 	C:\WINDOWS\SYSTEM32\WINMM.dll
0x00007ffd3e710000 - 0x00007ffd3e71a000 	C:\WINDOWS\SYSTEM32\VERSION.dll
0x00007ffd42d90000 - 0x00007ffd42da3000 	C:\WINDOWS\SYSTEM32\kernel.appcore.dll
0x00007ffd113a0000 - 0x00007ffd113b1000 	C:\Program Files\Android\Android Studio\jre\bin\verify.dll
0x00007ffd42b40000 - 0x00007ffd42d24000 	C:\WINDOWS\SYSTEM32\DBGHELP.DLL
0x00007ffd2fd60000 - 0x00007ffd2fd8c000 	C:\WINDOWS\SYSTEM32\dbgcore.DLL
0x00007ffd453a0000 - 0x00007ffd4541f000 	C:\WINDOWS\System32\bcryptPrimitives.dll
0x00007ffd11370000 - 0x00007ffd11399000 	C:\Program Files\Android\Android Studio\jre\bin\java.dll
0x00007ffd11360000 - 0x00007ffd1136b000 	C:\Program Files\Android\Android Studio\jre\bin\jimage.dll
0x00007ffd11340000 - 0x00007ffd11358000 	C:\Program Files\Android\Android Studio\jre\bin\zip.dll
0x00007ffd46560000 - 0x00007ffd46c91000 	C:\WINDOWS\System32\SHELL32.dll
0x00007ffd42f00000 - 0x00007ffd4368a000 	C:\WINDOWS\SYSTEM32\windows.storage.dll
0x00007ffd46090000 - 0x00007ffd463e4000 	C:\WINDOWS\System32\combase.dll
0x00007ffd447f0000 - 0x00007ffd4481b000 	C:\WINDOWS\SYSTEM32\Wldp.dll
0x00007ffd464b0000 - 0x00007ffd4655e000 	C:\WINDOWS\System32\SHCORE.dll
0x00007ffd45ca0000 - 0x00007ffd45cf5000 	C:\WINDOWS\System32\shlwapi.dll
0x00007ffd44cb0000 - 0x00007ffd44ccf000 	C:\WINDOWS\SYSTEM32\profapi.dll
0x00007ffd10ed0000 - 0x00007ffd10eea000 	C:\Program Files\Android\Android Studio\jre\bin\net.dll
0x00007ffd2d6b0000 - 0x00007ffd2d7b2000 	C:\WINDOWS\SYSTEM32\WINHTTP.dll
0x00007ffd44570000 - 0x00007ffd445da000 	C:\WINDOWS\system32\mswsock.dll
0x00007ffd10eb0000 - 0x00007ffd10ec4000 	C:\Program Files\Android\Android Studio\jre\bin\nio.dll
0x00007ffd369f0000 - 0x00007ffd36a17000 	C:\Users\HP\.gradle\wrapper\dists\gradle-2.14.1-all\native\8bec1ad78214c89d9ad589b4d07fe93259594b29d510b10fafb7a158f7737e5d\windows-amd64\native-platform.dll
0x00007ffd0d990000 - 0x00007ffd0dacd000 	C:\Users\HP\.gradle\wrapper\dists\gradle-2.14.1-all\native\53dbd7edfb1c66fb8903c78663c9afc45aea4f116125fa6feffd364cf09443e8\windows-amd64\native-platform-file-events.dll
0x00007ffd10ea0000 - 0x00007ffd10eaa000 	C:\Program Files\Android\Android Studio\jre\bin\management.dll
0x00007ffd10e90000 - 0x00007ffd10e9c000 	C:\Program Files\Android\Android Studio\jre\bin\management_ext.dll
0x00007ffd44740000 - 0x00007ffd44758000 	C:\WINDOWS\SYSTEM32\CRYPTSP.dll
0x00007ffd43e90000 - 0x00007ffd43ec4000 	C:\WINDOWS\system32\rsaenh.dll
0x00007ffd45660000 - 0x00007ffd45687000 	C:\WINDOWS\System32\bcrypt.dll
0x00007ffd44c30000 - 0x00007ffd44c5e000 	C:\WINDOWS\SYSTEM32\USERENV.dll
0x00007ffd44760000 - 0x00007ffd4476c000 	C:\WINDOWS\SYSTEM32\CRYPTBASE.dll
0x00007ffd44210000 - 0x00007ffd4424b000 	C:\WINDOWS\SYSTEM32\IPHLPAPI.DLL
0x00007ffd45e00000 - 0x00007ffd45e09000 	C:\WINDOWS\System32\NSI.dll
0x00007ffd42a50000 - 0x00007ffd42a67000 	C:\WINDOWS\SYSTEM32\dhcpcsvc6.DLL
0x00007ffd42a30000 - 0x00007ffd42a4d000 	C:\WINDOWS\SYSTEM32\dhcpcsvc.DLL
0x00007ffd44250000 - 0x00007ffd4431a000 	C:\WINDOWS\SYSTEM32\DNSAPI.dll

dbghelp: loaded successfully - version: 4.0.5 - missing functions: none
symbol engine: initialized successfully - sym options: 0x614 - pdb path: .;C:\Program Files\Android\Android Studio\jre\bin;C:\WINDOWS\SYSTEM32;C:\WINDOWS\WinSxS\amd64_microsoft.windows.common-controls_6595b64144ccf1df_6.0.19041.1_none_b555e41d4684ddec;C:\Program Files\Android\Android Studio\jre\bin\server;C:\Users\HP\.gradle\wrapper\dists\gradle-2.14.1-all\native\8bec1ad78214c89d9ad589b4d07fe93259594b29d510b10fafb7a158f7737e5d\windows-amd64;C:\Users\HP\.gradle\wrapper\dists\gradle-2.14.1-all\native\53dbd7edfb1c66fb8903c78663c9afc45aea4f116125fa6feffd364cf09443e8\windows-amd64

VM Arguments:
jvm_args: --add-opens=java.base/java.util=ALL-UNNAMED --add-opens=java.base/java.lang=ALL-UNNAMED --add-opens=java.base/java.lang.invoke=ALL-UNNAMED --add-opens=java.base/java.util=ALL-UNNAMED --add-opens=java.prefs/java.util.prefs=ALL-UNNAMED --add-opens=java.prefs/java.util.prefs=ALL-UNNAMED --add-opens=java.base/java.nio.charset=ALL-UNNAMED --add-opens=java.base/java.net=ALL-UNNAMED --add-opens=java.base/java.util.concurrent.atomic=ALL-UNNAMED -Xmx1536m -Dfile.encoding=windows-1252 -Duser.country=US -Duser.language=en -Duser.variant 
java_command: org.gradle.launcher.daemon.bootstrap.GradleDaemon 7.0.2
java_class_path (initial): C:\Users\HP\.gradle\wrapper\dists\gradle-2.14.1-all\wrapper\dists\gradle-7.0.2-all\7era6s5ay7zsbhuvl0oc9g94s\gradle-7.0.2\lib\gradle-launcher-7.0.2.jar
Launcher Type: SUN_STANDARD

[Global flags]
     intx CICompilerCount                          = 3                                         {product} {ergonomic}
     uint ConcGCThreads                            = 1                                         {product} {ergonomic}
     uint G1ConcRefinementThreads                  = 4                                         {product} {ergonomic}
   size_t G1HeapRegionSize                         = 1048576                                   {product} {ergonomic}
    uintx GCDrainStackTargetSize                   = 64                                        {product} {ergonomic}
   size_t InitialHeapSize                          = 132120576                                 {product} {ergonomic}
   size_t MarkStackSize                            = 4194304                                   {product} {ergonomic}
   size_t MaxHeapSize                              = 1610612736                                {product} {command line}
   size_t MaxNewSize                               = 965738496                                 {product} {ergonomic}
   size_t MinHeapDeltaBytes                        = 1048576                                   {product} {ergonomic}
    uintx NonNMethodCodeHeapSize                   = 5830732                                {pd product} {ergonomic}
    uintx NonProfiledCodeHeapSize                  = 122913754                              {pd product} {ergonomic}
    uintx ProfiledCodeHeapSize                     = 122913754                              {pd product} {ergonomic}
    uintx ReservedCodeCacheSize                    = 251658240                              {pd product} {ergonomic}
     bool SegmentedCodeCache                       = true                                      {product} {ergonomic}
     bool UseCompressedClassPointers               = true                                 {lp64_product} {ergonomic}
     bool UseCompressedOops                        = true                                 {lp64_product} {ergonomic}
     bool UseG1GC                                  = true                                      {product} {ergonomic}
     bool UseLargePagesIndividualAllocation        = false                                  {pd product} {ergonomic}

Logging:
Log output configuration:
 #0: stdout all=warning uptime,level,tags
 #1: stderr all=off uptime,level,tags

Environment Variables:
PATH=C:\WINDOWS\system32;C:\WINDOWS;C:\WINDOWS\System32\Wbem;C:\WINDOWS\System32\WindowsPowerShell\v1.0\;C:\WINDOWS\System32\OpenSSH\;E:\New folder\;C:\Users\HP\AppData\Local\Microsoft\WindowsApps;E:\VS Code\Microsoft VS Code\bin;C:\Users\HP\AppData\Roaming\npm;C:\Users\HP\AppData\Local\GitHubDesktop\bin;C:\Users\HP\Flutter\flutter\bin;
USERNAME=HP
OS=Windows_NT
PROCESSOR_IDENTIFIER=Intel64 Family 6 Model 142 Stepping 9, GenuineIntel



---------------  S Y S T E M  ---------------

OS: Windows 10 , 64 bit Build 19041 (10.0.19041.1)
OS uptime: 0 days 1:01 hours

CPU:total 4 (initial active 4) (2 cores per cpu, 2 threads per core) family 6 model 142 stepping 9 microcode 0xde, cmov, cx8, fxsr, mmx, sse, sse2, sse3, ssse3, sse4.1, sse4.2, popcnt, avx, avx2, aes, clmul, erms, 3dnowpref, lzcnt, ht, tsc, tscinvbit, bmi1, bmi2, adx, fma

Memory: 4k page, system-wide physical 8060M (2130M free)
TotalPageFile size 9340M (AvailPageFile size 2715M)
current process WorkingSet (physical memory assigned to process): 751M, peak: 753M
current process commit charge ("private bytes"): 778M, peak: 781M

vm_info: OpenJDK 64-Bit Server VM (11.0.10+0-b96-7249189) for windows-amd64 JRE (11.0.10+0-b96-7249189), built on Mar 31 2021 21:44:00 by "builder" with MS VC++ 14.0 (VS2015)

END.
