#
# A fatal error has been detected by the Java Runtime Environment:
#
#  Internal Error (./src/hotspot/share/opto/chaitin.cpp:950), pid=7940, tid=2052
#  Error: ShouldNotReachHere()
#
# JRE version: OpenJDK Runtime Environment (11.0.10) (build 11.0.10+0-b96-7249189)
# Java VM: OpenJDK 64-Bit Server VM (11.0.10+0-b96-7249189, mixed mode, tiered, compressed oops, g1 gc, windows-amd64)
# No core dump will be written. Minidumps are not enabled by default on client versions of Windows
#
# If you would like to submit a bug report, please visit:
#   https://bugreport.java.com/bugreport/crash.jsp
#

---------------  S U M M A R Y ------------

Command Line: --add-opens=java.base/java.util=ALL-UNNAMED --add-opens=java.base/java.lang=ALL-UNNAMED --add-opens=java.base/java.lang.invoke=ALL-UNNAMED --add-opens=java.base/java.util=ALL-UNNAMED --add-opens=java.prefs/java.util.prefs=ALL-UNNAMED --add-opens=java.prefs/java.util.prefs=ALL-UNNAMED --add-opens=java.base/java.nio.charset=ALL-UNNAMED --add-opens=java.base/java.net=ALL-UNNAMED --add-opens=java.base/java.util.concurrent.atomic=ALL-UNNAMED -Xmx1536m -Dfile.encoding=windows-1252 -Duser.country=US -Duser.language=en -Duser.variant org.gradle.launcher.daemon.bootstrap.GradleDaemon 7.0.2

Host: Intel(R) Core(TM) i3-7020U CPU @ 2.30GHz, 4 cores, 7G,  Windows 10 , 64 bit Build 19041 (10.0.19041.1)
Time: Sun Oct 24 10:40:33 2021 India Standard Time elapsed time: 6608.113618 seconds (0d 1h 50m 8s)

---------------  T H R E A D  ---------------

Current thread (0x000001e0f74ba800):  JavaThread "C2 CompilerThread1" daemon [_thread_in_native, id=2052, stack(0x00000056c2900000,0x00000056c2a00000)]


Current CompileTask:
C2:6608113 24345       4       groovy.lang.MetaClassImpl::checkIfStdMethod (178 bytes)

Stack: [0x00000056c2900000,0x00000056c2a00000]
Native frames: (J=compiled Java code, j=interpreted, Vv=VM code, C=native code)
V  [jvm.dll+0x5ecfaa]
V  [jvm.dll+0x722bd5]
V  [jvm.dll+0x72412d]
V  [jvm.dll+0x724797]
V  [jvm.dll+0x24287c]
V  [jvm.dll+0x2427e3]
V  [jvm.dll+0x19a99f]
V  [jvm.dll+0x197e16]
V  [jvm.dll+0x1fb70e]
V  [jvm.dll+0x1fa7f4]
V  [jvm.dll+0x18354c]
V  [jvm.dll+0x208ee7]
V  [jvm.dll+0x207731]
V  [jvm.dll+0x6eb1cf]
V  [jvm.dll+0x6e3d45]
V  [jvm.dll+0x5ebe96]
C  [ucrtbase.dll+0x21542]
C  [KERNEL32.DLL+0x16fd4]
C  [ntdll.dll+0x4cf31]


---------------  P R O C E S S  ---------------

Threads class SMR info:
_java_thread_list=0x000001e0fb6c37e0, length=45, elements={
0x000001e0d7948800, 0x000001e0f0983800, 0x000001e0f0987000, 0x000001e0f09a0800,
0x000001e0f09a3800, 0x000001e0f09a4800, 0x000001e0f09aa800, 0x000001e0f09dd800,
0x000001e0f1356000, 0x000001e0f1476000, 0x000001e0f2119000, 0x000001e0f15ca000,
0x000001e0f2952000, 0x000001e0f2214000, 0x000001e0f2214800, 0x000001e0f2218000,
0x000001e0f2212000, 0x000001e0f2215800, 0x000001e0f69aa800, 0x000001e0f69ad000,
0x000001e0f69a8000, 0x000001e0f69ad800, 0x000001e0f69a9000, 0x000001e0f69b3800,
0x000001e0f69af800, 0x000001e0f74b4000, 0x000001e0f8c85800, 0x000001e0f74b0800,
0x000001e0f74ae000, 0x000001e0f74b2000, 0x000001e0f74b1800, 0x000001e0f74b4800,
0x000001e0f74af000, 0x000001e0f74b9800, 0x000001e0f74b8000, 0x000001e0f74b7000,
0x000001e0f74bc000, 0x000001e0f74b8800, 0x000001e0f74ba800, 0x000001e0f74bb000,
0x000001e0f8c81800, 0x000001e0f8c80000, 0x000001e0f8c7b800, 0x000001e0f8c7e000,
0x000001e0f8c80800
}

Java Threads: ( => current thread )
  0x000001e0d7948800 JavaThread "main" [_thread_blocked, id=8152, stack(0x00000056c0400000,0x00000056c0500000)]
  0x000001e0f0983800 JavaThread "Reference Handler" daemon [_thread_blocked, id=8564, stack(0x00000056c0b00000,0x00000056c0c00000)]
  0x000001e0f0987000 JavaThread "Finalizer" daemon [_thread_blocked, id=7820, stack(0x00000056c0c00000,0x00000056c0d00000)]
  0x000001e0f09a0800 JavaThread "Signal Dispatcher" daemon [_thread_blocked, id=7220, stack(0x00000056c0d00000,0x00000056c0e00000)]
  0x000001e0f09a3800 JavaThread "Attach Listener" daemon [_thread_blocked, id=6948, stack(0x00000056c0e00000,0x00000056c0f00000)]
  0x000001e0f09a4800 JavaThread "Service Thread" daemon [_thread_blocked, id=7612, stack(0x00000056c0f00000,0x00000056c1000000)]
  0x000001e0f09aa800 JavaThread "C2 CompilerThread0" daemon [_thread_in_native, id=2500, stack(0x00000056c1000000,0x00000056c1100000)]
  0x000001e0f09dd800 JavaThread "C1 CompilerThread0" daemon [_thread_blocked, id=7384, stack(0x00000056c1100000,0x00000056c1200000)]
  0x000001e0f1356000 JavaThread "Sweeper thread" daemon [_thread_blocked, id=4076, stack(0x00000056c1200000,0x00000056c1300000)]
  0x000001e0f1476000 JavaThread "Common-Cleaner" daemon [_thread_blocked, id=8936, stack(0x00000056c1300000,0x00000056c1400000)]
  0x000001e0f2119000 JavaThread "Daemon health stats" [_thread_blocked, id=7292, stack(0x00000056c1800000,0x00000056c1900000)]
  0x000001e0f15ca000 JavaThread "Incoming local TCP Connector on port 49904" [_thread_in_native, id=6172, stack(0x00000056c1500000,0x00000056c1600000)]
  0x000001e0f2952000 JavaThread "Daemon periodic checks" [_thread_blocked, id=8864, stack(0x00000056c1900000,0x00000056c1a00000)]
  0x000001e0f2214000 JavaThread "Cache worker for file hash cache (C:\Users\HP\.gradle\wrapper\dists\gradle-2.14.1-all\caches\7.0.2\fileHashes)" [_thread_blocked, id=6072, stack(0x00000056c2200000,0x00000056c2300000)]
  0x000001e0f2214800 JavaThread "File lock request listener" [_thread_in_native, id=676, stack(0x00000056c2300000,0x00000056c2400000)]
  0x000001e0f2218000 JavaThread "Cache worker for journal cache (C:\Users\HP\.gradle\wrapper\dists\gradle-2.14.1-all\caches\journal-1)" [_thread_blocked, id=3596, stack(0x00000056c2400000,0x00000056c2500000)]
  0x000001e0f2212000 JavaThread "File watcher server" daemon [_thread_in_native, id=6920, stack(0x00000056c2700000,0x00000056c2800000)]
  0x000001e0f2215800 JavaThread "File watcher consumer" daemon [_thread_blocked, id=7072, stack(0x00000056c2800000,0x00000056c2900000)]
  0x000001e0f69aa800 JavaThread "Cache worker for execution history cache (C:\Users\HP\.gradle\wrapper\dists\gradle-2.14.1-all\caches\7.0.2\executionHistory)" [_thread_blocked, id=8872, stack(0x00000056c2b00000,0x00000056c2c00000)]
  0x000001e0f69ad000 JavaThread "jar transforms" [_thread_blocked, id=7900, stack(0x00000056c2d00000,0x00000056c2e00000)]
  0x000001e0f69a8000 JavaThread "jar transforms Thread 2" [_thread_blocked, id=6740, stack(0x00000056c2e00000,0x00000056c2f00000)]
  0x000001e0f69ad800 JavaThread "Cache worker for file content cache (C:\Users\HP\.gradle\wrapper\dists\gradle-2.14.1-all\caches\7.0.2\fileContent)" [_thread_blocked, id=6448, stack(0x00000056c2f00000,0x00000056c3000000)]
  0x000001e0f69a9000 JavaThread "jar transforms Thread 3" [_thread_blocked, id=7436, stack(0x00000056c3100000,0x00000056c3200000)]
  0x000001e0f69b3800 JavaThread "jar transforms Thread 4" [_thread_blocked, id=7752, stack(0x00000056c3800000,0x00000056c3900000)]
  0x000001e0f69af800 JavaThread "Memory manager" [_thread_blocked, id=8708, stack(0x00000056c3a00000,0x00000056c3b00000)]
  0x000001e0f74b4000 JavaThread "Cache worker for Java compile cache (C:\Users\HP\.gradle\wrapper\dists\gradle-2.14.1-all\caches\7.0.2\javaCompile)" [_thread_blocked, id=504, stack(0x00000056c0100000,0x00000056c0200000)]
  0x000001e0f8c85800 JavaThread "ForkJoinPool.commonPool-worker-7" daemon [_thread_blocked, id=2116, stack(0x00000056c4400000,0x00000056c4500000)]
  0x000001e0f74b0800 JavaThread "Daemon Thread 11" [_thread_blocked, id=3120, stack(0x00000056c0200000,0x00000056c0300000)]
  0x000001e0f74ae000 JavaThread "Handler for socket connection from /127.0.0.1:49904 to /127.0.0.1:52329" [_thread_in_native, id=9792, stack(0x00000056c0300000,0x00000056c0400000)]
  0x000001e0f74b2000 JavaThread "Cancel handler" [_thread_blocked, id=9152, stack(0x00000056c1a00000,0x00000056c1b00000)]
  0x000001e0f74b1800 JavaThread "Daemon worker Thread 11" [_thread_in_vm, id=10720, stack(0x00000056c1b00000,0x00000056c1c00000)]
  0x000001e0f74b4800 JavaThread "Asynchronous log dispatcher for DefaultDaemonConnection: socket connection from /127.0.0.1:49904 to /127.0.0.1:52329" [_thread_blocked, id=10724, stack(0x00000056c1c00000,0x00000056c1d00000)]
  0x000001e0f74af000 JavaThread "Stdin handler" [_thread_blocked, id=10780, stack(0x00000056c1d00000,0x00000056c1e00000)]
  0x000001e0f74b9800 JavaThread "Daemon client event forwarder" [_thread_in_native, id=7008, stack(0x00000056c1e00000,0x00000056c1f00000)]
  0x000001e0f74b8000 JavaThread "Cache worker for file hash cache (C:\Users\HP\AndroidStudioProjects\QuizzerExtended\QuizzerClass\.gradle\7.0.2\fileHashes)" [_thread_blocked, id=9096, stack(0x00000056c2000000,0x00000056c2100000)]
  0x000001e0f74b7000 JavaThread "Cache worker for checksums cache (C:\Users\HP\AndroidStudioProjects\QuizzerExtended\QuizzerClass\.gradle\checksums)" [_thread_blocked, id=4528, stack(0x00000056c2100000,0x00000056c2200000)]
  0x000001e0f74bc000 JavaThread "Cache worker for cache directory md-supplier (C:\Users\HP\.gradle\wrapper\dists\gradle-2.14.1-all\caches\7.0.2\md-supplier)" [_thread_blocked, id=8660, stack(0x00000056c2500000,0x00000056c2600000)]
  0x000001e0f74b8800 JavaThread "Cache worker for cache directory md-rule (C:\Users\HP\.gradle\wrapper\dists\gradle-2.14.1-all\caches\7.0.2\md-rule)" [_thread_blocked, id=10752, stack(0x00000056c2600000,0x00000056c2700000)]
=>0x000001e0f74ba800 JavaThread "C2 CompilerThread1" daemon [_thread_in_native, id=2052, stack(0x00000056c2900000,0x00000056c2a00000)]
  0x000001e0f74bb000 JavaThread "Cache worker for dependencies-accessors (C:\Users\HP\AndroidStudioProjects\QuizzerExtended\QuizzerClass\.gradle\7.0.2\dependencies-accessors)" [_thread_blocked, id=7188, stack(0x00000056c2a00000,0x00000056c2b00000)]
  0x000001e0f8c81800 JavaThread "Cache worker for Build Output Cleanup Cache (C:\Users\HP\AndroidStudioProjects\QuizzerExtended\QuizzerClass\.gradle\buildOutputCleanup)" [_thread_blocked, id=7480, stack(0x00000056c2c00000,0x00000056c2d00000)]
  0x000001e0f8c80000 JavaThread "Build operations" [_thread_blocked, id=10060, stack(0x00000056c3000000,0x00000056c3100000)]
  0x000001e0f8c7b800 JavaThread "Build operations Thread 2" [_thread_blocked, id=2840, stack(0x00000056c3200000,0x00000056c3300000)]
  0x000001e0f8c7e000 JavaThread "Build operations Thread 3" [_thread_blocked, id=10788, stack(0x00000056c3300000,0x00000056c3400000)]
  0x000001e0f8c80800 JavaThread "Build operations Thread 4" [_thread_blocked, id=9756, stack(0x00000056c3400000,0x00000056c3500000)]

Other Threads:
  0x000001e0f0960000 VMThread "VM Thread" [stack: 0x00000056c0a00000,0x00000056c0b00000] [id=1628]
  0x000001e0f148f800 WatcherThread [stack: 0x00000056c1400000,0x00000056c1500000] [id=884]
  0x000001e0d7961800 GCTaskThread "GC Thread#0" [stack: 0x00000056c0500000,0x00000056c0600000] [id=3612]
  0x000001e0f1776800 GCTaskThread "GC Thread#1" [stack: 0x00000056c1600000,0x00000056c1700000] [id=8584]
  0x000001e0f18c0800 GCTaskThread "GC Thread#2" [stack: 0x00000056c1700000,0x00000056c1800000] [id=2440]
  0x000001e0f321e000 GCTaskThread "GC Thread#3" [stack: 0x00000056c1f00000,0x00000056c2000000] [id=7224]
  0x000001e0d7987800 ConcurrentGCThread "G1 Main Marker" [stack: 0x00000056c0600000,0x00000056c0700000] [id=3712]
  0x000001e0d7988800 ConcurrentGCThread "G1 Conc#0" [stack: 0x00000056c0700000,0x00000056c0800000] [id=3708]
  0x000001e0d7a16800 ConcurrentGCThread "G1 Refine#0" [stack: 0x00000056c0800000,0x00000056c0900000] [id=1992]
  0x000001e0d7a17800 ConcurrentGCThread "G1 Young RemSet Sampling" [stack: 0x00000056c0900000,0x00000056c0a00000] [id=2468]

Threads with active compile tasks:
C2 CompilerThread06608177 24349       4       groovy.lang.MetaClassImpl::filterPropertyMethod (305 bytes)
C2 CompilerThread16608177 24345       4       groovy.lang.MetaClassImpl::checkIfStdMethod (178 bytes)

VM state:not at safepoint (normal execution)

VM Mutex/Monitor currently owned by a thread: None

Heap address: 0x00000000a0000000, size: 1536 MB, Compressed Oops mode: 32-bit
Narrow klass base: 0x0000000000000000, Narrow klass shift: 3
Compressed class space size: 1073741824 Address: 0x0000000100000000

Heap:
 garbage-first heap   total 157696K, used 115891K [0x00000000a0000000, 0x0000000100000000)
  region size 1024K, 30 young (30720K), 1 survivors (1024K)
 Metaspace       used 115481K, capacity 118839K, committed 119816K, reserved 1153024K
  class space    used 14303K, capacity 15563K, committed 15820K, reserved 1048576K
Heap Regions: E=young(eden), S=young(survivor), O=old, HS=humongous(starts), HC=humongous(continues), CS=collection set, F=free, A=archive, TAMS=top-at-mark-start (previous, next)
|   0|0x00000000a0000000, 0x00000000a0100000, 0x00000000a0100000|100%|HS|  |TAMS 0x00000000a0100000, 0x00000000a0000000| Complete 
|   1|0x00000000a0100000, 0x00000000a0200000, 0x00000000a0200000|100%|HC|  |TAMS 0x00000000a0200000, 0x00000000a0100000| Complete 
|   2|0x00000000a0200000, 0x00000000a0300000, 0x00000000a0300000|100%|HC|  |TAMS 0x00000000a0300000, 0x00000000a0200000| Complete 
|   3|0x00000000a0300000, 0x00000000a0400000, 0x00000000a0400000|100%| O|  |TAMS 0x00000000a0400000, 0x00000000a0300000| Untracked 
|   4|0x00000000a0400000, 0x00000000a0500000, 0x00000000a0500000|100%| O|  |TAMS 0x00000000a0500000, 0x00000000a0400000| Untracked 
|   5|0x00000000a0500000, 0x00000000a0600000, 0x00000000a0600000|100%| O|  |TAMS 0x00000000a0600000, 0x00000000a0500000| Untracked 
|   6|0x00000000a0600000, 0x00000000a0700000, 0x00000000a0700000|100%| O|  |TAMS 0x00000000a0600000, 0x00000000a0600000| Untracked 
|   7|0x00000000a0700000, 0x00000000a0800000, 0x00000000a0800000|100%| O|  |TAMS 0x00000000a0800000, 0x00000000a0700000| Untracked 
|   8|0x00000000a0800000, 0x00000000a0900000, 0x00000000a0900000|100%| O|  |TAMS 0x00000000a0900000, 0x00000000a0800000| Untracked 
|   9|0x00000000a0900000, 0x00000000a0a00000, 0x00000000a0a00000|100%| O|  |TAMS 0x00000000a0a00000, 0x00000000a0900000| Untracked 
|  10|0x00000000a0a00000, 0x00000000a0b00000, 0x00000000a0b00000|100%| O|  |TAMS 0x00000000a0b00000, 0x00000000a0a00000| Untracked 
|  11|0x00000000a0b00000, 0x00000000a0c00000, 0x00000000a0c00000|100%| O|  |TAMS 0x00000000a0c00000, 0x00000000a0b00000| Untracked 
|  12|0x00000000a0c00000, 0x00000000a0d00000, 0x00000000a0d00000|100%| O|  |TAMS 0x00000000a0d00000, 0x00000000a0c00000| Untracked 
|  13|0x00000000a0d00000, 0x00000000a0e00000, 0x00000000a0e00000|100%| O|  |TAMS 0x00000000a0e00000, 0x00000000a0d00000| Untracked 
|  14|0x00000000a0e00000, 0x00000000a0f00000, 0x00000000a0f00000|100%| O|  |TAMS 0x00000000a0f00000, 0x00000000a0e00000| Untracked 
|  15|0x00000000a0f00000, 0x00000000a1000000, 0x00000000a1000000|100%| O|  |TAMS 0x00000000a1000000, 0x00000000a0f00000| Untracked 
|  16|0x00000000a1000000, 0x00000000a1100000, 0x00000000a1100000|100%|HS|  |TAMS 0x00000000a1100000, 0x00000000a1000000| Complete 
|  17|0x00000000a1100000, 0x00000000a1200000, 0x00000000a1200000|100%| O|  |TAMS 0x00000000a1200000, 0x00000000a1100000| Untracked 
|  18|0x00000000a1200000, 0x00000000a1300000, 0x00000000a1300000|100%| O|  |TAMS 0x00000000a1300000, 0x00000000a1200000| Untracked 
|  19|0x00000000a1300000, 0x00000000a1400000, 0x00000000a1400000|100%| O|  |TAMS 0x00000000a1400000, 0x00000000a1300000| Untracked 
|  20|0x00000000a1400000, 0x00000000a1500000, 0x00000000a1500000|100%| O|  |TAMS 0x00000000a1500000, 0x00000000a1400000| Untracked 
|  21|0x00000000a1500000, 0x00000000a1600000, 0x00000000a1600000|100%| O|  |TAMS 0x00000000a1600000, 0x00000000a1500000| Untracked 
|  22|0x00000000a1600000, 0x00000000a1700000, 0x00000000a1700000|100%| O|  |TAMS 0x00000000a1700000, 0x00000000a1600000| Untracked 
|  23|0x00000000a1700000, 0x00000000a1800000, 0x00000000a1800000|100%|HS|  |TAMS 0x00000000a1800000, 0x00000000a1700000| Complete 
|  24|0x00000000a1800000, 0x00000000a1900000, 0x00000000a1900000|100%|HS|  |TAMS 0x00000000a1900000, 0x00000000a1800000| Complete 
|  25|0x00000000a1900000, 0x00000000a1a00000, 0x00000000a1a00000|100%|HC|  |TAMS 0x00000000a1a00000, 0x00000000a1900000| Complete 
|  26|0x00000000a1a00000, 0x00000000a1b00000, 0x00000000a1b00000|100%| O|  |TAMS 0x00000000a1b00000, 0x00000000a1a00000| Untracked 
|  27|0x00000000a1b00000, 0x00000000a1c00000, 0x00000000a1c00000|100%| O|  |TAMS 0x00000000a1c00000, 0x00000000a1b00000| Untracked 
|  28|0x00000000a1c00000, 0x00000000a1d00000, 0x00000000a1d00000|100%| O|  |TAMS 0x00000000a1c00000, 0x00000000a1c00000| Untracked 
|  29|0x00000000a1d00000, 0x00000000a1e00000, 0x00000000a1e00000|100%| O|  |TAMS 0x00000000a1e00000, 0x00000000a1d00000| Untracked 
|  30|0x00000000a1e00000, 0x00000000a1f00000, 0x00000000a1f00000|100%| O|  |TAMS 0x00000000a1f00000, 0x00000000a1e00000| Untracked 
|  31|0x00000000a1f00000, 0x00000000a2000000, 0x00000000a2000000|100%| O|  |TAMS 0x00000000a2000000, 0x00000000a1f00000| Untracked 
|  32|0x00000000a2000000, 0x00000000a2100000, 0x00000000a2100000|100%| O|  |TAMS 0x00000000a2100000, 0x00000000a2000000| Untracked 
|  33|0x00000000a2100000, 0x00000000a2200000, 0x00000000a2200000|100%| O|  |TAMS 0x00000000a2200000, 0x00000000a2100000| Untracked 
|  34|0x00000000a2200000, 0x00000000a2300000, 0x00000000a2300000|100%| O|  |TAMS 0x00000000a2300000, 0x00000000a2200000| Untracked 
|  35|0x00000000a2300000, 0x00000000a2300000, 0x00000000a2400000|  0%| F|  |TAMS 0x00000000a2300000, 0x00000000a2300000| Untracked 
|  36|0x00000000a2400000, 0x00000000a2500000, 0x00000000a2500000|100%| O|  |TAMS 0x00000000a2500000, 0x00000000a2400000| Untracked 
|  37|0x00000000a2500000, 0x00000000a2500000, 0x00000000a2600000|  0%| F|  |TAMS 0x00000000a2500000, 0x00000000a2500000| Untracked 
|  38|0x00000000a2600000, 0x00000000a2700000, 0x00000000a2700000|100%| O|  |TAMS 0x00000000a2687800, 0x00000000a2600000| Untracked 
|  39|0x00000000a2700000, 0x00000000a2800000, 0x00000000a2800000|100%| O|  |TAMS 0x00000000a2700000, 0x00000000a2700000| Untracked 
|  40|0x00000000a2800000, 0x00000000a2900000, 0x00000000a2900000|100%| O|  |TAMS 0x00000000a2900000, 0x00000000a2800000| Untracked 
|  41|0x00000000a2900000, 0x00000000a2a00000, 0x00000000a2a00000|100%| O|  |TAMS 0x00000000a2a00000, 0x00000000a2900000| Untracked 
|  42|0x00000000a2a00000, 0x00000000a2af0000, 0x00000000a2b00000| 93%| O|  |TAMS 0x00000000a2a00000, 0x00000000a2a00000| Untracked 
|  43|0x00000000a2b00000, 0x00000000a2c00000, 0x00000000a2c00000|100%| O|  |TAMS 0x00000000a2c00000, 0x00000000a2b00000| Untracked 
|  44|0x00000000a2c00000, 0x00000000a2d00000, 0x00000000a2d00000|100%| O|  |TAMS 0x00000000a2d00000, 0x00000000a2c00000| Untracked 
|  45|0x00000000a2d00000, 0x00000000a2d00000, 0x00000000a2e00000|  0%| F|  |TAMS 0x00000000a2d00000, 0x00000000a2d00000| Untracked 
|  46|0x00000000a2e00000, 0x00000000a2e00000, 0x00000000a2f00000|  0%| F|  |TAMS 0x00000000a2e00000, 0x00000000a2e00000| Untracked 
|  47|0x00000000a2f00000, 0x00000000a3000000, 0x00000000a3000000|100%| O|  |TAMS 0x00000000a3000000, 0x00000000a2f00000| Untracked 
|  48|0x00000000a3000000, 0x00000000a3100000, 0x00000000a3100000|100%| O|  |TAMS 0x00000000a3100000, 0x00000000a3000000| Untracked 
|  49|0x00000000a3100000, 0x00000000a3100000, 0x00000000a3200000|  0%| F|  |TAMS 0x00000000a3100000, 0x00000000a3100000| Untracked 
|  50|0x00000000a3200000, 0x00000000a3200000, 0x00000000a3300000|  0%| F|  |TAMS 0x00000000a3200000, 0x00000000a3200000| Untracked 
|  51|0x00000000a3300000, 0x00000000a3400000, 0x00000000a3400000|100%| O|  |TAMS 0x00000000a3400000, 0x00000000a3300000| Untracked 
|  52|0x00000000a3400000, 0x00000000a3400000, 0x00000000a3500000|  0%| F|  |TAMS 0x00000000a3400000, 0x00000000a3400000| Untracked 
|  53|0x00000000a3500000, 0x00000000a3600000, 0x00000000a3600000|100%| O|  |TAMS 0x00000000a3600000, 0x00000000a3500000| Untracked 
|  54|0x00000000a3600000, 0x00000000a3600000, 0x00000000a3700000|  0%| F|  |TAMS 0x00000000a3600000, 0x00000000a3600000| Untracked 
|  55|0x00000000a3700000, 0x00000000a3700000, 0x00000000a3800000|  0%| F|  |TAMS 0x00000000a3700000, 0x00000000a3700000| Untracked 
|  56|0x00000000a3800000, 0x00000000a3900000, 0x00000000a3900000|100%| O|  |TAMS 0x00000000a3900000, 0x00000000a3800000| Untracked 
|  57|0x00000000a3900000, 0x00000000a3a00000, 0x00000000a3a00000|100%| O|  |TAMS 0x00000000a3a00000, 0x00000000a3900000| Untracked 
|  58|0x00000000a3a00000, 0x00000000a3b00000, 0x00000000a3b00000|100%| O|  |TAMS 0x00000000a3b00000, 0x00000000a3a00000| Untracked 
|  59|0x00000000a3b00000, 0x00000000a3b00000, 0x00000000a3c00000|  0%| F|  |TAMS 0x00000000a3b00000, 0x00000000a3b00000| Untracked 
|  60|0x00000000a3c00000, 0x00000000a3c00000, 0x00000000a3d00000|  0%| F|  |TAMS 0x00000000a3c00000, 0x00000000a3c00000| Untracked 
|  61|0x00000000a3d00000, 0x00000000a3d00000, 0x00000000a3e00000|  0%| F|  |TAMS 0x00000000a3d00000, 0x00000000a3d00000| Untracked 
|  62|0x00000000a3e00000, 0x00000000a3e00000, 0x00000000a3f00000|  0%| F|  |TAMS 0x00000000a3e00000, 0x00000000a3e00000| Untracked 
|  63|0x00000000a3f00000, 0x00000000a4000000, 0x00000000a4000000|100%| O|  |TAMS 0x00000000a4000000, 0x00000000a3f00000| Untracked 
|  64|0x00000000a4000000, 0x00000000a4000000, 0x00000000a4100000|  0%| F|  |TAMS 0x00000000a4000000, 0x00000000a4000000| Untracked 
|  65|0x00000000a4100000, 0x00000000a4200000, 0x00000000a4200000|100%| O|  |TAMS 0x00000000a4200000, 0x00000000a4100000| Untracked 
|  66|0x00000000a4200000, 0x00000000a4300000, 0x00000000a4300000|100%| O|  |TAMS 0x00000000a4300000, 0x00000000a4200000| Untracked 
|  67|0x00000000a4300000, 0x00000000a4400000, 0x00000000a4400000|100%| O|  |TAMS 0x00000000a4400000, 0x00000000a4300000| Untracked 
|  68|0x00000000a4400000, 0x00000000a4500000, 0x00000000a4500000|100%| O|  |TAMS 0x00000000a4500000, 0x00000000a4400000| Untracked 
|  69|0x00000000a4500000, 0x00000000a4600000, 0x00000000a4600000|100%| O|  |TAMS 0x00000000a4600000, 0x00000000a4500000| Untracked 
|  70|0x00000000a4600000, 0x00000000a4700000, 0x00000000a4700000|100%| O|  |TAMS 0x00000000a4700000, 0x00000000a4600000| Untracked 
|  71|0x00000000a4700000, 0x00000000a4800000, 0x00000000a4800000|100%| O|  |TAMS 0x00000000a4800000, 0x00000000a4700000| Untracked 
|  72|0x00000000a4800000, 0x00000000a4900000, 0x00000000a4900000|100%| O|  |TAMS 0x00000000a4900000, 0x00000000a4800000| Untracked 
|  73|0x00000000a4900000, 0x00000000a4a00000, 0x00000000a4a00000|100%| O|  |TAMS 0x00000000a4a00000, 0x00000000a4900000| Untracked 
|  74|0x00000000a4a00000, 0x00000000a4a00000, 0x00000000a4b00000|  0%| F|  |TAMS 0x00000000a4a00000, 0x00000000a4a00000| Untracked 
|  75|0x00000000a4b00000, 0x00000000a4c00000, 0x00000000a4c00000|100%| O|  |TAMS 0x00000000a4c00000, 0x00000000a4b00000| Untracked 
|  76|0x00000000a4c00000, 0x00000000a4d00000, 0x00000000a4d00000|100%| O|  |TAMS 0x00000000a4d00000, 0x00000000a4c00000| Untracked 
|  77|0x00000000a4d00000, 0x00000000a4e00000, 0x00000000a4e00000|100%| O|  |TAMS 0x00000000a4e00000, 0x00000000a4d00000| Untracked 
|  78|0x00000000a4e00000, 0x00000000a4e00000, 0x00000000a4f00000|  0%| F|  |TAMS 0x00000000a4e00000, 0x00000000a4e00000| Untracked 
|  79|0x00000000a4f00000, 0x00000000a4f00000, 0x00000000a5000000|  0%| F|  |TAMS 0x00000000a4f00000, 0x00000000a4f00000| Untracked 
|  80|0x00000000a5000000, 0x00000000a5100000, 0x00000000a5100000|100%| O|  |TAMS 0x00000000a5100000, 0x00000000a5000000| Untracked 
|  81|0x00000000a5100000, 0x00000000a5100000, 0x00000000a5200000|  0%| F|  |TAMS 0x00000000a5100000, 0x00000000a5100000| Untracked 
|  82|0x00000000a5200000, 0x00000000a5200000, 0x00000000a5300000|  0%| F|  |TAMS 0x00000000a5200000, 0x00000000a5200000| Untracked 
|  83|0x00000000a5300000, 0x00000000a5300000, 0x00000000a5400000|  0%| F|  |TAMS 0x00000000a5300000, 0x00000000a5300000| Untracked 
|  84|0x00000000a5400000, 0x00000000a5400000, 0x00000000a5500000|  0%| F|  |TAMS 0x00000000a5400000, 0x00000000a5400000| Untracked 
|  85|0x00000000a5500000, 0x00000000a5500000, 0x00000000a5600000|  0%| F|  |TAMS 0x00000000a5500000, 0x00000000a5500000| Untracked 
|  86|0x00000000a5600000, 0x00000000a5700000, 0x00000000a5700000|100%| O|  |TAMS 0x00000000a5700000, 0x00000000a5600000| Untracked 
|  87|0x00000000a5700000, 0x00000000a5700000, 0x00000000a5800000|  0%| F|  |TAMS 0x00000000a5700000, 0x00000000a5700000| Untracked 
|  88|0x00000000a5800000, 0x00000000a5800000, 0x00000000a5900000|  0%| F|  |TAMS 0x00000000a5800000, 0x00000000a5800000| Untracked 
|  89|0x00000000a5900000, 0x00000000a5a00000, 0x00000000a5a00000|100%| O|  |TAMS 0x00000000a5a00000, 0x00000000a5900000| Untracked 
|  90|0x00000000a5a00000, 0x00000000a5a00000, 0x00000000a5b00000|  0%| F|  |TAMS 0x00000000a5a00000, 0x00000000a5a00000| Untracked 
|  91|0x00000000a5b00000, 0x00000000a5c00000, 0x00000000a5c00000|100%| O|  |TAMS 0x00000000a5c00000, 0x00000000a5b00000| Untracked 
|  92|0x00000000a5c00000, 0x00000000a5d00000, 0x00000000a5d00000|100%| O|  |TAMS 0x00000000a5d00000, 0x00000000a5c00000| Untracked 
|  93|0x00000000a5d00000, 0x00000000a5e00000, 0x00000000a5e00000|100%| O|  |TAMS 0x00000000a5e00000, 0x00000000a5d00000| Untracked 
|  94|0x00000000a5e00000, 0x00000000a5e00000, 0x00000000a5f00000|  0%| F|  |TAMS 0x00000000a5e00000, 0x00000000a5e00000| Untracked 
|  95|0x00000000a5f00000, 0x00000000a6000000, 0x00000000a6000000|100%| O|  |TAMS 0x00000000a6000000, 0x00000000a5f00000| Untracked 
|  96|0x00000000a6000000, 0x00000000a6100000, 0x00000000a6100000|100%| O|  |TAMS 0x00000000a6100000, 0x00000000a6000000| Untracked 
|  97|0x00000000a6100000, 0x00000000a6200000, 0x00000000a6200000|100%| O|  |TAMS 0x00000000a6200000, 0x00000000a6100000| Untracked 
|  98|0x00000000a6200000, 0x00000000a6300000, 0x00000000a6300000|100%| O|  |TAMS 0x00000000a6300000, 0x00000000a6200000| Untracked 
|  99|0x00000000a6300000, 0x00000000a6400000, 0x00000000a6400000|100%| O|  |TAMS 0x00000000a6400000, 0x00000000a6300000| Untracked 
| 100|0x00000000a6400000, 0x00000000a6500000, 0x00000000a6500000|100%| O|  |TAMS 0x00000000a6500000, 0x00000000a6400000| Untracked 
| 101|0x00000000a6500000, 0x00000000a6600000, 0x00000000a6600000|100%| O|  |TAMS 0x00000000a6600000, 0x00000000a6500000| Untracked 
| 102|0x00000000a6600000, 0x00000000a6700000, 0x00000000a6700000|100%| O|  |TAMS 0x00000000a6700000, 0x00000000a6600000| Untracked 
| 103|0x00000000a6700000, 0x00000000a6800000, 0x00000000a6800000|100%| O|  |TAMS 0x00000000a6800000, 0x00000000a6700000| Untracked 
| 104|0x00000000a6800000, 0x00000000a6800000, 0x00000000a6900000|  0%| F|  |TAMS 0x00000000a6800000, 0x00000000a6800000| Untracked 
| 105|0x00000000a6900000, 0x00000000a6900000, 0x00000000a6a00000|  0%| F|  |TAMS 0x00000000a6900000, 0x00000000a6900000| Untracked 
| 106|0x00000000a6a00000, 0x00000000a6a00000, 0x00000000a6b00000|  0%| F|  |TAMS 0x00000000a6a00000, 0x00000000a6a00000| Untracked 
| 107|0x00000000a6b00000, 0x00000000a6b00000, 0x00000000a6c00000|  0%| F|  |TAMS 0x00000000a6b00000, 0x00000000a6b00000| Untracked 
| 108|0x00000000a6c00000, 0x00000000a6c00000, 0x00000000a6d00000|  0%| F|  |TAMS 0x00000000a6c00000, 0x00000000a6c00000| Untracked 
| 109|0x00000000a6d00000, 0x00000000a6d00000, 0x00000000a6e00000|  0%| F|  |TAMS 0x00000000a6d00000, 0x00000000a6d00000| Untracked 
| 110|0x00000000a6e00000, 0x00000000a6f00000, 0x00000000a6f00000|100%| O|  |TAMS 0x00000000a6f00000, 0x00000000a6e00000| Untracked 
| 111|0x00000000a6f00000, 0x00000000a6f00000, 0x00000000a7000000|  0%| F|  |TAMS 0x00000000a6f00000, 0x00000000a6f00000| Untracked 
| 112|0x00000000a7000000, 0x00000000a7100000, 0x00000000a7100000|100%| O|  |TAMS 0x00000000a7100000, 0x00000000a7000000| Untracked 
| 113|0x00000000a7100000, 0x00000000a7200000, 0x00000000a7200000|100%| O|  |TAMS 0x00000000a7200000, 0x00000000a7100000| Untracked 
| 114|0x00000000a7200000, 0x00000000a7200000, 0x00000000a7300000|  0%| F|  |TAMS 0x00000000a7200000, 0x00000000a7200000| Untracked 
| 115|0x00000000a7300000, 0x00000000a7300000, 0x00000000a7400000|  0%| F|  |TAMS 0x00000000a7300000, 0x00000000a7300000| Untracked 
| 116|0x00000000a7400000, 0x00000000a7400000, 0x00000000a7500000|  0%| F|  |TAMS 0x00000000a7400000, 0x00000000a7400000| Untracked 
| 117|0x00000000a7500000, 0x00000000a7500000, 0x00000000a7600000|  0%| F|  |TAMS 0x00000000a7500000, 0x00000000a7500000| Untracked 
| 118|0x00000000a7600000, 0x00000000a7700000, 0x00000000a7700000|100%| O|  |TAMS 0x00000000a7700000, 0x00000000a7600000| Untracked 
| 119|0x00000000a7700000, 0x00000000a7800000, 0x00000000a7800000|100%| O|  |TAMS 0x00000000a7800000, 0x00000000a7700000| Untracked 
| 120|0x00000000a7800000, 0x00000000a7800000, 0x00000000a7900000|  0%| F|  |TAMS 0x00000000a7800000, 0x00000000a7800000| Untracked 
| 121|0x00000000a7900000, 0x00000000a7a00000, 0x00000000a7a00000|100%| O|  |TAMS 0x00000000a7a00000, 0x00000000a7900000| Untracked 
| 122|0x00000000a7a00000, 0x00000000a7b00000, 0x00000000a7b00000|100%| O|  |TAMS 0x00000000a7b00000, 0x00000000a7a00000| Untracked 
| 123|0x00000000a7b00000, 0x00000000a7bf4538, 0x00000000a7c00000| 95%| E|  |TAMS 0x00000000a7b00000, 0x00000000a7b00000| Complete 
| 124|0x00000000a7c00000, 0x00000000a7d00000, 0x00000000a7d00000|100%| E|CS|TAMS 0x00000000a7c00000, 0x00000000a7c00000| Complete 
| 125|0x00000000a7d00000, 0x00000000a7e00000, 0x00000000a7e00000|100%| E|CS|TAMS 0x00000000a7d00000, 0x00000000a7d00000| Complete 
| 126|0x00000000a7e00000, 0x00000000a7f00000, 0x00000000a7f00000|100%| E|CS|TAMS 0x00000000a7e00000, 0x00000000a7e00000| Complete 
| 127|0x00000000a7f00000, 0x00000000a8000000, 0x00000000a8000000|100%| E|CS|TAMS 0x00000000a7f00000, 0x00000000a7f00000| Complete 
| 128|0x00000000a8000000, 0x00000000a8100000, 0x00000000a8100000|100%| E|CS|TAMS 0x00000000a8000000, 0x00000000a8000000| Complete 
| 129|0x00000000a8100000, 0x00000000a8200000, 0x00000000a8200000|100%| E|  |TAMS 0x00000000a8100000, 0x00000000a8100000| Complete 
| 130|0x00000000a8200000, 0x00000000a8300000, 0x00000000a8300000|100%| E|CS|TAMS 0x00000000a8200000, 0x00000000a8200000| Complete 
| 131|0x00000000a8300000, 0x00000000a8400000, 0x00000000a8400000|100%| E|CS|TAMS 0x00000000a8300000, 0x00000000a8300000| Complete 
| 132|0x00000000a8400000, 0x00000000a8500000, 0x00000000a8500000|100%| E|CS|TAMS 0x00000000a8400000, 0x00000000a8400000| Complete 
| 133|0x00000000a8500000, 0x00000000a8600000, 0x00000000a8600000|100%| E|CS|TAMS 0x00000000a8500000, 0x00000000a8500000| Complete 
| 134|0x00000000a8600000, 0x00000000a8700000, 0x00000000a8700000|100%| O|  |TAMS 0x00000000a8700000, 0x00000000a8600000| Untracked 
| 135|0x00000000a8700000, 0x00000000a8800000, 0x00000000a8800000|100%| E|CS|TAMS 0x00000000a8700000, 0x00000000a8700000| Complete 
| 136|0x00000000a8800000, 0x00000000a8900000, 0x00000000a8900000|100%| E|CS|TAMS 0x00000000a8800000, 0x00000000a8800000| Complete 
| 137|0x00000000a8900000, 0x00000000a8a00000, 0x00000000a8a00000|100%| E|CS|TAMS 0x00000000a8900000, 0x00000000a8900000| Complete 
| 138|0x00000000a8a00000, 0x00000000a8b00000, 0x00000000a8b00000|100%| E|CS|TAMS 0x00000000a8a00000, 0x00000000a8a00000| Complete 
| 139|0x00000000a8b00000, 0x00000000a8c00000, 0x00000000a8c00000|100%| E|CS|TAMS 0x00000000a8b00000, 0x00000000a8b00000| Complete 
| 140|0x00000000a8c00000, 0x00000000a8d00000, 0x00000000a8d00000|100%| E|CS|TAMS 0x00000000a8c00000, 0x00000000a8c00000| Complete 
| 141|0x00000000a8d00000, 0x00000000a8e00000, 0x00000000a8e00000|100%| E|CS|TAMS 0x00000000a8d00000, 0x00000000a8d00000| Complete 
| 142|0x00000000a8e00000, 0x00000000a8f00000, 0x00000000a8f00000|100%| E|CS|TAMS 0x00000000a8e00000, 0x00000000a8e00000| Complete 
| 143|0x00000000a8f00000, 0x00000000a9000000, 0x00000000a9000000|100%| E|CS|TAMS 0x00000000a8f00000, 0x00000000a8f00000| Complete 
| 144|0x00000000a9000000, 0x00000000a9100000, 0x00000000a9100000|100%| E|CS|TAMS 0x00000000a9000000, 0x00000000a9000000| Complete 
| 145|0x00000000a9100000, 0x00000000a9200000, 0x00000000a9200000|100%| E|CS|TAMS 0x00000000a9100000, 0x00000000a9100000| Complete 
| 146|0x00000000a9200000, 0x00000000a9300000, 0x00000000a9300000|100%| E|CS|TAMS 0x00000000a9200000, 0x00000000a9200000| Complete 
| 147|0x00000000a9300000, 0x00000000a933cd90, 0x00000000a9400000| 23%| S|CS|TAMS 0x00000000a9300000, 0x00000000a9300000| Complete 
| 148|0x00000000a9400000, 0x00000000a9500000, 0x00000000a9500000|100%| E|CS|TAMS 0x00000000a9400000, 0x00000000a9400000| Complete 
| 149|0x00000000a9500000, 0x00000000a9600000, 0x00000000a9600000|100%| E|CS|TAMS 0x00000000a9500000, 0x00000000a9500000| Complete 
| 150|0x00000000a9600000, 0x00000000a9700000, 0x00000000a9700000|100%| E|CS|TAMS 0x00000000a9600000, 0x00000000a9600000| Complete 
| 151|0x00000000a9700000, 0x00000000a9800000, 0x00000000a9800000|100%| E|CS|TAMS 0x00000000a9700000, 0x00000000a9700000| Complete 
| 152|0x00000000a9800000, 0x00000000a9900000, 0x00000000a9900000|100%| E|CS|TAMS 0x00000000a9800000, 0x00000000a9800000| Complete 
| 153|0x00000000a9900000, 0x00000000a9a00000, 0x00000000a9a00000|100%| E|CS|TAMS 0x00000000a9900000, 0x00000000a9900000| Complete 

Card table byte_map: [0x000001e0ead60000,0x000001e0eb060000] _byte_map_base: 0x000001e0ea860000

Marking Bits (Prev, Next): (CMBitMap*) 0x000001e0d7980840, (CMBitMap*) 0x000001e0d7980808
 Prev Bits: [0x000001e0ecb60000, 0x000001e0ee360000)
 Next Bits: [0x000001e0eb360000, 0x000001e0ecb60000)

Polling page: 0x000001e0d5f70000

Metaspace:

Usage:
  Non-class:    100.86 MB capacity,    98.81 MB ( 98%) used,     1.64 MB (  2%) free+waste,   416.69 KB ( <1%) overhead. 
      Class:     15.20 MB capacity,    13.97 MB ( 92%) used,     1.06 MB (  7%) free+waste,   176.75 KB (  1%) overhead. 
       Both:    116.05 MB capacity,   112.78 MB ( 97%) used,     2.70 MB (  2%) free+waste,   593.44 KB ( <1%) overhead. 

Virtual space:
  Non-class space:      102.00 MB reserved,     101.56 MB (>99%) committed 
      Class space:        1.00 GB reserved,      15.45 MB (  2%) committed 
             Both:        1.10 GB reserved,     117.01 MB ( 10%) committed 

Chunk freelists:
   Non-Class:  592.00 KB
       Class:  145.00 KB
        Both:  737.00 KB

MaxMetaspaceSize: 17179869184.00 GB
CompressedClassSpaceSize: 1.00 GB

CodeHeap 'non-profiled nmethods': size=120064Kb used=16630Kb max_used=17150Kb free=103433Kb
 bounds [0x000001e0e2f00000, 0x000001e0e3fd0000, 0x000001e0ea440000]
CodeHeap 'profiled nmethods': size=120000Kb used=52269Kb max_used=54322Kb free=67730Kb
 bounds [0x000001e0db9d0000, 0x000001e0def00000, 0x000001e0e2f00000]
CodeHeap 'non-nmethods': size=5696Kb used=2335Kb max_used=2396Kb free=3361Kb
 bounds [0x000001e0db440000, 0x000001e0db6b0000, 0x000001e0db9d0000]
 total_blobs=22818 nmethods=21871 adapters=855
 compilation: enabled
              stopped_count=0, restarted_count=0
 full_count=0

Compilation events (20 events):
Event: 6607.739 Thread 0x000001e0f09dd800 24378       3       java.lang.invoke.LambdaFormBuffer::replaceName (124 bytes)
Event: 6607.740 Thread 0x000001e0f09dd800 nmethod 24378 0x000001e0dbbdff10 code [0x000001e0dbbe00e0, 0x000001e0dbbe0288]
Event: 6607.743 Thread 0x000001e0f09dd800 24379       3       java.lang.invoke.LambdaForm$MH/0x0000000100093040::invoke (25 bytes)
Event: 6607.744 Thread 0x000001e0f09dd800 nmethod 24379 0x000001e0dbcab790 code [0x000001e0dbcab960, 0x000001e0dbcabe78]
Event: 6607.744 Thread 0x000001e0f09dd800 24380       3       java.lang.invoke.DirectMethodHandle$Holder::invokeSpecial (15 bytes)
Event: 6607.744 Thread 0x000001e0f09dd800 nmethod 24380 0x000001e0dbcaaf90 code [0x000001e0dbcab160, 0x000001e0dbcab698]
Event: 6607.801 Thread 0x000001e0f09dd800 24381       3       com.google.common.base.Optional::of (12 bytes)
Event: 6607.801 Thread 0x000001e0f09dd800 nmethod 24381 0x000001e0dbcb4810 code [0x000001e0dbcb4a00, 0x000001e0dbcb4e08]
Event: 6607.880 Thread 0x000001e0f09dd800 24382       3       org.gradle.api.internal.artifacts.ivyservice.resolveengine.artifact.DefaultArtifactSet::createFromVariantMetadata (144 bytes)
Event: 6607.883 Thread 0x000001e0f09dd800 nmethod 24382 0x000001e0dbff3210 code [0x000001e0dbff3500, 0x000001e0dbff4778]
Event: 6607.883 Thread 0x000001e0f09dd800 24383       3       org.gradle.api.internal.artifacts.ivyservice.resolveengine.artifact.ResolvedArtifactsGraphVisitor$ArtifactsForNode::<init> (15 bytes)
Event: 6607.883 Thread 0x000001e0f09dd800 nmethod 24383 0x000001e0dbbe5090 code [0x000001e0dbbe5240, 0x000001e0dbbe53f8]
Event: 6607.998 Thread 0x000001e0f09dd800 24387       3       org.gradle.api.internal.DefaultDomainObjectCollection::whenObjectAdded (12 bytes)
Event: 6607.999 Thread 0x000001e0f09dd800 nmethod 24387 0x000001e0dbcecd90 code [0x000001e0dbcecfc0, 0x000001e0dbced698]
Event: 6608.040 Thread 0x000001e0f09dd800 24388       1       org.gradle.model.internal.registry.DefaultModelRegistry::access$200 (5 bytes)
Event: 6608.040 Thread 0x000001e0f09dd800 nmethod 24388 0x000001e0e333c490 code [0x000001e0e333c640, 0x000001e0e333c6d8]
Event: 6608.082 Thread 0x000001e0f09dd800 24389       3       groovyjarjarasm.asm.Type::<init> (26 bytes)
Event: 6608.082 Thread 0x000001e0f09dd800 nmethod 24389 0x000001e0dbc48190 code [0x000001e0dbc48340, 0x000001e0dbc484f8]
Event: 6608.086 Thread 0x000001e0f09dd800 24390       3       org.gradle.internal.Describables::quoted (10 bytes)
Event: 6608.086 Thread 0x000001e0f09dd800 nmethod 24390 0x000001e0dbce6110 code [0x000001e0dbce62e0, 0x000001e0dbce6658]

GC Heap History (20 events):
Event: 2338.978 GC heap before
{Heap before GC invocations=145 (full 0):
 garbage-first heap   total 157696K, used 126484K [0x00000000a0000000, 0x0000000100000000)
  region size 1024K, 25 young (25600K), 1 survivors (1024K)
 Metaspace       used 115795K, capacity 119497K, committed 119816K, reserved 1153024K
  class space    used 14386K, capacity 15708K, committed 15820K, reserved 1048576K
}
Event: 2338.995 GC heap after
{Heap after GC invocations=146 (full 0):
 garbage-first heap   total 157696K, used 110227K [0x00000000a0000000, 0x0000000100000000)
  region size 1024K, 4 young (4096K), 4 survivors (4096K)
 Metaspace       used 115795K, capacity 119497K, committed 119816K, reserved 1153024K
  class space    used 14386K, capacity 15708K, committed 15820K, reserved 1048576K
}
Event: 2339.419 GC heap before
{Heap before GC invocations=146 (full 0):
 garbage-first heap   total 157696K, used 129683K [0x00000000a0000000, 0x0000000100000000)
  region size 1024K, 23 young (23552K), 4 survivors (4096K)
 Metaspace       used 115808K, capacity 119562K, committed 119816K, reserved 1153024K
  class space    used 14386K, capacity 15708K, committed 15820K, reserved 1048576K
}
Event: 2339.437 GC heap after
{Heap after GC invocations=147 (full 0):
 garbage-first heap   total 157696K, used 114054K [0x00000000a0000000, 0x0000000100000000)
  region size 1024K, 3 young (3072K), 3 survivors (3072K)
 Metaspace       used 115808K, capacity 119562K, committed 119816K, reserved 1153024K
  class space    used 14386K, capacity 15708K, committed 15820K, reserved 1048576K
}
Event: 2340.070 GC heap before
{Heap before GC invocations=148 (full 0):
 garbage-first heap   total 157696K, used 129414K [0x00000000a0000000, 0x0000000100000000)
  region size 1024K, 19 young (19456K), 3 survivors (3072K)
 Metaspace       used 115819K, capacity 119562K, committed 119816K, reserved 1153024K
  class space    used 14386K, capacity 15708K, committed 15820K, reserved 1048576K
}
Event: 2340.090 GC heap after
{Heap after GC invocations=149 (full 0):
 garbage-first heap   total 157696K, used 115783K [0x00000000a0000000, 0x0000000100000000)
  region size 1024K, 2 young (2048K), 2 survivors (2048K)
 Metaspace       used 115819K, capacity 119562K, committed 119816K, reserved 1153024K
  class space    used 14386K, capacity 15708K, committed 15820K, reserved 1048576K
}
Event: 2340.145 GC heap before
{Heap before GC invocations=149 (full 0):
 garbage-first heap   total 157696K, used 120903K [0x00000000a0000000, 0x0000000100000000)
  region size 1024K, 7 young (7168K), 2 survivors (2048K)
 Metaspace       used 115824K, capacity 119562K, committed 119816K, reserved 1153024K
  class space    used 14386K, capacity 15708K, committed 15820K, reserved 1048576K
}
Event: 2340.185 GC heap after
{Heap after GC invocations=150 (full 0):
 garbage-first heap   total 157696K, used 107703K [0x00000000a0000000, 0x0000000100000000)
  region size 1024K, 1 young (1024K), 1 survivors (1024K)
 Metaspace       used 115824K, capacity 119562K, committed 119816K, reserved 1153024K
  class space    used 14386K, capacity 15708K, committed 15820K, reserved 1048576K
}
Event: 2340.848 GC heap before
{Heap before GC invocations=150 (full 0):
 garbage-first heap   total 157696K, used 126135K [0x00000000a0000000, 0x0000000100000000)
  region size 1024K, 20 young (20480K), 1 survivors (1024K)
 Metaspace       used 115858K, capacity 119565K, committed 119816K, reserved 1153024K
  class space    used 14386K, capacity 15708K, committed 15820K, reserved 1048576K
}
Event: 2340.857 GC heap after
{Heap after GC invocations=151 (full 0):
 garbage-first heap   total 157696K, used 107074K [0x00000000a0000000, 0x0000000100000000)
  region size 1024K, 1 young (1024K), 1 survivors (1024K)
 Metaspace       used 115858K, capacity 119565K, committed 119816K, reserved 1153024K
  class space    used 14386K, capacity 15708K, committed 15820K, reserved 1048576K
}
Event: 2912.148 GC heap before
{Heap before GC invocations=152 (full 0):
 garbage-first heap   total 157696K, used 149058K [0x00000000a0000000, 0x0000000100000000)
  region size 1024K, 21 young (21504K), 1 survivors (1024K)
 Metaspace       used 115890K, capacity 119565K, committed 119816K, reserved 1153024K
  class space    used 14386K, capacity 15708K, committed 15820K, reserved 1048576K
}
Event: 2912.158 GC heap after
{Heap after GC invocations=153 (full 0):
 garbage-first heap   total 157696K, used 106992K [0x00000000a0000000, 0x0000000100000000)
  region size 1024K, 1 young (1024K), 1 survivors (1024K)
 Metaspace       used 115890K, capacity 119565K, committed 119816K, reserved 1153024K
  class space    used 14386K, capacity 15708K, committed 15820K, reserved 1048576K
}
Event: 3187.150 GC heap before
{Heap before GC invocations=153 (full 0):
 garbage-first heap   total 157696K, used 113136K [0x00000000a0000000, 0x0000000100000000)
  region size 1024K, 7 young (7168K), 1 survivors (1024K)
 Metaspace       used 115890K, capacity 119565K, committed 119816K, reserved 1153024K
  class space    used 14386K, capacity 15708K, committed 15820K, reserved 1048576K
}
Event: 3187.177 GC heap after
{Heap after GC invocations=154 (full 0):
 garbage-first heap   total 157696K, used 90947K [0x00000000a0000000, 0x0000000100000000)
  region size 1024K, 1 young (1024K), 1 survivors (1024K)
 Metaspace       used 115890K, capacity 119565K, committed 119816K, reserved 1153024K
  class space    used 14386K, capacity 15708K, committed 15820K, reserved 1048576K
}
Event: 4574.306 GC heap before
{Heap before GC invocations=154 (full 0):
 garbage-first heap   total 157696K, used 120643K [0x00000000a0000000, 0x0000000100000000)
  region size 1024K, 30 young (30720K), 1 survivors (1024K)
 Metaspace       used 115901K, capacity 119565K, committed 119816K, reserved 1153024K
  class space    used 14386K, capacity 15708K, committed 15820K, reserved 1048576K
}
Event: 4574.315 GC heap after
{Heap after GC invocations=155 (full 0):
 garbage-first heap   total 157696K, used 90923K [0x00000000a0000000, 0x0000000100000000)
  region size 1024K, 1 young (1024K), 1 survivors (1024K)
 Metaspace       used 115901K, capacity 119565K, committed 119816K, reserved 1153024K
  class space    used 14386K, capacity 15708K, committed 15820K, reserved 1048576K
}
Event: 6059.295 GC heap before
{Heap before GC invocations=156 (full 0):
 garbage-first heap   total 157696K, used 122667K [0x00000000a0000000, 0x0000000100000000)
  region size 1024K, 32 young (32768K), 1 survivors (1024K)
 Metaspace       used 115244K, capacity 118537K, committed 119816K, reserved 1153024K
  class space    used 14266K, capacity 15495K, committed 15820K, reserved 1048576K
}
Event: 6059.303 GC heap after
{Heap after GC invocations=157 (full 0):
 garbage-first heap   total 157696K, used 90903K [0x00000000a0000000, 0x0000000100000000)
  region size 1024K, 1 young (1024K), 1 survivors (1024K)
 Metaspace       used 115244K, capacity 118537K, committed 119816K, reserved 1153024K
  class space    used 14266K, capacity 15495K, committed 15820K, reserved 1048576K
}
Event: 6344.597 GC heap before
{Heap before GC invocations=157 (full 0):
 garbage-first heap   total 157696K, used 97047K [0x00000000a0000000, 0x0000000100000000)
  region size 1024K, 7 young (7168K), 1 survivors (1024K)
 Metaspace       used 115244K, capacity 118537K, committed 119816K, reserved 1153024K
  class space    used 14266K, capacity 15495K, committed 15820K, reserved 1048576K
}
Event: 6344.631 GC heap after
{Heap after GC invocations=158 (full 0):
 garbage-first heap   total 157696K, used 88243K [0x00000000a0000000, 0x0000000100000000)
  region size 1024K, 1 young (1024K), 1 survivors (1024K)
 Metaspace       used 115244K, capacity 118537K, committed 119816K, reserved 1153024K
  class space    used 14266K, capacity 15495K, committed 15820K, reserved 1048576K
}

Deoptimization events (20 events):
Event: 6607.538 Thread 0x000001e0f74b1800 Uncommon trap: trap_request=0xffffff4d fr.pc=0x000001e0e31bfbf8 relative=0x0000000000000138
Event: 6607.538 Thread 0x000001e0f74b1800 Uncommon trap: reason=unstable_if action=reinterpret pc=0x000001e0e31bfbf8 method=java.lang.ref.SoftReference.get()Ljava/lang/Object; @ 6 c2
Event: 6607.538 Thread 0x000001e0f74b1800 DEOPT PACKING pc=0x000001e0e31bfbf8 sp=0x00000056c1bf9af0
Event: 6607.538 Thread 0x000001e0f74b1800 DEOPT UNPACKING pc=0x000001e0db4678af sp=0x00000056c1bf9a40 mode 2
Event: 6607.551 Thread 0x000001e0f74b1800 Uncommon trap: trap_request=0xffffff4d fr.pc=0x000001e0e30c6138 relative=0x0000000000001478
Event: 6607.552 Thread 0x000001e0f74b1800 Uncommon trap: reason=unstable_if action=reinterpret pc=0x000001e0e30c6138 method=java.lang.ref.SoftReference.get()Ljava/lang/Object; @ 6 c2
Event: 6607.552 Thread 0x000001e0f74b1800 DEOPT PACKING pc=0x000001e0e30c6138 sp=0x00000056c1bf9ae0
Event: 6607.552 Thread 0x000001e0f74b1800 DEOPT UNPACKING pc=0x000001e0db4678af sp=0x00000056c1bf9898 mode 2
Event: 6607.610 Thread 0x000001e0f74b1800 Uncommon trap: trap_request=0xffffff4d fr.pc=0x000001e0e3293438 relative=0x00000000000035f8
Event: 6607.610 Thread 0x000001e0f74b1800 Uncommon trap: reason=unstable_if action=reinterpret pc=0x000001e0e3293438 method=java.lang.ref.SoftReference.get()Ljava/lang/Object; @ 6 c2
Event: 6607.610 Thread 0x000001e0f74b1800 DEOPT PACKING pc=0x000001e0e3293438 sp=0x00000056c1bfb7f0
Event: 6607.611 Thread 0x000001e0f74b1800 DEOPT UNPACKING pc=0x000001e0db4678af sp=0x00000056c1bfb680 mode 2
Event: 6608.104 Thread 0x000001e0f74b1800 Uncommon trap: trap_request=0xffffff4d fr.pc=0x000001e0e2f79d34 relative=0x0000000000000ef4
Event: 6608.104 Thread 0x000001e0f74b1800 Uncommon trap: reason=unstable_if action=reinterpret pc=0x000001e0e2f79d34 method=java.lang.ref.SoftReference.get()Ljava/lang/Object; @ 6 c2
Event: 6608.104 Thread 0x000001e0f74b1800 DEOPT PACKING pc=0x000001e0e2f79d34 sp=0x00000056c1bf86d0
Event: 6608.105 Thread 0x000001e0f74b1800 DEOPT UNPACKING pc=0x000001e0db4678af sp=0x00000056c1bf84e8 mode 2
Event: 6608.106 Thread 0x000001e0f74b1800 Uncommon trap: trap_request=0xffffff4d fr.pc=0x000001e0e32592e0 relative=0x0000000000000600
Event: 6608.106 Thread 0x000001e0f74b1800 Uncommon trap: reason=unstable_if action=reinterpret pc=0x000001e0e32592e0 method=java.lang.ref.SoftReference.get()Ljava/lang/Object; @ 6 c2
Event: 6608.106 Thread 0x000001e0f74b1800 DEOPT PACKING pc=0x000001e0e32592e0 sp=0x00000056c1bf8650
Event: 6608.106 Thread 0x000001e0f74b1800 DEOPT UNPACKING pc=0x000001e0db4678af sp=0x00000056c1bf84d8 mode 2

Classes redefined (0 events):
No events

Internal exceptions (20 events):
Event: 6607.457 Thread 0x000001e0f74ae000 Implicit null exception at 0x000001e0e391b247 to 0x000001e0e391cf40
Event: 6607.460 Thread 0x000001e0f74ae000 Exception <a 'java/lang/NoSuchMethodError'{0x00000000a9208470}: <clinit>> (0x00000000a9208470) thrown at [./src/hotspot/share/prims/jni.cpp, line 1362]
Event: 6607.461 Thread 0x000001e0f74ae000 Exception <a 'java/lang/NoSuchMethodError'{0x00000000a9210c50}: <clinit>> (0x00000000a9210c50) thrown at [./src/hotspot/share/prims/jni.cpp, line 1362]
Event: 6607.462 Thread 0x000001e0f74ae000 Exception <a 'java/lang/NoSuchMethodError'{0x00000000a921a078}: <clinit>> (0x00000000a921a078) thrown at [./src/hotspot/share/prims/jni.cpp, line 1362]
Event: 6607.466 Thread 0x000001e0f74ae000 Exception <a 'java/lang/NoSuchMethodError'{0x00000000a9251c00}: <clinit>> (0x00000000a9251c00) thrown at [./src/hotspot/share/prims/jni.cpp, line 1362]
Event: 6607.471 Thread 0x000001e0f74ae000 Exception <a 'java/lang/NoSuchMethodError'{0x00000000a928d8f8}: <clinit>> (0x00000000a928d8f8) thrown at [./src/hotspot/share/prims/jni.cpp, line 1362]
Event: 6607.476 Thread 0x000001e0f74ae000 Exception <a 'java/lang/NoSuchMethodError'{0x00000000a92b8658}: <clinit>> (0x00000000a92b8658) thrown at [./src/hotspot/share/prims/jni.cpp, line 1362]
Event: 6607.489 Thread 0x000001e0f74b1800 Implicit null exception at 0x000001e0e30febcf to 0x000001e0e30fef6c
Event: 6607.536 Thread 0x000001e0f74b1800 Implicit null exception at 0x000001e0e32af0d5 to 0x000001e0e32af448
Event: 6607.538 Thread 0x000001e0f74b1800 Implicit null exception at 0x000001e0e31bfb1b to 0x000001e0e31bfbe4
Event: 6607.610 Thread 0x000001e0f74b1800 Implicit null exception at 0x000001e0e32900f4 to 0x000001e0e32933fc
Event: 6607.640 Thread 0x000001e0f74b9800 Exception <a 'java/lang/NoSuchMethodError'{0x00000000a9153558}: <clinit>> (0x00000000a9153558) thrown at [./src/hotspot/share/prims/jni.cpp, line 1362]
Event: 6607.640 Thread 0x000001e0f74b9800 Exception <a 'java/lang/NoSuchMethodError'{0x00000000a9154b48}: <clinit>> (0x00000000a9154b48) thrown at [./src/hotspot/share/prims/jni.cpp, line 1362]
Event: 6607.641 Thread 0x000001e0f74b9800 Exception <a 'java/lang/NoSuchMethodError'{0x00000000a9163648}: <clinit>> (0x00000000a9163648) thrown at [./src/hotspot/share/prims/jni.cpp, line 1362]
Event: 6607.641 Thread 0x000001e0f74b9800 Exception <a 'java/lang/NoSuchMethodError'{0x00000000a9165498}: <clinit>> (0x00000000a9165498) thrown at [./src/hotspot/share/prims/jni.cpp, line 1362]
Event: 6607.643 Thread 0x000001e0f74b9800 Exception <a 'java/lang/NoSuchMethodError'{0x00000000a8dffaf0}: <clinit>> (0x00000000a8dffaf0) thrown at [./src/hotspot/share/prims/jni.cpp, line 1362]
Event: 6607.720 Thread 0x000001e0f74b1800 Exception <a 'java/lang/NoSuchMethodError'{0x00000000a8ce0be8}: 'java.lang.Object java.lang.invoke.DelegatingMethodHandle$Holder.reinvoke_L(java.lang.Object, java.lang.Object, java.lang.Object, java.lang.Object, java.lang.Object, java.lang.Object, java.lang.Object, java.lang.Object, java.lang.Object, java.lang.Object, java.lang.Object, java.lang.Object, java.lang.Object, java.lang.Object, java.lang.Object, java.lang.Object, java.lang.Object, java.lang.Object, java.lang.Object, java.lang.Object, java.lang.O
Event: 6607.733 Thread 0x000001e0f74b1800 Exception <a 'java/lang/NoSuchMethodError'{0x00000000a8b44400}: 'java.lang.Object java.lang.invoke.DelegatingMethodHandle$Holder.reinvoke_L(java.lang.Object, java.lang.Object, java.lang.Object, java.lang.Object, java.lang.Object, java.lang.Object, java.lang.Object, java.lang.Object, java.lang.Object, java.lang.Object, java.lang.Object, java.lang.Object, java.lang.Object, java.lang.Object, java.lang.Object, java.lang.Object, java.lang.Object, java.lang.Object, java.lang.Object, java.lang.Object)'> (0x000000
Event: 6608.104 Thread 0x000001e0f74b1800 Implicit null exception at 0x000001e0e2f790e6 to 0x000001e0e2f79d14
Event: 6608.106 Thread 0x000001e0f74b1800 Implicit null exception at 0x000001e0e3258f37 to 0x000001e0e32592c4

Events (20 events):
Event: 6607.884 Thread 0x000001e0f8c80000 Thread added: 0x000001e0f8c80000
Event: 6607.884 Thread 0x000001e0f8c7b800 Thread added: 0x000001e0f8c7b800
Event: 6607.885 Thread 0x000001e0f8c7e000 Thread added: 0x000001e0f8c7e000
Event: 6607.885 Thread 0x000001e0f8c80800 Thread added: 0x000001e0f8c80800
Event: 6607.885 Executing VM operation: RevokeBias
Event: 6607.890 Executing VM operation: RevokeBias done
Event: 6607.979 loading class groovy/runtime/metaclass/build_etofvmibl9umgt7zifs47bimmMetaClass
Event: 6607.979 loading class groovy/runtime/metaclass/build_etofvmibl9umgt7zifs47bimmMetaClass done
Event: 6607.990 loading class groovy/runtime/metaclass/build_etofvmibl9umgt7zifs47bimm$_run_closure1MetaClass
Event: 6607.990 loading class groovy/runtime/metaclass/build_etofvmibl9umgt7zifs47bimm$_run_closure1MetaClass done
Event: 6607.994 loading class groovy/runtime/metaclass/build_etofvmibl9umgt7zifs47bimm$_run_closure1$_closure3MetaClass
Event: 6607.994 loading class groovy/runtime/metaclass/build_etofvmibl9umgt7zifs47bimm$_run_closure1$_closure3MetaClass done
Event: 6607.996 loading class groovy/runtime/metaclass/build_etofvmibl9umgt7zifs47bimm$_run_closure1$_closure3$_closure4MetaClass
Event: 6607.996 loading class groovy/runtime/metaclass/build_etofvmibl9umgt7zifs47bimm$_run_closure1$_closure3$_closure4MetaClass done
Event: 6608.000 loading class groovy/runtime/metaclass/build_etofvmibl9umgt7zifs47bimm$_run_closure2MetaClass
Event: 6608.000 loading class groovy/runtime/metaclass/build_etofvmibl9umgt7zifs47bimm$_run_closure2MetaClass done
Event: 6608.044 loading class groovy/runtime/metaclass/build_bog7cpgbpnbfi08gpqkc0r68eMetaClass
Event: 6608.044 loading class groovy/runtime/metaclass/build_bog7cpgbpnbfi08gpqkc0r68eMetaClass done
Event: 6608.083 loading class groovy/runtime/metaclass/org/gradle/api/internal/plugins/DefaultObjectConfigurationActionMetaClass
Event: 6608.083 loading class groovy/runtime/metaclass/org/gradle/api/internal/plugins/DefaultObjectConfigurationActionMetaClass done


Dynamic libraries:
0x00007ff70f620000 - 0x00007ff70f62a000 	C:\Program Files\Android\Android Studio\jre\bin\java.exe
0x00007ffad13f0000 - 0x00007ffad15e4000 	C:\WINDOWS\SYSTEM32\ntdll.dll
0x00007ffacfaa0000 - 0x00007ffacfb5d000 	C:\WINDOWS\System32\KERNEL32.DLL
0x00007ffaceb30000 - 0x00007ffacedf7000 	C:\WINDOWS\System32\KERNELBASE.dll
0x00007ffacf130000 - 0x00007ffacf230000 	C:\WINDOWS\System32\ucrtbase.dll
0x00007ffac4120000 - 0x00007ffac4137000 	C:\Program Files\Android\Android Studio\jre\bin\VCRUNTIME140.dll
0x00007ffac6400000 - 0x00007ffac6419000 	C:\Program Files\Android\Android Studio\jre\bin\jli.dll
0x00007ffad0fb0000 - 0x00007ffad1150000 	C:\WINDOWS\System32\USER32.dll
0x00007ffab7850000 - 0x00007ffab7aea000 	C:\WINDOWS\WinSxS\amd64_microsoft.windows.common-controls_6595b64144ccf1df_6.0.19041.1_none_b555e41d4684ddec\COMCTL32.dll
0x00007ffacf100000 - 0x00007ffacf122000 	C:\WINDOWS\System32\win32u.dll
0x00007ffad0da0000 - 0x00007ffad0e3e000 	C:\WINDOWS\System32\msvcrt.dll
0x00007ffad1360000 - 0x00007ffad138a000 	C:\WINDOWS\System32\GDI32.dll
0x00007ffacee00000 - 0x00007ffacef0a000 	C:\WINDOWS\System32\gdi32full.dll
0x00007ffacf300000 - 0x00007ffacf39d000 	C:\WINDOWS\System32\msvcp_win.dll
0x00007ffad0e40000 - 0x00007ffad0e70000 	C:\WINDOWS\System32\IMM32.DLL
0x00007ffaac8a0000 - 0x00007ffaac93d000 	C:\Program Files\Android\Android Studio\jre\bin\msvcp140.dll
0x00007ffa94170000 - 0x00007ffa94c3f000 	C:\Program Files\Android\Android Studio\jre\bin\server\jvm.dll
0x00007ffad0c00000 - 0x00007ffad0caa000 	C:\WINDOWS\System32\ADVAPI32.dll
0x00007ffacfb60000 - 0x00007ffacfbfb000 	C:\WINDOWS\System32\sechost.dll
0x00007ffad0e80000 - 0x00007ffad0fa3000 	C:\WINDOWS\System32\RPCRT4.dll
0x00007ffad0e70000 - 0x00007ffad0e78000 	C:\WINDOWS\System32\PSAPI.DLL
0x00007ffacbea0000 - 0x00007ffacbea9000 	C:\WINDOWS\SYSTEM32\WSOCK32.dll
0x00007ffac6bc0000 - 0x00007ffac6be7000 	C:\WINDOWS\SYSTEM32\WINMM.dll
0x00007ffac8720000 - 0x00007ffac872a000 	C:\WINDOWS\SYSTEM32\VERSION.dll
0x00007ffad09a0000 - 0x00007ffad0a0b000 	C:\WINDOWS\System32\WS2_32.dll
0x00007ffacd6e0000 - 0x00007ffacd6f3000 	C:\WINDOWS\SYSTEM32\kernel.appcore.dll
0x00007ffacbe80000 - 0x00007ffacbe91000 	C:\Program Files\Android\Android Studio\jre\bin\verify.dll
0x00007ffacd270000 - 0x00007ffacd454000 	C:\WINDOWS\SYSTEM32\DBGHELP.DLL
0x00007ffab3e80000 - 0x00007ffab3eac000 	C:\WINDOWS\SYSTEM32\dbgcore.DLL
0x00007ffacf230000 - 0x00007ffacf2af000 	C:\WINDOWS\System32\bcryptPrimitives.dll
0x00007ffacbbf0000 - 0x00007ffacbc19000 	C:\Program Files\Android\Android Studio\jre\bin\java.dll
0x00007ffacbe70000 - 0x00007ffacbe7b000 	C:\Program Files\Android\Android Studio\jre\bin\jimage.dll
0x00007ffacbb10000 - 0x00007ffacbb28000 	C:\Program Files\Android\Android Studio\jre\bin\zip.dll
0x00007ffad0130000 - 0x00007ffad0861000 	C:\WINDOWS\System32\SHELL32.dll
0x00007ffacc9b0000 - 0x00007ffacd13a000 	C:\WINDOWS\SYSTEM32\windows.storage.dll
0x00007ffacfcf0000 - 0x00007ffad0044000 	C:\WINDOWS\System32\combase.dll
0x00007fface4e0000 - 0x00007fface50b000 	C:\WINDOWS\SYSTEM32\Wldp.dll
0x00007ffad0af0000 - 0x00007ffad0b9e000 	C:\WINDOWS\System32\SHCORE.dll
0x00007ffad0ba0000 - 0x00007ffad0bf5000 	C:\WINDOWS\System32\shlwapi.dll
0x00007ffacea70000 - 0x00007ffacea8f000 	C:\WINDOWS\SYSTEM32\profapi.dll
0x00007ffacbaf0000 - 0x00007ffacbb0a000 	C:\Program Files\Android\Android Studio\jre\bin\net.dll
0x00007ffac8780000 - 0x00007ffac8882000 	C:\WINDOWS\SYSTEM32\WINHTTP.dll
0x00007fface260000 - 0x00007fface2ca000 	C:\WINDOWS\system32\mswsock.dll
0x00007ffac6c40000 - 0x00007ffac6c54000 	C:\Program Files\Android\Android Studio\jre\bin\nio.dll
0x00007ffac4250000 - 0x00007ffac4277000 	C:\Users\HP\.gradle\wrapper\dists\gradle-2.14.1-all\native\8bec1ad78214c89d9ad589b4d07fe93259594b29d510b10fafb7a158f7737e5d\windows-amd64\native-platform.dll
0x00007ffab5840000 - 0x00007ffab597d000 	C:\Users\HP\.gradle\wrapper\dists\gradle-2.14.1-all\native\53dbd7edfb1c66fb8903c78663c9afc45aea4f116125fa6feffd364cf09443e8\windows-amd64\native-platform-file-events.dll
0x00007ffacbe60000 - 0x00007ffacbe6a000 	C:\Program Files\Android\Android Studio\jre\bin\management.dll
0x00007ffacbae0000 - 0x00007ffacbaec000 	C:\Program Files\Android\Android Studio\jre\bin\management_ext.dll
0x00007fface430000 - 0x00007fface448000 	C:\WINDOWS\SYSTEM32\CRYPTSP.dll
0x00007ffacdbf0000 - 0x00007ffacdc24000 	C:\WINDOWS\system32\rsaenh.dll
0x00007ffacef70000 - 0x00007ffacef97000 	C:\WINDOWS\System32\bcrypt.dll
0x00007fface9f0000 - 0x00007ffacea1e000 	C:\WINDOWS\SYSTEM32\USERENV.dll
0x00007fface450000 - 0x00007fface45c000 	C:\WINDOWS\SYSTEM32\CRYPTBASE.dll
0x00007ffacdf50000 - 0x00007ffacdf8b000 	C:\WINDOWS\SYSTEM32\IPHLPAPI.DLL
0x00007ffacfce0000 - 0x00007ffacfce9000 	C:\WINDOWS\System32\NSI.dll
0x00007ffacd140000 - 0x00007ffacd157000 	C:\WINDOWS\SYSTEM32\dhcpcsvc6.DLL
0x00007ffacc990000 - 0x00007ffacc9ad000 	C:\WINDOWS\SYSTEM32\dhcpcsvc.DLL
0x00007ffacdfa0000 - 0x00007fface06a000 	C:\WINDOWS\SYSTEM32\DNSAPI.dll

dbghelp: loaded successfully - version: 4.0.5 - missing functions: none
symbol engine: initialized successfully - sym options: 0x614 - pdb path: .;C:\Program Files\Android\Android Studio\jre\bin;C:\WINDOWS\SYSTEM32;C:\WINDOWS\WinSxS\amd64_microsoft.windows.common-controls_6595b64144ccf1df_6.0.19041.1_none_b555e41d4684ddec;C:\Program Files\Android\Android Studio\jre\bin\server;C:\Users\HP\.gradle\wrapper\dists\gradle-2.14.1-all\native\8bec1ad78214c89d9ad589b4d07fe93259594b29d510b10fafb7a158f7737e5d\windows-amd64;C:\Users\HP\.gradle\wrapper\dists\gradle-2.14.1-all\native\53dbd7edfb1c66fb8903c78663c9afc45aea4f116125fa6feffd364cf09443e8\windows-amd64

VM Arguments:
jvm_args: --add-opens=java.base/java.util=ALL-UNNAMED --add-opens=java.base/java.lang=ALL-UNNAMED --add-opens=java.base/java.lang.invoke=ALL-UNNAMED --add-opens=java.base/java.util=ALL-UNNAMED --add-opens=java.prefs/java.util.prefs=ALL-UNNAMED --add-opens=java.prefs/java.util.prefs=ALL-UNNAMED --add-opens=java.base/java.nio.charset=ALL-UNNAMED --add-opens=java.base/java.net=ALL-UNNAMED --add-opens=java.base/java.util.concurrent.atomic=ALL-UNNAMED -Xmx1536m -Dfile.encoding=windows-1252 -Duser.country=US -Duser.language=en -Duser.variant 
java_command: org.gradle.launcher.daemon.bootstrap.GradleDaemon 7.0.2
java_class_path (initial): C:\Users\HP\.gradle\wrapper\dists\gradle-2.14.1-all\wrapper\dists\gradle-7.0.2-all\7era6s5ay7zsbhuvl0oc9g94s\gradle-7.0.2\lib\gradle-launcher-7.0.2.jar
Launcher Type: SUN_STANDARD

[Global flags]
     intx CICompilerCount                          = 3                                         {product} {ergonomic}
     uint ConcGCThreads                            = 1                                         {product} {ergonomic}
     uint G1ConcRefinementThreads                  = 4                                         {product} {ergonomic}
   size_t G1HeapRegionSize                         = 1048576                                   {product} {ergonomic}
    uintx GCDrainStackTargetSize                   = 64                                        {product} {ergonomic}
   size_t InitialHeapSize                          = 132120576                                 {product} {ergonomic}
   size_t MarkStackSize                            = 4194304                                   {product} {ergonomic}
   size_t MaxHeapSize                              = 1610612736                                {product} {command line}
   size_t MaxNewSize                               = 965738496                                 {product} {ergonomic}
   size_t MinHeapDeltaBytes                        = 1048576                                   {product} {ergonomic}
    uintx NonNMethodCodeHeapSize                   = 5830732                                {pd product} {ergonomic}
    uintx NonProfiledCodeHeapSize                  = 122913754                              {pd product} {ergonomic}
    uintx ProfiledCodeHeapSize                     = 122913754                              {pd product} {ergonomic}
    uintx ReservedCodeCacheSize                    = 251658240                              {pd product} {ergonomic}
     bool SegmentedCodeCache                       = true                                      {product} {ergonomic}
     bool UseCompressedClassPointers               = true                                 {lp64_product} {ergonomic}
     bool UseCompressedOops                        = true                                 {lp64_product} {ergonomic}
     bool UseG1GC                                  = true                                      {product} {ergonomic}
     bool UseLargePagesIndividualAllocation        = false                                  {pd product} {ergonomic}

Logging:
Log output configuration:
 #0: stdout all=warning uptime,level,tags
 #1: stderr all=off uptime,level,tags

Environment Variables:
PATH=C:\WINDOWS\system32;C:\WINDOWS;C:\WINDOWS\System32\Wbem;C:\WINDOWS\System32\WindowsPowerShell\v1.0\;C:\WINDOWS\System32\OpenSSH\;E:\New folder\;C:\Users\HP\AppData\Local\Microsoft\WindowsApps;E:\VS Code\Microsoft VS Code\bin;C:\Users\HP\AppData\Roaming\npm;C:\Users\HP\AppData\Local\GitHubDesktop\bin;C:\Users\HP\Flutter\flutter\bin;
USERNAME=HP
OS=Windows_NT
PROCESSOR_IDENTIFIER=Intel64 Family 6 Model 142 Stepping 9, GenuineIntel



---------------  S Y S T E M  ---------------

OS: Windows 10 , 64 bit Build 19041 (10.0.19041.1)
OS uptime: 0 days 2:20 hours

CPU:total 4 (initial active 4) (2 cores per cpu, 2 threads per core) family 6 model 142 stepping 9 microcode 0xde, cmov, cx8, fxsr, mmx, sse, sse2, sse3, ssse3, sse4.1, sse4.2, popcnt, avx, avx2, aes, clmul, erms, 3dnowpref, lzcnt, ht, tsc, tscinvbit, bmi1, bmi2, adx, fma

Memory: 4k page, system-wide physical 8060M (2426M free)
TotalPageFile size 16252M (AvailPageFile size 9846M)
current process WorkingSet (physical memory assigned to process): 427M, peak: 478M
current process commit charge ("private bytes"): 533M, peak: 534M

vm_info: OpenJDK 64-Bit Server VM (11.0.10+0-b96-7249189) for windows-amd64 JRE (11.0.10+0-b96-7249189), built on Mar 31 2021 21:44:00 by "builder" with MS VC++ 14.0 (VS2015)

END.
