#
# A fatal error has been detected by the Java Runtime Environment:
#
#  EXCEPTION_ACCESS_VIOLATION (0xc0000005) at pc=0x00007ffe70a2ca54, pid=12112, tid=9348
#
# JRE version: OpenJDK Runtime Environment (11.0.10) (build 11.0.10+0-b96-7249189)
# Java VM: OpenJDK 64-Bit Server VM (11.0.10+0-b96-7249189, mixed mode, tiered, compressed oops, g1 gc, windows-amd64)
# Problematic frame:
# V  [jvm.dll+0x18ca54]
#
# No core dump will be written. Minidumps are not enabled by default on client versions of Windows
#
# If you would like to submit a bug report, please visit:
#   https://bugreport.java.com/bugreport/crash.jsp
#

---------------  S U M M A R Y ------------

Command Line: --add-opens=java.base/java.util=ALL-UNNAMED --add-opens=java.base/java.lang=ALL-UNNAMED --add-opens=java.base/java.lang.invoke=ALL-UNNAMED --add-opens=java.base/java.util=ALL-UNNAMED --add-opens=java.prefs/java.util.prefs=ALL-UNNAMED --add-opens=java.prefs/java.util.prefs=ALL-UNNAMED --add-opens=java.base/java.nio.charset=ALL-UNNAMED --add-opens=java.base/java.net=ALL-UNNAMED --add-opens=java.base/java.util.concurrent.atomic=ALL-UNNAMED -Xmx1536m -Dfile.encoding=windows-1252 -Duser.country=US -Duser.language=en -Duser.variant org.gradle.launcher.daemon.bootstrap.GradleDaemon 7.0.2

Host: Intel(R) Core(TM) i3-7020U CPU @ 2.30GHz, 4 cores, 7G,  Windows 10 , 64 bit Build 19041 (10.0.19041.1)
Time: Sun Oct 10 11:32:13 2021 India Standard Time elapsed time: 62.532618 seconds (0d 0h 1m 2s)

---------------  T H R E A D  ---------------

Current thread (0x0000016e1360a800):  ConcurrentGCThread "G1 Conc#0" [stack: 0x0000001cf3d00000,0x0000001cf3e00000] [id=9348]

Stack: [0x0000001cf3d00000,0x0000001cf3e00000],  sp=0x0000001cf3dff688,  free space=1021k
Native frames: (J=compiled Java code, j=interpreted, Vv=VM code, C=native code)
V  [jvm.dll+0x18ca54]


siginfo: EXCEPTION_ACCESS_VIOLATION (0xc0000005), reading address 0x0000000000000110


Register to memory mapping:

RIP=0x00007ffe70a2ca54 jvm.dll
RAX=0x0 is NULL
RBX=0x00000000a0dd9720 is an oop: [Lsun.reflect.generics.tree.TypeArgument; 
{0x00000000a0dd9720} - klass: 'sun/reflect/generics/tree/TypeArgument'[]
 - length: 0
RCX=0x00000001000f91e0 is pointing into metadata
RDX=0x00000000a0dd9720 is an oop: [Lsun.reflect.generics.tree.TypeArgument; 
{0x00000000a0dd9720} - klass: 'sun/reflect/generics/tree/TypeArgument'[]
 - length: 0
RSP=0x0000001cf3dff688 points into unknown readable memory: 0x00007ffe70b7a4ea | ea a4 b7 70 fe 7f 00 00
RBP=0x0000016e13602190 points into unknown readable memory: 0x0000016e13609000 | 00 90 60 13 6e 01 00 00
RSI=0x0000000000000001 is an unknown value
RDI=0x0 is NULL
R8 =0x0 is NULL
R9 =0x00000001000f91e0 is pointing into metadata
R10=0x0000016e13602190 points into unknown readable memory: 0x0000016e13609000 | 00 90 60 13 6e 01 00 00
R11=0x0000016e26ff0000 points into unknown readable memory: 0x0000000000000001 | 01 00 00 00 00 00 00 00
R12=0x000000000000000c is an unknown value
R13=0xaaaaaaaaaaaaaaab is an unknown value
R14=0x0 is NULL
R15=0x00000000a0dd96d0 is an oop: sun.reflect.generics.tree.SimpleClassTypeSignature 
{0x00000000a0dd96d0} - klass: 'sun/reflect/generics/tree/SimpleClassTypeSignature'


Registers:
RAX=0x0000000000000000, RBX=0x00000000a0dd9720, RCX=0x00000001000f91e0, RDX=0x00000000a0dd9720
RSP=0x0000001cf3dff688, RBP=0x0000016e13602190, RSI=0x0000000000000001, RDI=0x0000000000000000
R8 =0x0000000000000000, R9 =0x00000001000f91e0, R10=0x0000016e13602190, R11=0x0000016e26ff0000
R12=0x000000000000000c, R13=0xaaaaaaaaaaaaaaab, R14=0x0000000000000000, R15=0x00000000a0dd96d0
RIP=0x00007ffe70a2ca54, EFLAGS=0x0000000000010246

Top of Stack: (sp=0x0000001cf3dff688)
0x0000001cf3dff688:   00007ffe70b7a4ea 00000000a0dd9720
0x0000001cf3dff698:   00000001000f9e28 000000000000000d
0x0000001cf3dff6a8:   0000000000000001 00000001000f9e30
0x0000001cf3dff6b8:   00007ffe70b7a396 00000001000f9e28
0x0000001cf3dff6c8:   00000000a0dd9720 0000016e136102e0
0x0000001cf3dff6d8:   0000001cf3dff898 0000000000000000
0x0000001cf3dff6e8:   0000001cf3dff898 00000000a0dd96e8
0x0000001cf3dff6f8:   00007ffe70b721ed 0000000000000003
0x0000001cf3dff708:   00000000a0dd96e4 00000000a0dd96a8
0x0000001cf3dff718:   00000000a0dd96b8 0000001cf3dff870
0x0000001cf3dff728:   0000016e1360ac01 00000001000f9b98
0x0000001cf3dff738:   00007ffe70b71aa1 0000000000000003
0x0000001cf3dff748:   0000001cf3dff898 00000000a0dd96d0
0x0000001cf3dff758:   0000001cf3dff870 00000000a0dd96d0
0x0000001cf3dff768:   00007ffe70b7ffcf 0000016e136102e0
0x0000001cf3dff778:   00000000001c0000 0000001cf3dff870 

Instructions: (pc=0x00007ffe70a2ca54)
0x00007ffe70a2c954:   11 86 98 03 00 00 48 8b 5c 24 40 48 8b 74 24 48
0x00007ffe70a2c964:   48 83 c4 30 5f c3 48 8b 07 48 8d 54 24 20 48 8b
0x00007ffe70a2c974:   cf 66 0f 7f 44 24 20 ff 50 38 48 8b 5c 24 40 48
0x00007ffe70a2c984:   8b 74 24 48 48 83 c4 30 5f c3 cc cc 48 8b 49 38
0x00007ffe70a2c994:   48 8b 01 48 ff 60 28 cc cc cc cc cc 80 3d f1 ab
0x00007ffe70a2c9a4:   86 00 00 48 8b c1 74 1b 8b 51 08 8b 0d 63 21 82
0x00007ffe70a2c9b4:   00 48 d3 e2 48 8b c8 48 03 15 4e 21 82 00 e9 19
0x00007ffe70a2c9c4:   00 00 00 48 8b 51 08 48 8b c8 e9 0d 00 00 00 cc
0x00007ffe70a2c9d4:   cc cc cc cc cc cc cc cc cc cc cc cc 4c 8b ca 48
0x00007ffe70a2c9e4:   8b d1 45 8b 41 08 45 85 c0 7e 0e 41 f6 c0 01 75
0x00007ffe70a2c9f4:   59 41 c1 f8 03 41 8b c0 c3 79 4f 80 3d 92 ab 86
0x00007ffe70a2ca04:   00 00 b8 0c 00 00 00 b9 10 00 00 00 0f 45 c8 8b
0x00007ffe70a2ca14:   05 ab 6c 80 00 ff c8 4c 63 c8 48 63 c1 41 8b c8
0x00007ffe70a2ca24:   83 e1 3f 48 63 14 10 41 8b c0 48 c1 f8 10 0f b6
0x00007ffe70a2ca34:   c0 48 d3 e2 49 8d 0c 11 49 f7 d1 48 03 c1 49 c1
0x00007ffe70a2ca44:   e9 03 48 c1 e8 03 41 23 c1 c3 49 8b 01 49 8b c9
0x00007ffe70a2ca54:   48 ff a0 10 01 00 00 cc cc cc cc cc 48 83 ec 38
0x00007ffe70a2ca64:   0f 10 02 48 8b 49 38 48 8d 54 24 20 0f 29 44 24
0x00007ffe70a2ca74:   20 e8 56 f0 ff ff 48 83 c4 38 c3 cc 48 89 5c 24
0x00007ffe70a2ca84:   08 55 56 57 41 54 41 55 41 56 41 57 48 8d 6c 24
0x00007ffe70a2ca94:   e0 48 81 ec 20 01 00 00 48 8b 05 5d a5 83 00 48
0x00007ffe70a2caa4:   33 c4 48 89 45 10 48 8b 05 df 15 86 00 45 33 ed
0x00007ffe70a2cab4:   4c 8b b5 80 00 00 00 4c 8b fa 48 8b bd 88 00 00
0x00007ffe70a2cac4:   00 4d 8b c6 49 8b d6 49 8b f1 48 8b 48 38 48 8b
0x00007ffe70a2cad4:   59 48 49 8b cf c7 45 c0 ff ff ff ff 44 89 6d d4
0x00007ffe70a2cae4:   4c 89 6d d8 44 88 6d e0 c7 45 e8 ff ff ff ff 44
0x00007ffe70a2caf4:   89 6d fc 4c 89 6d 00 44 88 6d 08 e8 ac 17 f6 ff
0x00007ffe70a2cb04:   41 b1 01 4c 8d 45 e8 41 8d 55 04 49 8b cf e8 39
0x00007ffe70a2cb14:   d5 f4 ff 48 8b 05 a2 55 6e 00 4c 8d 25 1b 29 5c
0x00007ffe70a2cb24:   00 48 89 44 24 30 4c 8d 44 24 70 0f b6 05 59 aa
0x00007ffe70a2cb34:   86 00 49 8b d6 f6 d8 48 89 74 24 20 4c 89 74 24
0x00007ffe70a2cb44:   28 0f 10 44 24 20 1b c9 44 89 6c 24 3c 83 c1 03 


Stack slot to memory mapping:
stack at sp + 0 slots: 0x00007ffe70b7a4ea jvm.dll
stack at sp + 1 slots: 0x00000000a0dd9720 is an oop: [Lsun.reflect.generics.tree.TypeArgument; 
{0x00000000a0dd9720} - klass: 'sun/reflect/generics/tree/TypeArgument'[]
 - length: 0
stack at sp + 2 slots: 0x00000001000f9e28 is pointing into metadata
stack at sp + 3 slots: 0x000000000000000d is an unknown value
stack at sp + 4 slots: 0x0000000000000001 is an unknown value
stack at sp + 5 slots: 0x00000001000f9e30 is a pointer to class: 
sun.reflect.generics.tree.ClassTypeSignature {0x00000001000f9e38}
stack at sp + 6 slots: 0x00007ffe70b7a396 jvm.dll
stack at sp + 7 slots: 0x00000001000f9e28 is pointing into metadata


---------------  P R O C E S S  ---------------

Threads class SMR info:
_java_thread_list=0x0000016e329df410, length=48, elements={
0x0000016e135c7800, 0x0000016e2c5e3000, 0x0000016e2c5f1000, 0x0000016e2c605800,
0x0000016e2c607800, 0x0000016e2c608800, 0x0000016e2c616800, 0x0000016e2c61b000,
0x0000016e2c626800, 0x0000016e2d0b5800, 0x0000016e2e92e800, 0x0000016e2e0e5800,
0x0000016e2fee0800, 0x0000016e2dd6c800, 0x0000016e2dd6a800, 0x0000016e2edc4000,
0x0000016e2f7d9800, 0x0000016e2f06e800, 0x0000016e2f51f800, 0x0000016e2fb3c000,
0x0000016e2fb3d000, 0x0000016e2fb3e800, 0x0000016e2fb3f800, 0x0000016e2fb3d800,
0x0000016e2fb40000, 0x0000016e2fb41000, 0x0000016e2fb3b800, 0x0000016e2fb42000,
0x0000016e2f9b9000, 0x0000016e2f9b8800, 0x0000016e2f9bd000, 0x0000016e2f9be000,
0x0000016e2f9bf800, 0x0000016e2f9c4000, 0x0000016e2f9c3000, 0x0000016e2f9c5800,
0x0000016e2f9c2000, 0x0000016e2f9c7000, 0x0000016e2f9c1800, 0x0000016e2f9c4800,
0x0000016e2d49a800, 0x0000016e2d49d000, 0x0000016e2d49d800, 0x0000016e2d49f800,
0x0000016e2d49e800, 0x0000016e2d49b000, 0x0000016e2d499800, 0x0000016e2d498800
}

Java Threads: ( => current thread )
  0x0000016e135c7800 JavaThread "main" [_thread_blocked, id=7152, stack(0x0000001cf3a00000,0x0000001cf3b00000)]
  0x0000016e2c5e3000 JavaThread "Reference Handler" daemon [_thread_blocked, id=11164, stack(0x0000001cf4100000,0x0000001cf4200000)]
  0x0000016e2c5f1000 JavaThread "Finalizer" daemon [_thread_blocked, id=10432, stack(0x0000001cf4200000,0x0000001cf4300000)]
  0x0000016e2c605800 JavaThread "Signal Dispatcher" daemon [_thread_blocked, id=12988, stack(0x0000001cf4300000,0x0000001cf4400000)]
  0x0000016e2c607800 JavaThread "Attach Listener" daemon [_thread_blocked, id=12496, stack(0x0000001cf4400000,0x0000001cf4500000)]
  0x0000016e2c608800 JavaThread "Service Thread" daemon [_thread_blocked, id=2684, stack(0x0000001cf4500000,0x0000001cf4600000)]
  0x0000016e2c616800 JavaThread "C2 CompilerThread0" daemon [_thread_blocked, id=5308, stack(0x0000001cf4600000,0x0000001cf4700000)]
  0x0000016e2c61b000 JavaThread "C1 CompilerThread0" daemon [_thread_blocked, id=11512, stack(0x0000001cf4700000,0x0000001cf4800000)]
  0x0000016e2c626800 JavaThread "Sweeper thread" daemon [_thread_blocked, id=11432, stack(0x0000001cf4800000,0x0000001cf4900000)]
  0x0000016e2d0b5800 JavaThread "Common-Cleaner" daemon [_thread_blocked, id=11316, stack(0x0000001cf4900000,0x0000001cf4a00000)]
  0x0000016e2e92e800 JavaThread "Daemon health stats" [_thread_blocked, id=10840, stack(0x0000001cf4e00000,0x0000001cf4f00000)]
  0x0000016e2e0e5800 JavaThread "Incoming local TCP Connector on port 51556" [_thread_in_native, id=11340, stack(0x0000001cf4b00000,0x0000001cf4c00000)]
  0x0000016e2fee0800 JavaThread "Daemon periodic checks" [_thread_blocked, id=5680, stack(0x0000001cf4f00000,0x0000001cf5000000)]
  0x0000016e2dd6c800 JavaThread "Daemon" [_thread_blocked, id=9752, stack(0x0000001cf5000000,0x0000001cf5100000)]
  0x0000016e2dd6a800 JavaThread "Handler for socket connection from /127.0.0.1:51556 to /127.0.0.1:51557" [_thread_in_native, id=6704, stack(0x0000001cf5100000,0x0000001cf5200000)]
  0x0000016e2edc4000 JavaThread "Cancel handler" [_thread_blocked, id=12692, stack(0x0000001cf5200000,0x0000001cf5300000)]
  0x0000016e2f7d9800 JavaThread "Daemon worker" [_thread_blocked, id=11596, stack(0x0000001cf5300000,0x0000001cf5400000)]
  0x0000016e2f06e800 JavaThread "Asynchronous log dispatcher for DefaultDaemonConnection: socket connection from /127.0.0.1:51556 to /127.0.0.1:51557" [_thread_blocked, id=11516, stack(0x0000001cf5400000,0x0000001cf5500000)]
  0x0000016e2f51f800 JavaThread "Stdin handler" [_thread_blocked, id=3232, stack(0x0000001cf5500000,0x0000001cf5600000)]
  0x0000016e2fb3c000 JavaThread "Daemon client event forwarder" [_thread_blocked, id=1404, stack(0x0000001cf5700000,0x0000001cf5800000)]
  0x0000016e2fb3d000 JavaThread "Cache worker for file hash cache (C:\Users\HP\.gradle\wrapper\dists\gradle-2.14.1-all\caches\7.0.2\fileHashes)" [_thread_blocked, id=11272, stack(0x0000001cf5800000,0x0000001cf5900000)]
  0x0000016e2fb3e800 JavaThread "File lock request listener" [_thread_in_native, id=3984, stack(0x0000001cf5900000,0x0000001cf5a00000)]
  0x0000016e2fb3f800 JavaThread "Cache worker for journal cache (C:\Users\HP\.gradle\wrapper\dists\gradle-2.14.1-all\caches\journal-1)" [_thread_blocked, id=13304, stack(0x0000001cf5a00000,0x0000001cf5b00000)]
  0x0000016e2fb3d800 JavaThread "Cache worker for file hash cache (C:\Users\HP\AndroidStudioProjects\QuizzerExtended\QuizzerClass\.gradle\7.0.2\fileHashes)" [_thread_blocked, id=12148, stack(0x0000001cf5b00000,0x0000001cf5c00000)]
  0x0000016e2fb40000 JavaThread "File watcher server" daemon [_thread_in_native, id=12128, stack(0x0000001cf5c00000,0x0000001cf5d00000)]
  0x0000016e2fb41000 JavaThread "File watcher consumer" daemon [_thread_blocked, id=3372, stack(0x0000001cf5d00000,0x0000001cf5e00000)]
  0x0000016e2fb3b800 JavaThread "Cache worker for checksums cache (C:\Users\HP\AndroidStudioProjects\QuizzerExtended\QuizzerClass\.gradle\checksums)" [_thread_blocked, id=3212, stack(0x0000001cf5e00000,0x0000001cf5f00000)]
  0x0000016e2fb42000 JavaThread "Cache worker for cache directory md-supplier (C:\Users\HP\.gradle\wrapper\dists\gradle-2.14.1-all\caches\7.0.2\md-supplier)" [_thread_blocked, id=10464, stack(0x0000001cf5f00000,0x0000001cf6000000)]
  0x0000016e2f9b9000 JavaThread "Cache worker for cache directory md-rule (C:\Users\HP\.gradle\wrapper\dists\gradle-2.14.1-all\caches\7.0.2\md-rule)" [_thread_blocked, id=12236, stack(0x0000001cf6000000,0x0000001cf6100000)]
  0x0000016e2f9b8800 JavaThread "Cache worker for execution history cache (C:\Users\HP\.gradle\wrapper\dists\gradle-2.14.1-all\caches\7.0.2\executionHistory)" [_thread_blocked, id=9716, stack(0x0000001cf6200000,0x0000001cf6300000)]
  0x0000016e2f9bd000 JavaThread "jar transforms" [_thread_blocked, id=9648, stack(0x0000001cf6300000,0x0000001cf6400000)]
  0x0000016e2f9be000 JavaThread "jar transforms Thread 2" [_thread_blocked, id=13124, stack(0x0000001cf6400000,0x0000001cf6500000)]
  0x0000016e2f9bf800 JavaThread "Cache worker for file content cache (C:\Users\HP\.gradle\wrapper\dists\gradle-2.14.1-all\caches\7.0.2\fileContent)" [_thread_blocked, id=11416, stack(0x0000001cf6500000,0x0000001cf6600000)]
  0x0000016e2f9c4000 JavaThread "Cache worker for dependencies-accessors (C:\Users\HP\AndroidStudioProjects\QuizzerExtended\QuizzerClass\.gradle\7.0.2\dependencies-accessors)" [_thread_blocked, id=12764, stack(0x0000001cf6600000,0x0000001cf6700000)]
  0x0000016e2f9c3000 JavaThread "jar transforms Thread 3" [_thread_blocked, id=3028, stack(0x0000001cf6100000,0x0000001cf6200000)]
  0x0000016e2f9c5800 JavaThread "Cache worker for Build Output Cleanup Cache (C:\Users\HP\AndroidStudioProjects\QuizzerExtended\QuizzerClass\.gradle\buildOutputCleanup)" [_thread_blocked, id=11028, stack(0x0000001cf6800000,0x0000001cf6900000)]
  0x0000016e2f9c2000 JavaThread "Build operations" [_thread_blocked, id=8928, stack(0x0000001cf6700000,0x0000001cf6800000)]
  0x0000016e2f9c7000 JavaThread "Build operations Thread 2" [_thread_blocked, id=3376, stack(0x0000001cf6900000,0x0000001cf6a00000)]
  0x0000016e2f9c1800 JavaThread "Build operations Thread 3" [_thread_blocked, id=10212, stack(0x0000001cf6a00000,0x0000001cf6b00000)]
  0x0000016e2f9c4800 JavaThread "Build operations Thread 4" [_thread_blocked, id=7912, stack(0x0000001cf6b00000,0x0000001cf6c00000)]
  0x0000016e2d49a800 JavaThread "jar transforms Thread 4" [_thread_blocked, id=6756, stack(0x0000001cf6c00000,0x0000001cf6d00000)]
  0x0000016e2d49d000 JavaThread "Memory manager" [_thread_blocked, id=10956, stack(0x0000001cf7000000,0x0000001cf7100000)]
  0x0000016e2d49d800 JavaThread "build event listener" [_thread_blocked, id=7140, stack(0x0000001cf7100000,0x0000001cf7200000)]
  0x0000016e2d49f800 JavaThread "Execution worker for ':'" [_thread_blocked, id=12952, stack(0x0000001cf7200000,0x0000001cf7300000)]
  0x0000016e2d49e800 JavaThread "Execution worker for ':' Thread 2" [_thread_blocked, id=12300, stack(0x0000001cf7300000,0x0000001cf7400000)]
  0x0000016e2d49b000 JavaThread "Execution worker for ':' Thread 3" [_thread_blocked, id=11784, stack(0x0000001cf7400000,0x0000001cf7500000)]
  0x0000016e2d499800 JavaThread "Cache worker for execution history cache (C:\Users\HP\AndroidStudioProjects\QuizzerExtended\QuizzerClass\.gradle\7.0.2\executionHistory)" [_thread_blocked, id=10736, stack(0x0000001cf7500000,0x0000001cf7600000)]
  0x0000016e2d498800 JavaThread "C2 CompilerThread1" daemon [_thread_blocked, id=7488, stack(0x0000001cf6f00000,0x0000001cf7000000)]

Other Threads:
  0x0000016e2c5bd800 VMThread "VM Thread" [stack: 0x0000001cf4000000,0x0000001cf4100000] [id=8880]
  0x0000016e2d0ca800 WatcherThread [stack: 0x0000001cf4a00000,0x0000001cf4b00000] [id=11472]
  0x0000016e135e0800 GCTaskThread "GC Thread#0" [stack: 0x0000001cf3b00000,0x0000001cf3c00000] [id=12684]
  0x0000016e2d7c2800 GCTaskThread "GC Thread#1" [stack: 0x0000001cf4c00000,0x0000001cf4d00000] [id=12608]
  0x0000016e2d894000 GCTaskThread "GC Thread#2" [stack: 0x0000001cf4d00000,0x0000001cf4e00000] [id=12228]
  0x0000016e2f34f800 GCTaskThread "GC Thread#3" [stack: 0x0000001cf5600000,0x0000001cf5700000] [id=5524]
  0x0000016e13609000 ConcurrentGCThread "G1 Main Marker" [stack: 0x0000001cf3c00000,0x0000001cf3d00000] [id=12528]
=>0x0000016e1360a800 ConcurrentGCThread "G1 Conc#0" [stack: 0x0000001cf3d00000,0x0000001cf3e00000] [id=9348]
  0x0000016e1369b800 ConcurrentGCThread "G1 Refine#0" [stack: 0x0000001cf3e00000,0x0000001cf3f00000] [id=12080]
  0x0000016e1369c800 ConcurrentGCThread "G1 Young RemSet Sampling" [stack: 0x0000001cf3f00000,0x0000001cf4000000] [id=11920]

Threads with active compile tasks:

VM state:not at safepoint (normal execution)

VM Mutex/Monitor currently owned by a thread:  ([mutex/lock_event])
[0x0000016e135c7180] Compile_lock - owner thread: 0x0000016e2fb41000

Heap address: 0x00000000a0000000, size: 1536 MB, Compressed Oops mode: 32-bit
Narrow klass base: 0x0000000000000000, Narrow klass shift: 3
Compressed class space size: 1073741824 Address: 0x0000000100000000

Heap:
 garbage-first heap   total 157696K, used 91136K [0x00000000a0000000, 0x0000000100000000)
  region size 1024K, 8 young (8192K), 7 survivors (7168K)
 Metaspace       used 81529K, capacity 83610K, committed 83624K, reserved 1122304K
  class space    used 10559K, capacity 11326K, committed 11340K, reserved 1048576K
Heap Regions: E=young(eden), S=young(survivor), O=old, HS=humongous(starts), HC=humongous(continues), CS=collection set, F=free, A=archive, TAMS=top-at-mark-start (previous, next)
|   0|0x00000000a0000000, 0x00000000a0100000, 0x00000000a0100000|100%|HS|  |TAMS 0x00000000a0100000, 0x00000000a0100000| Complete 
|   1|0x00000000a0100000, 0x00000000a0200000, 0x00000000a0200000|100%|HC|  |TAMS 0x00000000a0200000, 0x00000000a0200000| Complete 
|   2|0x00000000a0200000, 0x00000000a0300000, 0x00000000a0300000|100%|HC|  |TAMS 0x00000000a0300000, 0x00000000a0300000| Complete 
|   3|0x00000000a0300000, 0x00000000a0400000, 0x00000000a0400000|100%| O|  |TAMS 0x00000000a0400000, 0x00000000a0400000| Untracked 
|   4|0x00000000a0400000, 0x00000000a0500000, 0x00000000a0500000|100%| O|  |TAMS 0x00000000a0500000, 0x00000000a0500000| Untracked 
|   5|0x00000000a0500000, 0x00000000a0600000, 0x00000000a0600000|100%| O|  |TAMS 0x00000000a0600000, 0x00000000a0600000| Untracked 
|   6|0x00000000a0600000, 0x00000000a0700000, 0x00000000a0700000|100%| O|  |TAMS 0x00000000a0700000, 0x00000000a0700000| Untracked 
|   7|0x00000000a0700000, 0x00000000a0800000, 0x00000000a0800000|100%| O|  |TAMS 0x00000000a0800000, 0x00000000a0800000| Untracked 
|   8|0x00000000a0800000, 0x00000000a0900000, 0x00000000a0900000|100%| O|  |TAMS 0x00000000a0900000, 0x00000000a0900000| Untracked 
|   9|0x00000000a0900000, 0x00000000a0a00000, 0x00000000a0a00000|100%| O|  |TAMS 0x00000000a0a00000, 0x00000000a0a00000| Untracked 
|  10|0x00000000a0a00000, 0x00000000a0b00000, 0x00000000a0b00000|100%| O|  |TAMS 0x00000000a0b00000, 0x00000000a0b00000| Untracked 
|  11|0x00000000a0b00000, 0x00000000a0c00000, 0x00000000a0c00000|100%| O|  |TAMS 0x00000000a0c00000, 0x00000000a0c00000| Untracked 
|  12|0x00000000a0c00000, 0x00000000a0d00000, 0x00000000a0d00000|100%| O|  |TAMS 0x00000000a0d00000, 0x00000000a0d00000| Untracked 
|  13|0x00000000a0d00000, 0x00000000a0e00000, 0x00000000a0e00000|100%| O|  |TAMS 0x00000000a0e00000, 0x00000000a0e00000| Untracked 
|  14|0x00000000a0e00000, 0x00000000a0f00000, 0x00000000a0f00000|100%| O|  |TAMS 0x00000000a0f00000, 0x00000000a0f00000| Untracked 
|  15|0x00000000a0f00000, 0x00000000a1000000, 0x00000000a1000000|100%| O|  |TAMS 0x00000000a1000000, 0x00000000a1000000| Untracked 
|  16|0x00000000a1000000, 0x00000000a1100000, 0x00000000a1100000|100%|HS|  |TAMS 0x00000000a1100000, 0x00000000a1100000| Complete 
|  17|0x00000000a1100000, 0x00000000a1200000, 0x00000000a1200000|100%| O|  |TAMS 0x00000000a1200000, 0x00000000a1200000| Untracked 
|  18|0x00000000a1200000, 0x00000000a1300000, 0x00000000a1300000|100%| O|  |TAMS 0x00000000a1300000, 0x00000000a1300000| Untracked 
|  19|0x00000000a1300000, 0x00000000a1400000, 0x00000000a1400000|100%| O|  |TAMS 0x00000000a1400000, 0x00000000a1400000| Untracked 
|  20|0x00000000a1400000, 0x00000000a1500000, 0x00000000a1500000|100%| O|  |TAMS 0x00000000a1500000, 0x00000000a1500000| Untracked 
|  21|0x00000000a1500000, 0x00000000a1600000, 0x00000000a1600000|100%| O|  |TAMS 0x00000000a1600000, 0x00000000a1600000| Untracked 
|  22|0x00000000a1600000, 0x00000000a1700000, 0x00000000a1700000|100%| O|  |TAMS 0x00000000a1700000, 0x00000000a1700000| Untracked 
|  23|0x00000000a1700000, 0x00000000a1800000, 0x00000000a1800000|100%|HS|  |TAMS 0x00000000a1800000, 0x00000000a1800000| Complete 
|  24|0x00000000a1800000, 0x00000000a1900000, 0x00000000a1900000|100%|HS|  |TAMS 0x00000000a1900000, 0x00000000a1900000| Complete 
|  25|0x00000000a1900000, 0x00000000a1a00000, 0x00000000a1a00000|100%|HC|  |TAMS 0x00000000a1a00000, 0x00000000a1a00000| Complete 
|  26|0x00000000a1a00000, 0x00000000a1b00000, 0x00000000a1b00000|100%| O|  |TAMS 0x00000000a1b00000, 0x00000000a1b00000| Untracked 
|  27|0x00000000a1b00000, 0x00000000a1c00000, 0x00000000a1c00000|100%| O|  |TAMS 0x00000000a1c00000, 0x00000000a1c00000| Untracked 
|  28|0x00000000a1c00000, 0x00000000a1d00000, 0x00000000a1d00000|100%| O|  |TAMS 0x00000000a1d00000, 0x00000000a1d00000| Untracked 
|  29|0x00000000a1d00000, 0x00000000a1e00000, 0x00000000a1e00000|100%| O|  |TAMS 0x00000000a1e00000, 0x00000000a1e00000| Untracked 
|  30|0x00000000a1e00000, 0x00000000a1f00000, 0x00000000a1f00000|100%| O|  |TAMS 0x00000000a1f00000, 0x00000000a1f00000| Untracked 
|  31|0x00000000a1f00000, 0x00000000a2000000, 0x00000000a2000000|100%| O|  |TAMS 0x00000000a2000000, 0x00000000a2000000| Untracked 
|  32|0x00000000a2000000, 0x00000000a2100000, 0x00000000a2100000|100%| O|  |TAMS 0x00000000a2100000, 0x00000000a2100000| Untracked 
|  33|0x00000000a2100000, 0x00000000a2200000, 0x00000000a2200000|100%| O|  |TAMS 0x00000000a2200000, 0x00000000a2200000| Untracked 
|  34|0x00000000a2200000, 0x00000000a2300000, 0x00000000a2300000|100%| O|  |TAMS 0x00000000a2300000, 0x00000000a2300000| Untracked 
|  35|0x00000000a2300000, 0x00000000a2400000, 0x00000000a2400000|100%| O|  |TAMS 0x00000000a2400000, 0x00000000a2400000| Untracked 
|  36|0x00000000a2400000, 0x00000000a2500000, 0x00000000a2500000|100%| O|  |TAMS 0x00000000a2500000, 0x00000000a2500000| Untracked 
|  37|0x00000000a2500000, 0x00000000a2600000, 0x00000000a2600000|100%| O|  |TAMS 0x00000000a2600000, 0x00000000a2600000| Untracked 
|  38|0x00000000a2600000, 0x00000000a2700000, 0x00000000a2700000|100%| O|  |TAMS 0x00000000a2700000, 0x00000000a2700000| Untracked 
|  39|0x00000000a2700000, 0x00000000a2800000, 0x00000000a2800000|100%| O|  |TAMS 0x00000000a2800000, 0x00000000a2800000| Untracked 
|  40|0x00000000a2800000, 0x00000000a2900000, 0x00000000a2900000|100%| O|  |TAMS 0x00000000a2900000, 0x00000000a2900000| Untracked 
|  41|0x00000000a2900000, 0x00000000a2a00000, 0x00000000a2a00000|100%| O|  |TAMS 0x00000000a2a00000, 0x00000000a2a00000| Untracked 
|  42|0x00000000a2a00000, 0x00000000a2b00000, 0x00000000a2b00000|100%| O|  |TAMS 0x00000000a2a00000, 0x00000000a2b00000| Untracked 
|  43|0x00000000a2b00000, 0x00000000a2c00000, 0x00000000a2c00000|100%| O|  |TAMS 0x00000000a2b00000, 0x00000000a2c00000| Untracked 
|  44|0x00000000a2c00000, 0x00000000a2d00000, 0x00000000a2d00000|100%| O|  |TAMS 0x00000000a2c00000, 0x00000000a2d00000| Untracked 
|  45|0x00000000a2d00000, 0x00000000a2e00000, 0x00000000a2e00000|100%| O|  |TAMS 0x00000000a2d00000, 0x00000000a2e00000| Untracked 
|  46|0x00000000a2e00000, 0x00000000a2f00000, 0x00000000a2f00000|100%| O|  |TAMS 0x00000000a2e00000, 0x00000000a2f00000| Untracked 
|  47|0x00000000a2f00000, 0x00000000a3000000, 0x00000000a3000000|100%| O|  |TAMS 0x00000000a2f00000, 0x00000000a3000000| Untracked 
|  48|0x00000000a3000000, 0x00000000a3100000, 0x00000000a3100000|100%| O|  |TAMS 0x00000000a3000000, 0x00000000a3100000| Untracked 
|  49|0x00000000a3100000, 0x00000000a3200000, 0x00000000a3200000|100%| O|  |TAMS 0x00000000a3100000, 0x00000000a3200000| Untracked 
|  50|0x00000000a3200000, 0x00000000a3300000, 0x00000000a3300000|100%| O|  |TAMS 0x00000000a3200000, 0x00000000a3300000| Untracked 
|  51|0x00000000a3300000, 0x00000000a3400000, 0x00000000a3400000|100%| O|  |TAMS 0x00000000a3300000, 0x00000000a3400000| Untracked 
|  52|0x00000000a3400000, 0x00000000a3500000, 0x00000000a3500000|100%| O|  |TAMS 0x00000000a3400000, 0x00000000a3500000| Untracked 
|  53|0x00000000a3500000, 0x00000000a3600000, 0x00000000a3600000|100%| O|  |TAMS 0x00000000a3500000, 0x00000000a3600000| Untracked 
|  54|0x00000000a3600000, 0x00000000a3700000, 0x00000000a3700000|100%| O|  |TAMS 0x00000000a3600000, 0x00000000a3700000| Untracked 
|  55|0x00000000a3700000, 0x00000000a3800000, 0x00000000a3800000|100%| O|  |TAMS 0x00000000a3700000, 0x00000000a3800000| Untracked 
|  56|0x00000000a3800000, 0x00000000a3900000, 0x00000000a3900000|100%| O|  |TAMS 0x00000000a3800000, 0x00000000a3900000| Untracked 
|  57|0x00000000a3900000, 0x00000000a3a00000, 0x00000000a3a00000|100%| O|  |TAMS 0x00000000a3900000, 0x00000000a3a00000| Untracked 
|  58|0x00000000a3a00000, 0x00000000a3b00000, 0x00000000a3b00000|100%|HS|  |TAMS 0x00000000a3a00000, 0x00000000a3a00000| Complete 
|  59|0x00000000a3b00000, 0x00000000a3c00000, 0x00000000a3c00000|100%|HC|  |TAMS 0x00000000a3b00000, 0x00000000a3b00000| Complete 
|  60|0x00000000a3c00000, 0x00000000a3d00000, 0x00000000a3d00000|100%| O|  |TAMS 0x00000000a3c00000, 0x00000000a3d00000| Untracked 
|  61|0x00000000a3d00000, 0x00000000a3e00000, 0x00000000a3e00000|100%| O|  |TAMS 0x00000000a3d00000, 0x00000000a3e00000| Untracked 
|  62|0x00000000a3e00000, 0x00000000a3f00000, 0x00000000a3f00000|100%| O|  |TAMS 0x00000000a3e00000, 0x00000000a3f00000| Untracked 
|  63|0x00000000a3f00000, 0x00000000a4000000, 0x00000000a4000000|100%| O|  |TAMS 0x00000000a3f00000, 0x00000000a4000000| Untracked 
|  64|0x00000000a4000000, 0x00000000a4100000, 0x00000000a4100000|100%| O|  |TAMS 0x00000000a4000000, 0x00000000a4100000| Untracked 
|  65|0x00000000a4100000, 0x00000000a4200000, 0x00000000a4200000|100%| O|  |TAMS 0x00000000a4100000, 0x00000000a4200000| Untracked 
|  66|0x00000000a4200000, 0x00000000a4300000, 0x00000000a4300000|100%| O|  |TAMS 0x00000000a4200000, 0x00000000a4300000| Untracked 
|  67|0x00000000a4300000, 0x00000000a4400000, 0x00000000a4400000|100%| O|  |TAMS 0x00000000a4300000, 0x00000000a4400000| Untracked 
|  68|0x00000000a4400000, 0x00000000a4500000, 0x00000000a4500000|100%|HS|  |TAMS 0x00000000a4400000, 0x00000000a4500000| Complete 
|  69|0x00000000a4500000, 0x00000000a4600000, 0x00000000a4600000|100%| O|  |TAMS 0x00000000a4500000, 0x00000000a4600000| Untracked 
|  70|0x00000000a4600000, 0x00000000a4700000, 0x00000000a4700000|100%| O|  |TAMS 0x00000000a4600000, 0x00000000a4700000| Untracked 
|  71|0x00000000a4700000, 0x00000000a4800000, 0x00000000a4800000|100%| O|  |TAMS 0x00000000a4700000, 0x00000000a4800000| Untracked 
|  72|0x00000000a4800000, 0x00000000a4900000, 0x00000000a4900000|100%| O|  |TAMS 0x00000000a4800000, 0x00000000a4900000| Untracked 
|  73|0x00000000a4900000, 0x00000000a4a00000, 0x00000000a4a00000|100%| O|  |TAMS 0x00000000a4900000, 0x00000000a4a00000| Untracked 
|  74|0x00000000a4a00000, 0x00000000a4b00000, 0x00000000a4b00000|100%| O|  |TAMS 0x00000000a4a00000, 0x00000000a4b00000| Untracked 
|  75|0x00000000a4b00000, 0x00000000a4c00000, 0x00000000a4c00000|100%| O|  |TAMS 0x00000000a4b00000, 0x00000000a4c00000| Untracked 
|  76|0x00000000a4c00000, 0x00000000a4d00000, 0x00000000a4d00000|100%| O|  |TAMS 0x00000000a4c00000, 0x00000000a4d00000| Untracked 
|  77|0x00000000a4d00000, 0x00000000a4e00000, 0x00000000a4e00000|100%|HS|  |TAMS 0x00000000a4d00000, 0x00000000a4d00000| Complete 
|  78|0x00000000a4e00000, 0x00000000a4f00000, 0x00000000a4f00000|100%|HS|  |TAMS 0x00000000a4e00000, 0x00000000a4e00000| Complete 
|  79|0x00000000a4f00000, 0x00000000a5000000, 0x00000000a5000000|100%|HC|  |TAMS 0x00000000a4f00000, 0x00000000a4f00000| Complete 
|  80|0x00000000a5000000, 0x00000000a5100000, 0x00000000a5100000|100%|HS|  |TAMS 0x00000000a5000000, 0x00000000a5000000| Complete 
|  81|0x00000000a5100000, 0x00000000a5200000, 0x00000000a5200000|100%|HC|  |TAMS 0x00000000a5100000, 0x00000000a5100000| Complete 
|  82|0x00000000a5200000, 0x00000000a5200000, 0x00000000a5300000|  0%| F|  |TAMS 0x00000000a5200000, 0x00000000a5200000| Untracked 
|  83|0x00000000a5300000, 0x00000000a5300000, 0x00000000a5400000|  0%| F|  |TAMS 0x00000000a5300000, 0x00000000a5300000| Untracked 
|  84|0x00000000a5400000, 0x00000000a5400000, 0x00000000a5500000|  0%| F|  |TAMS 0x00000000a5400000, 0x00000000a5400000| Untracked 
|  85|0x00000000a5500000, 0x00000000a5500000, 0x00000000a5600000|  0%| F|  |TAMS 0x00000000a5500000, 0x00000000a5500000| Untracked 
|  86|0x00000000a5600000, 0x00000000a5600000, 0x00000000a5700000|  0%| F|  |TAMS 0x00000000a5600000, 0x00000000a5600000| Untracked 
|  87|0x00000000a5700000, 0x00000000a5700000, 0x00000000a5800000|  0%| F|  |TAMS 0x00000000a5700000, 0x00000000a5700000| Untracked 
|  88|0x00000000a5800000, 0x00000000a5800000, 0x00000000a5900000|  0%| F|  |TAMS 0x00000000a5800000, 0x00000000a5800000| Untracked 
|  89|0x00000000a5900000, 0x00000000a5900000, 0x00000000a5a00000|  0%| F|  |TAMS 0x00000000a5900000, 0x00000000a5900000| Untracked 
|  90|0x00000000a5a00000, 0x00000000a5a00000, 0x00000000a5b00000|  0%| F|  |TAMS 0x00000000a5a00000, 0x00000000a5a00000| Untracked 
|  91|0x00000000a5b00000, 0x00000000a5b00000, 0x00000000a5c00000|  0%| F|  |TAMS 0x00000000a5b00000, 0x00000000a5b00000| Untracked 
|  92|0x00000000a5c00000, 0x00000000a5c00000, 0x00000000a5d00000|  0%| F|  |TAMS 0x00000000a5c00000, 0x00000000a5c00000| Untracked 
|  93|0x00000000a5d00000, 0x00000000a5d00000, 0x00000000a5e00000|  0%| F|  |TAMS 0x00000000a5d00000, 0x00000000a5d00000| Untracked 
|  94|0x00000000a5e00000, 0x00000000a5e00000, 0x00000000a5f00000|  0%| F|  |TAMS 0x00000000a5e00000, 0x00000000a5e00000| Untracked 
|  95|0x00000000a5f00000, 0x00000000a5f00000, 0x00000000a6000000|  0%| F|  |TAMS 0x00000000a5f00000, 0x00000000a5f00000| Untracked 
|  96|0x00000000a6000000, 0x00000000a6000000, 0x00000000a6100000|  0%| F|  |TAMS 0x00000000a6000000, 0x00000000a6000000| Untracked 
|  97|0x00000000a6100000, 0x00000000a6100000, 0x00000000a6200000|  0%| F|  |TAMS 0x00000000a6100000, 0x00000000a6100000| Untracked 
|  98|0x00000000a6200000, 0x00000000a6200000, 0x00000000a6300000|  0%| F|  |TAMS 0x00000000a6200000, 0x00000000a6200000| Untracked 
|  99|0x00000000a6300000, 0x00000000a6300000, 0x00000000a6400000|  0%| F|  |TAMS 0x00000000a6300000, 0x00000000a6300000| Untracked 
| 100|0x00000000a6400000, 0x00000000a6400000, 0x00000000a6500000|  0%| F|  |TAMS 0x00000000a6400000, 0x00000000a6400000| Untracked 
| 101|0x00000000a6500000, 0x00000000a6500000, 0x00000000a6600000|  0%| F|  |TAMS 0x00000000a6500000, 0x00000000a6500000| Untracked 
| 102|0x00000000a6600000, 0x00000000a6600000, 0x00000000a6700000|  0%| F|  |TAMS 0x00000000a6600000, 0x00000000a6600000| Untracked 
| 103|0x00000000a6700000, 0x00000000a6700000, 0x00000000a6800000|  0%| F|  |TAMS 0x00000000a6700000, 0x00000000a6700000| Untracked 
| 104|0x00000000a6800000, 0x00000000a6800000, 0x00000000a6900000|  0%| F|  |TAMS 0x00000000a6800000, 0x00000000a6800000| Untracked 
| 105|0x00000000a6900000, 0x00000000a6900000, 0x00000000a6a00000|  0%| F|  |TAMS 0x00000000a6900000, 0x00000000a6900000| Untracked 
| 106|0x00000000a6a00000, 0x00000000a6a00000, 0x00000000a6b00000|  0%| F|  |TAMS 0x00000000a6a00000, 0x00000000a6a00000| Untracked 
| 107|0x00000000a6b00000, 0x00000000a6b00000, 0x00000000a6c00000|  0%| F|  |TAMS 0x00000000a6b00000, 0x00000000a6b00000| Untracked 
| 108|0x00000000a6c00000, 0x00000000a6c00000, 0x00000000a6d00000|  0%| F|  |TAMS 0x00000000a6c00000, 0x00000000a6c00000| Untracked 
| 109|0x00000000a6d00000, 0x00000000a6d00000, 0x00000000a6e00000|  0%| F|  |TAMS 0x00000000a6d00000, 0x00000000a6d00000| Untracked 
| 110|0x00000000a6e00000, 0x00000000a6e00000, 0x00000000a6f00000|  0%| F|  |TAMS 0x00000000a6e00000, 0x00000000a6e00000| Untracked 
| 111|0x00000000a6f00000, 0x00000000a6f00000, 0x00000000a7000000|  0%| F|  |TAMS 0x00000000a6f00000, 0x00000000a6f00000| Untracked 
| 112|0x00000000a7000000, 0x00000000a7000000, 0x00000000a7100000|  0%| F|  |TAMS 0x00000000a7000000, 0x00000000a7000000| Untracked 
| 113|0x00000000a7100000, 0x00000000a7100000, 0x00000000a7200000|  0%| F|  |TAMS 0x00000000a7100000, 0x00000000a7100000| Untracked 
| 114|0x00000000a7200000, 0x00000000a7200000, 0x00000000a7300000|  0%| F|  |TAMS 0x00000000a7200000, 0x00000000a7200000| Untracked 
| 115|0x00000000a7300000, 0x00000000a7300000, 0x00000000a7400000|  0%| F|  |TAMS 0x00000000a7300000, 0x00000000a7300000| Untracked 
| 116|0x00000000a7400000, 0x00000000a7400000, 0x00000000a7500000|  0%| F|  |TAMS 0x00000000a7400000, 0x00000000a7400000| Untracked 
| 117|0x00000000a7500000, 0x00000000a7500000, 0x00000000a7600000|  0%| F|  |TAMS 0x00000000a7500000, 0x00000000a7500000| Untracked 
| 118|0x00000000a7600000, 0x00000000a7700000, 0x00000000a7700000|100%| S|CS|TAMS 0x00000000a7600000, 0x00000000a7600000| Complete 
| 119|0x00000000a7700000, 0x00000000a7800000, 0x00000000a7800000|100%| S|CS|TAMS 0x00000000a7700000, 0x00000000a7700000| Complete 
| 120|0x00000000a7800000, 0x00000000a7900000, 0x00000000a7900000|100%| S|CS|TAMS 0x00000000a7800000, 0x00000000a7800000| Complete 
| 121|0x00000000a7900000, 0x00000000a7a00000, 0x00000000a7a00000|100%| S|CS|TAMS 0x00000000a7900000, 0x00000000a7900000| Complete 
| 122|0x00000000a7a00000, 0x00000000a7b00000, 0x00000000a7b00000|100%| S|CS|TAMS 0x00000000a7a00000, 0x00000000a7a00000| Complete 
| 123|0x00000000a7b00000, 0x00000000a7c00000, 0x00000000a7c00000|100%| S|CS|TAMS 0x00000000a7b00000, 0x00000000a7b00000| Complete 
| 124|0x00000000a7c00000, 0x00000000a7d00000, 0x00000000a7d00000|100%| S|CS|TAMS 0x00000000a7c00000, 0x00000000a7c00000| Complete 
| 125|0x00000000a7d00000, 0x00000000a7d00000, 0x00000000a7e00000|  0%| F|  |TAMS 0x00000000a7d00000, 0x00000000a7d00000| Untracked 
| 126|0x00000000a7e00000, 0x00000000a7e00000, 0x00000000a7f00000|  0%| F|  |TAMS 0x00000000a7e00000, 0x00000000a7e00000| Untracked 
| 127|0x00000000a7f00000, 0x00000000a7f00000, 0x00000000a8000000|  0%| F|  |TAMS 0x00000000a7f00000, 0x00000000a7f00000| Untracked 
| 128|0x00000000a8000000, 0x00000000a8000000, 0x00000000a8100000|  0%| F|  |TAMS 0x00000000a8000000, 0x00000000a8000000| Untracked 
| 129|0x00000000a8100000, 0x00000000a8100000, 0x00000000a8200000|  0%| F|  |TAMS 0x00000000a8100000, 0x00000000a8100000| Untracked 
| 130|0x00000000a8200000, 0x00000000a8200000, 0x00000000a8300000|  0%| F|  |TAMS 0x00000000a8200000, 0x00000000a8200000| Untracked 
| 131|0x00000000a8300000, 0x00000000a8300000, 0x00000000a8400000|  0%| F|  |TAMS 0x00000000a8300000, 0x00000000a8300000| Untracked 
| 132|0x00000000a8400000, 0x00000000a8400000, 0x00000000a8500000|  0%| F|  |TAMS 0x00000000a8400000, 0x00000000a8400000| Untracked 
| 133|0x00000000a8500000, 0x00000000a8500000, 0x00000000a8600000|  0%| F|  |TAMS 0x00000000a8500000, 0x00000000a8500000| Untracked 
| 134|0x00000000a8600000, 0x00000000a8600000, 0x00000000a8700000|  0%| F|  |TAMS 0x00000000a8600000, 0x00000000a8600000| Untracked 
| 135|0x00000000a8700000, 0x00000000a8700000, 0x00000000a8800000|  0%| F|  |TAMS 0x00000000a8700000, 0x00000000a8700000| Untracked 
| 136|0x00000000a8800000, 0x00000000a8800000, 0x00000000a8900000|  0%| F|  |TAMS 0x00000000a8800000, 0x00000000a8800000| Untracked 
| 137|0x00000000a8900000, 0x00000000a8900000, 0x00000000a8a00000|  0%| F|  |TAMS 0x00000000a8900000, 0x00000000a8900000| Untracked 
| 138|0x00000000a8a00000, 0x00000000a8a00000, 0x00000000a8b00000|  0%| F|  |TAMS 0x00000000a8a00000, 0x00000000a8a00000| Untracked 
| 139|0x00000000a8b00000, 0x00000000a8b00000, 0x00000000a8c00000|  0%| F|  |TAMS 0x00000000a8b00000, 0x00000000a8b00000| Untracked 
| 140|0x00000000a8c00000, 0x00000000a8c00000, 0x00000000a8d00000|  0%| F|  |TAMS 0x00000000a8c00000, 0x00000000a8c00000| Untracked 
| 141|0x00000000a8d00000, 0x00000000a8d00000, 0x00000000a8e00000|  0%| F|  |TAMS 0x00000000a8d00000, 0x00000000a8d00000| Untracked 
| 142|0x00000000a8e00000, 0x00000000a8e00000, 0x00000000a8f00000|  0%| F|  |TAMS 0x00000000a8e00000, 0x00000000a8e00000| Untracked 
| 143|0x00000000a8f00000, 0x00000000a8f00000, 0x00000000a9000000|  0%| F|  |TAMS 0x00000000a8f00000, 0x00000000a8f00000| Untracked 
| 144|0x00000000a9000000, 0x00000000a9000000, 0x00000000a9100000|  0%| F|  |TAMS 0x00000000a9000000, 0x00000000a9000000| Untracked 
| 145|0x00000000a9100000, 0x00000000a9100000, 0x00000000a9200000|  0%| F|  |TAMS 0x00000000a9100000, 0x00000000a9100000| Untracked 
| 146|0x00000000a9200000, 0x00000000a9200000, 0x00000000a9300000|  0%| F|  |TAMS 0x00000000a9200000, 0x00000000a9200000| Untracked 
| 147|0x00000000a9300000, 0x00000000a9300000, 0x00000000a9400000|  0%| F|  |TAMS 0x00000000a9300000, 0x00000000a9300000| Untracked 
| 148|0x00000000a9400000, 0x00000000a9400000, 0x00000000a9500000|  0%| F|  |TAMS 0x00000000a9400000, 0x00000000a9400000| Untracked 
| 149|0x00000000a9500000, 0x00000000a9500000, 0x00000000a9600000|  0%| F|  |TAMS 0x00000000a9500000, 0x00000000a9500000| Untracked 
| 150|0x00000000a9600000, 0x00000000a9600000, 0x00000000a9700000|  0%| F|  |TAMS 0x00000000a9600000, 0x00000000a9600000| Untracked 
| 151|0x00000000a9700000, 0x00000000a9700000, 0x00000000a9800000|  0%| F|  |TAMS 0x00000000a9700000, 0x00000000a9700000| Untracked 
| 152|0x00000000a9800000, 0x00000000a9800000, 0x00000000a9900000|  0%| F|  |TAMS 0x00000000a9800000, 0x00000000a9800000| Untracked 
| 153|0x00000000a9900000, 0x00000000a99eac00, 0x00000000a9a00000| 91%| E|  |TAMS 0x00000000a9900000, 0x00000000a9900000| Complete 

Card table byte_map: [0x0000016e269f0000,0x0000016e26cf0000] _byte_map_base: 0x0000016e264f0000

Marking Bits (Prev, Next): (CMBitMap*) 0x0000016e136021e0, (CMBitMap*) 0x0000016e136021a8
 Prev Bits: [0x0000016e287f0000, 0x0000016e29ff0000)
 Next Bits: [0x0000016e26ff0000, 0x0000016e287f0000)

Polling page: 0x0000016e11d20000

Metaspace:

Usage:
  Non-class:     70.59 MB capacity,    69.31 MB ( 98%) used,     1.06 MB (  2%) free+waste,   224.56 KB ( <1%) overhead. 
      Class:     11.06 MB capacity,    10.31 MB ( 93%) used,   663.47 KB (  6%) free+waste,   102.69 KB ( <1%) overhead. 
       Both:     81.65 MB capacity,    79.62 MB ( 98%) used,     1.71 MB (  2%) free+waste,   327.25 KB ( <1%) overhead. 

Virtual space:
  Non-class space:       72.00 MB reserved,      70.59 MB ( 98%) committed 
      Class space:        1.00 GB reserved,      11.07 MB (  1%) committed 
             Both:        1.07 GB reserved,      81.66 MB (  7%) committed 

Chunk freelists:
   Non-Class:  0 bytes
       Class:  2.00 KB
        Both:  2.00 KB

MaxMetaspaceSize: 17179869184.00 GB
CompressedClassSpaceSize: 1.00 GB

CodeHeap 'non-profiled nmethods': size=120064Kb used=5913Kb max_used=5913Kb free=114150Kb
 bounds [0x0000016e1eb80000, 0x0000016e1f150000, 0x0000016e260c0000]
CodeHeap 'profiled nmethods': size=120000Kb used=21097Kb max_used=21097Kb free=98902Kb
 bounds [0x0000016e17650000, 0x0000016e18af0000, 0x0000016e1eb80000]
CodeHeap 'non-nmethods': size=5696Kb used=2278Kb max_used=2329Kb free=3417Kb
 bounds [0x0000016e170c0000, 0x0000016e17330000, 0x0000016e17650000]
 total_blobs=10452 nmethods=9577 adapters=784
 compilation: enabled
              stopped_count=0, restarted_count=0
 full_count=0

Compilation events (20 events):
Event: 62.387 Thread 0x0000016e2d498800 9669       4       java.lang.Character::isSurrogate (18 bytes)
Event: 62.387 Thread 0x0000016e2c616800 9665       4       java.lang.StringUTF16::getChar (60 bytes)
Event: 62.388 Thread 0x0000016e2d498800 nmethod 9669 0x0000016e1f143b10 code [0x0000016e1f143ca0, 0x0000016e1f143cf8]
Event: 62.388 Thread 0x0000016e2d498800 9549       4       org.apache.xerces.dom.NodeImpl::isOwned (28 bytes)
Event: 62.388 Thread 0x0000016e2d498800 nmethod 9549 0x0000016e1f143d90 code [0x0000016e1f143f20, 0x0000016e1f143fb8]
Event: 62.389 Thread 0x0000016e2d498800 9511       4       com.android.ide.common.resources.ResourceMergerItem::getSourceFile (5 bytes)
Event: 62.389 Thread 0x0000016e2d498800 nmethod 9511 0x0000016e1f144090 code [0x0000016e1f144220, 0x0000016e1f144298]
Event: 62.389 Thread 0x0000016e2c616800 nmethod 9665 0x0000016e1f144310 code [0x0000016e1f1444a0, 0x0000016e1f144558]
Event: 62.389 Thread 0x0000016e2d498800 9626       4       org.apache.xerces.dom.ParentNode::item (6 bytes)
Event: 62.389 Thread 0x0000016e2c616800 9627       4       org.apache.xerces.dom.ChildNode::parentNode (16 bytes)
Event: 62.390 Thread 0x0000016e2c616800 nmethod 9627 0x0000016e1f144610 code [0x0000016e1f1447a0, 0x0000016e1f144818]
Event: 62.390 Thread 0x0000016e2c616800 9658       4       com.google.common.base.CharMatcher$Is::matches (14 bytes)
Event: 62.390 Thread 0x0000016e2c616800 nmethod 9658 0x0000016e1f144890 code [0x0000016e1f144a20, 0x0000016e1f144a98]
Event: 62.390 Thread 0x0000016e2c616800 9594       4       org.apache.xerces.dom.NodeImpl::isNormalized (56 bytes)
Event: 62.391 Thread 0x0000016e2c616800 nmethod 9594 0x0000016e1f144b10 code [0x0000016e1f144ca0, 0x0000016e1f144d58]
Event: 62.391 Thread 0x0000016e2c616800 9636       4       org.apache.xerces.dom.ParentNode::getLength (5 bytes)
Event: 62.403 Thread 0x0000016e2d498800 nmethod 9626 0x0000016e1f144e10 code [0x0000016e1f144fc0, 0x0000016e1f145578]
Event: 62.403 Thread 0x0000016e2d498800 9596       4       org.apache.xerces.dom.NodeImpl::getOwnerDocument (23 bytes)
Event: 62.403 Thread 0x0000016e2c616800 nmethod 9636 0x0000016e1f145810 code [0x0000016e1f1459c0, 0x0000016e1f145f58]
Event: 62.404 Thread 0x0000016e2d498800 nmethod 9596 0x0000016e1f146110 code [0x0000016e1f1462a0, 0x0000016e1f146398]

GC Heap History (20 events):
Event: 19.820 GC heap before
{Heap before GC invocations=10 (full 0):
 garbage-first heap   total 131072K, used 94950K [0x00000000a0000000, 0x0000000100000000)
  region size 1024K, 74 young (75776K), 8 survivors (8192K)
 Metaspace       used 45955K, capacity 47206K, committed 47516K, reserved 1091584K
  class space    used 5875K, capacity 6294K, committed 6400K, reserved 1048576K
}
Event: 19.855 GC heap after
{Heap after GC invocations=11 (full 0):
 garbage-first heap   total 157696K, used 29642K [0x00000000a0000000, 0x0000000100000000)
  region size 1024K, 8 young (8192K), 8 survivors (8192K)
 Metaspace       used 45955K, capacity 47206K, committed 47516K, reserved 1091584K
  class space    used 5875K, capacity 6294K, committed 6400K, reserved 1048576K
}
Event: 39.040 GC heap before
{Heap before GC invocations=11 (full 0):
 garbage-first heap   total 157696K, used 114634K [0x00000000a0000000, 0x0000000100000000)
  region size 1024K, 88 young (90112K), 8 survivors (8192K)
 Metaspace       used 52308K, capacity 53702K, committed 53916K, reserved 1095680K
  class space    used 6648K, capacity 7142K, committed 7168K, reserved 1048576K
}
Event: 39.078 GC heap after
{Heap after GC invocations=12 (full 0):
 garbage-first heap   total 157696K, used 42734K [0x00000000a0000000, 0x0000000100000000)
  region size 1024K, 11 young (11264K), 11 survivors (11264K)
 Metaspace       used 52308K, capacity 53702K, committed 53916K, reserved 1095680K
  class space    used 6648K, capacity 7142K, committed 7168K, reserved 1048576K
}
Event: 41.931 GC heap before
{Heap before GC invocations=12 (full 0):
 garbage-first heap   total 157696K, used 81646K [0x00000000a0000000, 0x0000000100000000)
  region size 1024K, 50 young (51200K), 11 survivors (11264K)
 Metaspace       used 59014K, capacity 60584K, committed 60636K, reserved 1101824K
  class space    used 7465K, capacity 8046K, committed 8064K, reserved 1048576K
}
Event: 41.971 GC heap after
{Heap after GC invocations=13 (full 0):
 garbage-first heap   total 157696K, used 46046K [0x00000000a0000000, 0x0000000100000000)
  region size 1024K, 3 young (3072K), 3 survivors (3072K)
 Metaspace       used 59014K, capacity 60584K, committed 60636K, reserved 1101824K
  class space    used 7465K, capacity 8046K, committed 8064K, reserved 1048576K
}
Event: 44.141 GC heap before
{Heap before GC invocations=14 (full 0):
 garbage-first heap   total 157696K, used 105438K [0x00000000a0000000, 0x0000000100000000)
  region size 1024K, 61 young (62464K), 3 survivors (3072K)
 Metaspace       used 63182K, capacity 64834K, committed 65064K, reserved 1105920K
  class space    used 8022K, capacity 8617K, committed 8652K, reserved 1048576K
}
Event: 44.162 GC heap after
{Heap after GC invocations=15 (full 0):
 garbage-first heap   total 157696K, used 50766K [0x00000000a0000000, 0x0000000100000000)
  region size 1024K, 8 young (8192K), 8 survivors (8192K)
 Metaspace       used 63182K, capacity 64834K, committed 65064K, reserved 1105920K
  class space    used 8022K, capacity 8617K, committed 8652K, reserved 1048576K
}
Event: 45.928 GC heap before
{Heap before GC invocations=15 (full 0):
 garbage-first heap   total 157696K, used 110158K [0x00000000a0000000, 0x0000000100000000)
  region size 1024K, 66 young (67584K), 8 survivors (8192K)
 Metaspace       used 67980K, capacity 69727K, committed 69928K, reserved 1110016K
  class space    used 8789K, capacity 9388K, committed 9420K, reserved 1048576K
}
Event: 45.956 GC heap after
{Heap after GC invocations=16 (full 0):
 garbage-first heap   total 157696K, used 54681K [0x00000000a0000000, 0x0000000100000000)
  region size 1024K, 5 young (5120K), 5 survivors (5120K)
 Metaspace       used 67980K, capacity 69727K, committed 69928K, reserved 1110016K
  class space    used 8789K, capacity 9388K, committed 9420K, reserved 1048576K
}
Event: 47.592 GC heap before
{Heap before GC invocations=16 (full 0):
 garbage-first heap   total 157696K, used 114073K [0x00000000a0000000, 0x0000000100000000)
  region size 1024K, 63 young (64512K), 5 survivors (5120K)
 Metaspace       used 70186K, capacity 71998K, committed 72104K, reserved 1112064K
  class space    used 9111K, capacity 9758K, committed 9804K, reserved 1048576K
}
Event: 47.614 GC heap after
{Heap after GC invocations=17 (full 0):
 garbage-first heap   total 157696K, used 58460K [0x00000000a0000000, 0x0000000100000000)
  region size 1024K, 8 young (8192K), 8 survivors (8192K)
 Metaspace       used 70186K, capacity 71998K, committed 72104K, reserved 1112064K
  class space    used 9111K, capacity 9758K, committed 9804K, reserved 1048576K
}
Event: 50.355 GC heap before
{Heap before GC invocations=17 (full 0):
 garbage-first heap   total 157696K, used 117852K [0x00000000a0000000, 0x0000000100000000)
  region size 1024K, 66 young (67584K), 8 survivors (8192K)
 Metaspace       used 76217K, capacity 78135K, committed 78376K, reserved 1118208K
  class space    used 9937K, capacity 10630K, committed 10700K, reserved 1048576K
}
Event: 50.385 GC heap after
{Heap after GC invocations=18 (full 0):
 garbage-first heap   total 157696K, used 62935K [0x00000000a0000000, 0x0000000100000000)
  region size 1024K, 9 young (9216K), 9 survivors (9216K)
 Metaspace       used 76217K, capacity 78135K, committed 78376K, reserved 1118208K
  class space    used 9937K, capacity 10630K, committed 10700K, reserved 1048576K
}
Event: 57.500 GC heap before
{Heap before GC invocations=18 (full 0):
 garbage-first heap   total 157696K, used 120279K [0x00000000a0000000, 0x0000000100000000)
  region size 1024K, 66 young (67584K), 9 survivors (9216K)
 Metaspace       used 79084K, capacity 81151K, committed 81448K, reserved 1120256K
  class space    used 10344K, capacity 11118K, committed 11212K, reserved 1048576K
}
Event: 57.543 GC heap after
{Heap after GC invocations=19 (full 0):
 garbage-first heap   total 157696K, used 67640K [0x00000000a0000000, 0x0000000100000000)
  region size 1024K, 9 young (9216K), 9 survivors (9216K)
 Metaspace       used 79084K, capacity 81151K, committed 81448K, reserved 1120256K
  class space    used 10344K, capacity 11118K, committed 11212K, reserved 1048576K
}
Event: 61.193 GC heap before
{Heap before GC invocations=19 (full 0):
 garbage-first heap   total 157696K, used 123960K [0x00000000a0000000, 0x0000000100000000)
  region size 1024K, 63 young (64512K), 9 survivors (9216K)
 Metaspace       used 80409K, capacity 82522K, committed 82856K, reserved 1120256K
  class space    used 10443K, capacity 11219K, committed 11340K, reserved 1048576K
}
Event: 61.212 GC heap after
{Heap after GC invocations=20 (full 0):
 garbage-first heap   total 157696K, used 73492K [0x00000000a0000000, 0x0000000100000000)
  region size 1024K, 5 young (5120K), 5 survivors (5120K)
 Metaspace       used 80409K, capacity 82522K, committed 82856K, reserved 1120256K
  class space    used 10443K, capacity 11219K, committed 11340K, reserved 1048576K
}
Event: 62.171 GC heap before
{Heap before GC invocations=20 (full 0):
 garbage-first heap   total 157696K, used 103188K [0x00000000a0000000, 0x0000000100000000)
  region size 1024K, 34 young (34816K), 5 survivors (5120K)
 Metaspace       used 81506K, capacity 83604K, committed 83624K, reserved 1122304K
  class space    used 10555K, capacity 11324K, committed 11340K, reserved 1048576K
}
Event: 62.196 GC heap after
{Heap after GC invocations=21 (full 0):
 garbage-first heap   total 157696K, used 83968K [0x00000000a0000000, 0x0000000100000000)
  region size 1024K, 7 young (7168K), 7 survivors (7168K)
 Metaspace       used 81506K, capacity 83604K, committed 83624K, reserved 1122304K
  class space    used 10555K, capacity 11324K, committed 11340K, reserved 1048576K
}

Deoptimization events (20 events):
Event: 62.140 Thread 0x0000016e2d49f800 Uncommon trap: trap_request=0xffffff4d fr.pc=0x0000016e1ebcb8f4 relative=0x00000000000001d4
Event: 62.140 Thread 0x0000016e2d49f800 Uncommon trap: reason=unstable_if action=reinterpret pc=0x0000016e1ebcb8f4 method=java.lang.String.lastIndexOf(II)I @ 4 c2
Event: 62.140 Thread 0x0000016e2d49f800 DEOPT PACKING pc=0x0000016e1ebcb8f4 sp=0x0000001cf72fa440
Event: 62.140 Thread 0x0000016e2d49f800 DEOPT UNPACKING pc=0x0000016e170e78af sp=0x0000001cf72fa370 mode 2
Event: 62.148 Thread 0x0000016e2d49f800 DEOPT PACKING pc=0x0000016e18ac8b78 sp=0x0000001cf72fa2f0
Event: 62.148 Thread 0x0000016e2d49f800 DEOPT UNPACKING pc=0x0000016e170e76ce sp=0x0000001cf72f9820 mode 0
Event: 62.150 Thread 0x0000016e2d49f800 DEOPT PACKING pc=0x0000016e18ac8b78 sp=0x0000001cf72fa2f0
Event: 62.150 Thread 0x0000016e2d49f800 DEOPT UNPACKING pc=0x0000016e170e76ce sp=0x0000001cf72f9820 mode 0
Event: 62.211 Thread 0x0000016e2d49f800 DEOPT PACKING pc=0x0000016e18acef5e sp=0x0000001cf72f9f60
Event: 62.211 Thread 0x0000016e2d49f800 DEOPT UNPACKING pc=0x0000016e170e76ce sp=0x0000001cf72f93f8 mode 0
Event: 62.245 Thread 0x0000016e2d49f800 DEOPT PACKING pc=0x0000016e18ab6338 sp=0x0000001cf72fa890
Event: 62.245 Thread 0x0000016e2d49f800 DEOPT UNPACKING pc=0x0000016e170e76ce sp=0x0000001cf72f9d50 mode 0
Event: 62.248 Thread 0x0000016e2fb41000 Uncommon trap: trap_request=0xffffff4d fr.pc=0x0000016e1f0d12bc relative=0x00000000000004fc
Event: 62.248 Thread 0x0000016e2fb41000 Uncommon trap: reason=unstable_if action=reinterpret pc=0x0000016e1f0d12bc method=org.gradle.internal.file.DefaultFileHierarchySet$Node.isChildOfOrThis(Ljava/lang/String;I)Z @ 35 c2
Event: 62.248 Thread 0x0000016e2fb41000 DEOPT PACKING pc=0x0000016e1f0d12bc sp=0x0000001cf5dfeb70
Event: 62.248 Thread 0x0000016e2fb41000 DEOPT UNPACKING pc=0x0000016e170e78af sp=0x0000001cf5dfead8 mode 2
Event: 62.248 Thread 0x0000016e2d49f800 Uncommon trap: trap_request=0xffffff4d fr.pc=0x0000016e1eb95c98 relative=0x0000000000000258
Event: 62.248 Thread 0x0000016e2d49f800 Uncommon trap: reason=unstable_if action=reinterpret pc=0x0000016e1eb95c98 method=java.lang.String.getChars(II[CI)V @ 23 c2
Event: 62.248 Thread 0x0000016e2d49f800 DEOPT PACKING pc=0x0000016e1eb95c98 sp=0x0000001cf72fa900
Event: 62.248 Thread 0x0000016e2d49f800 DEOPT UNPACKING pc=0x0000016e170e78af sp=0x0000001cf72fa8c0 mode 2

Classes redefined (0 events):
No events

Internal exceptions (20 events):
Event: 50.156 Thread 0x0000016e2f7d9800 Exception <a 'java/lang/ClassNotFoundException'{0x00000000a69e29a0}: com/android/build/gradle/internal/tasks/AndroidVariantTaskCustomizer> (0x00000000a69e29a0) thrown at [./src/hotspot/share/classfile/systemDictionary.cpp, line 231]
Event: 50.159 Thread 0x0000016e2f7d9800 Exception <a 'java/lang/ClassNotFoundException'{0x00000000a680cfd0}: com/android/build/gradle/internal/tasks/NewIncrementalTaskCustomizer> (0x00000000a680cfd0) thrown at [./src/hotspot/share/classfile/systemDictionary.cpp, line 231]
Event: 50.161 Thread 0x0000016e2f7d9800 Exception <a 'java/lang/ClassNotFoundException'{0x00000000a6834148}: com/android/build/gradle/tasks/MergeResourcesCustomizer> (0x00000000a6834148) thrown at [./src/hotspot/share/classfile/systemDictionary.cpp, line 231]
Event: 50.166 Thread 0x0000016e2f7d9800 Exception <a 'java/lang/ClassNotFoundException'{0x00000000a688bc90}: com/android/build/gradle/tasks/MergeResources_DecoratedCustomizer> (0x00000000a688bc90) thrown at [./src/hotspot/share/classfile/systemDictionary.cpp, line 231]
Event: 50.694 Thread 0x0000016e2fb3c000 Exception <a 'java/lang/NoSuchMethodError'{0x00000000a919acc0}: <clinit>> (0x00000000a919acc0) thrown at [./src/hotspot/share/prims/jni.cpp, line 1362]
Event: 50.695 Thread 0x0000016e2fb3c000 Exception <a 'java/lang/NoSuchMethodError'{0x00000000a91a6220}: <clinit>> (0x00000000a91a6220) thrown at [./src/hotspot/share/prims/jni.cpp, line 1362]
Event: 50.739 Thread 0x0000016e2fb3c000 Exception <a 'java/lang/NoSuchMethodError'{0x00000000a9035c90}: <clinit>> (0x00000000a9035c90) thrown at [./src/hotspot/share/prims/jni.cpp, line 1362]
Event: 50.744 Thread 0x0000016e2fb3c000 Exception <a 'java/lang/NoSuchMethodError'{0x00000000a9049cd0}: <clinit>> (0x00000000a9049cd0) thrown at [./src/hotspot/share/prims/jni.cpp, line 1362]
Event: 50.744 Thread 0x0000016e2fb3c000 Exception <a 'java/lang/NoSuchMethodError'{0x00000000a904b448}: <clinit>> (0x00000000a904b448) thrown at [./src/hotspot/share/prims/jni.cpp, line 1362]
Event: 50.795 Thread 0x0000016e2d49d800 Exception <a 'java/lang/NoSuchMethodError'{0x00000000a8e14e70}: <clinit>> (0x00000000a8e14e70) thrown at [./src/hotspot/share/prims/jni.cpp, line 1362]
Event: 50.854 Thread 0x0000016e2d49d800 Exception <a 'java/lang/NoSuchMethodError'{0x00000000a8e29288}: <clinit>> (0x00000000a8e29288) thrown at [./src/hotspot/share/prims/jni.cpp, line 1362]
Event: 50.857 Thread 0x0000016e2d49d800 Exception <a 'java/lang/NoSuchMethodError'{0x00000000a8e42778}: <clinit>> (0x00000000a8e42778) thrown at [./src/hotspot/share/prims/jni.cpp, line 1362]
Event: 51.139 Thread 0x0000016e2fb3c000 Exception <a 'java/lang/NoSuchMethodError'{0x00000000a8cacef8}: <clinit>> (0x00000000a8cacef8) thrown at [./src/hotspot/share/prims/jni.cpp, line 1362]
Event: 51.318 Thread 0x0000016e2d49f800 Exception <a 'java/lang/NoSuchMethodError'{0x00000000a8b8a680}: 'java.lang.Object java.lang.invoke.Invokers$Holder.linkToTargetMethod(java.lang.Object, java.lang.Object, java.lang.Object, int, java.lang.Object, java.lang.Object)'> (0x00000000a8b8a680) thrown at [./src/hotspot/share/interpreter/linkResolver.cpp, line 773]
Event: 51.677 Thread 0x0000016e2d49f800 Exception <a 'java/lang/IncompatibleClassChangeError'{0x00000000a8beba70}: Found class java.lang.Object, but interface was expected> (0x00000000a8beba70) thrown at [./src/hotspot/share/interpreter/linkResolver.cpp, line 839]
Event: 51.773 Thread 0x0000016e2d49f800 Exception <a 'java/lang/NoSuchMethodError'{0x00000000a89c2490}: 'int java.lang.invoke.DirectMethodHandle$Holder.invokeStaticInit(java.lang.Object, java.lang.Object, java.lang.Object, java.lang.Object, java.lang.Object)'> (0x00000000a89c2490) thrown at [./src/hotspot/share/interpreter/linkResolver.cpp, line 773]
Event: 55.310 Thread 0x0000016e2f9c2000 Exception <a 'java/lang/NoSuchMethodError'{0x00000000a7909990}: 'java.lang.Object java.lang.invoke.DirectMethodHandle$Holder.invokeSpecialIFC(java.lang.Object, java.lang.Object, java.lang.Object)'> (0x00000000a7909990) thrown at [./src/hotspot/share/interpreter/linkResolver.cpp, line 773]
Event: 57.045 Thread 0x0000016e2f9c2000 Exception <a 'java/lang/NoSuchMethodError'{0x00000000a64334f8}: 'void java.lang.invoke.DirectMethodHandle$Holder.invokeVirtual(java.lang.Object, java.lang.Object)'> (0x00000000a64334f8) thrown at [./src/hotspot/share/interpreter/linkResolver.cpp, line 773]
Event: 62.031 Thread 0x0000016e2d49f800 Implicit null exception at 0x0000016e1f11c9a8 to 0x0000016e1f11cbc4
Event: 62.043 Thread 0x0000016e2d49f800 Implicit null exception at 0x0000016e1ee76c84 to 0x0000016e1ee76e7c

Events (20 events):
Event: 62.013 loading class org/gradle/internal/watch/registry/impl/DefaultFileWatcherRegistry$MutableFileWatchingStatistics done
Event: 62.013 loading class org/gradle/internal/watch/registry/impl/DefaultFileWatcherRegistry$MutableFileWatchingStatistics
Event: 62.013 loading class org/gradle/internal/watch/registry/impl/DefaultFileWatcherRegistry$MutableFileWatchingStatistics done
Event: 62.014 loading class org/gradle/internal/watch/registry/impl/DefaultFileWatcherRegistry$3
Event: 62.014 loading class org/gradle/internal/watch/registry/impl/DefaultFileWatcherRegistry$3 done
Event: 62.014 loading class org/gradle/internal/watch/registry/FileWatcherRegistry$Type
Event: 62.014 loading class org/gradle/internal/watch/registry/FileWatcherRegistry$Type done
Event: 62.137 loading class com/android/utils/XmlUtils$PositionAwareStringBuilder
Event: 62.137 loading class com/android/utils/XmlUtils$PositionAwareStringBuilder done
Event: 62.171 Executing VM operation: G1CollectForAllocation
Event: 62.196 Executing VM operation: G1CollectForAllocation done
Event: 62.246 loading class com/google/common/io/FileWriteMode
Event: 62.246 loading class com/google/common/io/FileWriteMode done
Event: 62.246 loading class com/google/common/io/CharSink
Event: 62.246 loading class com/google/common/io/CharSink done
Event: 62.246 loading class com/google/common/io/ByteSink$AsCharSink
Event: 62.246 loading class com/google/common/io/ByteSink$AsCharSink done
Event: 62.278 loading class com/android/aaptcompiler/ResourceCompiler
Event: 62.278 loading class com/android/aaptcompiler/ResourceCompiler done
Event: 62.278 Executing VM operation: RevokeBias


Dynamic libraries:
0x00007ff677ab0000 - 0x00007ff677aba000 	C:\Program Files\Android\Android Studio\jre\bin\java.exe
0x00007ffebbb30000 - 0x00007ffebbd24000 	C:\WINDOWS\SYSTEM32\ntdll.dll
0x00007ffeba670000 - 0x00007ffeba72d000 	C:\WINDOWS\System32\KERNEL32.DLL
0x00007ffeb95c0000 - 0x00007ffeb9887000 	C:\WINDOWS\System32\KERNELBASE.dll
0x00007ffeb9440000 - 0x00007ffeb9540000 	C:\WINDOWS\System32\ucrtbase.dll
0x00007ffea07e0000 - 0x00007ffea07f9000 	C:\Program Files\Android\Android Studio\jre\bin\jli.dll
0x00007ffea07a0000 - 0x00007ffea07b7000 	C:\Program Files\Android\Android Studio\jre\bin\VCRUNTIME140.dll
0x00007ffeb9ea0000 - 0x00007ffeba040000 	C:\WINDOWS\System32\USER32.dll
0x00007ffeb9890000 - 0x00007ffeb98b2000 	C:\WINDOWS\System32\win32u.dll
0x00007ffea1f30000 - 0x00007ffea21ca000 	C:\WINDOWS\WinSxS\amd64_microsoft.windows.common-controls_6595b64144ccf1df_6.0.19041.1_none_b555e41d4684ddec\COMCTL32.dll
0x00007ffeb9dc0000 - 0x00007ffeb9dea000 	C:\WINDOWS\System32\GDI32.dll
0x00007ffeb98c0000 - 0x00007ffeb99ca000 	C:\WINDOWS\System32\gdi32full.dll
0x00007ffebb890000 - 0x00007ffebb92e000 	C:\WINDOWS\System32\msvcrt.dll
0x00007ffeb9270000 - 0x00007ffeb930d000 	C:\WINDOWS\System32\msvcp_win.dll
0x00007ffebb780000 - 0x00007ffebb7b0000 	C:\WINDOWS\System32\IMM32.DLL
0x00007ffe836a0000 - 0x00007ffe8373d000 	C:\Program Files\Android\Android Studio\jre\bin\msvcp140.dll
0x00007ffe708a0000 - 0x00007ffe7136f000 	C:\Program Files\Android\Android Studio\jre\bin\server\jvm.dll
0x00007ffebb390000 - 0x00007ffebb43a000 	C:\WINDOWS\System32\ADVAPI32.dll
0x00007ffeb9bf0000 - 0x00007ffeb9c8b000 	C:\WINDOWS\System32\sechost.dll
0x00007ffebb5f0000 - 0x00007ffebb713000 	C:\WINDOWS\System32\RPCRT4.dll
0x00007ffebbae0000 - 0x00007ffebbae8000 	C:\WINDOWS\System32\PSAPI.DLL
0x00007ffeb60b0000 - 0x00007ffeb60b9000 	C:\WINDOWS\SYSTEM32\WSOCK32.dll
0x00007ffeba5e0000 - 0x00007ffeba64b000 	C:\WINDOWS\System32\WS2_32.dll
0x00007ffeb10b0000 - 0x00007ffeb10d7000 	C:\WINDOWS\SYSTEM32\WINMM.dll
0x00007ffeb0480000 - 0x00007ffeb048a000 	C:\WINDOWS\SYSTEM32\VERSION.dll
0x00007ffeb7b80000 - 0x00007ffeb7b93000 	C:\WINDOWS\SYSTEM32\kernel.appcore.dll
0x00007ffea0800000 - 0x00007ffea0811000 	C:\Program Files\Android\Android Studio\jre\bin\verify.dll
0x00007ffeb71d0000 - 0x00007ffeb73b4000 	C:\WINDOWS\SYSTEM32\DBGHELP.DLL
0x00007ffe9edd0000 - 0x00007ffe9edfc000 	C:\WINDOWS\SYSTEM32\dbgcore.DLL
0x00007ffeb93c0000 - 0x00007ffeb943f000 	C:\WINDOWS\System32\bcryptPrimitives.dll
0x00007ffea05a0000 - 0x00007ffea05c9000 	C:\Program Files\Android\Android Studio\jre\bin\java.dll
0x00007ffeb60a0000 - 0x00007ffeb60ab000 	C:\Program Files\Android\Android Studio\jre\bin\jimage.dll
0x00007ffea0720000 - 0x00007ffea0738000 	C:\Program Files\Android\Android Studio\jre\bin\zip.dll
0x00007ffebac50000 - 0x00007ffebb381000 	C:\WINDOWS\System32\SHELL32.dll
0x00007ffeb73e0000 - 0x00007ffeb7b6a000 	C:\WINDOWS\SYSTEM32\windows.storage.dll
0x00007ffeba1c0000 - 0x00007ffeba514000 	C:\WINDOWS\System32\combase.dll
0x00007ffeb8cf0000 - 0x00007ffeb8d1b000 	C:\WINDOWS\SYSTEM32\Wldp.dll
0x00007ffebaba0000 - 0x00007ffebac4e000 	C:\WINDOWS\System32\SHCORE.dll
0x00007ffeba520000 - 0x00007ffeba575000 	C:\WINDOWS\System32\shlwapi.dll
0x00007ffeb91b0000 - 0x00007ffeb91cf000 	C:\WINDOWS\SYSTEM32\profapi.dll
0x00007ffea0580000 - 0x00007ffea059a000 	C:\Program Files\Android\Android Studio\jre\bin\net.dll
0x00007ffea1bb0000 - 0x00007ffea1cb2000 	C:\WINDOWS\SYSTEM32\WINHTTP.dll
0x00007ffeb8a70000 - 0x00007ffeb8ada000 	C:\WINDOWS\system32\mswsock.dll
0x00007ffea0560000 - 0x00007ffea0574000 	C:\Program Files\Android\Android Studio\jre\bin\nio.dll
0x00007ffeb0270000 - 0x00007ffeb0297000 	C:\Users\HP\.gradle\wrapper\dists\gradle-2.14.1-all\native\8bec1ad78214c89d9ad589b4d07fe93259594b29d510b10fafb7a158f7737e5d\windows-amd64\native-platform.dll
0x00007ffe79220000 - 0x00007ffe7935d000 	C:\Users\HP\.gradle\wrapper\dists\gradle-2.14.1-all\native\53dbd7edfb1c66fb8903c78663c9afc45aea4f116125fa6feffd364cf09443e8\windows-amd64\native-platform-file-events.dll
0x00007ffea8d00000 - 0x00007ffea8d0a000 	C:\Program Files\Android\Android Studio\jre\bin\management.dll
0x00007ffea21d0000 - 0x00007ffea21dc000 	C:\Program Files\Android\Android Studio\jre\bin\management_ext.dll
0x00007ffeb8c50000 - 0x00007ffeb8c68000 	C:\WINDOWS\SYSTEM32\CRYPTSP.dll
0x00007ffeb8390000 - 0x00007ffeb83c4000 	C:\WINDOWS\system32\rsaenh.dll
0x00007ffeb9590000 - 0x00007ffeb95b7000 	C:\WINDOWS\System32\bcrypt.dll
0x00007ffeb9130000 - 0x00007ffeb915e000 	C:\WINDOWS\SYSTEM32\USERENV.dll
0x00007ffeb8c40000 - 0x00007ffeb8c4c000 	C:\WINDOWS\SYSTEM32\CRYPTBASE.dll
0x00007ffeb8710000 - 0x00007ffeb874b000 	C:\WINDOWS\SYSTEM32\IPHLPAPI.DLL
0x00007ffeba1a0000 - 0x00007ffeba1a9000 	C:\WINDOWS\System32\NSI.dll
0x00007ffeb70f0000 - 0x00007ffeb7107000 	C:\WINDOWS\SYSTEM32\dhcpcsvc6.DLL
0x00007ffeb70d0000 - 0x00007ffeb70ed000 	C:\WINDOWS\SYSTEM32\dhcpcsvc.DLL
0x00007ffeb8760000 - 0x00007ffeb882a000 	C:\WINDOWS\SYSTEM32\DNSAPI.dll

dbghelp: loaded successfully - version: 4.0.5 - missing functions: none
symbol engine: initialized successfully - sym options: 0x614 - pdb path: .;C:\Program Files\Android\Android Studio\jre\bin;C:\WINDOWS\SYSTEM32;C:\WINDOWS\WinSxS\amd64_microsoft.windows.common-controls_6595b64144ccf1df_6.0.19041.1_none_b555e41d4684ddec;C:\Program Files\Android\Android Studio\jre\bin\server;C:\Users\HP\.gradle\wrapper\dists\gradle-2.14.1-all\native\8bec1ad78214c89d9ad589b4d07fe93259594b29d510b10fafb7a158f7737e5d\windows-amd64;C:\Users\HP\.gradle\wrapper\dists\gradle-2.14.1-all\native\53dbd7edfb1c66fb8903c78663c9afc45aea4f116125fa6feffd364cf09443e8\windows-amd64

VM Arguments:
jvm_args: --add-opens=java.base/java.util=ALL-UNNAMED --add-opens=java.base/java.lang=ALL-UNNAMED --add-opens=java.base/java.lang.invoke=ALL-UNNAMED --add-opens=java.base/java.util=ALL-UNNAMED --add-opens=java.prefs/java.util.prefs=ALL-UNNAMED --add-opens=java.prefs/java.util.prefs=ALL-UNNAMED --add-opens=java.base/java.nio.charset=ALL-UNNAMED --add-opens=java.base/java.net=ALL-UNNAMED --add-opens=java.base/java.util.concurrent.atomic=ALL-UNNAMED -Xmx1536m -Dfile.encoding=windows-1252 -Duser.country=US -Duser.language=en -Duser.variant 
java_command: org.gradle.launcher.daemon.bootstrap.GradleDaemon 7.0.2
java_class_path (initial): C:\Users\HP\.gradle\wrapper\dists\gradle-2.14.1-all\wrapper\dists\gradle-7.0.2-all\7era6s5ay7zsbhuvl0oc9g94s\gradle-7.0.2\lib\gradle-launcher-7.0.2.jar
Launcher Type: SUN_STANDARD

[Global flags]
     intx CICompilerCount                          = 3                                         {product} {ergonomic}
     uint ConcGCThreads                            = 1                                         {product} {ergonomic}
     uint G1ConcRefinementThreads                  = 4                                         {product} {ergonomic}
   size_t G1HeapRegionSize                         = 1048576                                   {product} {ergonomic}
    uintx GCDrainStackTargetSize                   = 64                                        {product} {ergonomic}
   size_t InitialHeapSize                          = 134217728                                 {product} {ergonomic}
   size_t MarkStackSize                            = 4194304                                   {product} {ergonomic}
   size_t MaxHeapSize                              = 1610612736                                {product} {command line}
   size_t MaxNewSize                               = 965738496                                 {product} {ergonomic}
   size_t MinHeapDeltaBytes                        = 1048576                                   {product} {ergonomic}
    uintx NonNMethodCodeHeapSize                   = 5830732                                {pd product} {ergonomic}
    uintx NonProfiledCodeHeapSize                  = 122913754                              {pd product} {ergonomic}
    uintx ProfiledCodeHeapSize                     = 122913754                              {pd product} {ergonomic}
    uintx ReservedCodeCacheSize                    = 251658240                              {pd product} {ergonomic}
     bool SegmentedCodeCache                       = true                                      {product} {ergonomic}
     bool UseCompressedClassPointers               = true                                 {lp64_product} {ergonomic}
     bool UseCompressedOops                        = true                                 {lp64_product} {ergonomic}
     bool UseG1GC                                  = true                                      {product} {ergonomic}
     bool UseLargePagesIndividualAllocation        = false                                  {pd product} {ergonomic}

Logging:
Log output configuration:
 #0: stdout all=warning uptime,level,tags
 #1: stderr all=off uptime,level,tags

Environment Variables:
PATH=C:\WINDOWS\system32;C:\WINDOWS;C:\WINDOWS\System32\Wbem;C:\WINDOWS\System32\WindowsPowerShell\v1.0\;C:\WINDOWS\System32\OpenSSH\;E:\New folder\;C:\Users\HP\AppData\Local\Microsoft\WindowsApps;E:\VS Code\Microsoft VS Code\bin;C:\Users\HP\AppData\Roaming\npm;C:\Users\HP\AppData\Local\GitHubDesktop\bin;C:\Users\HP\Flutter\flutter\bin;
USERNAME=HP
OS=Windows_NT
PROCESSOR_IDENTIFIER=Intel64 Family 6 Model 142 Stepping 9, GenuineIntel



---------------  S Y S T E M  ---------------

OS: Windows 10 , 64 bit Build 19041 (10.0.19041.1)
OS uptime: 0 days 4:06 hours

CPU:total 4 (initial active 4) (2 cores per cpu, 2 threads per core) family 6 model 142 stepping 9 microcode 0xb4, cmov, cx8, fxsr, mmx, sse, sse2, sse3, ssse3, sse4.1, sse4.2, popcnt, avx, avx2, aes, clmul, erms, 3dnowpref, lzcnt, ht, tsc, tscinvbit, bmi1, bmi2, adx, fma

Memory: 4k page, system-wide physical 8075M (2460M free)
TotalPageFile size 16267M (AvailPageFile size 9074M)
current process WorkingSet (physical memory assigned to process): 391M, peak: 396M
current process commit charge ("private bytes"): 421M, peak: 425M

vm_info: OpenJDK 64-Bit Server VM (11.0.10+0-b96-7249189) for windows-amd64 JRE (11.0.10+0-b96-7249189), built on Mar 31 2021 21:44:00 by "builder" with MS VC++ 14.0 (VS2015)

END.
