#
# A fatal error has been detected by the Java Runtime Environment:
#
#  EXCEPTION_ACCESS_VIOLATION (0xc0000005) at pc=0x00007ffbb743aa2f, pid=10168, tid=11092
#
# JRE version: OpenJDK Runtime Environment (11.0.10) (build 11.0.10+0-b96-7249189)
# Java VM: OpenJDK 64-Bit Server VM (11.0.10+0-b96-7249189, mixed mode, tiered, compressed oops, g1 gc, windows-amd64)
# Problematic frame:
# V  [jvm.dll+0x19aa2f]
#
# No core dump will be written. Minidumps are not enabled by default on client versions of Windows
#
# If you would like to submit a bug report, please visit:
#   https://bugreport.java.com/bugreport/crash.jsp
#

---------------  S U M M A R Y ------------

Command Line: --add-opens=java.base/java.util=ALL-UNNAMED --add-opens=java.base/java.lang=ALL-UNNAMED --add-opens=java.base/java.lang.invoke=ALL-UNNAMED --add-opens=java.base/java.util=ALL-UNNAMED --add-opens=java.prefs/java.util.prefs=ALL-UNNAMED --add-opens=java.prefs/java.util.prefs=ALL-UNNAMED --add-opens=java.base/java.nio.charset=ALL-UNNAMED --add-opens=java.base/java.net=ALL-UNNAMED --add-opens=java.base/java.util.concurrent.atomic=ALL-UNNAMED -Xmx1536m -Dfile.encoding=windows-1252 -Duser.country=US -Duser.language=en -Duser.variant org.gradle.launcher.daemon.bootstrap.GradleDaemon 7.0.2

Host: Intel(R) Core(TM) i3-7020U CPU @ 2.30GHz, 4 cores, 7G,  Windows 10 , 64 bit Build 19041 (10.0.19041.1)
Time: Tue Sep 28 19:06:32 2021 India Standard Time elapsed time: 101.890242 seconds (0d 0h 1m 41s)

---------------  T H R E A D  ---------------

Current thread (0x00000276413a3800):  JavaThread "C2 CompilerThread1" daemon [_thread_in_native, id=11092, stack(0x000000be6c500000,0x000000be6c600000)]


Current CompileTask:
C2: 101890 16797       4       com.android.tools.r8.ir.regalloc.a::a (3985 bytes)

Stack: [0x000000be6c500000,0x000000be6c600000],  sp=0x000000be6c5fbd00,  free space=1007k
Native frames: (J=compiled Java code, j=interpreted, Vv=VM code, C=native code)
V  [jvm.dll+0x19aa2f]
V  [jvm.dll+0x198016]
V  [jvm.dll+0x1fb70e]
V  [jvm.dll+0x1fa7f4]
V  [jvm.dll+0x18354c]
V  [jvm.dll+0x208ee7]
V  [jvm.dll+0x207731]
V  [jvm.dll+0x6eb1cf]
V  [jvm.dll+0x6e3d45]
V  [jvm.dll+0x5ebe96]
C  [ucrtbase.dll+0x21542]
C  [KERNEL32.DLL+0x16fd4]
C  [ntdll.dll+0x4cf31]


siginfo: EXCEPTION_ACCESS_VIOLATION (0xc0000005), reading address 0x0000000000000028


Register to memory mapping:

RIP=0x00007ffbb743aa2f jvm.dll
RAX=0x000002764aa01ab0 points into unknown readable memory: 0x0000000000000000 | 00 00 00 00 00 00 00 00
RBX=0x0000000000000001 is an unknown value
RCX=0x0 is NULL
RDX=0x0000000000000001 is an unknown value
RSP=0x000000be6c5fbd00 is pointing into the stack for thread: 0x00000276413a3800
RBP=0x00000276423ca9f8 points into unknown readable memory: 0x0001000105555455 | 55 54 55 05 01 00 01 00
RSI=0x000000be6c5fc200 is pointing into the stack for thread: 0x00000276413a3800
RDI=0x000002764d7ad568 points into unknown readable memory: 0x0000000005555455 | 55 54 55 05 00 00 00 00
R8 =
[error occurred during error reporting (printing register info), id 0xc0000005, EXCEPTION_ACCESS_VIOLATION (0xc0000005) at pc=0x00007ffbb7579dc7]

Registers:
RAX=0x000002764aa01ab0, RBX=0x0000000000000001, RCX=0x0000000000000000, RDX=0x0000000000000001
RSP=0x000000be6c5fbd00, RBP=0x00000276423ca9f8, RSI=0x000000be6c5fc200, RDI=0x000002764d7ad568
R8 =0x00000000ffffffff, R9 =0x0000000000000003, R10=0x00000276423cabb0, R11=0x00000000000000aa
R12=0x0000000000000002, R13=0x0000000000000010, R14=0x000002763f24bd50, R15=0x000002764f3e9e00
RIP=0x00007ffbb743aa2f, EFLAGS=0x0000000000010293

Top of Stack: (sp=0x000000be6c5fbd00)
0x000000be6c5fbd00:   000002764d7acd10 000002764d7acd48
0x000000be6c5fbd10:   00000276423cac08 ffffffffffffffff
0x000000be6c5fbd20:   0000048800000015 000000000000000a
0x000000be6c5fbd30:   000002764f3e9e00 0000000000000000
0x000000be6c5fbd40:   0000000000000000 0000000000000000
0x000000be6c5fbd50:   000000000000321a 0000027640943ae0
0x000000be6c5fbd60:   0000027640943af0 0000000000000008
0x000000be6c5fbd70:   00000000000003d8 000000be6c5fbea0
0x000000be6c5fbd80:   0000000000000000 000000be6c5fc2e8
0x000000be6c5fbd90:   000000be6c5fc200 00007ffbb7438016
0x000000be6c5fbda0:   000000be6c5fc200 000000be6c5fbe01
0x000000be6c5fbdb0:   000000be6c5fc201 00000000ffffffff
0x000000be6c5fbdc0:   0000000000010e00 0000000000000000
0x000000be6c5fbdd0:   000000be00000006 0000027640943ae0
0x000000be6c5fbde0:   000002764cc661e0 000002764cc68b60
0x000000be6c5fbdf0:   000002764cc6e1c8 00000000008f0b30 

Instructions: (pc=0x00007ffbb743aa2f)
0x00007ffbb743a92f:   79 c7 83 94 00 00 00 02 00 01 00 4c 8b f8 eb 6a
0x00007ffbb743a93f:   c7 83 94 00 00 00 04 00 01 00 4c 8b f8 eb 5b c7
0x00007ffbb743a94f:   83 94 00 00 00 08 00 01 00 4c 8b f8 eb 4c c7 83
0x00007ffbb743a95f:   94 00 00 00 10 00 01 00 4c 8b f8 eb 3d 48 8b cd
0x00007ffbb743a96f:   e8 0c 84 4a 00 81 8b 98 00 00 00 20 01 00 00 66
0x00007ffbb743a97f:   89 83 94 00 00 00 66 89 83 96 00 00 00 eb 16 ba
0x00007ffbb743a98f:   b6 03 00 00 48 8d 0d be 20 66 00 e8 21 7e 0a 00
0x00007ffbb743a99f:   e8 7c ae 44 00 4c 8b 7c 24 30 48 8b b4 24 a0 00
0x00007ffbb743a9af:   00 00 0f b6 9c 24 a8 00 00 00 41 83 c8 ff 41 8b
0x00007ffbb743a9bf:   7e 18 89 7c 24 28 44 89 84 24 b8 00 00 00 84 db
0x00007ffbb743a9cf:   74 2f 49 8b 06 49 8b ce ff 90 b0 00 00 00 89 84
0x00007ffbb743a9df:   24 b8 00 00 00 44 8b c0 83 f8 ff 74 14 8b d0 49
0x00007ffbb743a9ef:   8b ce e8 ea f7 37 00 44 8b c0 89 84 24 b8 00 00
0x00007ffbb743a9ff:   00 44 3b e7 0f 83 8a 02 00 00 41 8b c4 4c 8d 2c
0x00007ffbb743aa0f:   c5 00 00 00 00 0f 1f 40 00 0f 1f 84 00 00 00 00
0x00007ffbb743aa1f:   00 49 8b 46 08 4a 8b 0c 28 48 8b 86 28 01 00 00
0x00007ffbb743aa2f:   48 63 51 28 8b 3c 90 85 ff 0f 84 35 02 00 00 84
0x00007ffbb743aa3f:   db 74 11 45 3b c4 75 0c 49 8b 06 49 8b ce ff 90
0x00007ffbb743aa4f:   d8 00 00 00 80 bc 24 b0 00 00 00 00 74 13 80 be
0x00007ffbb743aa5f:   30 01 00 00 00 74 0a 45 3b 66 38 0f 83 03 02 00
0x00007ffbb743aa6f:   00 48 8b 46 70 48 8d 1c bf 48 c1 e3 05 41 8b d4
0x00007ffbb743aa7f:   49 8b ce 48 03 58 20 49 8b 06 ff 90 80 00 00 00
0x00007ffbb743aa8f:   0f b6 94 24 a8 00 00 00 48 8b e8 84 d2 75 30 49
0x00007ffbb743aa9f:   8b 4e 08 f2 41 0f 10 4f 08 f2 0f 59 ce 4a 8b 14
0x00007ffbb743aaaf:   29 48 8b 4e 48 8b 7a 28 48 8b 51 78 48 8b 0c fa
0x00007ffbb743aabf:   f2 0f 10 41 08 66 0f 2f c1 0f 87 91 00 00 00 48
0x00007ffbb743aacf:   8d 53 38 45 33 c0 48 83 c0 54 48 8d 4a 54 48 3b
0x00007ffbb743aadf:   d0 77 05 48 3b cd 73 4b bf 02 00 00 00 48 8d 42
0x00007ffbb743aaef:   10 48 8b cd 48 2b ca 44 8d 47 0e 66 0f 1f 44 00
0x00007ffbb743aaff:   00 f3 0f 6f 40 f0 f3 0f 6f 4c 01 f0 48 8d 40 20
0x00007ffbb743ab0f:   66 0f db c8 f3 0f 7f 48 d0 f3 0f 6f 54 01 e0 f3
0x00007ffbb743ab1f:   0f 6f 40 e0 66 0f db d0 f3 0f 7f 50 e0 48 83 ef 


Stack slot to memory mapping:
stack at sp + 0 slots: 0x000002764d7acd10 points into unknown readable memory: 0x0000000000000000 | 00 00 00 00 00 00 00 00
stack at sp + 1 slots: 0x000002764d7acd48 points into unknown readable memory: 0x000000000ffffcff | ff fc ff 0f 00 00 00 00
stack at sp + 2 slots: 0x00000276423cac08 points into unknown readable memory: 0x0000000000400000 | 00 00 40 00 00 00 00 00
stack at sp + 3 slots: 0xffffffffffffffff is an unknown value
stack at sp + 4 slots: 0x0000048800000015 is an unknown value
stack at sp + 5 slots: 0x000000000000000a is an unknown value
stack at sp + 6 slots: 0x000002764f3e9e00 points into unknown readable memory: 0x00007ffbb7a88568 | 68 85 a8 b7 fb 7f 00 00
stack at sp + 7 slots: 0x0 is NULL


---------------  P R O C E S S  ---------------

Threads class SMR info:
_java_thread_list=0x000002764a6fd980, length=49, elements={
0x0000027625c3c000, 0x000002763e50b000, 0x000002763e50c800, 0x000002763e527800,
0x000002763e52a000, 0x000002763e52d800, 0x000002763e539800, 0x000002763e540000,
0x000002763e541000, 0x000002763efe7800, 0x0000027640951800, 0x000002764161f000,
0x0000027641250000, 0x000002763fdcd000, 0x0000027640889800, 0x0000027640499800,
0x000002764049a800, 0x0000027640967800, 0x0000027641373000, 0x0000027641373800,
0x0000027641374800, 0x0000027641372000, 0x0000027641375800, 0x0000027641376000,
0x0000027641370800, 0x0000027641377000, 0x0000027641371000, 0x0000027642842000,
0x0000027642843000, 0x0000027642847000, 0x0000027642844800, 0x0000027642845800,
0x0000027642841000, 0x0000027642848800, 0x0000027642847800, 0x000002764284a000,
0x000002764284b000, 0x000002764284e000, 0x000002764284c800, 0x000002764284f000,
0x000002764284d800, 0x0000027642850000, 0x000002764284c000, 0x000002764860f000,
0x000002764860f800, 0x000002764860d800, 0x0000027648613000, 0x0000027648610800,
0x00000276413a3800
}

Java Threads: ( => current thread )
  0x0000027625c3c000 JavaThread "main" [_thread_blocked, id=8196, stack(0x000000be68800000,0x000000be68900000)]
  0x000002763e50b000 JavaThread "Reference Handler" daemon [_thread_blocked, id=7100, stack(0x000000be68f00000,0x000000be69000000)]
  0x000002763e50c800 JavaThread "Finalizer" daemon [_thread_blocked, id=5540, stack(0x000000be69000000,0x000000be69100000)]
  0x000002763e527800 JavaThread "Signal Dispatcher" daemon [_thread_blocked, id=2360, stack(0x000000be69100000,0x000000be69200000)]
  0x000002763e52a000 JavaThread "Attach Listener" daemon [_thread_blocked, id=5440, stack(0x000000be69200000,0x000000be69300000)]
  0x000002763e52d800 JavaThread "Service Thread" daemon [_thread_blocked, id=9840, stack(0x000000be69300000,0x000000be69400000)]
  0x000002763e539800 JavaThread "C2 CompilerThread0" daemon [_thread_in_native, id=5844, stack(0x000000be69400000,0x000000be69500000)]
  0x000002763e540000 JavaThread "C1 CompilerThread0" daemon [_thread_blocked, id=3776, stack(0x000000be69500000,0x000000be69600000)]
  0x000002763e541000 JavaThread "Sweeper thread" daemon [_thread_blocked, id=1584, stack(0x000000be69600000,0x000000be69700000)]
  0x000002763efe7800 JavaThread "Common-Cleaner" daemon [_thread_blocked, id=9896, stack(0x000000be69700000,0x000000be69800000)]
  0x0000027640951800 JavaThread "Daemon health stats" [_thread_blocked, id=9048, stack(0x000000be69c00000,0x000000be69d00000)]
  0x000002764161f000 JavaThread "Incoming local TCP Connector on port 51638" [_thread_in_native, id=3016, stack(0x000000be69900000,0x000000be69a00000)]
  0x0000027641250000 JavaThread "Daemon periodic checks" [_thread_blocked, id=10964, stack(0x000000be69d00000,0x000000be69e00000)]
  0x000002763fdcd000 JavaThread "Daemon" [_thread_blocked, id=9284, stack(0x000000be69e00000,0x000000be69f00000)]
  0x0000027640889800 JavaThread "Handler for socket connection from /127.0.0.1:51638 to /127.0.0.1:51639" [_thread_in_native, id=8424, stack(0x000000be69f00000,0x000000be6a000000)]
  0x0000027640499800 JavaThread "Cancel handler" [_thread_blocked, id=7572, stack(0x000000be6a000000,0x000000be6a100000)]
  0x000002764049a800 JavaThread "Daemon worker" [_thread_blocked, id=9132, stack(0x000000be6a100000,0x000000be6a200000)]
  0x0000027640967800 JavaThread "Asynchronous log dispatcher for DefaultDaemonConnection: socket connection from /127.0.0.1:51638 to /127.0.0.1:51639" [_thread_blocked, id=2052, stack(0x000000be6a200000,0x000000be6a300000)]
  0x0000027641373000 JavaThread "Daemon client event forwarder" [_thread_blocked, id=9508, stack(0x000000be6a500000,0x000000be6a600000)]
  0x0000027641373800 JavaThread "Cache worker for file hash cache (C:\Users\HP\.gradle\wrapper\dists\gradle-2.14.1-all\caches\7.0.2\fileHashes)" [_thread_blocked, id=10604, stack(0x000000be6a600000,0x000000be6a700000)]
  0x0000027641374800 JavaThread "File lock request listener" [_thread_in_native, id=7068, stack(0x000000be6a700000,0x000000be6a800000)]
  0x0000027641372000 JavaThread "Cache worker for journal cache (C:\Users\HP\.gradle\wrapper\dists\gradle-2.14.1-all\caches\journal-1)" [_thread_blocked, id=10320, stack(0x000000be6a800000,0x000000be6a900000)]
  0x0000027641375800 JavaThread "Cache worker for file hash cache (C:\Users\HP\AndroidStudioProjects\QuizzerExtended\Quizzer\.gradle\7.0.2\fileHashes)" [_thread_blocked, id=10316, stack(0x000000be6aa00000,0x000000be6ab00000)]
  0x0000027641376000 JavaThread "File watcher server" daemon [_thread_in_native, id=1420, stack(0x000000be6ab00000,0x000000be6ac00000)]
  0x0000027641370800 JavaThread "File watcher consumer" daemon [_thread_blocked, id=7996, stack(0x000000be6ac00000,0x000000be6ad00000)]
  0x0000027641377000 JavaThread "Cache worker for checksums cache (C:\Users\HP\AndroidStudioProjects\QuizzerExtended\Quizzer\.gradle\checksums)" [_thread_blocked, id=5608, stack(0x000000be6a900000,0x000000be6aa00000)]
  0x0000027641371000 JavaThread "Cache worker for cache directory md-supplier (C:\Users\HP\.gradle\wrapper\dists\gradle-2.14.1-all\caches\7.0.2\md-supplier)" [_thread_blocked, id=10408, stack(0x000000be6ad00000,0x000000be6ae00000)]
  0x0000027642842000 JavaThread "Cache worker for cache directory md-rule (C:\Users\HP\.gradle\wrapper\dists\gradle-2.14.1-all\caches\7.0.2\md-rule)" [_thread_blocked, id=11108, stack(0x000000be6ae00000,0x000000be6af00000)]
  0x0000027642843000 JavaThread "Cache worker for execution history cache (C:\Users\HP\.gradle\wrapper\dists\gradle-2.14.1-all\caches\7.0.2\executionHistory)" [_thread_blocked, id=428, stack(0x000000be6b000000,0x000000be6b100000)]
  0x0000027642847000 JavaThread "jar transforms" [_thread_blocked, id=7400, stack(0x000000be6b100000,0x000000be6b200000)]
  0x0000027642844800 JavaThread "jar transforms Thread 2" [_thread_blocked, id=8532, stack(0x000000be6b200000,0x000000be6b300000)]
  0x0000027642845800 JavaThread "Cache worker for file content cache (C:\Users\HP\.gradle\wrapper\dists\gradle-2.14.1-all\caches\7.0.2\fileContent)" [_thread_blocked, id=8568, stack(0x000000be6b300000,0x000000be6b400000)]
  0x0000027642841000 JavaThread "Cache worker for dependencies-accessors (C:\Users\HP\AndroidStudioProjects\QuizzerExtended\Quizzer\.gradle\7.0.2\dependencies-accessors)" [_thread_blocked, id=1924, stack(0x000000be6b400000,0x000000be6b500000)]
  0x0000027642848800 JavaThread "jar transforms Thread 3" [_thread_blocked, id=8768, stack(0x000000be6b500000,0x000000be6b600000)]
  0x0000027642847800 JavaThread "Cache worker for Build Output Cleanup Cache (C:\Users\HP\AndroidStudioProjects\QuizzerExtended\Quizzer\.gradle\buildOutputCleanup)" [_thread_blocked, id=8972, stack(0x000000be6b600000,0x000000be6b700000)]
  0x000002764284a000 JavaThread "Build operations" [_thread_blocked, id=7300, stack(0x000000be6b700000,0x000000be6b800000)]
  0x000002764284b000 JavaThread "Build operations Thread 2" [_thread_blocked, id=5660, stack(0x000000be6b800000,0x000000be6b900000)]
  0x000002764284e000 JavaThread "Build operations Thread 3" [_thread_blocked, id=9644, stack(0x000000be6b900000,0x000000be6ba00000)]
  0x000002764284c800 JavaThread "Build operations Thread 4" [_thread_in_Java, id=10076, stack(0x000000be6ba00000,0x000000be6bb00000)]
  0x000002764284f000 JavaThread "jar transforms Thread 4" [_thread_blocked, id=3840, stack(0x000000be6bb00000,0x000000be6bc00000)]
  0x000002764284d800 JavaThread "Memory manager" [_thread_blocked, id=4232, stack(0x000000be6bc00000,0x000000be6bd00000)]
  0x0000027642850000 JavaThread "build event listener" [_thread_blocked, id=9912, stack(0x000000be6bd00000,0x000000be6be00000)]
  0x000002764284c000 JavaThread "Execution worker for ':'" [_thread_blocked, id=2936, stack(0x000000be6be00000,0x000000be6bf00000)]
  0x000002764860f000 JavaThread "Execution worker for ':' Thread 2" [_thread_blocked, id=9012, stack(0x000000be6bf00000,0x000000be6c000000)]
  0x000002764860f800 JavaThread "Execution worker for ':' Thread 3" [_thread_blocked, id=8144, stack(0x000000be6c000000,0x000000be6c100000)]
  0x000002764860d800 JavaThread "Cache worker for execution history cache (C:\Users\HP\AndroidStudioProjects\QuizzerExtended\Quizzer\.gradle\7.0.2\executionHistory)" [_thread_blocked, id=11124, stack(0x000000be6c100000,0x000000be6c200000)]
  0x0000027648613000 JavaThread "Cache worker for Java compile cache (C:\Users\HP\.gradle\wrapper\dists\gradle-2.14.1-all\caches\7.0.2\javaCompile)" [_thread_blocked, id=10328, stack(0x000000be6c200000,0x000000be6c300000)]
  0x0000027648610800 JavaThread "Cache worker for Java compile cache (C:\Users\HP\AndroidStudioProjects\QuizzerExtended\Quizzer\.gradle\7.0.2\javaCompile)" [_thread_blocked, id=9316, stack(0x000000be6c300000,0x000000be6c400000)]
=>0x00000276413a3800 JavaThread "C2 CompilerThread1" daemon [_thread_in_native, id=11092, stack(0x000000be6c500000,0x000000be6c600000)]

Other Threads:
  0x000002763e4e6000 VMThread "VM Thread" [stack: 0x000000be68e00000,0x000000be68f00000] [id=1552]
  0x000002763eff4800 WatcherThread [stack: 0x000000be69800000,0x000000be69900000] [id=760]
  0x0000027623b4c000 GCTaskThread "GC Thread#0" [stack: 0x000000be68900000,0x000000be68a00000] [id=11056]
  0x000002763f25e000 GCTaskThread "GC Thread#1" [stack: 0x000000be69a00000,0x000000be69b00000] [id=7988]
  0x000002763f16a000 GCTaskThread "GC Thread#2" [stack: 0x000000be69b00000,0x000000be69c00000] [id=5768]
  0x0000027640968000 GCTaskThread "GC Thread#3" [stack: 0x000000be6a300000,0x000000be6a400000] [id=6652]
  0x0000027625c77800 ConcurrentGCThread "G1 Main Marker" [stack: 0x000000be68a00000,0x000000be68b00000] [id=6472]
  0x0000027625c79800 ConcurrentGCThread "G1 Conc#0" [stack: 0x000000be68b00000,0x000000be68c00000] [id=3896]
  0x0000027625d0e000 ConcurrentGCThread "G1 Refine#0" [stack: 0x000000be68c00000,0x000000be68d00000] [id=4228]
  0x00000276468b3000 ConcurrentGCThread "G1 Refine#1" [stack: 0x000000be6c600000,0x000000be6c700000] [id=6996]
  0x0000027625d0f000 ConcurrentGCThread "G1 Young RemSet Sampling" [stack: 0x000000be68d00000,0x000000be68e00000] [id=4040]

Threads with active compile tasks:
C2 CompilerThread0 102000 7012 %     4       org.gradle.internal.instantiation.generator.AbstractClassGenerator::inspectType @ 207 (560 bytes)
C2 CompilerThread1 102000 16797       4       com.android.tools.r8.ir.regalloc.a::a (3985 bytes)

VM state:not at safepoint (normal execution)

VM Mutex/Monitor currently owned by a thread: None

Heap address: 0x00000000a0000000, size: 1536 MB, Compressed Oops mode: 32-bit
Narrow klass base: 0x0000000000000000, Narrow klass shift: 3
Compressed class space size: 1073741824 Address: 0x0000000100000000

Heap:
 garbage-first heap   total 375808K, used 286015K [0x00000000a0000000, 0x0000000100000000)
  region size 1024K, 33 young (33792K), 6 survivors (6144K)
 Metaspace       used 103223K, capacity 105861K, committed 106060K, reserved 1140736K
  class space    used 13101K, capacity 14111K, committed 14156K, reserved 1048576K
Heap Regions: E=young(eden), S=young(survivor), O=old, HS=humongous(starts), HC=humongous(continues), CS=collection set, F=free, A=archive, TAMS=top-at-mark-start (previous, next)
|   0|0x00000000a0000000, 0x00000000a0100000, 0x00000000a0100000|100%|HS|  |TAMS 0x00000000a0100000, 0x00000000a0000000| Complete 
|   1|0x00000000a0100000, 0x00000000a0200000, 0x00000000a0200000|100%|HC|  |TAMS 0x00000000a0200000, 0x00000000a0100000| Complete 
|   2|0x00000000a0200000, 0x00000000a0300000, 0x00000000a0300000|100%|HC|  |TAMS 0x00000000a0300000, 0x00000000a0200000| Complete 
|   3|0x00000000a0300000, 0x00000000a0400000, 0x00000000a0400000|100%| O|  |TAMS 0x00000000a0400000, 0x00000000a0300000| Untracked 
|   4|0x00000000a0400000, 0x00000000a0500000, 0x00000000a0500000|100%| O|  |TAMS 0x00000000a0500000, 0x00000000a0400000| Untracked 
|   5|0x00000000a0500000, 0x00000000a0600000, 0x00000000a0600000|100%| O|  |TAMS 0x00000000a0600000, 0x00000000a0500000| Untracked 
|   6|0x00000000a0600000, 0x00000000a0700000, 0x00000000a0700000|100%| O|  |TAMS 0x00000000a0700000, 0x00000000a0600000| Untracked 
|   7|0x00000000a0700000, 0x00000000a0800000, 0x00000000a0800000|100%| O|  |TAMS 0x00000000a0800000, 0x00000000a0700000| Untracked 
|   8|0x00000000a0800000, 0x00000000a0900000, 0x00000000a0900000|100%| O|  |TAMS 0x00000000a0900000, 0x00000000a0800000| Untracked 
|   9|0x00000000a0900000, 0x00000000a0a00000, 0x00000000a0a00000|100%| O|  |TAMS 0x00000000a0a00000, 0x00000000a0900000| Untracked 
|  10|0x00000000a0a00000, 0x00000000a0b00000, 0x00000000a0b00000|100%| O|  |TAMS 0x00000000a0b00000, 0x00000000a0a00000| Untracked 
|  11|0x00000000a0b00000, 0x00000000a0c00000, 0x00000000a0c00000|100%| O|  |TAMS 0x00000000a0c00000, 0x00000000a0b00000| Untracked 
|  12|0x00000000a0c00000, 0x00000000a0d00000, 0x00000000a0d00000|100%| O|  |TAMS 0x00000000a0d00000, 0x00000000a0c00000| Untracked 
|  13|0x00000000a0d00000, 0x00000000a0e00000, 0x00000000a0e00000|100%| O|  |TAMS 0x00000000a0e00000, 0x00000000a0d00000| Untracked 
|  14|0x00000000a0e00000, 0x00000000a0f00000, 0x00000000a0f00000|100%| O|  |TAMS 0x00000000a0f00000, 0x00000000a0e00000| Untracked 
|  15|0x00000000a0f00000, 0x00000000a1000000, 0x00000000a1000000|100%| O|  |TAMS 0x00000000a1000000, 0x00000000a0f00000| Untracked 
|  16|0x00000000a1000000, 0x00000000a1100000, 0x00000000a1100000|100%| O|  |TAMS 0x00000000a1100000, 0x00000000a1000000| Untracked 
|  17|0x00000000a1100000, 0x00000000a1200000, 0x00000000a1200000|100%| O|  |TAMS 0x00000000a1200000, 0x00000000a1100000| Untracked 
|  18|0x00000000a1200000, 0x00000000a1300000, 0x00000000a1300000|100%| O|  |TAMS 0x00000000a1300000, 0x00000000a1200000| Untracked 
|  19|0x00000000a1300000, 0x00000000a1400000, 0x00000000a1400000|100%| O|  |TAMS 0x00000000a1400000, 0x00000000a1300000| Untracked 
|  20|0x00000000a1400000, 0x00000000a1500000, 0x00000000a1500000|100%| O|  |TAMS 0x00000000a1500000, 0x00000000a1400000| Untracked 
|  21|0x00000000a1500000, 0x00000000a1600000, 0x00000000a1600000|100%| O|  |TAMS 0x00000000a1600000, 0x00000000a1500000| Untracked 
|  22|0x00000000a1600000, 0x00000000a1700000, 0x00000000a1700000|100%|HS|  |TAMS 0x00000000a1700000, 0x00000000a1600000| Complete 
|  23|0x00000000a1700000, 0x00000000a1800000, 0x00000000a1800000|100%|HS|  |TAMS 0x00000000a1800000, 0x00000000a1700000| Complete 
|  24|0x00000000a1800000, 0x00000000a1900000, 0x00000000a1900000|100%|HS|  |TAMS 0x00000000a1900000, 0x00000000a1800000| Complete 
|  25|0x00000000a1900000, 0x00000000a1a00000, 0x00000000a1a00000|100%|HC|  |TAMS 0x00000000a1a00000, 0x00000000a1900000| Complete 
|  26|0x00000000a1a00000, 0x00000000a1b00000, 0x00000000a1b00000|100%| O|  |TAMS 0x00000000a1b00000, 0x00000000a1a00000| Untracked 
|  27|0x00000000a1b00000, 0x00000000a1c00000, 0x00000000a1c00000|100%| O|  |TAMS 0x00000000a1c00000, 0x00000000a1b00000| Untracked 
|  28|0x00000000a1c00000, 0x00000000a1d00000, 0x00000000a1d00000|100%| O|  |TAMS 0x00000000a1d00000, 0x00000000a1c00000| Untracked 
|  29|0x00000000a1d00000, 0x00000000a1e00000, 0x00000000a1e00000|100%| O|  |TAMS 0x00000000a1e00000, 0x00000000a1d00000| Untracked 
|  30|0x00000000a1e00000, 0x00000000a1f00000, 0x00000000a1f00000|100%| O|  |TAMS 0x00000000a1f00000, 0x00000000a1e00000| Untracked 
|  31|0x00000000a1f00000, 0x00000000a2000000, 0x00000000a2000000|100%| O|  |TAMS 0x00000000a2000000, 0x00000000a1f00000| Untracked 
|  32|0x00000000a2000000, 0x00000000a2100000, 0x00000000a2100000|100%| O|  |TAMS 0x00000000a2100000, 0x00000000a2000000| Untracked 
|  33|0x00000000a2100000, 0x00000000a2200000, 0x00000000a2200000|100%| O|  |TAMS 0x00000000a2200000, 0x00000000a2100000| Untracked 
|  34|0x00000000a2200000, 0x00000000a2300000, 0x00000000a2300000|100%| O|  |TAMS 0x00000000a2300000, 0x00000000a2200000| Untracked 
|  35|0x00000000a2300000, 0x00000000a2400000, 0x00000000a2400000|100%| O|  |TAMS 0x00000000a2400000, 0x00000000a2300000| Untracked 
|  36|0x00000000a2400000, 0x00000000a2500000, 0x00000000a2500000|100%| O|  |TAMS 0x00000000a2500000, 0x00000000a2400000| Untracked 
|  37|0x00000000a2500000, 0x00000000a2600000, 0x00000000a2600000|100%| O|  |TAMS 0x00000000a2600000, 0x00000000a2500000| Untracked 
|  38|0x00000000a2600000, 0x00000000a2700000, 0x00000000a2700000|100%| O|  |TAMS 0x00000000a2700000, 0x00000000a2600000| Untracked 
|  39|0x00000000a2700000, 0x00000000a2800000, 0x00000000a2800000|100%| O|  |TAMS 0x00000000a2800000, 0x00000000a2700000| Untracked 
|  40|0x00000000a2800000, 0x00000000a2900000, 0x00000000a2900000|100%| O|  |TAMS 0x00000000a2900000, 0x00000000a2800000| Untracked 
|  41|0x00000000a2900000, 0x00000000a2a00000, 0x00000000a2a00000|100%| O|  |TAMS 0x00000000a2a00000, 0x00000000a2900000| Untracked 
|  42|0x00000000a2a00000, 0x00000000a2b00000, 0x00000000a2b00000|100%| O|  |TAMS 0x00000000a2b00000, 0x00000000a2a00000| Untracked 
|  43|0x00000000a2b00000, 0x00000000a2c00000, 0x00000000a2c00000|100%| O|  |TAMS 0x00000000a2c00000, 0x00000000a2b00000| Untracked 
|  44|0x00000000a2c00000, 0x00000000a2d00000, 0x00000000a2d00000|100%| O|  |TAMS 0x00000000a2d00000, 0x00000000a2c00000| Untracked 
|  45|0x00000000a2d00000, 0x00000000a2e00000, 0x00000000a2e00000|100%| O|  |TAMS 0x00000000a2e00000, 0x00000000a2d00000| Untracked 
|  46|0x00000000a2e00000, 0x00000000a2f00000, 0x00000000a2f00000|100%| O|  |TAMS 0x00000000a2f00000, 0x00000000a2e00000| Untracked 
|  47|0x00000000a2f00000, 0x00000000a3000000, 0x00000000a3000000|100%| O|  |TAMS 0x00000000a3000000, 0x00000000a2f00000| Untracked 
|  48|0x00000000a3000000, 0x00000000a3100000, 0x00000000a3100000|100%| O|  |TAMS 0x00000000a3100000, 0x00000000a3000000| Untracked 
|  49|0x00000000a3100000, 0x00000000a3200000, 0x00000000a3200000|100%| O|  |TAMS 0x00000000a3200000, 0x00000000a3100000| Untracked 
|  50|0x00000000a3200000, 0x00000000a3300000, 0x00000000a3300000|100%| O|  |TAMS 0x00000000a3300000, 0x00000000a3200000| Untracked 
|  51|0x00000000a3300000, 0x00000000a3400000, 0x00000000a3400000|100%| O|  |TAMS 0x00000000a3400000, 0x00000000a3300000| Untracked 
|  52|0x00000000a3400000, 0x00000000a3500000, 0x00000000a3500000|100%| O|  |TAMS 0x00000000a3500000, 0x00000000a3400000| Untracked 
|  53|0x00000000a3500000, 0x00000000a3600000, 0x00000000a3600000|100%| O|  |TAMS 0x00000000a3600000, 0x00000000a3500000| Untracked 
|  54|0x00000000a3600000, 0x00000000a3700000, 0x00000000a3700000|100%| O|  |TAMS 0x00000000a3700000, 0x00000000a3600000| Untracked 
|  55|0x00000000a3700000, 0x00000000a3800000, 0x00000000a3800000|100%| O|  |TAMS 0x00000000a3800000, 0x00000000a3700000| Untracked 
|  56|0x00000000a3800000, 0x00000000a3900000, 0x00000000a3900000|100%| O|  |TAMS 0x00000000a3900000, 0x00000000a3800000| Untracked 
|  57|0x00000000a3900000, 0x00000000a3a00000, 0x00000000a3a00000|100%| O|  |TAMS 0x00000000a3a00000, 0x00000000a3900000| Untracked 
|  58|0x00000000a3a00000, 0x00000000a3b00000, 0x00000000a3b00000|100%| O|  |TAMS 0x00000000a3b00000, 0x00000000a3a00000| Untracked 
|  59|0x00000000a3b00000, 0x00000000a3c00000, 0x00000000a3c00000|100%| O|  |TAMS 0x00000000a3c00000, 0x00000000a3b00000| Untracked 
|  60|0x00000000a3c00000, 0x00000000a3d00000, 0x00000000a3d00000|100%| O|  |TAMS 0x00000000a3d00000, 0x00000000a3c00000| Untracked 
|  61|0x00000000a3d00000, 0x00000000a3e00000, 0x00000000a3e00000|100%| O|  |TAMS 0x00000000a3e00000, 0x00000000a3d00000| Untracked 
|  62|0x00000000a3e00000, 0x00000000a3f00000, 0x00000000a3f00000|100%| O|  |TAMS 0x00000000a3f00000, 0x00000000a3e00000| Untracked 
|  63|0x00000000a3f00000, 0x00000000a4000000, 0x00000000a4000000|100%| O|  |TAMS 0x00000000a4000000, 0x00000000a3f00000| Untracked 
|  64|0x00000000a4000000, 0x00000000a4100000, 0x00000000a4100000|100%| O|  |TAMS 0x00000000a4100000, 0x00000000a4000000| Untracked 
|  65|0x00000000a4100000, 0x00000000a4200000, 0x00000000a4200000|100%| O|  |TAMS 0x00000000a4200000, 0x00000000a4100000| Untracked 
|  66|0x00000000a4200000, 0x00000000a4300000, 0x00000000a4300000|100%| O|  |TAMS 0x00000000a4300000, 0x00000000a4200000| Untracked 
|  67|0x00000000a4300000, 0x00000000a4400000, 0x00000000a4400000|100%| O|  |TAMS 0x00000000a4400000, 0x00000000a4300000| Untracked 
|  68|0x00000000a4400000, 0x00000000a4500000, 0x00000000a4500000|100%| O|  |TAMS 0x00000000a4500000, 0x00000000a4400000| Untracked 
|  69|0x00000000a4500000, 0x00000000a4600000, 0x00000000a4600000|100%| O|  |TAMS 0x00000000a4600000, 0x00000000a4500000| Untracked 
|  70|0x00000000a4600000, 0x00000000a4700000, 0x00000000a4700000|100%| O|  |TAMS 0x00000000a4600000, 0x00000000a4600000| Untracked 
|  71|0x00000000a4700000, 0x00000000a4800000, 0x00000000a4800000|100%| O|  |TAMS 0x00000000a4800000, 0x00000000a4700000| Untracked 
|  72|0x00000000a4800000, 0x00000000a4900000, 0x00000000a4900000|100%| O|  |TAMS 0x00000000a4900000, 0x00000000a4800000| Untracked 
|  73|0x00000000a4900000, 0x00000000a4a00000, 0x00000000a4a00000|100%| O|  |TAMS 0x00000000a4a00000, 0x00000000a4900000| Untracked 
|  74|0x00000000a4a00000, 0x00000000a4b00000, 0x00000000a4b00000|100%| O|  |TAMS 0x00000000a4b00000, 0x00000000a4a00000| Untracked 
|  75|0x00000000a4b00000, 0x00000000a4c00000, 0x00000000a4c00000|100%| O|  |TAMS 0x00000000a4c00000, 0x00000000a4b00000| Untracked 
|  76|0x00000000a4c00000, 0x00000000a4d00000, 0x00000000a4d00000|100%| O|  |TAMS 0x00000000a4d00000, 0x00000000a4c00000| Untracked 
|  77|0x00000000a4d00000, 0x00000000a4e00000, 0x00000000a4e00000|100%| O|  |TAMS 0x00000000a4e00000, 0x00000000a4d00000| Untracked 
|  78|0x00000000a4e00000, 0x00000000a4f00000, 0x00000000a4f00000|100%| O|  |TAMS 0x00000000a4f00000, 0x00000000a4e00000| Untracked 
|  79|0x00000000a4f00000, 0x00000000a5000000, 0x00000000a5000000|100%| O|  |TAMS 0x00000000a5000000, 0x00000000a4f00000| Untracked 
|  80|0x00000000a5000000, 0x00000000a5100000, 0x00000000a5100000|100%| O|  |TAMS 0x00000000a5100000, 0x00000000a5000000| Untracked 
|  81|0x00000000a5100000, 0x00000000a5200000, 0x00000000a5200000|100%| O|  |TAMS 0x00000000a5200000, 0x00000000a5100000| Untracked 
|  82|0x00000000a5200000, 0x00000000a5300000, 0x00000000a5300000|100%| O|  |TAMS 0x00000000a5300000, 0x00000000a5200000| Untracked 
|  83|0x00000000a5300000, 0x00000000a5400000, 0x00000000a5400000|100%| O|  |TAMS 0x00000000a5400000, 0x00000000a5300000| Untracked 
|  84|0x00000000a5400000, 0x00000000a5500000, 0x00000000a5500000|100%| O|  |TAMS 0x00000000a5500000, 0x00000000a5400000| Untracked 
|  85|0x00000000a5500000, 0x00000000a5600000, 0x00000000a5600000|100%| O|  |TAMS 0x00000000a5600000, 0x00000000a5500000| Untracked 
|  86|0x00000000a5600000, 0x00000000a5700000, 0x00000000a5700000|100%| O|  |TAMS 0x00000000a5600000, 0x00000000a5600000| Untracked 
|  87|0x00000000a5700000, 0x00000000a5800000, 0x00000000a5800000|100%| O|  |TAMS 0x00000000a5713600, 0x00000000a5700000| Untracked 
|  88|0x00000000a5800000, 0x00000000a5900000, 0x00000000a5900000|100%| O|  |TAMS 0x00000000a5900000, 0x00000000a5800000| Untracked 
|  89|0x00000000a5900000, 0x00000000a5a00000, 0x00000000a5a00000|100%| O|  |TAMS 0x00000000a5a00000, 0x00000000a5900000| Untracked 
|  90|0x00000000a5a00000, 0x00000000a5b00000, 0x00000000a5b00000|100%| O|  |TAMS 0x00000000a5b00000, 0x00000000a5a00000| Untracked 
|  91|0x00000000a5b00000, 0x00000000a5c00000, 0x00000000a5c00000|100%| O|  |TAMS 0x00000000a5c00000, 0x00000000a5b00000| Untracked 
|  92|0x00000000a5c00000, 0x00000000a5d00000, 0x00000000a5d00000|100%| O|  |TAMS 0x00000000a5d00000, 0x00000000a5c00000| Untracked 
|  93|0x00000000a5d00000, 0x00000000a5e00000, 0x00000000a5e00000|100%| O|  |TAMS 0x00000000a5d00000, 0x00000000a5d00000| Untracked 
|  94|0x00000000a5e00000, 0x00000000a5f00000, 0x00000000a5f00000|100%| O|  |TAMS 0x00000000a5f00000, 0x00000000a5e00000| Untracked 
|  95|0x00000000a5f00000, 0x00000000a6000000, 0x00000000a6000000|100%| O|  |TAMS 0x00000000a6000000, 0x00000000a5f00000| Untracked 
|  96|0x00000000a6000000, 0x00000000a6100000, 0x00000000a6100000|100%| O|  |TAMS 0x00000000a6000000, 0x00000000a6000000| Untracked 
|  97|0x00000000a6100000, 0x00000000a6200000, 0x00000000a6200000|100%| O|  |TAMS 0x00000000a6200000, 0x00000000a6100000| Untracked 
|  98|0x00000000a6200000, 0x00000000a6300000, 0x00000000a6300000|100%| O|  |TAMS 0x00000000a6300000, 0x00000000a6200000| Untracked 
|  99|0x00000000a6300000, 0x00000000a6400000, 0x00000000a6400000|100%| O|  |TAMS 0x00000000a6400000, 0x00000000a6300000| Untracked 
| 100|0x00000000a6400000, 0x00000000a6500000, 0x00000000a6500000|100%| O|  |TAMS 0x00000000a6400000, 0x00000000a6400000| Untracked 
| 101|0x00000000a6500000, 0x00000000a6600000, 0x00000000a6600000|100%| O|  |TAMS 0x00000000a6600000, 0x00000000a6500000| Untracked 
| 102|0x00000000a6600000, 0x00000000a6700000, 0x00000000a6700000|100%| O|  |TAMS 0x00000000a6600000, 0x00000000a6600000| Untracked 
| 103|0x00000000a6700000, 0x00000000a6800000, 0x00000000a6800000|100%| O|  |TAMS 0x00000000a6800000, 0x00000000a6700000| Untracked 
| 104|0x00000000a6800000, 0x00000000a6900000, 0x00000000a6900000|100%| O|  |TAMS 0x00000000a6900000, 0x00000000a6800000| Untracked 
| 105|0x00000000a6900000, 0x00000000a6a00000, 0x00000000a6a00000|100%| O|  |TAMS 0x00000000a6a00000, 0x00000000a6900000| Untracked 
| 106|0x00000000a6a00000, 0x00000000a6b00000, 0x00000000a6b00000|100%| O|  |TAMS 0x00000000a6b00000, 0x00000000a6a00000| Untracked 
| 107|0x00000000a6b00000, 0x00000000a6c00000, 0x00000000a6c00000|100%| O|  |TAMS 0x00000000a6c00000, 0x00000000a6b00000| Untracked 
| 108|0x00000000a6c00000, 0x00000000a6d00000, 0x00000000a6d00000|100%| O|  |TAMS 0x00000000a6d00000, 0x00000000a6c00000| Untracked 
| 109|0x00000000a6d00000, 0x00000000a6e00000, 0x00000000a6e00000|100%| O|  |TAMS 0x00000000a6e00000, 0x00000000a6d00000| Untracked 
| 110|0x00000000a6e00000, 0x00000000a6f00000, 0x00000000a6f00000|100%| O|  |TAMS 0x00000000a6f00000, 0x00000000a6e00000| Untracked 
| 111|0x00000000a6f00000, 0x00000000a7000000, 0x00000000a7000000|100%| O|  |TAMS 0x00000000a7000000, 0x00000000a6f00000| Untracked 
| 112|0x00000000a7000000, 0x00000000a7100000, 0x00000000a7100000|100%| O|  |TAMS 0x00000000a7100000, 0x00000000a7000000| Untracked 
| 113|0x00000000a7100000, 0x00000000a7200000, 0x00000000a7200000|100%| O|  |TAMS 0x00000000a7200000, 0x00000000a7100000| Untracked 
| 114|0x00000000a7200000, 0x00000000a7300000, 0x00000000a7300000|100%| O|  |TAMS 0x00000000a7300000, 0x00000000a7200000| Untracked 
| 115|0x00000000a7300000, 0x00000000a7400000, 0x00000000a7400000|100%| O|  |TAMS 0x00000000a7400000, 0x00000000a7300000| Untracked 
| 116|0x00000000a7400000, 0x00000000a7500000, 0x00000000a7500000|100%| O|  |TAMS 0x00000000a7500000, 0x00000000a7400000| Untracked 
| 117|0x00000000a7500000, 0x00000000a7600000, 0x00000000a7600000|100%| O|  |TAMS 0x00000000a7600000, 0x00000000a7500000| Untracked 
| 118|0x00000000a7600000, 0x00000000a7700000, 0x00000000a7700000|100%| O|  |TAMS 0x00000000a7700000, 0x00000000a7600000| Untracked 
| 119|0x00000000a7700000, 0x00000000a7800000, 0x00000000a7800000|100%| O|  |TAMS 0x00000000a7800000, 0x00000000a7700000| Untracked 
| 120|0x00000000a7800000, 0x00000000a7900000, 0x00000000a7900000|100%| O|  |TAMS 0x00000000a7900000, 0x00000000a7800000| Untracked 
| 121|0x00000000a7900000, 0x00000000a7a00000, 0x00000000a7a00000|100%| O|  |TAMS 0x00000000a7a00000, 0x00000000a7900000| Untracked 
| 122|0x00000000a7a00000, 0x00000000a7b00000, 0x00000000a7b00000|100%| O|  |TAMS 0x00000000a7b00000, 0x00000000a7a00000| Untracked 
| 123|0x00000000a7b00000, 0x00000000a7c00000, 0x00000000a7c00000|100%| O|  |TAMS 0x00000000a7c00000, 0x00000000a7b00000| Untracked 
| 124|0x00000000a7c00000, 0x00000000a7d00000, 0x00000000a7d00000|100%| O|  |TAMS 0x00000000a7d00000, 0x00000000a7c00000| Untracked 
| 125|0x00000000a7d00000, 0x00000000a7e00000, 0x00000000a7e00000|100%|HS|  |TAMS 0x00000000a7e00000, 0x00000000a7d00000| Complete 
| 126|0x00000000a7e00000, 0x00000000a7f00000, 0x00000000a7f00000|100%| O|  |TAMS 0x00000000a7f00000, 0x00000000a7e00000| Untracked 
| 127|0x00000000a7f00000, 0x00000000a8000000, 0x00000000a8000000|100%| O|  |TAMS 0x00000000a8000000, 0x00000000a7f00000| Untracked 
| 128|0x00000000a8000000, 0x00000000a8100000, 0x00000000a8100000|100%| O|  |TAMS 0x00000000a8100000, 0x00000000a8000000| Untracked 
| 129|0x00000000a8100000, 0x00000000a8200000, 0x00000000a8200000|100%| O|  |TAMS 0x00000000a8200000, 0x00000000a8100000| Untracked 
| 130|0x00000000a8200000, 0x00000000a8300000, 0x00000000a8300000|100%| O|  |TAMS 0x00000000a8300000, 0x00000000a8200000| Untracked 
| 131|0x00000000a8300000, 0x00000000a8400000, 0x00000000a8400000|100%| O|  |TAMS 0x00000000a8400000, 0x00000000a8300000| Untracked 
| 132|0x00000000a8400000, 0x00000000a8500000, 0x00000000a8500000|100%| O|  |TAMS 0x00000000a8500000, 0x00000000a8400000| Untracked 
| 133|0x00000000a8500000, 0x00000000a8600000, 0x00000000a8600000|100%| O|  |TAMS 0x00000000a8600000, 0x00000000a8500000| Untracked 
| 134|0x00000000a8600000, 0x00000000a8700000, 0x00000000a8700000|100%| O|  |TAMS 0x00000000a8700000, 0x00000000a8600000| Untracked 
| 135|0x00000000a8700000, 0x00000000a8800000, 0x00000000a8800000|100%| O|  |TAMS 0x00000000a8800000, 0x00000000a8700000| Untracked 
| 136|0x00000000a8800000, 0x00000000a8900000, 0x00000000a8900000|100%| O|  |TAMS 0x00000000a8900000, 0x00000000a8800000| Untracked 
| 137|0x00000000a8900000, 0x00000000a8a00000, 0x00000000a8a00000|100%| O|  |TAMS 0x00000000a8a00000, 0x00000000a8900000| Untracked 
| 138|0x00000000a8a00000, 0x00000000a8b00000, 0x00000000a8b00000|100%| O|  |TAMS 0x00000000a8b00000, 0x00000000a8a00000| Untracked 
| 139|0x00000000a8b00000, 0x00000000a8c00000, 0x00000000a8c00000|100%| O|  |TAMS 0x00000000a8c00000, 0x00000000a8b00000| Untracked 
| 140|0x00000000a8c00000, 0x00000000a8d00000, 0x00000000a8d00000|100%| O|  |TAMS 0x00000000a8d00000, 0x00000000a8c00000| Untracked 
| 141|0x00000000a8d00000, 0x00000000a8e00000, 0x00000000a8e00000|100%| O|  |TAMS 0x00000000a8e00000, 0x00000000a8d00000| Untracked 
| 142|0x00000000a8e00000, 0x00000000a8f00000, 0x00000000a8f00000|100%| O|  |TAMS 0x00000000a8f00000, 0x00000000a8e00000| Untracked 
| 143|0x00000000a8f00000, 0x00000000a9000000, 0x00000000a9000000|100%| O|  |TAMS 0x00000000a9000000, 0x00000000a8f00000| Untracked 
| 144|0x00000000a9000000, 0x00000000a9100000, 0x00000000a9100000|100%| O|  |TAMS 0x00000000a9100000, 0x00000000a9000000| Untracked 
| 145|0x00000000a9100000, 0x00000000a9200000, 0x00000000a9200000|100%| O|  |TAMS 0x00000000a9200000, 0x00000000a9100000| Untracked 
| 146|0x00000000a9200000, 0x00000000a9300000, 0x00000000a9300000|100%| O|  |TAMS 0x00000000a9300000, 0x00000000a9200000| Untracked 
| 147|0x00000000a9300000, 0x00000000a9400000, 0x00000000a9400000|100%| O|  |TAMS 0x00000000a9400000, 0x00000000a9300000| Untracked 
| 148|0x00000000a9400000, 0x00000000a9500000, 0x00000000a9500000|100%| O|  |TAMS 0x00000000a9500000, 0x00000000a9400000| Untracked 
| 149|0x00000000a9500000, 0x00000000a9600000, 0x00000000a9600000|100%| O|  |TAMS 0x00000000a9500000, 0x00000000a9500000| Untracked 
| 150|0x00000000a9600000, 0x00000000a9700000, 0x00000000a9700000|100%| O|  |TAMS 0x00000000a9600000, 0x00000000a9600000| Untracked 
| 151|0x00000000a9700000, 0x00000000a9800000, 0x00000000a9800000|100%| O|  |TAMS 0x00000000a9700000, 0x00000000a9700000| Untracked 
| 152|0x00000000a9800000, 0x00000000a9900000, 0x00000000a9900000|100%| O|  |TAMS 0x00000000a9800000, 0x00000000a9800000| Untracked 
| 153|0x00000000a9900000, 0x00000000a9a00000, 0x00000000a9a00000|100%| O|  |TAMS 0x00000000a9900000, 0x00000000a9900000| Untracked 
| 154|0x00000000a9a00000, 0x00000000a9b00000, 0x00000000a9b00000|100%| O|  |TAMS 0x00000000a9a00000, 0x00000000a9a00000| Untracked 
| 155|0x00000000a9b00000, 0x00000000a9c00000, 0x00000000a9c00000|100%| O|  |TAMS 0x00000000a9b00000, 0x00000000a9b00000| Untracked 
| 156|0x00000000a9c00000, 0x00000000a9d00000, 0x00000000a9d00000|100%| O|  |TAMS 0x00000000a9c00000, 0x00000000a9c00000| Untracked 
| 157|0x00000000a9d00000, 0x00000000a9e00000, 0x00000000a9e00000|100%| O|  |TAMS 0x00000000a9d00000, 0x00000000a9d00000| Untracked 
| 158|0x00000000a9e00000, 0x00000000a9f00000, 0x00000000a9f00000|100%| O|  |TAMS 0x00000000a9e00000, 0x00000000a9e00000| Untracked 
| 159|0x00000000a9f00000, 0x00000000aa000000, 0x00000000aa000000|100%| O|  |TAMS 0x00000000a9f00000, 0x00000000a9f00000| Untracked 
| 160|0x00000000aa000000, 0x00000000aa100000, 0x00000000aa100000|100%| O|  |TAMS 0x00000000aa000000, 0x00000000aa000000| Untracked 
| 161|0x00000000aa100000, 0x00000000aa200000, 0x00000000aa200000|100%| O|  |TAMS 0x00000000aa100000, 0x00000000aa100000| Untracked 
| 162|0x00000000aa200000, 0x00000000aa300000, 0x00000000aa300000|100%| O|  |TAMS 0x00000000aa200000, 0x00000000aa200000| Untracked 
| 163|0x00000000aa300000, 0x00000000aa400000, 0x00000000aa400000|100%| O|  |TAMS 0x00000000aa300000, 0x00000000aa300000| Untracked 
| 164|0x00000000aa400000, 0x00000000aa500000, 0x00000000aa500000|100%| O|  |TAMS 0x00000000aa400000, 0x00000000aa400000| Untracked 
| 165|0x00000000aa500000, 0x00000000aa600000, 0x00000000aa600000|100%| O|  |TAMS 0x00000000aa500000, 0x00000000aa500000| Untracked 
| 166|0x00000000aa600000, 0x00000000aa700000, 0x00000000aa700000|100%| O|  |TAMS 0x00000000aa600000, 0x00000000aa600000| Untracked 
| 167|0x00000000aa700000, 0x00000000aa800000, 0x00000000aa800000|100%| O|  |TAMS 0x00000000aa700000, 0x00000000aa700000| Untracked 
| 168|0x00000000aa800000, 0x00000000aa900000, 0x00000000aa900000|100%| O|  |TAMS 0x00000000aa800000, 0x00000000aa800000| Untracked 
| 169|0x00000000aa900000, 0x00000000aaa00000, 0x00000000aaa00000|100%| O|  |TAMS 0x00000000aa900000, 0x00000000aa900000| Untracked 
| 170|0x00000000aaa00000, 0x00000000aab00000, 0x00000000aab00000|100%| O|  |TAMS 0x00000000aaa00000, 0x00000000aaa00000| Untracked 
| 171|0x00000000aab00000, 0x00000000aac00000, 0x00000000aac00000|100%| O|  |TAMS 0x00000000aab00000, 0x00000000aab00000| Untracked 
| 172|0x00000000aac00000, 0x00000000aad00000, 0x00000000aad00000|100%| O|  |TAMS 0x00000000aac00000, 0x00000000aac00000| Untracked 
| 173|0x00000000aad00000, 0x00000000aae00000, 0x00000000aae00000|100%| O|  |TAMS 0x00000000aad00000, 0x00000000aad00000| Untracked 
| 174|0x00000000aae00000, 0x00000000aaf00000, 0x00000000aaf00000|100%| O|  |TAMS 0x00000000aae00000, 0x00000000aae00000| Untracked 
| 175|0x00000000aaf00000, 0x00000000ab000000, 0x00000000ab000000|100%| O|  |TAMS 0x00000000aaf00000, 0x00000000aaf00000| Untracked 
| 176|0x00000000ab000000, 0x00000000ab100000, 0x00000000ab100000|100%| O|  |TAMS 0x00000000ab000000, 0x00000000ab000000| Untracked 
| 177|0x00000000ab100000, 0x00000000ab200000, 0x00000000ab200000|100%| O|  |TAMS 0x00000000ab100000, 0x00000000ab100000| Untracked 
| 178|0x00000000ab200000, 0x00000000ab300000, 0x00000000ab300000|100%| O|  |TAMS 0x00000000ab200000, 0x00000000ab200000| Untracked 
| 179|0x00000000ab300000, 0x00000000ab400000, 0x00000000ab400000|100%| O|  |TAMS 0x00000000ab300000, 0x00000000ab300000| Untracked 
| 180|0x00000000ab400000, 0x00000000ab500000, 0x00000000ab500000|100%| O|  |TAMS 0x00000000ab400000, 0x00000000ab400000| Untracked 
| 181|0x00000000ab500000, 0x00000000ab600000, 0x00000000ab600000|100%| O|  |TAMS 0x00000000ab500000, 0x00000000ab500000| Untracked 
| 182|0x00000000ab600000, 0x00000000ab700000, 0x00000000ab700000|100%| O|  |TAMS 0x00000000ab600000, 0x00000000ab600000| Untracked 
| 183|0x00000000ab700000, 0x00000000ab800000, 0x00000000ab800000|100%| O|  |TAMS 0x00000000ab700000, 0x00000000ab700000| Untracked 
| 184|0x00000000ab800000, 0x00000000ab900000, 0x00000000ab900000|100%| O|  |TAMS 0x00000000ab800000, 0x00000000ab800000| Untracked 
| 185|0x00000000ab900000, 0x00000000aba00000, 0x00000000aba00000|100%| O|  |TAMS 0x00000000ab900000, 0x00000000ab900000| Untracked 
| 186|0x00000000aba00000, 0x00000000abb00000, 0x00000000abb00000|100%| O|  |TAMS 0x00000000aba00000, 0x00000000aba00000| Untracked 
| 187|0x00000000abb00000, 0x00000000abc00000, 0x00000000abc00000|100%| O|  |TAMS 0x00000000abb00000, 0x00000000abb00000| Untracked 
| 188|0x00000000abc00000, 0x00000000abd00000, 0x00000000abd00000|100%| O|  |TAMS 0x00000000abc00000, 0x00000000abc00000| Untracked 
| 189|0x00000000abd00000, 0x00000000abe00000, 0x00000000abe00000|100%| O|  |TAMS 0x00000000abd00000, 0x00000000abd00000| Untracked 
| 190|0x00000000abe00000, 0x00000000abf00000, 0x00000000abf00000|100%| O|  |TAMS 0x00000000abe00000, 0x00000000abe00000| Untracked 
| 191|0x00000000abf00000, 0x00000000ac000000, 0x00000000ac000000|100%| O|  |TAMS 0x00000000abf00000, 0x00000000abf00000| Untracked 
| 192|0x00000000ac000000, 0x00000000ac100000, 0x00000000ac100000|100%| O|  |TAMS 0x00000000ac000000, 0x00000000ac000000| Untracked 
| 193|0x00000000ac100000, 0x00000000ac200000, 0x00000000ac200000|100%| O|  |TAMS 0x00000000ac100000, 0x00000000ac100000| Untracked 
| 194|0x00000000ac200000, 0x00000000ac300000, 0x00000000ac300000|100%| O|  |TAMS 0x00000000ac200000, 0x00000000ac200000| Untracked 
| 195|0x00000000ac300000, 0x00000000ac400000, 0x00000000ac400000|100%| O|  |TAMS 0x00000000ac300000, 0x00000000ac300000| Untracked 
| 196|0x00000000ac400000, 0x00000000ac500000, 0x00000000ac500000|100%| O|  |TAMS 0x00000000ac400000, 0x00000000ac400000| Untracked 
| 197|0x00000000ac500000, 0x00000000ac600000, 0x00000000ac600000|100%| O|  |TAMS 0x00000000ac500000, 0x00000000ac500000| Untracked 
| 198|0x00000000ac600000, 0x00000000ac700000, 0x00000000ac700000|100%| O|  |TAMS 0x00000000ac600000, 0x00000000ac600000| Untracked 
| 199|0x00000000ac700000, 0x00000000ac800000, 0x00000000ac800000|100%| O|  |TAMS 0x00000000ac700000, 0x00000000ac700000| Untracked 
| 200|0x00000000ac800000, 0x00000000ac900000, 0x00000000ac900000|100%| O|  |TAMS 0x00000000ac800000, 0x00000000ac800000| Untracked 
| 201|0x00000000ac900000, 0x00000000aca00000, 0x00000000aca00000|100%| O|  |TAMS 0x00000000ac900000, 0x00000000ac900000| Untracked 
| 202|0x00000000aca00000, 0x00000000acb00000, 0x00000000acb00000|100%| O|  |TAMS 0x00000000aca00000, 0x00000000aca00000| Untracked 
| 203|0x00000000acb00000, 0x00000000acc00000, 0x00000000acc00000|100%| O|  |TAMS 0x00000000acb00000, 0x00000000acb00000| Untracked 
| 204|0x00000000acc00000, 0x00000000acd00000, 0x00000000acd00000|100%| O|  |TAMS 0x00000000acc00000, 0x00000000acc00000| Untracked 
| 205|0x00000000acd00000, 0x00000000ace00000, 0x00000000ace00000|100%| O|  |TAMS 0x00000000acd00000, 0x00000000acd00000| Untracked 
| 206|0x00000000ace00000, 0x00000000acf00000, 0x00000000acf00000|100%| O|  |TAMS 0x00000000ace00000, 0x00000000ace00000| Untracked 
| 207|0x00000000acf00000, 0x00000000ad000000, 0x00000000ad000000|100%| O|  |TAMS 0x00000000acf00000, 0x00000000acf00000| Untracked 
| 208|0x00000000ad000000, 0x00000000ad100000, 0x00000000ad100000|100%| O|  |TAMS 0x00000000ad000000, 0x00000000ad000000| Untracked 
| 209|0x00000000ad100000, 0x00000000ad200000, 0x00000000ad200000|100%| O|  |TAMS 0x00000000ad100000, 0x00000000ad100000| Untracked 
| 210|0x00000000ad200000, 0x00000000ad300000, 0x00000000ad300000|100%| O|  |TAMS 0x00000000ad200000, 0x00000000ad200000| Untracked 
| 211|0x00000000ad300000, 0x00000000ad400000, 0x00000000ad400000|100%| O|  |TAMS 0x00000000ad300000, 0x00000000ad300000| Untracked 
| 212|0x00000000ad400000, 0x00000000ad500000, 0x00000000ad500000|100%| O|  |TAMS 0x00000000ad400000, 0x00000000ad400000| Untracked 
| 213|0x00000000ad500000, 0x00000000ad600000, 0x00000000ad600000|100%| O|  |TAMS 0x00000000ad500000, 0x00000000ad500000| Untracked 
| 214|0x00000000ad600000, 0x00000000ad700000, 0x00000000ad700000|100%| O|  |TAMS 0x00000000ad600000, 0x00000000ad600000| Untracked 
| 215|0x00000000ad700000, 0x00000000ad800000, 0x00000000ad800000|100%| O|  |TAMS 0x00000000ad700000, 0x00000000ad700000| Untracked 
| 216|0x00000000ad800000, 0x00000000ad900000, 0x00000000ad900000|100%| O|  |TAMS 0x00000000ad800000, 0x00000000ad800000| Untracked 
| 217|0x00000000ad900000, 0x00000000ada00000, 0x00000000ada00000|100%| O|  |TAMS 0x00000000ad900000, 0x00000000ad900000| Untracked 
| 218|0x00000000ada00000, 0x00000000adb00000, 0x00000000adb00000|100%| O|  |TAMS 0x00000000ada00000, 0x00000000ada00000| Untracked 
| 219|0x00000000adb00000, 0x00000000adc00000, 0x00000000adc00000|100%| O|  |TAMS 0x00000000adb00000, 0x00000000adb00000| Untracked 
| 220|0x00000000adc00000, 0x00000000add00000, 0x00000000add00000|100%| O|  |TAMS 0x00000000adc00000, 0x00000000adc00000| Untracked 
| 221|0x00000000add00000, 0x00000000ade00000, 0x00000000ade00000|100%| O|  |TAMS 0x00000000add00000, 0x00000000add00000| Untracked 
| 222|0x00000000ade00000, 0x00000000adf00000, 0x00000000adf00000|100%| O|  |TAMS 0x00000000ade00000, 0x00000000ade00000| Untracked 
| 223|0x00000000adf00000, 0x00000000ae000000, 0x00000000ae000000|100%| O|  |TAMS 0x00000000adf00000, 0x00000000adf00000| Untracked 
| 224|0x00000000ae000000, 0x00000000ae100000, 0x00000000ae100000|100%| O|  |TAMS 0x00000000ae000000, 0x00000000ae000000| Untracked 
| 225|0x00000000ae100000, 0x00000000ae200000, 0x00000000ae200000|100%| O|  |TAMS 0x00000000ae100000, 0x00000000ae100000| Untracked 
| 226|0x00000000ae200000, 0x00000000ae300000, 0x00000000ae300000|100%| O|  |TAMS 0x00000000ae200000, 0x00000000ae200000| Untracked 
| 227|0x00000000ae300000, 0x00000000ae400000, 0x00000000ae400000|100%| O|  |TAMS 0x00000000ae300000, 0x00000000ae300000| Untracked 
| 228|0x00000000ae400000, 0x00000000ae500000, 0x00000000ae500000|100%| O|  |TAMS 0x00000000ae400000, 0x00000000ae400000| Untracked 
| 229|0x00000000ae500000, 0x00000000ae600000, 0x00000000ae600000|100%| O|  |TAMS 0x00000000ae500000, 0x00000000ae500000| Untracked 
| 230|0x00000000ae600000, 0x00000000ae700000, 0x00000000ae700000|100%| O|  |TAMS 0x00000000ae600000, 0x00000000ae600000| Untracked 
| 231|0x00000000ae700000, 0x00000000ae800000, 0x00000000ae800000|100%| O|  |TAMS 0x00000000ae700000, 0x00000000ae700000| Untracked 
| 232|0x00000000ae800000, 0x00000000ae900000, 0x00000000ae900000|100%| O|  |TAMS 0x00000000ae800000, 0x00000000ae800000| Untracked 
| 233|0x00000000ae900000, 0x00000000aea00000, 0x00000000aea00000|100%| O|  |TAMS 0x00000000ae900000, 0x00000000ae900000| Untracked 
| 234|0x00000000aea00000, 0x00000000aeb00000, 0x00000000aeb00000|100%| O|  |TAMS 0x00000000aea00000, 0x00000000aea00000| Untracked 
| 235|0x00000000aeb00000, 0x00000000aec00000, 0x00000000aec00000|100%| O|  |TAMS 0x00000000aeb00000, 0x00000000aeb00000| Untracked 
| 236|0x00000000aec00000, 0x00000000aed00000, 0x00000000aed00000|100%| O|  |TAMS 0x00000000aec00000, 0x00000000aec00000| Untracked 
| 237|0x00000000aed00000, 0x00000000aee00000, 0x00000000aee00000|100%| O|  |TAMS 0x00000000aed00000, 0x00000000aed00000| Untracked 
| 238|0x00000000aee00000, 0x00000000aef00000, 0x00000000aef00000|100%| O|  |TAMS 0x00000000aee00000, 0x00000000aee00000| Untracked 
| 239|0x00000000aef00000, 0x00000000af000000, 0x00000000af000000|100%| O|  |TAMS 0x00000000aef00000, 0x00000000aef00000| Untracked 
| 240|0x00000000af000000, 0x00000000af100000, 0x00000000af100000|100%| O|  |TAMS 0x00000000af000000, 0x00000000af000000| Untracked 
| 241|0x00000000af100000, 0x00000000af200000, 0x00000000af200000|100%| O|  |TAMS 0x00000000af100000, 0x00000000af100000| Untracked 
| 242|0x00000000af200000, 0x00000000af300000, 0x00000000af300000|100%| O|  |TAMS 0x00000000af200000, 0x00000000af200000| Untracked 
| 243|0x00000000af300000, 0x00000000af400000, 0x00000000af400000|100%| O|  |TAMS 0x00000000af300000, 0x00000000af300000| Untracked 
| 244|0x00000000af400000, 0x00000000af500000, 0x00000000af500000|100%| O|  |TAMS 0x00000000af400000, 0x00000000af400000| Untracked 
| 245|0x00000000af500000, 0x00000000af600000, 0x00000000af600000|100%| O|  |TAMS 0x00000000af500000, 0x00000000af500000| Untracked 
| 246|0x00000000af600000, 0x00000000af700000, 0x00000000af700000|100%| O|  |TAMS 0x00000000af600000, 0x00000000af600000| Untracked 
| 247|0x00000000af700000, 0x00000000af76d600, 0x00000000af800000| 42%| O|  |TAMS 0x00000000af700000, 0x00000000af700000| Untracked 
| 248|0x00000000af800000, 0x00000000af800000, 0x00000000af900000|  0%| F|  |TAMS 0x00000000af800000, 0x00000000af800000| Untracked 
| 249|0x00000000af900000, 0x00000000af900000, 0x00000000afa00000|  0%| F|  |TAMS 0x00000000af900000, 0x00000000af900000| Untracked 
| 250|0x00000000afa00000, 0x00000000afa00000, 0x00000000afb00000|  0%| F|  |TAMS 0x00000000afa00000, 0x00000000afa00000| Untracked 
| 251|0x00000000afb00000, 0x00000000afb00000, 0x00000000afc00000|  0%| F|  |TAMS 0x00000000afb00000, 0x00000000afb00000| Untracked 
| 252|0x00000000afc00000, 0x00000000afc00000, 0x00000000afd00000|  0%| F|  |TAMS 0x00000000afc00000, 0x00000000afc00000| Untracked 
| 253|0x00000000afd00000, 0x00000000afd00000, 0x00000000afe00000|  0%| F|  |TAMS 0x00000000afd00000, 0x00000000afd00000| Untracked 
| 254|0x00000000afe00000, 0x00000000afe00000, 0x00000000aff00000|  0%| F|  |TAMS 0x00000000afe00000, 0x00000000afe00000| Untracked 
| 255|0x00000000aff00000, 0x00000000aff00000, 0x00000000b0000000|  0%| F|  |TAMS 0x00000000aff00000, 0x00000000aff00000| Untracked 
| 256|0x00000000b0000000, 0x00000000b0000000, 0x00000000b0100000|  0%| F|  |TAMS 0x00000000b0000000, 0x00000000b0000000| Untracked 
| 257|0x00000000b0100000, 0x00000000b0100000, 0x00000000b0200000|  0%| F|  |TAMS 0x00000000b0100000, 0x00000000b0100000| Untracked 
| 258|0x00000000b0200000, 0x00000000b0200000, 0x00000000b0300000|  0%| F|  |TAMS 0x00000000b0200000, 0x00000000b0200000| Untracked 
| 259|0x00000000b0300000, 0x00000000b0300000, 0x00000000b0400000|  0%| F|  |TAMS 0x00000000b0300000, 0x00000000b0300000| Untracked 
| 260|0x00000000b0400000, 0x00000000b0400000, 0x00000000b0500000|  0%| F|  |TAMS 0x00000000b0400000, 0x00000000b0400000| Untracked 
| 261|0x00000000b0500000, 0x00000000b0500000, 0x00000000b0600000|  0%| F|  |TAMS 0x00000000b0500000, 0x00000000b0500000| Untracked 
| 262|0x00000000b0600000, 0x00000000b0600000, 0x00000000b0700000|  0%| F|  |TAMS 0x00000000b0600000, 0x00000000b0600000| Untracked 
| 263|0x00000000b0700000, 0x00000000b0700000, 0x00000000b0800000|  0%| F|  |TAMS 0x00000000b0700000, 0x00000000b0700000| Untracked 
| 264|0x00000000b0800000, 0x00000000b0800000, 0x00000000b0900000|  0%| F|  |TAMS 0x00000000b0800000, 0x00000000b0800000| Untracked 
| 265|0x00000000b0900000, 0x00000000b0900000, 0x00000000b0a00000|  0%| F|  |TAMS 0x00000000b0900000, 0x00000000b0900000| Untracked 
| 266|0x00000000b0a00000, 0x00000000b0a00000, 0x00000000b0b00000|  0%| F|  |TAMS 0x00000000b0a00000, 0x00000000b0a00000| Untracked 
| 267|0x00000000b0b00000, 0x00000000b0b00000, 0x00000000b0c00000|  0%| F|  |TAMS 0x00000000b0b00000, 0x00000000b0b00000| Untracked 
| 268|0x00000000b0c00000, 0x00000000b0c00000, 0x00000000b0d00000|  0%| F|  |TAMS 0x00000000b0c00000, 0x00000000b0c00000| Untracked 
| 269|0x00000000b0d00000, 0x00000000b0d00000, 0x00000000b0e00000|  0%| F|  |TAMS 0x00000000b0d00000, 0x00000000b0d00000| Untracked 
| 270|0x00000000b0e00000, 0x00000000b0e00000, 0x00000000b0f00000|  0%| F|  |TAMS 0x00000000b0e00000, 0x00000000b0e00000| Untracked 
| 271|0x00000000b0f00000, 0x00000000b0f00000, 0x00000000b1000000|  0%| F|  |TAMS 0x00000000b0f00000, 0x00000000b0f00000| Untracked 
| 272|0x00000000b1000000, 0x00000000b1000000, 0x00000000b1100000|  0%| F|  |TAMS 0x00000000b1000000, 0x00000000b1000000| Untracked 
| 273|0x00000000b1100000, 0x00000000b1100000, 0x00000000b1200000|  0%| F|  |TAMS 0x00000000b1100000, 0x00000000b1100000| Untracked 
| 274|0x00000000b1200000, 0x00000000b1200000, 0x00000000b1300000|  0%| F|  |TAMS 0x00000000b1200000, 0x00000000b1200000| Untracked 
| 275|0x00000000b1300000, 0x00000000b1300000, 0x00000000b1400000|  0%| F|  |TAMS 0x00000000b1300000, 0x00000000b1300000| Untracked 
| 276|0x00000000b1400000, 0x00000000b1400000, 0x00000000b1500000|  0%| F|  |TAMS 0x00000000b1400000, 0x00000000b1400000| Untracked 
| 277|0x00000000b1500000, 0x00000000b1500000, 0x00000000b1600000|  0%| F|  |TAMS 0x00000000b1500000, 0x00000000b1500000| Untracked 
| 278|0x00000000b1600000, 0x00000000b1600000, 0x00000000b1700000|  0%| F|  |TAMS 0x00000000b1600000, 0x00000000b1600000| Untracked 
| 279|0x00000000b1700000, 0x00000000b1700000, 0x00000000b1800000|  0%| F|  |TAMS 0x00000000b1700000, 0x00000000b1700000| Untracked 
| 280|0x00000000b1800000, 0x00000000b1800000, 0x00000000b1900000|  0%| F|  |TAMS 0x00000000b1800000, 0x00000000b1800000| Untracked 
| 281|0x00000000b1900000, 0x00000000b1900000, 0x00000000b1a00000|  0%| F|  |TAMS 0x00000000b1900000, 0x00000000b1900000| Untracked 
| 282|0x00000000b1a00000, 0x00000000b1a00000, 0x00000000b1b00000|  0%| F|  |TAMS 0x00000000b1a00000, 0x00000000b1a00000| Untracked 
| 283|0x00000000b1b00000, 0x00000000b1b00000, 0x00000000b1c00000|  0%| F|  |TAMS 0x00000000b1b00000, 0x00000000b1b00000| Untracked 
| 284|0x00000000b1c00000, 0x00000000b1c00000, 0x00000000b1d00000|  0%| F|  |TAMS 0x00000000b1c00000, 0x00000000b1c00000| Untracked 
| 285|0x00000000b1d00000, 0x00000000b1d00000, 0x00000000b1e00000|  0%| F|  |TAMS 0x00000000b1d00000, 0x00000000b1d00000| Untracked 
| 286|0x00000000b1e00000, 0x00000000b1e00000, 0x00000000b1f00000|  0%| F|  |TAMS 0x00000000b1e00000, 0x00000000b1e00000| Untracked 
| 287|0x00000000b1f00000, 0x00000000b1f00000, 0x00000000b2000000|  0%| F|  |TAMS 0x00000000b1f00000, 0x00000000b1f00000| Untracked 
| 288|0x00000000b2000000, 0x00000000b2000000, 0x00000000b2100000|  0%| F|  |TAMS 0x00000000b2000000, 0x00000000b2000000| Untracked 
| 289|0x00000000b2100000, 0x00000000b21e29e0, 0x00000000b2200000| 88%| S|CS|TAMS 0x00000000b2100000, 0x00000000b2100000| Complete 
| 290|0x00000000b2200000, 0x00000000b2200000, 0x00000000b2300000|  0%| F|  |TAMS 0x00000000b2200000, 0x00000000b2200000| Untracked 
| 291|0x00000000b2300000, 0x00000000b2400000, 0x00000000b2400000|100%| S|CS|TAMS 0x00000000b2300000, 0x00000000b2300000| Complete 
| 292|0x00000000b2400000, 0x00000000b2500000, 0x00000000b2500000|100%| S|CS|TAMS 0x00000000b2400000, 0x00000000b2400000| Complete 
| 293|0x00000000b2500000, 0x00000000b2600000, 0x00000000b2600000|100%| S|CS|TAMS 0x00000000b2500000, 0x00000000b2500000| Complete 
| 294|0x00000000b2600000, 0x00000000b2600000, 0x00000000b2700000|  0%| F|  |TAMS 0x00000000b2600000, 0x00000000b2600000| Untracked 
| 295|0x00000000b2700000, 0x00000000b2800000, 0x00000000b2800000|100%| S|CS|TAMS 0x00000000b2700000, 0x00000000b2700000| Complete 
| 296|0x00000000b2800000, 0x00000000b2900000, 0x00000000b2900000|100%| S|CS|TAMS 0x00000000b2800000, 0x00000000b2800000| Complete 
| 297|0x00000000b2900000, 0x00000000b2900000, 0x00000000b2a00000|  0%| F|  |TAMS 0x00000000b2900000, 0x00000000b2900000| Untracked 
| 298|0x00000000b2a00000, 0x00000000b2a00000, 0x00000000b2b00000|  0%| F|  |TAMS 0x00000000b2a00000, 0x00000000b2a00000| Untracked 
| 299|0x00000000b2b00000, 0x00000000b2b00000, 0x00000000b2c00000|  0%| F|  |TAMS 0x00000000b2b00000, 0x00000000b2b00000| Untracked 
| 300|0x00000000b2c00000, 0x00000000b2c00000, 0x00000000b2d00000|  0%| F|  |TAMS 0x00000000b2c00000, 0x00000000b2c00000| Untracked 
| 301|0x00000000b2d00000, 0x00000000b2d00000, 0x00000000b2e00000|  0%| F|  |TAMS 0x00000000b2d00000, 0x00000000b2d00000| Untracked 
| 302|0x00000000b2e00000, 0x00000000b2e00000, 0x00000000b2f00000|  0%| F|  |TAMS 0x00000000b2e00000, 0x00000000b2e00000| Untracked 
| 303|0x00000000b2f00000, 0x00000000b2f00000, 0x00000000b3000000|  0%| F|  |TAMS 0x00000000b2f00000, 0x00000000b2f00000| Untracked 
| 304|0x00000000b3000000, 0x00000000b3000000, 0x00000000b3100000|  0%| F|  |TAMS 0x00000000b3000000, 0x00000000b3000000| Untracked 
| 305|0x00000000b3100000, 0x00000000b3100000, 0x00000000b3200000|  0%| F|  |TAMS 0x00000000b3100000, 0x00000000b3100000| Untracked 
| 306|0x00000000b3200000, 0x00000000b3200000, 0x00000000b3300000|  0%| F|  |TAMS 0x00000000b3200000, 0x00000000b3200000| Untracked 
| 307|0x00000000b3300000, 0x00000000b3300000, 0x00000000b3400000|  0%| F|  |TAMS 0x00000000b3300000, 0x00000000b3300000| Untracked 
| 308|0x00000000b3400000, 0x00000000b3400000, 0x00000000b3500000|  0%| F|  |TAMS 0x00000000b3400000, 0x00000000b3400000| Untracked 
| 309|0x00000000b3500000, 0x00000000b3500000, 0x00000000b3600000|  0%| F|  |TAMS 0x00000000b3500000, 0x00000000b3500000| Untracked 
| 310|0x00000000b3600000, 0x00000000b3600000, 0x00000000b3700000|  0%| F|  |TAMS 0x00000000b3600000, 0x00000000b3600000| Untracked 
| 311|0x00000000b3700000, 0x00000000b3700000, 0x00000000b3800000|  0%| F|  |TAMS 0x00000000b3700000, 0x00000000b3700000| Untracked 
| 312|0x00000000b3800000, 0x00000000b3800000, 0x00000000b3900000|  0%| F|  |TAMS 0x00000000b3800000, 0x00000000b3800000| Untracked 
| 313|0x00000000b3900000, 0x00000000b3900000, 0x00000000b3a00000|  0%| F|  |TAMS 0x00000000b3900000, 0x00000000b3900000| Untracked 
| 314|0x00000000b3a00000, 0x00000000b3a00000, 0x00000000b3b00000|  0%| F|  |TAMS 0x00000000b3a00000, 0x00000000b3a00000| Untracked 
| 315|0x00000000b3b00000, 0x00000000b3b00000, 0x00000000b3c00000|  0%| F|  |TAMS 0x00000000b3b00000, 0x00000000b3b00000| Untracked 
| 316|0x00000000b3c00000, 0x00000000b3c00000, 0x00000000b3d00000|  0%| F|  |TAMS 0x00000000b3c00000, 0x00000000b3c00000| Untracked 
| 317|0x00000000b3d00000, 0x00000000b3d00000, 0x00000000b3e00000|  0%| F|  |TAMS 0x00000000b3d00000, 0x00000000b3d00000| Untracked 
| 318|0x00000000b3e00000, 0x00000000b3e00000, 0x00000000b3f00000|  0%| F|  |TAMS 0x00000000b3e00000, 0x00000000b3e00000| Untracked 
| 319|0x00000000b3f00000, 0x00000000b3f00000, 0x00000000b4000000|  0%| F|  |TAMS 0x00000000b3f00000, 0x00000000b3f00000| Untracked 
| 320|0x00000000b4000000, 0x00000000b4000000, 0x00000000b4100000|  0%| F|  |TAMS 0x00000000b4000000, 0x00000000b4000000| Untracked 
| 321|0x00000000b4100000, 0x00000000b4100000, 0x00000000b4200000|  0%| F|  |TAMS 0x00000000b4100000, 0x00000000b4100000| Untracked 
| 322|0x00000000b4200000, 0x00000000b4200000, 0x00000000b4300000|  0%| F|  |TAMS 0x00000000b4200000, 0x00000000b4200000| Untracked 
| 323|0x00000000b4300000, 0x00000000b4300000, 0x00000000b4400000|  0%| F|  |TAMS 0x00000000b4300000, 0x00000000b4300000| Untracked 
| 324|0x00000000b4400000, 0x00000000b4400000, 0x00000000b4500000|  0%| F|  |TAMS 0x00000000b4400000, 0x00000000b4400000| Untracked 
| 325|0x00000000b4500000, 0x00000000b4500000, 0x00000000b4600000|  0%| F|  |TAMS 0x00000000b4500000, 0x00000000b4500000| Untracked 
| 326|0x00000000b4600000, 0x00000000b4600000, 0x00000000b4700000|  0%| F|  |TAMS 0x00000000b4600000, 0x00000000b4600000| Untracked 
| 327|0x00000000b4700000, 0x00000000b4700000, 0x00000000b4800000|  0%| F|  |TAMS 0x00000000b4700000, 0x00000000b4700000| Untracked 
| 328|0x00000000b4800000, 0x00000000b4800000, 0x00000000b4900000|  0%| F|  |TAMS 0x00000000b4800000, 0x00000000b4800000| Untracked 
| 329|0x00000000b4900000, 0x00000000b4900000, 0x00000000b4a00000|  0%| F|  |TAMS 0x00000000b4900000, 0x00000000b4900000| Untracked 
| 330|0x00000000b4a00000, 0x00000000b4a00000, 0x00000000b4b00000|  0%| F|  |TAMS 0x00000000b4a00000, 0x00000000b4a00000| Untracked 
| 331|0x00000000b4b00000, 0x00000000b4b00000, 0x00000000b4c00000|  0%| F|  |TAMS 0x00000000b4b00000, 0x00000000b4b00000| Untracked 
| 332|0x00000000b4c00000, 0x00000000b4c00000, 0x00000000b4d00000|  0%| F|  |TAMS 0x00000000b4c00000, 0x00000000b4c00000| Untracked 
| 333|0x00000000b4d00000, 0x00000000b4d00000, 0x00000000b4e00000|  0%| F|  |TAMS 0x00000000b4d00000, 0x00000000b4d00000| Untracked 
| 334|0x00000000b4e00000, 0x00000000b4e00000, 0x00000000b4f00000|  0%| F|  |TAMS 0x00000000b4e00000, 0x00000000b4e00000| Untracked 
| 335|0x00000000b4f00000, 0x00000000b4f00000, 0x00000000b5000000|  0%| F|  |TAMS 0x00000000b4f00000, 0x00000000b4f00000| Untracked 
| 336|0x00000000b5000000, 0x00000000b5000000, 0x00000000b5100000|  0%| F|  |TAMS 0x00000000b5000000, 0x00000000b5000000| Untracked 
| 337|0x00000000b5100000, 0x00000000b5180800, 0x00000000b5200000| 50%| E|  |TAMS 0x00000000b5100000, 0x00000000b5100000| Complete 
| 338|0x00000000b5200000, 0x00000000b5300000, 0x00000000b5300000|100%| E|CS|TAMS 0x00000000b5200000, 0x00000000b5200000| Complete 
| 339|0x00000000b5300000, 0x00000000b5400000, 0x00000000b5400000|100%| E|CS|TAMS 0x00000000b5300000, 0x00000000b5300000| Complete 
| 340|0x00000000b5400000, 0x00000000b5500000, 0x00000000b5500000|100%| E|CS|TAMS 0x00000000b5400000, 0x00000000b5400000| Complete 
| 341|0x00000000b5500000, 0x00000000b5600000, 0x00000000b5600000|100%| E|CS|TAMS 0x00000000b5500000, 0x00000000b5500000| Complete 
| 342|0x00000000b5600000, 0x00000000b5700000, 0x00000000b5700000|100%| E|CS|TAMS 0x00000000b5600000, 0x00000000b5600000| Complete 
| 343|0x00000000b5700000, 0x00000000b5800000, 0x00000000b5800000|100%| E|CS|TAMS 0x00000000b5700000, 0x00000000b5700000| Complete 
| 344|0x00000000b5800000, 0x00000000b5900000, 0x00000000b5900000|100%| E|CS|TAMS 0x00000000b5800000, 0x00000000b5800000| Complete 
| 345|0x00000000b5900000, 0x00000000b5a00000, 0x00000000b5a00000|100%| E|CS|TAMS 0x00000000b5900000, 0x00000000b5900000| Complete 
| 346|0x00000000b5a00000, 0x00000000b5b00000, 0x00000000b5b00000|100%| E|CS|TAMS 0x00000000b5a00000, 0x00000000b5a00000| Complete 
| 347|0x00000000b5b00000, 0x00000000b5c00000, 0x00000000b5c00000|100%| E|CS|TAMS 0x00000000b5b00000, 0x00000000b5b00000| Complete 
| 348|0x00000000b5c00000, 0x00000000b5d00000, 0x00000000b5d00000|100%| E|CS|TAMS 0x00000000b5c00000, 0x00000000b5c00000| Complete 
| 349|0x00000000b5d00000, 0x00000000b5e00000, 0x00000000b5e00000|100%| E|CS|TAMS 0x00000000b5d00000, 0x00000000b5d00000| Complete 
| 350|0x00000000b5e00000, 0x00000000b5f00000, 0x00000000b5f00000|100%| E|CS|TAMS 0x00000000b5e00000, 0x00000000b5e00000| Complete 
| 351|0x00000000b5f00000, 0x00000000b6000000, 0x00000000b6000000|100%| E|CS|TAMS 0x00000000b5f00000, 0x00000000b5f00000| Complete 
| 352|0x00000000b6000000, 0x00000000b6100000, 0x00000000b6100000|100%| E|CS|TAMS 0x00000000b6000000, 0x00000000b6000000| Complete 
| 353|0x00000000b6100000, 0x00000000b6200000, 0x00000000b6200000|100%| E|CS|TAMS 0x00000000b6100000, 0x00000000b6100000| Complete 
| 354|0x00000000b6200000, 0x00000000b6300000, 0x00000000b6300000|100%| E|CS|TAMS 0x00000000b6200000, 0x00000000b6200000| Complete 
| 355|0x00000000b6300000, 0x00000000b6400000, 0x00000000b6400000|100%| E|CS|TAMS 0x00000000b6300000, 0x00000000b6300000| Complete 
| 356|0x00000000b6400000, 0x00000000b6500000, 0x00000000b6500000|100%| E|CS|TAMS 0x00000000b6400000, 0x00000000b6400000| Complete 
| 357|0x00000000b6500000, 0x00000000b6600000, 0x00000000b6600000|100%| E|CS|TAMS 0x00000000b6500000, 0x00000000b6500000| Complete 
| 358|0x00000000b6600000, 0x00000000b6700000, 0x00000000b6700000|100%| E|CS|TAMS 0x00000000b6600000, 0x00000000b6600000| Complete 
| 359|0x00000000b6700000, 0x00000000b6800000, 0x00000000b6800000|100%| E|CS|TAMS 0x00000000b6700000, 0x00000000b6700000| Complete 
| 360|0x00000000b6800000, 0x00000000b6900000, 0x00000000b6900000|100%| E|CS|TAMS 0x00000000b6800000, 0x00000000b6800000| Complete 
| 361|0x00000000b6900000, 0x00000000b6a00000, 0x00000000b6a00000|100%| E|CS|TAMS 0x00000000b6900000, 0x00000000b6900000| Complete 
| 362|0x00000000b6a00000, 0x00000000b6b00000, 0x00000000b6b00000|100%| E|CS|TAMS 0x00000000b6a00000, 0x00000000b6a00000| Complete 
| 363|0x00000000b6b00000, 0x00000000b6c00000, 0x00000000b6c00000|100%| E|CS|TAMS 0x00000000b6b00000, 0x00000000b6b00000| Complete 
| 364|0x00000000b6c00000, 0x00000000b6d00000, 0x00000000b6d00000|100%| E|CS|TAMS 0x00000000b6c00000, 0x00000000b6c00000| Complete 
| 365|0x00000000b6d00000, 0x00000000b6e00000, 0x00000000b6e00000|100%| E|CS|TAMS 0x00000000b6d00000, 0x00000000b6d00000| Complete 
| 366|0x00000000b6e00000, 0x00000000b6f00000, 0x00000000b6f00000|100%| E|CS|TAMS 0x00000000b6e00000, 0x00000000b6e00000| Complete 

Card table byte_map: [0x0000027638a30000,0x0000027638d30000] _byte_map_base: 0x0000027638530000

Marking Bits (Prev, Next): (CMBitMap*) 0x0000027625c70a88, (CMBitMap*) 0x0000027625c70ac0
 Prev Bits: [0x0000027639030000, 0x000002763a830000)
 Next Bits: [0x000002763a830000, 0x000002763c030000)

Polling page: 0x0000027623c40000

Metaspace:

Usage:
  Non-class:     89.60 MB capacity,    88.01 MB ( 98%) used,     1.28 MB (  1%) free+waste,   315.25 KB ( <1%) overhead. 
      Class:     13.78 MB capacity,    12.79 MB ( 93%) used,   870.34 KB (  6%) free+waste,   139.19 KB ( <1%) overhead. 
       Both:    103.38 MB capacity,   100.80 MB ( 98%) used,     2.13 MB (  2%) free+waste,   454.44 KB ( <1%) overhead. 

Virtual space:
  Non-class space:       90.00 MB reserved,      89.75 MB (>99%) committed 
      Class space:        1.00 GB reserved,      13.82 MB (  1%) committed 
             Both:        1.09 GB reserved,     103.57 MB (  9%) committed 

Chunk freelists:
   Non-Class:  26.00 KB
       Class:  1.00 KB
        Both:  27.00 KB

MaxMetaspaceSize: 17179869184.00 GB
CompressedClassSpaceSize: 1.00 GB

CodeHeap 'non-profiled nmethods': size=120064Kb used=10261Kb max_used=10738Kb free=109802Kb
 bounds [0x00000276311f0000, 0x0000027631ce0000, 0x0000027638730000]
CodeHeap 'profiled nmethods': size=120000Kb used=35104Kb max_used=38260Kb free=84895Kb
 bounds [0x0000027629cc0000, 0x000002762c2c0000, 0x00000276311f0000]
CodeHeap 'non-nmethods': size=5696Kb used=2307Kb max_used=2394Kb free=3388Kb
 bounds [0x0000027629730000, 0x00000276299a0000, 0x0000027629cc0000]
 total_blobs=15526 nmethods=14605 adapters=831
 compilation: enabled
              stopped_count=0, restarted_count=0
 full_count=0

Compilation events (20 events):
Event: 98.012 Thread 0x000002763e540000 16783       2       com.android.tools.r8.internal.I4::a (56 bytes)
Event: 98.013 Thread 0x000002763e540000 nmethod 16783 0x0000027629d6ae10 code [0x0000027629d6b000, 0x0000027629d6b348]
Event: 98.236 Thread 0x00000276413a3800 nmethod 16721 0x0000027631cac710 code [0x0000027631cad040, 0x0000027631cb6720]
Event: 98.236 Thread 0x00000276413a3800 16781 %     4       com.android.tools.r8.ir.regalloc.a::a @ 1542 (1824 bytes)
Event: 99.187 Thread 0x00000276413a3800 nmethod 16781% 0x0000027631cbd590 code [0x0000027631cbe040, 0x0000027631cc60c0]
Event: 99.188 Thread 0x00000276413a3800 16680       4       com.android.tools.r8.internal.ja::a (944 bytes)
Event: 99.214 Thread 0x000002763e540000 16788 %     3       com.android.tools.r8.internal.pp::a @ 21 (52 bytes)
Event: 99.215 Thread 0x000002763e540000 nmethod 16788% 0x0000027629d2b110 code [0x0000027629d2b3a0, 0x0000027629d2bff8]
Event: 99.215 Thread 0x000002763e540000 16789       3       com.android.tools.r8.internal.pp::a (52 bytes)
Event: 99.216 Thread 0x000002763e540000 nmethod 16789 0x0000027629d32710 code [0x0000027629d329a0, 0x0000027629d33538]
Event: 99.652 Thread 0x000002763e540000 16794       2       com.android.tools.r8.code.K1::<init> (8 bytes)
Event: 99.652 Thread 0x000002763e540000 nmethod 16794 0x0000027629cc8110 code [0x0000027629cc82c0, 0x0000027629cc83c8]
Event: 99.825 Thread 0x00000276413a3800 nmethod 16680 0x0000027631459f10 code [0x000002763145a720, 0x0000027631461ad8]
Event: 99.826 Thread 0x00000276413a3800 16790       4       com.android.tools.r8.ir.regalloc.a::a (1824 bytes)
Event: 100.867 Thread 0x00000276413a3800 nmethod 16790 0x0000027631ccbc10 code [0x0000027631ccc740, 0x0000027631cd6be8]
Event: 100.867 Thread 0x00000276413a3800 16797       4       com.android.tools.r8.ir.regalloc.a::a (3985 bytes)
Event: 101.345 Thread 0x000002763e540000 16802       1       java.util.concurrent.ThreadPoolExecutor::getQueue (5 bytes)
Event: 101.345 Thread 0x000002763e540000 nmethod 16802 0x00000276311ff010 code [0x00000276311ff1c0, 0x00000276311ff278]
Event: 101.719 Thread 0x000002763e540000 16806       2       com.android.tools.r8.internal.li::<init> (85 bytes)
Event: 101.720 Thread 0x000002763e540000 nmethod 16806 0x0000027629d1f890 code [0x0000027629d1fac0, 0x0000027629d1ff78]

GC Heap History (20 events):
Event: 97.493 GC heap before
{Heap before GC invocations=142 (full 0):
 garbage-first heap   total 375808K, used 329718K [0x00000000a0000000, 0x0000000100000000)
  region size 1024K, 90 young (92160K), 8 survivors (8192K)
 Metaspace       used 103223K, capacity 105861K, committed 106060K, reserved 1140736K
  class space    used 13101K, capacity 14111K, committed 14156K, reserved 1048576K
}
Event: 97.508 GC heap after
{Heap after GC invocations=143 (full 0):
 garbage-first heap   total 375808K, used 247102K [0x00000000a0000000, 0x0000000100000000)
  region size 1024K, 8 young (8192K), 8 survivors (8192K)
 Metaspace       used 103223K, capacity 105861K, committed 106060K, reserved 1140736K
  class space    used 13101K, capacity 14111K, committed 14156K, reserved 1048576K
}
Event: 98.049 GC heap before
{Heap before GC invocations=143 (full 0):
 garbage-first heap   total 375808K, used 329022K [0x00000000a0000000, 0x0000000100000000)
  region size 1024K, 88 young (90112K), 8 survivors (8192K)
 Metaspace       used 103223K, capacity 105861K, committed 106060K, reserved 1140736K
  class space    used 13101K, capacity 14111K, committed 14156K, reserved 1048576K
}
Event: 98.064 GC heap after
{Heap after GC invocations=144 (full 0):
 garbage-first heap   total 375808K, used 248283K [0x00000000a0000000, 0x0000000100000000)
  region size 1024K, 6 young (6144K), 6 survivors (6144K)
 Metaspace       used 103223K, capacity 105861K, committed 106060K, reserved 1140736K
  class space    used 13101K, capacity 14111K, committed 14156K, reserved 1048576K
}
Event: 98.592 GC heap before
{Heap before GC invocations=144 (full 0):
 garbage-first heap   total 375808K, used 331227K [0x00000000a0000000, 0x0000000100000000)
  region size 1024K, 87 young (89088K), 6 survivors (6144K)
 Metaspace       used 103223K, capacity 105861K, committed 106060K, reserved 1140736K
  class space    used 13101K, capacity 14111K, committed 14156K, reserved 1048576K
}
Event: 98.605 GC heap after
{Heap after GC invocations=145 (full 0):
 garbage-first heap   total 375808K, used 250331K [0x00000000a0000000, 0x0000000100000000)
  region size 1024K, 8 young (8192K), 8 survivors (8192K)
 Metaspace       used 103223K, capacity 105861K, committed 106060K, reserved 1140736K
  class space    used 13101K, capacity 14111K, committed 14156K, reserved 1048576K
}
Event: 99.123 GC heap before
{Heap before GC invocations=145 (full 0):
 garbage-first heap   total 375808K, used 329179K [0x00000000a0000000, 0x0000000100000000)
  region size 1024K, 85 young (87040K), 8 survivors (8192K)
 Metaspace       used 103223K, capacity 105861K, committed 106060K, reserved 1140736K
  class space    used 13101K, capacity 14111K, committed 14156K, reserved 1048576K
}
Event: 99.139 GC heap after
{Heap after GC invocations=146 (full 0):
 garbage-first heap   total 375808K, used 251536K [0x00000000a0000000, 0x0000000100000000)
  region size 1024K, 8 young (8192K), 8 survivors (8192K)
 Metaspace       used 103223K, capacity 105861K, committed 106060K, reserved 1140736K
  class space    used 13101K, capacity 14111K, committed 14156K, reserved 1048576K
}
Event: 99.602 GC heap before
{Heap before GC invocations=146 (full 0):
 garbage-first heap   total 375808K, used 328336K [0x00000000a0000000, 0x0000000100000000)
  region size 1024K, 83 young (84992K), 8 survivors (8192K)
 Metaspace       used 103223K, capacity 105861K, committed 106060K, reserved 1140736K
  class space    used 13101K, capacity 14111K, committed 14156K, reserved 1048576K
}
Event: 99.618 GC heap after
{Heap after GC invocations=147 (full 0):
 garbage-first heap   total 375808K, used 253572K [0x00000000a0000000, 0x0000000100000000)
  region size 1024K, 7 young (7168K), 7 survivors (7168K)
 Metaspace       used 103223K, capacity 105861K, committed 106060K, reserved 1140736K
  class space    used 13101K, capacity 14111K, committed 14156K, reserved 1048576K
}
Event: 100.031 GC heap before
{Heap before GC invocations=147 (full 0):
 garbage-first heap   total 375808K, used 329348K [0x00000000a0000000, 0x0000000100000000)
  region size 1024K, 81 young (82944K), 7 survivors (7168K)
 Metaspace       used 103223K, capacity 105861K, committed 106060K, reserved 1140736K
  class space    used 13101K, capacity 14111K, committed 14156K, reserved 1048576K
}
Event: 100.042 GC heap after
{Heap after GC invocations=148 (full 0):
 garbage-first heap   total 375808K, used 254462K [0x00000000a0000000, 0x0000000100000000)
  region size 1024K, 6 young (6144K), 6 survivors (6144K)
 Metaspace       used 103223K, capacity 105861K, committed 106060K, reserved 1140736K
  class space    used 13101K, capacity 14111K, committed 14156K, reserved 1048576K
}
Event: 100.517 GC heap before
{Heap before GC invocations=148 (full 0):
 garbage-first heap   total 375808K, used 331262K [0x00000000a0000000, 0x0000000100000000)
  region size 1024K, 81 young (82944K), 6 survivors (6144K)
 Metaspace       used 103223K, capacity 105861K, committed 106060K, reserved 1140736K
  class space    used 13101K, capacity 14111K, committed 14156K, reserved 1048576K
}
Event: 100.528 GC heap after
{Heap after GC invocations=149 (full 0):
 garbage-first heap   total 375808K, used 255884K [0x00000000a0000000, 0x0000000100000000)
  region size 1024K, 6 young (6144K), 6 survivors (6144K)
 Metaspace       used 103223K, capacity 105861K, committed 106060K, reserved 1140736K
  class space    used 13101K, capacity 14111K, committed 14156K, reserved 1048576K
}
Event: 100.978 GC heap before
{Heap before GC invocations=149 (full 0):
 garbage-first heap   total 375808K, used 330636K [0x00000000a0000000, 0x0000000100000000)
  region size 1024K, 79 young (80896K), 6 survivors (6144K)
 Metaspace       used 103223K, capacity 105861K, committed 106060K, reserved 1140736K
  class space    used 13101K, capacity 14111K, committed 14156K, reserved 1048576K
}
Event: 100.989 GC heap after
{Heap after GC invocations=150 (full 0):
 garbage-first heap   total 375808K, used 256999K [0x00000000a0000000, 0x0000000100000000)
  region size 1024K, 6 young (6144K), 6 survivors (6144K)
 Metaspace       used 103223K, capacity 105861K, committed 106060K, reserved 1140736K
  class space    used 13101K, capacity 14111K, committed 14156K, reserved 1048576K
}
Event: 101.422 GC heap before
{Heap before GC invocations=150 (full 0):
 garbage-first heap   total 375808K, used 330727K [0x00000000a0000000, 0x0000000100000000)
  region size 1024K, 78 young (79872K), 6 survivors (6144K)
 Metaspace       used 103223K, capacity 105861K, committed 106060K, reserved 1140736K
  class space    used 13101K, capacity 14111K, committed 14156K, reserved 1048576K
}
Event: 101.434 GC heap after
{Heap after GC invocations=151 (full 0):
 garbage-first heap   total 375808K, used 258512K [0x00000000a0000000, 0x0000000100000000)
  region size 1024K, 7 young (7168K), 7 survivors (7168K)
 Metaspace       used 103223K, capacity 105861K, committed 106060K, reserved 1140736K
  class space    used 13101K, capacity 14111K, committed 14156K, reserved 1048576K
}
Event: 101.820 GC heap before
{Heap before GC invocations=151 (full 0):
 garbage-first heap   total 375808K, used 330192K [0x00000000a0000000, 0x0000000100000000)
  region size 1024K, 77 young (78848K), 7 survivors (7168K)
 Metaspace       used 103223K, capacity 105861K, committed 106060K, reserved 1140736K
  class space    used 13101K, capacity 14111K, committed 14156K, reserved 1048576K
}
Event: 101.833 GC heap after
{Heap after GC invocations=152 (full 0):
 garbage-first heap   total 375808K, used 259391K [0x00000000a0000000, 0x0000000100000000)
  region size 1024K, 6 young (6144K), 6 survivors (6144K)
 Metaspace       used 103223K, capacity 105861K, committed 106060K, reserved 1140736K
  class space    used 13101K, capacity 14111K, committed 14156K, reserved 1048576K
}

Deoptimization events (20 events):
Event: 101.127 Thread 0x000002764284c800 DEOPT PACKING pc=0x000002762c232fca sp=0x000000be6baf8dc0
Event: 101.127 Thread 0x000002764284c800 DEOPT UNPACKING pc=0x00000276297576ce sp=0x000000be6baf8590 mode 0
Event: 101.158 Thread 0x000002764284c800 DEOPT PACKING pc=0x000002762c232fca sp=0x000000be6baf8dc0
Event: 101.158 Thread 0x000002764284c800 DEOPT UNPACKING pc=0x00000276297576ce sp=0x000000be6baf8590 mode 0
Event: 101.336 Thread 0x000002764284c800 DEOPT PACKING pc=0x000002762c232fca sp=0x000000be6baf8dc0
Event: 101.336 Thread 0x000002764284c800 DEOPT UNPACKING pc=0x00000276297576ce sp=0x000000be6baf8590 mode 0
Event: 101.361 Thread 0x000002764284c800 DEOPT PACKING pc=0x000002762c232fca sp=0x000000be6baf8dc0
Event: 101.361 Thread 0x000002764284c800 DEOPT UNPACKING pc=0x00000276297576ce sp=0x000000be6baf8590 mode 0
Event: 101.403 Thread 0x000002764284c800 DEOPT PACKING pc=0x000002762c232fca sp=0x000000be6baf8dc0
Event: 101.403 Thread 0x000002764284c800 DEOPT UNPACKING pc=0x00000276297576ce sp=0x000000be6baf8590 mode 0
Event: 101.447 Thread 0x000002764284c800 DEOPT PACKING pc=0x000002762c232fca sp=0x000000be6baf8dc0
Event: 101.447 Thread 0x000002764284c800 DEOPT UNPACKING pc=0x00000276297576ce sp=0x000000be6baf8590 mode 0
Event: 101.550 Thread 0x000002764284c800 DEOPT PACKING pc=0x000002762c232fca sp=0x000000be6baf8dc0
Event: 101.550 Thread 0x000002764284c800 DEOPT UNPACKING pc=0x00000276297576ce sp=0x000000be6baf8590 mode 0
Event: 101.567 Thread 0x000002764284c800 DEOPT PACKING pc=0x000002762c232fca sp=0x000000be6baf8dc0
Event: 101.567 Thread 0x000002764284c800 DEOPT UNPACKING pc=0x00000276297576ce sp=0x000000be6baf8590 mode 0
Event: 101.672 Thread 0x000002764284c800 DEOPT PACKING pc=0x000002762c232fca sp=0x000000be6baf8dc0
Event: 101.672 Thread 0x000002764284c800 DEOPT UNPACKING pc=0x00000276297576ce sp=0x000000be6baf8590 mode 0
Event: 101.701 Thread 0x000002764284c800 DEOPT PACKING pc=0x000002762c232fca sp=0x000000be6baf8dc0
Event: 101.701 Thread 0x000002764284c800 DEOPT UNPACKING pc=0x00000276297576ce sp=0x000000be6baf8590 mode 0

Classes redefined (0 events):
No events

Internal exceptions (20 events):
Event: 43.614 Thread 0x000002764860f000 Exception <a 'sun/nio/fs/WindowsException'{0x00000000ab19ef58}> (0x00000000ab19ef58) thrown at [./src/hotspot/share/prims/jni.cpp, line 615]
Event: 43.778 Thread 0x0000027641373000 Exception <a 'java/lang/NoSuchMethodError'{0x00000000aae82878}: <clinit>> (0x00000000aae82878) thrown at [./src/hotspot/share/prims/jni.cpp, line 1362]
Event: 43.781 Thread 0x0000027641373000 Exception <a 'java/lang/NoSuchMethodError'{0x00000000aaea1950}: <clinit>> (0x00000000aaea1950) thrown at [./src/hotspot/share/prims/jni.cpp, line 1362]
Event: 46.191 Thread 0x000002764284c800 Implicit null exception at 0x00000276318dd2d2 to 0x00000276318dd6d8
Event: 48.341 Thread 0x000002764284c800 Exception <a 'sun/nio/fs/WindowsException'{0x00000000ab4fdb48}> (0x00000000ab4fdb48) thrown at [./src/hotspot/share/prims/jni.cpp, line 615]
Event: 49.230 Thread 0x000002764284c800 Exception <a 'java/lang/NoSuchMethodError'{0x00000000aadb2860}: 'java.lang.Object java.lang.invoke.DirectMethodHandle$Holder.invokeStatic(java.lang.Object, java.lang.Object, java.lang.Object, java.lang.Object, java.lang.Object, java.lang.Object, java.lang.Object, java.lang.Object, java.lang.Object, java.lang.Object, java.lang.Object, java.lang.Object, java.lang.Object, java.lang.Object, java.lang.Object, java.lang.Object, java.lang.Object, java.lang.Object, int, java.lang.Object)'> (0x00000000aadb2860) thr
Event: 49.231 Thread 0x000002764284c800 Exception <a 'java/lang/NoSuchMethodError'{0x00000000aadb88e8}: 'java.lang.Object java.lang.invoke.DirectMethodHandle$Holder.invokeStaticInit(java.lang.Object, java.lang.Object, java.lang.Object, java.lang.Object, java.lang.Object, java.lang.Object, java.lang.Object, java.lang.Object, java.lang.Object, java.lang.Object, java.lang.Object, java.lang.Object, java.lang.Object, java.lang.Object, java.lang.Object, java.lang.Object, java.lang.Object, java.lang.Object, int, java.lang.Object)'> (0x00000000aadb88e8)
Event: 49.324 Thread 0x000002764284c800 Exception <a 'java/lang/IncompatibleClassChangeError'{0x00000000aacc2e08}: Found class java.lang.Object, but interface was expected> (0x00000000aacc2e08) thrown at [./src/hotspot/share/interpreter/linkResolver.cpp, line 839]
Event: 49.434 Thread 0x000002764284c800 Exception <a 'java/lang/NoSuchMethodError'{0x00000000aaabd190}: 'java.lang.Object java.lang.invoke.DirectMethodHandle$Holder.invokeStatic(java.lang.Object, long)'> (0x00000000aaabd190) thrown at [./src/hotspot/share/interpreter/linkResolver.cpp, line 773]
Event: 49.434 Thread 0x000002764284c800 Exception <a 'java/lang/NoSuchMethodError'{0x00000000aaac3d08}: 'java.lang.Object java.lang.invoke.Invokers$Holder.linkToTargetMethod(long, java.lang.Object)'> (0x00000000aaac3d08) thrown at [./src/hotspot/share/interpreter/linkResolver.cpp, line 773]
Event: 51.008 Thread 0x000002764284c800 Exception <a 'java/lang/NoSuchMethodError'{0x00000000ab0a99f0}: 'void java.lang.invoke.DirectMethodHandle$Holder.invokeStatic(java.lang.Object, java.lang.Object, java.lang.Object, int)'> (0x00000000ab0a99f0) thrown at [./src/hotspot/share/interpreter/linkResolver.cpp, line 773]
Event: 51.009 Thread 0x000002764284c800 Exception <a 'java/lang/IncompatibleClassChangeError'{0x00000000ab0b38b8}: Found class java.lang.Object, but interface was expected> (0x00000000ab0b38b8) thrown at [./src/hotspot/share/interpreter/linkResolver.cpp, line 839]
Event: 51.458 Thread 0x000002764284c800 Exception <a 'java/lang/NoSuchMethodError'{0x00000000ab24b918}: 'java.lang.Object java.lang.invoke.DirectMethodHandle$Holder.invokeStatic(java.lang.Object, int, java.lang.Object, java.lang.Object)'> (0x00000000ab24b918) thrown at [./src/hotspot/share/interpreter/linkResolver.cpp, line 773]
Event: 51.572 Thread 0x000002764284c800 Exception <a 'java/lang/NoSuchMethodError'{0x00000000ab1c37a8}: 'java.lang.Object java.lang.invoke.Invokers$Holder.linkToTargetMethod(java.lang.Object, java.lang.Object, java.lang.Object, java.lang.Object, java.lang.Object, java.lang.Object, java.lang.Object)'> (0x00000000ab1c37a8) thrown at [./src/hotspot/share/interpreter/linkResolver.cpp, line 773]
Event: 51.832 Thread 0x000002764284c800 Exception <a 'java/lang/NoSuchMethodError'{0x00000000ab8faf60}: 'java.lang.Object java.lang.invoke.DirectMethodHandle$Holder.invokeVirtual(java.lang.Object, java.lang.Object, int, java.lang.Object)'> (0x00000000ab8faf60) thrown at [./src/hotspot/share/interpreter/linkResolver.cpp, line 773]
Event: 51.898 Thread 0x000002764284c800 Exception <a 'java/lang/IncompatibleClassChangeError'{0x00000000ab79a898}: Found class java.lang.Object, but interface was expected> (0x00000000ab79a898) thrown at [./src/hotspot/share/interpreter/linkResolver.cpp, line 839]
Event: 51.901 Thread 0x000002764284c800 Exception <a 'java/lang/IncompatibleClassChangeError'{0x00000000ab7a5338}: Found class java.lang.Object, but interface was expected> (0x00000000ab7a5338) thrown at [./src/hotspot/share/interpreter/linkResolver.cpp, line 839]
Event: 51.963 Thread 0x000002764284c800 Exception <a 'java/lang/NoSuchMethodError'{0x00000000ab65fca0}: 'void java.lang.invoke.DirectMethodHandle$Holder.invokeVirtual(java.lang.Object, java.lang.Object, int, java.lang.Object)'> (0x00000000ab65fca0) thrown at [./src/hotspot/share/interpreter/linkResolver.cpp, line 773]
Event: 52.049 Thread 0x000002764284c800 Exception <a 'java/lang/NoSuchMethodError'{0x00000000ab31e328}: 'java.lang.Object java.lang.invoke.DirectMethodHandle$Holder.newInvokeSpecial(java.lang.Object, int)'> (0x00000000ab31e328) thrown at [./src/hotspot/share/interpreter/linkResolver.cpp, line 773]
Event: 53.495 Thread 0x000002764284c800 Exception <a 'java/lang/NoSuchMethodError'{0x00000000aa9c1630}: 'java.lang.Object java.lang.invoke.DirectMethodHandle$Holder.invokeInterface(java.lang.Object, java.lang.Object, int)'> (0x00000000aa9c1630) thrown at [./src/hotspot/share/interpreter/linkResolver.cpp, line 773]

Events (20 events):
Event: 99.211 Thread 0x000002763e541000 flushing nmethod 0x000002762b1f1510
Event: 99.211 Thread 0x000002763e541000 flushing nmethod 0x000002762b1f4c10
Event: 99.211 Thread 0x000002763e541000 flushing nmethod 0x000002762b203f90
Event: 99.212 Thread 0x000002763e541000 flushing nmethod 0x000002762b23e910
Event: 99.212 Thread 0x000002763e541000 flushing nmethod 0x000002762b23ec90
Event: 99.212 Thread 0x000002763e541000 flushing nmethod 0x000002762b23f010
Event: 99.212 Thread 0x000002763e541000 flushing nmethod 0x000002762b25f910
Event: 99.212 Thread 0x000002763e541000 flushing nmethod 0x000002762b2add90
Event: 99.602 Executing VM operation: G1CollectForAllocation
Event: 99.618 Executing VM operation: G1CollectForAllocation done
Event: 100.031 Executing VM operation: G1CollectForAllocation
Event: 100.042 Executing VM operation: G1CollectForAllocation done
Event: 100.517 Executing VM operation: G1CollectForAllocation
Event: 100.528 Executing VM operation: G1CollectForAllocation done
Event: 100.978 Executing VM operation: G1CollectForAllocation
Event: 100.989 Executing VM operation: G1CollectForAllocation done
Event: 101.422 Executing VM operation: G1CollectForAllocation
Event: 101.434 Executing VM operation: G1CollectForAllocation done
Event: 101.820 Executing VM operation: G1CollectForAllocation
Event: 101.833 Executing VM operation: G1CollectForAllocation done


Dynamic libraries:
0x00007ff7d1a50000 - 0x00007ff7d1a5a000 	C:\Program Files\Android\Android Studio\jre\bin\java.exe
0x00007ffbdcc10000 - 0x00007ffbdce04000 	C:\WINDOWS\SYSTEM32\ntdll.dll
0x00007ffbdbfb0000 - 0x00007ffbdc06d000 	C:\WINDOWS\System32\KERNEL32.DLL
0x00007ffbda670000 - 0x00007ffbda937000 	C:\WINDOWS\System32\KERNELBASE.dll
0x00007ffbdab70000 - 0x00007ffbdac70000 	C:\WINDOWS\System32\ucrtbase.dll
0x00007ffbd11a0000 - 0x00007ffbd11b7000 	C:\Program Files\Android\Android Studio\jre\bin\VCRUNTIME140.dll
0x00007ffbd1180000 - 0x00007ffbd1199000 	C:\Program Files\Android\Android Studio\jre\bin\jli.dll
0x00007ffbdac70000 - 0x00007ffbdae10000 	C:\WINDOWS\System32\USER32.dll
0x00007ffbd9060000 - 0x00007ffbd92fa000 	C:\WINDOWS\WinSxS\amd64_microsoft.windows.common-controls_6595b64144ccf1df_6.0.19041.1_none_b555e41d4684ddec\COMCTL32.dll
0x00007ffbdb960000 - 0x00007ffbdb9fe000 	C:\WINDOWS\System32\msvcrt.dll
0x00007ffbda640000 - 0x00007ffbda662000 	C:\WINDOWS\System32\win32u.dll
0x00007ffbdb930000 - 0x00007ffbdb95a000 	C:\WINDOWS\System32\GDI32.dll
0x00007ffbda460000 - 0x00007ffbda56a000 	C:\WINDOWS\System32\gdi32full.dll
0x00007ffbda970000 - 0x00007ffbdaa0d000 	C:\WINDOWS\System32\msvcp_win.dll
0x00007ffbdbf80000 - 0x00007ffbdbfb0000 	C:\WINDOWS\System32\IMM32.DLL
0x00007ffbc2460000 - 0x00007ffbc24fd000 	C:\Program Files\Android\Android Studio\jre\bin\msvcp140.dll
0x00007ffbb72a0000 - 0x00007ffbb7d6f000 	C:\Program Files\Android\Android Studio\jre\bin\server\jvm.dll
0x00007ffbdb640000 - 0x00007ffbdb6ea000 	C:\WINDOWS\System32\ADVAPI32.dll
0x00007ffbdba00000 - 0x00007ffbdba9b000 	C:\WINDOWS\System32\sechost.dll
0x00007ffbdbc30000 - 0x00007ffbdbd53000 	C:\WINDOWS\System32\RPCRT4.dll
0x00007ffbdbf60000 - 0x00007ffbdbf68000 	C:\WINDOWS\System32\PSAPI.DLL
0x00007ffbd7aa0000 - 0x00007ffbd7aa9000 	C:\WINDOWS\SYSTEM32\WSOCK32.dll
0x00007ffbdbd60000 - 0x00007ffbdbdcb000 	C:\WINDOWS\System32\WS2_32.dll
0x00007ffbd16a0000 - 0x00007ffbd16c7000 	C:\WINDOWS\SYSTEM32\WINMM.dll
0x00007ffbd1c90000 - 0x00007ffbd1c9a000 	C:\WINDOWS\SYSTEM32\VERSION.dll
0x00007ffbd7d20000 - 0x00007ffbd7d33000 	C:\WINDOWS\SYSTEM32\kernel.appcore.dll
0x00007ffbbc6f0000 - 0x00007ffbbc701000 	C:\Program Files\Android\Android Studio\jre\bin\verify.dll
0x00007ffbd9dd0000 - 0x00007ffbd9fb4000 	C:\WINDOWS\SYSTEM32\DBGHELP.DLL
0x00007ffbd9920000 - 0x00007ffbd994c000 	C:\WINDOWS\SYSTEM32\dbgcore.DLL
0x00007ffbda5c0000 - 0x00007ffbda63f000 	C:\WINDOWS\System32\bcryptPrimitives.dll
0x00007ffbb7270000 - 0x00007ffbb7299000 	C:\Program Files\Android\Android Studio\jre\bin\java.dll
0x00007ffbd7a30000 - 0x00007ffbd7a3b000 	C:\Program Files\Android\Android Studio\jre\bin\jimage.dll
0x00007ffbb8a30000 - 0x00007ffbb8a48000 	C:\Program Files\Android\Android Studio\jre\bin\zip.dll
0x00007ffbdc490000 - 0x00007ffbdcbc1000 	C:\WINDOWS\System32\SHELL32.dll
0x00007ffbd7e90000 - 0x00007ffbd861a000 	C:\WINDOWS\SYSTEM32\windows.storage.dll
0x00007ffbdb2e0000 - 0x00007ffbdb634000 	C:\WINDOWS\System32\combase.dll
0x00007ffbd9a50000 - 0x00007ffbd9a7b000 	C:\WINDOWS\SYSTEM32\Wldp.dll
0x00007ffbdc090000 - 0x00007ffbdc13e000 	C:\WINDOWS\System32\SHCORE.dll
0x00007ffbdb280000 - 0x00007ffbdb2d5000 	C:\WINDOWS\System32\shlwapi.dll
0x00007ffbda290000 - 0x00007ffbda2af000 	C:\WINDOWS\SYSTEM32\profapi.dll
0x00007ffbb7250000 - 0x00007ffbb726a000 	C:\Program Files\Android\Android Studio\jre\bin\net.dll
0x00007ffbcb380000 - 0x00007ffbcb482000 	C:\WINDOWS\SYSTEM32\WINHTTP.dll
0x00007ffbd9740000 - 0x00007ffbd97aa000 	C:\WINDOWS\system32\mswsock.dll
0x00007ffbb7230000 - 0x00007ffbb7244000 	C:\Program Files\Android\Android Studio\jre\bin\nio.dll
0x00007ffbd4fb0000 - 0x00007ffbd4fd7000 	C:\Users\HP\.gradle\wrapper\dists\gradle-2.14.1-all\native\8bec1ad78214c89d9ad589b4d07fe93259594b29d510b10fafb7a158f7737e5d\windows-amd64\native-platform.dll
0x00007ffbc2ab0000 - 0x00007ffbc2bed000 	C:\Users\HP\.gradle\wrapper\dists\gradle-2.14.1-all\native\53dbd7edfb1c66fb8903c78663c9afc45aea4f116125fa6feffd364cf09443e8\windows-amd64\native-platform-file-events.dll
0x00007ffbd5080000 - 0x00007ffbd508a000 	C:\Program Files\Android\Android Studio\jre\bin\management.dll
0x00007ffbd4320000 - 0x00007ffbd432c000 	C:\Program Files\Android\Android Studio\jre\bin\management_ext.dll
0x00007ffbd9fc0000 - 0x00007ffbd9fd8000 	C:\WINDOWS\SYSTEM32\CRYPTSP.dll
0x00007ffbd8e10000 - 0x00007ffbd8e44000 	C:\WINDOWS\system32\rsaenh.dll
0x00007ffbda940000 - 0x00007ffbda967000 	C:\WINDOWS\System32\bcrypt.dll
0x00007ffbda250000 - 0x00007ffbda27e000 	C:\WINDOWS\SYSTEM32\USERENV.dll
0x00007ffbd9910000 - 0x00007ffbd991c000 	C:\WINDOWS\SYSTEM32\CRYPTBASE.dll
0x00007ffbd9410000 - 0x00007ffbd944b000 	C:\WINDOWS\SYSTEM32\IPHLPAPI.DLL
0x00007ffbdbe30000 - 0x00007ffbdbe39000 	C:\WINDOWS\System32\NSI.dll
0x00007ffbd7c20000 - 0x00007ffbd7c37000 	C:\WINDOWS\SYSTEM32\dhcpcsvc6.DLL
0x00007ffbd7c00000 - 0x00007ffbd7c1d000 	C:\WINDOWS\SYSTEM32\dhcpcsvc.DLL
0x00007ffbd9450000 - 0x00007ffbd951a000 	C:\WINDOWS\SYSTEM32\DNSAPI.dll

dbghelp: loaded successfully - version: 4.0.5 - missing functions: none
symbol engine: initialized successfully - sym options: 0x614 - pdb path: .;C:\Program Files\Android\Android Studio\jre\bin;C:\WINDOWS\SYSTEM32;C:\WINDOWS\WinSxS\amd64_microsoft.windows.common-controls_6595b64144ccf1df_6.0.19041.1_none_b555e41d4684ddec;C:\Program Files\Android\Android Studio\jre\bin\server;C:\Users\HP\.gradle\wrapper\dists\gradle-2.14.1-all\native\8bec1ad78214c89d9ad589b4d07fe93259594b29d510b10fafb7a158f7737e5d\windows-amd64;C:\Users\HP\.gradle\wrapper\dists\gradle-2.14.1-all\native\53dbd7edfb1c66fb8903c78663c9afc45aea4f116125fa6feffd364cf09443e8\windows-amd64

VM Arguments:
jvm_args: --add-opens=java.base/java.util=ALL-UNNAMED --add-opens=java.base/java.lang=ALL-UNNAMED --add-opens=java.base/java.lang.invoke=ALL-UNNAMED --add-opens=java.base/java.util=ALL-UNNAMED --add-opens=java.prefs/java.util.prefs=ALL-UNNAMED --add-opens=java.prefs/java.util.prefs=ALL-UNNAMED --add-opens=java.base/java.nio.charset=ALL-UNNAMED --add-opens=java.base/java.net=ALL-UNNAMED --add-opens=java.base/java.util.concurrent.atomic=ALL-UNNAMED -Xmx1536m -Dfile.encoding=windows-1252 -Duser.country=US -Duser.language=en -Duser.variant 
java_command: org.gradle.launcher.daemon.bootstrap.GradleDaemon 7.0.2
java_class_path (initial): C:\Users\HP\.gradle\wrapper\dists\gradle-2.14.1-all\wrapper\dists\gradle-7.0.2-all\7era6s5ay7zsbhuvl0oc9g94s\gradle-7.0.2\lib\gradle-launcher-7.0.2.jar
Launcher Type: SUN_STANDARD

[Global flags]
     intx CICompilerCount                          = 3                                         {product} {ergonomic}
     uint ConcGCThreads                            = 1                                         {product} {ergonomic}
     uint G1ConcRefinementThreads                  = 4                                         {product} {ergonomic}
   size_t G1HeapRegionSize                         = 1048576                                   {product} {ergonomic}
    uintx GCDrainStackTargetSize                   = 64                                        {product} {ergonomic}
   size_t InitialHeapSize                          = 134217728                                 {product} {ergonomic}
   size_t MarkStackSize                            = 4194304                                   {product} {ergonomic}
   size_t MaxHeapSize                              = 1610612736                                {product} {command line}
   size_t MaxNewSize                               = 965738496                                 {product} {ergonomic}
   size_t MinHeapDeltaBytes                        = 1048576                                   {product} {ergonomic}
    uintx NonNMethodCodeHeapSize                   = 5830732                                {pd product} {ergonomic}
    uintx NonProfiledCodeHeapSize                  = 122913754                              {pd product} {ergonomic}
    uintx ProfiledCodeHeapSize                     = 122913754                              {pd product} {ergonomic}
    uintx ReservedCodeCacheSize                    = 251658240                              {pd product} {ergonomic}
     bool SegmentedCodeCache                       = true                                      {product} {ergonomic}
     bool UseCompressedClassPointers               = true                                 {lp64_product} {ergonomic}
     bool UseCompressedOops                        = true                                 {lp64_product} {ergonomic}
     bool UseG1GC                                  = true                                      {product} {ergonomic}
     bool UseLargePagesIndividualAllocation        = false                                  {pd product} {ergonomic}

Logging:
Log output configuration:
 #0: stdout all=warning uptime,level,tags
 #1: stderr all=off uptime,level,tags

Environment Variables:
PATH=C:\WINDOWS\system32;C:\WINDOWS;C:\WINDOWS\System32\Wbem;C:\WINDOWS\System32\WindowsPowerShell\v1.0\;C:\WINDOWS\System32\OpenSSH\;E:\New folder\;C:\Users\HP\AppData\Local\Microsoft\WindowsApps;E:\VS Code\Microsoft VS Code\bin;C:\Users\HP\AppData\Roaming\npm;C:\Users\HP\AppData\Local\GitHubDesktop\bin;C:\Users\HP\Flutter\flutter\bin;
USERNAME=HP
OS=Windows_NT
PROCESSOR_IDENTIFIER=Intel64 Family 6 Model 142 Stepping 9, GenuineIntel



---------------  S Y S T E M  ---------------

OS: Windows 10 , 64 bit Build 19041 (10.0.19041.1)
OS uptime: 0 days 2:21 hours

CPU:total 4 (initial active 4) (2 cores per cpu, 2 threads per core) family 6 model 142 stepping 9 microcode 0xb4, cmov, cx8, fxsr, mmx, sse, sse2, sse3, ssse3, sse4.1, sse4.2, popcnt, avx, avx2, aes, clmul, erms, 3dnowpref, lzcnt, ht, tsc, tscinvbit, bmi1, bmi2, adx, fma

Memory: 4k page, system-wide physical 8075M (2369M free)
TotalPageFile size 9355M (AvailPageFile size 2806M)
current process WorkingSet (physical memory assigned to process): 711M, peak: 716M
current process commit charge ("private bytes"): 737M, peak: 745M

vm_info: OpenJDK 64-Bit Server VM (11.0.10+0-b96-7249189) for windows-amd64 JRE (11.0.10+0-b96-7249189), built on Mar 31 2021 21:44:00 by "builder" with MS VC++ 14.0 (VS2015)

END.
