#
# A fatal error has been detected by the Java Runtime Environment:
#
#  EXCEPTION_ACCESS_VIOLATION (0xc0000005) at pc=0x00007ffe70bc2018, pid=2796, tid=1096
#
# JRE version: OpenJDK Runtime Environment (11.0.10) (build 11.0.10+0-b96-7249189)
# Java VM: OpenJDK 64-Bit Server VM (11.0.10+0-b96-7249189, mixed mode, tiered, compressed oops, g1 gc, windows-amd64)
# Problematic frame:
# V  [jvm.dll+0x322018]
#
# No core dump will be written. Minidumps are not enabled by default on client versions of Windows
#
# If you would like to submit a bug report, please visit:
#   https://bugreport.java.com/bugreport/crash.jsp
#

---------------  S U M M A R Y ------------

Command Line: --add-opens=java.base/java.util=ALL-UNNAMED --add-opens=java.base/java.lang=ALL-UNNAMED --add-opens=java.base/java.lang.invoke=ALL-UNNAMED --add-opens=java.base/java.util=ALL-UNNAMED --add-opens=java.prefs/java.util.prefs=ALL-UNNAMED --add-opens=java.prefs/java.util.prefs=ALL-UNNAMED --add-opens=java.base/java.nio.charset=ALL-UNNAMED --add-opens=java.base/java.net=ALL-UNNAMED --add-opens=java.base/java.util.concurrent.atomic=ALL-UNNAMED -Xmx1536m -Dfile.encoding=windows-1252 -Duser.country=US -Duser.language=en -Duser.variant org.gradle.launcher.daemon.bootstrap.GradleDaemon 7.0.2

Host: Intel(R) Core(TM) i3-7020U CPU @ 2.30GHz, 4 cores, 7G,  Windows 10 , 64 bit Build 19041 (10.0.19041.1)
Time: Sun Oct 10 11:33:08 2021 India Standard Time elapsed time: 38.582643 seconds (0d 0h 0m 38s)

---------------  T H R E A D  ---------------

Current thread (0x0000019faff2f000):  JavaThread "C2 CompilerThread1" daemon [_thread_in_native, id=1096, stack(0x000000110d500000,0x000000110d600000)]


Current CompileTask:
C2:  38582 12344       4       com.android.aapt.Resources$Value::getSerializedSize (132 bytes)

Stack: [0x000000110d500000,0x000000110d600000],  sp=0x000000110d5fbe40,  free space=1007k
Native frames: (J=compiled Java code, j=interpreted, Vv=VM code, C=native code)
V  [jvm.dll+0x322018]
V  [jvm.dll+0x323138]
V  [jvm.dll+0x3208d1]
V  [jvm.dll+0x31ffca]
V  [jvm.dll+0x1fb602]
V  [jvm.dll+0x1fa7f4]
V  [jvm.dll+0x18354c]
V  [jvm.dll+0x208ee7]
V  [jvm.dll+0x207731]
V  [jvm.dll+0x6eb1cf]
V  [jvm.dll+0x6e3d45]
V  [jvm.dll+0x5ebe96]
C  [ucrtbase.dll+0x21542]
C  [KERNEL32.DLL+0x16fd4]
C  [ntdll.dll+0x4cf31]


siginfo: EXCEPTION_ACCESS_VIOLATION (0xc0000005), reading address 0x0000000000000068


Register to memory mapping:

RIP=0x00007ffe70bc2018 jvm.dll
RAX=0x0 is NULL
RBX=0x0000019fac625d20 points into unknown readable memory: 0x00007ffe71010058 | 58 00 01 71 fe 7f 00 00
RCX=0x0000019fb0401b40 points into unknown readable memory: 0x0000019fb2dea498 | 98 a4 de b2 9f 01 00 00
RDX=0x0000000000000622 is an unknown value
RSP=0x000000110d5fbe40 is pointing into the stack for thread: 0x0000019faff2f000
RBP=0x0 is NULL
RSI=0x0000019fac625b48 points into unknown readable memory: 0x00007ffe71042498 | 98 24 04 71 fe 7f 00 00
RDI=0x0 is NULL
R8 =0x0000019fac625d20 points into unknown readable memory: 0x00007ffe71010058 | 58 00 01 71 fe 7f 00 00
R9 =0x000000110d5fbfa0 is pointing into the stack for thread: 0x0000019faff2f000
R10=0x0000019fafe85098 points into unknown readable memory: 0x0000019fac625aa0 | a0 5a 62 ac 9f 01 00 00
R11=0x0000019fae07fe78 points into unknown readable memory: 0x0000019faff09360 | 60 93 f0 af 9f 01 00 00
R12=0x0 is NULL
R13=0x000000110d5fc400 is pointing into the stack for thread: 0x0000019faff2f000
R14=0x000000110d5fbeb0 is pointing into the stack for thread: 0x0000019faff2f000
R15=0x0000000000000189 is an unknown value


Registers:
RAX=0x0000000000000000, RBX=0x0000019fac625d20, RCX=0x0000019fb0401b40, RDX=0x0000000000000622
RSP=0x000000110d5fbe40, RBP=0x0000000000000000, RSI=0x0000019fac625b48, RDI=0x0000000000000000
R8 =0x0000019fac625d20, R9 =0x000000110d5fbfa0, R10=0x0000019fafe85098, R11=0x0000019fae07fe78
R12=0x0000000000000000, R13=0x000000110d5fc400, R14=0x000000110d5fbeb0, R15=0x0000000000000189
RIP=0x00007ffe70bc2018, EFLAGS=0x0000000000010246

Top of Stack: (sp=0x000000110d5fbe40)
0x000000110d5fbe40:   000000110d5fc400 0000019fac625aa0
0x000000110d5fbe50:   0000000000000000 0000019fafe85000
0x000000110d5fbe60:   0000000000000000 0000000000000001
0x000000110d5fbe70:   0000019fafe85000 0000019fac626200
0x000000110d5fbe80:   0000019fafe85000 00007ffe70bc3138
0x000000110d5fbe90:   000000110d5fc400 0000019fac625aa0
0x000000110d5fbea0:   0000000000000000 0000019faff09360
0x000000110d5fbeb0:   000000110d5fbfa0 000000110d5fbf50
0x000000110d5fbec0:   000000110d5fc400 0000019fa9e47130
0x000000110d5fbed0:   0000019fa9e47130 0000019fafd9fac0
0x000000110d5fbee0:   00007ffe71087918 000000110d5fc000
0x000000110d5fbef0:   000000110d5fc400 00007ffe70bc08d1
0x000000110d5fbf00:   0000019fae074860 0000000000002950
0x000000110d5fbf10:   0000019faea8db98 0000019fb227f410
0x000000110d5fbf20:   0000000000000000 0000000000000001
0x000000110d5fbf30:   0000000000000400 0000019fb2276b60 

Instructions: (pc=0x00007ffe70bc2018)
0x00007ffe70bc1f18:   74 24 38 48 8b 30 48 89 7c 24 30 48 83 e6 fe 4c
0x00007ffe70bc1f28:   89 64 24 28 44 0f b6 20 8b 40 08 41 80 e4 01 8b
0x00007ffe70bc1f38:   7e 20 3b c7 4c 89 7c 24 20 0f 42 f8 48 83 02 f0
0x00007ffe70bc1f48:   0f 1f 84 00 00 00 00 00 44 8b 46 28 41 8b c0 4d
0x00007ffe70bc1f58:   8b 0e c1 e8 05 41 3b 41 10 72 0e 49 8b 01 41 8b
0x00007ffe70bc1f68:   d0 49 8b c9 ff 50 18 eb 1b 8b c8 41 83 e0 1f 49
0x00007ffe70bc1f78:   8b 41 18 48 8d 14 88 b8 01 00 00 00 41 0f b6 c8
0x00007ffe70bc1f88:   d3 e0 09 02 8b 46 2c 24 0f 3c 08 75 09 48 8b 46
0x00007ffe70bc1f98:   08 48 8b 08 eb 03 48 8b ce 49 8b 46 10 33 ed 8b
0x00007ffe70bc1fa8:   51 28 48 8b 48 78 48 8b 04 d1 44 8b 78 68 85 ff
0x00007ffe70bc1fb8:   0f 84 c3 00 00 00 66 90 48 8b 5e 10 ff cf 49 8b
0x00007ffe70bc1fc8:   16 48 8b 1c fb 8b 4b 28 8b c1 c1 e8 05 3b 42 10
0x00007ffe70bc1fd8:   73 19 44 8b c0 83 e1 1f 48 8b 42 18 ba 01 00 00
0x00007ffe70bc1fe8:   00 d3 e2 42 8b 04 80 23 c2 75 4a 8b 43 2c 24 0f
0x00007ffe70bc1ff8:   3c 08 75 09 48 8b 43 08 4c 8b 00 eb 03 4c 8b c3
0x00007ffe70bc2008:   49 8b 46 10 41 8b 50 28 48 8b 48 78 48 8b 04 d1
0x00007ffe70bc2018:   8b 48 68 41 3b cf 72 1d 75 0b 41 8b 40 2c 83 e0
0x00007ffe70bc2028:   0f 3c 0c 74 10 48 8b cb 48 8b eb e8 88 b1 2a 00
0x00007ffe70bc2038:   41 3a c4 74 08 85 ff 0f 85 7b ff ff ff 48 85 ed
0x00007ffe70bc2048:   74 37 49 8b 5e 08 48 83 03 10 48 8b 03 48 3b 43
0x00007ffe70bc2058:   08 72 08 48 8b cb e8 3d a4 2a 00 48 8b 0b 41 0f
0x00007ffe70bc2068:   b6 c4 48 0b c6 48 8b f5 45 32 e4 48 89 01 89 79
0x00007ffe70bc2078:   08 8b 7d 20 e9 cf fe ff ff 45 84 e4 75 0b 8b 7e
0x00007ffe70bc2088:   20 41 b4 01 e9 bf fe ff ff 4c 8b 7c 24 20 48 8b
0x00007ffe70bc2098:   c6 48 8b 74 24 38 4c 8b 64 24 28 48 8b 7c 24 30
0x00007ffe70bc20a8:   48 8b 6c 24 60 48 8b 5c 24 58 48 83 c4 40 41 5e
0x00007ffe70bc20b8:   c3 cc cc cc cc cc cc cc 48 89 5c 24 08 48 89 74
0x00007ffe70bc20c8:   24 10 57 48 83 ec 20 8b 59 28 48 8b f9 ff cb 3b
0x00007ffe70bc20d8:   59 18 73 0a 48 8b 41 20 48 8b 34 d8 eb 02 33 f6
0x00007ffe70bc20e8:   48 8b 06 48 8b ce ff 50 20 48 3b c6 74 03 2b 5f
0x00007ffe70bc20f8:   48 3b 5f 18 73 0a 48 8b 47 20 48 8b 34 d8 eb 02
0x00007ffe70bc2108:   33 f6 48 8b 06 48 8b ce ff 10 8b 56 2c 8b ca 80 


Stack slot to memory mapping:
stack at sp + 0 slots: 0x000000110d5fc400 is pointing into the stack for thread: 0x0000019faff2f000
stack at sp + 1 slots: 0x0000019fac625aa0 points into unknown readable memory: 0x00007ffe71010058 | 58 00 01 71 fe 7f 00 00
stack at sp + 2 slots: 0x0 is NULL
stack at sp + 3 slots: 0x0000019fafe85000 points into unknown readable memory: 0x00007ffe71088568 | 68 85 08 71 fe 7f 00 00
stack at sp + 4 slots: 0x0 is NULL
stack at sp + 5 slots: 0x0000000000000001 is an unknown value
stack at sp + 6 slots: 0x0000019fafe85000 points into unknown readable memory: 0x00007ffe71088568 | 68 85 08 71 fe 7f 00 00
stack at sp + 7 slots: 0x0000019fac626200 points into unknown readable memory: 0x0000019fac6269b0 | b0 69 62 ac 9f 01 00 00


---------------  P R O C E S S  ---------------

Threads class SMR info:
_java_thread_list=0x0000019fb2aa3360, length=52, elements={
0x0000019f8f4f8000, 0x0000019fa8539800, 0x0000019fa853a800, 0x0000019fa8553000,
0x0000019fa8555000, 0x0000019fa8555800, 0x0000019fa8562800, 0x0000019fa856d000,
0x0000019fa856e000, 0x0000019fa901d000, 0x0000019faa6e5000, 0x0000019fa9052800,
0x0000019faaeea800, 0x0000019fab3f9000, 0x0000019faae8d800, 0x0000019fab78b800,
0x0000019faa93f800, 0x0000019fab63a000, 0x0000019faade9800, 0x0000019fab3c4800,
0x0000019fab3c5800, 0x0000019fab3c8000, 0x0000019fab3c6800, 0x0000019fab3c7000,
0x0000019fab3c3000, 0x0000019fab3c2800, 0x0000019fab3c9000, 0x0000019fab3c4000,
0x0000019fae146800, 0x0000019fae147800, 0x0000019fae148000, 0x0000019fae149000,
0x0000019fae149800, 0x0000019fae145800, 0x0000019fae150800, 0x0000019fae14e800,
0x0000019fae14e000, 0x0000019fae14f800, 0x0000019fae151000, 0x0000019fae152000,
0x0000019fae14c000, 0x0000019fae152800, 0x0000019fae153800, 0x0000019fab164000,
0x0000019fab160800, 0x0000019fab163000, 0x0000019fab164800, 0x0000019fab15f000,
0x0000019fab165800, 0x0000019fab162000, 0x0000019fab15f800, 0x0000019faff2f000
}

Java Threads: ( => current thread )
  0x0000019f8f4f8000 JavaThread "main" [_thread_blocked, id=6124, stack(0x000000110b400000,0x000000110b500000)]
  0x0000019fa8539800 JavaThread "Reference Handler" daemon [_thread_blocked, id=10988, stack(0x000000110bb00000,0x000000110bc00000)]
  0x0000019fa853a800 JavaThread "Finalizer" daemon [_thread_blocked, id=10316, stack(0x000000110bc00000,0x000000110bd00000)]
  0x0000019fa8553000 JavaThread "Signal Dispatcher" daemon [_thread_blocked, id=9444, stack(0x000000110bd00000,0x000000110be00000)]
  0x0000019fa8555000 JavaThread "Attach Listener" daemon [_thread_blocked, id=11128, stack(0x000000110be00000,0x000000110bf00000)]
  0x0000019fa8555800 JavaThread "Service Thread" daemon [_thread_blocked, id=9140, stack(0x000000110bf00000,0x000000110c000000)]
  0x0000019fa8562800 JavaThread "C2 CompilerThread0" daemon [_thread_in_native, id=10868, stack(0x000000110c000000,0x000000110c100000)]
  0x0000019fa856d000 JavaThread "C1 CompilerThread0" daemon [_thread_blocked, id=4928, stack(0x000000110c100000,0x000000110c200000)]
  0x0000019fa856e000 JavaThread "Sweeper thread" daemon [_thread_blocked, id=1608, stack(0x000000110c200000,0x000000110c300000)]
  0x0000019fa901d000 JavaThread "Common-Cleaner" daemon [_thread_blocked, id=4748, stack(0x000000110c300000,0x000000110c400000)]
  0x0000019faa6e5000 JavaThread "Daemon health stats" [_thread_blocked, id=4980, stack(0x000000110c800000,0x000000110c900000)]
  0x0000019fa9052800 JavaThread "Incoming local TCP Connector on port 51504" [_thread_in_native, id=2904, stack(0x000000110c500000,0x000000110c600000)]
  0x0000019faaeea800 JavaThread "Daemon periodic checks" [_thread_blocked, id=3776, stack(0x000000110c900000,0x000000110ca00000)]
  0x0000019fab3f9000 JavaThread "Daemon" [_thread_blocked, id=7236, stack(0x000000110ca00000,0x000000110cb00000)]
  0x0000019faae8d800 JavaThread "Handler for socket connection from /127.0.0.1:51504 to /127.0.0.1:51506" [_thread_in_native, id=1780, stack(0x000000110cb00000,0x000000110cc00000)]
  0x0000019fab78b800 JavaThread "Cancel handler" [_thread_blocked, id=3216, stack(0x000000110cc00000,0x000000110cd00000)]
  0x0000019faa93f800 JavaThread "Daemon worker" [_thread_blocked, id=8636, stack(0x000000110cd00000,0x000000110ce00000)]
  0x0000019fab63a000 JavaThread "Asynchronous log dispatcher for DefaultDaemonConnection: socket connection from /127.0.0.1:51504 to /127.0.0.1:51506" [_thread_blocked, id=7688, stack(0x000000110cf00000,0x000000110d000000)]
  0x0000019faade9800 JavaThread "Stdin handler" [_thread_blocked, id=9504, stack(0x000000110d000000,0x000000110d100000)]
  0x0000019fab3c4800 JavaThread "Daemon client event forwarder" [_thread_blocked, id=1964, stack(0x000000110d100000,0x000000110d200000)]
  0x0000019fab3c5800 JavaThread "Cache worker for file hash cache (C:\Users\HP\.gradle\wrapper\dists\gradle-2.14.1-all\caches\7.0.2\fileHashes)" [_thread_blocked, id=8084, stack(0x000000110d200000,0x000000110d300000)]
  0x0000019fab3c8000 JavaThread "File lock request listener" [_thread_in_native, id=4024, stack(0x000000110d300000,0x000000110d400000)]
  0x0000019fab3c6800 JavaThread "Cache worker for journal cache (C:\Users\HP\.gradle\wrapper\dists\gradle-2.14.1-all\caches\journal-1)" [_thread_blocked, id=1908, stack(0x000000110d400000,0x000000110d500000)]
  0x0000019fab3c7000 JavaThread "Cache worker for file hash cache (C:\Users\HP\AndroidStudioProjects\QuizzerExtended\QuizzerClass\.gradle\7.0.2\fileHashes)" [_thread_blocked, id=10600, stack(0x000000110d600000,0x000000110d700000)]
  0x0000019fab3c3000 JavaThread "File watcher server" daemon [_thread_in_native, id=7376, stack(0x000000110d700000,0x000000110d800000)]
  0x0000019fab3c2800 JavaThread "File watcher consumer" daemon [_thread_blocked, id=5316, stack(0x000000110d800000,0x000000110d900000)]
  0x0000019fab3c9000 JavaThread "Cache worker for checksums cache (C:\Users\HP\AndroidStudioProjects\QuizzerExtended\QuizzerClass\.gradle\checksums)" [_thread_blocked, id=10744, stack(0x000000110d900000,0x000000110da00000)]
  0x0000019fab3c4000 JavaThread "Cache worker for cache directory md-supplier (C:\Users\HP\.gradle\wrapper\dists\gradle-2.14.1-all\caches\7.0.2\md-supplier)" [_thread_blocked, id=7612, stack(0x000000110da00000,0x000000110db00000)]
  0x0000019fae146800 JavaThread "Cache worker for cache directory md-rule (C:\Users\HP\.gradle\wrapper\dists\gradle-2.14.1-all\caches\7.0.2\md-rule)" [_thread_blocked, id=7828, stack(0x000000110db00000,0x000000110dc00000)]
  0x0000019fae147800 JavaThread "Cache worker for execution history cache (C:\Users\HP\.gradle\wrapper\dists\gradle-2.14.1-all\caches\7.0.2\executionHistory)" [_thread_blocked, id=7128, stack(0x000000110dc00000,0x000000110dd00000)]
  0x0000019fae148000 JavaThread "jar transforms" [_thread_blocked, id=11720, stack(0x000000110dd00000,0x000000110de00000)]
  0x0000019fae149000 JavaThread "jar transforms Thread 2" [_thread_blocked, id=12452, stack(0x000000110de00000,0x000000110df00000)]
  0x0000019fae149800 JavaThread "Cache worker for file content cache (C:\Users\HP\.gradle\wrapper\dists\gradle-2.14.1-all\caches\7.0.2\fileContent)" [_thread_blocked, id=11428, stack(0x000000110df00000,0x000000110e000000)]
  0x0000019fae145800 JavaThread "Cache worker for dependencies-accessors (C:\Users\HP\AndroidStudioProjects\QuizzerExtended\QuizzerClass\.gradle\7.0.2\dependencies-accessors)" [_thread_blocked, id=12540, stack(0x000000110e000000,0x000000110e100000)]
  0x0000019fae150800 JavaThread "jar transforms Thread 3" [_thread_blocked, id=13048, stack(0x000000110e100000,0x000000110e200000)]
  0x0000019fae14e800 JavaThread "Cache worker for Build Output Cleanup Cache (C:\Users\HP\AndroidStudioProjects\QuizzerExtended\QuizzerClass\.gradle\buildOutputCleanup)" [_thread_blocked, id=13112, stack(0x000000110e200000,0x000000110e300000)]
  0x0000019fae14e000 JavaThread "Build operations" [_thread_blocked, id=9156, stack(0x000000110e300000,0x000000110e400000)]
  0x0000019fae14f800 JavaThread "Build operations Thread 2" [_thread_blocked, id=4296, stack(0x000000110e400000,0x000000110e500000)]
  0x0000019fae151000 JavaThread "Build operations Thread 3" [_thread_in_native, id=8668, stack(0x000000110e500000,0x000000110e600000)]
  0x0000019fae152000 JavaThread "Build operations Thread 4" [_thread_blocked, id=7408, stack(0x000000110e600000,0x000000110e700000)]
  0x0000019fae14c000 JavaThread "jar transforms Thread 4" [_thread_blocked, id=11824, stack(0x000000110e700000,0x000000110e800000)]
  0x0000019fae152800 JavaThread "Memory manager" [_thread_blocked, id=7824, stack(0x000000110e800000,0x000000110e900000)]
  0x0000019fae153800 JavaThread "build event listener" [_thread_blocked, id=3988, stack(0x000000110e900000,0x000000110ea00000)]
  0x0000019fab164000 JavaThread "Execution worker for ':'" [_thread_blocked, id=12628, stack(0x000000110ea00000,0x000000110eb00000)]
  0x0000019fab160800 JavaThread "Execution worker for ':' Thread 2" [_thread_blocked, id=2388, stack(0x000000110eb00000,0x000000110ec00000)]
  0x0000019fab163000 JavaThread "Execution worker for ':' Thread 3" [_thread_blocked, id=8924, stack(0x000000110ec00000,0x000000110ed00000)]
  0x0000019fab164800 JavaThread "Cache worker for execution history cache (C:\Users\HP\AndroidStudioProjects\QuizzerExtended\QuizzerClass\.gradle\7.0.2\executionHistory)" [_thread_blocked, id=10884, stack(0x000000110ed00000,0x000000110ee00000)]
  0x0000019fab15f000 JavaThread "WorkerExecutor Queue" [_thread_blocked, id=12824, stack(0x000000110ee00000,0x000000110ef00000)]
  0x0000019fab165800 JavaThread "WorkerExecutor Queue Thread 2" [_thread_blocked, id=10296, stack(0x000000110ef00000,0x000000110f000000)]
  0x0000019fab162000 JavaThread "WorkerExecutor Queue Thread 3" [_thread_in_native, id=12636, stack(0x000000110f000000,0x000000110f100000)]
  0x0000019fab15f800 JavaThread "WorkerExecutor Queue Thread 4" [_thread_blocked, id=12640, stack(0x000000110f100000,0x000000110f200000)]
=>0x0000019faff2f000 JavaThread "C2 CompilerThread1" daemon [_thread_in_native, id=1096, stack(0x000000110d500000,0x000000110d600000)]

Other Threads:
  0x0000019fa8512000 VMThread "VM Thread" [stack: 0x000000110ba00000,0x000000110bb00000] [id=2648]
  0x0000019fa9032000 WatcherThread [stack: 0x000000110c400000,0x000000110c500000] [id=10796]
  0x0000019f8f512000 GCTaskThread "GC Thread#0" [stack: 0x000000110b500000,0x000000110b600000] [id=8336]
  0x0000019fa9587000 GCTaskThread "GC Thread#1" [stack: 0x000000110c600000,0x000000110c700000] [id=9784]
  0x0000019fa97c4800 GCTaskThread "GC Thread#2" [stack: 0x000000110c700000,0x000000110c800000] [id=12984]
  0x0000019fab6f0800 GCTaskThread "GC Thread#3" [stack: 0x000000110ce00000,0x000000110cf00000] [id=11112]
  0x0000019f8f537000 ConcurrentGCThread "G1 Main Marker" [stack: 0x000000110b600000,0x000000110b700000] [id=9284]
  0x0000019f8f539800 ConcurrentGCThread "G1 Conc#0" [stack: 0x000000110b700000,0x000000110b800000] [id=9584]
  0x0000019f8f5cc800 ConcurrentGCThread "G1 Refine#0" [stack: 0x000000110b800000,0x000000110b900000] [id=9548]
  0x0000019f8f5cd800 ConcurrentGCThread "G1 Young RemSet Sampling" [stack: 0x000000110b900000,0x000000110ba00000] [id=10788]

Threads with active compile tasks:
C2 CompilerThread0  38949 12404       4       org.gradle.tooling.internal.provider.runner.SubtreeFilteringBuildOperationListener::started (118 bytes)
C2 CompilerThread1  38949 12344       4       com.android.aapt.Resources$Value::getSerializedSize (132 bytes)

VM state:not at safepoint (normal execution)

VM Mutex/Monitor currently owned by a thread: None

Heap address: 0x00000000a0000000, size: 1536 MB, Compressed Oops mode: 32-bit
Narrow klass base: 0x0000000000000000, Narrow klass shift: 3
Compressed class space size: 1073741824 Address: 0x0000000100000000

Heap:
 garbage-first heap   total 189440K, used 130507K [0x00000000a0000000, 0x0000000100000000)
  region size 1024K, 47 young (48128K), 3 survivors (3072K)
 Metaspace       used 87649K, capacity 89934K, committed 90108K, reserved 1128448K
  class space    used 10985K, capacity 11788K, committed 11904K, reserved 1048576K
Heap Regions: E=young(eden), S=young(survivor), O=old, HS=humongous(starts), HC=humongous(continues), CS=collection set, F=free, A=archive, TAMS=top-at-mark-start (previous, next)
|   0|0x00000000a0000000, 0x00000000a0100000, 0x00000000a0100000|100%|HS|  |TAMS 0x00000000a0100000, 0x00000000a0000000| Complete 
|   1|0x00000000a0100000, 0x00000000a0200000, 0x00000000a0200000|100%|HC|  |TAMS 0x00000000a0200000, 0x00000000a0100000| Complete 
|   2|0x00000000a0200000, 0x00000000a0300000, 0x00000000a0300000|100%|HC|  |TAMS 0x00000000a0300000, 0x00000000a0200000| Complete 
|   3|0x00000000a0300000, 0x00000000a0400000, 0x00000000a0400000|100%| O|  |TAMS 0x00000000a0400000, 0x00000000a0300000| Untracked 
|   4|0x00000000a0400000, 0x00000000a0500000, 0x00000000a0500000|100%| O|  |TAMS 0x00000000a0500000, 0x00000000a0400000| Untracked 
|   5|0x00000000a0500000, 0x00000000a0600000, 0x00000000a0600000|100%| O|  |TAMS 0x00000000a0600000, 0x00000000a0500000| Untracked 
|   6|0x00000000a0600000, 0x00000000a0700000, 0x00000000a0700000|100%| O|  |TAMS 0x00000000a0700000, 0x00000000a0600000| Untracked 
|   7|0x00000000a0700000, 0x00000000a0800000, 0x00000000a0800000|100%| O|  |TAMS 0x00000000a0800000, 0x00000000a0700000| Complete 
|   8|0x00000000a0800000, 0x00000000a0900000, 0x00000000a0900000|100%| O|  |TAMS 0x00000000a0900000, 0x00000000a0800000| Untracked 
|   9|0x00000000a0900000, 0x00000000a0a00000, 0x00000000a0a00000|100%| O|  |TAMS 0x00000000a0a00000, 0x00000000a0900000| Untracked 
|  10|0x00000000a0a00000, 0x00000000a0b00000, 0x00000000a0b00000|100%| O|  |TAMS 0x00000000a0b00000, 0x00000000a0a00000| Complete 
|  11|0x00000000a0b00000, 0x00000000a0c00000, 0x00000000a0c00000|100%| O|  |TAMS 0x00000000a0c00000, 0x00000000a0b00000| Untracked 
|  12|0x00000000a0c00000, 0x00000000a0d00000, 0x00000000a0d00000|100%| O|  |TAMS 0x00000000a0d00000, 0x00000000a0c00000| Untracked 
|  13|0x00000000a0d00000, 0x00000000a0e00000, 0x00000000a0e00000|100%| O|  |TAMS 0x00000000a0e00000, 0x00000000a0d00000| Untracked 
|  14|0x00000000a0e00000, 0x00000000a0f00000, 0x00000000a0f00000|100%| O|  |TAMS 0x00000000a0f00000, 0x00000000a0e00000| Untracked 
|  15|0x00000000a0f00000, 0x00000000a1000000, 0x00000000a1000000|100%| O|  |TAMS 0x00000000a1000000, 0x00000000a0f00000| Untracked 
|  16|0x00000000a1000000, 0x00000000a1100000, 0x00000000a1100000|100%|HS|  |TAMS 0x00000000a1100000, 0x00000000a1000000| Complete 
|  17|0x00000000a1100000, 0x00000000a1200000, 0x00000000a1200000|100%| O|  |TAMS 0x00000000a1200000, 0x00000000a1100000| Untracked 
|  18|0x00000000a1200000, 0x00000000a1300000, 0x00000000a1300000|100%| O|  |TAMS 0x00000000a1300000, 0x00000000a1200000| Untracked 
|  19|0x00000000a1300000, 0x00000000a1400000, 0x00000000a1400000|100%| O|  |TAMS 0x00000000a1400000, 0x00000000a1300000| Untracked 
|  20|0x00000000a1400000, 0x00000000a1500000, 0x00000000a1500000|100%| O|  |TAMS 0x00000000a1500000, 0x00000000a1400000| Untracked 
|  21|0x00000000a1500000, 0x00000000a1600000, 0x00000000a1600000|100%| O|  |TAMS 0x00000000a1600000, 0x00000000a1500000| Untracked 
|  22|0x00000000a1600000, 0x00000000a1700000, 0x00000000a1700000|100%| O|  |TAMS 0x00000000a1700000, 0x00000000a1600000| Complete 
|  23|0x00000000a1700000, 0x00000000a1800000, 0x00000000a1800000|100%|HS|  |TAMS 0x00000000a1800000, 0x00000000a1700000| Complete 
|  24|0x00000000a1800000, 0x00000000a1900000, 0x00000000a1900000|100%|HS|  |TAMS 0x00000000a1900000, 0x00000000a1800000| Complete 
|  25|0x00000000a1900000, 0x00000000a1a00000, 0x00000000a1a00000|100%|HC|  |TAMS 0x00000000a1a00000, 0x00000000a1900000| Complete 
|  26|0x00000000a1a00000, 0x00000000a1b00000, 0x00000000a1b00000|100%| O|  |TAMS 0x00000000a1b00000, 0x00000000a1a00000| Untracked 
|  27|0x00000000a1b00000, 0x00000000a1c00000, 0x00000000a1c00000|100%| O|  |TAMS 0x00000000a1c00000, 0x00000000a1b00000| Untracked 
|  28|0x00000000a1c00000, 0x00000000a1d00000, 0x00000000a1d00000|100%| O|  |TAMS 0x00000000a1d00000, 0x00000000a1c00000| Untracked 
|  29|0x00000000a1d00000, 0x00000000a1e00000, 0x00000000a1e00000|100%| O|  |TAMS 0x00000000a1e00000, 0x00000000a1d00000| Complete 
|  30|0x00000000a1e00000, 0x00000000a1f00000, 0x00000000a1f00000|100%| O|  |TAMS 0x00000000a1f00000, 0x00000000a1e00000| Untracked 
|  31|0x00000000a1f00000, 0x00000000a2000000, 0x00000000a2000000|100%| O|  |TAMS 0x00000000a2000000, 0x00000000a1f00000| Untracked 
|  32|0x00000000a2000000, 0x00000000a2100000, 0x00000000a2100000|100%| O|  |TAMS 0x00000000a2100000, 0x00000000a2000000| Untracked 
|  33|0x00000000a2100000, 0x00000000a2200000, 0x00000000a2200000|100%| O|  |TAMS 0x00000000a2200000, 0x00000000a2100000| Untracked 
|  34|0x00000000a2200000, 0x00000000a2300000, 0x00000000a2300000|100%| O|  |TAMS 0x00000000a2300000, 0x00000000a2200000| Untracked 
|  35|0x00000000a2300000, 0x00000000a2400000, 0x00000000a2400000|100%| O|  |TAMS 0x00000000a2400000, 0x00000000a2300000| Untracked 
|  36|0x00000000a2400000, 0x00000000a2500000, 0x00000000a2500000|100%| O|  |TAMS 0x00000000a2500000, 0x00000000a2400000| Untracked 
|  37|0x00000000a2500000, 0x00000000a2600000, 0x00000000a2600000|100%| O|  |TAMS 0x00000000a2600000, 0x00000000a2500000| Untracked 
|  38|0x00000000a2600000, 0x00000000a2700000, 0x00000000a2700000|100%| O|  |TAMS 0x00000000a2700000, 0x00000000a2600000| Untracked 
|  39|0x00000000a2700000, 0x00000000a2800000, 0x00000000a2800000|100%| O|  |TAMS 0x00000000a2800000, 0x00000000a2700000| Untracked 
|  40|0x00000000a2800000, 0x00000000a2900000, 0x00000000a2900000|100%| O|  |TAMS 0x00000000a2900000, 0x00000000a2800000| Complete 
|  41|0x00000000a2900000, 0x00000000a2a00000, 0x00000000a2a00000|100%| O|  |TAMS 0x00000000a2a00000, 0x00000000a2900000| Complete 
|  42|0x00000000a2a00000, 0x00000000a2b00000, 0x00000000a2b00000|100%| O|  |TAMS 0x00000000a2b00000, 0x00000000a2a00000| Untracked 
|  43|0x00000000a2b00000, 0x00000000a2c00000, 0x00000000a2c00000|100%| O|  |TAMS 0x00000000a2c00000, 0x00000000a2b00000| Untracked 
|  44|0x00000000a2c00000, 0x00000000a2d00000, 0x00000000a2d00000|100%| O|  |TAMS 0x00000000a2d00000, 0x00000000a2c00000| Untracked 
|  45|0x00000000a2d00000, 0x00000000a2e00000, 0x00000000a2e00000|100%| O|  |TAMS 0x00000000a2e00000, 0x00000000a2d00000| Untracked 
|  46|0x00000000a2e00000, 0x00000000a2f00000, 0x00000000a2f00000|100%| O|  |TAMS 0x00000000a2f00000, 0x00000000a2e00000| Untracked 
|  47|0x00000000a2f00000, 0x00000000a3000000, 0x00000000a3000000|100%| O|  |TAMS 0x00000000a3000000, 0x00000000a2f00000| Untracked 
|  48|0x00000000a3000000, 0x00000000a3100000, 0x00000000a3100000|100%| O|  |TAMS 0x00000000a3100000, 0x00000000a3000000| Complete 
|  49|0x00000000a3100000, 0x00000000a3200000, 0x00000000a3200000|100%| O|  |TAMS 0x00000000a3200000, 0x00000000a3100000| Untracked 
|  50|0x00000000a3200000, 0x00000000a3300000, 0x00000000a3300000|100%| O|  |TAMS 0x00000000a3300000, 0x00000000a3200000| Untracked 
|  51|0x00000000a3300000, 0x00000000a3400000, 0x00000000a3400000|100%| O|  |TAMS 0x00000000a3400000, 0x00000000a3300000| Untracked 
|  52|0x00000000a3400000, 0x00000000a3500000, 0x00000000a3500000|100%| O|  |TAMS 0x00000000a3500000, 0x00000000a3400000| Untracked 
|  53|0x00000000a3500000, 0x00000000a3600000, 0x00000000a3600000|100%| O|  |TAMS 0x00000000a3600000, 0x00000000a3500000| Untracked 
|  54|0x00000000a3600000, 0x00000000a3700000, 0x00000000a3700000|100%| O|  |TAMS 0x00000000a3700000, 0x00000000a3600000| Untracked 
|  55|0x00000000a3700000, 0x00000000a3800000, 0x00000000a3800000|100%| O|  |TAMS 0x00000000a3800000, 0x00000000a3700000| Untracked 
|  56|0x00000000a3800000, 0x00000000a3900000, 0x00000000a3900000|100%| O|  |TAMS 0x00000000a3900000, 0x00000000a3800000| Untracked 
|  57|0x00000000a3900000, 0x00000000a3a00000, 0x00000000a3a00000|100%| O|  |TAMS 0x00000000a3a00000, 0x00000000a3900000| Complete 
|  58|0x00000000a3a00000, 0x00000000a3b00000, 0x00000000a3b00000|100%| O|  |TAMS 0x00000000a3b00000, 0x00000000a3a00000| Untracked 
|  59|0x00000000a3b00000, 0x00000000a3c00000, 0x00000000a3c00000|100%| O|  |TAMS 0x00000000a3c00000, 0x00000000a3b00000| Untracked 
|  60|0x00000000a3c00000, 0x00000000a3d00000, 0x00000000a3d00000|100%| O|  |TAMS 0x00000000a3d00000, 0x00000000a3c00000| Untracked 
|  61|0x00000000a3d00000, 0x00000000a3e00000, 0x00000000a3e00000|100%| O|  |TAMS 0x00000000a3e00000, 0x00000000a3d00000| Untracked 
|  62|0x00000000a3e00000, 0x00000000a3f00000, 0x00000000a3f00000|100%| O|  |TAMS 0x00000000a3f00000, 0x00000000a3e00000| Complete 
|  63|0x00000000a3f00000, 0x00000000a4000000, 0x00000000a4000000|100%| O|  |TAMS 0x00000000a4000000, 0x00000000a3f00000| Complete 
|  64|0x00000000a4000000, 0x00000000a4000000, 0x00000000a4100000|  0%| F|  |TAMS 0x00000000a4000000, 0x00000000a4000000| Untracked 
|  65|0x00000000a4100000, 0x00000000a4100000, 0x00000000a4200000|  0%| F|  |TAMS 0x00000000a4100000, 0x00000000a4100000| Untracked 
|  66|0x00000000a4200000, 0x00000000a4200000, 0x00000000a4300000|  0%| F|  |TAMS 0x00000000a4200000, 0x00000000a4200000| Untracked 
|  67|0x00000000a4300000, 0x00000000a4300000, 0x00000000a4400000|  0%| F|  |TAMS 0x00000000a4300000, 0x00000000a4300000| Untracked 
|  68|0x00000000a4400000, 0x00000000a4500000, 0x00000000a4500000|100%| O|  |TAMS 0x00000000a4500000, 0x00000000a4400000| Complete 
|  69|0x00000000a4500000, 0x00000000a4600000, 0x00000000a4600000|100%| O|  |TAMS 0x00000000a4600000, 0x00000000a4500000| Complete 
|  70|0x00000000a4600000, 0x00000000a4700000, 0x00000000a4700000|100%| O|  |TAMS 0x00000000a4700000, 0x00000000a4600000| Untracked 
|  71|0x00000000a4700000, 0x00000000a4800000, 0x00000000a4800000|100%| O|  |TAMS 0x00000000a4800000, 0x00000000a4700000| Untracked 
|  72|0x00000000a4800000, 0x00000000a48d7400, 0x00000000a4900000| 84%| O|  |TAMS 0x00000000a48d7400, 0x00000000a4800000| Untracked 
|  73|0x00000000a4900000, 0x00000000a4a00000, 0x00000000a4a00000|100%| O|  |TAMS 0x00000000a4a00000, 0x00000000a4900000| Complete 
|  74|0x00000000a4a00000, 0x00000000a4b00000, 0x00000000a4b00000|100%| O|  |TAMS 0x00000000a4b00000, 0x00000000a4a00000| Complete 
|  75|0x00000000a4b00000, 0x00000000a4c00000, 0x00000000a4c00000|100%| O|  |TAMS 0x00000000a4c00000, 0x00000000a4b00000| Complete 
|  76|0x00000000a4c00000, 0x00000000a4d00000, 0x00000000a4d00000|100%| O|  |TAMS 0x00000000a4d00000, 0x00000000a4c00000| Complete 
|  77|0x00000000a4d00000, 0x00000000a4d00000, 0x00000000a4e00000|  0%| F|  |TAMS 0x00000000a4d00000, 0x00000000a4d00000| Untracked 
|  78|0x00000000a4e00000, 0x00000000a4f00000, 0x00000000a4f00000|100%| O|  |TAMS 0x00000000a4f00000, 0x00000000a4e00000| Complete 
|  79|0x00000000a4f00000, 0x00000000a5000000, 0x00000000a5000000|100%| O|  |TAMS 0x00000000a5000000, 0x00000000a4f00000| Complete 
|  80|0x00000000a5000000, 0x00000000a5100000, 0x00000000a5100000|100%| O|  |TAMS 0x00000000a5100000, 0x00000000a5000000| Untracked 
|  81|0x00000000a5100000, 0x00000000a5200000, 0x00000000a5200000|100%| O|  |TAMS 0x00000000a5200000, 0x00000000a5100000| Untracked 
|  82|0x00000000a5200000, 0x00000000a5300000, 0x00000000a5300000|100%| O|  |TAMS 0x00000000a5300000, 0x00000000a5200000| Untracked 
|  83|0x00000000a5300000, 0x00000000a5400000, 0x00000000a5400000|100%| O|  |TAMS 0x00000000a5400000, 0x00000000a5300000| Complete 
|  84|0x00000000a5400000, 0x00000000a5500000, 0x00000000a5500000|100%| O|  |TAMS 0x00000000a5500000, 0x00000000a5400000| Complete 
|  85|0x00000000a5500000, 0x00000000a5500000, 0x00000000a5600000|  0%| F|  |TAMS 0x00000000a5500000, 0x00000000a5500000| Untracked 
|  86|0x00000000a5600000, 0x00000000a5600000, 0x00000000a5700000|  0%| F|  |TAMS 0x00000000a5600000, 0x00000000a5600000| Untracked 
|  87|0x00000000a5700000, 0x00000000a5700000, 0x00000000a5800000|  0%| F|  |TAMS 0x00000000a5700000, 0x00000000a5700000| Untracked 
|  88|0x00000000a5800000, 0x00000000a5800000, 0x00000000a5900000|  0%| F|  |TAMS 0x00000000a5800000, 0x00000000a5800000| Untracked 
|  89|0x00000000a5900000, 0x00000000a5900000, 0x00000000a5a00000|  0%| F|  |TAMS 0x00000000a5900000, 0x00000000a5900000| Untracked 
|  90|0x00000000a5a00000, 0x00000000a5b00000, 0x00000000a5b00000|100%| O|  |TAMS 0x00000000a5b00000, 0x00000000a5a00000| Complete 
|  91|0x00000000a5b00000, 0x00000000a5c00000, 0x00000000a5c00000|100%| O|  |TAMS 0x00000000a5c00000, 0x00000000a5b00000| Complete 
|  92|0x00000000a5c00000, 0x00000000a5d00000, 0x00000000a5d00000|100%| O|  |TAMS 0x00000000a5d00000, 0x00000000a5c00000| Complete 
|  93|0x00000000a5d00000, 0x00000000a5d00000, 0x00000000a5e00000|  0%| F|  |TAMS 0x00000000a5d00000, 0x00000000a5d00000| Untracked 
|  94|0x00000000a5e00000, 0x00000000a5e00000, 0x00000000a5f00000|  0%| F|  |TAMS 0x00000000a5e00000, 0x00000000a5e00000| Untracked 
|  95|0x00000000a5f00000, 0x00000000a5f00000, 0x00000000a6000000|  0%| F|  |TAMS 0x00000000a5f00000, 0x00000000a5f00000| Untracked 
|  96|0x00000000a6000000, 0x00000000a6000000, 0x00000000a6100000|  0%| F|  |TAMS 0x00000000a6000000, 0x00000000a6000000| Untracked 
|  97|0x00000000a6100000, 0x00000000a6100000, 0x00000000a6200000|  0%| F|  |TAMS 0x00000000a6100000, 0x00000000a6100000| Untracked 
|  98|0x00000000a6200000, 0x00000000a6200000, 0x00000000a6300000|  0%| F|  |TAMS 0x00000000a6200000, 0x00000000a6200000| Untracked 
|  99|0x00000000a6300000, 0x00000000a6300000, 0x00000000a6400000|  0%| F|  |TAMS 0x00000000a6300000, 0x00000000a6300000| Untracked 
| 100|0x00000000a6400000, 0x00000000a6400000, 0x00000000a6500000|  0%| F|  |TAMS 0x00000000a6400000, 0x00000000a6400000| Untracked 
| 101|0x00000000a6500000, 0x00000000a6500000, 0x00000000a6600000|  0%| F|  |TAMS 0x00000000a6500000, 0x00000000a6500000| Untracked 
| 102|0x00000000a6600000, 0x00000000a6600000, 0x00000000a6700000|  0%| F|  |TAMS 0x00000000a6600000, 0x00000000a6600000| Untracked 
| 103|0x00000000a6700000, 0x00000000a6700000, 0x00000000a6800000|  0%| F|  |TAMS 0x00000000a6700000, 0x00000000a6700000| Untracked 
| 104|0x00000000a6800000, 0x00000000a6800000, 0x00000000a6900000|  0%| F|  |TAMS 0x00000000a6800000, 0x00000000a6800000| Untracked 
| 105|0x00000000a6900000, 0x00000000a6900000, 0x00000000a6a00000|  0%| F|  |TAMS 0x00000000a6900000, 0x00000000a6900000| Untracked 
| 106|0x00000000a6a00000, 0x00000000a6a00000, 0x00000000a6b00000|  0%| F|  |TAMS 0x00000000a6a00000, 0x00000000a6a00000| Untracked 
| 107|0x00000000a6b00000, 0x00000000a6b00000, 0x00000000a6c00000|  0%| F|  |TAMS 0x00000000a6b00000, 0x00000000a6b00000| Untracked 
| 108|0x00000000a6c00000, 0x00000000a6c00000, 0x00000000a6d00000|  0%| F|  |TAMS 0x00000000a6c00000, 0x00000000a6c00000| Untracked 
| 109|0x00000000a6d00000, 0x00000000a6d00000, 0x00000000a6e00000|  0%| F|  |TAMS 0x00000000a6d00000, 0x00000000a6d00000| Untracked 
| 110|0x00000000a6e00000, 0x00000000a6e00000, 0x00000000a6f00000|  0%| F|  |TAMS 0x00000000a6e00000, 0x00000000a6e00000| Untracked 
| 111|0x00000000a6f00000, 0x00000000a6f00000, 0x00000000a7000000|  0%| F|  |TAMS 0x00000000a6f00000, 0x00000000a6f00000| Untracked 
| 112|0x00000000a7000000, 0x00000000a7000000, 0x00000000a7100000|  0%| F|  |TAMS 0x00000000a7000000, 0x00000000a7000000| Untracked 
| 113|0x00000000a7100000, 0x00000000a7100000, 0x00000000a7200000|  0%| F|  |TAMS 0x00000000a7100000, 0x00000000a7100000| Untracked 
| 114|0x00000000a7200000, 0x00000000a7200000, 0x00000000a7300000|  0%| F|  |TAMS 0x00000000a7200000, 0x00000000a7200000| Untracked 
| 115|0x00000000a7300000, 0x00000000a7300000, 0x00000000a7400000|  0%| F|  |TAMS 0x00000000a7300000, 0x00000000a7300000| Untracked 
| 116|0x00000000a7400000, 0x00000000a7400000, 0x00000000a7500000|  0%| F|  |TAMS 0x00000000a7400000, 0x00000000a7400000| Untracked 
| 117|0x00000000a7500000, 0x00000000a7500000, 0x00000000a7600000|  0%| F|  |TAMS 0x00000000a7500000, 0x00000000a7500000| Untracked 
| 118|0x00000000a7600000, 0x00000000a7600000, 0x00000000a7700000|  0%| F|  |TAMS 0x00000000a7600000, 0x00000000a7600000| Untracked 
| 119|0x00000000a7700000, 0x00000000a7700000, 0x00000000a7800000|  0%| F|  |TAMS 0x00000000a7700000, 0x00000000a7700000| Untracked 
| 120|0x00000000a7800000, 0x00000000a7800000, 0x00000000a7900000|  0%| F|  |TAMS 0x00000000a7800000, 0x00000000a7800000| Untracked 
| 121|0x00000000a7900000, 0x00000000a7900000, 0x00000000a7a00000|  0%| F|  |TAMS 0x00000000a7900000, 0x00000000a7900000| Untracked 
| 122|0x00000000a7a00000, 0x00000000a7a00000, 0x00000000a7b00000|  0%| F|  |TAMS 0x00000000a7a00000, 0x00000000a7a00000| Untracked 
| 123|0x00000000a7b00000, 0x00000000a7b00000, 0x00000000a7c00000|  0%| F|  |TAMS 0x00000000a7b00000, 0x00000000a7b00000| Untracked 
| 124|0x00000000a7c00000, 0x00000000a7c00000, 0x00000000a7d00000|  0%| F|  |TAMS 0x00000000a7c00000, 0x00000000a7c00000| Untracked 
| 125|0x00000000a7d00000, 0x00000000a7d00000, 0x00000000a7e00000|  0%| F|  |TAMS 0x00000000a7d00000, 0x00000000a7d00000| Untracked 
| 126|0x00000000a7e00000, 0x00000000a7e00000, 0x00000000a7f00000|  0%| F|  |TAMS 0x00000000a7e00000, 0x00000000a7e00000| Untracked 
| 127|0x00000000a7f00000, 0x00000000a7f9bb50, 0x00000000a8000000| 60%| S|CS|TAMS 0x00000000a7f00000, 0x00000000a7f00000| Complete 
| 128|0x00000000a8000000, 0x00000000a8100000, 0x00000000a8100000|100%| S|CS|TAMS 0x00000000a8000000, 0x00000000a8000000| Complete 
| 129|0x00000000a8100000, 0x00000000a8200000, 0x00000000a8200000|100%| S|CS|TAMS 0x00000000a8100000, 0x00000000a8100000| Complete 
| 130|0x00000000a8200000, 0x00000000a8200000, 0x00000000a8300000|  0%| F|  |TAMS 0x00000000a8200000, 0x00000000a8200000| Untracked 
| 131|0x00000000a8300000, 0x00000000a8300000, 0x00000000a8400000|  0%| F|  |TAMS 0x00000000a8300000, 0x00000000a8300000| Untracked 
| 132|0x00000000a8400000, 0x00000000a8400000, 0x00000000a8500000|  0%| F|  |TAMS 0x00000000a8400000, 0x00000000a8400000| Untracked 
| 133|0x00000000a8500000, 0x00000000a8500000, 0x00000000a8600000|  0%| F|  |TAMS 0x00000000a8500000, 0x00000000a8500000| Untracked 
| 134|0x00000000a8600000, 0x00000000a8600000, 0x00000000a8700000|  0%| F|  |TAMS 0x00000000a8600000, 0x00000000a8600000| Untracked 
| 135|0x00000000a8700000, 0x00000000a8700000, 0x00000000a8800000|  0%| F|  |TAMS 0x00000000a8700000, 0x00000000a8700000| Untracked 
| 136|0x00000000a8800000, 0x00000000a8800000, 0x00000000a8900000|  0%| F|  |TAMS 0x00000000a8800000, 0x00000000a8800000| Untracked 
| 137|0x00000000a8900000, 0x00000000a8900000, 0x00000000a8a00000|  0%| F|  |TAMS 0x00000000a8900000, 0x00000000a8900000| Untracked 
| 138|0x00000000a8a00000, 0x00000000a8a00000, 0x00000000a8b00000|  0%| F|  |TAMS 0x00000000a8a00000, 0x00000000a8a00000| Untracked 
| 139|0x00000000a8b00000, 0x00000000a8b00000, 0x00000000a8c00000|  0%| F|  |TAMS 0x00000000a8b00000, 0x00000000a8b00000| Untracked 
| 140|0x00000000a8c00000, 0x00000000a8c00000, 0x00000000a8d00000|  0%| F|  |TAMS 0x00000000a8c00000, 0x00000000a8c00000| Untracked 
| 141|0x00000000a8d00000, 0x00000000a8ddf010, 0x00000000a8e00000| 87%| E|  |TAMS 0x00000000a8d00000, 0x00000000a8d00000| Complete 
| 142|0x00000000a8e00000, 0x00000000a8f00000, 0x00000000a8f00000|100%| E|  |TAMS 0x00000000a8e00000, 0x00000000a8e00000| Complete 
| 143|0x00000000a8f00000, 0x00000000a9000000, 0x00000000a9000000|100%| E|CS|TAMS 0x00000000a8f00000, 0x00000000a8f00000| Complete 
| 144|0x00000000a9000000, 0x00000000a9100000, 0x00000000a9100000|100%| E|CS|TAMS 0x00000000a9000000, 0x00000000a9000000| Complete 
| 145|0x00000000a9100000, 0x00000000a9200000, 0x00000000a9200000|100%| E|CS|TAMS 0x00000000a9100000, 0x00000000a9100000| Complete 
| 146|0x00000000a9200000, 0x00000000a9300000, 0x00000000a9300000|100%| E|CS|TAMS 0x00000000a9200000, 0x00000000a9200000| Complete 
| 147|0x00000000a9300000, 0x00000000a9400000, 0x00000000a9400000|100%| E|CS|TAMS 0x00000000a9300000, 0x00000000a9300000| Complete 
| 148|0x00000000a9400000, 0x00000000a9500000, 0x00000000a9500000|100%| E|CS|TAMS 0x00000000a9400000, 0x00000000a9400000| Complete 
| 149|0x00000000a9500000, 0x00000000a9600000, 0x00000000a9600000|100%| E|CS|TAMS 0x00000000a9500000, 0x00000000a9500000| Complete 
| 150|0x00000000a9600000, 0x00000000a9700000, 0x00000000a9700000|100%| E|CS|TAMS 0x00000000a9600000, 0x00000000a9600000| Complete 
| 151|0x00000000a9700000, 0x00000000a9800000, 0x00000000a9800000|100%| E|CS|TAMS 0x00000000a9700000, 0x00000000a9700000| Complete 
| 152|0x00000000a9800000, 0x00000000a9900000, 0x00000000a9900000|100%| E|CS|TAMS 0x00000000a9800000, 0x00000000a9800000| Complete 
| 153|0x00000000a9900000, 0x00000000a9a00000, 0x00000000a9a00000|100%| E|CS|TAMS 0x00000000a9900000, 0x00000000a9900000| Complete 
| 154|0x00000000a9a00000, 0x00000000a9b00000, 0x00000000a9b00000|100%| E|CS|TAMS 0x00000000a9a00000, 0x00000000a9a00000| Complete 
| 155|0x00000000a9b00000, 0x00000000a9c00000, 0x00000000a9c00000|100%| E|CS|TAMS 0x00000000a9b00000, 0x00000000a9b00000| Complete 
| 156|0x00000000a9c00000, 0x00000000a9d00000, 0x00000000a9d00000|100%| E|CS|TAMS 0x00000000a9c00000, 0x00000000a9c00000| Complete 
| 157|0x00000000a9d00000, 0x00000000a9e00000, 0x00000000a9e00000|100%| E|CS|TAMS 0x00000000a9d00000, 0x00000000a9d00000| Complete 
| 158|0x00000000a9e00000, 0x00000000a9f00000, 0x00000000a9f00000|100%| E|CS|TAMS 0x00000000a9e00000, 0x00000000a9e00000| Complete 
| 159|0x00000000a9f00000, 0x00000000aa000000, 0x00000000aa000000|100%| E|CS|TAMS 0x00000000a9f00000, 0x00000000a9f00000| Complete 
| 160|0x00000000aa000000, 0x00000000aa100000, 0x00000000aa100000|100%| E|CS|TAMS 0x00000000aa000000, 0x00000000aa000000| Complete 
| 161|0x00000000aa100000, 0x00000000aa200000, 0x00000000aa200000|100%| E|CS|TAMS 0x00000000aa100000, 0x00000000aa100000| Complete 
| 162|0x00000000aa200000, 0x00000000aa300000, 0x00000000aa300000|100%| E|CS|TAMS 0x00000000aa200000, 0x00000000aa200000| Complete 
| 163|0x00000000aa300000, 0x00000000aa400000, 0x00000000aa400000|100%| E|CS|TAMS 0x00000000aa300000, 0x00000000aa300000| Complete 
| 164|0x00000000aa400000, 0x00000000aa500000, 0x00000000aa500000|100%| E|CS|TAMS 0x00000000aa400000, 0x00000000aa400000| Complete 
| 165|0x00000000aa500000, 0x00000000aa600000, 0x00000000aa600000|100%| E|CS|TAMS 0x00000000aa500000, 0x00000000aa500000| Complete 
| 166|0x00000000aa600000, 0x00000000aa700000, 0x00000000aa700000|100%| E|CS|TAMS 0x00000000aa600000, 0x00000000aa600000| Complete 
| 167|0x00000000aa700000, 0x00000000aa800000, 0x00000000aa800000|100%| E|CS|TAMS 0x00000000aa700000, 0x00000000aa700000| Complete 
| 168|0x00000000aa800000, 0x00000000aa900000, 0x00000000aa900000|100%| E|CS|TAMS 0x00000000aa800000, 0x00000000aa800000| Complete 
| 169|0x00000000aa900000, 0x00000000aaa00000, 0x00000000aaa00000|100%| E|CS|TAMS 0x00000000aa900000, 0x00000000aa900000| Complete 
| 170|0x00000000aaa00000, 0x00000000aab00000, 0x00000000aab00000|100%| E|CS|TAMS 0x00000000aaa00000, 0x00000000aaa00000| Complete 
| 171|0x00000000aab00000, 0x00000000aac00000, 0x00000000aac00000|100%| E|CS|TAMS 0x00000000aab00000, 0x00000000aab00000| Complete 
| 172|0x00000000aac00000, 0x00000000aad00000, 0x00000000aad00000|100%| E|CS|TAMS 0x00000000aac00000, 0x00000000aac00000| Complete 
| 173|0x00000000aad00000, 0x00000000aae00000, 0x00000000aae00000|100%| E|CS|TAMS 0x00000000aad00000, 0x00000000aad00000| Complete 
| 174|0x00000000aae00000, 0x00000000aaf00000, 0x00000000aaf00000|100%| E|CS|TAMS 0x00000000aae00000, 0x00000000aae00000| Complete 
| 175|0x00000000aaf00000, 0x00000000ab000000, 0x00000000ab000000|100%| E|CS|TAMS 0x00000000aaf00000, 0x00000000aaf00000| Complete 
| 176|0x00000000ab000000, 0x00000000ab100000, 0x00000000ab100000|100%| E|CS|TAMS 0x00000000ab000000, 0x00000000ab000000| Complete 
| 177|0x00000000ab100000, 0x00000000ab200000, 0x00000000ab200000|100%| E|CS|TAMS 0x00000000ab100000, 0x00000000ab100000| Complete 
| 178|0x00000000ab200000, 0x00000000ab300000, 0x00000000ab300000|100%| E|CS|TAMS 0x00000000ab200000, 0x00000000ab200000| Complete 
| 179|0x00000000ab300000, 0x00000000ab400000, 0x00000000ab400000|100%| E|CS|TAMS 0x00000000ab300000, 0x00000000ab300000| Complete 
| 180|0x00000000ab400000, 0x00000000ab500000, 0x00000000ab500000|100%| E|CS|TAMS 0x00000000ab400000, 0x00000000ab400000| Complete 
| 181|0x00000000ab500000, 0x00000000ab600000, 0x00000000ab600000|100%| E|CS|TAMS 0x00000000ab500000, 0x00000000ab500000| Complete 
| 182|0x00000000ab600000, 0x00000000ab700000, 0x00000000ab700000|100%| E|CS|TAMS 0x00000000ab600000, 0x00000000ab600000| Complete 
| 183|0x00000000ab700000, 0x00000000ab800000, 0x00000000ab800000|100%| E|CS|TAMS 0x00000000ab700000, 0x00000000ab700000| Complete 
| 184|0x00000000ab800000, 0x00000000ab900000, 0x00000000ab900000|100%| E|CS|TAMS 0x00000000ab800000, 0x00000000ab800000| Complete 

Card table byte_map: [0x0000019fa2910000,0x0000019fa2c10000] _byte_map_base: 0x0000019fa2410000

Marking Bits (Prev, Next): (CMBitMap*) 0x0000019f8f530428, (CMBitMap*) 0x0000019f8f530460
 Prev Bits: [0x0000019fa2f10000, 0x0000019fa4710000)
 Next Bits: [0x0000019fa4710000, 0x0000019fa5f10000)

Polling page: 0x0000019f8daf0000

Metaspace:

Usage:
  Non-class:     76.31 MB capacity,    74.87 MB ( 98%) used,     1.21 MB (  2%) free+waste,   239.06 KB ( <1%) overhead. 
      Class:     11.51 MB capacity,    10.73 MB ( 93%) used,   696.16 KB (  6%) free+waste,   106.44 KB ( <1%) overhead. 
       Both:     87.83 MB capacity,    85.60 MB ( 97%) used,     1.89 MB (  2%) free+waste,   345.50 KB ( <1%) overhead. 

Virtual space:
  Non-class space:       78.00 MB reserved,      76.37 MB ( 98%) committed 
      Class space:        1.00 GB reserved,      11.63 MB (  1%) committed 
             Both:        1.08 GB reserved,      88.00 MB (  8%) committed 

Chunk freelists:
   Non-Class:  58.00 KB
       Class:  20.00 KB
        Both:  78.00 KB

MaxMetaspaceSize: 17179869184.00 GB
CompressedClassSpaceSize: 1.00 GB

CodeHeap 'non-profiled nmethods': size=120064Kb used=7689Kb max_used=7689Kb free=112375Kb
 bounds [0x0000019f9aab0000, 0x0000019f9b240000, 0x0000019fa1ff0000]
CodeHeap 'profiled nmethods': size=120000Kb used=27522Kb max_used=27522Kb free=92477Kb
 bounds [0x0000019f93580000, 0x0000019f95070000, 0x0000019f9aab0000]
CodeHeap 'non-nmethods': size=5696Kb used=2281Kb max_used=2331Kb free=3414Kb
 bounds [0x0000019f92ff0000, 0x0000019f93260000, 0x0000019f93580000]
 total_blobs=13134 nmethods=12248 adapters=794
 compilation: enabled
              stopped_count=0, restarted_count=0
 full_count=0

Compilation events (20 events):
Event: 38.421 Thread 0x0000019fa856d000 12349       3       com.android.aapt.Resources$String::toBuilder (31 bytes)
Event: 38.422 Thread 0x0000019fa856d000 nmethod 12349 0x0000019f9502ec10 code [0x0000019f9502eea0, 0x0000019f9502fa88]
Event: 38.422 Thread 0x0000019fa856d000 12348       3       com.android.aapt.Resources$Item$Builder::setStr (47 bytes)
Event: 38.423 Thread 0x0000019fa856d000 nmethod 12348 0x0000019f9502fe10 code [0x0000019f95030000, 0x0000019f95030488]
Event: 38.457 Thread 0x0000019fa856d000 12351       3       com.android.aaptcompiler.XmlResourceBuilder::finishTextState (82 bytes)
Event: 38.461 Thread 0x0000019fa856d000 nmethod 12351 0x0000019f95030610 code [0x0000019f950309a0, 0x0000019f95031f08]
Event: 38.468 Thread 0x0000019fa8562800 nmethod 12177 0x0000019f9b219f10 code [0x0000019f9b21a660, 0x0000019f9b223e48]
Event: 38.471 Thread 0x0000019fa8562800 12350       4       java.lang.StringCoding::encodeUTF8_UTF16 (369 bytes)
Event: 38.490 Thread 0x0000019fa8562800 nmethod 12350 0x0000019f9b227b10 code [0x0000019f9b227cc0, 0x0000019f9b228418]
Event: 38.490 Thread 0x0000019fa8562800 12346       4       com.android.aaptcompiler.ResourceTable::findPackage (82 bytes)
Event: 38.509 Thread 0x0000019fa8562800 nmethod 12346 0x0000019f9b228810 code [0x0000019f9b2289c0, 0x0000019f9b229378]
Event: 38.509 Thread 0x0000019fa8562800 12345       4       com.android.aaptcompiler.ResourceTable::findOrCreatePackage (50 bytes)
Event: 38.522 Thread 0x0000019fa8562800 nmethod 12345 0x0000019f9b229690 code [0x0000019f9b229880, 0x0000019f9b229f48]
Event: 38.540 Thread 0x0000019fa856d000 12352       3       org.gradle.internal.execution.history.impl.DefaultPreviousExecutionStateSerializer::readInputProperties (75 bytes)
Event: 38.546 Thread 0x0000019fa856d000 nmethod 12352 0x0000019f95032690 code [0x0000019f95032ae0, 0x0000019f95034e18]
Event: 38.546 Thread 0x0000019fa856d000 12353       3       org.gradle.internal.execution.history.impl.DefaultPreviousExecutionStateSerializer::readFingerprints (63 bytes)
Event: 38.547 Thread 0x0000019fa856d000 nmethod 12353 0x0000019f95035990 code [0x0000019f95035bc0, 0x0000019f95036318]
Event: 38.547 Thread 0x0000019fa856d000 12354       3       org.gradle.internal.execution.history.impl.DefaultPreviousExecutionStateSerializer::readSnapshots (63 bytes)
Event: 38.547 Thread 0x0000019fa856d000 nmethod 12354 0x0000019f95036610 code [0x0000019f95036840, 0x0000019f95036f98]
Event: 38.547 Thread 0x0000019fa856d000 12355       3       org.gradle.internal.execution.steps.ValidateStep::execute (221 bytes)

GC Heap History (20 events):
Event: 13.678 GC heap before
{Heap before GC invocations=14 (full 0):
 garbage-first heap   total 157696K, used 108753K [0x00000000a0000000, 0x0000000100000000)
  region size 1024K, 65 young (66560K), 3 survivors (3072K)
 Metaspace       used 63137K, capacity 64780K, committed 64892K, reserved 1105920K
  class space    used 8020K, capacity 8626K, committed 8704K, reserved 1048576K
}
Event: 13.706 GC heap after
{Heap after GC invocations=15 (full 0):
 garbage-first heap   total 157696K, used 50166K [0x00000000a0000000, 0x0000000100000000)
  region size 1024K, 8 young (8192K), 8 survivors (8192K)
 Metaspace       used 63137K, capacity 64780K, committed 64892K, reserved 1105920K
  class space    used 8020K, capacity 8626K, committed 8704K, reserved 1048576K
}
Event: 16.245 GC heap before
{Heap before GC invocations=16 (full 0):
 garbage-first heap   total 157696K, used 112630K [0x00000000a0000000, 0x0000000100000000)
  region size 1024K, 69 young (70656K), 8 survivors (8192K)
 Metaspace       used 68379K, capacity 70063K, committed 70268K, reserved 1110016K
  class space    used 8843K, capacity 9459K, committed 9472K, reserved 1048576K
}
Event: 16.279 GC heap after
{Heap after GC invocations=17 (full 0):
 garbage-first heap   total 189440K, used 54597K [0x00000000a0000000, 0x0000000100000000)
  region size 1024K, 5 young (5120K), 5 survivors (5120K)
 Metaspace       used 68379K, capacity 70063K, committed 70268K, reserved 1110016K
  class space    used 8843K, capacity 9459K, committed 9472K, reserved 1048576K
}
Event: 18.009 GC heap before
{Heap before GC invocations=17 (full 0):
 garbage-first heap   total 189440K, used 129349K [0x00000000a0000000, 0x0000000100000000)
  region size 1024K, 78 young (79872K), 5 survivors (5120K)
 Metaspace       used 72107K, capacity 73890K, committed 73980K, reserved 1114112K
  class space    used 9390K, capacity 10023K, committed 10112K, reserved 1048576K
}
Event: 18.033 GC heap after
{Heap after GC invocations=18 (full 0):
 garbage-first heap   total 189440K, used 59254K [0x00000000a0000000, 0x0000000100000000)
  region size 1024K, 9 young (9216K), 9 survivors (9216K)
 Metaspace       used 72107K, capacity 73890K, committed 73980K, reserved 1114112K
  class space    used 9390K, capacity 10023K, committed 10112K, reserved 1048576K
}
Event: 21.065 GC heap before
{Heap before GC invocations=18 (full 0):
 garbage-first heap   total 189440K, used 135030K [0x00000000a0000000, 0x0000000100000000)
  region size 1024K, 83 young (84992K), 9 survivors (9216K)
 Metaspace       used 78891K, capacity 81061K, committed 81148K, reserved 1120256K
  class space    used 10333K, capacity 11112K, committed 11136K, reserved 1048576K
}
Event: 21.090 GC heap after
{Heap after GC invocations=19 (full 0):
 garbage-first heap   total 189440K, used 64930K [0x00000000a0000000, 0x0000000100000000)
  region size 1024K, 11 young (11264K), 11 survivors (11264K)
 Metaspace       used 78891K, capacity 81061K, committed 81148K, reserved 1120256K
  class space    used 10333K, capacity 11112K, committed 11136K, reserved 1048576K
}
Event: 22.645 GC heap before
{Heap before GC invocations=19 (full 0):
 garbage-first heap   total 189440K, used 138658K [0x00000000a0000000, 0x0000000100000000)
  region size 1024K, 84 young (86016K), 11 survivors (11264K)
 Metaspace       used 79750K, capacity 81913K, committed 82044K, reserved 1120256K
  class space    used 10401K, capacity 11188K, committed 11264K, reserved 1048576K
}
Event: 22.674 GC heap after
{Heap after GC invocations=20 (full 0):
 garbage-first heap   total 189440K, used 70358K [0x00000000a0000000, 0x0000000100000000)
  region size 1024K, 11 young (11264K), 11 survivors (11264K)
 Metaspace       used 79750K, capacity 81913K, committed 82044K, reserved 1120256K
  class space    used 10401K, capacity 11188K, committed 11264K, reserved 1048576K
}
Event: 28.127 GC heap before
{Heap before GC invocations=20 (full 0):
 garbage-first heap   total 189440K, used 143062K [0x00000000a0000000, 0x0000000100000000)
  region size 1024K, 83 young (84992K), 11 survivors (11264K)
 Metaspace       used 81684K, capacity 83832K, committed 83964K, reserved 1122304K
  class space    used 10540K, capacity 11334K, committed 11392K, reserved 1048576K
}
Event: 28.163 GC heap after
{Heap after GC invocations=21 (full 0):
 garbage-first heap   total 189440K, used 82794K [0x00000000a0000000, 0x0000000100000000)
  region size 1024K, 11 young (11264K), 11 survivors (11264K)
 Metaspace       used 81684K, capacity 83832K, committed 83964K, reserved 1122304K
  class space    used 10540K, capacity 11334K, committed 11392K, reserved 1048576K
}
Event: 30.864 GC heap before
{Heap before GC invocations=21 (full 0):
 garbage-first heap   total 189440K, used 148330K [0x00000000a0000000, 0x0000000100000000)
  region size 1024K, 72 young (73728K), 11 survivors (11264K)
 Metaspace       used 82141K, capacity 84256K, committed 84476K, reserved 1122304K
  class space    used 10581K, capacity 11367K, committed 11392K, reserved 1048576K
}
Event: 30.888 GC heap after
{Heap after GC invocations=22 (full 0):
 garbage-first heap   total 189440K, used 87542K [0x00000000a0000000, 0x0000000100000000)
  region size 1024K, 4 young (4096K), 4 survivors (4096K)
 Metaspace       used 82141K, capacity 84256K, committed 84476K, reserved 1122304K
  class space    used 10581K, capacity 11367K, committed 11392K, reserved 1048576K
}
Event: 31.008 GC heap before
{Heap before GC invocations=22 (full 0):
 garbage-first heap   total 189440K, used 93686K [0x00000000a0000000, 0x0000000100000000)
  region size 1024K, 10 young (10240K), 4 survivors (4096K)
 Metaspace       used 82163K, capacity 84326K, committed 84476K, reserved 1122304K
  class space    used 10584K, capacity 11369K, committed 11392K, reserved 1048576K
}
Event: 31.022 GC heap after
{Heap after GC invocations=23 (full 0):
 garbage-first heap   total 189440K, used 90292K [0x00000000a0000000, 0x0000000100000000)
  region size 1024K, 6 young (6144K), 6 survivors (6144K)
 Metaspace       used 82163K, capacity 84326K, committed 84476K, reserved 1122304K
  class space    used 10584K, capacity 11369K, committed 11392K, reserved 1048576K
}
Event: 34.011 GC heap before
{Heap before GC invocations=24 (full 0):
 garbage-first heap   total 189440K, used 154804K [0x00000000a0000000, 0x0000000100000000)
  region size 1024K, 63 young (64512K), 6 survivors (6144K)
 Metaspace       used 86494K, capacity 88717K, committed 88956K, reserved 1126400K
  class space    used 10917K, capacity 11715K, committed 11776K, reserved 1048576K
}
Event: 34.046 GC heap after
{Heap after GC invocations=25 (full 0):
 garbage-first heap   total 189440K, used 93434K [0x00000000a0000000, 0x0000000100000000)
  region size 1024K, 7 young (7168K), 7 survivors (7168K)
 Metaspace       used 86494K, capacity 88717K, committed 88956K, reserved 1126400K
  class space    used 10917K, capacity 11715K, committed 11776K, reserved 1048576K
}
Event: 35.972 GC heap before
{Heap before GC invocations=25 (full 0):
 garbage-first heap   total 189440K, used 148730K [0x00000000a0000000, 0x0000000100000000)
  region size 1024K, 62 young (63488K), 7 survivors (7168K)
 Metaspace       used 86868K, capacity 89101K, committed 89212K, reserved 1126400K
  class space    used 10932K, capacity 11749K, committed 11776K, reserved 1048576K
}
Event: 35.991 GC heap after
{Heap after GC invocations=26 (full 0):
 garbage-first heap   total 189440K, used 92619K [0x00000000a0000000, 0x0000000100000000)
  region size 1024K, 3 young (3072K), 3 survivors (3072K)
 Metaspace       used 86868K, capacity 89101K, committed 89212K, reserved 1126400K
  class space    used 10932K, capacity 11749K, committed 11776K, reserved 1048576K
}

Deoptimization events (20 events):
Event: 37.330 Thread 0x0000019fae147800 DEOPT PACKING pc=0x0000019f9476e91d sp=0x000000110dcfdfd0
Event: 37.330 Thread 0x0000019fae147800 DEOPT UNPACKING pc=0x0000019f930176ce sp=0x000000110dcfd498 mode 0
Event: 37.425 Thread 0x0000019fab162000 DEOPT PACKING pc=0x0000019f93900c7e sp=0x000000110f0fbf60
Event: 37.425 Thread 0x0000019fab162000 DEOPT UNPACKING pc=0x0000019f930176ce sp=0x000000110f0fb420 mode 0
Event: 37.655 Thread 0x0000019fab162000 Uncommon trap: trap_request=0xffffff4d fr.pc=0x0000019f9b1f11c8 relative=0x0000000000000b68
Event: 37.655 Thread 0x0000019fab162000 Uncommon trap: reason=unstable_if action=reinterpret pc=0x0000019f9b1f11c8 method=com.android.aaptcompiler.proto.ProtoSerializeKt.serializeConfigToPb(Lcom/android/aaptcompiler/ConfigDescription;Ljava/lang/String;Lcom/android/utils/ILogger;)Lcom/android/aa
Event: 37.655 Thread 0x0000019fab162000 DEOPT PACKING pc=0x0000019f9b1f11c8 sp=0x000000110f0fd850
Event: 37.655 Thread 0x0000019fab162000 DEOPT UNPACKING pc=0x0000019f930178af sp=0x000000110f0fd810 mode 2
Event: 38.041 Thread 0x0000019fab164000 Uncommon trap: trap_request=0xffffff4d fr.pc=0x0000019f9af87738 relative=0x0000000000002458
Event: 38.041 Thread 0x0000019fab164000 Uncommon trap: reason=unstable_if action=reinterpret pc=0x0000019f9af87738 method=java.util.concurrent.ConcurrentHashMap.addCount(JI)V @ 97 c2
Event: 38.041 Thread 0x0000019fab164000 DEOPT PACKING pc=0x0000019f9af87738 sp=0x000000110eafaba0
Event: 38.041 Thread 0x0000019fab164000 DEOPT UNPACKING pc=0x0000019f930178af sp=0x000000110eafaa90 mode 2
Event: 38.187 Thread 0x0000019fab164000 Uncommon trap: trap_request=0xffffff4d fr.pc=0x0000019f9afaa18c relative=0x0000000000004f8c
Event: 38.187 Thread 0x0000019fab164000 Uncommon trap: reason=unstable_if action=reinterpret pc=0x0000019f9afaa18c method=org.gradle.internal.fingerprint.classpath.impl.ClasspathFingerprintingStrategy$ClasspathFingerprintingVisitor$1.visitRegularFile(Lorg/gradle/internal/snapshot/RegularFileSna
Event: 38.187 Thread 0x0000019fab164000 DEOPT PACKING pc=0x0000019f9afaa18c sp=0x000000110eafc570
Event: 38.187 Thread 0x0000019fab164000 DEOPT UNPACKING pc=0x0000019f930178af sp=0x000000110eafc4b8 mode 2
Event: 38.259 Thread 0x0000019fab162000 Uncommon trap: trap_request=0xffffff4d fr.pc=0x0000019f9b20d640 relative=0x0000000000000a00
Event: 38.259 Thread 0x0000019fab162000 Uncommon trap: reason=unstable_if action=reinterpret pc=0x0000019f9b20d640 method=com.android.aapt.ConfigurationOuterClass$Configuration.getSerializedSize()I @ 374 c2
Event: 38.259 Thread 0x0000019fab162000 DEOPT PACKING pc=0x0000019f9b20d640 sp=0x000000110f0fd6b0
Event: 38.259 Thread 0x0000019fab162000 DEOPT UNPACKING pc=0x0000019f930178af sp=0x000000110f0fd658 mode 2

Classes redefined (0 events):
No events

Internal exceptions (20 events):
Event: 20.006 Thread 0x0000019fae153800 Exception <a 'java/lang/NoSuchMethodError'{0x00000000a87bba98}: <clinit>> (0x00000000a87bba98) thrown at [./src/hotspot/share/prims/jni.cpp, line 1362]
Event: 20.024 Thread 0x0000019fae153800 Exception <a 'java/lang/NoSuchMethodError'{0x00000000a87cfeb0}: <clinit>> (0x00000000a87cfeb0) thrown at [./src/hotspot/share/prims/jni.cpp, line 1362]
Event: 20.028 Thread 0x0000019fae153800 Exception <a 'java/lang/NoSuchMethodError'{0x00000000a87e9388}: <clinit>> (0x00000000a87e9388) thrown at [./src/hotspot/share/prims/jni.cpp, line 1362]
Event: 20.143 Thread 0x0000019fab3c4800 Exception <a 'java/lang/NoSuchMethodError'{0x00000000a84adf08}: <clinit>> (0x00000000a84adf08) thrown at [./src/hotspot/share/prims/jni.cpp, line 1362]
Event: 20.261 Thread 0x0000019fab163000 Exception <a 'java/lang/NoSuchMethodError'{0x00000000a83a1400}: 'java.lang.Object java.lang.invoke.Invokers$Holder.linkToTargetMethod(java.lang.Object, java.lang.Object, java.lang.Object, int, java.lang.Object, java.lang.Object)'> (0x00000000a83a1400) thrown at [./src/hotspot/share/interpreter/linkResolver.cpp, line 773]
Event: 20.275 Thread 0x0000019fab163000 Exception <a 'java/lang/IncompatibleClassChangeError'{0x00000000a8202ed0}: Found class java.lang.Object, but interface was expected> (0x00000000a8202ed0) thrown at [./src/hotspot/share/interpreter/linkResolver.cpp, line 839]
Event: 20.307 Thread 0x0000019fab163000 Exception <a 'java/lang/NoSuchMethodError'{0x00000000a81d7628}: 'int java.lang.invoke.DirectMethodHandle$Holder.invokeStaticInit(java.lang.Object, java.lang.Object, java.lang.Object, java.lang.Object, java.lang.Object)'> (0x00000000a81d7628) thrown at [./src/hotspot/share/interpreter/linkResolver.cpp, line 773]
Event: 20.957 Thread 0x0000019fae14f800 Exception <a 'java/lang/NoSuchMethodError'{0x00000000a72e3c60}: 'java.lang.Object java.lang.invoke.DirectMethodHandle$Holder.invokeSpecialIFC(java.lang.Object, java.lang.Object, java.lang.Object)'> (0x00000000a72e3c60) thrown at [./src/hotspot/share/interpreter/linkResolver.cpp, line 773]
Event: 21.685 Thread 0x0000019fae152000 Exception <a 'java/lang/NoSuchMethodError'{0x00000000a9e18c20}: 'void java.lang.invoke.DirectMethodHandle$Holder.invokeVirtual(java.lang.Object, java.lang.Object)'> (0x00000000a9e18c20) thrown at [./src/hotspot/share/interpreter/linkResolver.cpp, line 773]
Event: 21.685 Thread 0x0000019fab160800 Exception <a 'java/lang/NoSuchMethodError'{0x00000000a9e26c80}: 'void java.lang.invoke.DirectMethodHandle$Holder.invokeVirtual(java.lang.Object, java.lang.Object)'> (0x00000000a9e26c80) thrown at [./src/hotspot/share/interpreter/linkResolver.cpp, line 773]
Event: 27.701 Thread 0x0000019fab160800 Implicit null exception at 0x0000019f9b03c775 to 0x0000019f9b03cbac
Event: 27.702 Thread 0x0000019fab160800 Implicit null exception at 0x0000019f9b02c2f5 to 0x0000019f9b02c72c
Event: 31.049 Thread 0x0000019fab160800 Implicit null exception at 0x0000019f9b0a70e5 to 0x0000019f9b0ad6d0
Event: 31.354 Thread 0x0000019fab160800 Exception <a 'java/lang/NoSuchMethodError'{0x00000000ab53d620}: <clinit>> (0x00000000ab53d620) thrown at [./src/hotspot/share/prims/jni.cpp, line 1362]
Event: 31.387 Thread 0x0000019fab160800 Exception <a 'java/lang/NoSuchMethodError'{0x00000000ab491970}: <clinit>> (0x00000000ab491970) thrown at [./src/hotspot/share/prims/jni.cpp, line 1362]
Event: 33.125 Thread 0x0000019fab15f000 Implicit null exception at 0x0000019f9b121a6f to 0x0000019f9b122554
Event: 33.125 Thread 0x0000019fab15f000 Implicit null exception at 0x0000019f9b121a6f to 0x0000019f9b122554
Event: 33.125 Thread 0x0000019fab15f000 Implicit null exception at 0x0000019f9b121a6f to 0x0000019f9b122554
Event: 33.125 Thread 0x0000019fab15f000 Implicit null exception at 0x0000019f9b121a6f to 0x0000019f9b122554
Event: 38.203 Thread 0x0000019fab164000 Exception <a 'java/lang/NoSuchMethodError'{0x00000000a9795a50}: 'int java.lang.invoke.DirectMethodHandle$Holder.invokeSpecial(java.lang.Object, java.lang.Object, java.lang.Object, java.lang.Object, java.lang.Object)'> (0x00000000a9795a50) thrown at [./src/hotspot/share/interpreter/linkResolver.cpp, line 773]

Events (20 events):
Event: 38.201 loading class org/gradle/internal/vfs/impl/DefaultFileSystemAccess
Event: 38.201 loading class org/gradle/internal/vfs/impl/DefaultFileSystemAccess done
Event: 38.202 loading class org/gradle/internal/snapshot/FileSystemLocationSnapshot
Event: 38.202 loading class org/gradle/internal/snapshot/FileSystemLocationSnapshot done
Event: 38.202 loading class org/gradle/api/specs/Spec
Event: 38.202 loading class org/gradle/api/specs/Spec done
Event: 38.203 loading class org/gradle/internal/fingerprint/impl/PatternSetSnapshottingFilter
Event: 38.203 loading class org/gradle/internal/fingerprint/impl/PatternSetSnapshottingFilter done
Event: 38.203 loading class org/gradle/internal/snapshot/SnapshottingFilter$FileSystemSnapshotPredicate
Event: 38.203 loading class org/gradle/internal/snapshot/SnapshottingFilter$FileSystemSnapshotPredicate done
Event: 38.204 loading class org/gradle/internal/snapshot/impl/FileSystemSnapshotFilter
Event: 38.204 loading class org/gradle/internal/snapshot/impl/FileSystemSnapshotFilter done
Event: 38.205 loading class org/gradle/internal/snapshot/impl/FileSystemSnapshotFilter$FilteringVisitor
Event: 38.205 loading class org/gradle/internal/snapshot/impl/FileSystemSnapshotFilter$FilteringVisitor done
Event: 38.206 loading class org/gradle/internal/snapshot/impl/FileSystemSnapshotFilter$FilteringVisitor$1
Event: 38.206 loading class org/gradle/internal/snapshot/impl/FileSystemSnapshotFilter$FilteringVisitor$1 done
Event: 38.207 loading class org/gradle/internal/fingerprint/impl/PatternSetSnapshottingFilter$LogicalFileTreeElement
Event: 38.207 loading class org/gradle/internal/fingerprint/impl/PatternSetSnapshottingFilter$LogicalFileTreeElement done
Event: 38.209 loading class org/gradle/api/tasks/util/internal/CachingPatternSpecFactory$CachingSpec$1
Event: 38.209 loading class org/gradle/api/tasks/util/internal/CachingPatternSpecFactory$CachingSpec$1 done


Dynamic libraries:
0x00007ff677ab0000 - 0x00007ff677aba000 	C:\Program Files\Android\Android Studio\jre\bin\java.exe
0x00007ffebbb30000 - 0x00007ffebbd24000 	C:\WINDOWS\SYSTEM32\ntdll.dll
0x00007ffeba670000 - 0x00007ffeba72d000 	C:\WINDOWS\System32\KERNEL32.DLL
0x00007ffeb95c0000 - 0x00007ffeb9887000 	C:\WINDOWS\System32\KERNELBASE.dll
0x00007ffeb9440000 - 0x00007ffeb9540000 	C:\WINDOWS\System32\ucrtbase.dll
0x00007ffea07a0000 - 0x00007ffea07b9000 	C:\Program Files\Android\Android Studio\jre\bin\jli.dll
0x00007ffea07e0000 - 0x00007ffea07f7000 	C:\Program Files\Android\Android Studio\jre\bin\VCRUNTIME140.dll
0x00007ffeb9ea0000 - 0x00007ffeba040000 	C:\WINDOWS\System32\USER32.dll
0x00007ffea1f30000 - 0x00007ffea21ca000 	C:\WINDOWS\WinSxS\amd64_microsoft.windows.common-controls_6595b64144ccf1df_6.0.19041.1_none_b555e41d4684ddec\COMCTL32.dll
0x00007ffeb9890000 - 0x00007ffeb98b2000 	C:\WINDOWS\System32\win32u.dll
0x00007ffebb890000 - 0x00007ffebb92e000 	C:\WINDOWS\System32\msvcrt.dll
0x00007ffeb9dc0000 - 0x00007ffeb9dea000 	C:\WINDOWS\System32\GDI32.dll
0x00007ffeb98c0000 - 0x00007ffeb99ca000 	C:\WINDOWS\System32\gdi32full.dll
0x00007ffeb9270000 - 0x00007ffeb930d000 	C:\WINDOWS\System32\msvcp_win.dll
0x00007ffebb780000 - 0x00007ffebb7b0000 	C:\WINDOWS\System32\IMM32.DLL
0x00007ffe836a0000 - 0x00007ffe8373d000 	C:\Program Files\Android\Android Studio\jre\bin\msvcp140.dll
0x00007ffe708a0000 - 0x00007ffe7136f000 	C:\Program Files\Android\Android Studio\jre\bin\server\jvm.dll
0x00007ffebb390000 - 0x00007ffebb43a000 	C:\WINDOWS\System32\ADVAPI32.dll
0x00007ffeb9bf0000 - 0x00007ffeb9c8b000 	C:\WINDOWS\System32\sechost.dll
0x00007ffebb5f0000 - 0x00007ffebb713000 	C:\WINDOWS\System32\RPCRT4.dll
0x00007ffebbae0000 - 0x00007ffebbae8000 	C:\WINDOWS\System32\PSAPI.DLL
0x00007ffeb60b0000 - 0x00007ffeb60b9000 	C:\WINDOWS\SYSTEM32\WSOCK32.dll
0x00007ffeb10b0000 - 0x00007ffeb10d7000 	C:\WINDOWS\SYSTEM32\WINMM.dll
0x00007ffeba5e0000 - 0x00007ffeba64b000 	C:\WINDOWS\System32\WS2_32.dll
0x00007ffeb0480000 - 0x00007ffeb048a000 	C:\WINDOWS\SYSTEM32\VERSION.dll
0x00007ffeb7b80000 - 0x00007ffeb7b93000 	C:\WINDOWS\SYSTEM32\kernel.appcore.dll
0x00007ffea0800000 - 0x00007ffea0811000 	C:\Program Files\Android\Android Studio\jre\bin\verify.dll
0x00007ffeb71d0000 - 0x00007ffeb73b4000 	C:\WINDOWS\SYSTEM32\DBGHELP.DLL
0x00007ffe9edd0000 - 0x00007ffe9edfc000 	C:\WINDOWS\SYSTEM32\dbgcore.DLL
0x00007ffeb93c0000 - 0x00007ffeb943f000 	C:\WINDOWS\System32\bcryptPrimitives.dll
0x00007ffea05a0000 - 0x00007ffea05c9000 	C:\Program Files\Android\Android Studio\jre\bin\java.dll
0x00007ffeb60a0000 - 0x00007ffeb60ab000 	C:\Program Files\Android\Android Studio\jre\bin\jimage.dll
0x00007ffea0720000 - 0x00007ffea0738000 	C:\Program Files\Android\Android Studio\jre\bin\zip.dll
0x00007ffebac50000 - 0x00007ffebb381000 	C:\WINDOWS\System32\SHELL32.dll
0x00007ffeb73e0000 - 0x00007ffeb7b6a000 	C:\WINDOWS\SYSTEM32\windows.storage.dll
0x00007ffeba1c0000 - 0x00007ffeba514000 	C:\WINDOWS\System32\combase.dll
0x00007ffeb8cf0000 - 0x00007ffeb8d1b000 	C:\WINDOWS\SYSTEM32\Wldp.dll
0x00007ffebaba0000 - 0x00007ffebac4e000 	C:\WINDOWS\System32\SHCORE.dll
0x00007ffeba520000 - 0x00007ffeba575000 	C:\WINDOWS\System32\shlwapi.dll
0x00007ffeb91b0000 - 0x00007ffeb91cf000 	C:\WINDOWS\SYSTEM32\profapi.dll
0x00007ffea0580000 - 0x00007ffea059a000 	C:\Program Files\Android\Android Studio\jre\bin\net.dll
0x00007ffea1bb0000 - 0x00007ffea1cb2000 	C:\WINDOWS\SYSTEM32\WINHTTP.dll
0x00007ffeb8a70000 - 0x00007ffeb8ada000 	C:\WINDOWS\system32\mswsock.dll
0x00007ffea0560000 - 0x00007ffea0574000 	C:\Program Files\Android\Android Studio\jre\bin\nio.dll
0x00007ffeb0270000 - 0x00007ffeb0297000 	C:\Users\HP\.gradle\wrapper\dists\gradle-2.14.1-all\native\8bec1ad78214c89d9ad589b4d07fe93259594b29d510b10fafb7a158f7737e5d\windows-amd64\native-platform.dll
0x00007ffe79220000 - 0x00007ffe7935d000 	C:\Users\HP\.gradle\wrapper\dists\gradle-2.14.1-all\native\53dbd7edfb1c66fb8903c78663c9afc45aea4f116125fa6feffd364cf09443e8\windows-amd64\native-platform-file-events.dll
0x00007ffea8d00000 - 0x00007ffea8d0a000 	C:\Program Files\Android\Android Studio\jre\bin\management.dll
0x00007ffea21d0000 - 0x00007ffea21dc000 	C:\Program Files\Android\Android Studio\jre\bin\management_ext.dll
0x00007ffeb8c50000 - 0x00007ffeb8c68000 	C:\WINDOWS\SYSTEM32\CRYPTSP.dll
0x00007ffeb8390000 - 0x00007ffeb83c4000 	C:\WINDOWS\system32\rsaenh.dll
0x00007ffeb9590000 - 0x00007ffeb95b7000 	C:\WINDOWS\System32\bcrypt.dll
0x00007ffeb9130000 - 0x00007ffeb915e000 	C:\WINDOWS\SYSTEM32\USERENV.dll
0x00007ffeb8c40000 - 0x00007ffeb8c4c000 	C:\WINDOWS\SYSTEM32\CRYPTBASE.dll
0x00007ffeb8710000 - 0x00007ffeb874b000 	C:\WINDOWS\SYSTEM32\IPHLPAPI.DLL
0x00007ffeba1a0000 - 0x00007ffeba1a9000 	C:\WINDOWS\System32\NSI.dll
0x00007ffeb70f0000 - 0x00007ffeb7107000 	C:\WINDOWS\SYSTEM32\dhcpcsvc6.DLL
0x00007ffeb70d0000 - 0x00007ffeb70ed000 	C:\WINDOWS\SYSTEM32\dhcpcsvc.DLL
0x00007ffeb8760000 - 0x00007ffeb882a000 	C:\WINDOWS\SYSTEM32\DNSAPI.dll

dbghelp: loaded successfully - version: 4.0.5 - missing functions: none
symbol engine: initialized successfully - sym options: 0x614 - pdb path: .;C:\Program Files\Android\Android Studio\jre\bin;C:\WINDOWS\SYSTEM32;C:\WINDOWS\WinSxS\amd64_microsoft.windows.common-controls_6595b64144ccf1df_6.0.19041.1_none_b555e41d4684ddec;C:\Program Files\Android\Android Studio\jre\bin\server;C:\Users\HP\.gradle\wrapper\dists\gradle-2.14.1-all\native\8bec1ad78214c89d9ad589b4d07fe93259594b29d510b10fafb7a158f7737e5d\windows-amd64;C:\Users\HP\.gradle\wrapper\dists\gradle-2.14.1-all\native\53dbd7edfb1c66fb8903c78663c9afc45aea4f116125fa6feffd364cf09443e8\windows-amd64

VM Arguments:
jvm_args: --add-opens=java.base/java.util=ALL-UNNAMED --add-opens=java.base/java.lang=ALL-UNNAMED --add-opens=java.base/java.lang.invoke=ALL-UNNAMED --add-opens=java.base/java.util=ALL-UNNAMED --add-opens=java.prefs/java.util.prefs=ALL-UNNAMED --add-opens=java.prefs/java.util.prefs=ALL-UNNAMED --add-opens=java.base/java.nio.charset=ALL-UNNAMED --add-opens=java.base/java.net=ALL-UNNAMED --add-opens=java.base/java.util.concurrent.atomic=ALL-UNNAMED -Xmx1536m -Dfile.encoding=windows-1252 -Duser.country=US -Duser.language=en -Duser.variant 
java_command: org.gradle.launcher.daemon.bootstrap.GradleDaemon 7.0.2
java_class_path (initial): C:\Users\HP\.gradle\wrapper\dists\gradle-2.14.1-all\wrapper\dists\gradle-7.0.2-all\7era6s5ay7zsbhuvl0oc9g94s\gradle-7.0.2\lib\gradle-launcher-7.0.2.jar
Launcher Type: SUN_STANDARD

[Global flags]
     intx CICompilerCount                          = 3                                         {product} {ergonomic}
     uint ConcGCThreads                            = 1                                         {product} {ergonomic}
     uint G1ConcRefinementThreads                  = 4                                         {product} {ergonomic}
   size_t G1HeapRegionSize                         = 1048576                                   {product} {ergonomic}
    uintx GCDrainStackTargetSize                   = 64                                        {product} {ergonomic}
   size_t InitialHeapSize                          = 134217728                                 {product} {ergonomic}
   size_t MarkStackSize                            = 4194304                                   {product} {ergonomic}
   size_t MaxHeapSize                              = 1610612736                                {product} {command line}
   size_t MaxNewSize                               = 965738496                                 {product} {ergonomic}
   size_t MinHeapDeltaBytes                        = 1048576                                   {product} {ergonomic}
    uintx NonNMethodCodeHeapSize                   = 5830732                                {pd product} {ergonomic}
    uintx NonProfiledCodeHeapSize                  = 122913754                              {pd product} {ergonomic}
    uintx ProfiledCodeHeapSize                     = 122913754                              {pd product} {ergonomic}
    uintx ReservedCodeCacheSize                    = 251658240                              {pd product} {ergonomic}
     bool SegmentedCodeCache                       = true                                      {product} {ergonomic}
     bool UseCompressedClassPointers               = true                                 {lp64_product} {ergonomic}
     bool UseCompressedOops                        = true                                 {lp64_product} {ergonomic}
     bool UseG1GC                                  = true                                      {product} {ergonomic}
     bool UseLargePagesIndividualAllocation        = false                                  {pd product} {ergonomic}

Logging:
Log output configuration:
 #0: stdout all=warning uptime,level,tags
 #1: stderr all=off uptime,level,tags

Environment Variables:
PATH=C:\WINDOWS\system32;C:\WINDOWS;C:\WINDOWS\System32\Wbem;C:\WINDOWS\System32\WindowsPowerShell\v1.0\;C:\WINDOWS\System32\OpenSSH\;E:\New folder\;C:\Users\HP\AppData\Local\Microsoft\WindowsApps;E:\VS Code\Microsoft VS Code\bin;C:\Users\HP\AppData\Roaming\npm;C:\Users\HP\AppData\Local\GitHubDesktop\bin;C:\Users\HP\Flutter\flutter\bin;
USERNAME=HP
OS=Windows_NT
PROCESSOR_IDENTIFIER=Intel64 Family 6 Model 142 Stepping 9, GenuineIntel



---------------  S Y S T E M  ---------------

OS: Windows 10 , 64 bit Build 19041 (10.0.19041.1)
OS uptime: 0 days 4:07 hours

CPU:total 4 (initial active 4) (2 cores per cpu, 2 threads per core) family 6 model 142 stepping 9 microcode 0xb4, cmov, cx8, fxsr, mmx, sse, sse2, sse3, ssse3, sse4.1, sse4.2, popcnt, avx, avx2, aes, clmul, erms, 3dnowpref, lzcnt, ht, tsc, tscinvbit, bmi1, bmi2, adx, fma

Memory: 4k page, system-wide physical 8075M (2205M free)
TotalPageFile size 16267M (AvailPageFile size 8969M)
current process WorkingSet (physical memory assigned to process): 438M, peak: 447M
current process commit charge ("private bytes"): 466M, peak: 475M

vm_info: OpenJDK 64-Bit Server VM (11.0.10+0-b96-7249189) for windows-amd64 JRE (11.0.10+0-b96-7249189), built on Mar 31 2021 21:44:00 by "builder" with MS VC++ 14.0 (VS2015)

END.
