#
# A fatal error has been detected by the Java Runtime Environment:
#
#  EXCEPTION_ACCESS_VIOLATION (0xc0000005) at pc=0x00007ffadb43a50d, pid=2708, tid=2164
#
# JRE version: OpenJDK Runtime Environment (11.0.10) (build 11.0.10+0-b96-7249189)
# Java VM: OpenJDK 64-Bit Server VM (11.0.10+0-b96-7249189, mixed mode, tiered, compressed oops, g1 gc, windows-amd64)
# Problematic frame:
# V  [jvm.dll+0x4ea50d]
#
# No core dump will be written. Minidumps are not enabled by default on client versions of Windows
#
# If you would like to submit a bug report, please visit:
#   https://bugreport.java.com/bugreport/crash.jsp
#

---------------  S U M M A R Y ------------

Command Line: --add-opens=java.base/java.util=ALL-UNNAMED --add-opens=java.base/java.lang=ALL-UNNAMED --add-opens=java.base/java.lang.invoke=ALL-UNNAMED --add-opens=java.base/java.util=ALL-UNNAMED --add-opens=java.prefs/java.util.prefs=ALL-UNNAMED --add-opens=java.prefs/java.util.prefs=ALL-UNNAMED --add-opens=java.base/java.nio.charset=ALL-UNNAMED --add-opens=java.base/java.net=ALL-UNNAMED --add-opens=java.base/java.util.concurrent.atomic=ALL-UNNAMED -Xmx1536m -Dfile.encoding=windows-1252 -Duser.country=US -Duser.language=en -Duser.variant org.gradle.launcher.daemon.bootstrap.GradleDaemon 7.0.2

Host: Intel(R) Core(TM) i3-7020U CPU @ 2.30GHz, 4 cores, 7G,  Windows 10 , 64 bit Build 19041 (10.0.19041.1)
Time: Tue Oct  5 09:17:28 2021 India Standard Time elapsed time: 679.363491 seconds (0d 0h 11m 19s)

---------------  T H R E A D  ---------------

Current thread (0x000001e711b4f800):  JavaThread "C2 CompilerThread1" daemon [_thread_in_native, id=2164, stack(0x000000b024600000,0x000000b024700000)]


Current CompileTask:
C2: 679363 11372       4       com.google.common.collect.ImmutableSet::construct (252 bytes)

Stack: [0x000000b024600000,0x000000b024700000],  sp=0x000000b0246fbb50,  free space=1006k
Native frames: (J=compiled Java code, j=interpreted, Vv=VM code, C=native code)
V  [jvm.dll+0x4ea50d]
V  [jvm.dll+0x197a85]
V  [jvm.dll+0x1fb70e]
V  [jvm.dll+0x1fa7f4]
V  [jvm.dll+0x18354c]
V  [jvm.dll+0x208ee7]
V  [jvm.dll+0x207731]
V  [jvm.dll+0x6eb1cf]
V  [jvm.dll+0x6e3d45]
V  [jvm.dll+0x5ebe96]
C  [ucrtbase.dll+0x21542]
C  [KERNEL32.DLL+0x16fd4]
C  [ntdll.dll+0x4cf31]


siginfo: EXCEPTION_ACCESS_VIOLATION (0xc0000005), reading address 0x0000000000000028


Register to memory mapping:

RIP=0x00007ffadb43a50d jvm.dll
RAX=0x000000b0246fbfd0 is pointing into the stack for thread: 0x000001e711b4f800
RBX=0x000000b0246fbd40 is pointing into the stack for thread: 0x000001e711b4f800
RCX=0x0 is NULL
RDX=0x0000000000000800 is an unknown value
RSP=0x000000b0246fbb50 is pointing into the stack for thread: 0x000001e711b4f800
RBP=0x0000000000000001 is an unknown value
RSI=0x0 is NULL
RDI=0x000000000000000b is an unknown value
R8 =0x000001e7105fc440 points into unknown readable memory: 0x1000000000000d1e | 1e 0d 00 00 00 00 00 10
R9 =0x0 is NULL
R10=0x000001e714fe3960 points into unknown readable memory: 0x0000000000000002 | 02 00 00 00 00 00 00 00
R11=0x00007ffadb947c38 jvm.dll
R12=0x000001e77fc89ce0 points into unknown readable memory: 0x00007ffadb6f28f8 | f8 28 6f db fa 7f 00 00
R13=0x000001e717a0b990 points into unknown readable memory: 0x00007ffadb738568 | 68 85 73 db fa 7f 00 00
R14=0x0000000000000030 is an unknown value
R15=0x000001e712605be0 points into unknown readable memory: 0x000001e700000015 | 15 00 00 00 e7 01 00 00


Registers:
RAX=0x000000b0246fbfd0, RBX=0x000000b0246fbd40, RCX=0x0000000000000000, RDX=0x0000000000000800
RSP=0x000000b0246fbb50, RBP=0x0000000000000001, RSI=0x0000000000000000, RDI=0x000000000000000b
R8 =0x000001e7105fc440, R9 =0x0000000000000000, R10=0x000001e714fe3960, R11=0x00007ffadb947c38
R12=0x000001e77fc89ce0, R13=0x000001e717a0b990, R14=0x0000000000000030, R15=0x000001e712605be0
RIP=0x00007ffadb43a50d, EFLAGS=0x0000000000010202

Top of Stack: (sp=0x000000b0246fbb50)
0x000000b0246fbb50:   000000b0246fbd40 000000b0246fbd40
0x000000b0246fbb60:   0000000000000010 0000000000000002
0x000000b0246fbb70:   000001e717f34ad8 000001e718a0a760
0x000000b0246fbb80:   000001e717613260 000001e717618340
0x000000b0246fbb90:   0000000000075a18 000001e71761b248
0x000000b0246fbba0:   00007ffadb7bde48 000001e718a0a760
0x000000b0246fbbb0:   0000000000000008 000001e712605c80
0x000000b0246fbbc0:   000000b0246fbcd0 000001e710405f00
0x000000b0246fbbd0:   000001e710405f10 0000000000000008
0x000000b0246fbbe0:   00000000000003d8 000001e7104062e8
0x000000b0246fbbf0:   000000b0246fc158 000000b0246fbd10
0x000000b0246fbc00:   000000b0246fc070 00007ffadb0e7a85
0x000000b0246fbc10:   000000b000000001 000000b000000002
0x000000b0246fbc20:   000000b000000064 000001e714fe3960
0x000000b0246fbc30:   000000b0246fbd00 00007ffadb4d1eea
0x000000b0246fbc40:   00007ffa00000006 000001e710405f00 

Instructions: (pc=0x00007ffadb43a50d)
0x00007ffadb43a40d:   1f 40 00 41 8d 44 24 ff 89 84 24 c0 00 00 00 41
0x00007ffadb43a41d:   3b 45 18 73 0c 8b c8 49 8b 45 20 4c 8b 24 c8 eb
0x00007ffadb43a42d:   03 45 33 e4 41 8b 44 24 2c 83 e0 0f 3c 0c 0f 84
0x00007ffadb43a43d:   6e 01 00 00 48 8b 43 48 49 63 54 24 28 48 8b 48
0x00007ffadb43a44d:   18 8b 3c 91 85 ff 74 57 49 8b 42 08 8b cf 48 c1
0x00007ffadb43a45d:   e9 08 8b f7 4c 8b 04 c8 4d 3b c3 75 1c 8b d7 49
0x00007ffadb43a46d:   8b ca e8 ac da e6 ff 4c 8b 94 24 d8 00 00 00 4c
0x00007ffadb43a47d:   8d 1d b5 d7 50 00 4c 8b c0 48 c1 ee 05 8b cf 83
0x00007ffadb43a48d:   e6 07 83 e1 1f ba 01 00 00 00 d3 e2 41 8b 0c b0
0x00007ffadb43a49d:   8b c1 0b c2 41 89 04 b0 85 ca 75 03 41 ff 02 49
0x00007ffadb43a4ad:   8b 47 08 48 8b d7 48 c1 ea 08 4c 8b cf 49 c1 e9
0x00007ffadb43a4bd:   05 83 e7 1f 41 83 e1 07 40 0f b6 cf 4c 8b 04 d0
0x00007ffadb43a4cd:   ba 01 00 00 00 d3 e2 8b c2 f7 d0 43 8b 0c 88 23
0x00007ffadb43a4dd:   c1 43 89 04 88 85 ca 74 03 41 ff 0f 41 8b 44 24
0x00007ffadb43a4ed:   18 83 f8 01 0f 86 94 00 00 00 41 be 08 00 00 00
0x00007ffadb43a4fd:   8d 68 ff 49 8b 44 24 08 49 8b 0c 06 48 8b 43 40
0x00007ffadb43a50d:   8b 51 28 48 8b 48 78 4c 39 2c d1 74 63 48 8b 43
0x00007ffadb43a51d:   48 48 63 d2 48 8b 48 18 8b 3c 91 85 ff 74 51 49
0x00007ffadb43a52d:   8b 47 08 8b d7 48 c1 ea 08 8b f7 4c 8b 04 d0 4d
0x00007ffadb43a53d:   3b c3 75 14 8b d7 49 8b cf e8 d5 d9 e6 ff 4c 8b
0x00007ffadb43a54d:   c0 4c 8d 1d e3 d6 50 00 48 c1 ee 05 83 e7 1f 83
0x00007ffadb43a55d:   e6 07 40 0f b6 cf ba 01 00 00 00 d3 e2 41 8b 0c
0x00007ffadb43a56d:   b0 8b c1 0b c2 41 89 04 b0 85 ca 75 03 41 ff 07
0x00007ffadb43a57d:   49 83 c6 08 48 83 ed 01 0f 85 75 ff ff ff 44 8b
0x00007ffadb43a58d:   a4 24 c0 00 00 00 4c 8b 94 24 d8 00 00 00 44 89
0x00007ffadb43a59d:   a4 24 c8 00 00 00 41 83 fc 01 0f 87 63 fe ff ff
0x00007ffadb43a5ad:   eb 08 44 8b a4 24 c8 00 00 00 41 8b ec 45 85 e4
0x00007ffadb43a5bd:   0f 84 c7 00 00 00 ff cd 41 3b 6d 18 73 0a 49 8b
0x00007ffadb43a5cd:   45 20 48 8b 14 e8 eb 02 33 d2 48 8b 43 48 48 63
0x00007ffadb43a5dd:   52 28 48 8b 48 18 8b 3c 91 85 ff 74 5b 49 8b 42
0x00007ffadb43a5ed:   08 8b cf 48 c1 e9 08 8b f7 4c 8b 0c c8 4d 3b cb
0x00007ffadb43a5fd:   75 1c 8b d7 49 8b ca e8 17 d9 e6 ff 4c 8b 94 24 


Stack slot to memory mapping:
stack at sp + 0 slots: 0x000000b0246fbd40 is pointing into the stack for thread: 0x000001e711b4f800
stack at sp + 1 slots: 0x000000b0246fbd40 is pointing into the stack for thread: 0x000001e711b4f800
stack at sp + 2 slots: 0x0000000000000010 is an unknown value
stack at sp + 3 slots: 0x0000000000000002 is an unknown value
stack at sp + 4 slots: 0x000001e717f34ad8 points into unknown readable memory: 0x000001e711b4f800 | 00 f8 b4 11 e7 01 00 00
stack at sp + 5 slots: 0x000001e718a0a760 points into unknown readable memory: 0x0000000000000006 | 06 00 00 00 00 00 00 00
stack at sp + 6 slots: 0x000001e717613260 points into unknown readable memory: 0x000001e714fdda50 | 50 da fd 14 e7 01 00 00
stack at sp + 7 slots: 0x000001e717618340 points into unknown readable memory: 0x0000000000000000 | 00 00 00 00 00 00 00 00


---------------  P R O C E S S  ---------------

Threads class SMR info:
_java_thread_list=0x000001e715930350, length=48, elements={
0x000001e773ff9000, 0x000001e77f815000, 0x000001e77f820800, 0x000001e77f832000,
0x000001e77f835000, 0x000001e77f836000, 0x000001e77f839000, 0x000001e77f83c800,
0x000001e77f86d000, 0x000001e77fb20000, 0x000001e711690800, 0x000001e7104a2000,
0x000001e710be5000, 0x000001e71185d800, 0x000001e71185e800, 0x000001e71185b800,
0x000001e71185f800, 0x000001e711860000, 0x000001e710831800, 0x000001e710832800,
0x000001e710835000, 0x000001e710830000, 0x000001e710834000, 0x000001e71083c000,
0x000001e71083e800, 0x000001e711de2800, 0x000001e711de4000, 0x000001e711dde800,
0x000001e711de1800, 0x000001e711de5000, 0x000001e711ddf000, 0x000001e711de3000,
0x000001e711de0000, 0x000001e711de7000, 0x000001e711de9800, 0x000001e711de8000,
0x000001e711de6800, 0x000001e711de5800, 0x000001e711dec000, 0x000001e711de9000,
0x000001e711dea800, 0x000001e711ded000, 0x000001e711b4f800, 0x000001e711deb800,
0x000001e710831000, 0x000001e710839000, 0x000001e710833000, 0x000001e710838000
}

Java Threads: ( => current thread )
  0x000001e773ff9000 JavaThread "main" [_thread_blocked, id=5660, stack(0x000000b021b00000,0x000000b021c00000)]
  0x000001e77f815000 JavaThread "Reference Handler" daemon [_thread_blocked, id=6340, stack(0x000000b022200000,0x000000b022300000)]
  0x000001e77f820800 JavaThread "Finalizer" daemon [_thread_blocked, id=8264, stack(0x000000b022300000,0x000000b022400000)]
  0x000001e77f832000 JavaThread "Signal Dispatcher" daemon [_thread_blocked, id=6440, stack(0x000000b022400000,0x000000b022500000)]
  0x000001e77f835000 JavaThread "Attach Listener" daemon [_thread_blocked, id=7320, stack(0x000000b022500000,0x000000b022600000)]
  0x000001e77f836000 JavaThread "Service Thread" daemon [_thread_blocked, id=4204, stack(0x000000b022600000,0x000000b022700000)]
  0x000001e77f839000 JavaThread "C2 CompilerThread0" daemon [_thread_in_native, id=7772, stack(0x000000b022700000,0x000000b022800000)]
  0x000001e77f83c800 JavaThread "C1 CompilerThread0" daemon [_thread_blocked, id=6988, stack(0x000000b022800000,0x000000b022900000)]
  0x000001e77f86d000 JavaThread "Sweeper thread" daemon [_thread_blocked, id=4804, stack(0x000000b022900000,0x000000b022a00000)]
  0x000001e77fb20000 JavaThread "Common-Cleaner" daemon [_thread_blocked, id=5172, stack(0x000000b022a00000,0x000000b022b00000)]
  0x000001e711690800 JavaThread "Daemon health stats" [_thread_blocked, id=7088, stack(0x000000b022f00000,0x000000b023000000)]
  0x000001e7104a2000 JavaThread "Incoming local TCP Connector on port 50835" [_thread_in_native, id=8616, stack(0x000000b022c00000,0x000000b022d00000)]
  0x000001e710be5000 JavaThread "Daemon periodic checks" [_thread_blocked, id=6480, stack(0x000000b023000000,0x000000b023100000)]
  0x000001e71185d800 JavaThread "Cache worker for file hash cache (C:\Users\HP\.gradle\wrapper\dists\gradle-2.14.1-all\caches\7.0.2\fileHashes)" [_thread_blocked, id=6564, stack(0x000000b023900000,0x000000b023a00000)]
  0x000001e71185e800 JavaThread "File lock request listener" [_thread_in_native, id=6228, stack(0x000000b023a00000,0x000000b023b00000)]
  0x000001e71185b800 JavaThread "Cache worker for journal cache (C:\Users\HP\.gradle\wrapper\dists\gradle-2.14.1-all\caches\journal-1)" [_thread_blocked, id=8240, stack(0x000000b023b00000,0x000000b023c00000)]
  0x000001e71185f800 JavaThread "File watcher server" daemon [_thread_in_native, id=3040, stack(0x000000b023d00000,0x000000b023e00000)]
  0x000001e711860000 JavaThread "File watcher consumer" daemon [_thread_blocked, id=8432, stack(0x000000b023e00000,0x000000b023f00000)]
  0x000001e710831800 JavaThread "Cache worker for execution history cache (C:\Users\HP\.gradle\wrapper\dists\gradle-2.14.1-all\caches\7.0.2\executionHistory)" [_thread_blocked, id=7116, stack(0x000000b024200000,0x000000b024300000)]
  0x000001e710832800 JavaThread "jar transforms" [_thread_blocked, id=7444, stack(0x000000b024300000,0x000000b024400000)]
  0x000001e710835000 JavaThread "jar transforms Thread 2" [_thread_blocked, id=2520, stack(0x000000b024400000,0x000000b024500000)]
  0x000001e710830000 JavaThread "Cache worker for file content cache (C:\Users\HP\.gradle\wrapper\dists\gradle-2.14.1-all\caches\7.0.2\fileContent)" [_thread_blocked, id=8920, stack(0x000000b024500000,0x000000b024600000)]
  0x000001e710834000 JavaThread "jar transforms Thread 3" [_thread_blocked, id=7336, stack(0x000000b024900000,0x000000b024a00000)]
  0x000001e71083c000 JavaThread "jar transforms Thread 4" [_thread_blocked, id=9424, stack(0x000000b024f00000,0x000000b025000000)]
  0x000001e71083e800 JavaThread "Memory manager" [_thread_blocked, id=9648, stack(0x000000b021800000,0x000000b021900000)]
  0x000001e711de2800 JavaThread "Daemon Thread 2" [_thread_blocked, id=5932, stack(0x000000b021900000,0x000000b021a00000)]
  0x000001e711de4000 JavaThread "Handler for socket connection from /127.0.0.1:50835 to /127.0.0.1:50128" [_thread_in_native, id=8740, stack(0x000000b021a00000,0x000000b021b00000)]
  0x000001e711dde800 JavaThread "Cancel handler" [_thread_blocked, id=6108, stack(0x000000b023100000,0x000000b023200000)]
  0x000001e711de1800 JavaThread "Daemon worker Thread 2" [_thread_blocked, id=5904, stack(0x000000b023200000,0x000000b023300000)]
  0x000001e711de5000 JavaThread "Asynchronous log dispatcher for DefaultDaemonConnection: socket connection from /127.0.0.1:50835 to /127.0.0.1:50128" [_thread_blocked, id=5708, stack(0x000000b023300000,0x000000b023400000)]
  0x000001e711ddf000 JavaThread "Stdin handler" [_thread_blocked, id=7268, stack(0x000000b023400000,0x000000b023500000)]
  0x000001e711de3000 JavaThread "Daemon client event forwarder" [_thread_in_native, id=7112, stack(0x000000b023500000,0x000000b023600000)]
  0x000001e711de0000 JavaThread "Cache worker for file hash cache (C:\Users\HP\AndroidStudioProjects\QuizzerExtended\QuizzerClass\.gradle\7.0.2\fileHashes)" [_thread_blocked, id=4824, stack(0x000000b023600000,0x000000b023700000)]
  0x000001e711de7000 JavaThread "Cache worker for checksums cache (C:\Users\HP\AndroidStudioProjects\QuizzerExtended\QuizzerClass\.gradle\checksums)" [_thread_blocked, id=6436, stack(0x000000b023700000,0x000000b023800000)]
  0x000001e711de9800 JavaThread "Cache worker for cache directory md-supplier (C:\Users\HP\.gradle\wrapper\dists\gradle-2.14.1-all\caches\7.0.2\md-supplier)" [_thread_blocked, id=4496, stack(0x000000b023c00000,0x000000b023d00000)]
  0x000001e711de8000 JavaThread "Cache worker for cache directory md-rule (C:\Users\HP\.gradle\wrapper\dists\gradle-2.14.1-all\caches\7.0.2\md-rule)" [_thread_blocked, id=2000, stack(0x000000b023f00000,0x000000b024000000)]
  0x000001e711de6800 JavaThread "Cache worker for dependencies-accessors (C:\Users\HP\AndroidStudioProjects\QuizzerExtended\QuizzerClass\.gradle\7.0.2\dependencies-accessors)" [_thread_blocked, id=2020, stack(0x000000b024000000,0x000000b024100000)]
  0x000001e711de5800 JavaThread "Cache worker for Build Output Cleanup Cache (C:\Users\HP\AndroidStudioProjects\QuizzerExtended\QuizzerClass\.gradle\buildOutputCleanup)" [_thread_blocked, id=8996, stack(0x000000b024100000,0x000000b024200000)]
  0x000001e711dec000 JavaThread "Build operations" [_thread_blocked, id=8576, stack(0x000000b024700000,0x000000b024800000)]
  0x000001e711de9000 JavaThread "Build operations Thread 2" [_thread_blocked, id=7220, stack(0x000000b024800000,0x000000b024900000)]
  0x000001e711dea800 JavaThread "Build operations Thread 3" [_thread_blocked, id=10144, stack(0x000000b024a00000,0x000000b024b00000)]
  0x000001e711ded000 JavaThread "Build operations Thread 4" [_thread_blocked, id=9376, stack(0x000000b024b00000,0x000000b024c00000)]
=>0x000001e711b4f800 JavaThread "C2 CompilerThread1" daemon [_thread_in_native, id=2164, stack(0x000000b024600000,0x000000b024700000)]
  0x000001e711deb800 JavaThread "build event listener" [_thread_blocked, id=6148, stack(0x000000b024c00000,0x000000b024d00000)]
  0x000001e710831000 JavaThread "Execution worker for ':'" [_thread_in_vm, id=4156, stack(0x000000b024d00000,0x000000b024e00000)]
  0x000001e710839000 JavaThread "Execution worker for ':' Thread 2" [_thread_blocked, id=2396, stack(0x000000b024e00000,0x000000b024f00000)]
  0x000001e710833000 JavaThread "Execution worker for ':' Thread 3" [_thread_blocked, id=10216, stack(0x000000b025000000,0x000000b025100000)]
  0x000001e710838000 JavaThread "Cache worker for execution history cache (C:\Users\HP\AndroidStudioProjects\QuizzerExtended\QuizzerClass\.gradle\7.0.2\executionHistory)" [_thread_blocked, id=7132, stack(0x000000b025100000,0x000000b025200000)]

Other Threads:
  0x000001e77f7f0000 VMThread "VM Thread" [stack: 0x000000b022100000,0x000000b022200000] [id=7408]
  0x000001e77fb48800 WatcherThread [stack: 0x000000b022b00000,0x000000b022c00000] [id=8100]
  0x000001e774012000 GCTaskThread "GC Thread#0" [stack: 0x000000b021c00000,0x000000b021d00000] [id=6544]
  0x000001e70fa1d000 GCTaskThread "GC Thread#1" [stack: 0x000000b022d00000,0x000000b022e00000] [id=8220]
  0x000001e77fc06800 GCTaskThread "GC Thread#2" [stack: 0x000000b022e00000,0x000000b022f00000] [id=9160]
  0x000001e712254800 GCTaskThread "GC Thread#3" [stack: 0x000000b023800000,0x000000b023900000] [id=5876]
  0x000001e774039800 ConcurrentGCThread "G1 Main Marker" [stack: 0x000000b021d00000,0x000000b021e00000] [id=6236]
  0x000001e77403a800 ConcurrentGCThread "G1 Conc#0" [stack: 0x000000b021e00000,0x000000b021f00000] [id=2172]
  0x000001e7740c5800 ConcurrentGCThread "G1 Refine#0" [stack: 0x000000b021f00000,0x000000b022000000] [id=8172]
  0x000001e7740c6800 ConcurrentGCThread "G1 Young RemSet Sampling" [stack: 0x000000b022000000,0x000000b022100000] [id=1580]

Threads with active compile tasks:
C2 CompilerThread0 679492 11704       4       org.gradle.internal.vfs.impl.DefaultFileSystemAccess::readSnapshotFromLocation (27 bytes)
C2 CompilerThread1 679492 11372       4       com.google.common.collect.ImmutableSet::construct (252 bytes)

VM state:not at safepoint (normal execution)

VM Mutex/Monitor currently owned by a thread: None

Heap address: 0x00000000a0000000, size: 1536 MB, Compressed Oops mode: 32-bit
Narrow klass base: 0x0000000000000000, Narrow klass shift: 3
Compressed class space size: 1073741824 Address: 0x0000000100000000

Heap:
 garbage-first heap   total 131072K, used 95483K [0x00000000a0000000, 0x0000000100000000)
  region size 1024K, 14 young (14336K), 4 survivors (4096K)
 Metaspace       used 82353K, capacity 84676K, committed 84776K, reserved 1122304K
  class space    used 10586K, capacity 11420K, committed 11468K, reserved 1048576K
Heap Regions: E=young(eden), S=young(survivor), O=old, HS=humongous(starts), HC=humongous(continues), CS=collection set, F=free, A=archive, TAMS=top-at-mark-start (previous, next)
|   0|0x00000000a0000000, 0x00000000a0100000, 0x00000000a0100000|100%|HS|  |TAMS 0x00000000a0100000, 0x00000000a0100000| Complete 
|   1|0x00000000a0100000, 0x00000000a0200000, 0x00000000a0200000|100%|HC|  |TAMS 0x00000000a0200000, 0x00000000a0200000| Complete 
|   2|0x00000000a0200000, 0x00000000a0300000, 0x00000000a0300000|100%|HC|  |TAMS 0x00000000a0300000, 0x00000000a0300000| Complete 
|   3|0x00000000a0300000, 0x00000000a0400000, 0x00000000a0400000|100%| O|  |TAMS 0x00000000a0400000, 0x00000000a0400000| Untracked 
|   4|0x00000000a0400000, 0x00000000a0500000, 0x00000000a0500000|100%| O|  |TAMS 0x00000000a0500000, 0x00000000a0500000| Untracked 
|   5|0x00000000a0500000, 0x00000000a0600000, 0x00000000a0600000|100%| O|  |TAMS 0x00000000a0600000, 0x00000000a0600000| Untracked 
|   6|0x00000000a0600000, 0x00000000a0700000, 0x00000000a0700000|100%| O|  |TAMS 0x00000000a0700000, 0x00000000a0700000| Untracked 
|   7|0x00000000a0700000, 0x00000000a0800000, 0x00000000a0800000|100%| O|  |TAMS 0x00000000a0800000, 0x00000000a0800000| Untracked 
|   8|0x00000000a0800000, 0x00000000a0900000, 0x00000000a0900000|100%| O|  |TAMS 0x00000000a0900000, 0x00000000a0900000| Untracked 
|   9|0x00000000a0900000, 0x00000000a0a00000, 0x00000000a0a00000|100%| O|  |TAMS 0x00000000a0a00000, 0x00000000a0a00000| Untracked 
|  10|0x00000000a0a00000, 0x00000000a0b00000, 0x00000000a0b00000|100%| O|  |TAMS 0x00000000a0b00000, 0x00000000a0b00000| Untracked 
|  11|0x00000000a0b00000, 0x00000000a0c00000, 0x00000000a0c00000|100%| O|  |TAMS 0x00000000a0c00000, 0x00000000a0c00000| Untracked 
|  12|0x00000000a0c00000, 0x00000000a0d00000, 0x00000000a0d00000|100%| O|  |TAMS 0x00000000a0d00000, 0x00000000a0d00000| Untracked 
|  13|0x00000000a0d00000, 0x00000000a0e00000, 0x00000000a0e00000|100%| O|  |TAMS 0x00000000a0e00000, 0x00000000a0e00000| Untracked 
|  14|0x00000000a0e00000, 0x00000000a0f00000, 0x00000000a0f00000|100%| O|  |TAMS 0x00000000a0f00000, 0x00000000a0f00000| Untracked 
|  15|0x00000000a0f00000, 0x00000000a1000000, 0x00000000a1000000|100%| O|  |TAMS 0x00000000a1000000, 0x00000000a1000000| Untracked 
|  16|0x00000000a1000000, 0x00000000a1100000, 0x00000000a1100000|100%| O|  |TAMS 0x00000000a1100000, 0x00000000a1100000| Untracked 
|  17|0x00000000a1100000, 0x00000000a1200000, 0x00000000a1200000|100%| O|  |TAMS 0x00000000a1200000, 0x00000000a1200000| Untracked 
|  18|0x00000000a1200000, 0x00000000a1300000, 0x00000000a1300000|100%| O|  |TAMS 0x00000000a1300000, 0x00000000a1300000| Untracked 
|  19|0x00000000a1300000, 0x00000000a1400000, 0x00000000a1400000|100%| O|  |TAMS 0x00000000a1400000, 0x00000000a1400000| Untracked 
|  20|0x00000000a1400000, 0x00000000a1500000, 0x00000000a1500000|100%| O|  |TAMS 0x00000000a1500000, 0x00000000a1500000| Untracked 
|  21|0x00000000a1500000, 0x00000000a1600000, 0x00000000a1600000|100%| O|  |TAMS 0x00000000a1600000, 0x00000000a1600000| Untracked 
|  22|0x00000000a1600000, 0x00000000a1700000, 0x00000000a1700000|100%| O|  |TAMS 0x00000000a1700000, 0x00000000a1700000| Untracked 
|  23|0x00000000a1700000, 0x00000000a1800000, 0x00000000a1800000|100%| O|  |TAMS 0x00000000a1800000, 0x00000000a1800000| Untracked 
|  24|0x00000000a1800000, 0x00000000a1900000, 0x00000000a1900000|100%| O|  |TAMS 0x00000000a1900000, 0x00000000a1900000| Untracked 
|  25|0x00000000a1900000, 0x00000000a1a00000, 0x00000000a1a00000|100%| O|  |TAMS 0x00000000a1a00000, 0x00000000a1a00000| Untracked 
|  26|0x00000000a1a00000, 0x00000000a1b00000, 0x00000000a1b00000|100%|HS|  |TAMS 0x00000000a1b00000, 0x00000000a1b00000| Complete 
|  27|0x00000000a1b00000, 0x00000000a1c00000, 0x00000000a1c00000|100%|HS|  |TAMS 0x00000000a1c00000, 0x00000000a1c00000| Complete 
|  28|0x00000000a1c00000, 0x00000000a1d00000, 0x00000000a1d00000|100%|HS|  |TAMS 0x00000000a1d00000, 0x00000000a1d00000| Complete 
|  29|0x00000000a1d00000, 0x00000000a1e00000, 0x00000000a1e00000|100%|HC|  |TAMS 0x00000000a1e00000, 0x00000000a1e00000| Complete 
|  30|0x00000000a1e00000, 0x00000000a1f00000, 0x00000000a1f00000|100%| O|  |TAMS 0x00000000a1f00000, 0x00000000a1f00000| Untracked 
|  31|0x00000000a1f00000, 0x00000000a2000000, 0x00000000a2000000|100%| O|  |TAMS 0x00000000a2000000, 0x00000000a2000000| Untracked 
|  32|0x00000000a2000000, 0x00000000a2100000, 0x00000000a2100000|100%| O|  |TAMS 0x00000000a2100000, 0x00000000a2100000| Untracked 
|  33|0x00000000a2100000, 0x00000000a2200000, 0x00000000a2200000|100%| O|  |TAMS 0x00000000a2200000, 0x00000000a2200000| Untracked 
|  34|0x00000000a2200000, 0x00000000a2300000, 0x00000000a2300000|100%| O|  |TAMS 0x00000000a2300000, 0x00000000a2300000| Untracked 
|  35|0x00000000a2300000, 0x00000000a2400000, 0x00000000a2400000|100%| O|  |TAMS 0x00000000a2400000, 0x00000000a2400000| Untracked 
|  36|0x00000000a2400000, 0x00000000a2500000, 0x00000000a2500000|100%| O|  |TAMS 0x00000000a2500000, 0x00000000a2500000| Untracked 
|  37|0x00000000a2500000, 0x00000000a2600000, 0x00000000a2600000|100%| O|  |TAMS 0x00000000a2600000, 0x00000000a2600000| Untracked 
|  38|0x00000000a2600000, 0x00000000a2700000, 0x00000000a2700000|100%| O|  |TAMS 0x00000000a2700000, 0x00000000a2700000| Untracked 
|  39|0x00000000a2700000, 0x00000000a2800000, 0x00000000a2800000|100%| O|  |TAMS 0x00000000a2800000, 0x00000000a2800000| Untracked 
|  40|0x00000000a2800000, 0x00000000a2900000, 0x00000000a2900000|100%| O|  |TAMS 0x00000000a2900000, 0x00000000a2900000| Untracked 
|  41|0x00000000a2900000, 0x00000000a2a00000, 0x00000000a2a00000|100%| O|  |TAMS 0x00000000a2a00000, 0x00000000a2a00000| Untracked 
|  42|0x00000000a2a00000, 0x00000000a2b00000, 0x00000000a2b00000|100%| O|  |TAMS 0x00000000a2b00000, 0x00000000a2b00000| Untracked 
|  43|0x00000000a2b00000, 0x00000000a2c00000, 0x00000000a2c00000|100%| O|  |TAMS 0x00000000a2c00000, 0x00000000a2c00000| Untracked 
|  44|0x00000000a2c00000, 0x00000000a2d00000, 0x00000000a2d00000|100%| O|  |TAMS 0x00000000a2d00000, 0x00000000a2d00000| Untracked 
|  45|0x00000000a2d00000, 0x00000000a2e00000, 0x00000000a2e00000|100%| O|  |TAMS 0x00000000a2e00000, 0x00000000a2e00000| Untracked 
|  46|0x00000000a2e00000, 0x00000000a2f00000, 0x00000000a2f00000|100%| O|  |TAMS 0x00000000a2f00000, 0x00000000a2f00000| Untracked 
|  47|0x00000000a2f00000, 0x00000000a3000000, 0x00000000a3000000|100%| O|  |TAMS 0x00000000a3000000, 0x00000000a3000000| Untracked 
|  48|0x00000000a3000000, 0x00000000a3100000, 0x00000000a3100000|100%| O|  |TAMS 0x00000000a3100000, 0x00000000a3100000| Untracked 
|  49|0x00000000a3100000, 0x00000000a3200000, 0x00000000a3200000|100%| O|  |TAMS 0x00000000a3200000, 0x00000000a3200000| Untracked 
|  50|0x00000000a3200000, 0x00000000a3300000, 0x00000000a3300000|100%| O|  |TAMS 0x00000000a3300000, 0x00000000a3300000| Untracked 
|  51|0x00000000a3300000, 0x00000000a3400000, 0x00000000a3400000|100%| O|  |TAMS 0x00000000a3400000, 0x00000000a3400000| Untracked 
|  52|0x00000000a3400000, 0x00000000a3500000, 0x00000000a3500000|100%| O|  |TAMS 0x00000000a3500000, 0x00000000a3500000| Untracked 
|  53|0x00000000a3500000, 0x00000000a3600000, 0x00000000a3600000|100%| O|  |TAMS 0x00000000a3600000, 0x00000000a3600000| Untracked 
|  54|0x00000000a3600000, 0x00000000a3700000, 0x00000000a3700000|100%| O|  |TAMS 0x00000000a3700000, 0x00000000a3700000| Untracked 
|  55|0x00000000a3700000, 0x00000000a3800000, 0x00000000a3800000|100%| O|  |TAMS 0x00000000a3800000, 0x00000000a3800000| Untracked 
|  56|0x00000000a3800000, 0x00000000a3900000, 0x00000000a3900000|100%| O|  |TAMS 0x00000000a3900000, 0x00000000a3900000| Untracked 
|  57|0x00000000a3900000, 0x00000000a3a00000, 0x00000000a3a00000|100%| O|  |TAMS 0x00000000a3a00000, 0x00000000a3a00000| Untracked 
|  58|0x00000000a3a00000, 0x00000000a3b00000, 0x00000000a3b00000|100%| O|  |TAMS 0x00000000a3b00000, 0x00000000a3b00000| Untracked 
|  59|0x00000000a3b00000, 0x00000000a3c00000, 0x00000000a3c00000|100%| O|  |TAMS 0x00000000a3c00000, 0x00000000a3c00000| Untracked 
|  60|0x00000000a3c00000, 0x00000000a3d00000, 0x00000000a3d00000|100%| O|  |TAMS 0x00000000a3d00000, 0x00000000a3d00000| Untracked 
|  61|0x00000000a3d00000, 0x00000000a3e00000, 0x00000000a3e00000|100%| O|  |TAMS 0x00000000a3e00000, 0x00000000a3e00000| Untracked 
|  62|0x00000000a3e00000, 0x00000000a3f00000, 0x00000000a3f00000|100%| O|  |TAMS 0x00000000a3f00000, 0x00000000a3f00000| Untracked 
|  63|0x00000000a3f00000, 0x00000000a4000000, 0x00000000a4000000|100%| O|  |TAMS 0x00000000a4000000, 0x00000000a4000000| Untracked 
|  64|0x00000000a4000000, 0x00000000a4100000, 0x00000000a4100000|100%| O|  |TAMS 0x00000000a4100000, 0x00000000a4100000| Untracked 
|  65|0x00000000a4100000, 0x00000000a4200000, 0x00000000a4200000|100%| O|  |TAMS 0x00000000a4200000, 0x00000000a4200000| Untracked 
|  66|0x00000000a4200000, 0x00000000a4300000, 0x00000000a4300000|100%| O|  |TAMS 0x00000000a4300000, 0x00000000a4300000| Untracked 
|  67|0x00000000a4300000, 0x00000000a4400000, 0x00000000a4400000|100%| O|  |TAMS 0x00000000a4400000, 0x00000000a4400000| Untracked 
|  68|0x00000000a4400000, 0x00000000a4500000, 0x00000000a4500000|100%| O|  |TAMS 0x00000000a4500000, 0x00000000a4500000| Untracked 
|  69|0x00000000a4500000, 0x00000000a4600000, 0x00000000a4600000|100%| O|  |TAMS 0x00000000a4600000, 0x00000000a4600000| Untracked 
|  70|0x00000000a4600000, 0x00000000a4700000, 0x00000000a4700000|100%| O|  |TAMS 0x00000000a4700000, 0x00000000a4700000| Untracked 
|  71|0x00000000a4700000, 0x00000000a4800000, 0x00000000a4800000|100%| O|  |TAMS 0x00000000a4800000, 0x00000000a4800000| Untracked 
|  72|0x00000000a4800000, 0x00000000a4900000, 0x00000000a4900000|100%| O|  |TAMS 0x00000000a4900000, 0x00000000a4900000| Untracked 
|  73|0x00000000a4900000, 0x00000000a4a00000, 0x00000000a4a00000|100%| O|  |TAMS 0x00000000a4a00000, 0x00000000a4a00000| Untracked 
|  74|0x00000000a4a00000, 0x00000000a4b00000, 0x00000000a4b00000|100%| O|  |TAMS 0x00000000a4b00000, 0x00000000a4b00000| Untracked 
|  75|0x00000000a4b00000, 0x00000000a4c00000, 0x00000000a4c00000|100%| O|  |TAMS 0x00000000a4c00000, 0x00000000a4c00000| Untracked 
|  76|0x00000000a4c00000, 0x00000000a4d00000, 0x00000000a4d00000|100%| O|  |TAMS 0x00000000a4cc3400, 0x00000000a4d00000| Untracked 
|  77|0x00000000a4d00000, 0x00000000a4e00000, 0x00000000a4e00000|100%| O|  |TAMS 0x00000000a4d00000, 0x00000000a4e00000| Untracked 
|  78|0x00000000a4e00000, 0x00000000a4f00000, 0x00000000a4f00000|100%| O|  |TAMS 0x00000000a4e00000, 0x00000000a4f00000| Untracked 
|  79|0x00000000a4f00000, 0x00000000a5000000, 0x00000000a5000000|100%| O|  |TAMS 0x00000000a4f00000, 0x00000000a5000000| Untracked 
|  80|0x00000000a5000000, 0x00000000a503ee00, 0x00000000a5100000| 24%| O|  |TAMS 0x00000000a5000000, 0x00000000a503ee00| Untracked 
|  81|0x00000000a5100000, 0x00000000a5100000, 0x00000000a5200000|  0%| F|  |TAMS 0x00000000a5100000, 0x00000000a5100000| Untracked 
|  82|0x00000000a5200000, 0x00000000a5200000, 0x00000000a5300000|  0%| F|  |TAMS 0x00000000a5200000, 0x00000000a5200000| Untracked 
|  83|0x00000000a5300000, 0x00000000a5300000, 0x00000000a5400000|  0%| F|  |TAMS 0x00000000a5300000, 0x00000000a5300000| Untracked 
|  84|0x00000000a5400000, 0x00000000a5400000, 0x00000000a5500000|  0%| F|  |TAMS 0x00000000a5400000, 0x00000000a5400000| Untracked 
|  85|0x00000000a5500000, 0x00000000a5500000, 0x00000000a5600000|  0%| F|  |TAMS 0x00000000a5500000, 0x00000000a5500000| Untracked 
|  86|0x00000000a5600000, 0x00000000a5600000, 0x00000000a5700000|  0%| F|  |TAMS 0x00000000a5600000, 0x00000000a5600000| Untracked 
|  87|0x00000000a5700000, 0x00000000a5700000, 0x00000000a5800000|  0%| F|  |TAMS 0x00000000a5700000, 0x00000000a5700000| Untracked 
|  88|0x00000000a5800000, 0x00000000a5800000, 0x00000000a5900000|  0%| F|  |TAMS 0x00000000a5800000, 0x00000000a5800000| Untracked 
|  89|0x00000000a5900000, 0x00000000a5900000, 0x00000000a5a00000|  0%| F|  |TAMS 0x00000000a5900000, 0x00000000a5900000| Untracked 
|  90|0x00000000a5a00000, 0x00000000a5a00000, 0x00000000a5b00000|  0%| F|  |TAMS 0x00000000a5a00000, 0x00000000a5a00000| Untracked 
|  91|0x00000000a5b00000, 0x00000000a5b00000, 0x00000000a5c00000|  0%| F|  |TAMS 0x00000000a5b00000, 0x00000000a5b00000| Untracked 
|  92|0x00000000a5c00000, 0x00000000a5c00000, 0x00000000a5d00000|  0%| F|  |TAMS 0x00000000a5c00000, 0x00000000a5c00000| Untracked 
|  93|0x00000000a5d00000, 0x00000000a5e00000, 0x00000000a5e00000|100%| S|CS|TAMS 0x00000000a5d00000, 0x00000000a5d00000| Complete 
|  94|0x00000000a5e00000, 0x00000000a5f00000, 0x00000000a5f00000|100%| S|CS|TAMS 0x00000000a5e00000, 0x00000000a5e00000| Complete 
|  95|0x00000000a5f00000, 0x00000000a5f00000, 0x00000000a6000000|  0%| F|  |TAMS 0x00000000a5f00000, 0x00000000a5f00000| Untracked 
|  96|0x00000000a6000000, 0x00000000a6000000, 0x00000000a6100000|  0%| F|  |TAMS 0x00000000a6000000, 0x00000000a6000000| Untracked 
|  97|0x00000000a6100000, 0x00000000a6200000, 0x00000000a6200000|100%| S|CS|TAMS 0x00000000a6100000, 0x00000000a6100000| Complete 
|  98|0x00000000a6200000, 0x00000000a6200000, 0x00000000a6300000|  0%| F|  |TAMS 0x00000000a6200000, 0x00000000a6200000| Untracked 
|  99|0x00000000a6300000, 0x00000000a6400000, 0x00000000a6400000|100%| S|CS|TAMS 0x00000000a6300000, 0x00000000a6300000| Complete 
| 100|0x00000000a6400000, 0x00000000a6400000, 0x00000000a6500000|  0%| F|  |TAMS 0x00000000a6400000, 0x00000000a6400000| Untracked 
| 101|0x00000000a6500000, 0x00000000a6500000, 0x00000000a6600000|  0%| F|  |TAMS 0x00000000a6500000, 0x00000000a6500000| Untracked 
| 102|0x00000000a6600000, 0x00000000a6600000, 0x00000000a6700000|  0%| F|  |TAMS 0x00000000a6600000, 0x00000000a6600000| Untracked 
| 103|0x00000000a6700000, 0x00000000a6700000, 0x00000000a6800000|  0%| F|  |TAMS 0x00000000a6700000, 0x00000000a6700000| Untracked 
| 104|0x00000000a6800000, 0x00000000a6800000, 0x00000000a6900000|  0%| F|  |TAMS 0x00000000a6800000, 0x00000000a6800000| Untracked 
| 105|0x00000000a6900000, 0x00000000a6900000, 0x00000000a6a00000|  0%| F|  |TAMS 0x00000000a6900000, 0x00000000a6900000| Untracked 
| 106|0x00000000a6a00000, 0x00000000a6a00000, 0x00000000a6b00000|  0%| F|  |TAMS 0x00000000a6a00000, 0x00000000a6a00000| Untracked 
| 107|0x00000000a6b00000, 0x00000000a6b00000, 0x00000000a6c00000|  0%| F|  |TAMS 0x00000000a6b00000, 0x00000000a6b00000| Untracked 
| 108|0x00000000a6c00000, 0x00000000a6c00000, 0x00000000a6d00000|  0%| F|  |TAMS 0x00000000a6c00000, 0x00000000a6c00000| Untracked 
| 109|0x00000000a6d00000, 0x00000000a6d00000, 0x00000000a6e00000|  0%| F|  |TAMS 0x00000000a6d00000, 0x00000000a6d00000| Untracked 
| 110|0x00000000a6e00000, 0x00000000a6e00000, 0x00000000a6f00000|  0%| F|  |TAMS 0x00000000a6e00000, 0x00000000a6e00000| Untracked 
| 111|0x00000000a6f00000, 0x00000000a6f00000, 0x00000000a7000000|  0%| F|  |TAMS 0x00000000a6f00000, 0x00000000a6f00000| Untracked 
| 112|0x00000000a7000000, 0x00000000a7000000, 0x00000000a7100000|  0%| F|  |TAMS 0x00000000a7000000, 0x00000000a7000000| Untracked 
| 113|0x00000000a7100000, 0x00000000a7100000, 0x00000000a7200000|  0%| F|  |TAMS 0x00000000a7100000, 0x00000000a7100000| Untracked 
| 114|0x00000000a7200000, 0x00000000a7200000, 0x00000000a7300000|  0%| F|  |TAMS 0x00000000a7200000, 0x00000000a7200000| Untracked 
| 115|0x00000000a7300000, 0x00000000a7300000, 0x00000000a7400000|  0%| F|  |TAMS 0x00000000a7300000, 0x00000000a7300000| Untracked 
| 116|0x00000000a7400000, 0x00000000a7400000, 0x00000000a7500000|  0%| F|  |TAMS 0x00000000a7400000, 0x00000000a7400000| Untracked 
| 117|0x00000000a7500000, 0x00000000a7500000, 0x00000000a7600000|  0%| F|  |TAMS 0x00000000a7500000, 0x00000000a7500000| Untracked 
| 118|0x00000000a7600000, 0x00000000a76499f0, 0x00000000a7700000| 28%| E|  |TAMS 0x00000000a7600000, 0x00000000a7600000| Complete 
| 119|0x00000000a7700000, 0x00000000a7800000, 0x00000000a7800000|100%| E|CS|TAMS 0x00000000a7700000, 0x00000000a7700000| Complete 
| 120|0x00000000a7800000, 0x00000000a7900000, 0x00000000a7900000|100%| E|CS|TAMS 0x00000000a7800000, 0x00000000a7800000| Complete 
| 121|0x00000000a7900000, 0x00000000a7a00000, 0x00000000a7a00000|100%| E|CS|TAMS 0x00000000a7900000, 0x00000000a7900000| Complete 
| 122|0x00000000a7a00000, 0x00000000a7b00000, 0x00000000a7b00000|100%| E|CS|TAMS 0x00000000a7a00000, 0x00000000a7a00000| Complete 
| 123|0x00000000a7b00000, 0x00000000a7c00000, 0x00000000a7c00000|100%| E|CS|TAMS 0x00000000a7b00000, 0x00000000a7b00000| Complete 
| 124|0x00000000a7c00000, 0x00000000a7d00000, 0x00000000a7d00000|100%| E|CS|TAMS 0x00000000a7c00000, 0x00000000a7c00000| Complete 
| 125|0x00000000a7d00000, 0x00000000a7e00000, 0x00000000a7e00000|100%| E|CS|TAMS 0x00000000a7d00000, 0x00000000a7d00000| Complete 
| 126|0x00000000a7e00000, 0x00000000a7f00000, 0x00000000a7f00000|100%| E|CS|TAMS 0x00000000a7e00000, 0x00000000a7e00000| Complete 
| 127|0x00000000a7f00000, 0x00000000a8000000, 0x00000000a8000000|100%| E|CS|TAMS 0x00000000a7f00000, 0x00000000a7f00000| Complete 

Card table byte_map: [0x000001e779bf0000,0x000001e779ef0000] _byte_map_base: 0x000001e7796f0000

Marking Bits (Prev, Next): (CMBitMap*) 0x000001e774032b70, (CMBitMap*) 0x000001e774032b38
 Prev Bits: [0x000001e77b9f0000, 0x000001e77d1f0000)
 Next Bits: [0x000001e77a1f0000, 0x000001e77b9f0000)

Polling page: 0x000001e7792a0000

Metaspace:

Usage:
  Non-class:     71.54 MB capacity,    70.09 MB ( 98%) used,     1.22 MB (  2%) free+waste,   240.31 KB ( <1%) overhead. 
      Class:     11.15 MB capacity,    10.34 MB ( 93%) used,   727.23 KB (  6%) free+waste,   106.69 KB ( <1%) overhead. 
       Both:     82.69 MB capacity,    80.42 MB ( 97%) used,     1.93 MB (  2%) free+waste,   347.00 KB ( <1%) overhead. 

Virtual space:
  Non-class space:       72.00 MB reserved,      71.59 MB (>99%) committed 
      Class space:        1.00 GB reserved,      11.20 MB (  1%) committed 
             Both:        1.07 GB reserved,      82.79 MB (  8%) committed 

Chunk freelists:
   Non-Class:  52.00 KB
       Class:  4.00 KB
        Both:  56.00 KB

MaxMetaspaceSize: 17179869184.00 GB
CompressedClassSpaceSize: 1.00 GB

CodeHeap 'non-profiled nmethods': size=120064Kb used=7769Kb max_used=7769Kb free=112294Kb
 bounds [0x000001e707ac0000, 0x000001e708260000, 0x000001e70f000000]
CodeHeap 'profiled nmethods': size=120000Kb used=25634Kb max_used=25634Kb free=94365Kb
 bounds [0x000001e700590000, 0x000001e701ea0000, 0x000001e707ac0000]
CodeHeap 'non-nmethods': size=5696Kb used=2271Kb max_used=2321Kb free=3424Kb
 bounds [0x000001e700000000, 0x000001e700270000, 0x000001e700590000]
 total_blobs=12534 nmethods=11664 adapters=781
 compilation: enabled
              stopped_count=0, restarted_count=0
 full_count=0

Compilation events (20 events):
Event: 679.057 Thread 0x000001e77f83c800 11587       2       org.gradle.api.internal.tasks.properties.InputParameterUtils::finalizeValue (31 bytes)
Event: 679.058 Thread 0x000001e77f83c800 nmethod 11587 0x000001e701e47290 code [0x000001e701e47460, 0x000001e701e47698]
Event: 679.058 Thread 0x000001e77f83c800 11588       1       org.gradle.execution.plan.TaskNode::getFinalizers (5 bytes)
Event: 679.058 Thread 0x000001e77f83c800 nmethod 11588 0x000001e70823fe90 code [0x000001e708240040, 0x000001e7082400f8]
Event: 679.064 Thread 0x000001e77f83c800 11589       2       org.gradle.api.internal.artifacts.ivyservice.dependencysubstitution.DefaultDependencySubstitutions$1::because (19 bytes)
Event: 679.065 Thread 0x000001e77f83c800 nmethod 11589 0x000001e701e47790 code [0x000001e701e47980, 0x000001e701e47d98]
Event: 679.066 Thread 0x000001e77f83c800 11590       1       org.gradle.execution.plan.LocalTaskNode::getTaskProperties (5 bytes)
Event: 679.066 Thread 0x000001e77f83c800 nmethod 11590 0x000001e708240190 code [0x000001e708240340, 0x000001e7082403f8]
Event: 679.067 Thread 0x000001e77f83c800 11591       1       org.gradle.api.internal.artifacts.configurations.DefaultConfiguration$ConfigurationArtifactCollection::getArtifactFiles (5 bytes)
Event: 679.067 Thread 0x000001e77f83c800 nmethod 11591 0x000001e708240490 code [0x000001e708240640, 0x000001e7082406f8]
Event: 679.181 Thread 0x000001e77f839000 nmethod 11241 0x000001e708240790 code [0x000001e708240d00, 0x000001e708246f40]
Event: 679.182 Thread 0x000001e77f839000 11527       4       java.util.HashMap::removeNode (291 bytes)
Event: 679.195 Thread 0x000001e77f839000 nmethod 11527 0x000001e708249f10 code [0x000001e70824a100, 0x000001e70824ab48]
Event: 679.195 Thread 0x000001e77f839000 11441       4       java.util.regex.Matcher::find (69 bytes)
Event: 679.213 Thread 0x000001e77f839000 nmethod 11441 0x000001e70824b110 code [0x000001e70824b320, 0x000001e70824b9f8]
Event: 679.213 Thread 0x000001e77f839000 11385       4       org.gradle.internal.logging.sink.OutputEventTransformer::onOutput (399 bytes)
Event: 679.219 Thread 0x000001e77f83c800 11592       3       java.net.URI$Parser::scan (23 bytes)
Event: 679.220 Thread 0x000001e77f83c800 nmethod 11592 0x000001e701e47f10 code [0x000001e701e48120, 0x000001e701e48798]
Event: 679.220 Thread 0x000001e77f83c800 11593       1       org.gradle.internal.component.local.model.DslOriginDependencyMetadataWrapper::getArtifacts (5 bytes)
Event: 679.235 Thread 0x000001e77f83c800 nmethod 11593 0x000001e70824bf90 code [0x000001e70824c140, 0x000001e70824c1f8]

GC Heap History (20 events):
Event: 103.317 GC heap before
{Heap before GC invocations=21 (full 0):
 garbage-first heap   total 131072K, used 105472K [0x00000000a0000000, 0x0000000100000000)
  region size 1024K, 49 young (50176K), 7 survivors (7168K)
 Metaspace       used 78951K, capacity 81078K, committed 81192K, reserved 1120256K
  class space    used 10344K, capacity 11119K, committed 11212K, reserved 1048576K
}
Event: 103.361 GC heap after
{Heap after GC invocations=22 (full 0):
 garbage-first heap   total 131072K, used 65520K [0x00000000a0000000, 0x0000000100000000)
  region size 1024K, 6 young (6144K), 6 survivors (6144K)
 Metaspace       used 78951K, capacity 81078K, committed 81192K, reserved 1120256K
  class space    used 10344K, capacity 11119K, committed 11212K, reserved 1048576K
}
Event: 110.628 GC heap before
{Heap before GC invocations=22 (full 0):
 garbage-first heap   total 131072K, used 106480K [0x00000000a0000000, 0x0000000100000000)
  region size 1024K, 47 young (48128K), 6 survivors (6144K)
 Metaspace       used 79353K, capacity 81525K, committed 81704K, reserved 1120256K
  class space    used 10351K, capacity 11128K, committed 11212K, reserved 1048576K
}
Event: 110.652 GC heap after
{Heap after GC invocations=23 (full 0):
 garbage-first heap   total 131072K, used 68735K [0x00000000a0000000, 0x0000000100000000)
  region size 1024K, 4 young (4096K), 4 survivors (4096K)
 Metaspace       used 79353K, capacity 81525K, committed 81704K, reserved 1120256K
  class space    used 10351K, capacity 11128K, committed 11212K, reserved 1048576K
}
Event: 116.971 GC heap before
{Heap before GC invocations=24 (full 0):
 garbage-first heap   total 131072K, used 107647K [0x00000000a0000000, 0x0000000100000000)
  region size 1024K, 43 young (44032K), 4 survivors (4096K)
 Metaspace       used 79733K, capacity 81942K, committed 82216K, reserved 1120256K
  class space    used 10381K, capacity 11171K, committed 11212K, reserved 1048576K
}
Event: 117.003 GC heap after
{Heap after GC invocations=25 (full 0):
 garbage-first heap   total 131072K, used 71347K [0x00000000a0000000, 0x0000000100000000)
  region size 1024K, 6 young (6144K), 6 survivors (6144K)
 Metaspace       used 79733K, capacity 81942K, committed 82216K, reserved 1120256K
  class space    used 10381K, capacity 11171K, committed 11212K, reserved 1048576K
}
Event: 124.383 GC heap before
{Heap before GC invocations=25 (full 0):
 garbage-first heap   total 131072K, used 108211K [0x00000000a0000000, 0x0000000100000000)
  region size 1024K, 43 young (44032K), 6 survivors (6144K)
 Metaspace       used 79862K, capacity 82038K, committed 82216K, reserved 1120256K
  class space    used 10388K, capacity 11175K, committed 11212K, reserved 1048576K
}
Event: 124.438 GC heap after
{Heap after GC invocations=26 (full 0):
 garbage-first heap   total 131072K, used 73965K [0x00000000a0000000, 0x0000000100000000)
  region size 1024K, 3 young (3072K), 3 survivors (3072K)
 Metaspace       used 79862K, capacity 82038K, committed 82216K, reserved 1120256K
  class space    used 10388K, capacity 11175K, committed 11212K, reserved 1048576K
}
Event: 132.859 GC heap before
{Heap before GC invocations=27 (full 0):
 garbage-first heap   total 131072K, used 108781K [0x00000000a0000000, 0x0000000100000000)
  region size 1024K, 38 young (38912K), 3 survivors (3072K)
 Metaspace       used 80468K, capacity 82640K, committed 82856K, reserved 1120256K
  class space    used 10432K, capacity 11229K, committed 11340K, reserved 1048576K
}
Event: 132.871 GC heap after
{Heap after GC invocations=28 (full 0):
 garbage-first heap   total 131072K, used 76720K [0x00000000a0000000, 0x0000000100000000)
  region size 1024K, 5 young (5120K), 5 survivors (5120K)
 Metaspace       used 80468K, capacity 82640K, committed 82856K, reserved 1120256K
  class space    used 10432K, capacity 11229K, committed 11340K, reserved 1048576K
}
Event: 135.021 GC heap before
{Heap before GC invocations=28 (full 0):
 garbage-first heap   total 131072K, used 109488K [0x00000000a0000000, 0x0000000100000000)
  region size 1024K, 38 young (38912K), 5 survivors (5120K)
 Metaspace       used 80486K, capacity 82640K, committed 82856K, reserved 1120256K
  class space    used 10432K, capacity 11229K, committed 11340K, reserved 1048576K
}
Event: 135.034 GC heap after
{Heap after GC invocations=29 (full 0):
 garbage-first heap   total 131072K, used 78948K [0x00000000a0000000, 0x0000000100000000)
  region size 1024K, 3 young (3072K), 3 survivors (3072K)
 Metaspace       used 80486K, capacity 82640K, committed 82856K, reserved 1120256K
  class space    used 10432K, capacity 11229K, committed 11340K, reserved 1048576K
}
Event: 137.935 GC heap before
{Heap before GC invocations=30 (full 0):
 garbage-first heap   total 131072K, used 109668K [0x00000000a0000000, 0x0000000100000000)
  region size 1024K, 34 young (34816K), 3 survivors (3072K)
 Metaspace       used 80535K, capacity 82709K, committed 82856K, reserved 1120256K
  class space    used 10432K, capacity 11227K, committed 11340K, reserved 1048576K
}
Event: 137.960 GC heap after
{Heap after GC invocations=31 (full 0):
 garbage-first heap   total 131072K, used 80388K [0x00000000a0000000, 0x0000000100000000)
  region size 1024K, 4 young (4096K), 4 survivors (4096K)
 Metaspace       used 80535K, capacity 82709K, committed 82856K, reserved 1120256K
  class space    used 10432K, capacity 11227K, committed 11340K, reserved 1048576K
}
Event: 141.159 GC heap before
{Heap before GC invocations=31 (full 0):
 garbage-first heap   total 131072K, used 110084K [0x00000000a0000000, 0x0000000100000000)
  region size 1024K, 34 young (34816K), 4 survivors (4096K)
 Metaspace       used 80586K, capacity 82717K, committed 82856K, reserved 1120256K
  class space    used 10433K, capacity 11229K, committed 11340K, reserved 1048576K
}
Event: 141.177 GC heap after
{Heap after GC invocations=32 (full 0):
 garbage-first heap   total 131072K, used 81838K [0x00000000a0000000, 0x0000000100000000)
  region size 1024K, 4 young (4096K), 4 survivors (4096K)
 Metaspace       used 80586K, capacity 82717K, committed 82856K, reserved 1120256K
  class space    used 10433K, capacity 11229K, committed 11340K, reserved 1048576K
}
Event: 625.736 GC heap before
{Heap before GC invocations=33 (full 0):
 garbage-first heap   total 131072K, used 110510K [0x00000000a0000000, 0x0000000100000000)
  region size 1024K, 33 young (33792K), 4 survivors (4096K)
 Metaspace       used 81764K, capacity 84086K, committed 84264K, reserved 1122304K
  class space    used 10575K, capacity 11401K, committed 11468K, reserved 1048576K
}
Event: 625.763 GC heap after
{Heap after GC invocations=34 (full 0):
 garbage-first heap   total 131072K, used 82851K [0x00000000a0000000, 0x0000000100000000)
  region size 1024K, 3 young (3072K), 3 survivors (3072K)
 Metaspace       used 81764K, capacity 84086K, committed 84264K, reserved 1122304K
  class space    used 10575K, capacity 11401K, committed 11468K, reserved 1048576K
}
Event: 679.220 GC heap before
{Heap before GC invocations=34 (full 0):
 garbage-first heap   total 131072K, used 111523K [0x00000000a0000000, 0x0000000100000000)
  region size 1024K, 31 young (31744K), 3 survivors (3072K)
 Metaspace       used 82266K, capacity 84605K, committed 84776K, reserved 1122304K
  class space    used 10586K, capacity 11420K, committed 11468K, reserved 1048576K
}
Event: 679.235 GC heap after
{Heap after GC invocations=35 (full 0):
 garbage-first heap   total 131072K, used 86267K [0x00000000a0000000, 0x0000000100000000)
  region size 1024K, 4 young (4096K), 4 survivors (4096K)
 Metaspace       used 82266K, capacity 84605K, committed 84776K, reserved 1122304K
  class space    used 10586K, capacity 11420K, committed 11468K, reserved 1048576K
}

Deoptimization events (20 events):
Event: 677.916 Thread 0x000001e711de1800 Uncommon trap: trap_request=0xffffff4d fr.pc=0x000001e7080f50dc relative=0x00000000000059fc
Event: 677.916 Thread 0x000001e711de1800 Uncommon trap: reason=unstable_if action=reinterpret pc=0x000001e7080f50dc method=org.gradle.cache.internal.DefaultCrossBuildInMemoryCacheFactory$AbstractCrossBuildInMemoryCache.getIfPresentWithoutLock(Ljava/lang/Object;)Ljava/lang/Object; @ 24 c2
Event: 677.916 Thread 0x000001e711de1800 DEOPT PACKING pc=0x000001e7080f50dc sp=0x000000b0232fade0
Event: 677.916 Thread 0x000001e711de1800 DEOPT UNPACKING pc=0x000001e7000278af sp=0x000000b0232fac20 mode 2
Event: 677.960 Thread 0x000001e711de1800 Uncommon trap: trap_request=0xffffffde fr.pc=0x000001e7080bcabc relative=0x000000000000169c
Event: 677.961 Thread 0x000001e711de1800 Uncommon trap: reason=class_check action=maybe_recompile pc=0x000001e7080bcabc method=org.gradle.cache.internal.LockOnDemandCrossProcessCacheAccess.incrementLockCount()V @ 97 c2
Event: 677.961 Thread 0x000001e711de1800 DEOPT PACKING pc=0x000001e7080bcabc sp=0x000000b0232f7930
Event: 677.961 Thread 0x000001e711de1800 DEOPT UNPACKING pc=0x000001e7000278af sp=0x000000b0232f7930 mode 2
Event: 678.384 Thread 0x000001e711de1800 Uncommon trap: trap_request=0xffffff7e fr.pc=0x000001e7080c2248 relative=0x0000000000000268
Event: 678.384 Thread 0x000001e711de1800 Uncommon trap: reason=predicate action=maybe_recompile pc=0x000001e7080c2248 method=java.util.Iterator.forEachRemaining(Ljava/util/function/Consumer;)V @ 11 c2
Event: 678.384 Thread 0x000001e711de1800 DEOPT PACKING pc=0x000001e7080c2248 sp=0x000000b0232f8aa0
Event: 678.384 Thread 0x000001e711de1800 DEOPT UNPACKING pc=0x000001e7000278af sp=0x000000b0232f89d0 mode 2
Event: 678.902 Thread 0x000001e711de1800 Uncommon trap: trap_request=0xffffffde fr.pc=0x000001e707da9254 relative=0x0000000000000514
Event: 678.902 Thread 0x000001e711de1800 Uncommon trap: reason=class_check action=maybe_recompile pc=0x000001e707da9254 method=java.lang.Throwable.<init>(Ljava/lang/String;Ljava/lang/Throwable;)V @ 24 c2
Event: 678.902 Thread 0x000001e711de1800 DEOPT PACKING pc=0x000001e707da9254 sp=0x000000b0232fa700
Event: 678.902 Thread 0x000001e711de1800 DEOPT UNPACKING pc=0x000001e7000278af sp=0x000000b0232fa6c8 mode 2
Event: 679.009 Thread 0x000001e711deb800 Uncommon trap: trap_request=0xffffffde fr.pc=0x000001e70815d2b8 relative=0x00000000000004f8
Event: 679.009 Thread 0x000001e711deb800 Uncommon trap: reason=class_check action=maybe_recompile pc=0x000001e70815d2b8 method=java.util.concurrent.FutureTask.run()V @ 39 c2
Event: 679.009 Thread 0x000001e711deb800 DEOPT PACKING pc=0x000001e70815d2b8 sp=0x000000b024cfeee0
Event: 679.009 Thread 0x000001e711deb800 DEOPT UNPACKING pc=0x000001e7000278af sp=0x000000b024cfee78 mode 2

Classes redefined (0 events):
No events

Internal exceptions (20 events):
Event: 125.983 Thread 0x000001e71083d000 Exception <a 'java/lang/NoSuchMethodError'{0x00000000a7220310}: <clinit>> (0x00000000a7220310) thrown at [./src/hotspot/share/prims/jni.cpp, line 1362]
Event: 125.983 Thread 0x000001e71083d000 Exception <a 'java/lang/NoSuchMethodError'{0x00000000a7221648}: <clinit>> (0x00000000a7221648) thrown at [./src/hotspot/share/prims/jni.cpp, line 1362]
Event: 125.984 Thread 0x000001e71083d000 Exception <a 'java/lang/NoSuchMethodError'{0x00000000a7224068}: <clinit>> (0x00000000a7224068) thrown at [./src/hotspot/share/prims/jni.cpp, line 1362]
Event: 125.987 Thread 0x000001e71083d000 Exception <a 'java/lang/NoSuchMethodError'{0x00000000a723d958}: <clinit>> (0x00000000a723d958) thrown at [./src/hotspot/share/prims/jni.cpp, line 1362]
Event: 125.987 Thread 0x000001e71083d000 Exception <a 'java/lang/NoSuchMethodError'{0x00000000a723ee38}: <clinit>> (0x00000000a723ee38) thrown at [./src/hotspot/share/prims/jni.cpp, line 1362]
Event: 132.437 Thread 0x000001e71083d000 Exception <a 'java/lang/NoSuchMethodError'{0x00000000a60d6df0}: 'int java.lang.invoke.DirectMethodHandle$Holder.invokeSpecial(java.lang.Object, java.lang.Object, java.lang.Object, java.lang.Object, java.lang.Object)'> (0x00000000a60d6df0) thrown at [./src/hotspot/share/interpreter/linkResolver.cpp, line 773]
Event: 142.417 Thread 0x000001e711845800 Implicit null exception at 0x000001e708187a7c to 0x000001e7081881ac
Event: 142.435 Thread 0x000001e711845800 Exception <a 'java/lang/NoSuchMethodError'{0x00000000a736d688}: 'int java.lang.invoke.DirectMethodHandle$Holder.invokeVirtual(java.lang.Object, java.lang.Object, java.lang.Object)'> (0x00000000a736d688) thrown at [./src/hotspot/share/interpreter/linkResolver.cpp, line 773]
Event: 142.603 Thread 0x000001e711845800 Implicit null exception at 0x000001e70818e0af to 0x000001e70818e0fc
Event: 142.818 Thread 0x000001e711845800 Implicit null exception at 0x000001e7081af3eb to 0x000001e7081af76c
Event: 145.752 Thread 0x000001e710be5000 Implicit null exception at 0x000001e707ec7094 to 0x000001e707ec7688
Event: 145.752 Thread 0x000001e710be5000 Implicit null exception at 0x000001e707e74194 to 0x000001e707e74758
Event: 677.893 Thread 0x000001e711de1800 Implicit null exception at 0x000001e7080c5ce2 to 0x000001e7080c6898
Event: 678.793 Thread 0x000001e711de1800 Exception <a 'sun/nio/fs/WindowsException'{0x00000000a6c57580}> (0x00000000a6c57580) thrown at [./src/hotspot/share/prims/jni.cpp, line 615]
Event: 678.878 Thread 0x000001e711de1800 Exception <a 'java/lang/NoClassDefFoundError'{0x00000000a6916d90}: org/jetbrains/kotlin/gradle/plugin/KotlinBasePluginWrapper> (0x00000000a6916d90) thrown at [./src/hotspot/share/oops/constantPool.cpp, line 775]
Event: 678.902 Thread 0x000001e711de1800 Exception <a 'sun/nio/fs/WindowsException'{0x00000000a681a3d8}> (0x00000000a681a3d8) thrown at [./src/hotspot/share/prims/jni.cpp, line 615]
Event: 678.915 Thread 0x000001e711de1800 Exception <a 'sun/nio/fs/WindowsException'{0x00000000a68c0ce0}> (0x00000000a68c0ce0) thrown at [./src/hotspot/share/prims/jni.cpp, line 615]
Event: 678.915 Thread 0x000001e711de1800 Exception <a 'sun/nio/fs/WindowsException'{0x00000000a68c1da8}> (0x00000000a68c1da8) thrown at [./src/hotspot/share/prims/jni.cpp, line 615]
Event: 678.915 Thread 0x000001e711de1800 Exception <a 'sun/nio/fs/WindowsException'{0x00000000a68c2ec0}> (0x00000000a68c2ec0) thrown at [./src/hotspot/share/prims/jni.cpp, line 615]
Event: 678.916 Thread 0x000001e711de1800 Exception <a 'sun/nio/fs/WindowsException'{0x00000000a68c3fd8}> (0x00000000a68c3fd8) thrown at [./src/hotspot/share/prims/jni.cpp, line 615]

Events (20 events):
Event: 679.026 Executing VM operation: RevokeBias
Event: 679.026 Executing VM operation: RevokeBias done
Event: 679.026 Executing VM operation: RevokeBias
Event: 679.026 Executing VM operation: RevokeBias done
Event: 679.034 Executing VM operation: RevokeBias
Event: 679.035 Executing VM operation: RevokeBias done
Event: 679.036 Executing VM operation: RevokeBias
Event: 679.036 Executing VM operation: RevokeBias done
Event: 679.061 Executing VM operation: RevokeBias
Event: 679.061 Executing VM operation: RevokeBias done
Event: 679.062 Executing VM operation: RevokeBias
Event: 679.062 Executing VM operation: RevokeBias done
Event: 679.062 Executing VM operation: RevokeBias
Event: 679.062 Executing VM operation: RevokeBias done
Event: 679.078 Executing VM operation: RevokeBias
Event: 679.078 Executing VM operation: RevokeBias done
Event: 679.173 Executing VM operation: RevokeBias
Event: 679.173 Executing VM operation: RevokeBias done
Event: 679.220 Executing VM operation: G1CollectForAllocation
Event: 679.235 Executing VM operation: G1CollectForAllocation done


Dynamic libraries:
0x00007ff6ce940000 - 0x00007ff6ce94a000 	C:\Program Files\Android\Android Studio\jre\bin\java.exe
0x00007ffb12110000 - 0x00007ffb12304000 	C:\WINDOWS\SYSTEM32\ntdll.dll
0x00007ffb11040000 - 0x00007ffb110fd000 	C:\WINDOWS\System32\KERNEL32.DLL
0x00007ffb0f8e0000 - 0x00007ffb0fba7000 	C:\WINDOWS\System32\KERNELBASE.dll
0x00007ffb0fff0000 - 0x00007ffb100f0000 	C:\WINDOWS\System32\ucrtbase.dll
0x00007ffb06300000 - 0x00007ffb06319000 	C:\Program Files\Android\Android Studio\jre\bin\jli.dll
0x00007ffb062c0000 - 0x00007ffb062d7000 	C:\Program Files\Android\Android Studio\jre\bin\VCRUNTIME140.dll
0x00007ffb11a00000 - 0x00007ffb11ba0000 	C:\WINDOWS\System32\USER32.dll
0x00007ffb0f8b0000 - 0x00007ffb0f8d2000 	C:\WINDOWS\System32\win32u.dll
0x00007ffaf8510000 - 0x00007ffaf87aa000 	C:\WINDOWS\WinSxS\amd64_microsoft.windows.common-controls_6595b64144ccf1df_6.0.19041.1_none_b555e41d4684ddec\COMCTL32.dll
0x00007ffb10410000 - 0x00007ffb1043a000 	C:\WINDOWS\System32\GDI32.dll
0x00007ffb11640000 - 0x00007ffb116de000 	C:\WINDOWS\System32\msvcrt.dll
0x00007ffb0fce0000 - 0x00007ffb0fdea000 	C:\WINDOWS\System32\gdi32full.dll
0x00007ffb0fdf0000 - 0x00007ffb0fe8d000 	C:\WINDOWS\System32\msvcp_win.dll
0x00007ffb11590000 - 0x00007ffb115c0000 	C:\WINDOWS\System32\IMM32.DLL
0x00007ffafb6a0000 - 0x00007ffafb73d000 	C:\Program Files\Android\Android Studio\jre\bin\msvcp140.dll
0x00007ffadaf50000 - 0x00007ffadba1f000 	C:\Program Files\Android\Android Studio\jre\bin\server\jvm.dll
0x00007ffb10d40000 - 0x00007ffb10dea000 	C:\WINDOWS\System32\ADVAPI32.dll
0x00007ffb116e0000 - 0x00007ffb1177b000 	C:\WINDOWS\System32\sechost.dll
0x00007ffb10f10000 - 0x00007ffb11033000 	C:\WINDOWS\System32\RPCRT4.dll
0x00007ffb11ba0000 - 0x00007ffb11ba8000 	C:\WINDOWS\System32\PSAPI.DLL
0x00007ffafd030000 - 0x00007ffafd039000 	C:\WINDOWS\SYSTEM32\WSOCK32.dll
0x00007ffb118b0000 - 0x00007ffb1191b000 	C:\WINDOWS\System32\WS2_32.dll
0x00007ffaf6910000 - 0x00007ffaf6937000 	C:\WINDOWS\SYSTEM32\WINMM.dll
0x00007ffb06c60000 - 0x00007ffb06c6a000 	C:\WINDOWS\SYSTEM32\VERSION.dll
0x00007ffb0e160000 - 0x00007ffb0e173000 	C:\WINDOWS\SYSTEM32\kernel.appcore.dll
0x00007ffaf8e50000 - 0x00007ffaf8e61000 	C:\Program Files\Android\Android Studio\jre\bin\verify.dll
0x00007ffb0df40000 - 0x00007ffb0e124000 	C:\WINDOWS\SYSTEM32\DBGHELP.DLL
0x00007ffaf57b0000 - 0x00007ffaf57dc000 	C:\WINDOWS\SYSTEM32\dbgcore.DLL
0x00007ffb100f0000 - 0x00007ffb1016f000 	C:\WINDOWS\System32\bcryptPrimitives.dll
0x00007ffaf8d50000 - 0x00007ffaf8d79000 	C:\Program Files\Android\Android Studio\jre\bin\java.dll
0x00007ffafd020000 - 0x00007ffafd02b000 	C:\Program Files\Android\Android Studio\jre\bin\jimage.dll
0x00007ffaf8e30000 - 0x00007ffaf8e48000 	C:\Program Files\Android\Android Studio\jre\bin\zip.dll
0x00007ffb10440000 - 0x00007ffb10b71000 	C:\WINDOWS\System32\SHELL32.dll
0x00007ffb0d7b0000 - 0x00007ffb0df3a000 	C:\WINDOWS\SYSTEM32\windows.storage.dll
0x00007ffb11c10000 - 0x00007ffb11f64000 	C:\WINDOWS\System32\combase.dll
0x00007ffb0f2d0000 - 0x00007ffb0f2fb000 	C:\WINDOWS\SYSTEM32\Wldp.dll
0x00007ffb12020000 - 0x00007ffb120ce000 	C:\WINDOWS\System32\SHCORE.dll
0x00007ffb10170000 - 0x00007ffb101c5000 	C:\WINDOWS\System32\shlwapi.dll
0x00007ffb0f790000 - 0x00007ffb0f7af000 	C:\WINDOWS\SYSTEM32\profapi.dll
0x00007ffaf8d30000 - 0x00007ffaf8d4a000 	C:\Program Files\Android\Android Studio\jre\bin\net.dll
0x00007ffaf8210000 - 0x00007ffaf8312000 	C:\WINDOWS\SYSTEM32\WINHTTP.dll
0x00007ffb0f050000 - 0x00007ffb0f0ba000 	C:\WINDOWS\system32\mswsock.dll
0x00007ffaf8d10000 - 0x00007ffaf8d24000 	C:\Program Files\Android\Android Studio\jre\bin\nio.dll
0x00007ffaef730000 - 0x00007ffaef757000 	C:\Users\HP\.gradle\wrapper\dists\gradle-2.14.1-all\native\8bec1ad78214c89d9ad589b4d07fe93259594b29d510b10fafb7a158f7737e5d\windows-amd64\native-platform.dll
0x00007ffabaa40000 - 0x00007ffabab7d000 	C:\Users\HP\.gradle\wrapper\dists\gradle-2.14.1-all\native\53dbd7edfb1c66fb8903c78663c9afc45aea4f116125fa6feffd364cf09443e8\windows-amd64\native-platform-file-events.dll
0x00007ffafc2e0000 - 0x00007ffafc2ea000 	C:\Program Files\Android\Android Studio\jre\bin\management.dll
0x00007ffaf8d00000 - 0x00007ffaf8d0c000 	C:\Program Files\Android\Android Studio\jre\bin\management_ext.dll
0x00007ffb0f220000 - 0x00007ffb0f238000 	C:\WINDOWS\SYSTEM32\CRYPTSP.dll
0x00007ffb0e970000 - 0x00007ffb0e9a4000 	C:\WINDOWS\system32\rsaenh.dll
0x00007ffb0fcb0000 - 0x00007ffb0fcd7000 	C:\WINDOWS\System32\bcrypt.dll
0x00007ffb0f710000 - 0x00007ffb0f73e000 	C:\WINDOWS\SYSTEM32\USERENV.dll
0x00007ffb0f240000 - 0x00007ffb0f24c000 	C:\WINDOWS\SYSTEM32\CRYPTBASE.dll
0x00007ffb0ecf0000 - 0x00007ffb0ed2b000 	C:\WINDOWS\SYSTEM32\IPHLPAPI.DLL
0x00007ffb11630000 - 0x00007ffb11639000 	C:\WINDOWS\System32\NSI.dll
0x00007ffb0d580000 - 0x00007ffb0d597000 	C:\WINDOWS\SYSTEM32\dhcpcsvc6.DLL
0x00007ffb0d560000 - 0x00007ffb0d57d000 	C:\WINDOWS\SYSTEM32\dhcpcsvc.DLL
0x00007ffb0ed30000 - 0x00007ffb0edfa000 	C:\WINDOWS\SYSTEM32\DNSAPI.dll

dbghelp: loaded successfully - version: 4.0.5 - missing functions: none
symbol engine: initialized successfully - sym options: 0x614 - pdb path: .;C:\Program Files\Android\Android Studio\jre\bin;C:\WINDOWS\SYSTEM32;C:\WINDOWS\WinSxS\amd64_microsoft.windows.common-controls_6595b64144ccf1df_6.0.19041.1_none_b555e41d4684ddec;C:\Program Files\Android\Android Studio\jre\bin\server;C:\Users\HP\.gradle\wrapper\dists\gradle-2.14.1-all\native\8bec1ad78214c89d9ad589b4d07fe93259594b29d510b10fafb7a158f7737e5d\windows-amd64;C:\Users\HP\.gradle\wrapper\dists\gradle-2.14.1-all\native\53dbd7edfb1c66fb8903c78663c9afc45aea4f116125fa6feffd364cf09443e8\windows-amd64

VM Arguments:
jvm_args: --add-opens=java.base/java.util=ALL-UNNAMED --add-opens=java.base/java.lang=ALL-UNNAMED --add-opens=java.base/java.lang.invoke=ALL-UNNAMED --add-opens=java.base/java.util=ALL-UNNAMED --add-opens=java.prefs/java.util.prefs=ALL-UNNAMED --add-opens=java.prefs/java.util.prefs=ALL-UNNAMED --add-opens=java.base/java.nio.charset=ALL-UNNAMED --add-opens=java.base/java.net=ALL-UNNAMED --add-opens=java.base/java.util.concurrent.atomic=ALL-UNNAMED -Xmx1536m -Dfile.encoding=windows-1252 -Duser.country=US -Duser.language=en -Duser.variant 
java_command: org.gradle.launcher.daemon.bootstrap.GradleDaemon 7.0.2
java_class_path (initial): C:\Users\HP\.gradle\wrapper\dists\gradle-2.14.1-all\wrapper\dists\gradle-7.0.2-all\7era6s5ay7zsbhuvl0oc9g94s\gradle-7.0.2\lib\gradle-launcher-7.0.2.jar
Launcher Type: SUN_STANDARD

[Global flags]
     intx CICompilerCount                          = 3                                         {product} {ergonomic}
     uint ConcGCThreads                            = 1                                         {product} {ergonomic}
     uint G1ConcRefinementThreads                  = 4                                         {product} {ergonomic}
   size_t G1HeapRegionSize                         = 1048576                                   {product} {ergonomic}
    uintx GCDrainStackTargetSize                   = 64                                        {product} {ergonomic}
   size_t InitialHeapSize                          = 134217728                                 {product} {ergonomic}
   size_t MarkStackSize                            = 4194304                                   {product} {ergonomic}
   size_t MaxHeapSize                              = 1610612736                                {product} {command line}
   size_t MaxNewSize                               = 965738496                                 {product} {ergonomic}
   size_t MinHeapDeltaBytes                        = 1048576                                   {product} {ergonomic}
    uintx NonNMethodCodeHeapSize                   = 5830732                                {pd product} {ergonomic}
    uintx NonProfiledCodeHeapSize                  = 122913754                              {pd product} {ergonomic}
    uintx ProfiledCodeHeapSize                     = 122913754                              {pd product} {ergonomic}
    uintx ReservedCodeCacheSize                    = 251658240                              {pd product} {ergonomic}
     bool SegmentedCodeCache                       = true                                      {product} {ergonomic}
     bool UseCompressedClassPointers               = true                                 {lp64_product} {ergonomic}
     bool UseCompressedOops                        = true                                 {lp64_product} {ergonomic}
     bool UseG1GC                                  = true                                      {product} {ergonomic}
     bool UseLargePagesIndividualAllocation        = false                                  {pd product} {ergonomic}

Logging:
Log output configuration:
 #0: stdout all=warning uptime,level,tags
 #1: stderr all=off uptime,level,tags

Environment Variables:
PATH=C:\WINDOWS\system32;C:\WINDOWS;C:\WINDOWS\System32\Wbem;C:\WINDOWS\System32\WindowsPowerShell\v1.0\;C:\WINDOWS\System32\OpenSSH\;E:\New folder\;C:\Users\HP\AppData\Local\Microsoft\WindowsApps;E:\VS Code\Microsoft VS Code\bin;C:\Users\HP\AppData\Roaming\npm;C:\Users\HP\AppData\Local\GitHubDesktop\bin;C:\Users\HP\Flutter\flutter\bin;
USERNAME=HP
OS=Windows_NT
PROCESSOR_IDENTIFIER=Intel64 Family 6 Model 142 Stepping 9, GenuineIntel



---------------  S Y S T E M  ---------------

OS: Windows 10 , 64 bit Build 19041 (10.0.19041.1)
OS uptime: 0 days 0:31 hours

CPU:total 4 (initial active 4) (2 cores per cpu, 2 threads per core) family 6 model 142 stepping 9 microcode 0xb4, cmov, cx8, fxsr, mmx, sse, sse2, sse3, ssse3, sse4.1, sse4.2, popcnt, avx, avx2, aes, clmul, erms, 3dnowpref, lzcnt, ht, tsc, tscinvbit, bmi1, bmi2, adx, fma

Memory: 4k page, system-wide physical 8075M (1725M free)
TotalPageFile size 16267M (AvailPageFile size 9759M)
current process WorkingSet (physical memory assigned to process): 366M, peak: 377M
current process commit charge ("private bytes"): 396M, peak: 409M

vm_info: OpenJDK 64-Bit Server VM (11.0.10+0-b96-7249189) for windows-amd64 JRE (11.0.10+0-b96-7249189), built on Mar 31 2021 21:44:00 by "builder" with MS VC++ 14.0 (VS2015)

END.
