#
# A fatal error has been detected by the Java Runtime Environment:
#
#  EXCEPTION_ACCESS_VIOLATION (0xc0000005) at pc=0x0000021fb3d2dd2c, pid=8540, tid=3760
#
# JRE version: OpenJDK Runtime Environment (11.0.10) (build 11.0.10+0-b96-7249189)
# Java VM: OpenJDK 64-Bit Server VM (11.0.10+0-b96-7249189, mixed mode, tiered, compressed oops, g1 gc, windows-amd64)
# Problematic frame:
# J 11006 c2 com.sun.tools.javac.file.JavacFileManager$ArchiveContainer.list(Ljava/nio/file/Path;Lcom/sun/tools/javac/file/RelativePath$RelativeDirectory;Ljava/util/Set;ZLcom/sun/tools/javac/util/ListBuffer;)V jdk.compiler@11.0.10 (64 bytes) @ 0x0000021fb3d2dd2c [0x0000021fb3d2d600+0x000000000000072c]
#
# No core dump will be written. Minidumps are not enabled by default on client versions of Windows
#
# If you would like to submit a bug report, please visit:
#   https://bugreport.java.com/bugreport/crash.jsp
#

---------------  S U M M A R Y ------------

Command Line: --add-opens=java.base/java.util=ALL-UNNAMED --add-opens=java.base/java.lang=ALL-UNNAMED --add-opens=java.base/java.lang.invoke=ALL-UNNAMED --add-opens=java.base/java.util=ALL-UNNAMED --add-opens=java.prefs/java.util.prefs=ALL-UNNAMED --add-opens=java.prefs/java.util.prefs=ALL-UNNAMED --add-opens=java.base/java.nio.charset=ALL-UNNAMED --add-opens=java.base/java.net=ALL-UNNAMED --add-opens=java.base/java.util.concurrent.atomic=ALL-UNNAMED -Xmx1536m -Dfile.encoding=windows-1252 -Duser.country=US -Duser.language=en -Duser.variant org.gradle.launcher.daemon.bootstrap.GradleDaemon 7.0.2

Host: Intel(R) Core(TM) i3-7020U CPU @ 2.30GHz, 4 cores, 7G,  Windows 10 , 64 bit Build 19041 (10.0.19041.1)
Time: Tue Oct  5 09:37:07 2021 India Standard Time elapsed time: 549.041818 seconds (0d 0h 9m 9s)

---------------  T H R E A D  ---------------

Current thread (0x0000021fcafde000):  JavaThread "Execution worker for ':'" [_thread_in_Java, id=3760, stack(0x000000c8d2400000,0x000000c8d2500000)]

Stack: [0x000000c8d2400000,0x000000c8d2500000],  sp=0x000000c8d24f8730,  free space=993k
Native frames: (J=compiled Java code, j=interpreted, Vv=VM code, C=native code)
C  0x0000021fb3d2dd2c


siginfo: EXCEPTION_ACCESS_VIOLATION (0xc0000005), reading address 0x00000008a1bebbc8


Register to memory mapping:

RIP=0x0000021fb3d2dd2c is at entry_point+1836 in (nmethod*)0x0000021fb3d2d290
RAX=0x00000000acaa56b0 is an oop: java.nio.file.FileTreeWalker$Event 
{0x00000000acaa56b0} - klass: 'java/nio/file/FileTreeWalker$Event'
RBX=0x00000000aca9d3c0 is an oop: java.util.ArrayDeque 
{0x00000000aca9d3c0} - klass: 'java/util/ArrayDeque'
RCX=0x0000000100b2ead0 is a pointer to class: 
com.sun.tools.javac.util.List {0x0000000100b2ead8}
RDX=0x0 is NULL
RSP=0x000000c8d24f8730 is pointing into the stack for thread: 0x0000021fcafde000
RBP=0x0 is NULL
RSI=0x0000000000000027 is an unknown value
RDI=0x00000000acaa5640 is pointing into object: [B 
{0x00000000acaa5628} - klass: {type array byte}
 - length: 39
R8 =0x0000000100001808 is a pointer to class: 
java.lang.String {0x0000000100001810}
R9 =0x00000000acaa56b0 is an oop: java.nio.file.FileTreeWalker$Event 
{0x00000000acaa56b0} - klass: 'java/nio/file/FileTreeWalker$Event'
R10=0x00000000acaa56b0 is an oop: java.nio.file.FileTreeWalker$Event 
{0x00000000acaa56b0} - klass: 'java/nio/file/FileTreeWalker$Event'
R11=0x00000008a1bebbb8 is an unknown value
R12=0x0 is NULL
R13=0x0 is NULL
R14=0x00000000aca9d424 is pointing into object: [Ljava.lang.Object; 
{0x00000000aca9d3d8} - klass: 'java/lang/Object'[]
 - length: 16
R15=0x0000021fcafde000 is a thread


Registers:
RAX=0x00000000acaa56b0, RBX=0x00000000aca9d3c0, RCX=0x0000000100b2ead0, RDX=0x0000000000000000
RSP=0x000000c8d24f8730, RBP=0x0000000000000000, RSI=0x0000000000000027, RDI=0x00000000acaa5640
R8 =0x0000000100001808, R9 =0x00000000acaa56b0, R10=0x00000000acaa56b0, R11=0x00000008a1bebbb8
R12=0x0000000000000000, R13=0x0000000000000000, R14=0x00000000aca9d424, R15=0x0000021fcafde000
RIP=0x0000021fb3d2dd2c, EFLAGS=0x0000000000010293

Top of Stack: (sp=0x000000c8d24f8730)
0x000000c8d24f8730:   ad8d0388753d23fe 00000000ad8d0388
0x000000c8d24f8740:   00000000a985caa8 0000021fad7c6d74
0x000000c8d24f8750:   0000000100001808 0000000100b41bf8
0x000000c8d24f8760:   0000000100000000 00000000aca9d3a0
0x000000c8d24f8770:   00000000ad96d518 0000000100b2ead0
0x000000c8d24f8780:   00000000a53ab6a0 00000000aca9cea0
0x000000c8d24f8790:   00000000aca9d330 00000000aca9d388
0x000000c8d24f87a0:   00000000a96b2c68 0000002eb3d4be78
0x000000c8d24f87b0:   000000000000002f 00000000aca9d288
0x000000c8d24f87c0:   000000c8d24f8ba8 0000021fb3a201e4
0x000000c8d24f87d0:   0000000000000000 00000000aca9d310
0x000000c8d24f87e0:   000000c8d24f8ba8 0000021fad80885c
0x000000c8d24f87f0:   00000000aca9d310 00007ffa17a50feb
0x000000c8d24f8800:   0000021fcafde000 0000000000000000
0x000000c8d24f8810:   0000000100000000 0000021fc6fc9480
0x000000c8d24f8820:   0000508d4d4c30d3 00007ffadb0c853c 

Instructions: (pc=0x0000021fb3d2dd2c)
0x0000021fb3d2dc2c:   ba d0 f7 21 db fa 7f 00 00 41 ff d2 41 80 7f 30
0x0000021fb3d2dc3c:   00 0f 85 9f 0e 00 00 44 8b 54 24 50 45 89 72 18
0x0000021fb3d2dc4c:   4d 8b d5 4c 8b dd 4d 33 d3 49 c1 ea 14 4d 85 d2
0x0000021fb3d2dc5c:   74 53 49 c1 eb 09 48 b9 00 00 0b bb 1f 02 00 00
0x0000021fb3d2dc6c:   49 03 cb 80 39 20 74 3d 4d 8b 57 70 4d 8b 9f 80
0x0000021fb3d2dc7c:   00 00 00 f0 83 44 24 c0 00 80 39 00 74 27 44 88
0x0000021fb3d2dc8c:   21 4d 85 d2 75 12 49 8b d7 49 ba d0 f7 21 db fa
0x0000021fb3d2dc9c:   7f 00 00 41 ff d2 eb 0d 4b 89 4c 13 f8 49 83 c2
0x0000021fb3d2dcac:   f8 4d 89 57 70 44 8b 5c 24 50 41 ff 43 0c 49 ba
0x0000021fb3d2dcbc:   f8 00 be a1 00 00 00 00 49 bb f8 00 be a1 00 00
0x0000021fb3d2dccc:   00 00 4d 3b d3 0f 85 ac 0c 00 00 48 8b 54 24 38
0x0000021fb3d2dcdc:   66 66 90 e8 dc c1 19 00 4c 8b d0 48 85 c0 0f 84
0x0000021fb3d2dcec:   0b 0b 00 00 4c 8b 44 24 20 4c 8b 4c 24 28 48 8b
0x0000021fb3d2dcfc:   4c 24 48 45 8b 5a 0c 41 8b 6b 0c 83 fd 03 0f 83
0x0000021fb3d2dd0c:   cc 10 00 00 48 89 4c 24 48 4c 89 4c 24 28 4c 89
0x0000021fb3d2dd1c:   44 24 20 4d 8b ca 49 bb b8 bb be a1 00 00 00 00
0x0000021fb3d2dd2c:   45 8b 5c ab 10 45 8b 42 10 45 8b 52 18 41 8b 69
0x0000021fb3d2dd3c:   14 41 83 fb 01 0f 85 c7 08 00 00 45 85 d2 0f 85
0x0000021fb3d2dd4c:   24 12 00 00 45 8b 58 08 41 81 fb bc d8 08 20 0f
0x0000021fb3d2dd5c:   85 5b 15 00 00 44 8b 55 08 4d 8b d8 4c 89 5c 24
0x0000021fb3d2dd6c:   50 41 81 fa fd d4 08 20 0f 85 7e 10 00 00 4c 8b
0x0000021fb3d2dd7c:   d5 45 0f b6 52 14 45 85 d2 0f 85 2f ff ff ff 4c
0x0000021fb3d2dd8c:   8b 54 24 68 45 8b 5a 0c 44 89 5c 24 58 48 8b 54
0x0000021fb3d2dd9c:   24 50 90 e8 3c 37 f9 ff 44 8b 50 08 41 81 fa bc
0x0000021fb3d2ddac:   d8 08 20 0f 85 93 10 00 00 44 8b 50 10 8b 58 14
0x0000021fb3d2ddbc:   41 8b 6a 34 44 8b 5d 08 41 81 fb 73 d8 08 20 0f
0x0000021fb3d2ddcc:   85 97 10 00 00 44 8b 53 0c 44 89 54 24 5c 4c 8b
0x0000021fb3d2dddc:   d3 4c 89 54 24 60 44 8b 54 24 5c 45 85 d2 0f 86
0x0000021fb3d2ddec:   c7 00 00 00 45 8b c2 41 ff c8 4c 8b d5 44 3b 44
0x0000021fb3d2ddfc:   24 5c 0f 83 13 11 00 00 44 0f be 43 10 45 85 c0
0x0000021fb3d2de0c:   0f 8c f2 12 00 00 8b 7c 24 5c 83 c7 fd 83 ff 01
0x0000021fb3d2de1c:   0f 8e 36 11 00 00 b9 01 00 00 00 44 8b 5c 24 5c 


Stack slot to memory mapping:
stack at sp + 0 slots: 0xad8d0388753d23fe is an unknown value
stack at sp + 1 slots: 0x00000000ad8d0388 is an oop: java.util.HashMap$Node 
{0x00000000ad8d0388} - klass: 'java/util/HashMap$Node'
stack at sp + 2 slots: 0x00000000a985caa8 is an oop: com.sun.tools.javac.file.JavacFileManager 
{0x00000000a985caa8} - klass: 'com/sun/tools/javac/file/JavacFileManager'
stack at sp + 3 slots: 0x0000021fad7c6d74 is at entry_point+148 in (nmethod*)0x0000021fad7c6b10
stack at sp + 4 slots: 0x0000000100001808 is a pointer to class: 
java.lang.String {0x0000000100001810}
stack at sp + 5 slots: 0x0000000100b41bf8 is a pointer to class: 
com.sun.tools.javac.file.PathFileObject$JarFileObject {0x0000000100b41c00}
stack at sp + 6 slots: 0x0000000100000000 is pointing into metadata
stack at sp + 7 slots: 0x00000000aca9d3a0 is an oop: java.nio.file.FileTreeWalker 
{0x00000000aca9d3a0} - klass: 'java/nio/file/FileTreeWalker'



---------------  P R O C E S S  ---------------

Threads class SMR info:
_java_thread_list=0x0000021fc7a6cf90, length=51, elements={
0x0000021fa8197000, 0x0000021fc1198000, 0x0000021fc11a1800, 0x0000021fc11b3000,
0x0000021fc11b5800, 0x0000021fc11b6800, 0x0000021fc11c4800, 0x0000021fc11cd000,
0x0000021fc11ce000, 0x0000021fc1c75800, 0x0000021fc2a36800, 0x0000021fc30cc000,
0x0000021fc2366000, 0x0000021fc360f800, 0x0000021fc3610800, 0x0000021fc3615800,
0x0000021fc3613800, 0x0000021fc3612000, 0x0000021fc59ba000, 0x0000021fc59b9800,
0x0000021fc59be000, 0x0000021fc59bc800, 0x0000021fc59c0000, 0x0000021fc59c4000,
0x0000021fc59c1800, 0x0000021fcafe4000, 0x0000021fcb14a000, 0x0000021fcb14d800,
0x0000021fcb14e800, 0x0000021fcb14c000, 0x0000021fcb14c800, 0x0000021fcb14f000,
0x0000021fcb14b000, 0x0000021fcb152800, 0x0000021fcb153000, 0x0000021fcb154000,
0x0000021fcb151800, 0x0000021fcb151000, 0x0000021fcb155800, 0x0000021fcb155000,
0x0000021fcb150000, 0x0000021fcb159000, 0x0000021fcb156800, 0x0000021fcb157800,
0x0000021fcb158000, 0x0000021fcafde000, 0x0000021fcafe4800, 0x0000021fcafe3000,
0x0000021fcafdf800, 0x0000021fcafdf000, 0x0000021fcbb63800
}

Java Threads: ( => current thread )
  0x0000021fa8197000 JavaThread "main" [_thread_blocked, id=3740, stack(0x000000c8cf300000,0x000000c8cf400000)]
  0x0000021fc1198000 JavaThread "Reference Handler" daemon [_thread_blocked, id=1680, stack(0x000000c8cfa00000,0x000000c8cfb00000)]
  0x0000021fc11a1800 JavaThread "Finalizer" daemon [_thread_blocked, id=8628, stack(0x000000c8cfb00000,0x000000c8cfc00000)]
  0x0000021fc11b3000 JavaThread "Signal Dispatcher" daemon [_thread_blocked, id=4148, stack(0x000000c8cfc00000,0x000000c8cfd00000)]
  0x0000021fc11b5800 JavaThread "Attach Listener" daemon [_thread_blocked, id=7788, stack(0x000000c8cfd00000,0x000000c8cfe00000)]
  0x0000021fc11b6800 JavaThread "Service Thread" daemon [_thread_blocked, id=2000, stack(0x000000c8cfe00000,0x000000c8cff00000)]
  0x0000021fc11c4800 JavaThread "C2 CompilerThread0" daemon [_thread_in_native, id=1396, stack(0x000000c8cff00000,0x000000c8d0000000)]
  0x0000021fc11cd000 JavaThread "C1 CompilerThread0" daemon [_thread_blocked, id=7532, stack(0x000000c8d0000000,0x000000c8d0100000)]
  0x0000021fc11ce000 JavaThread "Sweeper thread" daemon [_thread_blocked, id=10176, stack(0x000000c8d0100000,0x000000c8d0200000)]
  0x0000021fc1c75800 JavaThread "Common-Cleaner" daemon [_thread_blocked, id=6704, stack(0x000000c8d0200000,0x000000c8d0300000)]
  0x0000021fc2a36800 JavaThread "Daemon health stats" [_thread_blocked, id=9048, stack(0x000000c8d0700000,0x000000c8d0800000)]
  0x0000021fc30cc000 JavaThread "Incoming local TCP Connector on port 52102" [_thread_in_native, id=7908, stack(0x000000c8d0400000,0x000000c8d0500000)]
  0x0000021fc2366000 JavaThread "Daemon periodic checks" [_thread_blocked, id=10052, stack(0x000000c8d0800000,0x000000c8d0900000)]
  0x0000021fc360f800 JavaThread "Cache worker for file hash cache (C:\Users\HP\.gradle\wrapper\dists\gradle-2.14.1-all\caches\7.0.2\fileHashes)" [_thread_blocked, id=2360, stack(0x000000c8d1100000,0x000000c8d1200000)]
  0x0000021fc3610800 JavaThread "File lock request listener" [_thread_in_native, id=5812, stack(0x000000c8d1200000,0x000000c8d1300000)]
  0x0000021fc3615800 JavaThread "Cache worker for journal cache (C:\Users\HP\.gradle\wrapper\dists\gradle-2.14.1-all\caches\journal-1)" [_thread_blocked, id=8056, stack(0x000000c8d1300000,0x000000c8d1400000)]
  0x0000021fc3613800 JavaThread "File watcher server" daemon [_thread_in_native, id=8284, stack(0x000000c8d1600000,0x000000c8d1700000)]
  0x0000021fc3612000 JavaThread "File watcher consumer" daemon [_thread_blocked, id=7848, stack(0x000000c8d1700000,0x000000c8d1800000)]
  0x0000021fc59ba000 JavaThread "Cache worker for execution history cache (C:\Users\HP\.gradle\wrapper\dists\gradle-2.14.1-all\caches\7.0.2\executionHistory)" [_thread_blocked, id=3388, stack(0x000000c8d1b00000,0x000000c8d1c00000)]
  0x0000021fc59b9800 JavaThread "jar transforms" [_thread_blocked, id=4904, stack(0x000000c8d1c00000,0x000000c8d1d00000)]
  0x0000021fc59be000 JavaThread "jar transforms Thread 2" [_thread_blocked, id=9244, stack(0x000000c8d1d00000,0x000000c8d1e00000)]
  0x0000021fc59bc800 JavaThread "Cache worker for file content cache (C:\Users\HP\.gradle\wrapper\dists\gradle-2.14.1-all\caches\7.0.2\fileContent)" [_thread_blocked, id=6276, stack(0x000000c8d1e00000,0x000000c8d1f00000)]
  0x0000021fc59c0000 JavaThread "jar transforms Thread 3" [_thread_blocked, id=252, stack(0x000000c8d2000000,0x000000c8d2100000)]
  0x0000021fc59c4000 JavaThread "jar transforms Thread 4" [_thread_blocked, id=7136, stack(0x000000c8d2600000,0x000000c8d2700000)]
  0x0000021fc59c1800 JavaThread "Memory manager" [_thread_blocked, id=3108, stack(0x000000c8d2700000,0x000000c8d2800000)]
  0x0000021fcafe4000 JavaThread "Cache worker for Java compile cache (C:\Users\HP\.gradle\wrapper\dists\gradle-2.14.1-all\caches\7.0.2\javaCompile)" [_thread_blocked, id=9600, stack(0x000000c8d2d00000,0x000000c8d2e00000)]
  0x0000021fcb14a000 JavaThread "ForkJoinPool.commonPool-worker-3" daemon [_thread_blocked, id=8904, stack(0x000000c8d3200000,0x000000c8d3300000)]
  0x0000021fcb14d800 JavaThread "Daemon Thread 3" [_thread_blocked, id=5308, stack(0x000000c8cf000000,0x000000c8cf100000)]
  0x0000021fcb14e800 JavaThread "Handler for socket connection from /127.0.0.1:52102 to /127.0.0.1:55984" [_thread_in_native, id=9168, stack(0x000000c8cf100000,0x000000c8cf200000)]
  0x0000021fcb14c000 JavaThread "Cancel handler" [_thread_blocked, id=10092, stack(0x000000c8cf200000,0x000000c8cf300000)]
  0x0000021fcb14c800 JavaThread "Daemon worker Thread 3" [_thread_blocked, id=7280, stack(0x000000c8d0900000,0x000000c8d0a00000)]
  0x0000021fcb14f000 JavaThread "Asynchronous log dispatcher for DefaultDaemonConnection: socket connection from /127.0.0.1:52102 to /127.0.0.1:55984" [_thread_blocked, id=6564, stack(0x000000c8d0a00000,0x000000c8d0b00000)]
  0x0000021fcb14b000 JavaThread "Stdin handler" [_thread_blocked, id=5168, stack(0x000000c8d0b00000,0x000000c8d0c00000)]
  0x0000021fcb152800 JavaThread "Daemon client event forwarder" [_thread_blocked, id=1000, stack(0x000000c8d0c00000,0x000000c8d0d00000)]
  0x0000021fcb153000 JavaThread "Cache worker for file hash cache (C:\Users\HP\AndroidStudioProjects\QuizzerExtended\QuizzerClass\.gradle\7.0.2\fileHashes)" [_thread_blocked, id=6008, stack(0x000000c8d0d00000,0x000000c8d0e00000)]
  0x0000021fcb154000 JavaThread "Cache worker for checksums cache (C:\Users\HP\AndroidStudioProjects\QuizzerExtended\QuizzerClass\.gradle\checksums)" [_thread_blocked, id=2816, stack(0x000000c8d0e00000,0x000000c8d0f00000)]
  0x0000021fcb151800 JavaThread "Cache worker for cache directory md-supplier (C:\Users\HP\.gradle\wrapper\dists\gradle-2.14.1-all\caches\7.0.2\md-supplier)" [_thread_blocked, id=9260, stack(0x000000c8d0f00000,0x000000c8d1000000)]
  0x0000021fcb151000 JavaThread "Cache worker for cache directory md-rule (C:\Users\HP\.gradle\wrapper\dists\gradle-2.14.1-all\caches\7.0.2\md-rule)" [_thread_blocked, id=5644, stack(0x000000c8d1400000,0x000000c8d1500000)]
  0x0000021fcb155800 JavaThread "Cache worker for dependencies-accessors (C:\Users\HP\AndroidStudioProjects\QuizzerExtended\QuizzerClass\.gradle\7.0.2\dependencies-accessors)" [_thread_blocked, id=9064, stack(0x000000c8d1500000,0x000000c8d1600000)]
  0x0000021fcb155000 JavaThread "Cache worker for Build Output Cleanup Cache (C:\Users\HP\AndroidStudioProjects\QuizzerExtended\QuizzerClass\.gradle\buildOutputCleanup)" [_thread_blocked, id=1716, stack(0x000000c8d1800000,0x000000c8d1900000)]
  0x0000021fcb150000 JavaThread "Build operations" [_thread_blocked, id=9236, stack(0x000000c8d1a00000,0x000000c8d1b00000)]
  0x0000021fcb159000 JavaThread "Build operations Thread 2" [_thread_blocked, id=8240, stack(0x000000c8d1f00000,0x000000c8d2000000)]
  0x0000021fcb156800 JavaThread "Build operations Thread 3" [_thread_blocked, id=5412, stack(0x000000c8d2100000,0x000000c8d2200000)]
  0x0000021fcb157800 JavaThread "Build operations Thread 4" [_thread_blocked, id=1288, stack(0x000000c8d2200000,0x000000c8d2300000)]
  0x0000021fcb158000 JavaThread "build event listener" [_thread_blocked, id=8864, stack(0x000000c8d2300000,0x000000c8d2400000)]
=>0x0000021fcafde000 JavaThread "Execution worker for ':'" [_thread_in_Java, id=3760, stack(0x000000c8d2400000,0x000000c8d2500000)]
  0x0000021fcafe4800 JavaThread "Execution worker for ':' Thread 2" [_thread_blocked, id=1888, stack(0x000000c8d2500000,0x000000c8d2600000)]
  0x0000021fcafe3000 JavaThread "Execution worker for ':' Thread 3" [_thread_blocked, id=8528, stack(0x000000c8d2800000,0x000000c8d2900000)]
  0x0000021fcafdf800 JavaThread "Cache worker for execution history cache (C:\Users\HP\AndroidStudioProjects\QuizzerExtended\QuizzerClass\.gradle\7.0.2\executionHistory)" [_thread_blocked, id=10108, stack(0x000000c8d2900000,0x000000c8d2a00000)]
  0x0000021fcafdf000 JavaThread "Cache worker for Java compile cache (C:\Users\HP\AndroidStudioProjects\QuizzerExtended\QuizzerClass\.gradle\7.0.2\javaCompile)" [_thread_blocked, id=5960, stack(0x000000c8d2a00000,0x000000c8d2b00000)]
  0x0000021fcbb63800 JavaThread "C2 CompilerThread1" daemon [_thread_in_native, id=6596, stack(0x000000c8d1900000,0x000000c8d1a00000)]

Other Threads:
  0x0000021fc1171800 VMThread "VM Thread" [stack: 0x000000c8cf900000,0x000000c8cfa00000] [id=9536]
  0x0000021fc1ca4800 WatcherThread [stack: 0x000000c8d0300000,0x000000c8d0400000] [id=4804]
  0x0000021fa81b1000 GCTaskThread "GC Thread#0" [stack: 0x000000c8cf400000,0x000000c8cf500000] [id=4124]
  0x0000021fc21d8800 GCTaskThread "GC Thread#1" [stack: 0x000000c8d0500000,0x000000c8d0600000] [id=4496]
  0x0000021fc2530800 GCTaskThread "GC Thread#2" [stack: 0x000000c8d0600000,0x000000c8d0700000] [id=6708]
  0x0000021fc488e800 GCTaskThread "GC Thread#3" [stack: 0x000000c8d1000000,0x000000c8d1100000] [id=2780]
  0x0000021fa81d7000 ConcurrentGCThread "G1 Main Marker" [stack: 0x000000c8cf500000,0x000000c8cf600000] [id=8260]
  0x0000021fa81d9800 ConcurrentGCThread "G1 Conc#0" [stack: 0x000000c8cf600000,0x000000c8cf700000] [id=9676]
  0x0000021fa826c800 ConcurrentGCThread "G1 Refine#0" [stack: 0x000000c8cf700000,0x000000c8cf800000] [id=8872]
  0x0000021fa826d800 ConcurrentGCThread "G1 Young RemSet Sampling" [stack: 0x000000c8cf800000,0x000000c8cf900000] [id=8420]

Threads with active compile tasks:
C2 CompilerThread0 549137 17838       4       com.sun.tools.javac.jvm.ClassReader::setParameters (348 bytes)
C2 CompilerThread1 549137 17836       4       com.sun.tools.javac.jvm.ClassReader::sigToType (880 bytes)

VM state:not at safepoint (normal execution)

VM Mutex/Monitor currently owned by a thread: None

Heap address: 0x00000000a0000000, size: 1536 MB, Compressed Oops mode: 32-bit
Narrow klass base: 0x0000000000000000, Narrow klass shift: 3
Compressed class space size: 1073741824 Address: 0x0000000100000000

Heap:
 garbage-first heap   total 227328K, used 130081K [0x00000000a0000000, 0x0000000100000000)
  region size 1024K, 27 young (27648K), 7 survivors (7168K)
 Metaspace       used 110105K, capacity 113092K, committed 113276K, reserved 1146880K
  class space    used 14155K, capacity 15285K, committed 15360K, reserved 1048576K
Heap Regions: E=young(eden), S=young(survivor), O=old, HS=humongous(starts), HC=humongous(continues), CS=collection set, F=free, A=archive, TAMS=top-at-mark-start (previous, next)
|   0|0x00000000a0000000, 0x00000000a0100000, 0x00000000a0100000|100%|HS|  |TAMS 0x00000000a0100000, 0x00000000a0000000| Complete 
|   1|0x00000000a0100000, 0x00000000a0200000, 0x00000000a0200000|100%|HC|  |TAMS 0x00000000a0200000, 0x00000000a0100000| Complete 
|   2|0x00000000a0200000, 0x00000000a0300000, 0x00000000a0300000|100%|HC|  |TAMS 0x00000000a0300000, 0x00000000a0200000| Complete 
|   3|0x00000000a0300000, 0x00000000a0400000, 0x00000000a0400000|100%| O|  |TAMS 0x00000000a0400000, 0x00000000a0300000| Complete 
|   4|0x00000000a0400000, 0x00000000a0500000, 0x00000000a0500000|100%| O|  |TAMS 0x00000000a0500000, 0x00000000a0400000| Untracked 
|   5|0x00000000a0500000, 0x00000000a0600000, 0x00000000a0600000|100%| O|  |TAMS 0x00000000a0600000, 0x00000000a0500000| Untracked 
|   6|0x00000000a0600000, 0x00000000a0700000, 0x00000000a0700000|100%| O|  |TAMS 0x00000000a0700000, 0x00000000a0600000| Untracked 
|   7|0x00000000a0700000, 0x00000000a0800000, 0x00000000a0800000|100%| O|  |TAMS 0x00000000a0800000, 0x00000000a0700000| Complete 
|   8|0x00000000a0800000, 0x00000000a0900000, 0x00000000a0900000|100%| O|  |TAMS 0x00000000a0900000, 0x00000000a0800000| Untracked 
|   9|0x00000000a0900000, 0x00000000a0a00000, 0x00000000a0a00000|100%| O|  |TAMS 0x00000000a0a00000, 0x00000000a0900000| Untracked 
|  10|0x00000000a0a00000, 0x00000000a0b00000, 0x00000000a0b00000|100%| O|  |TAMS 0x00000000a0b00000, 0x00000000a0a00000| Untracked 
|  11|0x00000000a0b00000, 0x00000000a0c00000, 0x00000000a0c00000|100%| O|  |TAMS 0x00000000a0c00000, 0x00000000a0b00000| Complete 
|  12|0x00000000a0c00000, 0x00000000a0d00000, 0x00000000a0d00000|100%| O|  |TAMS 0x00000000a0d00000, 0x00000000a0c00000| Untracked 
|  13|0x00000000a0d00000, 0x00000000a0e00000, 0x00000000a0e00000|100%| O|  |TAMS 0x00000000a0e00000, 0x00000000a0d00000| Untracked 
|  14|0x00000000a0e00000, 0x00000000a0f00000, 0x00000000a0f00000|100%| O|  |TAMS 0x00000000a0f00000, 0x00000000a0e00000| Untracked 
|  15|0x00000000a0f00000, 0x00000000a1000000, 0x00000000a1000000|100%| O|  |TAMS 0x00000000a1000000, 0x00000000a0f00000| Untracked 
|  16|0x00000000a1000000, 0x00000000a1100000, 0x00000000a1100000|100%| O|  |TAMS 0x00000000a1100000, 0x00000000a1000000| Untracked 
|  17|0x00000000a1100000, 0x00000000a1200000, 0x00000000a1200000|100%| O|  |TAMS 0x00000000a1200000, 0x00000000a1100000| Untracked 
|  18|0x00000000a1200000, 0x00000000a1300000, 0x00000000a1300000|100%| O|  |TAMS 0x00000000a1300000, 0x00000000a1200000| Complete 
|  19|0x00000000a1300000, 0x00000000a1400000, 0x00000000a1400000|100%|HS|  |TAMS 0x00000000a1400000, 0x00000000a1300000| Complete 
|  20|0x00000000a1400000, 0x00000000a1500000, 0x00000000a1500000|100%| O|  |TAMS 0x00000000a1500000, 0x00000000a1400000| Untracked 
|  21|0x00000000a1500000, 0x00000000a1600000, 0x00000000a1600000|100%| O|  |TAMS 0x00000000a1600000, 0x00000000a1500000| Complete 
|  22|0x00000000a1600000, 0x00000000a1700000, 0x00000000a1700000|100%| O|  |TAMS 0x00000000a1700000, 0x00000000a1600000| Complete 
|  23|0x00000000a1700000, 0x00000000a1800000, 0x00000000a1800000|100%|HS|  |TAMS 0x00000000a1800000, 0x00000000a1700000| Complete 
|  24|0x00000000a1800000, 0x00000000a1900000, 0x00000000a1900000|100%|HS|  |TAMS 0x00000000a1900000, 0x00000000a1800000| Complete 
|  25|0x00000000a1900000, 0x00000000a1a00000, 0x00000000a1a00000|100%|HC|  |TAMS 0x00000000a1a00000, 0x00000000a1900000| Complete 
|  26|0x00000000a1a00000, 0x00000000a1b00000, 0x00000000a1b00000|100%| O|  |TAMS 0x00000000a1b00000, 0x00000000a1a00000| Untracked 
|  27|0x00000000a1b00000, 0x00000000a1c00000, 0x00000000a1c00000|100%| O|  |TAMS 0x00000000a1c00000, 0x00000000a1b00000| Untracked 
|  28|0x00000000a1c00000, 0x00000000a1d00000, 0x00000000a1d00000|100%| O|  |TAMS 0x00000000a1d00000, 0x00000000a1c00000| Untracked 
|  29|0x00000000a1d00000, 0x00000000a1e00000, 0x00000000a1e00000|100%| O|  |TAMS 0x00000000a1e00000, 0x00000000a1d00000| Untracked 
|  30|0x00000000a1e00000, 0x00000000a1f00000, 0x00000000a1f00000|100%| O|  |TAMS 0x00000000a1f00000, 0x00000000a1e00000| Complete 
|  31|0x00000000a1f00000, 0x00000000a2000000, 0x00000000a2000000|100%| O|  |TAMS 0x00000000a2000000, 0x00000000a1f00000| Untracked 
|  32|0x00000000a2000000, 0x00000000a2100000, 0x00000000a2100000|100%| O|  |TAMS 0x00000000a2100000, 0x00000000a2000000| Untracked 
|  33|0x00000000a2100000, 0x00000000a2200000, 0x00000000a2200000|100%| O|  |TAMS 0x00000000a2200000, 0x00000000a2100000| Untracked 
|  34|0x00000000a2200000, 0x00000000a2300000, 0x00000000a2300000|100%| O|  |TAMS 0x00000000a2300000, 0x00000000a2200000| Untracked 
|  35|0x00000000a2300000, 0x00000000a2400000, 0x00000000a2400000|100%| O|  |TAMS 0x00000000a2400000, 0x00000000a2300000| Untracked 
|  36|0x00000000a2400000, 0x00000000a2500000, 0x00000000a2500000|100%| O|  |TAMS 0x00000000a2500000, 0x00000000a2400000| Untracked 
|  37|0x00000000a2500000, 0x00000000a2600000, 0x00000000a2600000|100%| O|  |TAMS 0x00000000a2600000, 0x00000000a2500000| Untracked 
|  38|0x00000000a2600000, 0x00000000a2700000, 0x00000000a2700000|100%| O|  |TAMS 0x00000000a2700000, 0x00000000a2600000| Untracked 
|  39|0x00000000a2700000, 0x00000000a2800000, 0x00000000a2800000|100%| O|  |TAMS 0x00000000a2800000, 0x00000000a2700000| Untracked 
|  40|0x00000000a2800000, 0x00000000a2900000, 0x00000000a2900000|100%| O|  |TAMS 0x00000000a2900000, 0x00000000a2800000| Complete 
|  41|0x00000000a2900000, 0x00000000a2900000, 0x00000000a2a00000|  0%| F|  |TAMS 0x00000000a2900000, 0x00000000a2900000| Untracked 
|  42|0x00000000a2a00000, 0x00000000a2b00000, 0x00000000a2b00000|100%| O|  |TAMS 0x00000000a2b00000, 0x00000000a2a00000| Complete 
|  43|0x00000000a2b00000, 0x00000000a2c00000, 0x00000000a2c00000|100%| O|  |TAMS 0x00000000a2c00000, 0x00000000a2b00000| Untracked 
|  44|0x00000000a2c00000, 0x00000000a2d00000, 0x00000000a2d00000|100%| O|  |TAMS 0x00000000a2d00000, 0x00000000a2c00000| Untracked 
|  45|0x00000000a2d00000, 0x00000000a2e00000, 0x00000000a2e00000|100%| O|  |TAMS 0x00000000a2e00000, 0x00000000a2d00000| Complete 
|  46|0x00000000a2e00000, 0x00000000a2f00000, 0x00000000a2f00000|100%| O|  |TAMS 0x00000000a2f00000, 0x00000000a2e00000| Untracked 
|  47|0x00000000a2f00000, 0x00000000a3000000, 0x00000000a3000000|100%| O|  |TAMS 0x00000000a3000000, 0x00000000a2f00000| Untracked 
|  48|0x00000000a3000000, 0x00000000a3100000, 0x00000000a3100000|100%| O|  |TAMS 0x00000000a3100000, 0x00000000a3000000| Untracked 
|  49|0x00000000a3100000, 0x00000000a3200000, 0x00000000a3200000|100%| O|  |TAMS 0x00000000a3200000, 0x00000000a3100000| Complete 
|  50|0x00000000a3200000, 0x00000000a3300000, 0x00000000a3300000|100%| O|  |TAMS 0x00000000a3300000, 0x00000000a3200000| Complete 
|  51|0x00000000a3300000, 0x00000000a3400000, 0x00000000a3400000|100%| O|  |TAMS 0x00000000a3400000, 0x00000000a3300000| Untracked 
|  52|0x00000000a3400000, 0x00000000a3500000, 0x00000000a3500000|100%| O|  |TAMS 0x00000000a3500000, 0x00000000a3400000| Untracked 
|  53|0x00000000a3500000, 0x00000000a3600000, 0x00000000a3600000|100%| O|  |TAMS 0x00000000a3600000, 0x00000000a3500000| Complete 
|  54|0x00000000a3600000, 0x00000000a3700000, 0x00000000a3700000|100%| O|  |TAMS 0x00000000a3700000, 0x00000000a3600000| Untracked 
|  55|0x00000000a3700000, 0x00000000a3800000, 0x00000000a3800000|100%| O|  |TAMS 0x00000000a3800000, 0x00000000a3700000| Complete 
|  56|0x00000000a3800000, 0x00000000a3900000, 0x00000000a3900000|100%| O|  |TAMS 0x00000000a3900000, 0x00000000a3800000| Complete 
|  57|0x00000000a3900000, 0x00000000a3a00000, 0x00000000a3a00000|100%| O|  |TAMS 0x00000000a3a00000, 0x00000000a3900000| Complete 
|  58|0x00000000a3a00000, 0x00000000a3b00000, 0x00000000a3b00000|100%| O|  |TAMS 0x00000000a3b00000, 0x00000000a3a00000| Complete 
|  59|0x00000000a3b00000, 0x00000000a3c00000, 0x00000000a3c00000|100%| O|  |TAMS 0x00000000a3c00000, 0x00000000a3b00000| Untracked 
|  60|0x00000000a3c00000, 0x00000000a3d00000, 0x00000000a3d00000|100%| O|  |TAMS 0x00000000a3d00000, 0x00000000a3c00000| Complete 
|  61|0x00000000a3d00000, 0x00000000a3e00000, 0x00000000a3e00000|100%| O|  |TAMS 0x00000000a3e00000, 0x00000000a3d00000| Complete 
|  62|0x00000000a3e00000, 0x00000000a3f00000, 0x00000000a3f00000|100%| O|  |TAMS 0x00000000a3f00000, 0x00000000a3e00000| Complete 
|  63|0x00000000a3f00000, 0x00000000a3f00000, 0x00000000a4000000|  0%| F|  |TAMS 0x00000000a3f00000, 0x00000000a3f00000| Untracked 
|  64|0x00000000a4000000, 0x00000000a4100000, 0x00000000a4100000|100%| O|  |TAMS 0x00000000a4100000, 0x00000000a4000000| Complete 
|  65|0x00000000a4100000, 0x00000000a4200000, 0x00000000a4200000|100%| O|  |TAMS 0x00000000a4200000, 0x00000000a4100000| Complete 
|  66|0x00000000a4200000, 0x00000000a4300000, 0x00000000a4300000|100%| O|  |TAMS 0x00000000a4300000, 0x00000000a4200000| Complete 
|  67|0x00000000a4300000, 0x00000000a4400000, 0x00000000a4400000|100%| O|  |TAMS 0x00000000a4400000, 0x00000000a4300000| Untracked 
|  68|0x00000000a4400000, 0x00000000a4500000, 0x00000000a4500000|100%| O|  |TAMS 0x00000000a4500000, 0x00000000a4400000| Untracked 
|  69|0x00000000a4500000, 0x00000000a4600000, 0x00000000a4600000|100%| O|  |TAMS 0x00000000a4600000, 0x00000000a4500000| Complete 
|  70|0x00000000a4600000, 0x00000000a4700000, 0x00000000a4700000|100%| O|  |TAMS 0x00000000a4700000, 0x00000000a4600000| Complete 
|  71|0x00000000a4700000, 0x00000000a4700000, 0x00000000a4800000|  0%| F|  |TAMS 0x00000000a4700000, 0x00000000a4700000| Untracked 
|  72|0x00000000a4800000, 0x00000000a4900000, 0x00000000a4900000|100%| O|  |TAMS 0x00000000a4900000, 0x00000000a4800000| Untracked 
|  73|0x00000000a4900000, 0x00000000a4a00000, 0x00000000a4a00000|100%| O|  |TAMS 0x00000000a4a00000, 0x00000000a4900000| Complete 
|  74|0x00000000a4a00000, 0x00000000a4b00000, 0x00000000a4b00000|100%| O|  |TAMS 0x00000000a4b00000, 0x00000000a4a00000| Untracked 
|  75|0x00000000a4b00000, 0x00000000a4c00000, 0x00000000a4c00000|100%| O|  |TAMS 0x00000000a4c00000, 0x00000000a4b00000| Complete 
|  76|0x00000000a4c00000, 0x00000000a4d00000, 0x00000000a4d00000|100%|HS|  |TAMS 0x00000000a4c00000, 0x00000000a4c00000| Complete 
|  77|0x00000000a4d00000, 0x00000000a4e00000, 0x00000000a4e00000|100%|HC|  |TAMS 0x00000000a4d00000, 0x00000000a4d00000| Complete 
|  78|0x00000000a4e00000, 0x00000000a4f00000, 0x00000000a4f00000|100%| O|  |TAMS 0x00000000a4f00000, 0x00000000a4e00000| Untracked 
|  79|0x00000000a4f00000, 0x00000000a4f00000, 0x00000000a5000000|  0%| F|  |TAMS 0x00000000a4f00000, 0x00000000a4f00000| Untracked 
|  80|0x00000000a5000000, 0x00000000a5100000, 0x00000000a5100000|100%| O|  |TAMS 0x00000000a5100000, 0x00000000a5000000| Complete 
|  81|0x00000000a5100000, 0x00000000a5200000, 0x00000000a5200000|100%| O|  |TAMS 0x00000000a5200000, 0x00000000a5100000| Complete 
|  82|0x00000000a5200000, 0x00000000a5200000, 0x00000000a5300000|  0%| F|  |TAMS 0x00000000a5200000, 0x00000000a5200000| Untracked 
|  83|0x00000000a5300000, 0x00000000a5400000, 0x00000000a5400000|100%| O|  |TAMS 0x00000000a5400000, 0x00000000a5300000| Complete 
|  84|0x00000000a5400000, 0x00000000a5500000, 0x00000000a5500000|100%| O|  |TAMS 0x00000000a5500000, 0x00000000a5400000| Complete 
|  85|0x00000000a5500000, 0x00000000a5600000, 0x00000000a5600000|100%| O|  |TAMS 0x00000000a5600000, 0x00000000a5500000| Complete 
|  86|0x00000000a5600000, 0x00000000a5600000, 0x00000000a5700000|  0%| F|  |TAMS 0x00000000a5600000, 0x00000000a5600000| Untracked 
|  87|0x00000000a5700000, 0x00000000a5700000, 0x00000000a5800000|  0%| F|  |TAMS 0x00000000a5700000, 0x00000000a5700000| Untracked 
|  88|0x00000000a5800000, 0x00000000a5800000, 0x00000000a5900000|  0%| F|  |TAMS 0x00000000a5800000, 0x00000000a5800000| Untracked 
|  89|0x00000000a5900000, 0x00000000a5a00000, 0x00000000a5a00000|100%| O|  |TAMS 0x00000000a5a00000, 0x00000000a5900000| Untracked 
|  90|0x00000000a5a00000, 0x00000000a5a00000, 0x00000000a5b00000|  0%| F|  |TAMS 0x00000000a5a00000, 0x00000000a5a00000| Untracked 
|  91|0x00000000a5b00000, 0x00000000a5c00000, 0x00000000a5c00000|100%| O|  |TAMS 0x00000000a5c00000, 0x00000000a5b00000| Complete 
|  92|0x00000000a5c00000, 0x00000000a5d00000, 0x00000000a5d00000|100%| O|  |TAMS 0x00000000a5d00000, 0x00000000a5c00000| Untracked 
|  93|0x00000000a5d00000, 0x00000000a5e00000, 0x00000000a5e00000|100%| O|  |TAMS 0x00000000a5e00000, 0x00000000a5d00000| Untracked 
|  94|0x00000000a5e00000, 0x00000000a5e27000, 0x00000000a5f00000| 15%| O|  |TAMS 0x00000000a5e27000, 0x00000000a5e00000| Untracked 
|  95|0x00000000a5f00000, 0x00000000a6000000, 0x00000000a6000000|100%| O|  |TAMS 0x00000000a6000000, 0x00000000a5f00000| Complete 
|  96|0x00000000a6000000, 0x00000000a6100000, 0x00000000a6100000|100%| O|  |TAMS 0x00000000a6100000, 0x00000000a6000000| Untracked 
|  97|0x00000000a6100000, 0x00000000a6200000, 0x00000000a6200000|100%| O|  |TAMS 0x00000000a6200000, 0x00000000a6100000| Untracked 
|  98|0x00000000a6200000, 0x00000000a6300000, 0x00000000a6300000|100%| O|  |TAMS 0x00000000a6300000, 0x00000000a6200000| Complete 
|  99|0x00000000a6300000, 0x00000000a6400000, 0x00000000a6400000|100%| O|  |TAMS 0x00000000a6400000, 0x00000000a6300000| Untracked 
| 100|0x00000000a6400000, 0x00000000a6500000, 0x00000000a6500000|100%| O|  |TAMS 0x00000000a6500000, 0x00000000a6400000| Untracked 
| 101|0x00000000a6500000, 0x00000000a6600000, 0x00000000a6600000|100%| O|  |TAMS 0x00000000a6600000, 0x00000000a6500000| Untracked 
| 102|0x00000000a6600000, 0x00000000a6700000, 0x00000000a6700000|100%| O|  |TAMS 0x00000000a6700000, 0x00000000a6600000| Untracked 
| 103|0x00000000a6700000, 0x00000000a6800000, 0x00000000a6800000|100%| O|  |TAMS 0x00000000a6800000, 0x00000000a6700000| Untracked 
| 104|0x00000000a6800000, 0x00000000a6900000, 0x00000000a6900000|100%| O|  |TAMS 0x00000000a6900000, 0x00000000a6800000| Untracked 
| 105|0x00000000a6900000, 0x00000000a6a00000, 0x00000000a6a00000|100%| O|  |TAMS 0x00000000a6a00000, 0x00000000a6900000| Untracked 
| 106|0x00000000a6a00000, 0x00000000a6b00000, 0x00000000a6b00000|100%| O|  |TAMS 0x00000000a6b00000, 0x00000000a6a00000| Untracked 
| 107|0x00000000a6b00000, 0x00000000a6c00000, 0x00000000a6c00000|100%| O|  |TAMS 0x00000000a6c00000, 0x00000000a6b00000| Untracked 
| 108|0x00000000a6c00000, 0x00000000a6d00000, 0x00000000a6d00000|100%| O|  |TAMS 0x00000000a6d00000, 0x00000000a6c00000| Complete 
| 109|0x00000000a6d00000, 0x00000000a6e00000, 0x00000000a6e00000|100%| O|  |TAMS 0x00000000a6e00000, 0x00000000a6d00000| Complete 
| 110|0x00000000a6e00000, 0x00000000a6e00000, 0x00000000a6f00000|  0%| F|  |TAMS 0x00000000a6e00000, 0x00000000a6e00000| Untracked 
| 111|0x00000000a6f00000, 0x00000000a6f00000, 0x00000000a7000000|  0%| F|  |TAMS 0x00000000a6f00000, 0x00000000a6f00000| Untracked 
| 112|0x00000000a7000000, 0x00000000a7000000, 0x00000000a7100000|  0%| F|  |TAMS 0x00000000a7000000, 0x00000000a7000000| Untracked 
| 113|0x00000000a7100000, 0x00000000a7100000, 0x00000000a7200000|  0%| F|  |TAMS 0x00000000a7100000, 0x00000000a7100000| Untracked 
| 114|0x00000000a7200000, 0x00000000a7200000, 0x00000000a7300000|  0%| F|  |TAMS 0x00000000a7200000, 0x00000000a7200000| Untracked 
| 115|0x00000000a7300000, 0x00000000a7300000, 0x00000000a7400000|  0%| F|  |TAMS 0x00000000a7300000, 0x00000000a7300000| Untracked 
| 116|0x00000000a7400000, 0x00000000a7400000, 0x00000000a7500000|  0%| F|  |TAMS 0x00000000a7400000, 0x00000000a7400000| Untracked 
| 117|0x00000000a7500000, 0x00000000a7500000, 0x00000000a7600000|  0%| F|  |TAMS 0x00000000a7500000, 0x00000000a7500000| Untracked 
| 118|0x00000000a7600000, 0x00000000a7600000, 0x00000000a7700000|  0%| F|  |TAMS 0x00000000a7600000, 0x00000000a7600000| Untracked 
| 119|0x00000000a7700000, 0x00000000a7700000, 0x00000000a7800000|  0%| F|  |TAMS 0x00000000a7700000, 0x00000000a7700000| Untracked 
| 120|0x00000000a7800000, 0x00000000a7800000, 0x00000000a7900000|  0%| F|  |TAMS 0x00000000a7800000, 0x00000000a7800000| Untracked 
| 121|0x00000000a7900000, 0x00000000a7a00000, 0x00000000a7a00000|100%| O|  |TAMS 0x00000000a7a00000, 0x00000000a7900000| Complete 
| 122|0x00000000a7a00000, 0x00000000a7a00000, 0x00000000a7b00000|  0%| F|  |TAMS 0x00000000a7a00000, 0x00000000a7a00000| Untracked 
| 123|0x00000000a7b00000, 0x00000000a7b00000, 0x00000000a7c00000|  0%| F|  |TAMS 0x00000000a7b00000, 0x00000000a7b00000| Untracked 
| 124|0x00000000a7c00000, 0x00000000a7c00000, 0x00000000a7d00000|  0%| F|  |TAMS 0x00000000a7c00000, 0x00000000a7c00000| Untracked 
| 125|0x00000000a7d00000, 0x00000000a7d00000, 0x00000000a7e00000|  0%| F|  |TAMS 0x00000000a7d00000, 0x00000000a7d00000| Untracked 
| 126|0x00000000a7e00000, 0x00000000a7e00000, 0x00000000a7f00000|  0%| F|  |TAMS 0x00000000a7e00000, 0x00000000a7e00000| Untracked 
| 127|0x00000000a7f00000, 0x00000000a7f00000, 0x00000000a8000000|  0%| F|  |TAMS 0x00000000a7f00000, 0x00000000a7f00000| Untracked 
| 128|0x00000000a8000000, 0x00000000a8000000, 0x00000000a8100000|  0%| F|  |TAMS 0x00000000a8000000, 0x00000000a8000000| Untracked 
| 129|0x00000000a8100000, 0x00000000a8100000, 0x00000000a8200000|  0%| F|  |TAMS 0x00000000a8100000, 0x00000000a8100000| Untracked 
| 130|0x00000000a8200000, 0x00000000a8200000, 0x00000000a8300000|  0%| F|  |TAMS 0x00000000a8200000, 0x00000000a8200000| Untracked 
| 131|0x00000000a8300000, 0x00000000a8300000, 0x00000000a8400000|  0%| F|  |TAMS 0x00000000a8300000, 0x00000000a8300000| Untracked 
| 132|0x00000000a8400000, 0x00000000a8400000, 0x00000000a8500000|  0%| F|  |TAMS 0x00000000a8400000, 0x00000000a8400000| Untracked 
| 133|0x00000000a8500000, 0x00000000a8500000, 0x00000000a8600000|  0%| F|  |TAMS 0x00000000a8500000, 0x00000000a8500000| Untracked 
| 134|0x00000000a8600000, 0x00000000a8600000, 0x00000000a8700000|  0%| F|  |TAMS 0x00000000a8600000, 0x00000000a8600000| Untracked 
| 135|0x00000000a8700000, 0x00000000a8700000, 0x00000000a8800000|  0%| F|  |TAMS 0x00000000a8700000, 0x00000000a8700000| Untracked 
| 136|0x00000000a8800000, 0x00000000a8800000, 0x00000000a8900000|  0%| F|  |TAMS 0x00000000a8800000, 0x00000000a8800000| Untracked 
| 137|0x00000000a8900000, 0x00000000a8900000, 0x00000000a8a00000|  0%| F|  |TAMS 0x00000000a8900000, 0x00000000a8900000| Untracked 
| 138|0x00000000a8a00000, 0x00000000a8a00000, 0x00000000a8b00000|  0%| F|  |TAMS 0x00000000a8a00000, 0x00000000a8a00000| Untracked 
| 139|0x00000000a8b00000, 0x00000000a8b00000, 0x00000000a8c00000|  0%| F|  |TAMS 0x00000000a8b00000, 0x00000000a8b00000| Untracked 
| 140|0x00000000a8c00000, 0x00000000a8c00000, 0x00000000a8d00000|  0%| F|  |TAMS 0x00000000a8c00000, 0x00000000a8c00000| Untracked 
| 141|0x00000000a8d00000, 0x00000000a8d00000, 0x00000000a8e00000|  0%| F|  |TAMS 0x00000000a8d00000, 0x00000000a8d00000| Untracked 
| 142|0x00000000a8e00000, 0x00000000a8e00000, 0x00000000a8f00000|  0%| F|  |TAMS 0x00000000a8e00000, 0x00000000a8e00000| Untracked 
| 143|0x00000000a8f00000, 0x00000000a8f00000, 0x00000000a9000000|  0%| F|  |TAMS 0x00000000a8f00000, 0x00000000a8f00000| Untracked 
| 144|0x00000000a9000000, 0x00000000a9000000, 0x00000000a9100000|  0%| F|  |TAMS 0x00000000a9000000, 0x00000000a9000000| Untracked 
| 145|0x00000000a9100000, 0x00000000a9100000, 0x00000000a9200000|  0%| F|  |TAMS 0x00000000a9100000, 0x00000000a9100000| Untracked 
| 146|0x00000000a9200000, 0x00000000a92e17d8, 0x00000000a9300000| 88%| S|CS|TAMS 0x00000000a9200000, 0x00000000a9200000| Complete 
| 147|0x00000000a9300000, 0x00000000a9400000, 0x00000000a9400000|100%| S|CS|TAMS 0x00000000a9300000, 0x00000000a9300000| Complete 
| 148|0x00000000a9400000, 0x00000000a9500000, 0x00000000a9500000|100%| S|CS|TAMS 0x00000000a9400000, 0x00000000a9400000| Complete 
| 149|0x00000000a9500000, 0x00000000a9600000, 0x00000000a9600000|100%| S|CS|TAMS 0x00000000a9500000, 0x00000000a9500000| Complete 
| 150|0x00000000a9600000, 0x00000000a9700000, 0x00000000a9700000|100%| S|CS|TAMS 0x00000000a9600000, 0x00000000a9600000| Complete 
| 151|0x00000000a9700000, 0x00000000a9800000, 0x00000000a9800000|100%| S|CS|TAMS 0x00000000a9700000, 0x00000000a9700000| Complete 
| 152|0x00000000a9800000, 0x00000000a9900000, 0x00000000a9900000|100%| S|CS|TAMS 0x00000000a9800000, 0x00000000a9800000| Complete 
| 153|0x00000000a9900000, 0x00000000a9900000, 0x00000000a9a00000|  0%| F|  |TAMS 0x00000000a9900000, 0x00000000a9900000| Untracked 
| 154|0x00000000a9a00000, 0x00000000a9a00000, 0x00000000a9b00000|  0%| F|  |TAMS 0x00000000a9a00000, 0x00000000a9a00000| Untracked 
| 155|0x00000000a9b00000, 0x00000000a9b00000, 0x00000000a9c00000|  0%| F|  |TAMS 0x00000000a9b00000, 0x00000000a9b00000| Untracked 
| 156|0x00000000a9c00000, 0x00000000a9c00000, 0x00000000a9d00000|  0%| F|  |TAMS 0x00000000a9c00000, 0x00000000a9c00000| Untracked 
| 157|0x00000000a9d00000, 0x00000000a9d00000, 0x00000000a9e00000|  0%| F|  |TAMS 0x00000000a9d00000, 0x00000000a9d00000| Untracked 
| 158|0x00000000a9e00000, 0x00000000a9e00000, 0x00000000a9f00000|  0%| F|  |TAMS 0x00000000a9e00000, 0x00000000a9e00000| Untracked 
| 159|0x00000000a9f00000, 0x00000000a9f00000, 0x00000000aa000000|  0%| F|  |TAMS 0x00000000a9f00000, 0x00000000a9f00000| Untracked 
| 160|0x00000000aa000000, 0x00000000aa000000, 0x00000000aa100000|  0%| F|  |TAMS 0x00000000aa000000, 0x00000000aa000000| Untracked 
| 161|0x00000000aa100000, 0x00000000aa100000, 0x00000000aa200000|  0%| F|  |TAMS 0x00000000aa100000, 0x00000000aa100000| Untracked 
| 162|0x00000000aa200000, 0x00000000aa200000, 0x00000000aa300000|  0%| F|  |TAMS 0x00000000aa200000, 0x00000000aa200000| Untracked 
| 163|0x00000000aa300000, 0x00000000aa300000, 0x00000000aa400000|  0%| F|  |TAMS 0x00000000aa300000, 0x00000000aa300000| Untracked 
| 164|0x00000000aa400000, 0x00000000aa400000, 0x00000000aa500000|  0%| F|  |TAMS 0x00000000aa400000, 0x00000000aa400000| Untracked 
| 165|0x00000000aa500000, 0x00000000aa500000, 0x00000000aa600000|  0%| F|  |TAMS 0x00000000aa500000, 0x00000000aa500000| Untracked 
| 166|0x00000000aa600000, 0x00000000aa600000, 0x00000000aa700000|  0%| F|  |TAMS 0x00000000aa600000, 0x00000000aa600000| Untracked 
| 167|0x00000000aa700000, 0x00000000aa700000, 0x00000000aa800000|  0%| F|  |TAMS 0x00000000aa700000, 0x00000000aa700000| Untracked 
| 168|0x00000000aa800000, 0x00000000aa800000, 0x00000000aa900000|  0%| F|  |TAMS 0x00000000aa800000, 0x00000000aa800000| Untracked 
| 169|0x00000000aa900000, 0x00000000aa900000, 0x00000000aaa00000|  0%| F|  |TAMS 0x00000000aa900000, 0x00000000aa900000| Untracked 
| 170|0x00000000aaa00000, 0x00000000aaa00000, 0x00000000aab00000|  0%| F|  |TAMS 0x00000000aaa00000, 0x00000000aaa00000| Untracked 
| 171|0x00000000aab00000, 0x00000000aab00000, 0x00000000aac00000|  0%| F|  |TAMS 0x00000000aab00000, 0x00000000aab00000| Untracked 
| 172|0x00000000aac00000, 0x00000000aac00000, 0x00000000aad00000|  0%| F|  |TAMS 0x00000000aac00000, 0x00000000aac00000| Untracked 
| 173|0x00000000aad00000, 0x00000000aad00000, 0x00000000aae00000|  0%| F|  |TAMS 0x00000000aad00000, 0x00000000aad00000| Untracked 
| 174|0x00000000aae00000, 0x00000000aae00000, 0x00000000aaf00000|  0%| F|  |TAMS 0x00000000aae00000, 0x00000000aae00000| Untracked 
| 175|0x00000000aaf00000, 0x00000000aaf00000, 0x00000000ab000000|  0%| F|  |TAMS 0x00000000aaf00000, 0x00000000aaf00000| Untracked 
| 176|0x00000000ab000000, 0x00000000ab000000, 0x00000000ab100000|  0%| F|  |TAMS 0x00000000ab000000, 0x00000000ab000000| Untracked 
| 177|0x00000000ab100000, 0x00000000ab100000, 0x00000000ab200000|  0%| F|  |TAMS 0x00000000ab100000, 0x00000000ab100000| Untracked 
| 178|0x00000000ab200000, 0x00000000ab200000, 0x00000000ab300000|  0%| F|  |TAMS 0x00000000ab200000, 0x00000000ab200000| Untracked 
| 179|0x00000000ab300000, 0x00000000ab300000, 0x00000000ab400000|  0%| F|  |TAMS 0x00000000ab300000, 0x00000000ab300000| Untracked 
| 180|0x00000000ab400000, 0x00000000ab400000, 0x00000000ab500000|  0%| F|  |TAMS 0x00000000ab400000, 0x00000000ab400000| Untracked 
| 181|0x00000000ab500000, 0x00000000ab500000, 0x00000000ab600000|  0%| F|  |TAMS 0x00000000ab500000, 0x00000000ab500000| Untracked 
| 182|0x00000000ab600000, 0x00000000ab600000, 0x00000000ab700000|  0%| F|  |TAMS 0x00000000ab600000, 0x00000000ab600000| Untracked 
| 183|0x00000000ab700000, 0x00000000ab700000, 0x00000000ab800000|  0%| F|  |TAMS 0x00000000ab700000, 0x00000000ab700000| Untracked 
| 184|0x00000000ab800000, 0x00000000ab800000, 0x00000000ab900000|  0%| F|  |TAMS 0x00000000ab800000, 0x00000000ab800000| Untracked 
| 185|0x00000000ab900000, 0x00000000ab900000, 0x00000000aba00000|  0%| F|  |TAMS 0x00000000ab900000, 0x00000000ab900000| Untracked 
| 186|0x00000000aba00000, 0x00000000aba00000, 0x00000000abb00000|  0%| F|  |TAMS 0x00000000aba00000, 0x00000000aba00000| Untracked 
| 187|0x00000000abb00000, 0x00000000abb00000, 0x00000000abc00000|  0%| F|  |TAMS 0x00000000abb00000, 0x00000000abb00000| Untracked 
| 188|0x00000000abc00000, 0x00000000abc00000, 0x00000000abd00000|  0%| F|  |TAMS 0x00000000abc00000, 0x00000000abc00000| Untracked 
| 189|0x00000000abd00000, 0x00000000abd00000, 0x00000000abe00000|  0%| F|  |TAMS 0x00000000abd00000, 0x00000000abd00000| Untracked 
| 190|0x00000000abe00000, 0x00000000abe00000, 0x00000000abf00000|  0%| F|  |TAMS 0x00000000abe00000, 0x00000000abe00000| Untracked 
| 191|0x00000000abf00000, 0x00000000abf00000, 0x00000000ac000000|  0%| F|  |TAMS 0x00000000abf00000, 0x00000000abf00000| Untracked 
| 192|0x00000000ac000000, 0x00000000ac000000, 0x00000000ac100000|  0%| F|  |TAMS 0x00000000ac000000, 0x00000000ac000000| Untracked 
| 193|0x00000000ac100000, 0x00000000ac100000, 0x00000000ac200000|  0%| F|  |TAMS 0x00000000ac100000, 0x00000000ac100000| Untracked 
| 194|0x00000000ac200000, 0x00000000ac200000, 0x00000000ac300000|  0%| F|  |TAMS 0x00000000ac200000, 0x00000000ac200000| Untracked 
| 195|0x00000000ac300000, 0x00000000ac300000, 0x00000000ac400000|  0%| F|  |TAMS 0x00000000ac300000, 0x00000000ac300000| Untracked 
| 196|0x00000000ac400000, 0x00000000ac400000, 0x00000000ac500000|  0%| F|  |TAMS 0x00000000ac400000, 0x00000000ac400000| Untracked 
| 197|0x00000000ac500000, 0x00000000ac500000, 0x00000000ac600000|  0%| F|  |TAMS 0x00000000ac500000, 0x00000000ac500000| Untracked 
| 198|0x00000000ac600000, 0x00000000ac600000, 0x00000000ac700000|  0%| F|  |TAMS 0x00000000ac600000, 0x00000000ac600000| Untracked 
| 199|0x00000000ac700000, 0x00000000ac700000, 0x00000000ac800000|  0%| F|  |TAMS 0x00000000ac700000, 0x00000000ac700000| Untracked 
| 200|0x00000000ac800000, 0x00000000ac800000, 0x00000000ac900000|  0%| F|  |TAMS 0x00000000ac800000, 0x00000000ac800000| Untracked 
| 201|0x00000000ac900000, 0x00000000ac900000, 0x00000000aca00000|  0%| F|  |TAMS 0x00000000ac900000, 0x00000000ac900000| Untracked 
| 202|0x00000000aca00000, 0x00000000acad7720, 0x00000000acb00000| 84%| E|  |TAMS 0x00000000aca00000, 0x00000000aca00000| Complete 
| 203|0x00000000acb00000, 0x00000000acc00000, 0x00000000acc00000|100%| E|CS|TAMS 0x00000000acb00000, 0x00000000acb00000| Complete 
| 204|0x00000000acc00000, 0x00000000acd00000, 0x00000000acd00000|100%| E|CS|TAMS 0x00000000acc00000, 0x00000000acc00000| Complete 
| 205|0x00000000acd00000, 0x00000000ace00000, 0x00000000ace00000|100%| E|CS|TAMS 0x00000000acd00000, 0x00000000acd00000| Complete 
| 206|0x00000000ace00000, 0x00000000acf00000, 0x00000000acf00000|100%| E|CS|TAMS 0x00000000ace00000, 0x00000000ace00000| Complete 
| 207|0x00000000acf00000, 0x00000000ad000000, 0x00000000ad000000|100%| E|CS|TAMS 0x00000000acf00000, 0x00000000acf00000| Complete 
| 208|0x00000000ad000000, 0x00000000ad100000, 0x00000000ad100000|100%| E|CS|TAMS 0x00000000ad000000, 0x00000000ad000000| Complete 
| 209|0x00000000ad100000, 0x00000000ad200000, 0x00000000ad200000|100%| E|CS|TAMS 0x00000000ad100000, 0x00000000ad100000| Complete 
| 210|0x00000000ad200000, 0x00000000ad300000, 0x00000000ad300000|100%| E|CS|TAMS 0x00000000ad200000, 0x00000000ad200000| Complete 
| 211|0x00000000ad300000, 0x00000000ad400000, 0x00000000ad400000|100%| E|CS|TAMS 0x00000000ad300000, 0x00000000ad300000| Complete 
| 212|0x00000000ad400000, 0x00000000ad500000, 0x00000000ad500000|100%| E|CS|TAMS 0x00000000ad400000, 0x00000000ad400000| Complete 
| 213|0x00000000ad500000, 0x00000000ad600000, 0x00000000ad600000|100%| E|CS|TAMS 0x00000000ad500000, 0x00000000ad500000| Complete 
| 214|0x00000000ad600000, 0x00000000ad700000, 0x00000000ad700000|100%| E|CS|TAMS 0x00000000ad600000, 0x00000000ad600000| Complete 
| 215|0x00000000ad700000, 0x00000000ad800000, 0x00000000ad800000|100%| E|CS|TAMS 0x00000000ad700000, 0x00000000ad700000| Complete 
| 216|0x00000000ad800000, 0x00000000ad900000, 0x00000000ad900000|100%| E|CS|TAMS 0x00000000ad800000, 0x00000000ad800000| Complete 
| 217|0x00000000ad900000, 0x00000000ada00000, 0x00000000ada00000|100%| E|CS|TAMS 0x00000000ad900000, 0x00000000ad900000| Complete 
| 218|0x00000000ada00000, 0x00000000adb00000, 0x00000000adb00000|100%| E|CS|TAMS 0x00000000ada00000, 0x00000000ada00000| Complete 
| 219|0x00000000adb00000, 0x00000000adc00000, 0x00000000adc00000|100%| E|CS|TAMS 0x00000000adb00000, 0x00000000adb00000| Complete 
| 220|0x00000000adc00000, 0x00000000add00000, 0x00000000add00000|100%| E|CS|TAMS 0x00000000adc00000, 0x00000000adc00000| Complete 
| 221|0x00000000add00000, 0x00000000ade00000, 0x00000000ade00000|100%| E|CS|TAMS 0x00000000add00000, 0x00000000add00000| Complete 

Card table byte_map: [0x0000021fbb5b0000,0x0000021fbb8b0000] _byte_map_base: 0x0000021fbb0b0000

Marking Bits (Prev, Next): (CMBitMap*) 0x0000021fa81d0448, (CMBitMap*) 0x0000021fa81d0480
 Prev Bits: [0x0000021fbbbb0000, 0x0000021fbd3b0000)
 Next Bits: [0x0000021fbd3b0000, 0x0000021fbebb0000)

Polling page: 0x0000021fa6750000

Metaspace:

Usage:
  Non-class:     95.51 MB capacity,    93.70 MB ( 98%) used,     1.46 MB (  2%) free+waste,   359.13 KB ( <1%) overhead. 
      Class:     14.93 MB capacity,    13.82 MB ( 93%) used,   969.16 KB (  6%) free+waste,   160.25 KB (  1%) overhead. 
       Both:    110.44 MB capacity,   107.52 MB ( 97%) used,     2.41 MB (  2%) free+waste,   519.38 KB ( <1%) overhead. 

Virtual space:
  Non-class space:       96.00 MB reserved,      95.62 MB (>99%) committed 
      Class space:        1.00 GB reserved,      15.00 MB (  1%) committed 
             Both:        1.09 GB reserved,     110.62 MB ( 10%) committed 

Chunk freelists:
   Non-Class:  45.00 KB
       Class:  0 bytes
        Both:  45.00 KB

MaxMetaspaceSize: 17179869184.00 GB
CompressedClassSpaceSize: 1.00 GB

CodeHeap 'non-profiled nmethods': size=120064Kb used=10491Kb max_used=10491Kb free=109572Kb
 bounds [0x0000021fb3750000, 0x0000021fb4190000, 0x0000021fbac90000]
CodeHeap 'profiled nmethods': size=120000Kb used=38787Kb max_used=38787Kb free=81213Kb
 bounds [0x0000021fac220000, 0x0000021fae810000, 0x0000021fb3750000]
CodeHeap 'non-nmethods': size=5696Kb used=2335Kb max_used=2387Kb free=3360Kb
 bounds [0x0000021fabc90000, 0x0000021fabf00000, 0x0000021fac220000]
 total_blobs=18496 nmethods=17550 adapters=855
 compilation: enabled
              stopped_count=0, restarted_count=0
 full_count=0

Compilation events (20 events):
Event: 548.922 Thread 0x0000021fc11cd000 17827   !   3       jdk.nio.zipfs.ZipFileSystem::<init> (467 bytes)
Event: 548.931 Thread 0x0000021fc11cd000 nmethod 17827 0x0000021fae7f5b90 code [0x0000021fae7f62a0, 0x0000021fae7fa868]
Event: 548.931 Thread 0x0000021fc11cd000 17829       3       sun.nio.fs.WindowsFileStore::createFromPath (14 bytes)
Event: 548.932 Thread 0x0000021fc11cd000 nmethod 17829 0x0000021fae7fbc90 code [0x0000021fae7fbea0, 0x0000021fae7fc288]
Event: 548.932 Thread 0x0000021fc11cd000 17830       3       sun.nio.fs.WindowsFileStore::<init> (97 bytes)
Event: 548.934 Thread 0x0000021fc11cd000 nmethod 17830 0x0000021fae7fc510 code [0x0000021fae7fc760, 0x0000021fae7fcf08]
Event: 548.934 Thread 0x0000021fc11cd000 17831       3       jdk.nio.zipfs.JarFileSystem::<init> (151 bytes)
Event: 548.936 Thread 0x0000021fc11cd000 nmethod 17831 0x0000021fae7fd290 code [0x0000021fae7fd580, 0x0000021fae7fe4e8]
Event: 548.938 Thread 0x0000021fc11cd000 17832       3       jdk.nio.zipfs.ZipPath::normalize (99 bytes)
Event: 548.939 Thread 0x0000021fc11cd000 nmethod 17832 0x0000021fae7fe890 code [0x0000021fae7feaa0, 0x0000021fae7ff108]
Event: 549.002 Thread 0x0000021fc11cd000 17833       3       sun.nio.fs.WindowsException::rethrowAsIOException (39 bytes)
Event: 549.002 Thread 0x0000021fc11cd000 nmethod 17833 0x0000021fae7ff310 code [0x0000021fae7ff4e0, 0x0000021fae7ff808]
Event: 549.002 Thread 0x0000021fc11cd000 17834       3       java.nio.file.NoSuchFileException::<init> (8 bytes)
Event: 549.002 Thread 0x0000021fc11cd000 nmethod 17834 0x0000021fae7ff910 code [0x0000021fae7ffae0, 0x0000021fae7ffe08]
Event: 549.014 Thread 0x0000021fc11c4800 17835       4       com.sun.tools.javac.util.Convert::utf2chars (135 bytes)
Event: 549.018 Thread 0x0000021fc11cd000 17842   !   3       com.sun.tools.javac.api.ClientCodeWrapper$WrappedJavaFileManager::hasLocation (24 bytes)
Event: 549.019 Thread 0x0000021fc11cd000 nmethod 17842 0x0000021fae7fff90 code [0x0000021fae800160, 0x0000021fae800438]
Event: 549.019 Thread 0x0000021fc11cd000 17843       3       org.gradle.api.internal.tasks.compile.reflect.GradleStandardJavaFileManager::hasLocation (25 bytes)
Event: 549.019 Thread 0x0000021fcbb63800 17836       4       com.sun.tools.javac.jvm.ClassReader::sigToType (880 bytes)
Event: 549.019 Thread 0x0000021fc11cd000 nmethod 17843 0x0000021fae800590 code [0x0000021fae800760, 0x0000021fae800af8]

GC Heap History (20 events):
Event: 31.749 GC heap before
{Heap before GC invocations=23 (full 0):
 garbage-first heap   total 227328K, used 169589K [0x00000000a0000000, 0x0000000100000000)
  region size 1024K, 84 young (86016K), 12 survivors (12288K)
 Metaspace       used 90578K, capacity 92966K, committed 93308K, reserved 1130496K
  class space    used 11580K, capacity 12457K, committed 12544K, reserved 1048576K
}
Event: 31.783 GC heap after
{Heap after GC invocations=24 (full 0):
 garbage-first heap   total 227328K, used 101888K [0x00000000a0000000, 0x0000000100000000)
  region size 1024K, 5 young (5120K), 5 survivors (5120K)
 Metaspace       used 90578K, capacity 92966K, committed 93308K, reserved 1130496K
  class space    used 11580K, capacity 12457K, committed 12544K, reserved 1048576K
}
Event: 34.491 GC heap before
{Heap before GC invocations=24 (full 0):
 garbage-first heap   total 227328K, used 174592K [0x00000000a0000000, 0x0000000100000000)
  region size 1024K, 77 young (78848K), 5 survivors (5120K)
 Metaspace       used 101645K, capacity 104450K, committed 104700K, reserved 1140736K
  class space    used 13256K, capacity 14341K, committed 14464K, reserved 1048576K
}
Event: 34.508 GC heap after
{Heap after GC invocations=25 (full 0):
 garbage-first heap   total 227328K, used 104282K [0x00000000a0000000, 0x0000000100000000)
  region size 1024K, 7 young (7168K), 7 survivors (7168K)
 Metaspace       used 101645K, capacity 104450K, committed 104700K, reserved 1140736K
  class space    used 13256K, capacity 14341K, committed 14464K, reserved 1048576K
}
Event: 36.030 GC heap before
{Heap before GC invocations=25 (full 0):
 garbage-first heap   total 227328K, used 156506K [0x00000000a0000000, 0x0000000100000000)
  region size 1024K, 60 young (61440K), 7 survivors (7168K)
 Metaspace       used 105552K, capacity 108431K, committed 108540K, reserved 1142784K
  class space    used 13818K, capacity 14893K, committed 14976K, reserved 1048576K
}
Event: 36.052 GC heap after
{Heap after GC invocations=26 (full 0):
 garbage-first heap   total 227328K, used 105285K [0x00000000a0000000, 0x0000000100000000)
  region size 1024K, 4 young (4096K), 4 survivors (4096K)
 Metaspace       used 105552K, capacity 108431K, committed 108540K, reserved 1142784K
  class space    used 13818K, capacity 14893K, committed 14976K, reserved 1048576K
}
Event: 223.459 GC heap before
{Heap before GC invocations=27 (full 0):
 garbage-first heap   total 227328K, used 202565K [0x00000000a0000000, 0x0000000100000000)
  region size 1024K, 78 young (79872K), 4 survivors (4096K)
 Metaspace       used 108569K, capacity 111613K, committed 111868K, reserved 1146880K
  class space    used 14103K, capacity 15227K, committed 15232K, reserved 1048576K
}
Event: 223.484 GC heap after
{Heap after GC invocations=28 (full 0):
 garbage-first heap   total 227328K, used 112350K [0x00000000a0000000, 0x0000000100000000)
  region size 1024K, 10 young (10240K), 10 survivors (10240K)
 Metaspace       used 108569K, capacity 111613K, committed 111868K, reserved 1146880K
  class space    used 14103K, capacity 15227K, committed 15232K, reserved 1048576K
}
Event: 223.520 GC heap before
{Heap before GC invocations=28 (full 0):
 garbage-first heap   total 227328K, used 113374K [0x00000000a0000000, 0x0000000100000000)
  region size 1024K, 11 young (11264K), 10 survivors (10240K)
 Metaspace       used 108586K, capacity 111619K, committed 111868K, reserved 1146880K
  class space    used 14104K, capacity 15228K, committed 15232K, reserved 1048576K
}
Event: 223.549 GC heap after
{Heap after GC invocations=29 (full 0):
 garbage-first heap   total 227328K, used 110949K [0x00000000a0000000, 0x0000000100000000)
  region size 1024K, 2 young (2048K), 2 survivors (2048K)
 Metaspace       used 108586K, capacity 111619K, committed 111868K, reserved 1146880K
  class space    used 14104K, capacity 15228K, committed 15232K, reserved 1048576K
}
Event: 224.253 GC heap before
{Heap before GC invocations=29 (full 0):
 garbage-first heap   total 227328K, used 128357K [0x00000000a0000000, 0x0000000100000000)
  region size 1024K, 21 young (21504K), 2 survivors (2048K)
 Metaspace       used 109014K, capacity 111999K, committed 112252K, reserved 1146880K
  class space    used 14141K, capacity 15268K, committed 15360K, reserved 1048576K
}
Event: 224.270 GC heap after
{Heap after GC invocations=30 (full 0):
 garbage-first heap   total 227328K, used 112122K [0x00000000a0000000, 0x0000000100000000)
  region size 1024K, 3 young (3072K), 3 survivors (3072K)
 Metaspace       used 109014K, capacity 111999K, committed 112252K, reserved 1146880K
  class space    used 14141K, capacity 15268K, committed 15360K, reserved 1048576K
}
Event: 226.362 GC heap before
{Heap before GC invocations=31 (full 0):
 garbage-first heap   total 227328K, used 183802K [0x00000000a0000000, 0x0000000100000000)
  region size 1024K, 74 young (75776K), 3 survivors (3072K)
 Metaspace       used 109314K, capacity 112269K, committed 112508K, reserved 1146880K
  class space    used 14143K, capacity 15267K, committed 15360K, reserved 1048576K
}
Event: 226.372 GC heap after
{Heap after GC invocations=32 (full 0):
 garbage-first heap   total 227328K, used 112985K [0x00000000a0000000, 0x0000000100000000)
  region size 1024K, 4 young (4096K), 4 survivors (4096K)
 Metaspace       used 109314K, capacity 112269K, committed 112508K, reserved 1146880K
  class space    used 14143K, capacity 15267K, committed 15360K, reserved 1048576K
}
Event: 226.654 GC heap before
{Heap before GC invocations=32 (full 0):
 garbage-first heap   total 227328K, used 120153K [0x00000000a0000000, 0x0000000100000000)
  region size 1024K, 11 young (11264K), 4 survivors (4096K)
 Metaspace       used 109383K, capacity 112357K, committed 112508K, reserved 1146880K
  class space    used 14145K, capacity 15271K, committed 15360K, reserved 1048576K
}
Event: 226.673 GC heap after
{Heap after GC invocations=33 (full 0):
 garbage-first heap   total 227328K, used 102134K [0x00000000a0000000, 0x0000000100000000)
  region size 1024K, 1 young (1024K), 1 survivors (1024K)
 Metaspace       used 109383K, capacity 112357K, committed 112508K, reserved 1146880K
  class space    used 14145K, capacity 15271K, committed 15360K, reserved 1048576K
}
Event: 226.947 GC heap before
{Heap before GC invocations=33 (full 0):
 garbage-first heap   total 227328K, used 108278K [0x00000000a0000000, 0x0000000100000000)
  region size 1024K, 9 young (9216K), 1 survivors (1024K)
 Metaspace       used 109519K, capacity 112555K, committed 112764K, reserved 1146880K
  class space    used 14145K, capacity 15271K, committed 15360K, reserved 1048576K
}
Event: 226.954 GC heap after
{Heap after GC invocations=34 (full 0):
 garbage-first heap   total 227328K, used 102556K [0x00000000a0000000, 0x0000000100000000)
  region size 1024K, 1 young (1024K), 1 survivors (1024K)
 Metaspace       used 109519K, capacity 112555K, committed 112764K, reserved 1146880K
  class space    used 14145K, capacity 15271K, committed 15360K, reserved 1048576K
}
Event: 548.104 GC heap before
{Heap before GC invocations=35 (full 0):
 garbage-first heap   total 227328K, used 192668K [0x00000000a0000000, 0x0000000100000000)
  region size 1024K, 69 young (70656K), 1 survivors (1024K)
 Metaspace       used 110079K, capacity 113091K, committed 113276K, reserved 1146880K
  class space    used 14155K, capacity 15285K, committed 15360K, reserved 1048576K
}
Event: 548.137 GC heap after
{Heap after GC invocations=36 (full 0):
 garbage-first heap   total 227328K, used 108577K [0x00000000a0000000, 0x0000000100000000)
  region size 1024K, 7 young (7168K), 7 survivors (7168K)
 Metaspace       used 110079K, capacity 113091K, committed 113276K, reserved 1146880K
  class space    used 14155K, capacity 15285K, committed 15360K, reserved 1048576K
}

Deoptimization events (20 events):
Event: 546.688 Thread 0x0000021fcb14c800 DEOPT PACKING pc=0x0000021fb401dabc sp=0x000000c8d09f9530
Event: 546.688 Thread 0x0000021fcb14c800 DEOPT UNPACKING pc=0x0000021fabcb78af sp=0x000000c8d09f93c0 mode 2
Event: 546.808 Thread 0x0000021fcb14c800 Uncommon trap: trap_request=0xffffffbe fr.pc=0x0000021fb413a6d8 relative=0x0000000000000cb8
Event: 546.808 Thread 0x0000021fcb14c800 Uncommon trap: reason=profile_predicate action=maybe_recompile pc=0x0000021fb413a6d8 method=com.google.common.collect.ImmutableSet.construct(I[Ljava/lang/Object;)Lcom/google/common/collect/ImmutableSet; @ 68 c2
Event: 546.808 Thread 0x0000021fcb14c800 DEOPT PACKING pc=0x0000021fb413a6d8 sp=0x000000c8d09f8540
Event: 546.808 Thread 0x0000021fcb14c800 DEOPT UNPACKING pc=0x0000021fabcb78af sp=0x000000c8d09f84d0 mode 2
Event: 546.830 Thread 0x0000021fcb14c800 Uncommon trap: trap_request=0xffffffde fr.pc=0x0000021fb3961d54 relative=0x0000000000000514
Event: 546.830 Thread 0x0000021fcb14c800 Uncommon trap: reason=class_check action=maybe_recompile pc=0x0000021fb3961d54 method=java.lang.Throwable.<init>(Ljava/lang/String;Ljava/lang/Throwable;)V @ 24 c2
Event: 546.830 Thread 0x0000021fcb14c800 DEOPT PACKING pc=0x0000021fb3961d54 sp=0x000000c8d09fa650
Event: 546.830 Thread 0x0000021fcb14c800 DEOPT UNPACKING pc=0x0000021fabcb78af sp=0x000000c8d09fa618 mode 2
Event: 546.870 Thread 0x0000021fcb14c800 DEOPT PACKING pc=0x0000021faded9ca9 sp=0x000000c8d09f9f90
Event: 546.870 Thread 0x0000021fcb14c800 DEOPT UNPACKING pc=0x0000021fabcb76ce sp=0x000000c8d09f9448 mode 0
Event: 546.870 Thread 0x0000021fcb14c800 DEOPT PACKING pc=0x0000021faded9ca9 sp=0x000000c8d09f9f00
Event: 546.870 Thread 0x0000021fcb14c800 DEOPT UNPACKING pc=0x0000021fabcb76ce sp=0x000000c8d09f93c8 mode 0
Event: 547.430 Thread 0x0000021fcb14c800 DEOPT PACKING pc=0x0000021facb23f71 sp=0x000000c8d09f5cc0
Event: 547.431 Thread 0x0000021fcb14c800 DEOPT UNPACKING pc=0x0000021fabcb76ce sp=0x000000c8d09f51b8 mode 0
Event: 548.095 Thread 0x0000021fcafde000 DEOPT PACKING pc=0x0000021fad710f45 sp=0x000000c8d24f96d0
Event: 548.095 Thread 0x0000021fcafde000 DEOPT UNPACKING pc=0x0000021fabcb76ce sp=0x000000c8d24f8b78 mode 0
Event: 548.330 Thread 0x0000021fcafde000 DEOPT PACKING pc=0x0000021fade49103 sp=0x000000c8d24f8dd0
Event: 548.330 Thread 0x0000021fcafde000 DEOPT UNPACKING pc=0x0000021fabcb76ce sp=0x000000c8d24f82c0 mode 0

Classes redefined (0 events):
No events

Internal exceptions (20 events):
Event: 548.997 Thread 0x0000021fcafde000 Exception <a 'sun/nio/fs/WindowsException'{0x00000000acc20f30}> (0x00000000acc20f30) thrown at [./src/hotspot/share/prims/jni.cpp, line 615]
Event: 548.998 Thread 0x0000021fcafde000 Exception <a 'sun/nio/fs/WindowsException'{0x00000000acc2d4d8}> (0x00000000acc2d4d8) thrown at [./src/hotspot/share/prims/jni.cpp, line 615]
Event: 549.000 Thread 0x0000021fcafde000 Exception <a 'sun/nio/fs/WindowsException'{0x00000000acc3f060}> (0x00000000acc3f060) thrown at [./src/hotspot/share/prims/jni.cpp, line 615]
Event: 549.000 Thread 0x0000021fcafde000 Exception <a 'sun/nio/fs/WindowsException'{0x00000000acc3f1d8}> (0x00000000acc3f1d8) thrown at [./src/hotspot/share/prims/jni.cpp, line 615]
Event: 549.001 Thread 0x0000021fcafde000 Exception <a 'sun/nio/fs/WindowsException'{0x00000000acc4a830}> (0x00000000acc4a830) thrown at [./src/hotspot/share/prims/jni.cpp, line 615]
Event: 549.001 Thread 0x0000021fcafde000 Exception <a 'sun/nio/fs/WindowsException'{0x00000000acc4a9c0}> (0x00000000acc4a9c0) thrown at [./src/hotspot/share/prims/jni.cpp, line 615]
Event: 549.006 Thread 0x0000021fcafde000 Exception <a 'sun/nio/fs/WindowsException'{0x00000000acc74d10}> (0x00000000acc74d10) thrown at [./src/hotspot/share/prims/jni.cpp, line 615]
Event: 549.006 Thread 0x0000021fcafde000 Exception <a 'sun/nio/fs/WindowsException'{0x00000000acc74ea8}> (0x00000000acc74ea8) thrown at [./src/hotspot/share/prims/jni.cpp, line 615]
Event: 549.008 Thread 0x0000021fcafde000 Exception <a 'sun/nio/fs/WindowsException'{0x00000000accd1600}> (0x00000000accd1600) thrown at [./src/hotspot/share/prims/jni.cpp, line 615]
Event: 549.008 Thread 0x0000021fcafde000 Exception <a 'sun/nio/fs/WindowsException'{0x00000000accd1788}> (0x00000000accd1788) thrown at [./src/hotspot/share/prims/jni.cpp, line 615]
Event: 549.009 Thread 0x0000021fcafde000 Exception <a 'sun/nio/fs/WindowsException'{0x00000000accddf30}> (0x00000000accddf30) thrown at [./src/hotspot/share/prims/jni.cpp, line 615]
Event: 549.009 Thread 0x0000021fcafde000 Exception <a 'sun/nio/fs/WindowsException'{0x00000000accde0c8}> (0x00000000accde0c8) thrown at [./src/hotspot/share/prims/jni.cpp, line 615]
Event: 549.011 Thread 0x0000021fcafde000 Exception <a 'sun/nio/fs/WindowsException'{0x00000000acb0b598}> (0x00000000acb0b598) thrown at [./src/hotspot/share/prims/jni.cpp, line 615]
Event: 549.012 Thread 0x0000021fcafde000 Exception <a 'sun/nio/fs/WindowsException'{0x00000000acb0b710}> (0x00000000acb0b710) thrown at [./src/hotspot/share/prims/jni.cpp, line 615]
Event: 549.013 Thread 0x0000021fcafde000 Exception <a 'sun/nio/fs/WindowsException'{0x00000000acb4e388}> (0x00000000acb4e388) thrown at [./src/hotspot/share/prims/jni.cpp, line 615]
Event: 549.013 Thread 0x0000021fcafde000 Exception <a 'sun/nio/fs/WindowsException'{0x00000000acb4e510}> (0x00000000acb4e510) thrown at [./src/hotspot/share/prims/jni.cpp, line 615]
Event: 549.018 Thread 0x0000021fcafde000 Exception <a 'sun/nio/fs/WindowsException'{0x00000000aca1f5e8}> (0x00000000aca1f5e8) thrown at [./src/hotspot/share/prims/jni.cpp, line 615]
Event: 549.018 Thread 0x0000021fcafde000 Exception <a 'sun/nio/fs/WindowsException'{0x00000000aca1f768}> (0x00000000aca1f768) thrown at [./src/hotspot/share/prims/jni.cpp, line 615]
Event: 549.023 Thread 0x0000021fcafde000 Exception <a 'sun/nio/fs/WindowsException'{0x00000000aca84550}> (0x00000000aca84550) thrown at [./src/hotspot/share/prims/jni.cpp, line 615]
Event: 549.024 Thread 0x0000021fcafde000 Exception <a 'sun/nio/fs/WindowsException'{0x00000000aca846d0}> (0x00000000aca846d0) thrown at [./src/hotspot/share/prims/jni.cpp, line 615]

Events (20 events):
Event: 547.482 Executing VM operation: RevokeBias done
Event: 547.483 Executing VM operation: BulkRevokeBias
Event: 547.484 Executing VM operation: BulkRevokeBias done
Event: 547.637 Executing VM operation: RevokeBias
Event: 547.638 Executing VM operation: RevokeBias done
Event: 547.638 Executing VM operation: RevokeBias
Event: 547.638 Executing VM operation: RevokeBias done
Event: 547.638 Executing VM operation: RevokeBias
Event: 547.639 Executing VM operation: RevokeBias done
Event: 547.639 Executing VM operation: RevokeBias
Event: 547.640 Executing VM operation: RevokeBias done
Event: 547.673 Thread 0x0000021fcafdf000 Thread added: 0x0000021fcafdf000
Event: 548.104 Executing VM operation: G1CollectForAllocation
Event: 548.138 Executing VM operation: G1CollectForAllocation done
Event: 548.632 Executing VM operation: CGC_Operation
Event: 548.658 Executing VM operation: CGC_Operation done
Event: 548.852 Thread 0x0000021fcbb63800 Thread exited: 0x0000021fcbb63800
Event: 548.941 Executing VM operation: CGC_Operation
Event: 548.941 Executing VM operation: CGC_Operation done
Event: 549.019 Thread 0x0000021fcbb63800 Thread added: 0x0000021fcbb63800


Dynamic libraries:
0x00007ff6ce940000 - 0x00007ff6ce94a000 	C:\Program Files\Android\Android Studio\jre\bin\java.exe
0x00007ffb12110000 - 0x00007ffb12304000 	C:\WINDOWS\SYSTEM32\ntdll.dll
0x00007ffb11040000 - 0x00007ffb110fd000 	C:\WINDOWS\System32\KERNEL32.DLL
0x00007ffb0f8e0000 - 0x00007ffb0fba7000 	C:\WINDOWS\System32\KERNELBASE.dll
0x00007ffb0fff0000 - 0x00007ffb100f0000 	C:\WINDOWS\System32\ucrtbase.dll
0x00007ffb07c60000 - 0x00007ffb07c77000 	C:\Program Files\Android\Android Studio\jre\bin\VCRUNTIME140.dll
0x00007ffb06310000 - 0x00007ffb06329000 	C:\Program Files\Android\Android Studio\jre\bin\jli.dll
0x00007ffb11a00000 - 0x00007ffb11ba0000 	C:\WINDOWS\System32\USER32.dll
0x00007ffb0f8b0000 - 0x00007ffb0f8d2000 	C:\WINDOWS\System32\win32u.dll
0x00007ffb10410000 - 0x00007ffb1043a000 	C:\WINDOWS\System32\GDI32.dll
0x00007ffaf8510000 - 0x00007ffaf87aa000 	C:\WINDOWS\WinSxS\amd64_microsoft.windows.common-controls_6595b64144ccf1df_6.0.19041.1_none_b555e41d4684ddec\COMCTL32.dll
0x00007ffb0fce0000 - 0x00007ffb0fdea000 	C:\WINDOWS\System32\gdi32full.dll
0x00007ffb11640000 - 0x00007ffb116de000 	C:\WINDOWS\System32\msvcrt.dll
0x00007ffb0fdf0000 - 0x00007ffb0fe8d000 	C:\WINDOWS\System32\msvcp_win.dll
0x00007ffb11590000 - 0x00007ffb115c0000 	C:\WINDOWS\System32\IMM32.DLL
0x00007ffafb6d0000 - 0x00007ffafb76d000 	C:\Program Files\Android\Android Studio\jre\bin\msvcp140.dll
0x00007ffadaf50000 - 0x00007ffadba1f000 	C:\Program Files\Android\Android Studio\jre\bin\server\jvm.dll
0x00007ffb10d40000 - 0x00007ffb10dea000 	C:\WINDOWS\System32\ADVAPI32.dll
0x00007ffb116e0000 - 0x00007ffb1177b000 	C:\WINDOWS\System32\sechost.dll
0x00007ffb10f10000 - 0x00007ffb11033000 	C:\WINDOWS\System32\RPCRT4.dll
0x00007ffb11ba0000 - 0x00007ffb11ba8000 	C:\WINDOWS\System32\PSAPI.DLL
0x00007ffafd030000 - 0x00007ffafd039000 	C:\WINDOWS\SYSTEM32\WSOCK32.dll
0x00007ffaf6910000 - 0x00007ffaf6937000 	C:\WINDOWS\SYSTEM32\WINMM.dll
0x00007ffb118b0000 - 0x00007ffb1191b000 	C:\WINDOWS\System32\WS2_32.dll
0x00007ffb06c60000 - 0x00007ffb06c6a000 	C:\WINDOWS\SYSTEM32\VERSION.dll
0x00007ffb0e160000 - 0x00007ffb0e173000 	C:\WINDOWS\SYSTEM32\kernel.appcore.dll
0x00007ffaf8e50000 - 0x00007ffaf8e61000 	C:\Program Files\Android\Android Studio\jre\bin\verify.dll
0x00007ffb0df40000 - 0x00007ffb0e124000 	C:\WINDOWS\SYSTEM32\DBGHELP.DLL
0x00007ffaf57b0000 - 0x00007ffaf57dc000 	C:\WINDOWS\SYSTEM32\dbgcore.DLL
0x00007ffb100f0000 - 0x00007ffb1016f000 	C:\WINDOWS\System32\bcryptPrimitives.dll
0x00007ffaf8d50000 - 0x00007ffaf8d79000 	C:\Program Files\Android\Android Studio\jre\bin\java.dll
0x00007ffafd020000 - 0x00007ffafd02b000 	C:\Program Files\Android\Android Studio\jre\bin\jimage.dll
0x00007ffaf8e30000 - 0x00007ffaf8e48000 	C:\Program Files\Android\Android Studio\jre\bin\zip.dll
0x00007ffb10440000 - 0x00007ffb10b71000 	C:\WINDOWS\System32\SHELL32.dll
0x00007ffb0d7b0000 - 0x00007ffb0df3a000 	C:\WINDOWS\SYSTEM32\windows.storage.dll
0x00007ffb11c10000 - 0x00007ffb11f64000 	C:\WINDOWS\System32\combase.dll
0x00007ffb0f2d0000 - 0x00007ffb0f2fb000 	C:\WINDOWS\SYSTEM32\Wldp.dll
0x00007ffb12020000 - 0x00007ffb120ce000 	C:\WINDOWS\System32\SHCORE.dll
0x00007ffb10170000 - 0x00007ffb101c5000 	C:\WINDOWS\System32\shlwapi.dll
0x00007ffb0f790000 - 0x00007ffb0f7af000 	C:\WINDOWS\SYSTEM32\profapi.dll
0x00007ffaf8d30000 - 0x00007ffaf8d4a000 	C:\Program Files\Android\Android Studio\jre\bin\net.dll
0x00007ffaf8210000 - 0x00007ffaf8312000 	C:\WINDOWS\SYSTEM32\WINHTTP.dll
0x00007ffb0f050000 - 0x00007ffb0f0ba000 	C:\WINDOWS\system32\mswsock.dll
0x00007ffaf8d10000 - 0x00007ffaf8d24000 	C:\Program Files\Android\Android Studio\jre\bin\nio.dll
0x00007ffaef730000 - 0x00007ffaef757000 	C:\Users\HP\.gradle\wrapper\dists\gradle-2.14.1-all\native\8bec1ad78214c89d9ad589b4d07fe93259594b29d510b10fafb7a158f7737e5d\windows-amd64\native-platform.dll
0x00007ffabaa40000 - 0x00007ffabab7d000 	C:\Users\HP\.gradle\wrapper\dists\gradle-2.14.1-all\native\53dbd7edfb1c66fb8903c78663c9afc45aea4f116125fa6feffd364cf09443e8\windows-amd64\native-platform-file-events.dll
0x00007ffafc2e0000 - 0x00007ffafc2ea000 	C:\Program Files\Android\Android Studio\jre\bin\management.dll
0x00007ffaf8d00000 - 0x00007ffaf8d0c000 	C:\Program Files\Android\Android Studio\jre\bin\management_ext.dll
0x00007ffb0f220000 - 0x00007ffb0f238000 	C:\WINDOWS\SYSTEM32\CRYPTSP.dll
0x00007ffb0e970000 - 0x00007ffb0e9a4000 	C:\WINDOWS\system32\rsaenh.dll
0x00007ffb0fcb0000 - 0x00007ffb0fcd7000 	C:\WINDOWS\System32\bcrypt.dll
0x00007ffb0f710000 - 0x00007ffb0f73e000 	C:\WINDOWS\SYSTEM32\USERENV.dll
0x00007ffb0f240000 - 0x00007ffb0f24c000 	C:\WINDOWS\SYSTEM32\CRYPTBASE.dll
0x00007ffb0ecf0000 - 0x00007ffb0ed2b000 	C:\WINDOWS\SYSTEM32\IPHLPAPI.DLL
0x00007ffb11630000 - 0x00007ffb11639000 	C:\WINDOWS\System32\NSI.dll
0x00007ffb0d580000 - 0x00007ffb0d597000 	C:\WINDOWS\SYSTEM32\dhcpcsvc6.DLL
0x00007ffb0d560000 - 0x00007ffb0d57d000 	C:\WINDOWS\SYSTEM32\dhcpcsvc.DLL
0x00007ffb0ed30000 - 0x00007ffb0edfa000 	C:\WINDOWS\SYSTEM32\DNSAPI.dll

dbghelp: loaded successfully - version: 4.0.5 - missing functions: none
symbol engine: initialized successfully - sym options: 0x614 - pdb path: .;C:\Program Files\Android\Android Studio\jre\bin;C:\WINDOWS\SYSTEM32;C:\WINDOWS\WinSxS\amd64_microsoft.windows.common-controls_6595b64144ccf1df_6.0.19041.1_none_b555e41d4684ddec;C:\Program Files\Android\Android Studio\jre\bin\server;C:\Users\HP\.gradle\wrapper\dists\gradle-2.14.1-all\native\8bec1ad78214c89d9ad589b4d07fe93259594b29d510b10fafb7a158f7737e5d\windows-amd64;C:\Users\HP\.gradle\wrapper\dists\gradle-2.14.1-all\native\53dbd7edfb1c66fb8903c78663c9afc45aea4f116125fa6feffd364cf09443e8\windows-amd64

VM Arguments:
jvm_args: --add-opens=java.base/java.util=ALL-UNNAMED --add-opens=java.base/java.lang=ALL-UNNAMED --add-opens=java.base/java.lang.invoke=ALL-UNNAMED --add-opens=java.base/java.util=ALL-UNNAMED --add-opens=java.prefs/java.util.prefs=ALL-UNNAMED --add-opens=java.prefs/java.util.prefs=ALL-UNNAMED --add-opens=java.base/java.nio.charset=ALL-UNNAMED --add-opens=java.base/java.net=ALL-UNNAMED --add-opens=java.base/java.util.concurrent.atomic=ALL-UNNAMED -Xmx1536m -Dfile.encoding=windows-1252 -Duser.country=US -Duser.language=en -Duser.variant 
java_command: org.gradle.launcher.daemon.bootstrap.GradleDaemon 7.0.2
java_class_path (initial): C:\Users\HP\.gradle\wrapper\dists\gradle-2.14.1-all\wrapper\dists\gradle-7.0.2-all\7era6s5ay7zsbhuvl0oc9g94s\gradle-7.0.2\lib\gradle-launcher-7.0.2.jar
Launcher Type: SUN_STANDARD

[Global flags]
     intx CICompilerCount                          = 3                                         {product} {ergonomic}
     uint ConcGCThreads                            = 1                                         {product} {ergonomic}
     uint G1ConcRefinementThreads                  = 4                                         {product} {ergonomic}
   size_t G1HeapRegionSize                         = 1048576                                   {product} {ergonomic}
    uintx GCDrainStackTargetSize                   = 64                                        {product} {ergonomic}
   size_t InitialHeapSize                          = 134217728                                 {product} {ergonomic}
   size_t MarkStackSize                            = 4194304                                   {product} {ergonomic}
   size_t MaxHeapSize                              = 1610612736                                {product} {command line}
   size_t MaxNewSize                               = 965738496                                 {product} {ergonomic}
   size_t MinHeapDeltaBytes                        = 1048576                                   {product} {ergonomic}
    uintx NonNMethodCodeHeapSize                   = 5830732                                {pd product} {ergonomic}
    uintx NonProfiledCodeHeapSize                  = 122913754                              {pd product} {ergonomic}
    uintx ProfiledCodeHeapSize                     = 122913754                              {pd product} {ergonomic}
    uintx ReservedCodeCacheSize                    = 251658240                              {pd product} {ergonomic}
     bool SegmentedCodeCache                       = true                                      {product} {ergonomic}
     bool UseCompressedClassPointers               = true                                 {lp64_product} {ergonomic}
     bool UseCompressedOops                        = true                                 {lp64_product} {ergonomic}
     bool UseG1GC                                  = true                                      {product} {ergonomic}
     bool UseLargePagesIndividualAllocation        = false                                  {pd product} {ergonomic}

Logging:
Log output configuration:
 #0: stdout all=warning uptime,level,tags
 #1: stderr all=off uptime,level,tags

Environment Variables:
PATH=C:\WINDOWS\system32;C:\WINDOWS;C:\WINDOWS\System32\Wbem;C:\WINDOWS\System32\WindowsPowerShell\v1.0\;C:\WINDOWS\System32\OpenSSH\;E:\New folder\;C:\Users\HP\AppData\Local\Microsoft\WindowsApps;E:\VS Code\Microsoft VS Code\bin;C:\Users\HP\AppData\Roaming\npm;C:\Users\HP\AppData\Local\GitHubDesktop\bin;C:\Users\HP\Flutter\flutter\bin;
USERNAME=HP
OS=Windows_NT
PROCESSOR_IDENTIFIER=Intel64 Family 6 Model 142 Stepping 9, GenuineIntel



---------------  S Y S T E M  ---------------

OS: Windows 10 , 64 bit Build 19041 (10.0.19041.1)
OS uptime: 0 days 0:50 hours

CPU:total 4 (initial active 4) (2 cores per cpu, 2 threads per core) family 6 model 142 stepping 9 microcode 0xb4, cmov, cx8, fxsr, mmx, sse, sse2, sse3, ssse3, sse4.1, sse4.2, popcnt, avx, avx2, aes, clmul, erms, 3dnowpref, lzcnt, ht, tsc, tscinvbit, bmi1, bmi2, adx, fma

Memory: 4k page, system-wide physical 8075M (1821M free)
TotalPageFile size 16267M (AvailPageFile size 9592M)
current process WorkingSet (physical memory assigned to process): 527M, peak: 530M
current process commit charge ("private bytes"): 553M, peak: 557M

vm_info: OpenJDK 64-Bit Server VM (11.0.10+0-b96-7249189) for windows-amd64 JRE (11.0.10+0-b96-7249189), built on Mar 31 2021 21:44:00 by "builder" with MS VC++ 14.0 (VS2015)

END.
