#
# A fatal error has been detected by the Java Runtime Environment:
#
#  EXCEPTION_ACCESS_VIOLATION (0xc0000005) at pc=0x000000006a3af4d8, pid=9976, tid=0x0000000000002748
#
# JRE version: OpenJDK Runtime Environment (8.0_202-b03) (build 1.8.0_202-release-1483-b03)
# Java VM: OpenJDK 64-Bit Server VM (25.202-b03 mixed mode windows-amd64 compressed oops)
# Problematic frame:
# V  [jvm.dll+0xef4d8]
#
# Failed to write core dump. Minidumps are not enabled by default on client versions of Windows
#
# If you would like to submit a bug report, please visit:
#   http://bugreport.java.com/bugreport/crash.jsp
#

---------------  T H R E A D  ---------------

Current thread (0x00000000026bb800):  GCTaskThread [stack: 0x0000000012370000,0x0000000012470000] [id=10056]

siginfo: ExceptionCode=0xc0000005, reading address 0xffffffffffffffff

Registers:
RAX=0x0000000012470000, RBX=0x0000000000000800, RCX=0x0000000000000000, RDX=0x0000000000000000
RSP=0x000000001246f890, RBP=0x00000000e4b56008, RSI=0x0000000000000002, RDI=0x000000000278be00
R8 =0x007fffffffb00004, R9 =0x0000000000000002, R10=0x000000000000000c, R11=0x0000000000000039
R12=0x00000000e4b56018, R13=0x00000001002d13c0, R14=0x00000001002d13c8, R15=0x00000000e4b55fe0
RIP=0x000000006a3af4d8, EFLAGS=0x0000000000010246

Top of Stack: (sp=0x000000001246f890)
0x000000001246f890:   00000000e4b56420 00000000e4b56000
0x000000001246f8a0:   0000000000000002 000000000278be00
0x000000001246f8b0:   0000000000000000 00000000026bc140
0x000000001246f8c0:   00000000026ae390 000000000278be00
0x000000001246f8d0:   0000000000000035 000000006a685f40
0x000000001246f8e0:   00000000169f1208 000000001246f9f9
0x000000001246f8f0:   000000000278be00 000000006a8d8ce8
0x000000001246f900:   00000000169f10a8 000000001246f9b0
0x000000001246f910:   0000000002790fc0 000000000000000e
0x000000001246f920:   000000000278be00 000000006a3ae0a2
0x000000001246f930:   00000000e4cf9838 0000000000000000
0x000000001246f940:   0000000000000000 00000000026ae390
0x000000001246f950:   00000000026bc150 00000000026bc140
0x000000001246f960:   000000006a8d8ce8 000000000278be00
0x000000001246f970:   0000000000000000 000000001246f9f9
0x000000001246f980:   0000000015fe6480 000000006a6831f0 

Instructions: (pc=0x000000006a3af4d8)
0x000000006a3af4b8:   05 73 aa 6d 00 49 c1 e8 03 49 d3 e8 41 0f b6 c0
0x000000006a3af4c8:   49 c1 e8 06 24 3f 0f b6 d0 48 8b 05 88 aa 6d 00
0x000000006a3af4d8:   4a 8b 0c c0 48 0f a3 d1 0f 82 59 01 00 00 0f b6
0x000000006a3af4e8:   15 84 09 6d 00 84 d2 74 16 44 8b 43 08 8b 0d 1d 


Register to memory mapping:

RAX=0x0000000012470000 is an unknown value
RBX=0x0000000000000800 is an unknown value
RCX=0x0000000000000000 is an unknown value
RDX=0x0000000000000000 is an unknown value
RSP=0x000000001246f890 is an unknown value
RBP=0x00000000e4b56008 is an oop

[error occurred during error reporting (printing register info), id 0xc0000005]

Stack: [0x0000000012370000,0x0000000012470000],  sp=0x000000001246f890,  free space=1022k
Native frames: (J=compiled Java code, j=interpreted, Vv=VM code, C=native code)
V  [jvm.dll+0xef4d8]
V  [jvm.dll+0x3c5f40]
V  [jvm.dll+0x3c31f0]
V  [jvm.dll+0x3c0d9e]
V  [jvm.dll+0x26f5ba]
C  [msvcr100.dll+0x21d9f]
C  [msvcr100.dll+0x21e3b]
C  [KERNEL32.DLL+0x16fd4]
C  [ntdll.dll+0x4cf31]


---------------  P R O C E S S  ---------------

Java Threads: ( => current thread )
  0x00000000186a7000 JavaThread "Cache worker for file hash cache (C:\Users\HP\AndroidStudioProjects\Quizzer\.gradle\5.4.1\fileHashes)" [_thread_blocked, id=8296, stack(0x000000001d150000,0x000000001d250000)]
  0x00000000186a6800 JavaThread "Cache worker for journal cache (C:\Users\HP\.gradle\wrapper\dists\gradle-2.14.1-all\caches\journal-1)" [_thread_blocked, id=5408, stack(0x000000001acb0000,0x000000001adb0000)]
  0x00000000186ad000 JavaThread "File lock request listener" [_thread_in_native, id=5504, stack(0x000000001abb0000,0x000000001acb0000)]
  0x00000000186ac800 JavaThread "Cache worker for file hash cache (C:\Users\HP\.gradle\wrapper\dists\gradle-2.14.1-all\caches\5.4.1\fileHashes)" [_thread_blocked, id=5440, stack(0x000000001aab0000,0x000000001abb0000)]
  0x00000000193a2000 JavaThread "Thread-9" [_thread_blocked, id=7340, stack(0x000000001a9b0000,0x000000001aab0000)]
  0x0000000019397000 JavaThread "Stdin handler" [_thread_blocked, id=10104, stack(0x000000001a8b0000,0x000000001a9b0000)]
  0x0000000019393000 JavaThread "Asynchronous log dispatcher for DefaultDaemonConnection: socket connection from /127.0.0.1:60830 to /127.0.0.1:60831" [_thread_blocked, id=3952, stack(0x000000001a7b0000,0x000000001a8b0000)]
  0x00000000193c1800 JavaThread "Daemon worker" [_thread_blocked, id=5324, stack(0x000000001a6b0000,0x000000001a7b0000)]
  0x0000000019392800 JavaThread "Cancel handler" [_thread_blocked, id=9400, stack(0x000000001a5b0000,0x000000001a6b0000)]
  0x000000001885b000 JavaThread "Handler for socket connection from /127.0.0.1:60830 to /127.0.0.1:60831" [_thread_in_native, id=4264, stack(0x000000001a2b0000,0x000000001a3b0000)]
  0x000000001933a800 JavaThread "Daemon" [_thread_blocked, id=7724, stack(0x000000001a1b0000,0x000000001a2b0000)]
  0x0000000019316000 JavaThread "Daemon periodic checks" [_thread_blocked, id=4360, stack(0x000000001a0b0000,0x000000001a1b0000)]
  0x0000000019314800 JavaThread "Incoming local TCP Connector on port 60830" [_thread_in_native, id=8388, stack(0x0000000019e70000,0x0000000019f70000)]
  0x0000000017c6e000 JavaThread "Daemon health stats" [_thread_blocked, id=2916, stack(0x0000000019830000,0x0000000019930000)]
  0x0000000017a88800 JavaThread "Service Thread" daemon [_thread_blocked, id=5952, stack(0x0000000017e60000,0x0000000017f60000)]
  0x0000000016119000 JavaThread "C1 CompilerThread2" daemon [_thread_blocked, id=8836, stack(0x0000000017960000,0x0000000017a60000)]
  0x000000001610c800 JavaThread "C2 CompilerThread1" daemon [_thread_blocked, id=9808, stack(0x0000000017860000,0x0000000017960000)]
  0x0000000016118000 JavaThread "C2 CompilerThread0" daemon [_thread_blocked, id=10020, stack(0x0000000017760000,0x0000000017860000)]
  0x0000000016116800 JavaThread "Attach Listener" daemon [_thread_blocked, id=3064, stack(0x0000000017660000,0x0000000017760000)]
  0x0000000016115000 JavaThread "Signal Dispatcher" daemon [_thread_blocked, id=5888, stack(0x0000000017560000,0x0000000017660000)]
  0x000000000279c000 JavaThread "Finalizer" daemon [_thread_blocked, id=6428, stack(0x0000000017360000,0x0000000017460000)]
  0x00000000160f9000 JavaThread "Reference Handler" daemon [_thread_blocked, id=10080, stack(0x0000000017260000,0x0000000017360000)]
  0x0000000000d1d800 JavaThread "main" [_thread_blocked, id=8564, stack(0x00000000024d0000,0x00000000025d0000)]

Other Threads:
  0x00000000160d6000 VMThread [stack: 0x0000000017160000,0x0000000017260000] [id=3356]
  0x0000000017a8a000 WatcherThread [stack: 0x0000000017f60000,0x0000000018060000] [id=1884]

=>0x00000000026bb800 (exited) GCTaskThread [stack: 0x0000000012370000,0x0000000012470000] [id=10056]

VM state:at safepoint (normal execution)

VM Mutex/Monitor currently owned by a thread:  ([mutex/lock_event])
[0x0000000000d1c6f0] Threads_lock - owner thread: 0x00000000160d6000
[0x0000000000d1c370] Heap_lock - owner thread: 0x00000000193c1800

heap address: 0x00000000a0000000, size: 1536 MB, Compressed Oops mode: 32-bit
Narrow klass base: 0x0000000000000000, Narrow klass shift: 3
Compressed class space size: 1073741824 Address: 0x0000000100000000

Heap:
 PSYoungGen      total 76800K, used 7272K [0x00000000e0000000, 0x00000000e5500000, 0x0000000100000000)
  eden space 66560K, 0% used [0x00000000e0000000,0x00000000e0000000,0x00000000e4100000)
  from space 10240K, 71% used [0x00000000e4b00000,0x00000000e521a3e0,0x00000000e5500000)
  to   space 10240K, 0% used [0x00000000e4100000,0x00000000e4100000,0x00000000e4b00000)
 ParOldGen       total 87552K, used 8254K [0x00000000a0000000, 0x00000000a5580000, 0x00000000e0000000)
  object space 87552K, 9% used [0x00000000a0000000,0x00000000a080f898,0x00000000a5580000)
 Metaspace       used 20758K, capacity 21120K, committed 21248K, reserved 1067008K
  class space    used 2917K, capacity 3062K, committed 3072K, reserved 1048576K

Card table byte_map: [0x0000000011b60000,0x0000000011e70000] byte_map_base: 0x0000000011660000

Marking Bits: (ParMarkBitMap*) 0x000000006aa89f30
 Begin Bits: [0x0000000012470000, 0x0000000013c70000)
 End Bits:   [0x0000000013c70000, 0x0000000015470000)

Polling page: 0x0000000000ce0000

CodeCache: size=245760Kb used=6131Kb max_used=6143Kb free=239628Kb
 bounds [0x00000000027a0000, 0x0000000002db0000, 0x00000000117a0000]
 total_blobs=2171 nmethods=1756 adapters=328
 compilation: enabled

Compilation events (10 events):
Event: 7.581 Thread 0x0000000016118000 nmethod 1749 0x0000000002da0190 code [0x0000000002da0300, 0x0000000002da0bc8]
Event: 7.581 Thread 0x0000000016119000 nmethod 1752 0x0000000002d9f190 code [0x0000000002d9f380, 0x0000000002d9fd78]
Event: 7.584 Thread 0x0000000016119000 1753       3       java.util.regex.Pattern$BitClass::isSatisfiedBy (22 bytes)
Event: 7.584 Thread 0x0000000016119000 nmethod 1753 0x0000000002d9ed10 code [0x0000000002d9ee80, 0x0000000002d9f090]
Event: 7.584 Thread 0x0000000016119000 1754       3       java.util.regex.Pattern$LastNode::match (45 bytes)
Event: 7.585 Thread 0x0000000016119000 nmethod 1754 0x0000000002d9e850 code [0x0000000002d9e9c0, 0x0000000002d9ebf0]
Event: 7.585 Thread 0x0000000016119000 1755       3       java.util.regex.Matcher::find (69 bytes)
Event: 7.585 Thread 0x0000000016119000 nmethod 1755 0x0000000002d9e250 code [0x0000000002d9e3c0, 0x0000000002d9e768]
Event: 7.586 Thread 0x000000001610c800 1756       4       sun.misc.PerfCounter::addElapsedTimeFrom (10 bytes)
Event: 7.589 Thread 0x000000001610c800 nmethod 1756 0x0000000002da2990 code [0x0000000002da2ae0, 0x0000000002da2d58]

GC Heap History (10 events):
Event: 1.994 GC heap after
Heap after GC invocations=2 (full 0):
 PSYoungGen      total 38400K, used 4225K [0x00000000e0000000, 0x00000000e2a80000, 0x0000000100000000)
  eden space 33280K, 0% used [0x00000000e0000000,0x00000000e0000000,0x00000000e2080000)
  from space 5120K, 82% used [0x00000000e2580000,0x00000000e29a05e0,0x00000000e2a80000)
  to   space 5120K, 0% used [0x00000000e2080000,0x00000000e2080000,0x00000000e2580000)
 ParOldGen       total 87552K, used 16K [0x00000000a0000000, 0x00000000a5580000, 0x00000000e0000000)
  object space 87552K, 0% used [0x00000000a0000000,0x00000000a0004000,0x00000000a5580000)
 Metaspace       used 8222K, capacity 8426K, committed 8576K, reserved 1056768K
  class space    used 1046K, capacity 1109K, committed 1152K, reserved 1048576K
}
Event: 3.878 GC heap before
{Heap before GC invocations=3 (full 0):
 PSYoungGen      total 38400K, used 37505K [0x00000000e0000000, 0x00000000e2a80000, 0x0000000100000000)
  eden space 33280K, 100% used [0x00000000e0000000,0x00000000e2080000,0x00000000e2080000)
  from space 5120K, 82% used [0x00000000e2580000,0x00000000e29a05e0,0x00000000e2a80000)
  to   space 5120K, 0% used [0x00000000e2080000,0x00000000e2080000,0x00000000e2580000)
 ParOldGen       total 87552K, used 16K [0x00000000a0000000, 0x00000000a5580000, 0x00000000e0000000)
  object space 87552K, 0% used [0x00000000a0000000,0x00000000a0004000,0x00000000a5580000)
 Metaspace       used 12902K, capacity 13278K, committed 13568K, reserved 1060864K
  class space    used 1783K, capacity 1921K, committed 2048K, reserved 1048576K
Event: 3.889 GC heap after
Heap after GC invocations=3 (full 0):
 PSYoungGen      total 38400K, used 5117K [0x00000000e0000000, 0x00000000e2a80000, 0x0000000100000000)
  eden space 33280K, 0% used [0x00000000e0000000,0x00000000e0000000,0x00000000e2080000)
  from space 5120K, 99% used [0x00000000e2080000,0x00000000e257f498,0x00000000e2580000)
  to   space 5120K, 0% used [0x00000000e2580000,0x00000000e2580000,0x00000000e2a80000)
 ParOldGen       total 87552K, used 1633K [0x00000000a0000000, 0x00000000a5580000, 0x00000000e0000000)
  object space 87552K, 1% used [0x00000000a0000000,0x00000000a0198458,0x00000000a5580000)
 Metaspace       used 12902K, capacity 13278K, committed 13568K, reserved 1060864K
  class space    used 1783K, capacity 1921K, committed 2048K, reserved 1048576K
}
Event: 5.740 GC heap before
{Heap before GC invocations=4 (full 0):
 PSYoungGen      total 38400K, used 38397K [0x00000000e0000000, 0x00000000e2a80000, 0x0000000100000000)
  eden space 33280K, 100% used [0x00000000e0000000,0x00000000e2080000,0x00000000e2080000)
  from space 5120K, 99% used [0x00000000e2080000,0x00000000e257f498,0x00000000e2580000)
  to   space 5120K, 0% used [0x00000000e2580000,0x00000000e2580000,0x00000000e2a80000)
 ParOldGen       total 87552K, used 1633K [0x00000000a0000000, 0x00000000a5580000, 0x00000000e0000000)
  object space 87552K, 1% used [0x00000000a0000000,0x00000000a0198458,0x00000000a5580000)
 Metaspace       used 15624K, capacity 16052K, committed 16256K, reserved 1062912K
  class space    used 2232K, capacity 2382K, committed 2432K, reserved 1048576K
Event: 5.762 GC heap after
Heap after GC invocations=4 (full 0):
 PSYoungGen      total 38400K, used 5104K [0x00000000e0000000, 0x00000000e2a80000, 0x0000000100000000)
  eden space 33280K, 0% used [0x00000000e0000000,0x00000000e0000000,0x00000000e2080000)
  from space 5120K, 99% used [0x00000000e2580000,0x00000000e2a7c030,0x00000000e2a80000)
  to   space 5120K, 0% used [0x00000000e2080000,0x00000000e2080000,0x00000000e2580000)
 ParOldGen       total 87552K, used 4766K [0x00000000a0000000, 0x00000000a5580000, 0x00000000e0000000)
  object space 87552K, 5% used [0x00000000a0000000,0x00000000a04a7bd8,0x00000000a5580000)
 Metaspace       used 15624K, capacity 16052K, committed 16256K, reserved 1062912K
  class space    used 2232K, capacity 2382K, committed 2432K, reserved 1048576K
}
Event: 6.928 GC heap before
{Heap before GC invocations=5 (full 0):
 PSYoungGen      total 38400K, used 38384K [0x00000000e0000000, 0x00000000e2a80000, 0x0000000100000000)
  eden space 33280K, 100% used [0x00000000e0000000,0x00000000e2080000,0x00000000e2080000)
  from space 5120K, 99% used [0x00000000e2580000,0x00000000e2a7c030,0x00000000e2a80000)
  to   space 5120K, 0% used [0x00000000e2080000,0x00000000e2080000,0x00000000e2580000)
 ParOldGen       total 87552K, used 4766K [0x00000000a0000000, 0x00000000a5580000, 0x00000000e0000000)
  object space 87552K, 5% used [0x00000000a0000000,0x00000000a04a7bd8,0x00000000a5580000)
 Metaspace       used 18701K, capacity 19040K, committed 19328K, reserved 1064960K
  class space    used 2719K, capacity 2838K, committed 2944K, reserved 1048576K
Event: 6.946 GC heap after
Heap after GC invocations=5 (full 0):
 PSYoungGen      total 38400K, used 5104K [0x00000000e0000000, 0x00000000e5500000, 0x0000000100000000)
  eden space 33280K, 0% used [0x00000000e0000000,0x00000000e0000000,0x00000000e2080000)
  from space 5120K, 99% used [0x00000000e2080000,0x00000000e257c030,0x00000000e2580000)
  to   space 10240K, 0% used [0x00000000e4b00000,0x00000000e4b00000,0x00000000e5500000)
 ParOldGen       total 87552K, used 8246K [0x00000000a0000000, 0x00000000a5580000, 0x00000000e0000000)
  object space 87552K, 9% used [0x00000000a0000000,0x00000000a080d898,0x00000000a5580000)
 Metaspace       used 18701K, capacity 19040K, committed 19328K, reserved 1064960K
  class space    used 2719K, capacity 2838K, committed 2944K, reserved 1048576K
}
Event: 7.593 GC heap before
{Heap before GC invocations=6 (full 0):
 PSYoungGen      total 38400K, used 19259K [0x00000000e0000000, 0x00000000e5500000, 0x0000000100000000)
  eden space 33280K, 42% used [0x00000000e0000000,0x00000000e0dd2d60,0x00000000e2080000)
  from space 5120K, 99% used [0x00000000e2080000,0x00000000e257c030,0x00000000e2580000)
  to   space 10240K, 0% used [0x00000000e4b00000,0x00000000e4b00000,0x00000000e5500000)
 ParOldGen       total 87552K, used 8246K [0x00000000a0000000, 0x00000000a5580000, 0x00000000e0000000)
  object space 87552K, 9% used [0x00000000a0000000,0x00000000a080d898,0x00000000a5580000)
 Metaspace       used 20758K, capacity 21120K, committed 21248K, reserved 1067008K
  class space    used 2917K, capacity 3062K, committed 3072K, reserved 1048576K
Event: 7.609 GC heap after
Heap after GC invocations=6 (full 0):
 PSYoungGen      total 76800K, used 7272K [0x00000000e0000000, 0x00000000e5500000, 0x0000000100000000)
  eden space 66560K, 0% used [0x00000000e0000000,0x00000000e0000000,0x00000000e4100000)
  from space 10240K, 71% used [0x00000000e4b00000,0x00000000e521a3e0,0x00000000e5500000)
  to   space 10240K, 0% used [0x00000000e4100000,0x00000000e4100000,0x00000000e4b00000)
 ParOldGen       total 87552K, used 8254K [0x00000000a0000000, 0x00000000a5580000, 0x00000000e0000000)
  object space 87552K, 9% used [0x00000000a0000000,0x00000000a080f898,0x00000000a5580000)
 Metaspace       used 20758K, capacity 21120K, committed 21248K, reserved 1067008K
  class space    used 2917K, capacity 3062K, committed 3072K, reserved 1048576K
}
Event: 7.609 GC heap before
{Heap before GC invocations=7 (full 1):
 PSYoungGen      total 76800K, used 7272K [0x00000000e0000000, 0x00000000e5500000, 0x0000000100000000)
  eden space 66560K, 0% used [0x00000000e0000000,0x00000000e0000000,0x00000000e4100000)
  from space 10240K, 71% used [0x00000000e4b00000,0x00000000e521a3e0,0x00000000e5500000)
  to   space 10240K, 0% used [0x00000000e4100000,0x00000000e4100000,0x00000000e4b00000)
 ParOldGen       total 87552K, used 8254K [0x00000000a0000000, 0x00000000a5580000, 0x00000000e0000000)
  object space 87552K, 9% used [0x00000000a0000000,0x00000000a080f898,0x00000000a5580000)
 Metaspace       used 20758K, capacity 21120K, committed 21248K, reserved 1067008K
  class space    used 2917K, capacity 3062K, committed 3072K, reserved 1048576K

Deoptimization events (10 events):
Event: 3.626 Thread 0x00000000193c1800 Uncommon trap: reason=bimorphic action=maybe_recompile pc=0x0000000002a4f410 method=java.util.HashMap.putVal(ILjava/lang/Object;Ljava/lang/Object;ZZ)Ljava/lang/Object; @ 253
Event: 3.946 Thread 0x00000000193c1800 Uncommon trap: reason=class_check action=maybe_recompile pc=0x0000000002a79d98 method=java.util.regex.Matcher.match(II)Z @ 86
Event: 3.968 Thread 0x00000000193c1800 Uncommon trap: reason=class_check action=maybe_recompile pc=0x0000000002a79d98 method=java.util.regex.Matcher.match(II)Z @ 86
Event: 3.968 Thread 0x00000000193c1800 Uncommon trap: reason=class_check action=maybe_recompile pc=0x0000000002a79d98 method=java.util.regex.Matcher.match(II)Z @ 86
Event: 3.969 Thread 0x00000000193c1800 Uncommon trap: reason=class_check action=maybe_recompile pc=0x0000000002a38d1c method=java.util.regex.Matcher.match(II)Z @ 86
Event: 4.478 Thread 0x00000000193c1800 Uncommon trap: reason=unstable_if action=reinterpret pc=0x0000000002b587b4 method=java.lang.String.lastIndexOf([CII[CIII)I @ 66
Event: 6.163 Thread 0x00000000193c1800 Uncommon trap: reason=unstable_if action=reinterpret pc=0x0000000002904fc8 method=java.net.URI.match(CJJ)Z @ 19
Event: 6.163 Thread 0x00000000193c1800 Uncommon trap: reason=unstable_if action=reinterpret pc=0x00000000029e0740 method=java.net.URI.match(CJJ)Z @ 19
Event: 6.163 Thread 0x00000000193c1800 Uncommon trap: reason=unstable_if action=reinterpret pc=0x0000000002907448 method=java.net.URI.match(CJJ)Z @ 19
Event: 6.304 Thread 0x00000000193c1800 Uncommon trap: reason=unstable_if action=reinterpret pc=0x0000000002a744d8 method=java.io.File.getName()Ljava/lang/String; @ 16

Classes redefined (0 events):
No events

Internal exceptions (10 events):
Event: 3.557 Thread 0x000000001885b000 Exception <a 'java/lang/NoSuchMethodError': <clinit>> (0x00000000e0d334e0) thrown at [D:\src\AOSP-openjdk-cygwin\jdk8u\hotspot\src\share\vm\prims\jni.cpp, line 1614]
Event: 3.558 Thread 0x000000001885b000 Exception <a 'java/lang/NoSuchMethodError': <clinit>> (0x00000000e0d47910) thrown at [D:\src\AOSP-openjdk-cygwin\jdk8u\hotspot\src\share\vm\prims\jni.cpp, line 1614]
Event: 3.568 Thread 0x000000001885b000 Exception <a 'java/lang/NoSuchMethodError': <clinit>> (0x00000000e0da3070) thrown at [D:\src\AOSP-openjdk-cygwin\jdk8u\hotspot\src\share\vm\prims\jni.cpp, line 1614]
Event: 3.573 Thread 0x000000001885b000 Exception <a 'java/lang/NoSuchMethodError': <clinit>> (0x00000000e0ddac38) thrown at [D:\src\AOSP-openjdk-cygwin\jdk8u\hotspot\src\share\vm\prims\jni.cpp, line 1614]
Event: 3.582 Thread 0x000000001885b000 Exception <a 'java/lang/NoSuchMethodError': <clinit>> (0x00000000e0e111a8) thrown at [D:\src\AOSP-openjdk-cygwin\jdk8u\hotspot\src\share\vm\prims\jni.cpp, line 1614]
Event: 3.584 Thread 0x000000001885b000 Exception <a 'java/lang/NoSuchMethodError': <clinit>> (0x00000000e0e1cc20) thrown at [D:\src\AOSP-openjdk-cygwin\jdk8u\hotspot\src\share\vm\prims\jni.cpp, line 1614]
Event: 6.321 Thread 0x00000000193a2000 Exception <a 'java/lang/NoSuchMethodError': <clinit>> (0x00000000e171c620) thrown at [D:\src\AOSP-openjdk-cygwin\jdk8u\hotspot\src\share\vm\prims\jni.cpp, line 1614]
Event: 6.321 Thread 0x00000000193a2000 Exception <a 'java/lang/NoSuchMethodError': <clinit>> (0x00000000e171ea08) thrown at [D:\src\AOSP-openjdk-cygwin\jdk8u\hotspot\src\share\vm\prims\jni.cpp, line 1614]
Event: 6.329 Thread 0x00000000193a2000 Exception <a 'java/lang/NoSuchMethodError': <clinit>> (0x00000000e17286b0) thrown at [D:\src\AOSP-openjdk-cygwin\jdk8u\hotspot\src\share\vm\prims\jni.cpp, line 1614]
Event: 6.332 Thread 0x00000000193a2000 Exception <a 'java/lang/NoSuchMethodError': <clinit>> (0x00000000e1737870) thrown at [D:\src\AOSP-openjdk-cygwin\jdk8u\hotspot\src\share\vm\prims\jni.cpp, line 1614]

Events (10 events):
Event: 7.585 loading class org/apache/groovy/datetime/extensions/DateTimeExtensions done
Event: 7.588 loading class org/codehaus/groovy/jsr223/ScriptExtensions
Event: 7.588 loading class org/codehaus/groovy/jsr223/ScriptExtensions done
Event: 7.588 loading class org/codehaus/groovy/macro/methods/MacroGroovyMethods
Event: 7.588 loading class org/codehaus/groovy/macro/methods/MacroGroovyMethods done
Event: 7.589 loading class org/codehaus/groovy/macro/matcher/ASTMatcher
Event: 7.589 loading class org/codehaus/groovy/macro/matcher/ASTMatcher done
Event: 7.591 loading class org/codehaus/groovy/macro/matcher/ContextualClassCodeVisitor
Event: 7.591 loading class org/codehaus/groovy/macro/matcher/ContextualClassCodeVisitor done
Event: 7.592 Executing VM operation: CollectForMetadataAllocation


Dynamic libraries:
0x00007ff7fdf60000 - 0x00007ff7fdf91000 	C:\Program Files\Android\Android Studio\jre\bin\java.exe
0x00007ffa62850000 - 0x00007ffa62a44000 	C:\WINDOWS\SYSTEM32\ntdll.dll
0x00007ffa61f00000 - 0x00007ffa61fbd000 	C:\WINDOWS\System32\KERNEL32.DLL
0x00007ffa60420000 - 0x00007ffa606e7000 	C:\WINDOWS\System32\KERNELBASE.dll
0x00007ffa608b0000 - 0x00007ffa6095a000 	C:\WINDOWS\System32\ADVAPI32.dll
0x00007ffa60ae0000 - 0x00007ffa60b7e000 	C:\WINDOWS\System32\msvcrt.dll
0x00007ffa60eb0000 - 0x00007ffa60f4b000 	C:\WINDOWS\System32\sechost.dll
0x00007ffa609b0000 - 0x00007ffa60ad3000 	C:\WINDOWS\System32\RPCRT4.dll
0x00007ffa61000000 - 0x00007ffa611a0000 	C:\WINDOWS\System32\USER32.dll
0x00007ffa60030000 - 0x00007ffa60052000 	C:\WINDOWS\System32\win32u.dll
0x00007ffa60980000 - 0x00007ffa609aa000 	C:\WINDOWS\System32\GDI32.dll
0x00007ffa60750000 - 0x00007ffa6085a000 	C:\WINDOWS\System32\gdi32full.dll
0x00007ffa5ff90000 - 0x00007ffa6002d000 	C:\WINDOWS\System32\msvcp_win.dll
0x00007ffa60270000 - 0x00007ffa60370000 	C:\WINDOWS\System32\ucrtbase.dll
0x00007ffa4a620000 - 0x00007ffa4a8ba000 	C:\WINDOWS\WinSxS\amd64_microsoft.windows.common-controls_6595b64144ccf1df_6.0.19041.1_none_b555e41d4684ddec\COMCTL32.dll
0x00007ffa61fc0000 - 0x00007ffa61ff0000 	C:\WINDOWS\System32\IMM32.DLL
0x000000006a1e0000 - 0x000000006a2b2000 	C:\Program Files\Android\Android Studio\jre\jre\bin\msvcr100.dll
0x000000006a2c0000 - 0x000000006ab06000 	C:\Program Files\Android\Android Studio\jre\jre\bin\server\jvm.dll
0x00007ffa61280000 - 0x00007ffa61288000 	C:\WINDOWS\System32\PSAPI.DLL
0x00007ffa48820000 - 0x00007ffa48829000 	C:\WINDOWS\SYSTEM32\WSOCK32.dll
0x00007ffa48140000 - 0x00007ffa48167000 	C:\WINDOWS\SYSTEM32\WINMM.dll
0x00007ffa61210000 - 0x00007ffa6127b000 	C:\WINDOWS\System32\WS2_32.dll
0x00007ffa58560000 - 0x00007ffa5856a000 	C:\WINDOWS\SYSTEM32\VERSION.dll
0x00007ffa48810000 - 0x00007ffa4881f000 	C:\Program Files\Android\Android Studio\jre\jre\bin\verify.dll
0x00007ffa487e0000 - 0x00007ffa48809000 	C:\Program Files\Android\Android Studio\jre\jre\bin\java.dll
0x00007ffa487c0000 - 0x00007ffa487d6000 	C:\Program Files\Android\Android Studio\jre\jre\bin\zip.dll
0x00007ffa61ff0000 - 0x00007ffa62721000 	C:\WINDOWS\System32\SHELL32.dll
0x00007ffa5def0000 - 0x00007ffa5e67a000 	C:\WINDOWS\SYSTEM32\windows.storage.dll
0x00007ffa61290000 - 0x00007ffa615e4000 	C:\WINDOWS\System32\combase.dll
0x00007ffa5fa10000 - 0x00007ffa5fa3b000 	C:\WINDOWS\SYSTEM32\Wldp.dll
0x00007ffa60f50000 - 0x00007ffa60ffe000 	C:\WINDOWS\System32\SHCORE.dll
0x00007ffa60c30000 - 0x00007ffa60c85000 	C:\WINDOWS\System32\shlwapi.dll
0x00007ffa5fed0000 - 0x00007ffa5feef000 	C:\WINDOWS\SYSTEM32\profapi.dll
0x00007ffa47960000 - 0x00007ffa4797a000 	C:\Program Files\Android\Android Studio\jre\jre\bin\net.dll
0x00007ffa5f790000 - 0x00007ffa5f7fa000 	C:\WINDOWS\system32\mswsock.dll
0x00007ffa43430000 - 0x00007ffa43441000 	C:\Program Files\Android\Android Studio\jre\jre\bin\nio.dll
0x00007ffa3d920000 - 0x00007ffa3d946000 	C:\Users\HP\.gradle\wrapper\dists\gradle-2.14.1-all\native\29\windows-amd64\native-platform.dll
0x00007ffa47420000 - 0x00007ffa4742d000 	C:\Program Files\Android\Android Studio\jre\jre\bin\management.dll
0x00007ffa5f960000 - 0x00007ffa5f978000 	C:\WINDOWS\SYSTEM32\CRYPTSP.dll
0x00007ffa5f0b0000 - 0x00007ffa5f0e4000 	C:\WINDOWS\system32\rsaenh.dll
0x00007ffa603f0000 - 0x00007ffa60417000 	C:\WINDOWS\System32\bcrypt.dll
0x00007ffa5fe50000 - 0x00007ffa5fe7e000 	C:\WINDOWS\SYSTEM32\USERENV.dll
0x00007ffa60370000 - 0x00007ffa603ef000 	C:\WINDOWS\System32\bcryptprimitives.dll
0x00007ffa5f980000 - 0x00007ffa5f98c000 	C:\WINDOWS\SYSTEM32\CRYPTBASE.dll
0x00007ffa5f430000 - 0x00007ffa5f46b000 	C:\WINDOWS\SYSTEM32\IPHLPAPI.DLL
0x00007ffa615f0000 - 0x00007ffa615f9000 	C:\WINDOWS\System32\NSI.dll
0x00007ffa5dc70000 - 0x00007ffa5dc87000 	C:\WINDOWS\SYSTEM32\dhcpcsvc6.DLL
0x00007ffa5dc50000 - 0x00007ffa5dc6d000 	C:\WINDOWS\SYSTEM32\dhcpcsvc.DLL
0x00007ffa5f480000 - 0x00007ffa5f54a000 	C:\WINDOWS\SYSTEM32\DNSAPI.dll
0x00007ffa5e6b0000 - 0x00007ffa5e894000 	C:\WINDOWS\SYSTEM32\dbghelp.dll

VM Arguments:
jvm_args: -Xmx1536m -Dfile.encoding=windows-1252 -Duser.country=US -Duser.language=en -Duser.variant 
java_command: org.gradle.launcher.daemon.bootstrap.GradleDaemon 5.4.1
java_class_path (initial): C:\Users\HP\.gradle\wrapper\dists\gradle-2.14.1-all\wrapper\dists\gradle-5.4.1-all\3221gyojl5jsh0helicew7rwx\gradle-5.4.1\lib\gradle-launcher-5.4.1.jar
Launcher Type: SUN_STANDARD

Environment Variables:
PATH=C:\WINDOWS\system32;C:\WINDOWS;C:\WINDOWS\System32\Wbem;C:\WINDOWS\System32\WindowsPowerShell\v1.0\;C:\WINDOWS\System32\OpenSSH\;C:\Users\HP\AppData\Local\Microsoft\WindowsApps;E:\VS Code\Microsoft VS Code\bin;
USERNAME=HP
OS=Windows_NT
PROCESSOR_IDENTIFIER=Intel64 Family 6 Model 142 Stepping 9, GenuineIntel



---------------  S Y S T E M  ---------------

OS: Windows 10.0 , 64 bit Build 19041 (10.0.19041.1)

CPU:total 4 (initial active 4) (2 cores per cpu, 2 threads per core) family 6 model 142 stepping 9, cmov, cx8, fxsr, mmx, sse, sse2, sse3, ssse3, sse4.1, sse4.2, popcnt, avx, avx2, aes, clmul, erms, 3dnowpref, lzcnt, ht, tsc, tscinvbit, bmi1, bmi2, adx

Memory: 4k page, physical 8269220k(3003820k free), swap 16657828k(10969700k free)

vm_info: OpenJDK 64-Bit Server VM (25.202-b03) for windows-amd64 JRE (1.8.0_202-release-1483-b03), built by "builder" with MS VC++ 10.0 (VS2010)

time: Sun Jun 06 10:02:02 2021
timezone: India Standard Time
elapsed time: 7 seconds (0d 0h 0m 7s)

