#
# A fatal error has been detected by the Java Runtime Environment:
#
#  Internal Error (./src/hotspot/share/oops/methodData.cpp:1079), pid=6884, tid=8000
#  Error: ShouldNotReachHere()
#
# JRE version: OpenJDK Runtime Environment (11.0.10) (build 11.0.10+0-b96-7249189)
# Java VM: OpenJDK 64-Bit Server VM (11.0.10+0-b96-7249189, mixed mode, tiered, compressed oops, g1 gc, windows-amd64)
# No core dump will be written. Minidumps are not enabled by default on client versions of Windows
#
# If you would like to submit a bug report, please visit:
#   https://bugreport.java.com/bugreport/crash.jsp
#

---------------  S U M M A R Y ------------

Command Line: --add-opens=java.base/java.util=ALL-UNNAMED --add-opens=java.base/java.lang=ALL-UNNAMED --add-opens=java.base/java.lang.invoke=ALL-UNNAMED --add-opens=java.base/java.util=ALL-UNNAMED --add-opens=java.prefs/java.util.prefs=ALL-UNNAMED --add-opens=java.prefs/java.util.prefs=ALL-UNNAMED --add-opens=java.base/java.nio.charset=ALL-UNNAMED --add-opens=java.base/java.net=ALL-UNNAMED --add-opens=java.base/java.util.concurrent.atomic=ALL-UNNAMED -Xmx1536m -Dfile.encoding=windows-1252 -Duser.country=US -Duser.language=en -Duser.variant org.gradle.launcher.daemon.bootstrap.GradleDaemon 7.0.2

Host: Intel(R) Core(TM) i3-7020U CPU @ 2.30GHz, 4 cores, 7G,  Windows 10 , 64 bit Build 19041 (10.0.19041.1)
Time: Thu Oct 14 20:14:18 2021 India Standard Time elapsed time: 978.290129 seconds (0d 0h 16m 18s)

---------------  T H R E A D  ---------------

Current thread (0x000001df8fbc3800):  GCTaskThread "GC Thread#2" [stack: 0x0000005d25e00000,0x0000005d25f00000] [id=8000]

Stack: [0x0000005d25e00000,0x0000005d25f00000]
[error occurred during error reporting (printing stack bounds), id 0xc0000005, EXCEPTION_ACCESS_VIOLATION (0xc0000005) at pc=0x000001df80000f2d]

Native frames: (J=compiled Java code, j=interpreted, Vv=VM code, C=native code)
V  [jvm.dll+0x5ecfaa]
V  [jvm.dll+0x722bd5]
V  [jvm.dll+0x72412d]
V  [jvm.dll+0x724745]
V  [jvm.dll+0x7246fb]
V  [jvm.dll+0x5ec348]
V  [jvm.dll+0x5ecad8]
C  [ntdll.dll+0xa010f]
C  [ntdll.dll+0x4b4e4]
C  [ntdll.dll+0x9ec3e]
C  0x000001df80000f2d


---------------  P R O C E S S  ---------------

Threads class SMR info:
_java_thread_list=0x000001df9177f240, length=51, elements={
0x000001dff5786000, 0x000001dfff7e7000, 0x000001dfff7e8000, 0x000001dfff802000,
0x000001dfff804000, 0x000001dfff806800, 0x000001dfff80a800, 0x000001dfff80b800,
0x000001dfff9f6800, 0x000001dfffaf4000, 0x000001df917c9800, 0x000001dfffca8800,
0x000001df90a47000, 0x000001df91b4f000, 0x000001df91b50000, 0x000001df91b51000,
0x000001df90937800, 0x000001df90932000, 0x000001df90939000, 0x000001df90933800,
0x000001df9093a000, 0x000001df90934000, 0x000001df9093f000, 0x000001df918a7000,
0x000001df918a9800, 0x000001df918ac000, 0x000001df918b3000, 0x000001df918aa000,
0x000001df918a8000, 0x000001df918a8800, 0x000001df918ab000, 0x000001df918a5800,
0x000001df918a6000, 0x000001df918ae800, 0x000001df918b1000, 0x000001df918b2800,
0x000001df918af000, 0x000001df918ac800, 0x000001df918ad800, 0x000001df918b0000,
0x000001df90935000, 0x000001df90936800, 0x000001df90932800, 0x000001df9093e000,
0x000001df9093a800, 0x000001df9093b800, 0x000001df9093c800, 0x000001df90938800,
0x000001df9093f800, 0x000001df90940800, 0x000001df9a2b0000
}

Java Threads: ( => current thread )
  0x000001dff5786000 JavaThread "main" [_thread_blocked, id=1316, stack(0x0000005d24900000,0x0000005d24a00000)]
  0x000001dfff7e7000 JavaThread "Reference Handler" daemon [_thread_blocked, id=8084, stack(0x0000005d25100000,0x0000005d25200000)]
  0x000001dfff7e8000 JavaThread "Finalizer" daemon [_thread_blocked, id=5216, stack(0x0000005d25200000,0x0000005d25300000)]
  0x000001dfff802000 JavaThread "Signal Dispatcher" daemon [_thread_blocked, id=4644, stack(0x0000005d25300000,0x0000005d25400000)]
  0x000001dfff804000 JavaThread "Attach Listener" daemon [_thread_blocked, id=3012, stack(0x0000005d25400000,0x0000005d25500000)]
  0x000001dfff806800 JavaThread "Service Thread" daemon [_thread_blocked, id=1344, stack(0x0000005d25500000,0x0000005d25600000)]
  0x000001dfff80a800 JavaThread "C2 CompilerThread0" daemon [_thread_blocked, id=6436, stack(0x0000005d25600000,0x0000005d25700000)]
  0x000001dfff80b800 JavaThread "C1 CompilerThread0" daemon [_thread_blocked, id=5580, stack(0x0000005d25700000,0x0000005d25800000)]
  0x000001dfff9f6800 JavaThread "Sweeper thread" daemon [_thread_blocked, id=7216, stack(0x0000005d25800000,0x0000005d25900000)]
  0x000001dfffaf4000 JavaThread "Common-Cleaner" daemon [_thread_blocked, id=5764, stack(0x0000005d25900000,0x0000005d25a00000)]
  0x000001df917c9800 JavaThread "Daemon health stats" [_thread_blocked, id=1608, stack(0x0000005d25f00000,0x0000005d26000000)]
  0x000001dfffca8800 JavaThread "Incoming local TCP Connector on port 49837" [_thread_in_native, id=2340, stack(0x0000005d25c00000,0x0000005d25d00000)]
  0x000001df90a47000 JavaThread "Daemon periodic checks" [_thread_blocked, id=5652, stack(0x0000005d26000000,0x0000005d26100000)]
  0x000001df91b4f000 JavaThread "Cache worker for file hash cache (C:\Users\HP\.gradle\wrapper\dists\gradle-2.14.1-all\caches\7.0.2\fileHashes)" [_thread_blocked, id=3688, stack(0x0000005d26800000,0x0000005d26900000)]
  0x000001df91b50000 JavaThread "File lock request listener" [_thread_in_native, id=1840, stack(0x0000005d26900000,0x0000005d26a00000)]
  0x000001df91b51000 JavaThread "Cache worker for journal cache (C:\Users\HP\.gradle\wrapper\dists\gradle-2.14.1-all\caches\journal-1)" [_thread_blocked, id=6880, stack(0x0000005d26b00000,0x0000005d26c00000)]
  0x000001df90937800 JavaThread "File watcher server" daemon [_thread_blocked, id=5944, stack(0x0000005d26e00000,0x0000005d26f00000)]
  0x000001df90932000 JavaThread "File watcher consumer" daemon [_thread_blocked, id=5488, stack(0x0000005d26f00000,0x0000005d27000000)]
  0x000001df90939000 JavaThread "Cache worker for execution history cache (C:\Users\HP\.gradle\wrapper\dists\gradle-2.14.1-all\caches\7.0.2\executionHistory)" [_thread_blocked, id=4984, stack(0x0000005d27300000,0x0000005d27400000)]
  0x000001df90933800 JavaThread "jar transforms" [_thread_blocked, id=7988, stack(0x0000005d27400000,0x0000005d27500000)]
  0x000001df9093a000 JavaThread "jar transforms Thread 2" [_thread_blocked, id=1976, stack(0x0000005d27500000,0x0000005d27600000)]
  0x000001df90934000 JavaThread "Cache worker for file content cache (C:\Users\HP\.gradle\wrapper\dists\gradle-2.14.1-all\caches\7.0.2\fileContent)" [_thread_blocked, id=3436, stack(0x0000005d27600000,0x0000005d27700000)]
  0x000001df9093f000 JavaThread "jar transforms Thread 3" [_thread_blocked, id=5536, stack(0x0000005d27800000,0x0000005d27900000)]
  0x000001df918a7000 JavaThread "jar transforms Thread 4" [_thread_blocked, id=2644, stack(0x0000005d27d00000,0x0000005d27e00000)]
  0x000001df918a9800 JavaThread "Memory manager" [_thread_blocked, id=7976, stack(0x0000005d27f00000,0x0000005d28000000)]
  0x000001df918ac000 JavaThread "Cache worker for Java compile cache (C:\Users\HP\.gradle\wrapper\dists\gradle-2.14.1-all\caches\7.0.2\javaCompile)" [_thread_blocked, id=1596, stack(0x0000005d27e00000,0x0000005d27f00000)]
  0x000001df918b3000 JavaThread "ForkJoinPool.commonPool-worker-3" daemon [_thread_blocked, id=7636, stack(0x0000005d24800000,0x0000005d24900000)]
  0x000001df918aa000 JavaThread "Daemon Thread 2" [_thread_blocked, id=9444, stack(0x0000005d24a00000,0x0000005d24b00000)]
  0x000001df918a8000 JavaThread "Handler for socket connection from /127.0.0.1:49837 to /127.0.0.1:59034" [_thread_in_native, id=9908, stack(0x0000005d25b00000,0x0000005d25c00000)]
  0x000001df918a8800 JavaThread "Cancel handler" [_thread_blocked, id=9676, stack(0x0000005d26100000,0x0000005d26200000)]
  0x000001df918ab000 JavaThread "Daemon worker Thread 2" [_thread_blocked, id=5028, stack(0x0000005d26200000,0x0000005d26300000)]
  0x000001df918a5800 JavaThread "Asynchronous log dispatcher for DefaultDaemonConnection: socket connection from /127.0.0.1:49837 to /127.0.0.1:59034" [_thread_blocked, id=4004, stack(0x0000005d26300000,0x0000005d26400000)]
  0x000001df918a6000 JavaThread "Stdin handler" [_thread_blocked, id=9064, stack(0x0000005d26400000,0x0000005d26500000)]
  0x000001df918ae800 JavaThread "Daemon client event forwarder" [_thread_blocked, id=8780, stack(0x0000005d26500000,0x0000005d26600000)]
  0x000001df918b1000 JavaThread "Cache worker for file hash cache (C:\Users\HP\AndroidStudioProjects\QuizzerExtended\QuizzerClass\.gradle\7.0.2\fileHashes)" [_thread_blocked, id=5280, stack(0x0000005d26600000,0x0000005d26700000)]
  0x000001df918b2800 JavaThread "Cache worker for checksums cache (C:\Users\HP\AndroidStudioProjects\QuizzerExtended\QuizzerClass\.gradle\checksums)" [_thread_blocked, id=6832, stack(0x0000005d26c00000,0x0000005d26d00000)]
  0x000001df918af000 JavaThread "Cache worker for cache directory md-supplier (C:\Users\HP\.gradle\wrapper\dists\gradle-2.14.1-all\caches\7.0.2\md-supplier)" [_thread_blocked, id=9912, stack(0x0000005d26d00000,0x0000005d26e00000)]
  0x000001df918ac800 JavaThread "Cache worker for cache directory md-rule (C:\Users\HP\.gradle\wrapper\dists\gradle-2.14.1-all\caches\7.0.2\md-rule)" [_thread_blocked, id=9004, stack(0x0000005d27000000,0x0000005d27100000)]
  0x000001df918ad800 JavaThread "Cache worker for dependencies-accessors (C:\Users\HP\AndroidStudioProjects\QuizzerExtended\QuizzerClass\.gradle\7.0.2\dependencies-accessors)" [_thread_blocked, id=5628, stack(0x0000005d27100000,0x0000005d27200000)]
  0x000001df918b0000 JavaThread "Cache worker for Build Output Cleanup Cache (C:\Users\HP\AndroidStudioProjects\QuizzerExtended\QuizzerClass\.gradle\buildOutputCleanup)" [_thread_blocked, id=4092, stack(0x0000005d26700000,0x0000005d26800000)]
  0x000001df90935000 JavaThread "Build operations" [_thread_blocked, id=5728, stack(0x0000005d27200000,0x0000005d27300000)]
  0x000001df90936800 JavaThread "Build operations Thread 2" [_thread_blocked, id=9344, stack(0x0000005d27700000,0x0000005d27800000)]
  0x000001df90932800 JavaThread "Build operations Thread 3" [_thread_blocked, id=7036, stack(0x0000005d27900000,0x0000005d27a00000)]
  0x000001df9093e000 JavaThread "Build operations Thread 4" [_thread_blocked, id=7700, stack(0x0000005d27a00000,0x0000005d27b00000)]
  0x000001df9093a800 JavaThread "build event listener" [_thread_blocked, id=9112, stack(0x0000005d27c00000,0x0000005d27d00000)]
  0x000001df9093b800 JavaThread "Execution worker for ':'" [_thread_blocked, id=7264, stack(0x0000005d28000000,0x0000005d28100000)]
  0x000001df9093c800 JavaThread "Execution worker for ':' Thread 2" [_thread_blocked, id=7004, stack(0x0000005d28100000,0x0000005d28200000)]
  0x000001df90938800 JavaThread "Execution worker for ':' Thread 3" [_thread_blocked, id=9080, stack(0x0000005d28200000,0x0000005d28300000)]
  0x000001df9093f800 JavaThread "Cache worker for execution history cache (C:\Users\HP\AndroidStudioProjects\QuizzerExtended\QuizzerClass\.gradle\7.0.2\executionHistory)" [_thread_blocked, id=4104, stack(0x0000005d28300000,0x0000005d28400000)]
  0x000001df90940800 JavaThread "Cache worker for Java compile cache (C:\Users\HP\AndroidStudioProjects\QuizzerExtended\QuizzerClass\.gradle\7.0.2\javaCompile)" [_thread_blocked, id=8476, stack(0x0000005d28400000,0x0000005d28500000)]
  0x000001df9a2b0000 JavaThread "C2 CompilerThread1" daemon [_thread_blocked, id=8412, stack(0x0000005d27b00000,0x0000005d27c00000)]

Other Threads:
  0x000001dfff7c1800 VMThread "VM Thread" [stack: 0x0000005d25000000,0x0000005d25100000] [id=8104]
  0x000001dfffb19000 WatcherThread [stack: 0x0000005d25a00000,0x0000005d25b00000] [id=7364]
  0x000001dff579f800 GCTaskThread "GC Thread#0" [stack: 0x0000005d24b00000,0x0000005d24c00000] [id=3004]
  0x000001df8f8ee000 GCTaskThread "GC Thread#1" [stack: 0x0000005d25d00000,0x0000005d25e00000] [id=1480]
=>0x000001df8fbc3800 GCTaskThread "GC Thread#2" [stack: 0x0000005d25e00000,0x0000005d25f00000] [id=8000]
  0x000001df9187b000 GCTaskThread "GC Thread#3" [stack: 0x0000005d26a00000,0x0000005d26b00000] [id=8028]
  0x000001dff57c6000 ConcurrentGCThread "G1 Main Marker" [stack: 0x0000005d24c00000,0x0000005d24d00000] [id=3660]
  0x000001dff57c7800 ConcurrentGCThread "G1 Conc#0" [stack: 0x0000005d24d00000,0x0000005d24e00000] [id=1488]
  0x000001dff5859800 ConcurrentGCThread "G1 Refine#0" [stack: 0x0000005d24e00000,0x0000005d24f00000] [id=6592]
  0x000001dff585a800 ConcurrentGCThread "G1 Young RemSet Sampling" [stack: 0x0000005d24f00000,0x0000005d25000000] [id=5200]

Threads with active compile tasks:

VM state:at safepoint (normal execution)

VM Mutex/Monitor currently owned by a thread:  ([mutex/lock_event])
[0x000001dff5782e00] Threads_lock - owner thread: 0x000001dfff7c1800
[0x000001dff5782fb0] Heap_lock - owner thread: 0x000001dff57c6000

Heap address: 0x00000000a0000000, size: 1536 MB, Compressed Oops mode: 32-bit
Narrow klass base: 0x0000000000000000, Narrow klass shift: 3
Compressed class space size: 1073741824 Address: 0x0000000100000000

Heap:
 garbage-first heap   total 155648K, used 120319K [0x00000000a0000000, 0x0000000100000000)
  region size 1024K, 17 young (17408K), 3 survivors (3072K)
 Metaspace       used 109448K, capacity 112485K, committed 112768K, reserved 1146880K
  class space    used 14211K, capacity 15387K, committed 15488K, reserved 1048576K
Heap Regions: E=young(eden), S=young(survivor), O=old, HS=humongous(starts), HC=humongous(continues), CS=collection set, F=free, A=archive, TAMS=top-at-mark-start (previous, next)
|   0|0x00000000a0000000, 0x00000000a0100000, 0x00000000a0100000|100%|HS|  |TAMS 0x00000000a0100000, 0x00000000a0100000| Complete 
|   1|0x00000000a0100000, 0x00000000a0200000, 0x00000000a0200000|100%|HC|  |TAMS 0x00000000a0200000, 0x00000000a0200000| Complete 
|   2|0x00000000a0200000, 0x00000000a0300000, 0x00000000a0300000|100%|HC|  |TAMS 0x00000000a0300000, 0x00000000a0300000| Complete 
|   3|0x00000000a0300000, 0x00000000a0400000, 0x00000000a0400000|100%| O|  |TAMS 0x00000000a0400000, 0x00000000a0400000| Untracked 
|   4|0x00000000a0400000, 0x00000000a0500000, 0x00000000a0500000|100%| O|  |TAMS 0x00000000a0500000, 0x00000000a0500000| Untracked 
|   5|0x00000000a0500000, 0x00000000a0600000, 0x00000000a0600000|100%| O|  |TAMS 0x00000000a0600000, 0x00000000a0600000| Untracked 
|   6|0x00000000a0600000, 0x00000000a0700000, 0x00000000a0700000|100%| O|  |TAMS 0x00000000a0700000, 0x00000000a0700000| Untracked 
|   7|0x00000000a0700000, 0x00000000a0800000, 0x00000000a0800000|100%| O|  |TAMS 0x00000000a0800000, 0x00000000a0800000| Untracked 
|   8|0x00000000a0800000, 0x00000000a0900000, 0x00000000a0900000|100%| O|  |TAMS 0x00000000a0900000, 0x00000000a0900000| Untracked 
|   9|0x00000000a0900000, 0x00000000a0a00000, 0x00000000a0a00000|100%| O|  |TAMS 0x00000000a0a00000, 0x00000000a0a00000| Untracked 
|  10|0x00000000a0a00000, 0x00000000a0b00000, 0x00000000a0b00000|100%| O|  |TAMS 0x00000000a0b00000, 0x00000000a0b00000| Untracked 
|  11|0x00000000a0b00000, 0x00000000a0c00000, 0x00000000a0c00000|100%| O|  |TAMS 0x00000000a0c00000, 0x00000000a0c00000| Untracked 
|  12|0x00000000a0c00000, 0x00000000a0d00000, 0x00000000a0d00000|100%| O|  |TAMS 0x00000000a0d00000, 0x00000000a0d00000| Untracked 
|  13|0x00000000a0d00000, 0x00000000a0e00000, 0x00000000a0e00000|100%| O|  |TAMS 0x00000000a0e00000, 0x00000000a0e00000| Untracked 
|  14|0x00000000a0e00000, 0x00000000a0f00000, 0x00000000a0f00000|100%| O|  |TAMS 0x00000000a0f00000, 0x00000000a0f00000| Untracked 
|  15|0x00000000a0f00000, 0x00000000a1000000, 0x00000000a1000000|100%| O|  |TAMS 0x00000000a1000000, 0x00000000a1000000| Untracked 
|  16|0x00000000a1000000, 0x00000000a1100000, 0x00000000a1100000|100%| O|  |TAMS 0x00000000a1100000, 0x00000000a1100000| Untracked 
|  17|0x00000000a1100000, 0x00000000a1200000, 0x00000000a1200000|100%|HS|  |TAMS 0x00000000a1200000, 0x00000000a1200000| Complete 
|  18|0x00000000a1200000, 0x00000000a1300000, 0x00000000a1300000|100%| O|  |TAMS 0x00000000a1300000, 0x00000000a1300000| Untracked 
|  19|0x00000000a1300000, 0x00000000a1400000, 0x00000000a1400000|100%| O|  |TAMS 0x00000000a1400000, 0x00000000a1400000| Untracked 
|  20|0x00000000a1400000, 0x00000000a1500000, 0x00000000a1500000|100%| O|  |TAMS 0x00000000a1500000, 0x00000000a1500000| Untracked 
|  21|0x00000000a1500000, 0x00000000a1600000, 0x00000000a1600000|100%| O|  |TAMS 0x00000000a1600000, 0x00000000a1600000| Untracked 
|  22|0x00000000a1600000, 0x00000000a1700000, 0x00000000a1700000|100%| O|  |TAMS 0x00000000a1700000, 0x00000000a1700000| Untracked 
|  23|0x00000000a1700000, 0x00000000a1800000, 0x00000000a1800000|100%| O|  |TAMS 0x00000000a1800000, 0x00000000a1800000| Untracked 
|  24|0x00000000a1800000, 0x00000000a1900000, 0x00000000a1900000|100%|HS|  |TAMS 0x00000000a1900000, 0x00000000a1900000| Complete 
|  25|0x00000000a1900000, 0x00000000a1a00000, 0x00000000a1a00000|100%|HS|  |TAMS 0x00000000a1a00000, 0x00000000a1a00000| Complete 
|  26|0x00000000a1a00000, 0x00000000a1b00000, 0x00000000a1b00000|100%|HC|  |TAMS 0x00000000a1b00000, 0x00000000a1b00000| Complete 
|  27|0x00000000a1b00000, 0x00000000a1c00000, 0x00000000a1c00000|100%| O|  |TAMS 0x00000000a1c00000, 0x00000000a1c00000| Untracked 
|  28|0x00000000a1c00000, 0x00000000a1d00000, 0x00000000a1d00000|100%| O|  |TAMS 0x00000000a1d00000, 0x00000000a1d00000| Untracked 
|  29|0x00000000a1d00000, 0x00000000a1e00000, 0x00000000a1e00000|100%| O|  |TAMS 0x00000000a1e00000, 0x00000000a1e00000| Untracked 
|  30|0x00000000a1e00000, 0x00000000a1f00000, 0x00000000a1f00000|100%| O|  |TAMS 0x00000000a1f00000, 0x00000000a1f00000| Untracked 
|  31|0x00000000a1f00000, 0x00000000a2000000, 0x00000000a2000000|100%| O|  |TAMS 0x00000000a2000000, 0x00000000a2000000| Untracked 
|  32|0x00000000a2000000, 0x00000000a2100000, 0x00000000a2100000|100%| O|  |TAMS 0x00000000a2100000, 0x00000000a2100000| Untracked 
|  33|0x00000000a2100000, 0x00000000a2200000, 0x00000000a2200000|100%| O|  |TAMS 0x00000000a2200000, 0x00000000a2200000| Untracked 
|  34|0x00000000a2200000, 0x00000000a2300000, 0x00000000a2300000|100%| O|  |TAMS 0x00000000a2300000, 0x00000000a2300000| Untracked 
|  35|0x00000000a2300000, 0x00000000a2400000, 0x00000000a2400000|100%| O|  |TAMS 0x00000000a2400000, 0x00000000a2400000| Untracked 
|  36|0x00000000a2400000, 0x00000000a2500000, 0x00000000a2500000|100%| O|  |TAMS 0x00000000a2500000, 0x00000000a2500000| Untracked 
|  37|0x00000000a2500000, 0x00000000a2600000, 0x00000000a2600000|100%| O|  |TAMS 0x00000000a2600000, 0x00000000a2600000| Untracked 
|  38|0x00000000a2600000, 0x00000000a2700000, 0x00000000a2700000|100%| O|  |TAMS 0x00000000a2700000, 0x00000000a2700000| Untracked 
|  39|0x00000000a2700000, 0x00000000a2800000, 0x00000000a2800000|100%| O|  |TAMS 0x00000000a2800000, 0x00000000a2800000| Untracked 
|  40|0x00000000a2800000, 0x00000000a2900000, 0x00000000a2900000|100%| O|  |TAMS 0x00000000a2900000, 0x00000000a2900000| Untracked 
|  41|0x00000000a2900000, 0x00000000a2a00000, 0x00000000a2a00000|100%| O|  |TAMS 0x00000000a2a00000, 0x00000000a2a00000| Untracked 
|  42|0x00000000a2a00000, 0x00000000a2b00000, 0x00000000a2b00000|100%| O|  |TAMS 0x00000000a2b00000, 0x00000000a2b00000| Untracked 
|  43|0x00000000a2b00000, 0x00000000a2c00000, 0x00000000a2c00000|100%| O|  |TAMS 0x00000000a2c00000, 0x00000000a2c00000| Untracked 
|  44|0x00000000a2c00000, 0x00000000a2d00000, 0x00000000a2d00000|100%| O|  |TAMS 0x00000000a2d00000, 0x00000000a2d00000| Untracked 
|  45|0x00000000a2d00000, 0x00000000a2e00000, 0x00000000a2e00000|100%| O|  |TAMS 0x00000000a2e00000, 0x00000000a2e00000| Untracked 
|  46|0x00000000a2e00000, 0x00000000a2f00000, 0x00000000a2f00000|100%| O|  |TAMS 0x00000000a2f00000, 0x00000000a2f00000| Untracked 
|  47|0x00000000a2f00000, 0x00000000a3000000, 0x00000000a3000000|100%| O|  |TAMS 0x00000000a3000000, 0x00000000a3000000| Untracked 
|  48|0x00000000a3000000, 0x00000000a3100000, 0x00000000a3100000|100%| O|  |TAMS 0x00000000a3100000, 0x00000000a3100000| Untracked 
|  49|0x00000000a3100000, 0x00000000a3200000, 0x00000000a3200000|100%| O|  |TAMS 0x00000000a3200000, 0x00000000a3200000| Untracked 
|  50|0x00000000a3200000, 0x00000000a3300000, 0x00000000a3300000|100%| O|  |TAMS 0x00000000a3300000, 0x00000000a3300000| Untracked 
|  51|0x00000000a3300000, 0x00000000a3400000, 0x00000000a3400000|100%| O|  |TAMS 0x00000000a3400000, 0x00000000a3400000| Untracked 
|  52|0x00000000a3400000, 0x00000000a3500000, 0x00000000a3500000|100%| O|  |TAMS 0x00000000a3500000, 0x00000000a3500000| Untracked 
|  53|0x00000000a3500000, 0x00000000a3600000, 0x00000000a3600000|100%| O|  |TAMS 0x00000000a3600000, 0x00000000a3600000| Untracked 
|  54|0x00000000a3600000, 0x00000000a3700000, 0x00000000a3700000|100%| O|  |TAMS 0x00000000a3700000, 0x00000000a3700000| Untracked 
|  55|0x00000000a3700000, 0x00000000a3800000, 0x00000000a3800000|100%| O|  |TAMS 0x00000000a3800000, 0x00000000a3800000| Untracked 
|  56|0x00000000a3800000, 0x00000000a3900000, 0x00000000a3900000|100%| O|  |TAMS 0x00000000a3900000, 0x00000000a3900000| Untracked 
|  57|0x00000000a3900000, 0x00000000a3a00000, 0x00000000a3a00000|100%| O|  |TAMS 0x00000000a3a00000, 0x00000000a3a00000| Untracked 
|  58|0x00000000a3a00000, 0x00000000a3b00000, 0x00000000a3b00000|100%| O|  |TAMS 0x00000000a3b00000, 0x00000000a3b00000| Untracked 
|  59|0x00000000a3b00000, 0x00000000a3c00000, 0x00000000a3c00000|100%| O|  |TAMS 0x00000000a3c00000, 0x00000000a3c00000| Untracked 
|  60|0x00000000a3c00000, 0x00000000a3d00000, 0x00000000a3d00000|100%| O|  |TAMS 0x00000000a3d00000, 0x00000000a3d00000| Untracked 
|  61|0x00000000a3d00000, 0x00000000a3e00000, 0x00000000a3e00000|100%| O|  |TAMS 0x00000000a3e00000, 0x00000000a3e00000| Untracked 
|  62|0x00000000a3e00000, 0x00000000a3f00000, 0x00000000a3f00000|100%| O|  |TAMS 0x00000000a3f00000, 0x00000000a3f00000| Untracked 
|  63|0x00000000a3f00000, 0x00000000a4000000, 0x00000000a4000000|100%| O|  |TAMS 0x00000000a4000000, 0x00000000a4000000| Untracked 
|  64|0x00000000a4000000, 0x00000000a4100000, 0x00000000a4100000|100%| O|  |TAMS 0x00000000a4100000, 0x00000000a4100000| Untracked 
|  65|0x00000000a4100000, 0x00000000a4200000, 0x00000000a4200000|100%| O|  |TAMS 0x00000000a4200000, 0x00000000a4200000| Untracked 
|  66|0x00000000a4200000, 0x00000000a4300000, 0x00000000a4300000|100%| O|  |TAMS 0x00000000a4300000, 0x00000000a4300000| Untracked 
|  67|0x00000000a4300000, 0x00000000a4400000, 0x00000000a4400000|100%| O|  |TAMS 0x00000000a4400000, 0x00000000a4400000| Untracked 
|  68|0x00000000a4400000, 0x00000000a4500000, 0x00000000a4500000|100%| O|  |TAMS 0x00000000a4500000, 0x00000000a4500000| Untracked 
|  69|0x00000000a4500000, 0x00000000a4600000, 0x00000000a4600000|100%| O|  |TAMS 0x00000000a4600000, 0x00000000a4600000| Untracked 
|  70|0x00000000a4600000, 0x00000000a4700000, 0x00000000a4700000|100%| O|  |TAMS 0x00000000a4700000, 0x00000000a4700000| Untracked 
|  71|0x00000000a4700000, 0x00000000a4800000, 0x00000000a4800000|100%| O|  |TAMS 0x00000000a4800000, 0x00000000a4800000| Untracked 
|  72|0x00000000a4800000, 0x00000000a4900000, 0x00000000a4900000|100%| O|  |TAMS 0x00000000a4900000, 0x00000000a4900000| Untracked 
|  73|0x00000000a4900000, 0x00000000a4a00000, 0x00000000a4a00000|100%| O|  |TAMS 0x00000000a4a00000, 0x00000000a4a00000| Untracked 
|  74|0x00000000a4a00000, 0x00000000a4b00000, 0x00000000a4b00000|100%| O|  |TAMS 0x00000000a4b00000, 0x00000000a4b00000| Untracked 
|  75|0x00000000a4b00000, 0x00000000a4c00000, 0x00000000a4c00000|100%| O|  |TAMS 0x00000000a4c00000, 0x00000000a4c00000| Untracked 
|  76|0x00000000a4c00000, 0x00000000a4d00000, 0x00000000a4d00000|100%| O|  |TAMS 0x00000000a4d00000, 0x00000000a4d00000| Untracked 
|  77|0x00000000a4d00000, 0x00000000a4e00000, 0x00000000a4e00000|100%| O|  |TAMS 0x00000000a4e00000, 0x00000000a4e00000| Untracked 
|  78|0x00000000a4e00000, 0x00000000a4f00000, 0x00000000a4f00000|100%| O|  |TAMS 0x00000000a4f00000, 0x00000000a4f00000| Untracked 
|  79|0x00000000a4f00000, 0x00000000a5000000, 0x00000000a5000000|100%| O|  |TAMS 0x00000000a5000000, 0x00000000a5000000| Untracked 
|  80|0x00000000a5000000, 0x00000000a5100000, 0x00000000a5100000|100%| O|  |TAMS 0x00000000a5100000, 0x00000000a5100000| Untracked 
|  81|0x00000000a5100000, 0x00000000a5200000, 0x00000000a5200000|100%| O|  |TAMS 0x00000000a5200000, 0x00000000a5200000| Untracked 
|  82|0x00000000a5200000, 0x00000000a5300000, 0x00000000a5300000|100%| O|  |TAMS 0x00000000a5300000, 0x00000000a5300000| Untracked 
|  83|0x00000000a5300000, 0x00000000a5400000, 0x00000000a5400000|100%| O|  |TAMS 0x00000000a5400000, 0x00000000a5400000| Untracked 
|  84|0x00000000a5400000, 0x00000000a5500000, 0x00000000a5500000|100%| O|  |TAMS 0x00000000a5500000, 0x00000000a5500000| Untracked 
|  85|0x00000000a5500000, 0x00000000a5600000, 0x00000000a5600000|100%| O|  |TAMS 0x00000000a5500000, 0x00000000a5600000| Untracked 
|  86|0x00000000a5600000, 0x00000000a5700000, 0x00000000a5700000|100%| O|  |TAMS 0x00000000a5600000, 0x00000000a5700000| Untracked 
|  87|0x00000000a5700000, 0x00000000a5800000, 0x00000000a5800000|100%| O|  |TAMS 0x00000000a5800000, 0x00000000a5800000| Untracked 
|  88|0x00000000a5800000, 0x00000000a5900000, 0x00000000a5900000|100%| O|  |TAMS 0x00000000a5800000, 0x00000000a5900000| Untracked 
|  89|0x00000000a5900000, 0x00000000a5a00000, 0x00000000a5a00000|100%| O|  |TAMS 0x00000000a5951c00, 0x00000000a5a00000| Untracked 
|  90|0x00000000a5a00000, 0x00000000a5b00000, 0x00000000a5b00000|100%| O|  |TAMS 0x00000000a5b00000, 0x00000000a5b00000| Untracked 
|  91|0x00000000a5b00000, 0x00000000a5c00000, 0x00000000a5c00000|100%| O|  |TAMS 0x00000000a5b00000, 0x00000000a5c00000| Untracked 
|  92|0x00000000a5c00000, 0x00000000a5cb9200, 0x00000000a5d00000| 72%| O|  |TAMS 0x00000000a5c00000, 0x00000000a5cb9200| Untracked 
|  93|0x00000000a5d00000, 0x00000000a5e00000, 0x00000000a5e00000|100%|HS|  |TAMS 0x00000000a5d00000, 0x00000000a5d00000| Complete 
|  94|0x00000000a5e00000, 0x00000000a5f00000, 0x00000000a5f00000|100%|HC|  |TAMS 0x00000000a5e00000, 0x00000000a5e00000| Complete 
|  95|0x00000000a5f00000, 0x00000000a6000000, 0x00000000a6000000|100%| O|  |TAMS 0x00000000a6000000, 0x00000000a6000000| Untracked 
|  96|0x00000000a6000000, 0x00000000a6100000, 0x00000000a6100000|100%| O|  |TAMS 0x00000000a6000000, 0x00000000a6100000| Untracked 
|  97|0x00000000a6100000, 0x00000000a6200000, 0x00000000a6200000|100%| O|  |TAMS 0x00000000a6200000, 0x00000000a6200000| Untracked 
|  98|0x00000000a6200000, 0x00000000a6300000, 0x00000000a6300000|100%| O|  |TAMS 0x00000000a6300000, 0x00000000a6300000| Untracked 
|  99|0x00000000a6300000, 0x00000000a6400000, 0x00000000a6400000|100%| O|  |TAMS 0x00000000a6400000, 0x00000000a6400000| Untracked 
| 100|0x00000000a6400000, 0x00000000a6500000, 0x00000000a6500000|100%| O|  |TAMS 0x00000000a6500000, 0x00000000a6500000| Untracked 
| 101|0x00000000a6500000, 0x00000000a6600000, 0x00000000a6600000|100%| O|  |TAMS 0x00000000a6600000, 0x00000000a6600000| Untracked 
| 102|0x00000000a6600000, 0x00000000a6600000, 0x00000000a6700000|  0%| F|  |TAMS 0x00000000a6600000, 0x00000000a6600000| Untracked 
| 103|0x00000000a6700000, 0x00000000a6700000, 0x00000000a6800000|  0%| F|  |TAMS 0x00000000a6700000, 0x00000000a6700000| Untracked 
| 104|0x00000000a6800000, 0x00000000a6800000, 0x00000000a6900000|  0%| F|  |TAMS 0x00000000a6800000, 0x00000000a6800000| Untracked 
| 105|0x00000000a6900000, 0x00000000a6900000, 0x00000000a6a00000|  0%| F|  |TAMS 0x00000000a6900000, 0x00000000a6900000| Untracked 
| 106|0x00000000a6a00000, 0x00000000a6a00000, 0x00000000a6b00000|  0%| F|  |TAMS 0x00000000a6a00000, 0x00000000a6a00000| Untracked 
| 107|0x00000000a6b00000, 0x00000000a6b00000, 0x00000000a6c00000|  0%| F|  |TAMS 0x00000000a6b00000, 0x00000000a6b00000| Untracked 
| 108|0x00000000a6c00000, 0x00000000a6c00000, 0x00000000a6d00000|  0%| F|  |TAMS 0x00000000a6c00000, 0x00000000a6c00000| Untracked 
| 109|0x00000000a6d00000, 0x00000000a6d00000, 0x00000000a6e00000|  0%| F|  |TAMS 0x00000000a6d00000, 0x00000000a6d00000| Untracked 
| 110|0x00000000a6e00000, 0x00000000a6e00000, 0x00000000a6f00000|  0%| F|  |TAMS 0x00000000a6e00000, 0x00000000a6e00000| Untracked 
| 111|0x00000000a6f00000, 0x00000000a6f00000, 0x00000000a7000000|  0%| F|  |TAMS 0x00000000a6f00000, 0x00000000a6f00000| Untracked 
| 112|0x00000000a7000000, 0x00000000a7000000, 0x00000000a7100000|  0%| F|  |TAMS 0x00000000a7000000, 0x00000000a7000000| Untracked 
| 113|0x00000000a7100000, 0x00000000a7100000, 0x00000000a7200000|  0%| F|  |TAMS 0x00000000a7100000, 0x00000000a7100000| Untracked 
| 114|0x00000000a7200000, 0x00000000a7300000, 0x00000000a7300000|100%| O|  |TAMS 0x00000000a7200000, 0x00000000a7300000| Untracked 
| 115|0x00000000a7300000, 0x00000000a7300000, 0x00000000a7400000|  0%| F|  |TAMS 0x00000000a7300000, 0x00000000a7300000| Untracked 
| 116|0x00000000a7400000, 0x00000000a7400000, 0x00000000a7500000|  0%| F|  |TAMS 0x00000000a7400000, 0x00000000a7400000| Untracked 
| 117|0x00000000a7500000, 0x00000000a7500000, 0x00000000a7600000|  0%| F|  |TAMS 0x00000000a7500000, 0x00000000a7500000| Untracked 
| 118|0x00000000a7600000, 0x00000000a7600000, 0x00000000a7700000|  0%| F|  |TAMS 0x00000000a7600000, 0x00000000a7600000| Untracked 
| 119|0x00000000a7700000, 0x00000000a7700000, 0x00000000a7800000|  0%| F|  |TAMS 0x00000000a7700000, 0x00000000a7700000| Untracked 
| 120|0x00000000a7800000, 0x00000000a7800000, 0x00000000a7900000|  0%| F|  |TAMS 0x00000000a7800000, 0x00000000a7800000| Untracked 
| 121|0x00000000a7900000, 0x00000000a7900000, 0x00000000a7a00000|  0%| F|  |TAMS 0x00000000a7900000, 0x00000000a7900000| Untracked 
| 122|0x00000000a7a00000, 0x00000000a7a00000, 0x00000000a7b00000|  0%| F|  |TAMS 0x00000000a7a00000, 0x00000000a7a00000| Untracked 
| 123|0x00000000a7b00000, 0x00000000a7b00000, 0x00000000a7c00000|  0%| F|  |TAMS 0x00000000a7b00000, 0x00000000a7b00000| Untracked 
| 124|0x00000000a7c00000, 0x00000000a7cc6cc8, 0x00000000a7d00000| 77%| S|CS|TAMS 0x00000000a7c00000, 0x00000000a7c00000| Complete 
| 125|0x00000000a7d00000, 0x00000000a7e00000, 0x00000000a7e00000|100%| S|CS|TAMS 0x00000000a7d00000, 0x00000000a7d00000| Complete 
| 126|0x00000000a7e00000, 0x00000000a7f00000, 0x00000000a7f00000|100%| S|CS|TAMS 0x00000000a7e00000, 0x00000000a7e00000| Complete 
| 127|0x00000000a7f00000, 0x00000000a7f00000, 0x00000000a8000000|  0%| F|  |TAMS 0x00000000a7f00000, 0x00000000a7f00000| Untracked 
| 128|0x00000000a8000000, 0x00000000a8000000, 0x00000000a8100000|  0%| F|  |TAMS 0x00000000a8000000, 0x00000000a8000000| Untracked 
| 129|0x00000000a8100000, 0x00000000a8100000, 0x00000000a8200000|  0%| F|  |TAMS 0x00000000a8100000, 0x00000000a8100000| Untracked 
| 130|0x00000000a8200000, 0x00000000a8200000, 0x00000000a8300000|  0%| F|  |TAMS 0x00000000a8200000, 0x00000000a8200000| Untracked 
| 131|0x00000000a8300000, 0x00000000a8300000, 0x00000000a8400000|  0%| F|  |TAMS 0x00000000a8300000, 0x00000000a8300000| Untracked 
| 132|0x00000000a8400000, 0x00000000a8400000, 0x00000000a8500000|  0%| F|  |TAMS 0x00000000a8400000, 0x00000000a8400000| Untracked 
| 133|0x00000000a8500000, 0x00000000a8500000, 0x00000000a8600000|  0%| F|  |TAMS 0x00000000a8500000, 0x00000000a8500000| Untracked 
| 134|0x00000000a8600000, 0x00000000a8600000, 0x00000000a8700000|  0%| F|  |TAMS 0x00000000a8600000, 0x00000000a8600000| Untracked 
| 135|0x00000000a8700000, 0x00000000a8700000, 0x00000000a8800000|  0%| F|  |TAMS 0x00000000a8700000, 0x00000000a8700000| Untracked 
| 136|0x00000000a8800000, 0x00000000a8800000, 0x00000000a8900000|  0%| F|  |TAMS 0x00000000a8800000, 0x00000000a8800000| Untracked 
| 137|0x00000000a8900000, 0x00000000a8900000, 0x00000000a8a00000|  0%| F|  |TAMS 0x00000000a8900000, 0x00000000a8900000| Untracked 
| 138|0x00000000a8a00000, 0x00000000a8a8c1d8, 0x00000000a8b00000| 54%| E|  |TAMS 0x00000000a8a00000, 0x00000000a8a00000| Complete 
| 139|0x00000000a8b00000, 0x00000000a8c00000, 0x00000000a8c00000|100%| E|CS|TAMS 0x00000000a8b00000, 0x00000000a8b00000| Complete 
| 140|0x00000000a8c00000, 0x00000000a8d00000, 0x00000000a8d00000|100%| E|CS|TAMS 0x00000000a8c00000, 0x00000000a8c00000| Complete 
| 141|0x00000000a8d00000, 0x00000000a8e00000, 0x00000000a8e00000|100%| E|CS|TAMS 0x00000000a8d00000, 0x00000000a8d00000| Complete 
| 142|0x00000000a8e00000, 0x00000000a8f00000, 0x00000000a8f00000|100%| E|CS|TAMS 0x00000000a8e00000, 0x00000000a8e00000| Complete 
| 143|0x00000000a8f00000, 0x00000000a9000000, 0x00000000a9000000|100%| E|CS|TAMS 0x00000000a8f00000, 0x00000000a8f00000| Complete 
| 144|0x00000000a9000000, 0x00000000a9100000, 0x00000000a9100000|100%| E|CS|TAMS 0x00000000a9000000, 0x00000000a9000000| Complete 
| 145|0x00000000a9100000, 0x00000000a9200000, 0x00000000a9200000|100%| E|CS|TAMS 0x00000000a9100000, 0x00000000a9100000| Complete 
| 146|0x00000000a9200000, 0x00000000a9300000, 0x00000000a9300000|100%| E|CS|TAMS 0x00000000a9200000, 0x00000000a9200000| Complete 
| 147|0x00000000a9300000, 0x00000000a9400000, 0x00000000a9400000|100%| E|CS|TAMS 0x00000000a9300000, 0x00000000a9300000| Complete 
| 148|0x00000000a9400000, 0x00000000a9500000, 0x00000000a9500000|100%| E|CS|TAMS 0x00000000a9400000, 0x00000000a9400000| Complete 
| 149|0x00000000a9500000, 0x00000000a9600000, 0x00000000a9600000|100%| E|  |TAMS 0x00000000a9500000, 0x00000000a9500000| Complete 
| 150|0x00000000a9600000, 0x00000000a9700000, 0x00000000a9700000|100%| E|CS|TAMS 0x00000000a9600000, 0x00000000a9600000| Complete 
| 151|0x00000000a9700000, 0x00000000a9800000, 0x00000000a9800000|100%| E|CS|TAMS 0x00000000a9700000, 0x00000000a9700000| Complete 

Card table byte_map: [0x000001dff9bc0000,0x000001dff9ec0000] _byte_map_base: 0x000001dff96c0000

Marking Bits (Prev, Next): (CMBitMap*) 0x000001dff57bf340, (CMBitMap*) 0x000001dff57bf308
 Prev Bits: [0x000001dffb9c0000, 0x000001dffd1c0000)
 Next Bits: [0x000001dffa1c0000, 0x000001dffb9c0000)

Polling page: 0x000001dff4140000

Metaspace:

Usage:
  Non-class:     94.82 MB capacity,    93.00 MB ( 98%) used,     1.46 MB (  2%) free+waste,   364.13 KB ( <1%) overhead. 
      Class:     15.03 MB capacity,    13.88 MB ( 92%) used,  1010.39 KB (  7%) free+waste,   164.69 KB (  1%) overhead. 
       Both:    109.85 MB capacity,   106.88 MB ( 97%) used,     2.45 MB (  2%) free+waste,   528.81 KB ( <1%) overhead. 

Virtual space:
  Non-class space:       96.00 MB reserved,      95.00 MB ( 99%) committed 
      Class space:        1.00 GB reserved,      15.13 MB (  1%) committed 
             Both:        1.09 GB reserved,     110.13 MB ( 10%) committed 

Chunk freelists:
   Non-Class:  54.00 KB
       Class:  37.00 KB
        Both:  91.00 KB

MaxMetaspaceSize: 17179869184.00 GB
CompressedClassSpaceSize: 1.00 GB

CodeHeap 'non-profiled nmethods': size=120064Kb used=10748Kb max_used=10748Kb free=109315Kb
 bounds [0x000001df87ac0000, 0x000001df88540000, 0x000001df8f000000]
CodeHeap 'profiled nmethods': size=120000Kb used=35678Kb max_used=35678Kb free=84321Kb
 bounds [0x000001df80590000, 0x000001df82870000, 0x000001df87ac0000]
CodeHeap 'non-nmethods': size=5696Kb used=2330Kb max_used=2382Kb free=3365Kb
 bounds [0x000001df80000000, 0x000001df80270000, 0x000001df80590000]
 total_blobs=17069 nmethods=16124 adapters=855
 compilation: enabled
              stopped_count=0, restarted_count=0
 full_count=0

Compilation events (20 events):
Event: 978.020 Thread 0x000001dfff80b800 nmethod 16188 0x000001df88539010 code [0x000001df885391c0, 0x000001df88539278]
Event: 978.036 Thread 0x000001df9a2b0000 nmethod 16196% 0x000001df88539310 code [0x000001df885394e0, 0x000001df88539c18]
Event: 978.047 Thread 0x000001dfff80a800 16197       4       jdk.nio.zipfs.JarFileSystem::getInode (18 bytes)
Event: 978.048 Thread 0x000001dfff80b800 16198       1       java.nio.file.FileTreeWalker$DirectoryNode::stream (5 bytes)
Event: 978.048 Thread 0x000001dfff80b800 nmethod 16198 0x000001df88539f90 code [0x000001df8853a140, 0x000001df8853a1f8]
Event: 978.049 Thread 0x000001df9a2b0000 16199       4       jdk.nio.zipfs.ZipFileSystem::getInode (30 bytes)
Event: 978.095 Thread 0x000001dfff80a800 nmethod 16197 0x000001df8853a290 code [0x000001df8853a4e0, 0x000001df8853b560]
Event: 978.095 Thread 0x000001dfff80a800 16201       4       jdk.nio.zipfs.ZipPath::relativize (314 bytes)
Event: 978.099 Thread 0x000001df9a2b0000 nmethod 16199 0x000001df8853bd90 code [0x000001df8853bfe0, 0x000001df8853d040]
Event: 978.100 Thread 0x000001df9a2b0000 16202       4       jdk.nio.zipfs.ZipPath::equals (42 bytes)
Event: 978.105 Thread 0x000001df9a2b0000 nmethod 16202 0x000001df8853d810 code [0x000001df8853d9c0, 0x000001df8853db78]
Event: 978.105 Thread 0x000001df9a2b0000 16200       4       com.sun.tools.javac.file.RelativePath::hashCode (8 bytes)
Event: 978.115 Thread 0x000001df9a2b0000 nmethod 16200 0x000001df8853dd90 code [0x000001df8853df40, 0x000001df8853e188]
Event: 978.118 Thread 0x000001dfff80a800 nmethod 16201 0x000001df8853e310 code [0x000001df8853e4e0, 0x000001df8853ee98]
Event: 978.127 Thread 0x000001dfff80b800 16203       3       java.io.IOException::<init> (6 bytes)
Event: 978.127 Thread 0x000001dfff80b800 nmethod 16203 0x000001df82862c10 code [0x000001df82862de0, 0x000001df82862f68]
Event: 978.206 Thread 0x000001dfff80b800 16204       3       java.nio.charset.Charset::forName (20 bytes)
Event: 978.207 Thread 0x000001dfff80b800 nmethod 16204 0x000001df82863010 code [0x000001df828631e0, 0x000001df828633f8]
Event: 978.213 Thread 0x000001dfff80b800 16205       3       jdk.nio.zipfs.ZipFileSystem::initCEN (411 bytes)
Event: 978.218 Thread 0x000001dfff80b800 nmethod 16205 0x000001df82863510 code [0x000001df82863a80, 0x000001df82866628]

GC Heap History (20 events):
Event: 76.382 GC heap before
{Heap before GC invocations=49 (full 0):
 garbage-first heap   total 155648K, used 98277K [0x00000000a0000000, 0x0000000100000000)
  region size 1024K, 7 young (7168K), 3 survivors (3072K)
 Metaspace       used 98371K, capacity 101135K, committed 101248K, reserved 1136640K
  class space    used 12793K, capacity 13844K, committed 13952K, reserved 1048576K
}
Event: 76.393 GC heap after
{Heap after GC invocations=50 (full 0):
 garbage-first heap   total 155648K, used 94478K [0x00000000a0000000, 0x0000000100000000)
  region size 1024K, 1 young (1024K), 1 survivors (1024K)
 Metaspace       used 98371K, capacity 101135K, committed 101248K, reserved 1136640K
  class space    used 12793K, capacity 13844K, committed 13952K, reserved 1048576K
}
Event: 77.190 GC heap before
{Heap before GC invocations=50 (full 0):
 garbage-first heap   total 155648K, used 122126K [0x00000000a0000000, 0x0000000100000000)
  region size 1024K, 28 young (28672K), 1 survivors (1024K)
 Metaspace       used 101954K, capacity 104968K, committed 105216K, reserved 1140736K
  class space    used 13353K, capacity 14498K, committed 14592K, reserved 1048576K
}
Event: 77.197 GC heap after
{Heap after GC invocations=51 (full 0):
 garbage-first heap   total 155648K, used 95816K [0x00000000a0000000, 0x0000000100000000)
  region size 1024K, 2 young (2048K), 2 survivors (2048K)
 Metaspace       used 101954K, capacity 104968K, committed 105216K, reserved 1140736K
  class space    used 13353K, capacity 14498K, committed 14592K, reserved 1048576K
}
Event: 78.938 GC heap before
{Heap before GC invocations=52 (full 0):
 garbage-first heap   total 155648K, used 123464K [0x00000000a0000000, 0x0000000100000000)
  region size 1024K, 30 young (30720K), 2 survivors (2048K)
 Metaspace       used 102808K, capacity 105773K, committed 106112K, reserved 1140736K
  class space    used 13437K, capacity 14588K, committed 14720K, reserved 1048576K
}
Event: 78.956 GC heap after
{Heap after GC invocations=53 (full 0):
 garbage-first heap   total 155648K, used 96367K [0x00000000a0000000, 0x0000000100000000)
  region size 1024K, 3 young (3072K), 3 survivors (3072K)
 Metaspace       used 102808K, capacity 105773K, committed 106112K, reserved 1140736K
  class space    used 13437K, capacity 14588K, committed 14720K, reserved 1048576K
}
Event: 80.755 GC heap before
{Heap before GC invocations=53 (full 0):
 garbage-first heap   total 155648K, used 125039K [0x00000000a0000000, 0x0000000100000000)
  region size 1024K, 32 young (32768K), 3 survivors (3072K)
 Metaspace       used 104932K, capacity 107933K, committed 108288K, reserved 1142784K
  class space    used 13762K, capacity 14900K, committed 15104K, reserved 1048576K
}
Event: 80.763 GC heap after
{Heap after GC invocations=54 (full 0):
 garbage-first heap   total 155648K, used 96756K [0x00000000a0000000, 0x0000000100000000)
  region size 1024K, 3 young (3072K), 3 survivors (3072K)
 Metaspace       used 104932K, capacity 107933K, committed 108288K, reserved 1142784K
  class space    used 13762K, capacity 14900K, committed 15104K, reserved 1048576K
}
Event: 82.106 GC heap before
{Heap before GC invocations=54 (full 0):
 garbage-first heap   total 155648K, used 126452K [0x00000000a0000000, 0x0000000100000000)
  region size 1024K, 33 young (33792K), 3 survivors (3072K)
 Metaspace       used 106909K, capacity 109902K, committed 110208K, reserved 1144832K
  class space    used 13986K, capacity 15139K, committed 15232K, reserved 1048576K
}
Event: 82.116 GC heap after
{Heap after GC invocations=55 (full 0):
 garbage-first heap   total 155648K, used 98801K [0x00000000a0000000, 0x0000000100000000)
  region size 1024K, 5 young (5120K), 5 survivors (5120K)
 Metaspace       used 106909K, capacity 109902K, committed 110208K, reserved 1144832K
  class space    used 13986K, capacity 15139K, committed 15232K, reserved 1048576K
}
Event: 83.506 GC heap before
{Heap before GC invocations=55 (full 0):
 garbage-first heap   total 155648K, used 120305K [0x00000000a0000000, 0x0000000100000000)
  region size 1024K, 14 young (14336K), 5 survivors (5120K)
 Metaspace       used 107860K, capacity 110953K, committed 111104K, reserved 1144832K
  class space    used 14118K, capacity 15299K, committed 15360K, reserved 1048576K
}
Event: 83.518 GC heap after
{Heap after GC invocations=56 (full 0):
 garbage-first heap   total 155648K, used 110214K [0x00000000a0000000, 0x0000000100000000)
  region size 1024K, 4 young (4096K), 4 survivors (4096K)
 Metaspace       used 107860K, capacity 110953K, committed 111104K, reserved 1144832K
  class space    used 14118K, capacity 15299K, committed 15360K, reserved 1048576K
}
Event: 679.744 GC heap before
{Heap before GC invocations=57 (full 0):
 garbage-first heap   total 155648K, used 136838K [0x00000000a0000000, 0x0000000100000000)
  region size 1024K, 23 young (23552K), 4 survivors (4096K)
 Metaspace       used 108597K, capacity 111698K, committed 112000K, reserved 1146880K
  class space    used 14195K, capacity 15365K, committed 15488K, reserved 1048576K
}
Event: 679.761 GC heap after
{Heap after GC invocations=58 (full 0):
 garbage-first heap   total 155648K, used 99865K [0x00000000a0000000, 0x0000000100000000)
  region size 1024K, 1 young (1024K), 1 survivors (1024K)
 Metaspace       used 108597K, capacity 111698K, committed 112000K, reserved 1146880K
  class space    used 14195K, capacity 15365K, committed 15488K, reserved 1048576K
}
Event: 972.711 GC heap before
{Heap before GC invocations=58 (full 0):
 garbage-first heap   total 155648K, used 106009K [0x00000000a0000000, 0x0000000100000000)
  region size 1024K, 7 young (7168K), 1 survivors (1024K)
 Metaspace       used 108688K, capacity 111782K, committed 112000K, reserved 1146880K
  class space    used 14198K, capacity 15369K, committed 15488K, reserved 1048576K
}
Event: 972.717 GC heap after
{Heap after GC invocations=59 (full 0):
 garbage-first heap   total 155648K, used 99251K [0x00000000a0000000, 0x0000000100000000)
  region size 1024K, 1 young (1024K), 1 survivors (1024K)
 Metaspace       used 108688K, capacity 111782K, committed 112000K, reserved 1146880K
  class space    used 14198K, capacity 15369K, committed 15488K, reserved 1048576K
}
Event: 976.745 GC heap before
{Heap before GC invocations=59 (full 0):
 garbage-first heap   total 155648K, used 126899K [0x00000000a0000000, 0x0000000100000000)
  region size 1024K, 29 young (29696K), 1 survivors (1024K)
 Metaspace       used 109177K, capacity 112345K, committed 112512K, reserved 1146880K
  class space    used 14207K, capacity 15386K, committed 15488K, reserved 1048576K
}
Event: 976.755 GC heap after
{Heap after GC invocations=60 (full 0):
 garbage-first heap   total 155648K, used 103130K [0x00000000a0000000, 0x0000000100000000)
  region size 1024K, 4 young (4096K), 4 survivors (4096K)
 Metaspace       used 109177K, capacity 112345K, committed 112512K, reserved 1146880K
  class space    used 14207K, capacity 15386K, committed 15488K, reserved 1048576K
}
Event: 977.889 GC heap before
{Heap before GC invocations=60 (full 0):
 garbage-first heap   total 155648K, used 127706K [0x00000000a0000000, 0x0000000100000000)
  region size 1024K, 29 young (29696K), 4 survivors (4096K)
 Metaspace       used 109405K, capacity 112485K, committed 112768K, reserved 1146880K
  class space    used 14211K, capacity 15387K, committed 15488K, reserved 1048576K
}
Event: 977.906 GC heap after
{Heap after GC invocations=61 (full 0):
 garbage-first heap   total 155648K, used 105983K [0x00000000a0000000, 0x0000000100000000)
  region size 1024K, 3 young (3072K), 3 survivors (3072K)
 Metaspace       used 109405K, capacity 112485K, committed 112768K, reserved 1146880K
  class space    used 14211K, capacity 15387K, committed 15488K, reserved 1048576K
}

Deoptimization events (20 events):
Event: 977.554 Thread 0x000001df90935000 Uncommon trap: trap_request=0xffffff4d fr.pc=0x000001df880e98fc relative=0x0000000000001fbc
Event: 977.554 Thread 0x000001df90935000 Uncommon trap: reason=unstable_if action=reinterpret pc=0x000001df880e98fc method=java.util.concurrent.ConcurrentLinkedQueue.offer(Ljava/lang/Object;)Z @ 42 c2
Event: 977.554 Thread 0x000001df90935000 DEOPT PACKING pc=0x000001df880e98fc sp=0x0000005d272fe350
Event: 977.554 Thread 0x000001df90935000 DEOPT UNPACKING pc=0x000001df800278af sp=0x0000005d272fdec8 mode 2
Event: 977.555 Thread 0x000001df90935000 Uncommon trap: trap_request=0xffffff4d fr.pc=0x000001df8811b090 relative=0x00000000000009d0
Event: 977.555 Thread 0x000001df90935000 Uncommon trap: reason=unstable_if action=reinterpret pc=0x000001df8811b090 method=java.util.concurrent.ConcurrentLinkedQueue.offer(Ljava/lang/Object;)Z @ 42 c2
Event: 977.555 Thread 0x000001df90935000 DEOPT PACKING pc=0x000001df8811b090 sp=0x0000005d272fe160
Event: 977.555 Thread 0x000001df90935000 DEOPT UNPACKING pc=0x000001df800278af sp=0x0000005d272fdfc0 mode 2
Event: 977.571 Thread 0x000001df90935000 Uncommon trap: trap_request=0xffffff4d fr.pc=0x000001df87fc5110 relative=0x0000000000000350
Event: 977.571 Thread 0x000001df90935000 Uncommon trap: reason=unstable_if action=reinterpret pc=0x000001df87fc5110 method=java.util.concurrent.ConcurrentLinkedQueue.offer(Ljava/lang/Object;)Z @ 42 c2
Event: 977.571 Thread 0x000001df90935000 DEOPT PACKING pc=0x000001df87fc5110 sp=0x0000005d272fe050
Event: 977.571 Thread 0x000001df90935000 DEOPT UNPACKING pc=0x000001df800278af sp=0x0000005d272fdf88 mode 2
Event: 977.572 Thread 0x000001df90936800 Uncommon trap: trap_request=0xffffff4d fr.pc=0x000001df87fbb994 relative=0x0000000000000354
Event: 977.572 Thread 0x000001df90936800 Uncommon trap: reason=unstable_if action=reinterpret pc=0x000001df87fbb994 method=java.util.concurrent.ConcurrentLinkedQueue.offer(Ljava/lang/Object;)Z @ 42 c2
Event: 977.572 Thread 0x000001df90936800 DEOPT PACKING pc=0x000001df87fbb994 sp=0x0000005d277fdc80
Event: 977.572 Thread 0x000001df90936800 DEOPT UNPACKING pc=0x000001df800278af sp=0x0000005d277fdc40 mode 2
Event: 978.046 Thread 0x000001df9093b800 Uncommon trap: trap_request=0xfffffff4 fr.pc=0x000001df88172a38 relative=0x0000000000000598
Event: 978.046 Thread 0x000001df9093b800 Uncommon trap: reason=null_check action=make_not_entrant pc=0x000001df88172a38 method=jdk.nio.zipfs.ZipFileSystem$IndexNode.keyOf([B)Ljdk/nio/zipfs/ZipFileSystem$IndexNode; @ 6 c2
Event: 978.046 Thread 0x000001df9093b800 DEOPT PACKING pc=0x000001df88172a38 sp=0x0000005d280f89b0
Event: 978.046 Thread 0x000001df9093b800 DEOPT UNPACKING pc=0x000001df800278af sp=0x0000005d280f88a8 mode 2

Classes redefined (0 events):
No events

Internal exceptions (20 events):
Event: 81.746 Thread 0x000001df8ff93000 Exception <a 'java/lang/NoSuchMethodError'{0x00000000a7b1ad90}: <clinit>> (0x00000000a7b1ad90) thrown at [./src/hotspot/share/prims/jni.cpp, line 1362]
Event: 81.747 Thread 0x000001df8ff93000 Exception <a 'java/lang/NoSuchMethodError'{0x00000000a7b34098}: <clinit>> (0x00000000a7b34098) thrown at [./src/hotspot/share/prims/jni.cpp, line 1362]
Event: 83.810 Thread 0x000001df918af000 Exception <a 'java/lang/NoSuchMethodError'{0x00000000a96dc7e0}: 'java.lang.Object java.lang.invoke.DirectMethodHandle$Holder.invokeVirtual(java.lang.Object, java.lang.Object, int)'> (0x00000000a96dc7e0) thrown at [./src/hotspot/share/interpreter/linkResolver.cpp, line 773]
Event: 84.108 Thread 0x000001df8ff93000 Implicit null exception at 0x000001df8827007b to 0x000001df88270890
Event: 84.279 Thread 0x000001df8ff93000 Implicit null exception at 0x000001df882747af to 0x000001df882747fc
Event: 84.635 Thread 0x000001df8ff93000 Implicit null exception at 0x000001df882c186b to 0x000001df882c1c08
Event: 84.943 Thread 0x000001df90a47000 Implicit null exception at 0x000001df87af4c74 to 0x000001df87af5174
Event: 84.944 Thread 0x000001df90a47000 Implicit null exception at 0x000001df87e69a14 to 0x000001df87e69fd8
Event: 972.724 Thread 0x000001df918ab000 Implicit null exception at 0x000001df880db45f to 0x000001df880dbf48
Event: 972.724 Thread 0x000001df918ab000 Implicit null exception at 0x000001df8844ebe9 to 0x000001df88454bd0
Event: 975.774 Thread 0x000001df918ab000 Exception <a 'sun/nio/fs/WindowsException'{0x00000000a8530278}> (0x00000000a8530278) thrown at [./src/hotspot/share/prims/jni.cpp, line 615]
Event: 975.950 Thread 0x000001df918ab000 Exception <a 'java/lang/NoClassDefFoundError'{0x00000000a83df468}: org/jetbrains/kotlin/gradle/plugin/KotlinBasePluginWrapper> (0x00000000a83df468) thrown at [./src/hotspot/share/oops/constantPool.cpp, line 775]
Event: 976.246 Thread 0x000001df918ab000 Exception <a 'sun/nio/fs/WindowsException'{0x00000000a82e0010}> (0x00000000a82e0010) thrown at [./src/hotspot/share/prims/jni.cpp, line 615]
Event: 976.260 Thread 0x000001df918ab000 Exception <a 'sun/nio/fs/WindowsException'{0x00000000a8186a40}> (0x00000000a8186a40) thrown at [./src/hotspot/share/prims/jni.cpp, line 615]
Event: 976.260 Thread 0x000001df918ab000 Exception <a 'sun/nio/fs/WindowsException'{0x00000000a8187b08}> (0x00000000a8187b08) thrown at [./src/hotspot/share/prims/jni.cpp, line 615]
Event: 976.260 Thread 0x000001df918ab000 Exception <a 'sun/nio/fs/WindowsException'{0x00000000a8188c20}> (0x00000000a8188c20) thrown at [./src/hotspot/share/prims/jni.cpp, line 615]
Event: 976.260 Thread 0x000001df918ab000 Exception <a 'sun/nio/fs/WindowsException'{0x00000000a8189ff8}> (0x00000000a8189ff8) thrown at [./src/hotspot/share/prims/jni.cpp, line 615]
Event: 977.951 Thread 0x000001df9093b800 Exception <a 'sun/nio/fs/WindowsException'{0x00000000a963eb40}> (0x00000000a963eb40) thrown at [./src/hotspot/share/prims/jni.cpp, line 615]
Event: 978.017 Thread 0x000001df9093b800 Exception <a 'sun/nio/fs/WindowsException'{0x00000000a95f2b08}> (0x00000000a95f2b08) thrown at [./src/hotspot/share/prims/jni.cpp, line 615]
Event: 978.017 Thread 0x000001df9093b800 Exception <a 'sun/nio/fs/WindowsException'{0x00000000a95f2c10}> (0x00000000a95f2c10) thrown at [./src/hotspot/share/prims/jni.cpp, line 615]

Events (20 events):
Event: 977.551 Thread 0x000001df90940800 Thread added: 0x000001df90940800
Event: 977.633 loading class org/gradle/api/internal/tasks/compile/incremental/asm/ClassDependenciesVisitor
Event: 977.633 loading class org/gradle/api/internal/tasks/compile/incremental/asm/ClassDependenciesVisitor done
Event: 977.636 loading class org/gradle/api/internal/tasks/compile/incremental/asm/ClassDependenciesVisitor$MethodVisitor
Event: 977.636 loading class org/gradle/api/internal/tasks/compile/incremental/asm/ClassDependenciesVisitor$MethodVisitor done
Event: 977.636 Executing VM operation: Deoptimize
Event: 977.640 Executing VM operation: Deoptimize done
Event: 977.640 loading class org/gradle/api/internal/tasks/compile/incremental/asm/ClassDependenciesVisitor$RetentionPolicyVisitor
Event: 977.640 loading class org/gradle/api/internal/tasks/compile/incremental/asm/ClassDependenciesVisitor$RetentionPolicyVisitor done
Event: 977.646 loading class org/gradle/api/internal/tasks/compile/incremental/asm/ClassDependenciesVisitor$AnnotationVisitor
Event: 977.646 loading class org/gradle/api/internal/tasks/compile/incremental/asm/ClassDependenciesVisitor$AnnotationVisitor done
Event: 977.647 loading class org/gradle/api/internal/tasks/compile/incremental/asm/ClassDependenciesVisitor$FieldVisitor
Event: 977.647 loading class org/gradle/api/internal/tasks/compile/incremental/asm/ClassDependenciesVisitor$FieldVisitor done
Event: 977.648 loading class org/gradle/api/internal/tasks/compile/incremental/asm/ClassRelevancyFilter
Event: 977.648 loading class org/gradle/api/internal/tasks/compile/incremental/asm/ClassRelevancyFilter done
Event: 977.889 Executing VM operation: G1CollectForAllocation
Event: 977.906 Executing VM operation: G1CollectForAllocation done
Event: 977.945 Thread 0x000001df9a2b0000 Thread exited: 0x000001df9a2b0000
Event: 977.960 Thread 0x000001df9a2b0000 Thread added: 0x000001df9a2b0000
Event: 978.261 Executing VM operation: CGC_Operation


Dynamic libraries:
0x00007ff602610000 - 0x00007ff60261a000 	C:\Program Files\Android\Android Studio\jre\bin\java.exe
0x00007ffdebb50000 - 0x00007ffdebd44000 	C:\WINDOWS\SYSTEM32\ntdll.dll
0x00007ffdeacd0000 - 0x00007ffdead8d000 	C:\WINDOWS\System32\KERNEL32.DLL
0x00007ffde9330000 - 0x00007ffde95f7000 	C:\WINDOWS\System32\KERNELBASE.dll
0x00007ffde9a80000 - 0x00007ffde9b80000 	C:\WINDOWS\System32\ucrtbase.dll
0x00007ffdd53b0000 - 0x00007ffdd53c9000 	C:\Program Files\Android\Android Studio\jre\bin\jli.dll
0x00007ffde9c10000 - 0x00007ffde9db0000 	C:\WINDOWS\System32\USER32.dll
0x00007ffde9a50000 - 0x00007ffde9a72000 	C:\WINDOWS\System32\win32u.dll
0x00007ffdeb2d0000 - 0x00007ffdeb2fa000 	C:\WINDOWS\System32\GDI32.dll
0x00007ffde9940000 - 0x00007ffde9a4a000 	C:\WINDOWS\System32\gdi32full.dll
0x00007ffde9290000 - 0x00007ffde932d000 	C:\WINDOWS\System32\msvcp_win.dll
0x00007ffdcffd0000 - 0x00007ffdcffe7000 	C:\Program Files\Android\Android Studio\jre\bin\VCRUNTIME140.dll
0x00007ffde6e00000 - 0x00007ffde709a000 	C:\WINDOWS\WinSxS\amd64_microsoft.windows.common-controls_6595b64144ccf1df_6.0.19041.1_none_b555e41d4684ddec\COMCTL32.dll
0x00007ffdeba70000 - 0x00007ffdebb0e000 	C:\WINDOWS\System32\msvcrt.dll
0x00007ffdeb320000 - 0x00007ffdeb350000 	C:\WINDOWS\System32\IMM32.DLL
0x00007ffdcfde0000 - 0x00007ffdcfe7d000 	C:\Program Files\Android\Android Studio\jre\bin\msvcp140.dll
0x00007ffdaf570000 - 0x00007ffdb003f000 	C:\Program Files\Android\Android Studio\jre\bin\server\jvm.dll
0x00007ffde9fd0000 - 0x00007ffdea07a000 	C:\WINDOWS\System32\ADVAPI32.dll
0x00007ffdeb0f0000 - 0x00007ffdeb18b000 	C:\WINDOWS\System32\sechost.dll
0x00007ffdea8f0000 - 0x00007ffdeaa13000 	C:\WINDOWS\System32\RPCRT4.dll
0x00007ffde9db0000 - 0x00007ffde9db8000 	C:\WINDOWS\System32\PSAPI.DLL
0x00007ffde6110000 - 0x00007ffde6119000 	C:\WINDOWS\SYSTEM32\WSOCK32.dll
0x00007ffdea870000 - 0x00007ffdea8db000 	C:\WINDOWS\System32\WS2_32.dll
0x00007ffdcfdb0000 - 0x00007ffdcfdd7000 	C:\WINDOWS\SYSTEM32\WINMM.dll
0x00007ffdde810000 - 0x00007ffdde81a000 	C:\WINDOWS\SYSTEM32\VERSION.dll
0x00007ffde6de0000 - 0x00007ffde6df3000 	C:\WINDOWS\SYSTEM32\kernel.appcore.dll
0x00007ffddddf0000 - 0x00007ffddde01000 	C:\Program Files\Android\Android Studio\jre\bin\verify.dll
0x00007ffde8c50000 - 0x00007ffde8e34000 	C:\WINDOWS\SYSTEM32\DBGHELP.DLL
0x00007ffde81e0000 - 0x00007ffde820c000 	C:\WINDOWS\SYSTEM32\dbgcore.DLL
0x00007ffde96b0000 - 0x00007ffde972f000 	C:\WINDOWS\System32\bcryptPrimitives.dll
0x00007ffddddc0000 - 0x00007ffdddde9000 	C:\Program Files\Android\Android Studio\jre\bin\java.dll
0x00007ffde6100000 - 0x00007ffde610b000 	C:\Program Files\Android\Android Studio\jre\bin\jimage.dll
0x00007ffdddda0000 - 0x00007ffddddb8000 	C:\Program Files\Android\Android Studio\jre\bin\zip.dll
0x00007ffdea080000 - 0x00007ffdea7b1000 	C:\WINDOWS\System32\SHELL32.dll
0x00007ffde70a0000 - 0x00007ffde782a000 	C:\WINDOWS\SYSTEM32\windows.storage.dll
0x00007ffdead90000 - 0x00007ffdeb0e4000 	C:\WINDOWS\System32\combase.dll
0x00007ffde8910000 - 0x00007ffde893b000 	C:\WINDOWS\SYSTEM32\Wldp.dll
0x00007ffdeb7c0000 - 0x00007ffdeb86e000 	C:\WINDOWS\System32\SHCORE.dll
0x00007ffdeb190000 - 0x00007ffdeb1e5000 	C:\WINDOWS\System32\shlwapi.dll
0x00007ffde91d0000 - 0x00007ffde91ef000 	C:\WINDOWS\SYSTEM32\profapi.dll
0x00007ffdddd40000 - 0x00007ffdddd5a000 	C:\Program Files\Android\Android Studio\jre\bin\net.dll
0x00007ffde2030000 - 0x00007ffde2132000 	C:\WINDOWS\SYSTEM32\WINHTTP.dll
0x00007ffde8630000 - 0x00007ffde869a000 	C:\WINDOWS\system32\mswsock.dll
0x00007ffdddd20000 - 0x00007ffdddd34000 	C:\Program Files\Android\Android Studio\jre\bin\nio.dll
0x00007ffdd5b70000 - 0x00007ffdd5b97000 	C:\Users\HP\.gradle\wrapper\dists\gradle-2.14.1-all\native\8bec1ad78214c89d9ad589b4d07fe93259594b29d510b10fafb7a158f7737e5d\windows-amd64\native-platform.dll
0x00007ffdb5ce0000 - 0x00007ffdb5e1d000 	C:\Users\HP\.gradle\wrapper\dists\gradle-2.14.1-all\native\53dbd7edfb1c66fb8903c78663c9afc45aea4f116125fa6feffd364cf09443e8\windows-amd64\native-platform-file-events.dll
0x00007ffde4490000 - 0x00007ffde449a000 	C:\Program Files\Android\Android Studio\jre\bin\management.dll
0x00007ffde2880000 - 0x00007ffde288c000 	C:\Program Files\Android\Android Studio\jre\bin\management_ext.dll
0x00007ffde8e80000 - 0x00007ffde8e98000 	C:\WINDOWS\SYSTEM32\CRYPTSP.dll
0x00007ffde7f90000 - 0x00007ffde7fc4000 	C:\WINDOWS\system32\rsaenh.dll
0x00007ffde9b80000 - 0x00007ffde9ba7000 	C:\WINDOWS\System32\bcrypt.dll
0x00007ffde9150000 - 0x00007ffde917e000 	C:\WINDOWS\SYSTEM32\USERENV.dll
0x00007ffde8880000 - 0x00007ffde888c000 	C:\WINDOWS\SYSTEM32\CRYPTBASE.dll
0x00007ffde8320000 - 0x00007ffde835b000 	C:\WINDOWS\SYSTEM32\IPHLPAPI.DLL
0x00007ffdeacc0000 - 0x00007ffdeacc9000 	C:\WINDOWS\System32\NSI.dll
0x00007ffde6cb0000 - 0x00007ffde6cc7000 	C:\WINDOWS\SYSTEM32\dhcpcsvc6.DLL
0x00007ffde6c90000 - 0x00007ffde6cad000 	C:\WINDOWS\SYSTEM32\dhcpcsvc.DLL
0x00007ffde8360000 - 0x00007ffde842a000 	C:\WINDOWS\SYSTEM32\DNSAPI.dll

dbghelp: loaded successfully - version: 4.0.5 - missing functions: none
symbol engine: initialized successfully - sym options: 0x614 - pdb path: .;C:\Program Files\Android\Android Studio\jre\bin;C:\WINDOWS\SYSTEM32;C:\WINDOWS\WinSxS\amd64_microsoft.windows.common-controls_6595b64144ccf1df_6.0.19041.1_none_b555e41d4684ddec;C:\Program Files\Android\Android Studio\jre\bin\server;C:\Users\HP\.gradle\wrapper\dists\gradle-2.14.1-all\native\8bec1ad78214c89d9ad589b4d07fe93259594b29d510b10fafb7a158f7737e5d\windows-amd64;C:\Users\HP\.gradle\wrapper\dists\gradle-2.14.1-all\native\53dbd7edfb1c66fb8903c78663c9afc45aea4f116125fa6feffd364cf09443e8\windows-amd64

VM Arguments:
jvm_args: --add-opens=java.base/java.util=ALL-UNNAMED --add-opens=java.base/java.lang=ALL-UNNAMED --add-opens=java.base/java.lang.invoke=ALL-UNNAMED --add-opens=java.base/java.util=ALL-UNNAMED --add-opens=java.prefs/java.util.prefs=ALL-UNNAMED --add-opens=java.prefs/java.util.prefs=ALL-UNNAMED --add-opens=java.base/java.nio.charset=ALL-UNNAMED --add-opens=java.base/java.net=ALL-UNNAMED --add-opens=java.base/java.util.concurrent.atomic=ALL-UNNAMED -Xmx1536m -Dfile.encoding=windows-1252 -Duser.country=US -Duser.language=en -Duser.variant 
java_command: org.gradle.launcher.daemon.bootstrap.GradleDaemon 7.0.2
java_class_path (initial): C:\Users\HP\.gradle\wrapper\dists\gradle-2.14.1-all\wrapper\dists\gradle-7.0.2-all\7era6s5ay7zsbhuvl0oc9g94s\gradle-7.0.2\lib\gradle-launcher-7.0.2.jar
Launcher Type: SUN_STANDARD

[Global flags]
     intx CICompilerCount                          = 3                                         {product} {ergonomic}
     uint ConcGCThreads                            = 1                                         {product} {ergonomic}
     uint G1ConcRefinementThreads                  = 4                                         {product} {ergonomic}
   size_t G1HeapRegionSize                         = 1048576                                   {product} {ergonomic}
    uintx GCDrainStackTargetSize                   = 64                                        {product} {ergonomic}
   size_t InitialHeapSize                          = 132120576                                 {product} {ergonomic}
   size_t MarkStackSize                            = 4194304                                   {product} {ergonomic}
   size_t MaxHeapSize                              = 1610612736                                {product} {command line}
   size_t MaxNewSize                               = 965738496                                 {product} {ergonomic}
   size_t MinHeapDeltaBytes                        = 1048576                                   {product} {ergonomic}
    uintx NonNMethodCodeHeapSize                   = 5830732                                {pd product} {ergonomic}
    uintx NonProfiledCodeHeapSize                  = 122913754                              {pd product} {ergonomic}
    uintx ProfiledCodeHeapSize                     = 122913754                              {pd product} {ergonomic}
    uintx ReservedCodeCacheSize                    = 251658240                              {pd product} {ergonomic}
     bool SegmentedCodeCache                       = true                                      {product} {ergonomic}
     bool UseCompressedClassPointers               = true                                 {lp64_product} {ergonomic}
     bool UseCompressedOops                        = true                                 {lp64_product} {ergonomic}
     bool UseG1GC                                  = true                                      {product} {ergonomic}
     bool UseLargePagesIndividualAllocation        = false                                  {pd product} {ergonomic}

Logging:
Log output configuration:
 #0: stdout all=warning uptime,level,tags
 #1: stderr all=off uptime,level,tags

Environment Variables:
PATH=C:\WINDOWS\system32;C:\WINDOWS;C:\WINDOWS\System32\Wbem;C:\WINDOWS\System32\WindowsPowerShell\v1.0\;C:\WINDOWS\System32\OpenSSH\;E:\New folder\;C:\Users\HP\AppData\Local\Microsoft\WindowsApps;E:\VS Code\Microsoft VS Code\bin;C:\Users\HP\AppData\Roaming\npm;C:\Users\HP\AppData\Local\GitHubDesktop\bin;C:\Users\HP\Flutter\flutter\bin;
USERNAME=HP
OS=Windows_NT
PROCESSOR_IDENTIFIER=Intel64 Family 6 Model 142 Stepping 9, GenuineIntel



---------------  S Y S T E M  ---------------

OS: Windows 10 , 64 bit Build 19041 (10.0.19041.1)
OS uptime: 0 days 0:38 hours

CPU:total 4 (initial active 4) (2 cores per cpu, 2 threads per core) family 6 model 142 stepping 9 microcode 0xde, cmov, cx8, fxsr, mmx, sse, sse2, sse3, ssse3, sse4.1, sse4.2, popcnt, avx, avx2, aes, clmul, erms, 3dnowpref, lzcnt, ht, tsc, tscinvbit, bmi1, bmi2, adx, fma

Memory: 4k page, system-wide physical 8060M (2696M free)
TotalPageFile size 16252M (AvailPageFile size 10626M)
current process WorkingSet (physical memory assigned to process): 447M, peak: 458M
current process commit charge ("private bytes"): 475M, peak: 488M

vm_info: OpenJDK 64-Bit Server VM (11.0.10+0-b96-7249189) for windows-amd64 JRE (11.0.10+0-b96-7249189), built on Mar 31 2021 21:44:00 by "builder" with MS VC++ 14.0 (VS2015)

END.
