#
# A fatal error has been detected by the Java Runtime Environment:
#
#  EXCEPTION_ACCESS_VIOLATION (0xc0000005) at pc=0x00000203f4930e78, pid=3880, tid=11512
#
# JRE version: OpenJDK Runtime Environment (11.0.10) (build 11.0.10+0-b96-7249189)
# Java VM: OpenJDK 64-Bit Server VM (11.0.10+0-b96-7249189, mixed mode, tiered, compressed oops, g1 gc, windows-amd64)
# Problematic frame:
# C  0x00000203f4930e78
#
# No core dump will be written. Minidumps are not enabled by default on client versions of Windows
#
# If you would like to submit a bug report, please visit:
#   https://bugreport.java.com/bugreport/crash.jsp
#

---------------  S U M M A R Y ------------

Command Line: --add-opens=java.base/java.util=ALL-UNNAMED --add-opens=java.base/java.lang=ALL-UNNAMED --add-opens=java.base/java.lang.invoke=ALL-UNNAMED --add-opens=java.base/java.util=ALL-UNNAMED --add-opens=java.prefs/java.util.prefs=ALL-UNNAMED --add-opens=java.prefs/java.util.prefs=ALL-UNNAMED --add-opens=java.base/java.nio.charset=ALL-UNNAMED --add-opens=java.base/java.net=ALL-UNNAMED --add-opens=java.base/java.util.concurrent.atomic=ALL-UNNAMED -Xmx1536m -Dfile.encoding=windows-1252 -Duser.country=US -Duser.language=en -Duser.variant org.gradle.launcher.daemon.bootstrap.GradleDaemon 7.0.2

Host: Intel(R) Core(TM) i3-7020U CPU @ 2.30GHz, 4 cores, 7G,  Windows 10 , 64 bit Build 19041 (10.0.19041.1)
Time: Sun Oct 10 11:34:54 2021 India Standard Time elapsed time: 80.807853 seconds (0d 0h 1m 20s)

---------------  T H R E A D  ---------------

Current thread (0x00000203eae1c000):  JavaThread "C2 CompilerThread0" daemon [_thread_in_native, id=11512, stack(0x000000607f700000,0x000000607f800000)]


Current CompileTask:
C2:  80808 17227       4       com.android.tools.r8.internal.Ne::next (114 bytes)

Stack: [0x000000607f700000,0x000000607f800000],  sp=0x000000607f7fb5c8,  free space=1005k
Native frames: (J=compiled Java code, j=interpreted, Vv=VM code, C=native code)
C  0x00000203f4930e78


siginfo: EXCEPTION_ACCESS_VIOLATION (0xc0000005), data execution prevention violation at address 0x00000203f4930e78


Register to memory mapping:

RIP=0x00000203f4930e78 points into unknown readable memory: 0x00007ffe710f6938 | 38 69 0f 71 fe 7f 00 00
RAX=0x00000203f49313f8 points into unknown readable memory: 0x0000000000000000 | 00 00 00 00 00 00 00 00
RBX=0x000000607f7fbc00 is pointing into the stack for thread: 0x00000203eae1c000
RCX=0x00000203f49313c8 points into unknown readable memory: 0x00000203f49313f8 | f8 13 93 f4 03 02 00 00
RDX=0x00000203eedc4008 points into unknown readable memory: 0x200000002b440000 | 00 00 44 2b 00 00 00 20
RSP=0x000000607f7fb5c8 is pointing into the stack for thread: 0x00000203eae1c000
RBP=0x000000607f7fb650 is pointing into the stack for thread: 0x00000203eae1c000
RSI=0x0000000000000edb is an unknown value
RDI=0x00000203f49313c8 points into unknown readable memory: 0x00000203f49313f8 | f8 13 93 f4 03 02 00 00
R8 =0x0000000008000000 is an unknown value
R9 =0x0000000008000000 is an unknown value
R10=0x00000203eedc3830 points into unknown readable memory: 0x1010ff0b3fc007eb | eb 07 c0 3f 0b ff 10 10
R11=0x00000203eedc4030 points into unknown readable memory: 0x000002ad24925408 | 08 54 92 24 ad 02 00 00
R12=0x00000203f49314d0 points into unknown readable memory: 0x00007ffe710f6a20 | 20 6a 0f 71 fe 7f 00 00
R13=0x000000607f7fb678 is pointing into the stack for thread: 0x00000203eae1c000
R14=0x0000000000000003 is an unknown value
R15=0x00000203f2592928 points into unknown readable memory: 0x00007ffe71083de0 | e0 3d 08 71 fe 7f 00 00


Registers:
RAX=0x00000203f49313f8, RBX=0x000000607f7fbc00, RCX=0x00000203f49313c8, RDX=0x00000203eedc4008
RSP=0x000000607f7fb5c8, RBP=0x000000607f7fb650, RSI=0x0000000000000edb, RDI=0x00000203f49313c8
R8 =0x0000000008000000, R9 =0x0000000008000000, R10=0x00000203eedc3830, R11=0x00000203eedc4030
R12=0x00000203f49314d0, R13=0x000000607f7fb678, R14=0x0000000000000003, R15=0x00000203f2592928
RIP=0x00000203f4930e78, EFLAGS=0x0000000000010202

Top of Stack: (sp=0x000000607f7fb5c8)
0x000000607f7fb5c8:   00007ffe70da6a55 000000607f7fbc00
0x000000607f7fb5d8:   000000607f7fb650 00000203f1350d28
0x000000607f7fb5e8:   0000000000007fd8 0000000000000017
0x000000607f7fb5f8:   0000000000000002 000000607f7fbbe0
0x000000607f7fb608:   000000000000002a 00000203eae14780
0x000000607f7fb618:   0000000000000000 000000607f7fb730
0x000000607f7fb628:   00007ffe70da6274 000000607f7fbbe0
0x000000607f7fb638:   00000203edacb9a0 0000000000000004
0x000000607f7fb648:   000000607f7fb6e0 00000203eae14780
0x000000607f7fb658:   0000020300000080 00000203eedc3a30
0x000000607f7fb668:   0000000000000019 0000006000000017
0x000000607f7fb678:   00007ffe7110de48 00000203eae14780
0x000000607f7fb688:   00007ffe00000100 00000203eedc3e30
0x000000607f7fb698:   00000203eae14780 00000203f49f6e90
0x000000607f7fb6a8:   00000000000582e8 00000203f49f6ee0
0x000000607f7fb6b8:   00000203f49fee78 00000203eae14780 

Instructions: (pc=0x00000203f4930e78)
0x00000203f4930d78:   a0 b9 ac ed 03 02 00 00 78 57 35 f1 03 02 00 00
0x00000203f4930d88:   00 00 00 00 00 00 00 00 00 00 00 00 00 00 00 00
0x00000203f4930d98:   18 46 35 f1 03 02 00 00 48 58 35 f1 03 02 00 00
0x00000203f4930da8:   78 59 35 f1 03 02 00 00 30 5b 35 f1 03 02 00 00
0x00000203f4930db8:   78 dd 92 f4 03 02 00 00 58 e0 92 f4 03 02 00 00
0x00000203f4930dc8:   98 07 93 f4 03 02 00 00 60 09 93 f4 03 02 00 00
0x00000203f4930dd8:   e0 0c 93 f4 03 02 00 00 c8 11 93 f4 03 02 00 00
0x00000203f4930de8:   e8 1b 93 f4 03 02 00 00 10 1d 93 f4 03 02 00 00
0x00000203f4930df8:   d8 27 93 f4 03 02 00 00 f8 2b 93 f4 03 02 00 00
0x00000203f4930e08:   00 30 93 f4 03 02 00 00 18 31 93 f4 03 02 00 00
0x00000203f4930e18:   38 0c 93 f4 03 02 00 00 00 00 00 00 00 00 00 00
0x00000203f4930e28:   00 00 00 00 00 00 00 00 00 00 00 00 00 00 00 00
0x00000203f4930e38:   80 19 93 f4 03 02 00 00 80 19 93 f4 03 02 00 00
0x00000203f4930e48:   00 00 00 00 00 00 00 00 00 00 00 00 00 00 00 00
0x00000203f4930e58:   40 10 93 f4 03 02 00 00 78 0e 93 f4 03 02 00 00
0x00000203f4930e68:   40 10 93 f4 03 02 00 00 60 11 93 f4 03 02 00 00
0x00000203f4930e78:   38 69 0f 71 fe 7f 00 00 c8 0e 93 f4 03 02 00 00
0x00000203f4930e88:   18 14 93 f4 03 02 00 00 03 00 00 00 03 00 00 00
0x00000203f4930e98:   01 00 00 00 04 00 00 00 16 02 00 00 30 00 00 00
0x00000203f4930ea8:   00 00 00 00 00 00 00 00 00 00 00 00 00 00 00 00
0x00000203f4930eb8:   01 00 00 00 00 00 00 00 98 5b 7a eb 03 02 00 00
0x00000203f4930ec8:   88 0b 93 f4 03 02 00 00 08 2c 59 f2 03 02 00 00
0x00000203f4930ed8:   98 0e 35 f1 03 02 00 00 58 1b 93 f4 03 02 00 00
0x00000203f4930ee8:   d0 14 93 f4 03 02 00 00 30 5b 35 f1 03 02 00 00
0x00000203f4930ef8:   f0 19 93 f4 03 02 00 00 48 04 93 f4 03 02 00 00
0x00000203f4930f08:   08 16 93 f4 03 02 00 00 f0 08 93 f4 03 02 00 00
0x00000203f4930f18:   78 0e 93 f4 03 02 00 00 78 0e 93 f4 03 02 00 00
0x00000203f4930f28:   08 16 93 f4 03 02 00 00 f0 19 93 f4 03 02 00 00
0x00000203f4930f38:   58 1b 93 f4 03 02 00 00 00 00 00 00 00 00 00 00
0x00000203f4930f48:   00 00 00 00 00 00 00 00 00 00 00 00 00 00 00 00
0x00000203f4930f58:   00 00 00 00 00 00 00 00 60 c7 0a 71 fe 7f 00 00
0x00000203f4930f68:   98 0f 93 f4 03 02 00 00 20 10 93 f4 03 02 00 00 


Stack slot to memory mapping:
stack at sp + 0 slots: 0x00007ffe70da6a55 jvm.dll
stack at sp + 1 slots: 0x000000607f7fbc00 is pointing into the stack for thread: 0x00000203eae1c000
stack at sp + 2 slots: 0x000000607f7fb650 is pointing into the stack for thread: 0x00000203eae1c000
stack at sp + 3 slots: 0x00000203f1350d28 points into unknown readable memory: 0x00007ffe710abfd0 | d0 bf 0a 71 fe 7f 00 00
stack at sp + 4 slots: 0x0000000000007fd8 is an unknown value
stack at sp + 5 slots: 0x0000000000000017 is an unknown value
stack at sp + 6 slots: 0x0000000000000002 is an unknown value
stack at sp + 7 slots: 0x000000607f7fbbe0 is pointing into the stack for thread: 0x00000203eae1c000


---------------  P R O C E S S  ---------------

Threads class SMR info:
_java_thread_list=0x00000203f1077110, length=57, elements={
0x00000203d1de7000, 0x00000203eadf8800, 0x00000203eadf9800, 0x00000203eae13800,
0x00000203eae16000, 0x00000203eae19000, 0x00000203eae1c000, 0x00000203eae2a800,
0x00000203eae2f000, 0x00000203eb8cd000, 0x00000203ed065800, 0x00000203ed8e8000,
0x00000203ed227800, 0x00000203ecac9000, 0x00000203ec734000, 0x00000203ecc7a800,
0x00000203ed2a6800, 0x00000203ed880000, 0x00000203edbfd000, 0x00000203edbf9000,
0x00000203edbfa800, 0x00000203edbfe000, 0x00000203edbfe800, 0x00000203edbff800,
0x00000203edbf9800, 0x00000203edbfb800, 0x00000203edbfc000, 0x00000203f13c2000,
0x00000203f13bf000, 0x00000203f13bf800, 0x00000203f13c5800, 0x00000203f13c6800,
0x00000203f13c1800, 0x00000203f13c4800, 0x00000203f13c8000, 0x00000203f13c8800,
0x00000203f13c7000, 0x00000203f13c4000, 0x00000203f13c3000, 0x00000203f13c9800,
0x00000203f13cd000, 0x00000203f13ca800, 0x00000203f13cc000, 0x00000203ef21f000,
0x00000203ef220000, 0x00000203ef21c000, 0x00000203ef21d000, 0x00000203ef21e800,
0x00000203ef21d800, 0x00000203ef221000, 0x00000203ef21b000, 0x00000203ef226000,
0x00000203ef226800, 0x00000203ef222800, 0x00000203ef227800, 0x00000203f4915000,
0x00000203ef221800
}

Java Threads: ( => current thread )
  0x00000203d1de7000 JavaThread "main" [_thread_blocked, id=3508, stack(0x000000607eb00000,0x000000607ec00000)]
  0x00000203eadf8800 JavaThread "Reference Handler" daemon [_thread_blocked, id=10432, stack(0x000000607f200000,0x000000607f300000)]
  0x00000203eadf9800 JavaThread "Finalizer" daemon [_thread_blocked, id=12988, stack(0x000000607f300000,0x000000607f400000)]
  0x00000203eae13800 JavaThread "Signal Dispatcher" daemon [_thread_blocked, id=12496, stack(0x000000607f400000,0x000000607f500000)]
  0x00000203eae16000 JavaThread "Attach Listener" daemon [_thread_blocked, id=2684, stack(0x000000607f500000,0x000000607f600000)]
  0x00000203eae19000 JavaThread "Service Thread" daemon [_thread_blocked, id=5308, stack(0x000000607f600000,0x000000607f700000)]
=>0x00000203eae1c000 JavaThread "C2 CompilerThread0" daemon [_thread_in_native, id=11512, stack(0x000000607f700000,0x000000607f800000)]
  0x00000203eae2a800 JavaThread "C1 CompilerThread0" daemon [_thread_in_vm, id=11432, stack(0x000000607f800000,0x000000607f900000)]
  0x00000203eae2f000 JavaThread "Sweeper thread" daemon [_thread_blocked, id=11316, stack(0x000000607f900000,0x000000607fa00000)]
  0x00000203eb8cd000 JavaThread "Common-Cleaner" daemon [_thread_blocked, id=12608, stack(0x000000607fa00000,0x000000607fb00000)]
  0x00000203ed065800 JavaThread "Daemon health stats" [_thread_blocked, id=13304, stack(0x000000607ff00000,0x0000006080000000)]
  0x00000203ed8e8000 JavaThread "Incoming local TCP Connector on port 57654" [_thread_in_native, id=11516, stack(0x000000607fc00000,0x000000607fd00000)]
  0x00000203ed227800 JavaThread "Daemon periodic checks" [_thread_blocked, id=12128, stack(0x0000006000000000,0x0000006000100000)]
  0x00000203ecac9000 JavaThread "Daemon" [_thread_blocked, id=3372, stack(0x0000006000100000,0x0000006000200000)]
  0x00000203ec734000 JavaThread "Handler for socket connection from /127.0.0.1:57654 to /127.0.0.1:57655" [_thread_in_native, id=3212, stack(0x0000006000200000,0x0000006000300000)]
  0x00000203ecc7a800 JavaThread "Cancel handler" [_thread_blocked, id=10464, stack(0x0000006000300000,0x0000006000400000)]
  0x00000203ed2a6800 JavaThread "Daemon worker" [_thread_blocked, id=12236, stack(0x0000006000400000,0x0000006000500000)]
  0x00000203ed880000 JavaThread "Asynchronous log dispatcher for DefaultDaemonConnection: socket connection from /127.0.0.1:57654 to /127.0.0.1:57655" [_thread_blocked, id=9648, stack(0x0000006000500000,0x0000006000600000)]
  0x00000203edbfd000 JavaThread "Daemon client event forwarder" [_thread_blocked, id=12192, stack(0x0000006000700000,0x0000006000800000)]
  0x00000203edbf9000 JavaThread "Cache worker for file hash cache (C:\Users\HP\.gradle\wrapper\dists\gradle-2.14.1-all\caches\7.0.2\fileHashes)" [_thread_blocked, id=10136, stack(0x0000006000800000,0x0000006000900000)]
  0x00000203edbfa800 JavaThread "File lock request listener" [_thread_in_native, id=13124, stack(0x0000006000900000,0x0000006000a00000)]
  0x00000203edbfe000 JavaThread "Cache worker for journal cache (C:\Users\HP\.gradle\wrapper\dists\gradle-2.14.1-all\caches\journal-1)" [_thread_blocked, id=9352, stack(0x0000006000b00000,0x0000006000c00000)]
  0x00000203edbfe800 JavaThread "Cache worker for file hash cache (C:\Users\HP\AndroidStudioProjects\QuizzerExtended\QuizzerClass\.gradle\7.0.2\fileHashes)" [_thread_blocked, id=10212, stack(0x0000006000d00000,0x0000006000e00000)]
  0x00000203edbff800 JavaThread "File watcher server" daemon [_thread_in_native, id=7912, stack(0x0000006000e00000,0x0000006000f00000)]
  0x00000203edbf9800 JavaThread "File watcher consumer" daemon [_thread_blocked, id=6756, stack(0x0000006000f00000,0x0000006001000000)]
  0x00000203edbfb800 JavaThread "Cache worker for checksums cache (C:\Users\HP\AndroidStudioProjects\QuizzerExtended\QuizzerClass\.gradle\checksums)" [_thread_blocked, id=9176, stack(0x0000006001000000,0x0000006001100000)]
  0x00000203edbfc000 JavaThread "Cache worker for cache directory md-supplier (C:\Users\HP\.gradle\wrapper\dists\gradle-2.14.1-all\caches\7.0.2\md-supplier)" [_thread_blocked, id=3860, stack(0x0000006001100000,0x0000006001200000)]
  0x00000203f13c2000 JavaThread "Cache worker for cache directory md-rule (C:\Users\HP\.gradle\wrapper\dists\gradle-2.14.1-all\caches\7.0.2\md-rule)" [_thread_blocked, id=3204, stack(0x0000006001200000,0x0000006001300000)]
  0x00000203f13bf000 JavaThread "Cache worker for execution history cache (C:\Users\HP\.gradle\wrapper\dists\gradle-2.14.1-all\caches\7.0.2\executionHistory)" [_thread_blocked, id=10956, stack(0x0000006001300000,0x0000006001400000)]
  0x00000203f13bf800 JavaThread "jar transforms" [_thread_blocked, id=12300, stack(0x0000006001400000,0x0000006001500000)]
  0x00000203f13c5800 JavaThread "jar transforms Thread 2" [_thread_blocked, id=11784, stack(0x0000006001500000,0x0000006001600000)]
  0x00000203f13c6800 JavaThread "Cache worker for file content cache (C:\Users\HP\.gradle\wrapper\dists\gradle-2.14.1-all\caches\7.0.2\fileContent)" [_thread_blocked, id=10736, stack(0x0000006001600000,0x0000006001700000)]
  0x00000203f13c1800 JavaThread "Cache worker for dependencies-accessors (C:\Users\HP\AndroidStudioProjects\QuizzerExtended\QuizzerClass\.gradle\7.0.2\dependencies-accessors)" [_thread_blocked, id=6268, stack(0x0000006001700000,0x0000006001800000)]
  0x00000203f13c4800 JavaThread "jar transforms Thread 3" [_thread_blocked, id=11056, stack(0x0000006001800000,0x0000006001900000)]
  0x00000203f13c8000 JavaThread "Cache worker for Build Output Cleanup Cache (C:\Users\HP\AndroidStudioProjects\QuizzerExtended\QuizzerClass\.gradle\buildOutputCleanup)" [_thread_blocked, id=10892, stack(0x0000006001900000,0x0000006001a00000)]
  0x00000203f13c8800 JavaThread "Build operations" [_thread_blocked, id=12172, stack(0x0000006001a00000,0x0000006001b00000)]
  0x00000203f13c7000 JavaThread "Build operations Thread 2" [_thread_blocked, id=888, stack(0x0000006001b00000,0x0000006001c00000)]
  0x00000203f13c4000 JavaThread "Build operations Thread 3" [_thread_blocked, id=12264, stack(0x0000006001c00000,0x0000006001d00000)]
  0x00000203f13c3000 JavaThread "Build operations Thread 4" [_thread_blocked, id=8748, stack(0x0000006001d00000,0x0000006001e00000)]
  0x00000203f13c9800 JavaThread "jar transforms Thread 4" [_thread_blocked, id=8884, stack(0x0000006001e00000,0x0000006001f00000)]
  0x00000203f13cd000 JavaThread "Memory manager" [_thread_blocked, id=13040, stack(0x0000006001f00000,0x0000006002000000)]
  0x00000203f13ca800 JavaThread "build event listener" [_thread_blocked, id=5696, stack(0x0000006002000000,0x0000006002100000)]
  0x00000203f13cc000 JavaThread "Execution worker for ':'" [_thread_blocked, id=13288, stack(0x0000006002100000,0x0000006002200000)]
  0x00000203ef21f000 JavaThread "Execution worker for ':' Thread 2" [_thread_blocked, id=12124, stack(0x0000006002200000,0x0000006002300000)]
  0x00000203ef220000 JavaThread "Execution worker for ':' Thread 3" [_thread_blocked, id=2620, stack(0x0000006002300000,0x0000006002400000)]
  0x00000203ef21c000 JavaThread "Cache worker for execution history cache (C:\Users\HP\AndroidStudioProjects\QuizzerExtended\QuizzerClass\.gradle\7.0.2\executionHistory)" [_thread_blocked, id=10672, stack(0x0000006002400000,0x0000006002500000)]
  0x00000203ef21d000 JavaThread "WorkerExecutor Queue" [_thread_in_vm, id=11540, stack(0x0000006002500000,0x0000006002600000)]
  0x00000203ef21e800 JavaThread "WorkerExecutor Queue Thread 2" [_thread_in_Java, id=7492, stack(0x0000006002600000,0x0000006002700000)]
  0x00000203ef21d800 JavaThread "WorkerExecutor Queue Thread 3" [_thread_in_Java, id=7368, stack(0x0000006002700000,0x0000006002800000)]
  0x00000203ef221000 JavaThread "WorkerExecutor Queue Thread 5" [_thread_in_Java, id=4780, stack(0x0000006002800000,0x0000006002900000)]
  0x00000203ef21b000 JavaThread "pool-3-thread-1" [_thread_blocked, id=9184, stack(0x0000006002900000,0x0000006002a00000)]
  0x00000203ef226000 JavaThread "stderr" [_thread_in_native, id=6600, stack(0x0000006002c00000,0x0000006002d00000)]
  0x00000203ef226800 JavaThread "stdout" [_thread_in_native, id=1204, stack(0x0000006002d00000,0x0000006002e00000)]
  0x00000203ef222800 JavaThread "Cache worker for Java compile cache (C:\Users\HP\.gradle\wrapper\dists\gradle-2.14.1-all\caches\7.0.2\javaCompile)" [_thread_blocked, id=13176, stack(0x0000006000c00000,0x0000006000d00000)]
  0x00000203ef227800 JavaThread "Cache worker for Java compile cache (C:\Users\HP\AndroidStudioProjects\QuizzerExtended\QuizzerClass\.gradle\7.0.2\javaCompile)" [_thread_blocked, id=12708, stack(0x0000006002e00000,0x0000006002f00000)]
  0x00000203f4915000 JavaThread "C2 CompilerThread1" daemon [_thread_in_native, id=12472, stack(0x0000006000600000,0x0000006000700000)]
  0x00000203ef221800 JavaThread "WorkerExecutor Queue Thread 6" [_thread_blocked, id=13308, stack(0x0000006002f00000,0x0000006003000000)]

Other Threads:
  0x00000203eadd2000 VMThread "VM Thread" [stack: 0x000000607f100000,0x000000607f200000] [id=11164]
  0x00000203eb8f4000 WatcherThread [stack: 0x000000607fb00000,0x000000607fc00000] [id=12228]
  0x00000203d1e01000 GCTaskThread "GC Thread#0" [stack: 0x000000607ec00000,0x000000607ed00000] [id=12684]
  0x00000203ebf90000 GCTaskThread "GC Thread#1" [stack: 0x000000607fd00000,0x000000607fe00000] [id=3232]
  0x00000203ebd3a800 GCTaskThread "GC Thread#2" [stack: 0x000000607fe00000,0x000000607ff00000] [id=5524]
  0x00000203ee40a800 GCTaskThread "GC Thread#3" [stack: 0x0000006000a00000,0x0000006000b00000] [id=11416]
  0x00000203d1e29000 ConcurrentGCThread "G1 Main Marker" [stack: 0x000000607ed00000,0x000000607ee00000] [id=12528]
  0x00000203d1e2b000 ConcurrentGCThread "G1 Conc#0" [stack: 0x000000607ee00000,0x000000607ef00000] [id=12080]
  0x00000203d1ebc800 ConcurrentGCThread "G1 Refine#0" [stack: 0x000000607ef00000,0x000000607f000000] [id=11920]
  0x00000203d1ebd800 ConcurrentGCThread "G1 Young RemSet Sampling" [stack: 0x000000607f000000,0x000000607f100000] [id=8880]

Threads with active compile tasks:
C2 CompilerThread0  80939 17227       4       com.android.tools.r8.internal.Ne::next (114 bytes)
C1 CompilerThread0  80939 17460       2       com.android.tools.r8.ir.regalloc.a::a (1373 bytes)
C2 CompilerThread1  80939 17224       4       com.android.tools.r8.internal.W4::a (1165 bytes)

VM state:not at safepoint (normal execution)

VM Mutex/Monitor currently owned by a thread: None

Heap address: 0x00000000a0000000, size: 1536 MB, Compressed Oops mode: 32-bit
Narrow klass base: 0x0000000000000000, Narrow klass shift: 3
Compressed class space size: 1073741824 Address: 0x0000000100000000

Heap:
 garbage-first heap   total 189440K, used 151380K [0x00000000a0000000, 0x0000000100000000)
  region size 1024K, 31 young (31744K), 4 survivors (4096K)
 Metaspace       used 113077K, capacity 116031K, committed 116216K, reserved 1150976K
  class space    used 14237K, capacity 15343K, committed 15436K, reserved 1048576K
Heap Regions: E=young(eden), S=young(survivor), O=old, HS=humongous(starts), HC=humongous(continues), CS=collection set, F=free, A=archive, TAMS=top-at-mark-start (previous, next)
|   0|0x00000000a0000000, 0x00000000a0100000, 0x00000000a0100000|100%|HS|  |TAMS 0x00000000a0100000, 0x00000000a0000000| Complete 
|   1|0x00000000a0100000, 0x00000000a0200000, 0x00000000a0200000|100%|HC|  |TAMS 0x00000000a0200000, 0x00000000a0100000| Complete 
|   2|0x00000000a0200000, 0x00000000a0300000, 0x00000000a0300000|100%|HC|  |TAMS 0x00000000a0300000, 0x00000000a0200000| Complete 
|   3|0x00000000a0300000, 0x00000000a0400000, 0x00000000a0400000|100%| O|  |TAMS 0x00000000a0400000, 0x00000000a0300000| Untracked 
|   4|0x00000000a0400000, 0x00000000a0500000, 0x00000000a0500000|100%| O|  |TAMS 0x00000000a0500000, 0x00000000a0400000| Untracked 
|   5|0x00000000a0500000, 0x00000000a0600000, 0x00000000a0600000|100%| O|  |TAMS 0x00000000a0600000, 0x00000000a0500000| Untracked 
|   6|0x00000000a0600000, 0x00000000a0700000, 0x00000000a0700000|100%| O|  |TAMS 0x00000000a0700000, 0x00000000a0600000| Untracked 
|   7|0x00000000a0700000, 0x00000000a0800000, 0x00000000a0800000|100%| O|  |TAMS 0x00000000a0800000, 0x00000000a0700000| Untracked 
|   8|0x00000000a0800000, 0x00000000a0900000, 0x00000000a0900000|100%| O|  |TAMS 0x00000000a0900000, 0x00000000a0800000| Untracked 
|   9|0x00000000a0900000, 0x00000000a0a00000, 0x00000000a0a00000|100%| O|  |TAMS 0x00000000a0a00000, 0x00000000a0900000| Untracked 
|  10|0x00000000a0a00000, 0x00000000a0b00000, 0x00000000a0b00000|100%| O|  |TAMS 0x00000000a0b00000, 0x00000000a0a00000| Untracked 
|  11|0x00000000a0b00000, 0x00000000a0c00000, 0x00000000a0c00000|100%| O|  |TAMS 0x00000000a0c00000, 0x00000000a0b00000| Untracked 
|  12|0x00000000a0c00000, 0x00000000a0d00000, 0x00000000a0d00000|100%| O|  |TAMS 0x00000000a0d00000, 0x00000000a0c00000| Untracked 
|  13|0x00000000a0d00000, 0x00000000a0e00000, 0x00000000a0e00000|100%| O|  |TAMS 0x00000000a0e00000, 0x00000000a0d00000| Untracked 
|  14|0x00000000a0e00000, 0x00000000a0f00000, 0x00000000a0f00000|100%| O|  |TAMS 0x00000000a0f00000, 0x00000000a0e00000| Untracked 
|  15|0x00000000a0f00000, 0x00000000a1000000, 0x00000000a1000000|100%| O|  |TAMS 0x00000000a1000000, 0x00000000a0f00000| Untracked 
|  16|0x00000000a1000000, 0x00000000a1100000, 0x00000000a1100000|100%| O|  |TAMS 0x00000000a1100000, 0x00000000a1000000| Untracked 
|  17|0x00000000a1100000, 0x00000000a1200000, 0x00000000a1200000|100%|HS|  |TAMS 0x00000000a1200000, 0x00000000a1100000| Complete 
|  18|0x00000000a1200000, 0x00000000a1300000, 0x00000000a1300000|100%| O|  |TAMS 0x00000000a1300000, 0x00000000a1200000| Untracked 
|  19|0x00000000a1300000, 0x00000000a1400000, 0x00000000a1400000|100%| O|  |TAMS 0x00000000a1400000, 0x00000000a1300000| Untracked 
|  20|0x00000000a1400000, 0x00000000a1500000, 0x00000000a1500000|100%| O|  |TAMS 0x00000000a1500000, 0x00000000a1400000| Untracked 
|  21|0x00000000a1500000, 0x00000000a1600000, 0x00000000a1600000|100%| O|  |TAMS 0x00000000a1600000, 0x00000000a1500000| Untracked 
|  22|0x00000000a1600000, 0x00000000a1700000, 0x00000000a1700000|100%| O|  |TAMS 0x00000000a1700000, 0x00000000a1600000| Untracked 
|  23|0x00000000a1700000, 0x00000000a1800000, 0x00000000a1800000|100%| O|  |TAMS 0x00000000a1800000, 0x00000000a1700000| Untracked 
|  24|0x00000000a1800000, 0x00000000a1900000, 0x00000000a1900000|100%|HS|  |TAMS 0x00000000a1900000, 0x00000000a1800000| Complete 
|  25|0x00000000a1900000, 0x00000000a1a00000, 0x00000000a1a00000|100%|HS|  |TAMS 0x00000000a1a00000, 0x00000000a1900000| Complete 
|  26|0x00000000a1a00000, 0x00000000a1b00000, 0x00000000a1b00000|100%|HC|  |TAMS 0x00000000a1b00000, 0x00000000a1a00000| Complete 
|  27|0x00000000a1b00000, 0x00000000a1c00000, 0x00000000a1c00000|100%| O|  |TAMS 0x00000000a1c00000, 0x00000000a1b00000| Untracked 
|  28|0x00000000a1c00000, 0x00000000a1d00000, 0x00000000a1d00000|100%| O|  |TAMS 0x00000000a1d00000, 0x00000000a1c00000| Untracked 
|  29|0x00000000a1d00000, 0x00000000a1e00000, 0x00000000a1e00000|100%| O|  |TAMS 0x00000000a1e00000, 0x00000000a1d00000| Untracked 
|  30|0x00000000a1e00000, 0x00000000a1f00000, 0x00000000a1f00000|100%| O|  |TAMS 0x00000000a1f00000, 0x00000000a1e00000| Untracked 
|  31|0x00000000a1f00000, 0x00000000a2000000, 0x00000000a2000000|100%| O|  |TAMS 0x00000000a2000000, 0x00000000a1f00000| Untracked 
|  32|0x00000000a2000000, 0x00000000a2100000, 0x00000000a2100000|100%| O|  |TAMS 0x00000000a2100000, 0x00000000a2000000| Untracked 
|  33|0x00000000a2100000, 0x00000000a2200000, 0x00000000a2200000|100%| O|  |TAMS 0x00000000a2200000, 0x00000000a2100000| Untracked 
|  34|0x00000000a2200000, 0x00000000a2300000, 0x00000000a2300000|100%| O|  |TAMS 0x00000000a2300000, 0x00000000a2200000| Untracked 
|  35|0x00000000a2300000, 0x00000000a2400000, 0x00000000a2400000|100%| O|  |TAMS 0x00000000a2400000, 0x00000000a2300000| Untracked 
|  36|0x00000000a2400000, 0x00000000a2500000, 0x00000000a2500000|100%| O|  |TAMS 0x00000000a2500000, 0x00000000a2400000| Untracked 
|  37|0x00000000a2500000, 0x00000000a2600000, 0x00000000a2600000|100%| O|  |TAMS 0x00000000a2600000, 0x00000000a2500000| Untracked 
|  38|0x00000000a2600000, 0x00000000a2700000, 0x00000000a2700000|100%| O|  |TAMS 0x00000000a2700000, 0x00000000a2600000| Untracked 
|  39|0x00000000a2700000, 0x00000000a2800000, 0x00000000a2800000|100%| O|  |TAMS 0x00000000a2800000, 0x00000000a2700000| Untracked 
|  40|0x00000000a2800000, 0x00000000a2900000, 0x00000000a2900000|100%| O|  |TAMS 0x00000000a2900000, 0x00000000a2800000| Untracked 
|  41|0x00000000a2900000, 0x00000000a2a00000, 0x00000000a2a00000|100%| O|  |TAMS 0x00000000a2a00000, 0x00000000a2900000| Untracked 
|  42|0x00000000a2a00000, 0x00000000a2b00000, 0x00000000a2b00000|100%| O|  |TAMS 0x00000000a2b00000, 0x00000000a2a00000| Untracked 
|  43|0x00000000a2b00000, 0x00000000a2c00000, 0x00000000a2c00000|100%| O|  |TAMS 0x00000000a2c00000, 0x00000000a2b00000| Untracked 
|  44|0x00000000a2c00000, 0x00000000a2d00000, 0x00000000a2d00000|100%| O|  |TAMS 0x00000000a2d00000, 0x00000000a2c00000| Untracked 
|  45|0x00000000a2d00000, 0x00000000a2e00000, 0x00000000a2e00000|100%| O|  |TAMS 0x00000000a2e00000, 0x00000000a2d00000| Untracked 
|  46|0x00000000a2e00000, 0x00000000a2f00000, 0x00000000a2f00000|100%| O|  |TAMS 0x00000000a2f00000, 0x00000000a2e00000| Untracked 
|  47|0x00000000a2f00000, 0x00000000a3000000, 0x00000000a3000000|100%| O|  |TAMS 0x00000000a3000000, 0x00000000a2f00000| Untracked 
|  48|0x00000000a3000000, 0x00000000a3100000, 0x00000000a3100000|100%| O|  |TAMS 0x00000000a3100000, 0x00000000a3000000| Untracked 
|  49|0x00000000a3100000, 0x00000000a3200000, 0x00000000a3200000|100%| O|  |TAMS 0x00000000a3200000, 0x00000000a3100000| Untracked 
|  50|0x00000000a3200000, 0x00000000a3300000, 0x00000000a3300000|100%| O|  |TAMS 0x00000000a3300000, 0x00000000a3200000| Untracked 
|  51|0x00000000a3300000, 0x00000000a3400000, 0x00000000a3400000|100%| O|  |TAMS 0x00000000a3400000, 0x00000000a3300000| Untracked 
|  52|0x00000000a3400000, 0x00000000a3500000, 0x00000000a3500000|100%| O|  |TAMS 0x00000000a3500000, 0x00000000a3400000| Untracked 
|  53|0x00000000a3500000, 0x00000000a3600000, 0x00000000a3600000|100%| O|  |TAMS 0x00000000a3600000, 0x00000000a3500000| Untracked 
|  54|0x00000000a3600000, 0x00000000a3700000, 0x00000000a3700000|100%| O|  |TAMS 0x00000000a3700000, 0x00000000a3600000| Untracked 
|  55|0x00000000a3700000, 0x00000000a3800000, 0x00000000a3800000|100%| O|  |TAMS 0x00000000a3800000, 0x00000000a3700000| Untracked 
|  56|0x00000000a3800000, 0x00000000a3900000, 0x00000000a3900000|100%| O|  |TAMS 0x00000000a3900000, 0x00000000a3800000| Untracked 
|  57|0x00000000a3900000, 0x00000000a3a00000, 0x00000000a3a00000|100%| O|  |TAMS 0x00000000a3a00000, 0x00000000a3900000| Untracked 
|  58|0x00000000a3a00000, 0x00000000a3b00000, 0x00000000a3b00000|100%| O|  |TAMS 0x00000000a3b00000, 0x00000000a3a00000| Untracked 
|  59|0x00000000a3b00000, 0x00000000a3c00000, 0x00000000a3c00000|100%| O|  |TAMS 0x00000000a3c00000, 0x00000000a3b00000| Untracked 
|  60|0x00000000a3c00000, 0x00000000a3d00000, 0x00000000a3d00000|100%| O|  |TAMS 0x00000000a3d00000, 0x00000000a3c00000| Untracked 
|  61|0x00000000a3d00000, 0x00000000a3e00000, 0x00000000a3e00000|100%| O|  |TAMS 0x00000000a3e00000, 0x00000000a3d00000| Untracked 
|  62|0x00000000a3e00000, 0x00000000a3f00000, 0x00000000a3f00000|100%| O|  |TAMS 0x00000000a3f00000, 0x00000000a3e00000| Untracked 
|  63|0x00000000a3f00000, 0x00000000a4000000, 0x00000000a4000000|100%| O|  |TAMS 0x00000000a4000000, 0x00000000a3f00000| Untracked 
|  64|0x00000000a4000000, 0x00000000a4100000, 0x00000000a4100000|100%| O|  |TAMS 0x00000000a4100000, 0x00000000a4000000| Untracked 
|  65|0x00000000a4100000, 0x00000000a4200000, 0x00000000a4200000|100%| O|  |TAMS 0x00000000a4100000, 0x00000000a4100000| Untracked 
|  66|0x00000000a4200000, 0x00000000a4300000, 0x00000000a4300000|100%| O|  |TAMS 0x00000000a4300000, 0x00000000a4200000| Untracked 
|  67|0x00000000a4300000, 0x00000000a4400000, 0x00000000a4400000|100%| O|  |TAMS 0x00000000a4400000, 0x00000000a4300000| Untracked 
|  68|0x00000000a4400000, 0x00000000a4500000, 0x00000000a4500000|100%| O|  |TAMS 0x00000000a4500000, 0x00000000a4400000| Untracked 
|  69|0x00000000a4500000, 0x00000000a4600000, 0x00000000a4600000|100%| O|  |TAMS 0x00000000a4500000, 0x00000000a4500000| Untracked 
|  70|0x00000000a4600000, 0x00000000a46d5200, 0x00000000a4700000| 83%| O|  |TAMS 0x00000000a4600000, 0x00000000a4600000| Untracked 
|  71|0x00000000a4700000, 0x00000000a4700000, 0x00000000a4800000|  0%| F|  |TAMS 0x00000000a4700000, 0x00000000a4700000| Untracked 
|  72|0x00000000a4800000, 0x00000000a4900000, 0x00000000a4900000|100%| O|  |TAMS 0x00000000a4900000, 0x00000000a4800000| Untracked 
|  73|0x00000000a4900000, 0x00000000a4900000, 0x00000000a4a00000|  0%| F|  |TAMS 0x00000000a4900000, 0x00000000a4900000| Untracked 
|  74|0x00000000a4a00000, 0x00000000a4b00000, 0x00000000a4b00000|100%| O|  |TAMS 0x00000000a4b00000, 0x00000000a4a00000| Untracked 
|  75|0x00000000a4b00000, 0x00000000a4c00000, 0x00000000a4c00000|100%| O|  |TAMS 0x00000000a4c00000, 0x00000000a4b00000| Untracked 
|  76|0x00000000a4c00000, 0x00000000a4d00000, 0x00000000a4d00000|100%| O|  |TAMS 0x00000000a4d00000, 0x00000000a4c00000| Untracked 
|  77|0x00000000a4d00000, 0x00000000a4e00000, 0x00000000a4e00000|100%| O|  |TAMS 0x00000000a4e00000, 0x00000000a4d00000| Untracked 
|  78|0x00000000a4e00000, 0x00000000a4e00000, 0x00000000a4f00000|  0%| F|  |TAMS 0x00000000a4e00000, 0x00000000a4e00000| Untracked 
|  79|0x00000000a4f00000, 0x00000000a5000000, 0x00000000a5000000|100%| O|  |TAMS 0x00000000a5000000, 0x00000000a4f00000| Untracked 
|  80|0x00000000a5000000, 0x00000000a5100000, 0x00000000a5100000|100%| O|  |TAMS 0x00000000a5100000, 0x00000000a5000000| Untracked 
|  81|0x00000000a5100000, 0x00000000a5200000, 0x00000000a5200000|100%| O|  |TAMS 0x00000000a5200000, 0x00000000a5100000| Untracked 
|  82|0x00000000a5200000, 0x00000000a5300000, 0x00000000a5300000|100%| O|  |TAMS 0x00000000a5300000, 0x00000000a5200000| Untracked 
|  83|0x00000000a5300000, 0x00000000a5300000, 0x00000000a5400000|  0%| F|  |TAMS 0x00000000a5300000, 0x00000000a5300000| Untracked 
|  84|0x00000000a5400000, 0x00000000a5500000, 0x00000000a5500000|100%| O|  |TAMS 0x00000000a5500000, 0x00000000a5400000| Untracked 
|  85|0x00000000a5500000, 0x00000000a5600000, 0x00000000a5600000|100%| O|  |TAMS 0x00000000a5600000, 0x00000000a5500000| Untracked 
|  86|0x00000000a5600000, 0x00000000a5700000, 0x00000000a5700000|100%| O|  |TAMS 0x00000000a5700000, 0x00000000a5600000| Untracked 
|  87|0x00000000a5700000, 0x00000000a5800000, 0x00000000a5800000|100%| O|  |TAMS 0x00000000a5800000, 0x00000000a5700000| Untracked 
|  88|0x00000000a5800000, 0x00000000a5900000, 0x00000000a5900000|100%| O|  |TAMS 0x00000000a5900000, 0x00000000a5800000| Untracked 
|  89|0x00000000a5900000, 0x00000000a5a00000, 0x00000000a5a00000|100%| O|  |TAMS 0x00000000a5a00000, 0x00000000a5900000| Untracked 
|  90|0x00000000a5a00000, 0x00000000a5b00000, 0x00000000a5b00000|100%| O|  |TAMS 0x00000000a5b00000, 0x00000000a5a00000| Untracked 
|  91|0x00000000a5b00000, 0x00000000a5c00000, 0x00000000a5c00000|100%| O|  |TAMS 0x00000000a5c00000, 0x00000000a5b00000| Untracked 
|  92|0x00000000a5c00000, 0x00000000a5c00000, 0x00000000a5d00000|  0%| F|  |TAMS 0x00000000a5c00000, 0x00000000a5c00000| Untracked 
|  93|0x00000000a5d00000, 0x00000000a5e00000, 0x00000000a5e00000|100%| O|  |TAMS 0x00000000a5e00000, 0x00000000a5d00000| Untracked 
|  94|0x00000000a5e00000, 0x00000000a5f00000, 0x00000000a5f00000|100%| O|  |TAMS 0x00000000a5f00000, 0x00000000a5e00000| Untracked 
|  95|0x00000000a5f00000, 0x00000000a6000000, 0x00000000a6000000|100%| O|  |TAMS 0x00000000a6000000, 0x00000000a5f00000| Untracked 
|  96|0x00000000a6000000, 0x00000000a6100000, 0x00000000a6100000|100%| O|  |TAMS 0x00000000a6100000, 0x00000000a6000000| Untracked 
|  97|0x00000000a6100000, 0x00000000a6200000, 0x00000000a6200000|100%| O|  |TAMS 0x00000000a6200000, 0x00000000a6100000| Untracked 
|  98|0x00000000a6200000, 0x00000000a6300000, 0x00000000a6300000|100%| O|  |TAMS 0x00000000a6300000, 0x00000000a6200000| Untracked 
|  99|0x00000000a6300000, 0x00000000a6400000, 0x00000000a6400000|100%| O|  |TAMS 0x00000000a6400000, 0x00000000a6300000| Untracked 
| 100|0x00000000a6400000, 0x00000000a6500000, 0x00000000a6500000|100%| O|  |TAMS 0x00000000a6500000, 0x00000000a6400000| Untracked 
| 101|0x00000000a6500000, 0x00000000a6600000, 0x00000000a6600000|100%| O|  |TAMS 0x00000000a6600000, 0x00000000a6500000| Untracked 
| 102|0x00000000a6600000, 0x00000000a6700000, 0x00000000a6700000|100%| O|  |TAMS 0x00000000a6700000, 0x00000000a6600000| Untracked 
| 103|0x00000000a6700000, 0x00000000a6800000, 0x00000000a6800000|100%| O|  |TAMS 0x00000000a6800000, 0x00000000a6700000| Untracked 
| 104|0x00000000a6800000, 0x00000000a6900000, 0x00000000a6900000|100%|HS|  |TAMS 0x00000000a6900000, 0x00000000a6800000| Complete 
| 105|0x00000000a6900000, 0x00000000a6a00000, 0x00000000a6a00000|100%|HC|  |TAMS 0x00000000a6a00000, 0x00000000a6900000| Complete 
| 106|0x00000000a6a00000, 0x00000000a6b00000, 0x00000000a6b00000|100%| O|  |TAMS 0x00000000a6b00000, 0x00000000a6a00000| Untracked 
| 107|0x00000000a6b00000, 0x00000000a6b00000, 0x00000000a6c00000|  0%| F|  |TAMS 0x00000000a6b00000, 0x00000000a6b00000| Untracked 
| 108|0x00000000a6c00000, 0x00000000a6c00000, 0x00000000a6d00000|  0%| F|  |TAMS 0x00000000a6c00000, 0x00000000a6c00000| Untracked 
| 109|0x00000000a6d00000, 0x00000000a6d00000, 0x00000000a6e00000|  0%| F|  |TAMS 0x00000000a6d00000, 0x00000000a6d00000| Untracked 
| 110|0x00000000a6e00000, 0x00000000a6f00000, 0x00000000a6f00000|100%| O|  |TAMS 0x00000000a6f00000, 0x00000000a6e00000| Untracked 
| 111|0x00000000a6f00000, 0x00000000a7000000, 0x00000000a7000000|100%| O|  |TAMS 0x00000000a7000000, 0x00000000a6f00000| Untracked 
| 112|0x00000000a7000000, 0x00000000a7000000, 0x00000000a7100000|  0%| F|  |TAMS 0x00000000a7000000, 0x00000000a7000000| Untracked 
| 113|0x00000000a7100000, 0x00000000a7200000, 0x00000000a7200000|100%| O|  |TAMS 0x00000000a7200000, 0x00000000a7100000| Untracked 
| 114|0x00000000a7200000, 0x00000000a7300000, 0x00000000a7300000|100%| O|  |TAMS 0x00000000a7300000, 0x00000000a7200000| Untracked 
| 115|0x00000000a7300000, 0x00000000a7400000, 0x00000000a7400000|100%| O|  |TAMS 0x00000000a7400000, 0x00000000a7300000| Untracked 
| 116|0x00000000a7400000, 0x00000000a7500000, 0x00000000a7500000|100%| O|  |TAMS 0x00000000a7448e00, 0x00000000a7400000| Untracked 
| 117|0x00000000a7500000, 0x00000000a7600000, 0x00000000a7600000|100%| O|  |TAMS 0x00000000a7500000, 0x00000000a7500000| Untracked 
| 118|0x00000000a7600000, 0x00000000a7700000, 0x00000000a7700000|100%| O|  |TAMS 0x00000000a7600000, 0x00000000a7600000| Untracked 
| 119|0x00000000a7700000, 0x00000000a7800000, 0x00000000a7800000|100%| O|  |TAMS 0x00000000a7700000, 0x00000000a7700000| Untracked 
| 120|0x00000000a7800000, 0x00000000a7900000, 0x00000000a7900000|100%| O|  |TAMS 0x00000000a7800000, 0x00000000a7800000| Untracked 
| 121|0x00000000a7900000, 0x00000000a7a00000, 0x00000000a7a00000|100%| O|  |TAMS 0x00000000a7900000, 0x00000000a7900000| Untracked 
| 122|0x00000000a7a00000, 0x00000000a7b00000, 0x00000000a7b00000|100%| O|  |TAMS 0x00000000a7a00000, 0x00000000a7a00000| Untracked 
| 123|0x00000000a7b00000, 0x00000000a7c00000, 0x00000000a7c00000|100%| O|  |TAMS 0x00000000a7b00000, 0x00000000a7b00000| Untracked 
| 124|0x00000000a7c00000, 0x00000000a7d00000, 0x00000000a7d00000|100%| O|  |TAMS 0x00000000a7c00000, 0x00000000a7c00000| Untracked 
| 125|0x00000000a7d00000, 0x00000000a7e00000, 0x00000000a7e00000|100%| O|  |TAMS 0x00000000a7d00000, 0x00000000a7d00000| Untracked 
| 126|0x00000000a7e00000, 0x00000000a7f00000, 0x00000000a7f00000|100%| O|  |TAMS 0x00000000a7e00000, 0x00000000a7e00000| Untracked 
| 127|0x00000000a7f00000, 0x00000000a7f00000, 0x00000000a8000000|  0%| F|  |TAMS 0x00000000a7f00000, 0x00000000a7f00000| Untracked 
| 128|0x00000000a8000000, 0x00000000a8000000, 0x00000000a8100000|  0%| F|  |TAMS 0x00000000a8000000, 0x00000000a8000000| Untracked 
| 129|0x00000000a8100000, 0x00000000a8100000, 0x00000000a8200000|  0%| F|  |TAMS 0x00000000a8100000, 0x00000000a8100000| Untracked 
| 130|0x00000000a8200000, 0x00000000a8200000, 0x00000000a8300000|  0%| F|  |TAMS 0x00000000a8200000, 0x00000000a8200000| Untracked 
| 131|0x00000000a8300000, 0x00000000a8300000, 0x00000000a8400000|  0%| F|  |TAMS 0x00000000a8300000, 0x00000000a8300000| Untracked 
| 132|0x00000000a8400000, 0x00000000a8400000, 0x00000000a8500000|  0%| F|  |TAMS 0x00000000a8400000, 0x00000000a8400000| Untracked 
| 133|0x00000000a8500000, 0x00000000a8500000, 0x00000000a8600000|  0%| F|  |TAMS 0x00000000a8500000, 0x00000000a8500000| Untracked 
| 134|0x00000000a8600000, 0x00000000a8600000, 0x00000000a8700000|  0%| F|  |TAMS 0x00000000a8600000, 0x00000000a8600000| Untracked 
| 135|0x00000000a8700000, 0x00000000a8700000, 0x00000000a8800000|  0%| F|  |TAMS 0x00000000a8700000, 0x00000000a8700000| Untracked 
| 136|0x00000000a8800000, 0x00000000a8800000, 0x00000000a8900000|  0%| F|  |TAMS 0x00000000a8800000, 0x00000000a8800000| Untracked 
| 137|0x00000000a8900000, 0x00000000a8900000, 0x00000000a8a00000|  0%| F|  |TAMS 0x00000000a8900000, 0x00000000a8900000| Untracked 
| 138|0x00000000a8a00000, 0x00000000a8a00000, 0x00000000a8b00000|  0%| F|  |TAMS 0x00000000a8a00000, 0x00000000a8a00000| Untracked 
| 139|0x00000000a8b00000, 0x00000000a8b00000, 0x00000000a8c00000|  0%| F|  |TAMS 0x00000000a8b00000, 0x00000000a8b00000| Untracked 
| 140|0x00000000a8c00000, 0x00000000a8c00000, 0x00000000a8d00000|  0%| F|  |TAMS 0x00000000a8c00000, 0x00000000a8c00000| Untracked 
| 141|0x00000000a8d00000, 0x00000000a8d00000, 0x00000000a8e00000|  0%| F|  |TAMS 0x00000000a8d00000, 0x00000000a8d00000| Untracked 
| 142|0x00000000a8e00000, 0x00000000a8e00000, 0x00000000a8f00000|  0%| F|  |TAMS 0x00000000a8e00000, 0x00000000a8e00000| Untracked 
| 143|0x00000000a8f00000, 0x00000000a8f00000, 0x00000000a9000000|  0%| F|  |TAMS 0x00000000a8f00000, 0x00000000a8f00000| Untracked 
| 144|0x00000000a9000000, 0x00000000a9000000, 0x00000000a9100000|  0%| F|  |TAMS 0x00000000a9000000, 0x00000000a9000000| Untracked 
| 145|0x00000000a9100000, 0x00000000a9100000, 0x00000000a9200000|  0%| F|  |TAMS 0x00000000a9100000, 0x00000000a9100000| Untracked 
| 146|0x00000000a9200000, 0x00000000a9200000, 0x00000000a9300000|  0%| F|  |TAMS 0x00000000a9200000, 0x00000000a9200000| Untracked 
| 147|0x00000000a9300000, 0x00000000a9300000, 0x00000000a9400000|  0%| F|  |TAMS 0x00000000a9300000, 0x00000000a9300000| Untracked 
| 148|0x00000000a9400000, 0x00000000a9400000, 0x00000000a9500000|  0%| F|  |TAMS 0x00000000a9400000, 0x00000000a9400000| Untracked 
| 149|0x00000000a9500000, 0x00000000a9600000, 0x00000000a9600000|100%| S|CS|TAMS 0x00000000a9500000, 0x00000000a9500000| Complete 
| 150|0x00000000a9600000, 0x00000000a9700000, 0x00000000a9700000|100%| S|CS|TAMS 0x00000000a9600000, 0x00000000a9600000| Complete 
| 151|0x00000000a9700000, 0x00000000a9800000, 0x00000000a9800000|100%| S|CS|TAMS 0x00000000a9700000, 0x00000000a9700000| Complete 
| 152|0x00000000a9800000, 0x00000000a9900000, 0x00000000a9900000|100%| S|CS|TAMS 0x00000000a9800000, 0x00000000a9800000| Complete 
| 153|0x00000000a9900000, 0x00000000a9900000, 0x00000000a9a00000|  0%| F|  |TAMS 0x00000000a9900000, 0x00000000a9900000| Untracked 
| 154|0x00000000a9a00000, 0x00000000a9a00000, 0x00000000a9b00000|  0%| F|  |TAMS 0x00000000a9a00000, 0x00000000a9a00000| Untracked 
| 155|0x00000000a9b00000, 0x00000000a9b00000, 0x00000000a9c00000|  0%| F|  |TAMS 0x00000000a9b00000, 0x00000000a9b00000| Untracked 
| 156|0x00000000a9c00000, 0x00000000a9c00000, 0x00000000a9d00000|  0%| F|  |TAMS 0x00000000a9c00000, 0x00000000a9c00000| Untracked 
| 157|0x00000000a9d00000, 0x00000000a9d00000, 0x00000000a9e00000|  0%| F|  |TAMS 0x00000000a9d00000, 0x00000000a9d00000| Untracked 
| 158|0x00000000a9e00000, 0x00000000a9efb518, 0x00000000a9f00000| 98%| E|  |TAMS 0x00000000a9e00000, 0x00000000a9e00000| Complete 
| 159|0x00000000a9f00000, 0x00000000aa000000, 0x00000000aa000000|100%| E|CS|TAMS 0x00000000a9f00000, 0x00000000a9f00000| Complete 
| 160|0x00000000aa000000, 0x00000000aa100000, 0x00000000aa100000|100%| E|CS|TAMS 0x00000000aa000000, 0x00000000aa000000| Complete 
| 161|0x00000000aa100000, 0x00000000aa200000, 0x00000000aa200000|100%| E|CS|TAMS 0x00000000aa100000, 0x00000000aa100000| Complete 
| 162|0x00000000aa200000, 0x00000000aa300000, 0x00000000aa300000|100%| E|CS|TAMS 0x00000000aa200000, 0x00000000aa200000| Complete 
| 163|0x00000000aa300000, 0x00000000aa400000, 0x00000000aa400000|100%| E|CS|TAMS 0x00000000aa300000, 0x00000000aa300000| Complete 
| 164|0x00000000aa400000, 0x00000000aa500000, 0x00000000aa500000|100%| E|CS|TAMS 0x00000000aa400000, 0x00000000aa400000| Complete 
| 165|0x00000000aa500000, 0x00000000aa600000, 0x00000000aa600000|100%| E|CS|TAMS 0x00000000aa500000, 0x00000000aa500000| Complete 
| 166|0x00000000aa600000, 0x00000000aa700000, 0x00000000aa700000|100%| E|CS|TAMS 0x00000000aa600000, 0x00000000aa600000| Complete 
| 167|0x00000000aa700000, 0x00000000aa800000, 0x00000000aa800000|100%| E|CS|TAMS 0x00000000aa700000, 0x00000000aa700000| Complete 
| 168|0x00000000aa800000, 0x00000000aa900000, 0x00000000aa900000|100%| E|CS|TAMS 0x00000000aa800000, 0x00000000aa800000| Complete 
| 169|0x00000000aa900000, 0x00000000aaa00000, 0x00000000aaa00000|100%| E|CS|TAMS 0x00000000aa900000, 0x00000000aa900000| Complete 
| 170|0x00000000aaa00000, 0x00000000aab00000, 0x00000000aab00000|100%| E|CS|TAMS 0x00000000aaa00000, 0x00000000aaa00000| Complete 
| 171|0x00000000aab00000, 0x00000000aac00000, 0x00000000aac00000|100%| E|CS|TAMS 0x00000000aab00000, 0x00000000aab00000| Complete 
| 172|0x00000000aac00000, 0x00000000aad00000, 0x00000000aad00000|100%| E|CS|TAMS 0x00000000aac00000, 0x00000000aac00000| Complete 
| 173|0x00000000aad00000, 0x00000000aae00000, 0x00000000aae00000|100%| E|CS|TAMS 0x00000000aad00000, 0x00000000aad00000| Complete 
| 174|0x00000000aae00000, 0x00000000aaf00000, 0x00000000aaf00000|100%| E|CS|TAMS 0x00000000aae00000, 0x00000000aae00000| Complete 
| 175|0x00000000aaf00000, 0x00000000ab000000, 0x00000000ab000000|100%| E|CS|TAMS 0x00000000aaf00000, 0x00000000aaf00000| Complete 
| 176|0x00000000ab000000, 0x00000000ab100000, 0x00000000ab100000|100%| E|CS|TAMS 0x00000000ab000000, 0x00000000ab000000| Complete 
| 177|0x00000000ab100000, 0x00000000ab200000, 0x00000000ab200000|100%| E|CS|TAMS 0x00000000ab100000, 0x00000000ab100000| Complete 
| 178|0x00000000ab200000, 0x00000000ab300000, 0x00000000ab300000|100%| E|CS|TAMS 0x00000000ab200000, 0x00000000ab200000| Complete 
| 179|0x00000000ab300000, 0x00000000ab400000, 0x00000000ab400000|100%| E|CS|TAMS 0x00000000ab300000, 0x00000000ab300000| Complete 
| 180|0x00000000ab400000, 0x00000000ab500000, 0x00000000ab500000|100%| E|CS|TAMS 0x00000000ab400000, 0x00000000ab400000| Complete 
| 181|0x00000000ab500000, 0x00000000ab600000, 0x00000000ab600000|100%| E|CS|TAMS 0x00000000ab500000, 0x00000000ab500000| Complete 
| 182|0x00000000ab600000, 0x00000000ab700000, 0x00000000ab700000|100%| E|CS|TAMS 0x00000000ab600000, 0x00000000ab600000| Complete 
| 183|0x00000000ab700000, 0x00000000ab800000, 0x00000000ab800000|100%| E|CS|TAMS 0x00000000ab700000, 0x00000000ab700000| Complete 
| 184|0x00000000ab800000, 0x00000000ab900000, 0x00000000ab900000|100%| E|CS|TAMS 0x00000000ab800000, 0x00000000ab800000| Complete 

Card table byte_map: [0x00000203e5210000,0x00000203e5510000] _byte_map_base: 0x00000203e4d10000

Marking Bits (Prev, Next): (CMBitMap*) 0x00000203d1e22470, (CMBitMap*) 0x00000203d1e22438
 Prev Bits: [0x00000203e7010000, 0x00000203e8810000)
 Next Bits: [0x00000203e5810000, 0x00000203e7010000)

Polling page: 0x00000203d0460000

Metaspace:

Usage:
  Non-class:     98.40 MB capacity,    96.57 MB ( 98%) used,     1.49 MB (  2%) free+waste,   350.50 KB ( <1%) overhead. 
      Class:     14.98 MB capacity,    13.92 MB ( 93%) used,   932.51 KB (  6%) free+waste,   160.00 KB (  1%) overhead. 
       Both:    113.38 MB capacity,   110.49 MB ( 97%) used,     2.40 MB (  2%) free+waste,   510.50 KB ( <1%) overhead. 

Virtual space:
  Non-class space:      100.00 MB reserved,      98.42 MB ( 98%) committed 
      Class space:        1.00 GB reserved,      15.07 MB (  1%) committed 
             Both:        1.10 GB reserved,     113.49 MB ( 10%) committed 

Chunk freelists:
   Non-Class:  20.00 KB
       Class:  17.00 KB
        Both:  36.00 KB

MaxMetaspaceSize: 17179869184.00 GB
CompressedClassSpaceSize: 1.00 GB

CodeHeap 'non-profiled nmethods': size=120064Kb used=9941Kb max_used=10345Kb free=110122Kb
 bounds [0x00000203dd3a0000, 0x00000203dddc0000, 0x00000203e48e0000]
CodeHeap 'profiled nmethods': size=120000Kb used=34927Kb max_used=34987Kb free=85072Kb
 bounds [0x00000203d5e70000, 0x00000203d8110000, 0x00000203dd3a0000]
CodeHeap 'non-nmethods': size=5696Kb used=2335Kb max_used=2377Kb free=3360Kb
 bounds [0x00000203d58e0000, 0x00000203d5b50000, 0x00000203d5e70000]
 total_blobs=17325 nmethods=16374 adapters=860
 compilation: enabled
              stopped_count=0, restarted_count=0
 full_count=0

Compilation events (20 events):
Event: 80.772 Thread 0x00000203eae2a800 nmethod 17262 0x00000203d61d6010 code [0x00000203d61d61c0, 0x00000203d61d62e8]
Event: 80.772 Thread 0x00000203eae2a800 17261       1       com.android.tools.r8.internal.KD::a2 (3 bytes)
Event: 80.772 Thread 0x00000203eae2a800 nmethod 17261 0x00000203dd49d890 code [0x00000203dd49da40, 0x00000203dd49daf8]
Event: 80.772 Thread 0x00000203eae2a800 17160       3       com.android.tools.r8.internal.E7$c::<init> (40 bytes)
Event: 80.772 Thread 0x00000203eae2a800 nmethod 17160 0x00000203d61d7e90 code [0x00000203d61d8040, 0x00000203d61d81b8]
Event: 80.772 Thread 0x00000203eae2a800 17171       1       com.android.tools.r8.ir.regalloc.b::h (5 bytes)
Event: 80.772 Thread 0x00000203eae2a800 nmethod 17171 0x00000203dd49d590 code [0x00000203dd49d740, 0x00000203dd49d7f8]
Event: 80.772 Thread 0x00000203eae2a800 17243       1       com.android.tools.r8.internal.Ze::g2 (5 bytes)
Event: 80.772 Thread 0x00000203eae2a800 nmethod 17243 0x00000203dd49d290 code [0x00000203dd49d440, 0x00000203dd49d4f8]
Event: 80.772 Thread 0x00000203eae2a800 17265       1       com.android.tools.r8.internal.Ms::N0 (2 bytes)
Event: 80.772 Thread 0x00000203eae2a800 nmethod 17265 0x00000203dd49cf90 code [0x00000203dd49d140, 0x00000203dd49d1f8]
Event: 80.772 Thread 0x00000203eae2a800 17178       1       com.android.tools.r8.internal.S4::y (2 bytes)
Event: 80.772 Thread 0x00000203eae2a800 nmethod 17178 0x00000203dd49cc90 code [0x00000203dd49ce40, 0x00000203dd49cef8]
Event: 80.772 Thread 0x00000203eae2a800 17246       1       com.android.tools.r8.internal.ea::a (5 bytes)
Event: 80.772 Thread 0x00000203eae2a800 nmethod 17246 0x00000203dd49c990 code [0x00000203dd49cb40, 0x00000203dd49cbf8]
Event: 80.790 Thread 0x00000203eae2a800 17296       2       com.android.tools.r8.internal.AA::get (16 bytes)
Event: 80.790 Thread 0x00000203eae2a800 nmethod 17296 0x00000203d61da010 code [0x00000203d61da1c0, 0x00000203d61da2e8]
Event: 80.790 Thread 0x00000203eae2a800 17271       2       java.util.IdentityHashMap::clear (39 bytes)
Event: 80.790 Thread 0x00000203eae2a800 nmethod 17271 0x00000203d61dc990 code [0x00000203d61dcb40, 0x00000203d61dccd8]
Event: 80.790 Thread 0x00000203eae2a800 17268       2       com.android.tools.r8.internal.c9::a (485 bytes)

GC Heap History (20 events):
Event: 51.934 GC heap before
{Heap before GC invocations=38 (full 0):
 garbage-first heap   total 189440K, used 97620K [0x00000000a0000000, 0x0000000100000000)
  region size 1024K, 9 young (9216K), 8 survivors (8192K)
 Metaspace       used 92949K, capacity 95353K, committed 95608K, reserved 1132544K
  class space    used 11623K, capacity 12460K, committed 12492K, reserved 1048576K
}
Event: 51.954 GC heap after
{Heap after GC invocations=39 (full 0):
 garbage-first heap   total 189440K, used 96662K [0x00000000a0000000, 0x0000000100000000)
  region size 1024K, 1 young (1024K), 1 survivors (1024K)
 Metaspace       used 92949K, capacity 95353K, committed 95608K, reserved 1132544K
  class space    used 11623K, capacity 12460K, committed 12492K, reserved 1048576K
}
Event: 54.203 GC heap before
{Heap before GC invocations=39 (full 0):
 garbage-first heap   total 189440K, used 147862K [0x00000000a0000000, 0x0000000100000000)
  region size 1024K, 52 young (53248K), 1 survivors (1024K)
 Metaspace       used 93622K, capacity 95918K, committed 96248K, reserved 1132544K
  class space    used 11698K, capacity 12540K, committed 12620K, reserved 1048576K
}
Event: 54.223 GC heap after
{Heap after GC invocations=40 (full 0):
 garbage-first heap   total 189440K, used 96866K [0x00000000a0000000, 0x0000000100000000)
  region size 1024K, 2 young (2048K), 2 survivors (2048K)
 Metaspace       used 93622K, capacity 95918K, committed 96248K, reserved 1132544K
  class space    used 11698K, capacity 12540K, committed 12620K, reserved 1048576K
}
Event: 62.366 GC heap before
{Heap before GC invocations=41 (full 0):
 garbage-first heap   total 189440K, used 150114K [0x00000000a0000000, 0x0000000100000000)
  region size 1024K, 55 young (56320K), 2 survivors (2048K)
 Metaspace       used 99431K, capacity 101770K, committed 101880K, reserved 1138688K
  class space    used 12452K, capacity 13298K, committed 13388K, reserved 1048576K
}
Event: 62.400 GC heap after
{Heap after GC invocations=42 (full 0):
 garbage-first heap   total 189440K, used 105472K [0x00000000a0000000, 0x0000000100000000)
  region size 1024K, 7 young (7168K), 7 survivors (7168K)
 Metaspace       used 99431K, capacity 101770K, committed 101880K, reserved 1138688K
  class space    used 12452K, capacity 13298K, committed 13388K, reserved 1048576K
}
Event: 62.953 GC heap before
{Heap before GC invocations=42 (full 0):
 garbage-first heap   total 189440K, used 106496K [0x00000000a0000000, 0x0000000100000000)
  region size 1024K, 9 young (9216K), 7 survivors (7168K)
 Metaspace       used 99925K, capacity 102288K, committed 102392K, reserved 1138688K
  class space    used 12500K, capacity 13364K, committed 13388K, reserved 1048576K
}
Event: 62.971 GC heap after
{Heap after GC invocations=43 (full 0):
 garbage-first heap   total 189440K, used 104995K [0x00000000a0000000, 0x0000000100000000)
  region size 1024K, 1 young (1024K), 1 survivors (1024K)
 Metaspace       used 99925K, capacity 102288K, committed 102392K, reserved 1138688K
  class space    used 12500K, capacity 13364K, committed 13388K, reserved 1048576K
}
Event: 77.186 GC heap before
{Heap before GC invocations=43 (full 0):
 garbage-first heap   total 189440K, used 153123K [0x00000000a0000000, 0x0000000100000000)
  region size 1024K, 46 young (47104K), 1 survivors (1024K)
 Metaspace       used 101397K, capacity 103838K, committed 104056K, reserved 1140736K
  class space    used 12610K, capacity 13474K, committed 13516K, reserved 1048576K
}
Event: 77.205 GC heap after
{Heap after GC invocations=44 (full 0):
 garbage-first heap   total 189440K, used 118663K [0x00000000a0000000, 0x0000000100000000)
  region size 1024K, 6 young (6144K), 6 survivors (6144K)
 Metaspace       used 101397K, capacity 103838K, committed 104056K, reserved 1140736K
  class space    used 12610K, capacity 13474K, committed 13516K, reserved 1048576K
}
Event: 78.052 GC heap before
{Heap before GC invocations=44 (full 0):
 garbage-first heap   total 189440K, used 153479K [0x00000000a0000000, 0x0000000100000000)
  region size 1024K, 40 young (40960K), 6 survivors (6144K)
 Metaspace       used 103133K, capacity 105548K, committed 105848K, reserved 1140736K
  class space    used 12765K, capacity 13650K, committed 13772K, reserved 1048576K
}
Event: 78.074 GC heap after
{Heap after GC invocations=45 (full 0):
 garbage-first heap   total 189440K, used 121834K [0x00000000a0000000, 0x0000000100000000)
  region size 1024K, 3 young (3072K), 3 survivors (3072K)
 Metaspace       used 103133K, capacity 105548K, committed 105848K, reserved 1140736K
  class space    used 12765K, capacity 13650K, committed 13772K, reserved 1048576K
}
Event: 78.375 GC heap before
{Heap before GC invocations=45 (full 0):
 garbage-first heap   total 189440K, used 130026K [0x00000000a0000000, 0x0000000100000000)
  region size 1024K, 13 young (13312K), 3 survivors (3072K)
 Metaspace       used 103285K, capacity 105725K, committed 105848K, reserved 1140736K
  class space    used 12781K, capacity 13687K, committed 13772K, reserved 1048576K
}
Event: 78.389 GC heap after
{Heap after GC invocations=46 (full 0):
 garbage-first heap   total 189440K, used 121877K [0x00000000a0000000, 0x0000000100000000)
  region size 1024K, 3 young (3072K), 3 survivors (3072K)
 Metaspace       used 103285K, capacity 105725K, committed 105848K, reserved 1140736K
  class space    used 12781K, capacity 13687K, committed 13772K, reserved 1048576K
}
Event: 79.547 GC heap before
{Heap before GC invocations=47 (full 0):
 garbage-first heap   total 189440K, used 153621K [0x00000000a0000000, 0x0000000100000000)
  region size 1024K, 31 young (31744K), 3 survivors (3072K)
 Metaspace       used 106626K, capacity 109244K, committed 109432K, reserved 1144832K
  class space    used 13255K, capacity 14197K, committed 14284K, reserved 1048576K
}
Event: 79.560 GC heap after
{Heap after GC invocations=48 (full 0):
 garbage-first heap   total 189440K, used 124786K [0x00000000a0000000, 0x0000000100000000)
  region size 1024K, 4 young (4096K), 4 survivors (4096K)
 Metaspace       used 106626K, capacity 109244K, committed 109432K, reserved 1144832K
  class space    used 13255K, capacity 14197K, committed 14284K, reserved 1048576K
}
Event: 79.622 GC heap before
{Heap before GC invocations=48 (full 0):
 garbage-first heap   total 189440K, used 129906K [0x00000000a0000000, 0x0000000100000000)
  region size 1024K, 9 young (9216K), 4 survivors (4096K)
 Metaspace       used 106794K, capacity 109375K, committed 109688K, reserved 1144832K
  class space    used 13274K, capacity 14198K, committed 14284K, reserved 1048576K
}
Event: 79.650 GC heap after
{Heap after GC invocations=49 (full 0):
 garbage-first heap   total 189440K, used 118891K [0x00000000a0000000, 0x0000000100000000)
  region size 1024K, 2 young (2048K), 2 survivors (2048K)
 Metaspace       used 106794K, capacity 109375K, committed 109688K, reserved 1144832K
  class space    used 13274K, capacity 14198K, committed 14284K, reserved 1048576K
}
Event: 80.222 GC heap before
{Heap before GC invocations=49 (full 0):
 garbage-first heap   total 189440K, used 148587K [0x00000000a0000000, 0x0000000100000000)
  region size 1024K, 32 young (32768K), 2 survivors (2048K)
 Metaspace       used 110628K, capacity 113486K, committed 113784K, reserved 1148928K
  class space    used 13924K, capacity 14992K, committed 15052K, reserved 1048576K
}
Event: 80.240 GC heap after
{Heap after GC invocations=50 (full 0):
 garbage-first heap   total 189440K, used 124756K [0x00000000a0000000, 0x0000000100000000)
  region size 1024K, 4 young (4096K), 4 survivors (4096K)
 Metaspace       used 110628K, capacity 113486K, committed 113784K, reserved 1148928K
  class space    used 13924K, capacity 14992K, committed 15052K, reserved 1048576K
}

Deoptimization events (20 events):
Event: 80.686 Thread 0x00000203ef21e800 Uncommon trap: trap_request=0xffffffbe fr.pc=0x00000203dd46f58c relative=0x0000000000000c6c
Event: 80.686 Thread 0x00000203ef21e800 Uncommon trap: reason=profile_predicate action=maybe_recompile pc=0x00000203dd46f58c method=com.android.tools.r8.internal.wj.b(Ljava/lang/Iterable;Lcom/android/tools/r8/internal/Yv;)Z @ 22 c2
Event: 80.686 Thread 0x00000203ef21e800 DEOPT PACKING pc=0x00000203dd46f58c sp=0x00000060026fcab0
Event: 80.686 Thread 0x00000203ef21e800 DEOPT UNPACKING pc=0x00000203d59078af sp=0x00000060026fc910 mode 2
Event: 80.686 Thread 0x00000203ef21e800 Uncommon trap: trap_request=0xffffffbe fr.pc=0x00000203dd45f0b0 relative=0x0000000000000610
Event: 80.686 Thread 0x00000203ef21e800 Uncommon trap: reason=profile_predicate action=maybe_recompile pc=0x00000203dd45f0b0 method=com.android.tools.r8.internal.wj.b(Ljava/lang/Iterable;Lcom/android/tools/r8/internal/Yv;)Z @ 22 c2
Event: 80.686 Thread 0x00000203ef21e800 DEOPT PACKING pc=0x00000203dd45f0b0 sp=0x00000060026fca70
Event: 80.686 Thread 0x00000203ef21e800 DEOPT UNPACKING pc=0x00000203d59078af sp=0x00000060026fc900 mode 2
Event: 80.686 Thread 0x00000203ef21e800 Uncommon trap: trap_request=0xffffffbe fr.pc=0x00000203dd45f0b0 relative=0x0000000000000610
Event: 80.686 Thread 0x00000203ef21e800 Uncommon trap: reason=profile_predicate action=maybe_recompile pc=0x00000203dd45f0b0 method=com.android.tools.r8.internal.wj.b(Ljava/lang/Iterable;Lcom/android/tools/r8/internal/Yv;)Z @ 22 c2
Event: 80.686 Thread 0x00000203ef21e800 DEOPT PACKING pc=0x00000203dd45f0b0 sp=0x00000060026fca70
Event: 80.686 Thread 0x00000203ef21e800 DEOPT UNPACKING pc=0x00000203d59078af sp=0x00000060026fc900 mode 2
Event: 80.688 Thread 0x00000203ef21e800 Uncommon trap: trap_request=0xffffffbe fr.pc=0x00000203dd46f58c relative=0x0000000000000c6c
Event: 80.688 Thread 0x00000203ef21e800 Uncommon trap: reason=profile_predicate action=maybe_recompile pc=0x00000203dd46f58c method=com.android.tools.r8.internal.wj.b(Ljava/lang/Iterable;Lcom/android/tools/r8/internal/Yv;)Z @ 22 c2
Event: 80.688 Thread 0x00000203ef21e800 DEOPT PACKING pc=0x00000203dd46f58c sp=0x00000060026fcab0
Event: 80.688 Thread 0x00000203ef21e800 DEOPT UNPACKING pc=0x00000203d59078af sp=0x00000060026fc910 mode 2
Event: 80.688 Thread 0x00000203ef21e800 Uncommon trap: trap_request=0xffffffbe fr.pc=0x00000203dd45f0b0 relative=0x0000000000000610
Event: 80.688 Thread 0x00000203ef21e800 Uncommon trap: reason=profile_predicate action=maybe_recompile pc=0x00000203dd45f0b0 method=com.android.tools.r8.internal.wj.b(Ljava/lang/Iterable;Lcom/android/tools/r8/internal/Yv;)Z @ 22 c2
Event: 80.688 Thread 0x00000203ef21e800 DEOPT PACKING pc=0x00000203dd45f0b0 sp=0x00000060026fca70
Event: 80.688 Thread 0x00000203ef21e800 DEOPT UNPACKING pc=0x00000203d59078af sp=0x00000060026fc900 mode 2

Classes redefined (0 events):
No events

Internal exceptions (20 events):
Event: 79.435 Thread 0x00000203ef21d800 Exception <a 'java/lang/IncompatibleClassChangeError'{0x00000000a9dc8e50}: Found class java.lang.Object, but interface was expected> (0x00000000a9dc8e50) thrown at [./src/hotspot/share/interpreter/linkResolver.cpp, line 839]
Event: 79.435 Thread 0x00000203ef221000 Exception <a 'java/lang/IncompatibleClassChangeError'{0x00000000a9e8f090}: Found class java.lang.Object, but interface was expected> (0x00000000a9e8f090) thrown at [./src/hotspot/share/interpreter/linkResolver.cpp, line 839]
Event: 79.823 Thread 0x00000203ef221000 Exception <a 'java/lang/NoSuchMethodError'{0x00000000aa9e24c0}: 'void java.lang.invoke.DirectMethodHandle$Holder.invokeStatic(java.lang.Object, java.lang.Object, java.lang.Object, int)'> (0x00000000aa9e24c0) thrown at [./src/hotspot/share/interpreter/linkResolver.cpp, line 773]
Event: 79.823 Thread 0x00000203ef21d000 Exception <a 'java/lang/NoSuchMethodError'{0x00000000aa9edf60}: 'void java.lang.invoke.DirectMethodHandle$Holder.invokeStatic(java.lang.Object, java.lang.Object, java.lang.Object, int)'> (0x00000000aa9edf60) thrown at [./src/hotspot/share/interpreter/linkResolver.cpp, line 773]
Event: 79.827 Thread 0x00000203ef21d800 Exception <a 'java/lang/IncompatibleClassChangeError'{0x00000000aaa26be8}: Found class java.lang.Object, but interface was expected> (0x00000000aaa26be8) thrown at [./src/hotspot/share/interpreter/linkResolver.cpp, line 839]
Event: 80.000 Thread 0x00000203ef21e800 Exception <a 'java/lang/NoSuchMethodError'{0x00000000a9f56de0}: 'java.lang.Object java.lang.invoke.DirectMethodHandle$Holder.invokeStatic(java.lang.Object, int, java.lang.Object, java.lang.Object)'> (0x00000000a9f56de0) thrown at [./src/hotspot/share/interpreter/linkResolver.cpp, line 773]
Event: 80.001 Thread 0x00000203ef21d800 Exception <a 'java/lang/NoSuchMethodError'{0x00000000aa447848}: 'java.lang.Object java.lang.invoke.DirectMethodHandle$Holder.invokeStatic(java.lang.Object, int, java.lang.Object, java.lang.Object)'> (0x00000000aa447848) thrown at [./src/hotspot/share/interpreter/linkResolver.cpp, line 773]
Event: 80.041 Thread 0x00000203ef21d800 Exception <a 'java/lang/NoSuchMethodError'{0x00000000a9ec70c0}: 'java.lang.Object java.lang.invoke.Invokers$Holder.linkToTargetMethod(java.lang.Object, java.lang.Object, java.lang.Object, java.lang.Object, java.lang.Object, java.lang.Object, java.lang.Object)'> (0x00000000a9ec70c0) thrown at [./src/hotspot/share/interpreter/linkResolver.cpp, line 773]
Event: 80.041 Thread 0x00000203ef21d000 Exception <a 'java/lang/NoSuchMethodError'{0x00000000a9d6a958}: 'java.lang.Object java.lang.invoke.Invokers$Holder.linkToTargetMethod(java.lang.Object, java.lang.Object, java.lang.Object, java.lang.Object, java.lang.Object, java.lang.Object, java.lang.Object)'> (0x00000000a9d6a958) thrown at [./src/hotspot/share/interpreter/linkResolver.cpp, line 773]
Event: 80.164 Thread 0x00000203ef221000 Exception <a 'java/lang/NoSuchMethodError'{0x00000000a9cf6860}: 'java.lang.Object java.lang.invoke.DirectMethodHandle$Holder.invokeVirtual(java.lang.Object, java.lang.Object, int, java.lang.Object)'> (0x00000000a9cf6860) thrown at [./src/hotspot/share/interpreter/linkResolver.cpp, line 773]
Event: 80.164 Thread 0x00000203ef21d000 Exception <a 'java/lang/NoSuchMethodError'{0x00000000a9a3ce28}: 'java.lang.Object java.lang.invoke.DirectMethodHandle$Holder.invokeVirtual(java.lang.Object, java.lang.Object, int, java.lang.Object)'> (0x00000000a9a3ce28) thrown at [./src/hotspot/share/interpreter/linkResolver.cpp, line 773]
Event: 80.165 Thread 0x00000203ef21e800 Exception <a 'java/lang/NoSuchMethodError'{0x00000000a9a918a8}: 'java.lang.Object java.lang.invoke.DirectMethodHandle$Holder.invokeVirtual(java.lang.Object, java.lang.Object, int, java.lang.Object)'> (0x00000000a9a918a8) thrown at [./src/hotspot/share/interpreter/linkResolver.cpp, line 773]
Event: 80.182 Thread 0x00000203ef21d000 Exception <a 'java/lang/IncompatibleClassChangeError'{0x00000000a9afb458}: Found class java.lang.Object, but interface was expected> (0x00000000a9afb458) thrown at [./src/hotspot/share/interpreter/linkResolver.cpp, line 839]
Event: 80.183 Thread 0x00000203ef21d000 Exception <a 'java/lang/IncompatibleClassChangeError'{0x00000000a99049b8}: Found class java.lang.Object, but interface was expected> (0x00000000a99049b8) thrown at [./src/hotspot/share/interpreter/linkResolver.cpp, line 839]
Event: 80.220 Thread 0x00000203ef21d800 Exception <a 'java/lang/NoSuchMethodError'{0x00000000a99b2488}: 'void java.lang.invoke.DirectMethodHandle$Holder.invokeVirtual(java.lang.Object, java.lang.Object, int, java.lang.Object)'> (0x00000000a99b2488) thrown at [./src/hotspot/share/interpreter/linkResolver.cpp, line 773]
Event: 80.220 Thread 0x00000203ef21e800 Exception <a 'java/lang/NoSuchMethodError'{0x00000000a9a993a0}: 'void java.lang.invoke.DirectMethodHandle$Holder.invokeVirtual(java.lang.Object, java.lang.Object, int, java.lang.Object)'> (0x00000000a9a993a0) thrown at [./src/hotspot/share/interpreter/linkResolver.cpp, line 773]
Event: 80.295 Thread 0x00000203ef21e800 Exception <a 'java/lang/NoSuchMethodError'{0x00000000ab615618}: 'int java.lang.invoke.DirectMethodHandle$Holder.invokeSpecial(java.lang.Object, java.lang.Object, java.lang.Object, int, java.lang.Object)'> (0x00000000ab615618) thrown at [./src/hotspot/share/interpreter/linkResolver.cpp, line 773]
Event: 80.306 Thread 0x00000203ef221000 Exception <a 'java/lang/NoSuchMethodError'{0x00000000ab6c2318}: 'java.lang.Object java.lang.invoke.DirectMethodHandle$Holder.newInvokeSpecial(java.lang.Object, int)'> (0x00000000ab6c2318) thrown at [./src/hotspot/share/interpreter/linkResolver.cpp, line 773]
Event: 80.306 Thread 0x00000203ef21d000 Exception <a 'java/lang/NoSuchMethodError'{0x00000000ab6b7770}: 'java.lang.Object java.lang.invoke.DirectMethodHandle$Holder.newInvokeSpecial(java.lang.Object, int)'> (0x00000000ab6b7770) thrown at [./src/hotspot/share/interpreter/linkResolver.cpp, line 773]
Event: 80.543 Thread 0x00000203ef221000 Exception <a 'java/lang/NoSuchMethodError'{0x00000000aafda608}: 'long java.lang.invoke.DirectMethodHandle$Holder.invokeStatic(java.lang.Object, java.lang.Object)'> (0x00000000aafda608) thrown at [./src/hotspot/share/interpreter/linkResolver.cpp, line 773]

Events (20 events):
Event: 80.710 loading class com/android/tools/r8/code/i1
Event: 80.710 loading class com/android/tools/r8/code/i1 done
Event: 80.710 loading class com/android/tools/r8/code/g1
Event: 80.710 loading class com/android/tools/r8/code/g1 done
Event: 80.711 loading class com/android/tools/r8/code/e1
Event: 80.711 loading class com/android/tools/r8/code/e1 done
Event: 80.711 loading class com/android/tools/r8/code/c1
Event: 80.711 loading class com/android/tools/r8/code/c1 done
Event: 80.711 loading class com/android/tools/r8/code/a1
Event: 80.711 loading class com/android/tools/r8/code/a1 done
Event: 80.721 loading class com/android/tools/r8/internal/Y9
Event: 80.721 loading class com/android/tools/r8/internal/Y9 done
Event: 80.746 loading class com/android/tools/r8/internal/s1
Event: 80.746 loading class com/android/tools/r8/internal/s1 done
Event: 80.755 Executing VM operation: ICBufferFull
Event: 80.756 Executing VM operation: ICBufferFull done
Event: 80.780 loading class com/android/tools/r8/graph/G$d
Event: 80.780 loading class com/android/tools/r8/graph/G$d done
Event: 80.781 loading class com/android/tools/r8/graph/G$d
Event: 80.781 loading class com/android/tools/r8/graph/G$d done


Dynamic libraries:
0x00007ff677ab0000 - 0x00007ff677aba000 	C:\Program Files\Android\Android Studio\jre\bin\java.exe
0x00007ffebbb30000 - 0x00007ffebbd24000 	C:\WINDOWS\SYSTEM32\ntdll.dll
0x00007ffeba670000 - 0x00007ffeba72d000 	C:\WINDOWS\System32\KERNEL32.DLL
0x00007ffeb95c0000 - 0x00007ffeb9887000 	C:\WINDOWS\System32\KERNELBASE.dll
0x00007ffeb9440000 - 0x00007ffeb9540000 	C:\WINDOWS\System32\ucrtbase.dll
0x00007ffea07a0000 - 0x00007ffea07b7000 	C:\Program Files\Android\Android Studio\jre\bin\VCRUNTIME140.dll
0x00007ffea03e0000 - 0x00007ffea03f9000 	C:\Program Files\Android\Android Studio\jre\bin\jli.dll
0x00007ffeb9ea0000 - 0x00007ffeba040000 	C:\WINDOWS\System32\USER32.dll
0x00007ffeb9890000 - 0x00007ffeb98b2000 	C:\WINDOWS\System32\win32u.dll
0x00007ffea1f30000 - 0x00007ffea21ca000 	C:\WINDOWS\WinSxS\amd64_microsoft.windows.common-controls_6595b64144ccf1df_6.0.19041.1_none_b555e41d4684ddec\COMCTL32.dll
0x00007ffeb9dc0000 - 0x00007ffeb9dea000 	C:\WINDOWS\System32\GDI32.dll
0x00007ffebb890000 - 0x00007ffebb92e000 	C:\WINDOWS\System32\msvcrt.dll
0x00007ffeb98c0000 - 0x00007ffeb99ca000 	C:\WINDOWS\System32\gdi32full.dll
0x00007ffeb9270000 - 0x00007ffeb930d000 	C:\WINDOWS\System32\msvcp_win.dll
0x00007ffebb780000 - 0x00007ffebb7b0000 	C:\WINDOWS\System32\IMM32.DLL
0x00007ffe82b60000 - 0x00007ffe82bfd000 	C:\Program Files\Android\Android Studio\jre\bin\msvcp140.dll
0x00007ffe708a0000 - 0x00007ffe7136f000 	C:\Program Files\Android\Android Studio\jre\bin\server\jvm.dll
0x00007ffebb390000 - 0x00007ffebb43a000 	C:\WINDOWS\System32\ADVAPI32.dll
0x00007ffeb9bf0000 - 0x00007ffeb9c8b000 	C:\WINDOWS\System32\sechost.dll
0x00007ffebb5f0000 - 0x00007ffebb713000 	C:\WINDOWS\System32\RPCRT4.dll
0x00007ffebbae0000 - 0x00007ffebbae8000 	C:\WINDOWS\System32\PSAPI.DLL
0x00007ffeb60b0000 - 0x00007ffeb60b9000 	C:\WINDOWS\SYSTEM32\WSOCK32.dll
0x00007ffeba5e0000 - 0x00007ffeba64b000 	C:\WINDOWS\System32\WS2_32.dll
0x00007ffeb10b0000 - 0x00007ffeb10d7000 	C:\WINDOWS\SYSTEM32\WINMM.dll
0x00007ffeb0480000 - 0x00007ffeb048a000 	C:\WINDOWS\SYSTEM32\VERSION.dll
0x00007ffeb7b80000 - 0x00007ffeb7b93000 	C:\WINDOWS\SYSTEM32\kernel.appcore.dll
0x00007ffea0800000 - 0x00007ffea0811000 	C:\Program Files\Android\Android Studio\jre\bin\verify.dll
0x00007ffeb71d0000 - 0x00007ffeb73b4000 	C:\WINDOWS\SYSTEM32\DBGHELP.DLL
0x00007ffe9edd0000 - 0x00007ffe9edfc000 	C:\WINDOWS\SYSTEM32\dbgcore.DLL
0x00007ffeb93c0000 - 0x00007ffeb943f000 	C:\WINDOWS\System32\bcryptPrimitives.dll
0x00007ffea05a0000 - 0x00007ffea05c9000 	C:\Program Files\Android\Android Studio\jre\bin\java.dll
0x00007ffeb60a0000 - 0x00007ffeb60ab000 	C:\Program Files\Android\Android Studio\jre\bin\jimage.dll
0x00007ffea0720000 - 0x00007ffea0738000 	C:\Program Files\Android\Android Studio\jre\bin\zip.dll
0x00007ffebac50000 - 0x00007ffebb381000 	C:\WINDOWS\System32\SHELL32.dll
0x00007ffeb73e0000 - 0x00007ffeb7b6a000 	C:\WINDOWS\SYSTEM32\windows.storage.dll
0x00007ffeba1c0000 - 0x00007ffeba514000 	C:\WINDOWS\System32\combase.dll
0x00007ffeb8cf0000 - 0x00007ffeb8d1b000 	C:\WINDOWS\SYSTEM32\Wldp.dll
0x00007ffebaba0000 - 0x00007ffebac4e000 	C:\WINDOWS\System32\SHCORE.dll
0x00007ffeba520000 - 0x00007ffeba575000 	C:\WINDOWS\System32\shlwapi.dll
0x00007ffeb91b0000 - 0x00007ffeb91cf000 	C:\WINDOWS\SYSTEM32\profapi.dll
0x00007ffea0580000 - 0x00007ffea059a000 	C:\Program Files\Android\Android Studio\jre\bin\net.dll
0x00007ffea1bb0000 - 0x00007ffea1cb2000 	C:\WINDOWS\SYSTEM32\WINHTTP.dll
0x00007ffeb8a70000 - 0x00007ffeb8ada000 	C:\WINDOWS\system32\mswsock.dll
0x00007ffea0560000 - 0x00007ffea0574000 	C:\Program Files\Android\Android Studio\jre\bin\nio.dll
0x00007ffeb0270000 - 0x00007ffeb0297000 	C:\Users\HP\.gradle\wrapper\dists\gradle-2.14.1-all\native\8bec1ad78214c89d9ad589b4d07fe93259594b29d510b10fafb7a158f7737e5d\windows-amd64\native-platform.dll
0x00007ffe79220000 - 0x00007ffe7935d000 	C:\Users\HP\.gradle\wrapper\dists\gradle-2.14.1-all\native\53dbd7edfb1c66fb8903c78663c9afc45aea4f116125fa6feffd364cf09443e8\windows-amd64\native-platform-file-events.dll
0x00007ffea8d00000 - 0x00007ffea8d0a000 	C:\Program Files\Android\Android Studio\jre\bin\management.dll
0x00007ffea21d0000 - 0x00007ffea21dc000 	C:\Program Files\Android\Android Studio\jre\bin\management_ext.dll
0x00007ffeb8c50000 - 0x00007ffeb8c68000 	C:\WINDOWS\SYSTEM32\CRYPTSP.dll
0x00007ffeb8390000 - 0x00007ffeb83c4000 	C:\WINDOWS\system32\rsaenh.dll
0x00007ffeb9590000 - 0x00007ffeb95b7000 	C:\WINDOWS\System32\bcrypt.dll
0x00007ffeb9130000 - 0x00007ffeb915e000 	C:\WINDOWS\SYSTEM32\USERENV.dll
0x00007ffeb8c40000 - 0x00007ffeb8c4c000 	C:\WINDOWS\SYSTEM32\CRYPTBASE.dll
0x00007ffeb8710000 - 0x00007ffeb874b000 	C:\WINDOWS\SYSTEM32\IPHLPAPI.DLL
0x00007ffeba1a0000 - 0x00007ffeba1a9000 	C:\WINDOWS\System32\NSI.dll
0x00007ffeb70f0000 - 0x00007ffeb7107000 	C:\WINDOWS\SYSTEM32\dhcpcsvc6.DLL
0x00007ffeb70d0000 - 0x00007ffeb70ed000 	C:\WINDOWS\SYSTEM32\dhcpcsvc.DLL
0x00007ffeb8760000 - 0x00007ffeb882a000 	C:\WINDOWS\SYSTEM32\DNSAPI.dll

dbghelp: loaded successfully - version: 4.0.5 - missing functions: none
symbol engine: initialized successfully - sym options: 0x614 - pdb path: .;C:\Program Files\Android\Android Studio\jre\bin;C:\WINDOWS\SYSTEM32;C:\WINDOWS\WinSxS\amd64_microsoft.windows.common-controls_6595b64144ccf1df_6.0.19041.1_none_b555e41d4684ddec;C:\Program Files\Android\Android Studio\jre\bin\server;C:\Users\HP\.gradle\wrapper\dists\gradle-2.14.1-all\native\8bec1ad78214c89d9ad589b4d07fe93259594b29d510b10fafb7a158f7737e5d\windows-amd64;C:\Users\HP\.gradle\wrapper\dists\gradle-2.14.1-all\native\53dbd7edfb1c66fb8903c78663c9afc45aea4f116125fa6feffd364cf09443e8\windows-amd64

VM Arguments:
jvm_args: --add-opens=java.base/java.util=ALL-UNNAMED --add-opens=java.base/java.lang=ALL-UNNAMED --add-opens=java.base/java.lang.invoke=ALL-UNNAMED --add-opens=java.base/java.util=ALL-UNNAMED --add-opens=java.prefs/java.util.prefs=ALL-UNNAMED --add-opens=java.prefs/java.util.prefs=ALL-UNNAMED --add-opens=java.base/java.nio.charset=ALL-UNNAMED --add-opens=java.base/java.net=ALL-UNNAMED --add-opens=java.base/java.util.concurrent.atomic=ALL-UNNAMED -Xmx1536m -Dfile.encoding=windows-1252 -Duser.country=US -Duser.language=en -Duser.variant 
java_command: org.gradle.launcher.daemon.bootstrap.GradleDaemon 7.0.2
java_class_path (initial): C:\Users\HP\.gradle\wrapper\dists\gradle-2.14.1-all\wrapper\dists\gradle-7.0.2-all\7era6s5ay7zsbhuvl0oc9g94s\gradle-7.0.2\lib\gradle-launcher-7.0.2.jar
Launcher Type: SUN_STANDARD

[Global flags]
     intx CICompilerCount                          = 3                                         {product} {ergonomic}
     uint ConcGCThreads                            = 1                                         {product} {ergonomic}
     uint G1ConcRefinementThreads                  = 4                                         {product} {ergonomic}
   size_t G1HeapRegionSize                         = 1048576                                   {product} {ergonomic}
    uintx GCDrainStackTargetSize                   = 64                                        {product} {ergonomic}
   size_t InitialHeapSize                          = 134217728                                 {product} {ergonomic}
   size_t MarkStackSize                            = 4194304                                   {product} {ergonomic}
   size_t MaxHeapSize                              = 1610612736                                {product} {command line}
   size_t MaxNewSize                               = 965738496                                 {product} {ergonomic}
   size_t MinHeapDeltaBytes                        = 1048576                                   {product} {ergonomic}
    uintx NonNMethodCodeHeapSize                   = 5830732                                {pd product} {ergonomic}
    uintx NonProfiledCodeHeapSize                  = 122913754                              {pd product} {ergonomic}
    uintx ProfiledCodeHeapSize                     = 122913754                              {pd product} {ergonomic}
    uintx ReservedCodeCacheSize                    = 251658240                              {pd product} {ergonomic}
     bool SegmentedCodeCache                       = true                                      {product} {ergonomic}
     bool UseCompressedClassPointers               = true                                 {lp64_product} {ergonomic}
     bool UseCompressedOops                        = true                                 {lp64_product} {ergonomic}
     bool UseG1GC                                  = true                                      {product} {ergonomic}
     bool UseLargePagesIndividualAllocation        = false                                  {pd product} {ergonomic}

Logging:
Log output configuration:
 #0: stdout all=warning uptime,level,tags
 #1: stderr all=off uptime,level,tags

Environment Variables:
PATH=C:\WINDOWS\system32;C:\WINDOWS;C:\WINDOWS\System32\Wbem;C:\WINDOWS\System32\WindowsPowerShell\v1.0\;C:\WINDOWS\System32\OpenSSH\;E:\New folder\;C:\Users\HP\AppData\Local\Microsoft\WindowsApps;E:\VS Code\Microsoft VS Code\bin;C:\Users\HP\AppData\Roaming\npm;C:\Users\HP\AppData\Local\GitHubDesktop\bin;C:\Users\HP\Flutter\flutter\bin;
USERNAME=HP
OS=Windows_NT
PROCESSOR_IDENTIFIER=Intel64 Family 6 Model 142 Stepping 9, GenuineIntel



---------------  S Y S T E M  ---------------

OS: Windows 10 , 64 bit Build 19041 (10.0.19041.1)
OS uptime: 0 days 4:09 hours

CPU:total 4 (initial active 4) (2 cores per cpu, 2 threads per core) family 6 model 142 stepping 9 microcode 0xb4, cmov, cx8, fxsr, mmx, sse, sse2, sse3, ssse3, sse4.1, sse4.2, popcnt, avx, avx2, aes, clmul, erms, 3dnowpref, lzcnt, ht, tsc, tscinvbit, bmi1, bmi2, adx, fma

Memory: 4k page, system-wide physical 8075M (2124M free)
TotalPageFile size 16267M (AvailPageFile size 8932M)
current process WorkingSet (physical memory assigned to process): 494M, peak: 496M
current process commit charge ("private bytes"): 520M, peak: 522M

vm_info: OpenJDK 64-Bit Server VM (11.0.10+0-b96-7249189) for windows-amd64 JRE (11.0.10+0-b96-7249189), built on Mar 31 2021 21:44:00 by "builder" with MS VC++ 14.0 (VS2015)

END.
